E:\projects\materialOptimizationNIJ\experiments\E_Glass_linear_dsc_M_FT/E_Glass_linear_dsc_M_FT Log file
!!python/object/apply:collections.defaultdict
args:
- &id001 !!python/name:builtins.bool ''
dictitems:
  Duraboard:
    CprampF:
    - 1.0
    - 1.0
    CprampT:
    - 0
    - 5000
    eps: 0.8
    krampF:
    - 0.075932
    - 0.090229
    - 0.104522
    - 0.122143
    - 0.14158
    - 0.163436
    - 0.190738
    - 0.221975
    krampT:
    - 203.035
    - 317.4028
    - 426.9164
    - 536.4182
    - 647.3003
    - 757.4803
    - 867.6409
    - 981.2546
    rho: 258
    thickness: 0.0254
  XiState:
  - unknowable
  assumeVolumeConservation: true
  cone:
    Tinit: 25
    activePhaseVars:
    - C0
    - rho
    - ka
    - kb
    - kc
    - kd
    - ke
    - Cpa
    - Cpb
    - Cpc
    - Cpd
    - Cpe
    - eps
    - K
    activeReactionVars:
    - A
    - E
    - n
    - Hp
    - nO2
    - Xi
    allowIgnition: false
    backBoundaryConditions:
      Tamb: 25
      htc: Auto
      type: INSULATED
    frontBoundaryConditions:
      Tamb: 25
      htc: Auto
    ignitionHeatFlux: 20
    ignitionThreshold: 0.0032
    weight: 1.0
  cone1: !!python/object/apply:collections.defaultdict
    args:
    - *id001
    dictitems:
      Tinit: 25
      activePhaseVars:
      - C0
      - rho
      - ka
      - kb
      - kc
      - kd
      - ke
      - Cpa
      - Cpb
      - Cpc
      - Cpd
      - Cpe
      - eps
      - K
      activeReactionVars:
      - A
      - E
      - n
      - Hp
      - nO2
      - Xi
      backBoundaryConditions: !!python/object/apply:collections.defaultdict
        args:
        - *id001
        dictitems:
          Tamb: 25
          htc: Auto
          type: INSULATED
      columns:
      - 1
      - 3
      depths:
      - 0
      - 0
      file: E_GlassLinearVirtual.csv
      finalThickness: false
      frontBoundaryConditions: !!python/object/apply:collections.defaultdict
        args:
        - *id001
        dictitems:
          Tamb: 25
          heatFlux: 25
          htc: 15
      ignitionHeatFlux: 20.0
      ignitionThreshold: 0.0032
      initialThickness: 0.008
      names:
      - Mass
      - Temperature
      time: 0
      types:
      - 1
      - 3
      weight: 1.0
      weights:
      - 1
      - 1
      width1: 0.1016
      width2: 0.1016
  configDir: E:\projects\materialOptimizationNIJ\experiments\
  dataSources:
    names:
    - cone1
    types:
    - cone
  dsc:
    activePhaseVars:
    - C0
    - Cpa
    - Cpb
    - Cpc
    - Cpd
    - Cpe
    activeReactionVars:
    - A
    - E
    - n
    - Hp
    dscO2: None
    weight: 1.0
  fdsPath: C:\Program Files\FDS\FDS6\bin
  keepTemporaryFiles: false
  name: E_Glass_linear_dsc_M_FT
  optimizeParams:
    absErr: 1e-7
    absRelErr: 5e-7
    elimThresh: 1e-2
    maxIter: 200
    maxTime: 200000
    minIter: 5
    minP: 15
    opAlpha: 29
    opBeta: 1
    opP: 15
    opQ: 15
    opS: 29
    relErr: 1e-12
    relIter: 15
  outputParams:
    saveAllSamples: true
  phaseParams:
    C0:
    - - 1
      - 0
      - 1
    - - 0
      - 1189
      - 1189
    Cpa:
    - - None
      - 972
      - 1188
    - - None
      - 260.25
      - 4164
    Cpb:
    - - None
      - 0.04068
      - 0.04972
    - - None
      - 0.06475
      - 1.036
    Cpc:
    - - 0.0
      - 0.0
      - 0.0
    - - 0.0
      - 0.0
      - 0.0
    Cpd:
    - - 0.0
      - 0.0
      - 0.0
    - - 0.0
      - 0.0
      - 0.0
    Cpe:
    - &id002
      - 0
      - 0
      - 1
    - *id002
    K:
    - - None
      - 2500
      - 40000
    - - 1e8
      - 1189
      - 1189
    eps:
    - - None
      - 0.235
      - 1.0
    - - 0.94
      - 0.235
      - 1.0
    ka:
    - - None
      - 0.078
      - 1.248
    - - None
      - 0.023725
      - 0.3796
    kb:
    - - None
      - 1.1013e-05
      - 0.0001762
    - - None
      - 7.075e-05
      - 0.001132
    kc:
    - - 0.0
      - 0.0
      - 0.0
    - - 0.0
      - 0.0
      - 0.0
    kd:
    - - 0.0
      - 0.0
      - 0.0
    - - 0.0
      - 0.0
      - 0.0
    ke:
    - &id003
      - 0
      - 0
      - 1
    - *id003
    nO2:
    - - 0
      - 0
      - 1
    - - 0
      - 1189
      - 1189
    phases:
    - virgin
    - char
    rho:
    - - 1683
      - 1189
      - 1189
    - - 1235
      - 1189
      - 1189
  processParams:
    maxProcesses: 8
    multiprocess: true
  reactionParams:
    A:
    - - None
      - 5.86e11
      - 9.376e12
    E:
    - - None
      - 4.525e4
      - 7.24e5
    Hp:
    - - None
      - 2.5e4
      - 4e5
    Xi:
    - - None
      - 0
      - 1
    n:
    - - None
      - 0.25
      - 4.0
    nO2:
    - - 0
      - 0
      - 1
    prodState:
    - 1
    reacState:
    - 0
    typeState:
    - 3
  reinitializeComplex: true
  restart: false
  resultsDir: E_Glass_linear_dsc_M_FT/
  systemDir: E:\projects\materialOptimizationNIJ\optimizationpython\src
  tga:
    activePhaseVars:
    - C0
    - rho
    activeReactionVars:
    - A
    - E
    - n
    tgaO2: None
    tgaOpt: 1
    weight: 1.0
  thermalPropertyUnits: K
  virtualExperiment: false
Loop	t (s)	Error Min	Error Max	ErrorRel	Comp	Samples
0		163.12	9.919e-04	1.443e-02	1.000e+00	15	435
1		325.43	7.173e-04	1.381e-02	1.000e+00	15	435
2		483.40	4.038e-04	1.465e-02	1.000e+00	15	435
3		641.64	3.530e-04	1.214e-02	1.000e+00	15	435
4		811.33	1.885e-04	1.214e-02	1.000e+00	15	435
5		978.90	1.240e-04	1.472e-02	1.000e+00	15	435
6		1157.59	8.303e-05	1.492e-02	1.000e+00	15	435
7		1334.50	6.039e-05	1.374e-02	1.000e+00	15	435
8		1510.60	4.919e-05	1.164e-02	1.000e+00	15	435
9		1699.63	4.255e-05	1.164e-02	1.000e+00	15	435
10		1877.85	3.701e-05	1.045e-02	1.000e+00	15	435
11		2060.23	3.414e-05	9.093e-03	1.000e+00	15	435
12		2241.53	3.170e-05	7.776e-03	1.000e+00	15	435
13		2415.03	2.683e-05	1.126e-02	1.000e+00	15	435
14		2585.06	2.302e-05	1.306e-02	1.000e+00	15	435
15		2763.09	2.122e-05	1.405e-02	1.000e+00	15	435
16		2939.38	1.975e-05	1.315e-02	6.976e-04	15	435
17		3122.09	1.902e-05	1.072e-02	3.848e-04	15	435
18		3303.25	1.839e-05	1.176e-02	3.346e-04	15	435
19		3503.78	1.802e-05	1.176e-02	1.704e-04	15	435
20		3683.27	1.773e-05	1.097e-02	1.063e-04	15	435
21		3868.24	1.766e-05	1.008e-02	6.537e-05	15	435
22		4076.26	1.745e-05	6.203e-03	4.293e-05	15	435
23		4262.06	1.722e-05	6.443e-03	3.196e-05	15	435
24		4478.69	1.683e-05	5.978e-03	2.571e-05	15	435
25		4679.84	1.647e-05	7.651e-03	2.054e-05	15	435
26		4867.22	1.575e-05	6.111e-03	1.838e-05	15	435
27		5052.52	1.531e-05	1.310e-02	1.640e-05	15	435
28		5245.22	1.517e-05	1.310e-02	1.165e-05	15	435
29		5416.91	1.509e-05	1.379e-02	7.928e-06	15	435
30		5612.82	1.489e-05	1.245e-02	6.333e-06	15	435
31		5806.30	1.482e-05	1.082e-02	4.929e-06	15	435
32		6020.47	1.480e-05	1.082e-02	4.222e-06	15	435
33		6198.39	1.477e-05	6.696e-03	3.619e-06	15	435
34		6388.36	1.473e-05	6.003e-03	3.288e-06	15	435
35		6568.94	1.327e-05	6.003e-03	4.460e-06	15	435
36		6755.27	1.118e-05	5.488e-03	6.475e-06	15	435
37		6937.18	1.098e-05	5.605e-03	6.473e-06	15	435
38		7107.61	9.888e-06	9.053e-03	7.336e-06	15	435
39		7288.87	9.414e-06	9.053e-03	7.418e-06	15	435
40		7460.28	8.954e-06	6.949e-03	7.519e-06	15	435
41		7661.73	8.053e-06	5.918e-03	7.701e-06	15	435
42		7825.68	8.000e-06	5.801e-03	7.306e-06	15	435
43		8007.04	7.718e-06	5.801e-03	7.456e-06	15	435
44		8190.48	7.463e-06	5.363e-03	7.624e-06	15	435
45		8371.86	6.732e-06	5.363e-03	8.159e-06	15	435
46		8558.98	5.833e-06	5.300e-03	8.988e-06	15	435
47		8737.96	5.022e-06	5.295e-03	9.775e-06	15	435
48		8911.37	5.013e-06	5.294e-03	9.759e-06	15	435
49		9083.32	4.705e-06	5.294e-03	1.003e-05	15	435
50		9249.15	4.437e-06	5.294e-03	8.831e-06	15	435
51		9418.69	4.048e-06	5.294e-03	7.136e-06	15	435
52		9583.31	3.655e-06	5.294e-03	7.326e-06	15	435
53		9748.39	3.492e-06	5.293e-03	6.396e-06	15	435
54		9925.59	3.367e-06	5.291e-03	6.047e-06	15	435
55		10096.20	3.262e-06	5.290e-03	5.691e-06	15	435
56		10273.27	3.238e-06	5.290e-03	4.815e-06	15	435
57		10442.80	3.056e-06	5.290e-03	4.944e-06	15	435
58		10624.68	2.893e-06	5.289e-03	4.825e-06	15	435
59		10796.54	2.851e-06	5.289e-03	4.612e-06	15	435
60		10958.85	2.747e-06	6.765e-03	3.984e-06	15	435
61		11133.47	2.691e-06	5.655e-03	3.142e-06	15	435
62		11308.52	2.682e-06	5.655e-03	2.341e-06	15	435
63		11479.94	2.662e-06	5.435e-03	2.351e-06	15	435
64		11642.99	2.653e-06	5.303e-03	2.052e-06	15	435
65		11809.72	2.650e-06	5.289e-03	1.787e-06	15	435
66		11970.52	2.583e-06	5.288e-03	1.465e-06	15	435
67		12142.89	2.567e-06	5.288e-03	1.088e-06	15	435
68		12309.71	2.555e-06	6.175e-03	9.373e-07	15	435
69		12485.32	2.546e-06	9.649e-03	8.218e-07	15	435
70		12661.52	2.543e-06	1.446e-02	7.195e-07	15	435
71		12838.96	2.540e-06	1.012e-02	6.981e-07	15	435
72		13032.93	2.536e-06	1.405e-02	5.199e-07	15	435
73		13207.52	2.528e-06	1.198e-02	3.653e-07	15	435
74		13382.99	2.528e-06	1.414e-02	3.237e-07	15	435
75		13585.37	2.525e-06	1.502e-02	2.218e-07	15	435
76		13759.24	2.522e-06	1.261e-02	1.691e-07	15	435
77		13922.82	2.522e-06	9.208e-03	1.600e-07	15	435
78		14086.47	2.521e-06	1.160e-02	1.405e-07	15	435
79		14253.89	2.520e-06	7.618e-03	1.326e-07	15	435
80		14420.79	2.520e-06	7.992e-03	1.305e-07	15	435
81		14600.19	2.519e-06	6.395e-03	6.436e-08	15	435
82		14773.98	2.519e-06	5.734e-03	4.866e-08	15	435
83		14952.37	2.518e-06	1.420e-02	3.656e-08	15	435
84		15122.66	2.518e-06	7.785e-03	2.771e-08	15	435
85		15278.58	2.518e-06	6.840e-03	2.531e-08	15	435
86		15435.64	2.518e-06	6.840e-03	2.212e-08	15	435
87		15593.12	2.516e-06	7.366e-03	2.046e-08	15	435
88		15749.31	2.515e-06	8.637e-03	1.241e-08	15	435
89		15903.73	2.515e-06	6.496e-03	1.270e-08	15	435
90		16056.81	2.513e-06	1.422e-02	1.198e-08	15	435
91		16219.84	2.512e-06	7.921e-03	9.835e-09	15	435
92		16371.47	2.512e-06	7.921e-03	9.661e-09	15	435
93		16532.86	2.512e-06	8.275e-03	9.664e-09	15	435
94		16700.27	2.510e-06	9.236e-03	1.043e-08	15	435
95		16864.26	2.509e-06	1.344e-02	1.110e-08	15	435
96		17032.20	2.507e-06	7.692e-03	1.238e-08	15	435
97		17204.11	2.504e-06	1.243e-02	1.460e-08	15	435
98		17377.67	2.502e-06	1.243e-02	1.638e-08	15	435
99		17544.69	2.496e-06	7.472e-03	2.177e-08	15	435
100		17713.44	2.494e-06	7.472e-03	2.391e-08	15	435
101		17884.18	2.491e-06	7.472e-03	2.608e-08	15	435
102		18053.08	2.487e-06	1.170e-02	2.835e-08	15	435
103		18219.61	2.483e-06	1.520e-02	3.223e-08	15	435
104		18390.76	2.483e-06	9.396e-03	3.240e-08	15	435
105		18573.62	2.482e-06	8.578e-03	3.195e-08	15	435
106		18752.26	2.479e-06	8.578e-03	3.277e-08	15	435
107		18925.67	2.476e-06	7.215e-03	3.617e-08	15	435
108		19096.95	2.471e-06	1.412e-02	4.024e-08	15	435
109		19264.56	2.467e-06	7.945e-03	4.284e-08	15	435
110		19444.87	2.463e-06	1.016e-02	4.582e-08	15	435
111		19628.51	2.461e-06	1.142e-02	4.594e-08	15	435
112		19802.88	2.458e-06	8.124e-03	4.626e-08	15	435
113		19972.96	2.455e-06	1.315e-02	4.699e-08	15	435
114		20146.44	2.454e-06	1.315e-02	4.267e-08	15	435
115		20318.81	2.450e-06	1.199e-02	4.339e-08	15	435
116		20476.29	2.448e-06	1.280e-02	4.333e-08	15	435
117		20637.24	2.447e-06	1.260e-02	4.083e-08	15	435
118		20795.49	2.445e-06	1.260e-02	3.842e-08	15	435
119		20957.95	2.444e-06	1.334e-02	3.858e-08	15	435
120		21113.38	2.443e-06	1.014e-02	3.875e-08	15	435
121		21272.99	2.442e-06	1.491e-02	3.793e-08	15	435
122		21433.91	2.441e-06	1.466e-02	3.455e-08	15	435
123		21600.35	2.441e-06	1.426e-02	3.057e-08	15	435
124		21774.08	2.440e-06	1.018e-02	2.681e-08	15	435
125		21949.13	2.440e-06	1.399e-02	2.289e-08	15	435
126		22118.23	2.440e-06	1.279e-02	2.067e-08	15	435
127		22288.28	2.440e-06	1.308e-02	1.807e-08	15	435
128		22452.17	2.439e-06	1.482e-02	1.555e-08	15	435
129		22618.28	2.439e-06	8.879e-03	1.495e-08	15	435
130		22776.30	2.438e-06	1.227e-02	1.192e-08	15	435
131		22942.28	2.438e-06	1.189e-02	9.736e-09	15	435
132		23107.86	2.438e-06	1.297e-02	8.323e-09	15	435
133		23292.85	2.438e-06	1.548e-02	6.417e-09	15	435
134		23473.21	2.438e-06	1.443e-02	5.930e-09	15	435
135		23651.09	2.438e-06	1.538e-02	4.817e-09	15	435
136		23822.73	2.438e-06	1.419e-02	3.833e-09	15	435
137		24002.77	2.438e-06	1.360e-02	3.562e-09	15	435
138		24180.43	2.437e-06	1.222e-02	3.286e-09	15	435
139		24361.22	2.437e-06	1.466e-02	3.130e-09	15	435
140		24558.19	2.437e-06	1.463e-02	2.847e-09	15	435
141		24743.48	2.437e-06	1.463e-02	2.729e-09	15	435
142		24930.52	2.437e-06	1.497e-02	2.584e-09	15	435
143		25133.37	2.437e-06	1.058e-02	2.075e-09	15	435
144		25328.17	2.437e-06	1.149e-02	1.501e-09	15	435
145		25522.48	2.437e-06	1.469e-02	1.414e-09	15	435
146		25707.28	2.437e-06	1.396e-02	1.341e-09	15	435
147		25901.11	2.437e-06	9.473e-03	1.270e-09	15	435
148		26087.72	2.437e-06	1.003e-02	1.235e-09	15	435
149		26292.51	2.437e-06	1.118e-02	1.127e-09	15	435
150		26497.33	2.437e-06	1.145e-02	9.482e-10	15	435
151		26684.44	2.437e-06	1.197e-02	6.897e-10	15	435
152		26877.56	2.437e-06	1.197e-02	6.131e-10	15	435
153		27064.43	2.437e-06	1.236e-02	4.307e-10	15	435
154		27243.81	2.437e-06	1.532e-02	1.986e-10	15	435
155		27416.81	2.437e-06	1.532e-02	1.986e-10	15	435
156		27594.58	2.437e-06	1.446e-02	1.986e-10	15	435
157		27765.92	2.437e-06	1.498e-02	1.072e-10	15	435
158		27944.60	2.437e-06	1.202e-02	1.072e-10	15	435
159		28123.35	2.437e-06	1.392e-02	1.244e-10	15	435
160		28305.06	2.437e-06	1.443e-02	1.408e-10	15	435
161		28493.14	2.437e-06	1.353e-02	1.485e-10	15	435
162		28681.38	2.437e-06	1.359e-02	1.248e-10	15	435
163		28853.08	2.437e-06	1.247e-02	1.248e-10	15	435
164		29032.42	2.437e-06	1.307e-02	1.409e-10	15	435
165		29212.13	2.437e-06	1.277e-02	1.409e-10	15	435
166		29379.08	2.437e-06	1.481e-02	1.568e-10	15	435
167		29549.79	2.437e-06	1.547e-02	1.772e-10	15	435
168		29721.43	2.437e-06	1.167e-02	1.772e-10	15	435
169		29898.81	2.437e-06	1.167e-02	1.772e-10	15	435
170		30142.94	2.437e-06	1.062e-02	1.772e-10	15	435
171		30398.66	2.437e-06	1.531e-02	1.772e-10	15	435
172		30608.82	2.437e-06	1.531e-02	1.346e-10	15	435
173		30784.08	2.437e-06	1.280e-02	2.298e-10	15	435
174		30955.32	2.437e-06	1.122e-02	1.946e-10	15	435
175		31123.08	2.437e-06	8.681e-03	1.782e-10	15	435
176		31282.70	2.437e-06	1.338e-02	1.705e-10	15	435
177		31447.59	2.437e-06	8.006e-03	1.705e-10	15	435
178		31615.22	2.437e-06	1.442e-02	1.705e-10	15	435
179		31777.39	2.437e-06	1.256e-02	1.315e-10	15	435
180		31948.93	2.437e-06	1.438e-02	1.315e-10	15	435
181		32127.76	2.437e-06	9.028e-03	1.156e-10	15	435
182		32307.53	2.437e-06	1.324e-02	9.521e-11	15	435
183		32490.53	2.437e-06	1.344e-02	9.521e-11	15	435
184		32678.36	2.437e-06	7.888e-03	9.521e-11	15	435
185		32849.31	2.437e-06	7.115e-03	9.521e-11	15	435
186		33018.13	2.437e-06	1.174e-02	9.521e-11	15	435
187		33193.69	2.437e-06	1.222e-02	9.521e-11	15	435
188		33363.89	2.437e-06	1.222e-02	0.000e+00	15	435
189		33527.02	2.437e-06	1.378e-02	0.000e+00	15	435
190		33688.56	2.437e-06	6.475e-03	0.000e+00	15	435
191		33854.08	2.437e-06	1.300e-02	0.000e+00	15	435
192		34031.11	2.437e-06	1.428e-02	0.000e+00	15	435
193		34197.20	2.437e-06	1.311e-02	0.000e+00	15	435
194		34371.33	2.437e-06	1.311e-02	0.000e+00	15	435
195		34529.67	2.437e-06	1.412e-02	0.000e+00	15	435
196		34669.31	2.437e-06	8.771e-03	0.000e+00	15	435
197		34750.16	2.437e-06	1.401e-02	0.000e+00	15	435
198		34829.10	2.437e-06	1.401e-02	2.569e-11	15	435
199		34909.25	2.437e-06	1.462e-02	2.569e-11	15	435
A	 = 3.06e+12,
C0	 = 1.0,0.0,
Cpa	 = 1074.41254557,1090.62339039,
Cpb	 = 0.0429588227209,0.178621843406,
E	 = 1.83e+05,
Hp	 = 99656.5673532,
K	 = 11935.731332,100000000.0,
Value	 = 2.43670932282e-06,
Xi	 = 0.733808674985,
eps	 = 0.936807333391,0.94,
ka	 = 0.314288132845,0.0239383231592,
kb	 = 3.38962229364e-05,0.000386103142439,
n	 = 1.01307932797,
nO2	 = 0.0,
rho	 = 1683.0,1235.0,
Results saved to E:\projects\materialOptimizationNIJ\experiments\E_Glass_linear_dsc_M_FT/E_Glass_linear_dsc_M_FT_solution.txt
