E:\projects\materialOptimizationNIJ\experiments\E_Glass_linear_M_BT/E_Glass_linear_M_BT Log file
!!python/object/apply:collections.defaultdict
args:
- &id001 !!python/name:builtins.bool ''
dictitems:
  Duraboard:
    CprampF:
    - 1.0
    - 1.0
    CprampT:
    - 0
    - 5000
    eps: 0.8
    krampF:
    - 0.075932
    - 0.090229
    - 0.104522
    - 0.122143
    - 0.14158
    - 0.163436
    - 0.190738
    - 0.221975
    krampT:
    - 203.035
    - 317.4028
    - 426.9164
    - 536.4182
    - 647.3003
    - 757.4803
    - 867.6409
    - 981.2546
    rho: 258
    thickness: 0.0254
  XiState:
  - unknowable
  assumeVolumeConservation: true
  cone:
    Tinit: 25
    activePhaseVars:
    - C0
    - rho
    - ka
    - kb
    - kc
    - kd
    - ke
    - Cpa
    - Cpb
    - Cpc
    - Cpd
    - Cpe
    - eps
    - K
    activeReactionVars:
    - A
    - E
    - n
    - Hp
    - nO2
    - Xi
    allowIgnition: false
    backBoundaryConditions:
      Tamb: 25
      htc: Auto
      type: INSULATED
    frontBoundaryConditions:
      Tamb: 25
      htc: Auto
    ignitionHeatFlux: 20
    ignitionThreshold: 0.0032
    weight: 1.0
  cone1: !!python/object/apply:collections.defaultdict
    args:
    - *id001
    dictitems:
      Tinit: 25
      activePhaseVars:
      - C0
      - rho
      - ka
      - kb
      - kc
      - kd
      - ke
      - Cpa
      - Cpb
      - Cpc
      - Cpd
      - Cpe
      - eps
      - K
      activeReactionVars:
      - A
      - E
      - n
      - Hp
      - nO2
      - Xi
      backBoundaryConditions: !!python/object/apply:collections.defaultdict
        args:
        - *id001
        dictitems:
          Tamb: 25
          htc: Auto
          type: INSULATED
      columns:
      - 1
      - 2
      depths:
      - 0
      - 0.008
      file: E_GlassLinearVirtual.csv
      finalThickness: false
      frontBoundaryConditions: !!python/object/apply:collections.defaultdict
        args:
        - *id001
        dictitems:
          Tamb: 25
          heatFlux: 25
          htc: 15
      ignitionHeatFlux: 20.0
      ignitionThreshold: 0.0032
      initialThickness: 0.008
      names:
      - Mass
      - Temperature
      time: 0
      types:
      - 1
      - 3
      weight: 1.0
      weights:
      - 1
      - 1
      width1: 0.1016
      width2: 0.1016
  configDir: E:\projects\materialOptimizationNIJ\experiments\
  dataSources:
    names:
    - cone1
    types:
    - cone
  dsc:
    activePhaseVars:
    - C0
    - Cpa
    - Cpb
    - Cpc
    - Cpd
    - Cpe
    activeReactionVars:
    - A
    - E
    - n
    - Hp
    dscO2: None
    weight: 1.0
  fdsPath: C:\Program Files\FDS\FDS6\bin
  keepTemporaryFiles: false
  name: E_Glass_linear_M_BT
  optimizeParams:
    absErr: 1e-7
    absRelErr: 5e-7
    elimThresh: 1e-2
    maxIter: 200
    maxTime: 200000
    minIter: 5
    minP: 15
    opAlpha: 29
    opBeta: 1
    opP: 15
    opQ: 15
    opS: 29
    relErr: 1e-12
    relIter: 15
  outputParams:
    saveAllSamples: true
  phaseParams:
    C0:
    - - 1
      - 0
      - 1
    - - 0
      - 1189
      - 1189
    Cpa:
    - - None
      - 270
      - 4320
    - - None
      - 260.25
      - 4164
    Cpb:
    - - None
      - 0.0113
      - 0.1808
    - - None
      - 0.06475
      - 1.036
    Cpc:
    - - 0.0
      - 0.0
      - 0.0
    - - 0.0
      - 0.0
      - 0.0
    Cpd:
    - - 0.0
      - 0.0
      - 0.0
    - - 0.0
      - 0.0
      - 0.0
    Cpe:
    - &id002
      - 0
      - 0
      - 1
    - *id002
    K:
    - - None
      - 2500
      - 40000
    - - 1e8
      - 1189
      - 1189
    eps:
    - - None
      - 0.235
      - 1.0
    - - 0.94
      - 0.235
      - 1.0
    ka:
    - - None
      - 0.078
      - 1.248
    - - None
      - 0.023725
      - 0.3796
    kb:
    - - None
      - 1.1013e-05
      - 0.0001762
    - - None
      - 7.075e-05
      - 0.001132
    kc:
    - - 0.0
      - 0.0
      - 0.0
    - - 0.0
      - 0.0
      - 0.0
    kd:
    - - 0.0
      - 0.0
      - 0.0
    - - 0.0
      - 0.0
      - 0.0
    ke:
    - &id003
      - 0
      - 0
      - 1
    - *id003
    nO2:
    - - 0
      - 0
      - 1
    - - 0
      - 1189
      - 1189
    phases:
    - virgin
    - char
    rho:
    - - 1683
      - 1189
      - 1189
    - - 1235
      - 1189
      - 1189
  processParams:
    maxProcesses: 8
    multiprocess: true
  reactionParams:
    A:
    - - None
      - 5.86e11
      - 9.376e12
    E:
    - - None
      - 4.525e4
      - 7.24e5
    Hp:
    - - None
      - 2.5e4
      - 4e5
    Xi:
    - - None
      - 0
      - 1
    n:
    - - None
      - 0.25
      - 4.0
    nO2:
    - - 0
      - 0
      - 1
    prodState:
    - 1
    reacState:
    - 0
    typeState:
    - 3
  reinitializeComplex: true
  restart: false
  resultsDir: E_Glass_linear_M_BT/
  systemDir: E:\projects\materialOptimizationNIJ\optimizationpython\src
  tga:
    activePhaseVars:
    - C0
    - rho
    activeReactionVars:
    - A
    - E
    - n
    tgaO2: None
    tgaOpt: 1
    weight: 1.0
  thermalPropertyUnits: K
  virtualExperiment: false
Loop	t (s)	Error Min	Error Max	ErrorRel	Comp	Samples
0		77.72	1.576e-03	2.086e-02	1.000e+00	15	435
1		157.67	1.576e-03	2.086e-02	1.000e+00	15	435
2		239.46	8.056e-04	1.794e-02	1.000e+00	15	435
3		319.84	8.056e-04	1.685e-02	1.000e+00	15	435
4		410.87	6.090e-04	1.978e-02	1.000e+00	15	435
5		507.02	5.150e-04	1.978e-02	1.000e+00	15	435
6		605.41	4.035e-04	1.924e-02	1.000e+00	15	435
7		702.23	3.505e-04	1.924e-02	1.000e+00	15	435
8		797.64	3.359e-04	1.127e-02	1.000e+00	15	435
9		898.46	3.052e-04	1.538e-02	1.000e+00	15	435
10		987.47	2.542e-04	1.875e-02	1.000e+00	15	435
11		1080.43	2.060e-04	1.463e-02	1.000e+00	15	435
12		1167.50	1.658e-04	1.772e-02	1.000e+00	15	435
13		1256.28	1.569e-04	1.772e-02	1.000e+00	15	435
14		1341.11	1.526e-04	8.324e-03	1.000e+00	15	435
15		1429.25	1.485e-04	1.234e-02	1.000e+00	15	435
16		1516.20	1.380e-04	1.234e-02	1.438e-03	15	435
17		1598.37	1.241e-04	1.500e-02	6.815e-04	15	435
18		1680.70	1.081e-04	8.068e-03	6.975e-04	15	435
19		1760.64	1.013e-04	8.963e-03	5.077e-04	15	435
20		1844.73	8.263e-05	6.577e-03	4.323e-04	15	435
21		1926.76	6.807e-05	1.702e-02	3.354e-04	15	435
22		2006.64	6.086e-05	1.335e-02	2.896e-04	15	435
23		2085.15	5.598e-05	6.734e-03	2.799e-04	15	435
24		2174.10	5.388e-05	6.734e-03	2.513e-04	15	435
25		2254.16	4.765e-05	5.981e-03	2.066e-04	15	435
26		2342.07	4.425e-05	5.981e-03	1.617e-04	15	435
27		2420.06	4.265e-05	5.836e-03	1.231e-04	15	435
28		2502.51	3.936e-05	5.836e-03	1.176e-04	15	435
29		2582.96	3.869e-05	5.824e-03	1.139e-04	15	435
30		2664.54	3.495e-05	5.824e-03	1.135e-04	15	435
31		2740.97	3.171e-05	5.823e-03	1.063e-04	15	435
32		2823.83	2.999e-05	1.314e-02	9.412e-05	15	435
33		2904.64	2.965e-05	1.707e-02	7.847e-05	15	435
34		2982.62	2.889e-05	1.707e-02	7.239e-05	15	435
35		3067.06	2.702e-05	1.271e-02	5.561e-05	15	435
36		3154.58	2.495e-05	1.440e-02	4.312e-05	15	435
37		3234.66	2.404e-05	1.758e-02	3.683e-05	15	435
38		3318.52	2.319e-05	2.007e-02	3.279e-05	15	435
39		3411.26	2.269e-05	2.033e-02	3.119e-05	15	435
40		3499.85	2.112e-05	1.772e-02	2.653e-05	15	435
41		3588.47	2.027e-05	1.996e-02	2.398e-05	15	435
42		3680.38	1.990e-05	1.767e-02	2.274e-05	15	435
43		3771.12	1.922e-05	1.745e-02	2.014e-05	15	435
44		3861.73	1.826e-05	1.758e-02	2.043e-05	15	435
45		3950.42	1.724e-05	1.905e-02	1.770e-05	15	435
46		4039.84	1.651e-05	1.795e-02	1.520e-05	15	435
47		4129.06	1.602e-05	1.934e-02	1.397e-05	15	435
48		4219.93	1.571e-05	1.579e-02	1.394e-05	15	435
49		4312.34	1.553e-05	1.825e-02	1.335e-05	15	435
50		4401.83	1.519e-05	1.734e-02	1.182e-05	15	435
51		4487.83	1.506e-05	1.524e-02	9.896e-06	15	435
52		4572.13	1.506e-05	2.036e-02	8.981e-06	15	435
53		4654.16	1.495e-05	1.925e-02	8.242e-06	15	435
54		4740.50	1.478e-05	1.991e-02	7.910e-06	15	435
55		4825.52	1.467e-05	1.563e-02	6.451e-06	15	435
56		4913.89	1.456e-05	1.232e-02	5.714e-06	15	435
57		4998.97	1.452e-05	1.462e-02	5.380e-06	15	435
58		5082.31	1.449e-05	1.243e-02	4.737e-06	15	435
59		5165.85	1.374e-05	1.513e-02	4.522e-06	15	435
60		5252.09	1.336e-05	1.247e-02	3.880e-06	15	435
61		5339.73	1.259e-05	1.672e-02	3.917e-06	15	435
62		5428.67	1.225e-05	2.048e-02	3.772e-06	15	435
63		5518.39	1.190e-05	2.048e-02	3.812e-06	15	435
64		5604.24	1.153e-05	2.063e-02	4.004e-06	15	435
65		5688.69	1.147e-05	1.572e-02	3.725e-06	15	435
66		5780.21	1.145e-05	1.681e-02	3.605e-06	15	435
67		5867.16	1.140e-05	1.176e-02	3.656e-06	15	435
68		5954.99	1.133e-05	1.725e-02	3.624e-06	15	435
69		6048.65	1.123e-05	1.644e-02	3.558e-06	15	435
70		6137.85	1.115e-05	1.534e-02	3.516e-06	15	435
71		6230.38	1.114e-05	1.228e-02	3.414e-06	15	435
72		6323.15	1.114e-05	1.277e-02	3.386e-06	15	435
73		6414.76	1.112e-05	1.797e-02	3.365e-06	15	435
74		6505.16	1.112e-05	1.838e-02	2.620e-06	15	435
75		6602.86	1.111e-05	1.786e-02	2.256e-06	15	435
76		6700.48	1.107e-05	1.786e-02	1.523e-06	15	435
77		6783.95	1.102e-05	1.124e-02	1.227e-06	15	435
78		6868.27	1.099e-05	2.028e-02	9.038e-07	15	435
79		7030.23	1.091e-05	1.842e-02	6.228e-07	15	435
80		7205.56	1.089e-05	1.832e-02	5.755e-07	15	435
81		7378.53	1.087e-05	1.737e-02	5.786e-07	15	435
82		7547.77	1.086e-05	1.939e-02	5.360e-07	15	435
83		7725.91	1.086e-05	1.911e-02	4.673e-07	15	435
84		7894.55	1.086e-05	1.911e-02	3.684e-07	15	435
85		8054.52	1.085e-05	1.548e-02	2.987e-07	15	435
86		8217.59	1.085e-05	9.727e-03	2.933e-07	15	435
87		8363.83	1.085e-05	1.694e-02	2.904e-07	15	435
88		8514.51	1.084e-05	1.582e-02	2.810e-07	15	435
89		8668.83	1.083e-05	1.786e-02	2.923e-07	15	435
90		8825.24	1.081e-05	1.764e-02	2.937e-07	15	435
91		8985.00	1.081e-05	1.102e-02	2.624e-07	15	435
92		9139.84	1.080e-05	1.275e-02	2.251e-07	15	435
93		9301.35	1.077e-05	1.275e-02	2.192e-07	15	435
94		9460.96	1.076e-05	1.043e-02	1.526e-07	15	435
95		9612.77	1.073e-05	1.566e-02	1.679e-07	15	435
96		9775.66	1.071e-05	2.044e-02	1.652e-07	15	435
97		9935.82	1.069e-05	1.334e-02	1.783e-07	15	435
98		10096.69	1.067e-05	1.317e-02	1.887e-07	15	435
99		10254.24	1.065e-05	1.045e-02	2.055e-07	15	435
100		10413.94	1.065e-05	2.019e-02	2.015e-07	15	435
101		10591.33	1.064e-05	1.023e-02	2.068e-07	15	435
102		10791.64	1.063e-05	1.892e-02	2.115e-07	15	435
103		10985.69	1.063e-05	1.800e-02	2.126e-07	15	435
104		11148.87	1.062e-05	1.852e-02	2.015e-07	15	435
105		11327.22	1.062e-05	1.790e-02	1.940e-07	15	435
106		11503.19	1.062e-05	1.790e-02	1.917e-07	15	435
107		11683.21	1.062e-05	1.687e-02	1.822e-07	15	435
108		11850.90	1.062e-05	1.246e-02	1.554e-07	15	435
109		12021.56	1.062e-05	1.965e-02	1.381e-07	15	435
110		12179.02	1.062e-05	1.946e-02	1.104e-07	15	435
111		12350.12	1.062e-05	1.366e-02	9.137e-08	15	435
112		12529.16	1.062e-05	1.559e-02	7.084e-08	15	435
113		12706.96	1.061e-05	1.822e-02	5.887e-08	15	435
114		12878.52	1.061e-05	1.858e-02	3.750e-08	15	435
115		13044.46	1.061e-05	1.931e-02	3.564e-08	15	435
116		13223.82	1.061e-05	1.808e-02	3.073e-08	15	435
117		13402.37	1.061e-05	1.643e-02	2.506e-08	15	435
118		13587.23	1.061e-05	1.986e-02	2.101e-08	15	435
119		13765.73	1.061e-05	1.218e-02	1.804e-08	15	435
120		13941.97	1.060e-05	1.633e-02	1.503e-08	15	435
121		14116.85	1.060e-05	2.027e-02	1.530e-08	15	435
122		14291.82	1.060e-05	1.611e-02	1.453e-08	15	435
123		14471.30	1.060e-05	1.138e-02	1.544e-08	15	435
124		14654.74	1.060e-05	1.425e-02	1.535e-08	15	435
125		14827.84	1.060e-05	1.206e-02	1.498e-08	15	435
126		15009.22	1.060e-05	1.228e-02	1.466e-08	15	435
127		15193.72	1.060e-05	1.643e-02	1.442e-08	15	435
128		15373.87	1.060e-05	1.994e-02	1.339e-08	15	435
129		15551.61	1.060e-05	1.983e-02	1.322e-08	15	435
130		15723.37	1.060e-05	1.563e-02	1.143e-08	15	435
131		15905.15	1.060e-05	1.512e-02	9.132e-09	15	435
132		16092.82	1.060e-05	1.862e-02	7.624e-09	15	435
133		16275.48	1.060e-05	2.008e-02	6.151e-09	15	435
134		16453.99	1.060e-05	1.523e-02	4.257e-09	15	435
135		16624.87	1.060e-05	1.973e-02	2.571e-09	15	435
136		16799.98	1.060e-05	1.973e-02	1.310e-09	15	435
137		16980.71	1.060e-05	1.792e-02	1.310e-09	15	435
138		17154.51	1.060e-05	1.960e-02	2.250e-10	15	435
139		17348.59	1.060e-05	1.514e-02	2.250e-10	15	435
140		17530.10	1.060e-05	1.888e-02	1.033e-10	15	435
141		17713.01	1.060e-05	1.888e-02	1.033e-10	15	435
142		17889.93	1.060e-05	1.973e-02	8.259e-12	15	435
143		18063.24	1.060e-05	1.637e-02	8.259e-12	15	435
144		18245.23	1.060e-05	1.844e-02	8.259e-12	15	435
145		18425.96	1.060e-05	1.650e-02	8.259e-12	15	435
146		18609.50	1.060e-05	1.475e-02	8.259e-12	15	435
147		18801.97	1.060e-05	1.475e-02	8.259e-12	15	435
148		18987.16	1.048e-05	1.987e-02	1.259e-07	15	435
149		19168.53	1.048e-05	1.963e-02	1.259e-07	15	435
150		19356.03	1.030e-05	1.899e-02	2.976e-07	15	435
151		19530.99	1.019e-05	2.001e-02	4.134e-07	15	435
152		19716.97	1.019e-05	1.918e-02	4.134e-07	15	435
153		19900.48	1.014e-05	1.674e-02	4.567e-07	15	435
154		20085.03	9.927e-06	1.721e-02	6.743e-07	15	435
155		20272.21	9.838e-06	1.978e-02	7.634e-07	15	435
156		20452.66	9.838e-06	1.807e-02	7.634e-07	15	435
157		20626.96	9.838e-06	1.767e-02	7.634e-07	15	435
158		20804.70	9.819e-06	1.987e-02	7.822e-07	15	435
159		20979.90	9.715e-06	1.728e-02	8.864e-07	15	435
160		21160.13	9.525e-06	1.978e-02	1.076e-06	15	435
161		21338.74	9.451e-06	1.978e-02	1.150e-06	15	435
162		21514.76	9.031e-06	1.978e-02	1.570e-06	15	435
163		21682.90	8.527e-06	2.057e-02	1.948e-06	15	435
164		21852.09	8.300e-06	1.879e-02	2.176e-06	15	435
165		22020.05	8.279e-06	1.530e-02	2.025e-06	15	435
166		22206.38	8.203e-06	1.910e-02	1.985e-06	15	435
167		22380.27	8.124e-06	2.010e-02	2.064e-06	15	435
168		22556.43	8.078e-06	1.987e-02	2.067e-06	15	435
169		22737.98	7.982e-06	1.816e-02	1.945e-06	15	435
170		22923.29	7.859e-06	1.655e-02	1.979e-06	15	435
171		23106.98	7.817e-06	1.853e-02	2.021e-06	15	435
172		23297.51	7.679e-06	1.841e-02	2.159e-06	15	435
173		23476.67	7.426e-06	1.683e-02	2.393e-06	15	435
174		23659.98	7.189e-06	1.927e-02	2.526e-06	15	435
175		23845.91	7.132e-06	1.969e-02	2.393e-06	15	435
176		24026.11	6.891e-06	1.805e-02	2.560e-06	15	435
177		24206.97	6.780e-06	1.816e-02	2.251e-06	15	435
178		24386.88	6.696e-06	1.724e-02	1.831e-06	15	435
179		24571.33	6.587e-06	1.588e-02	1.713e-06	15	435
180		24758.98	6.470e-06	1.653e-02	1.809e-06	15	435
181		24937.98	6.322e-06	2.129e-02	1.881e-06	15	435
182		25122.51	6.172e-06	1.946e-02	1.952e-06	15	435
183		25305.13	5.972e-06	1.946e-02	2.105e-06	15	435
184		25486.77	5.823e-06	1.334e-02	2.159e-06	15	435
185		25668.59	5.634e-06	1.959e-02	2.225e-06	15	435
186		25853.43	5.522e-06	1.935e-02	2.295e-06	15	435
187		26034.49	5.481e-06	1.840e-02	2.198e-06	15	435
188		26226.93	5.441e-06	1.822e-02	1.985e-06	15	435
189		26407.27	5.369e-06	1.999e-02	1.820e-06	15	435
190		26588.59	5.248e-06	1.862e-02	1.883e-06	15	435
191		26776.30	5.234e-06	1.904e-02	1.657e-06	15	435
192		26958.24	5.212e-06	1.677e-02	1.568e-06	15	435
193		27137.99	5.194e-06	1.961e-02	1.502e-06	15	435
194		27332.00	5.188e-06	1.784e-02	1.399e-06	15	435
195		27519.26	5.155e-06	1.804e-02	1.315e-06	15	435
196		27703.47	5.084e-06	1.787e-02	1.238e-06	15	435
197		27896.54	5.002e-06	1.787e-02	1.169e-06	15	435
198		28080.54	4.986e-06	1.787e-02	9.863e-07	15	435
199		28250.76	4.967e-06	1.268e-02	8.565e-07	15	435
A	 = 2.40e+12,
C0	 = 1.0,0.0,
Cpa	 = 1020.90502133,878.654916719,
Cpb	 = 0.14948897732,0.440752808823,
E	 = 1.81e+05,
Hp	 = 99269.0315535,
K	 = 8825.19870007,100000000.0,
Value	 = 4.96695715479e-06,
Xi	 = 0.733808674985,
eps	 = 0.933276255271,0.94,
ka	 = 0.280549821248,0.222788367807,
kb	 = 9.44875810387e-05,8.35948781058e-05,
n	 = 1.00576079153,
nO2	 = 0.0,
rho	 = 1683.0,1235.0,
Results saved to E:\projects\materialOptimizationNIJ\experiments\E_Glass_linear_M_BT/E_Glass_linear_M_BT_solution.txt
