D:\workspace\JENSENHUGHES\optimization\optimizationPaper\config\multiReactionCharring\2Reactions\2mass_TGA\../../../../results/multiReactionCharring/2Reactions/charLinear2Reac2MassTGA Log file
!!python/object/apply:collections.defaultdict
args:
- &id001 !!python/name:builtins.bool ''
dictitems:
  Duraboard:
    CprampF:
    - 1.0
    - 1.0
    CprampT:
    - 0
    - 5000
    eps: 0.8
    krampF:
    - 0.075932
    - 0.090229
    - 0.104522
    - 0.122143
    - 0.14158
    - 0.163436
    - 0.190738
    - 0.221975
    krampT:
    - 203.035
    - 317.4028
    - 426.9164
    - 536.4182
    - 647.3003
    - 757.4803
    - 867.6409
    - 981.2546
    rho: 258
    thickness: 0.0254
  XiState:
  - unknown
  - unknown
  assumeVolumeConservation: false
  cone:
    Tinit: 25
    activePhaseVars:
    - C0
    - rho
    - ka
    - kb
    - kc
    - kd
    - ke
    - Cpa
    - Cpb
    - Cpc
    - Cpd
    - Cpe
    - eps
    - K
    activeReactionVars:
    - A
    - E
    - n
    - Hp
    - nO2
    - Xi
    allowIgnition: false
    backBoundaryConditions:
      Tamb: 25
      htc: Auto
      type: INSULATED
    frontBoundaryConditions:
      Tamb: 25
      htc: Auto
    ignitionHeatFlux: 20
    ignitionThreshold: 0.0032
    weight: 1.0
  cone1: !!python/object/apply:collections.defaultdict
    args:
    - *id001
    dictitems:
      Tinit: 25
      activePhaseVars:
      - C0
      - rho
      - ka
      - kb
      - kc
      - kd
      - ke
      - Cpa
      - Cpb
      - Cpc
      - Cpd
      - Cpe
      - eps
      - K
      activeReactionVars:
      - A
      - E
      - n
      - Hp
      - nO2
      - Xi
      backBoundaryConditions: !!python/object/apply:collections.defaultdict
        args:
        - *id001
        dictitems:
          Tamb: 25
          htc: Auto
          type: INSULATED
      columns:
      - 1
      depths:
      - 0
      file: ../../../../data/multiReactionCharring/multiReactionCharringLinearNominal_0_cone_Mass.csv
      finalThickness: false
      frontBoundaryConditions: !!python/object/apply:collections.defaultdict
        args:
        - *id001
        dictitems:
          Tamb: 25
          heatFlux: 25
          htc: 15
      ignitionHeatFlux: 20.0
      ignitionThreshold: 0.0032
      initialThickness: 0.008
      names:
      - Mass
      time: 0
      types:
      - 1
      weight: 1.0
      weights:
      - 1
      width1: 0.1016
      width2: 0.1016
  cone2: !!python/object/apply:collections.defaultdict
    args:
    - *id001
    dictitems:
      Tinit: 25
      activePhaseVars:
      - C0
      - rho
      - ka
      - kb
      - kc
      - kd
      - ke
      - Cpa
      - Cpb
      - Cpc
      - Cpd
      - Cpe
      - eps
      - K
      activeReactionVars:
      - A
      - E
      - n
      - Hp
      - nO2
      - Xi
      backBoundaryConditions: !!python/object/apply:collections.defaultdict
        args:
        - *id001
        dictitems:
          Tamb: 25
          htc: Auto
          type: INSULATED
      columns:
      - 1
      depths:
      - 0
      file: ../../../../data/multiReactionCharring/multiReacCharLinearNominal50KW_0_cone_Mass.csv
      finalThickness: false
      frontBoundaryConditions: !!python/object/apply:collections.defaultdict
        args:
        - *id001
        dictitems:
          Tamb: 25
          heatFlux: 50
          htc: 15
      ignitionHeatFlux: 20.0
      ignitionThreshold: 0.0032
      initialThickness: 0.008
      names:
      - Mass
      time: 0
      types:
      - 1
      weight: 1.0
      weights:
      - 1
      width1: 0.1016
      width2: 0.1016
  configDir: D:\workspace\JENSENHUGHES\optimization\optimizationPaper\config\multiReactionCharring\2Reactions\2mass_TGA\
  dataSources:
    names:
    - cone1
    - cone2
    types:
    - cone
    - cone
  dsc:
    activePhaseVars:
    - C0
    - Cpa
    - Cpb
    - Cpc
    - Cpd
    - Cpe
    activeReactionVars:
    - A
    - E
    - n
    - Hp
    dscO2: None
    weight: 1.0
  fdsPath: C:\Program Files\FDS\FDS6\bin
  keepTemporaryFiles: false
  name: charLinear2Reac2MassTGA
  optimizeParams:
    absErr: 1e-7
    absRelErr: 1e-7
    elimThresh: 1e-2
    maxIter: 200
    maxTime: 600000
    minIter: 5
    minP: 21
    opAlpha: 41
    opBeta: 1
    opP: 21
    opQ: 21
    opS: 41
    relErr: 1e-12
    relIter: 15
  outputParams:
    saveAllSamples: false
  phaseParams:
    C0:
    - - 1
      - 0
      - 1
    - - 0
      - 1189
      - 1189
    Cpa:
    - - None
      - 270
      - 4320
    - - None
      - 260.25
      - 4164
    Cpb:
    - - None
      - 0.0113
      - 0.1808
    - - None
      - 0.06475
      - 1.036
    Cpc:
    - - 0.0
      - 0.0
      - 0.0
    - - 0.0
      - 0.0
      - 0.0
    Cpd:
    - - 0.0
      - 0.0
      - 0.0
    - - 0.0
      - 0.0
      - 0.0
    Cpe:
    - &id002
      - 0
      - 0
      - 1
    - *id002
    K:
    - - None
      - 2500
      - 40000
    - - 1e8
      - 1189
      - 1189
    eps:
    - - None
      - 0.235
      - 1.0
    - - 0.94
      - 0.235
      - 1.0
    ka:
    - - None
      - 0.078
      - 1.248
    - - None
      - 0.023725
      - 0.3796
    kb:
    - - None
      - 1.1013e-05
      - 0.0001762
    - - None
      - 7.075e-05
      - 0.001132
    kc:
    - - 0.0
      - 0.0
      - 0.0
    - - 0.0
      - 0.0
      - 0.0
    kd:
    - - 0.0
      - 0.0
      - 0.0
    - - 0.0
      - 0.0
      - 0.0
    ke:
    - &id003
      - 0
      - 0
      - 1
    - *id003
    nO2:
    - - 0
      - 0
      - 1
    - - 0
      - 1189
      - 1189
    phases:
    - virgin
    - char
    rho:
    - - 1683
      - 1189
      - 1189
    - - 1235
      - 1189
      - 1189
  processParams:
    maxProcesses: 4
    multiprocess: true
  reactionParams:
    A:
    - - None
      - 2.106e12
      - 2.574e12
    - - None
      - 6.75e13
      - 8.25e13
    E:
    - - None
      - 1.629e5
      - 1.991e5
    - - None
      - 1.737e5
      - 2.123e5
    Hp:
    - - None
      - 2.5e4
      - 4e5
    - - None
      - 5e4
      - 8e5
    Xi:
    - - None
      - 0.675
      - 0.825
    - - None
      - 0.45
      - 0.55
    n:
    - - None
      - 0.9
      - 1.1
    - - None
      - 1.35
      - 1.65
    nO2:
    - &id004
      - 0
      - 0
      - 1
    - *id004
    prodState:
    - 1
    - 1
    reacState:
    - 0
    - 0
    typeState:
    - 3
    - 3
  reinitializeComplex: false
  restart: false
  resultsDir: ../../../../results/multiReactionCharring/2Reactions/
  systemDir: D:\workspace\JENSENHUGHES\optimization\sourceCode\optimizationpython\src
  tga:
    activePhaseVars:
    - C0
    - rho
    activeReactionVars:
    - A
    - E
    - n
    tgaO2: None
    tgaOpt: 1
    weight: 1.0
  thermalPropertyUnits: K
  virtualExperiment: false
Loop	t (s)	Error Min	Error Max	ErrorRel	Comp	Samples
0		297.99	5.038e-04	1.937e-02	1.000e+00	21	861
1		597.32	5.038e-04	1.925e-02	1.000e+00	21	861
2		904.46	3.967e-04	1.925e-02	1.000e+00	21	861
3		1209.60	1.559e-04	1.702e-02	1.000e+00	21	861
4		1522.05	1.324e-04	1.739e-02	1.000e+00	21	861
5		1842.99	1.014e-04	1.938e-02	1.000e+00	21	861
6		2166.92	8.167e-05	1.450e-02	1.000e+00	21	861
7		2489.33	7.159e-05	1.184e-02	1.000e+00	21	861
8		2826.37	6.403e-05	1.145e-02	1.000e+00	21	861
9		3154.35	6.058e-05	8.885e-03	1.000e+00	21	861
10		3490.55	5.786e-05	7.256e-03	1.000e+00	21	861
11		3839.18	5.142e-05	7.109e-03	1.000e+00	21	861
12		4183.06	4.098e-05	5.098e-03	1.000e+00	21	861
13		4529.73	3.703e-05	1.513e-02	1.000e+00	21	861
14		4872.60	3.545e-05	1.218e-02	1.000e+00	21	861
15		5225.17	3.511e-05	9.696e-03	1.000e+00	21	861
16		5593.02	3.237e-05	7.569e-03	4.714e-04	21	861
17		5955.18	3.148e-05	7.569e-03	3.652e-04	21	861
18		6343.13	3.046e-05	4.140e-03	1.254e-04	21	861
19		6711.84	2.962e-05	1.824e-03	1.027e-04	21	861
20		7079.38	2.894e-05	1.824e-03	7.243e-05	21	861
21		7458.79	2.756e-05	1.824e-03	5.411e-05	21	861
22		7823.97	2.562e-05	9.333e-04	4.596e-05	21	861
23		8189.79	2.370e-05	4.797e-04	4.033e-05	21	861
24		8550.07	2.255e-05	3.328e-04	3.802e-05	21	861
25		8906.21	2.205e-05	2.964e-04	3.582e-05	21	861
26		9259.48	2.039e-05	1.920e-04	3.104e-05	21	861
27		9592.44	1.907e-05	1.380e-02	2.191e-05	21	861
28		9939.98	1.818e-05	1.544e-02	1.886e-05	21	861
29		10297.45	1.784e-05	1.852e-02	1.761e-05	21	861
30		10630.17	1.775e-05	1.727e-02	1.736e-05	21	861
31		10977.24	1.756e-05	1.280e-02	1.481e-05	21	861
32		11308.64	1.749e-05	1.899e-02	1.400e-05	21	861
33		11664.25	1.749e-05	1.613e-02	1.297e-05	21	861
34		11999.00	1.736e-05	1.937e-02	1.226e-05	21	861
35		12327.31	1.702e-05	1.937e-02	1.192e-05	21	861
36		12663.20	1.633e-05	1.756e-02	1.123e-05	21	861
37		12984.24	1.561e-05	1.756e-02	1.001e-05	21	861
38		13307.08	1.488e-05	1.761e-02	8.825e-06	21	861
39		13637.50	1.416e-05	1.851e-02	8.399e-06	21	861
40		13974.65	1.276e-05	1.423e-02	9.283e-06	21	861
41		14308.88	1.154e-05	1.933e-02	8.854e-06	21	861
42		14646.33	1.084e-05	1.777e-02	8.222e-06	21	861
43		14993.49	1.052e-05	1.836e-02	7.657e-06	21	861
44		15347.71	1.029e-05	1.897e-02	7.552e-06	21	861
45		15694.65	9.484e-06	1.303e-02	8.265e-06	21	861
46		16041.30	8.618e-06	1.710e-02	8.940e-06	21	861
47		16398.54	8.240e-06	1.517e-02	9.248e-06	21	861
48		16752.06	8.012e-06	1.517e-02	9.476e-06	21	861
49		17093.34	7.649e-06	1.938e-02	9.712e-06	21	861
50		17431.76	7.448e-06	1.398e-02	9.572e-06	21	861
51		17776.38	7.318e-06	9.938e-03	9.011e-06	21	861
52		18127.11	7.197e-06	1.596e-02	8.414e-06	21	861
53		18463.46	7.061e-06	1.596e-02	7.815e-06	21	861
54		18797.00	6.737e-06	1.240e-02	7.419e-06	21	861
55		19132.03	6.386e-06	1.772e-02	6.377e-06	21	861
56		19474.05	6.153e-06	1.772e-02	5.382e-06	21	861
57		19815.10	5.956e-06	8.295e-03	4.889e-06	21	861
58		20163.24	5.821e-06	1.896e-02	4.698e-06	21	861
59		20517.26	5.741e-06	1.896e-02	4.549e-06	21	861
60		20877.80	5.607e-06	1.896e-02	3.876e-06	21	861
61		21218.16	5.582e-06	1.335e-02	3.035e-06	21	861
62		21571.11	5.457e-06	1.464e-02	2.784e-06	21	861
63		21907.77	5.317e-06	9.048e-03	2.695e-06	21	861
64		22241.62	5.087e-06	1.706e-02	2.561e-06	21	861
65		22579.33	4.930e-06	1.706e-02	2.518e-06	21	861
66		22940.44	4.731e-06	1.331e-02	2.587e-06	21	861
67		23277.19	4.549e-06	1.286e-02	2.649e-06	21	861
68		23626.65	4.334e-06	6.677e-03	2.727e-06	21	861
69		23975.28	4.139e-06	1.770e-02	2.598e-06	21	861
70		24313.13	4.070e-06	6.514e-03	2.316e-06	21	861
71		24644.37	4.008e-06	5.910e-03	2.145e-06	21	861
72		24986.00	3.943e-06	9.458e-03	2.013e-06	21	861
73		25311.99	3.849e-06	1.545e-02	1.973e-06	21	861
74		25646.97	3.776e-06	1.072e-02	1.965e-06	21	861
75		25993.76	3.737e-06	1.522e-02	1.871e-06	21	861
76		26327.69	3.725e-06	1.934e-02	1.857e-06	21	861
77		26676.45	3.686e-06	1.873e-02	1.771e-06	21	861
78		27022.12	3.649e-06	1.356e-02	1.668e-06	21	861
79		27340.41	3.622e-06	7.535e-03	1.466e-06	21	861
80		27619.73	3.599e-06	1.925e-02	1.331e-06	21	861
81		27901.14	3.546e-06	1.155e-02	1.185e-06	21	861
82		28187.22	3.462e-06	1.434e-02	1.086e-06	21	861
83		28469.82	3.439e-06	1.510e-02	8.953e-07	21	861
84		28759.62	3.361e-06	1.417e-02	7.780e-07	21	861
85		29044.16	3.265e-06	1.619e-02	8.048e-07	21	861
86		29312.56	3.208e-06	1.429e-02	8.006e-07	21	861
87		29580.58	3.144e-06	1.459e-02	7.993e-07	21	861
88		29846.09	3.037e-06	1.938e-02	8.114e-07	21	861
89		30108.78	2.955e-06	1.713e-02	8.208e-07	21	861
90		30371.27	2.908e-06	1.384e-02	8.289e-07	21	861
91		30636.39	2.838e-06	1.670e-02	8.879e-07	21	861
92		30904.51	2.803e-06	1.938e-02	8.832e-07	21	861
93		31179.23	2.714e-06	1.938e-02	9.354e-07	21	861
94		31442.58	2.603e-06	1.938e-02	1.019e-06	21	861
95		31705.19	2.515e-06	1.688e-02	1.084e-06	21	861
96		31967.34	2.492e-06	1.688e-02	1.054e-06	21	861
97		32231.28	2.440e-06	1.656e-02	1.022e-06	21	861
98		32504.82	2.412e-06	1.659e-02	1.027e-06	21	861
99		32780.95	2.356e-06	1.906e-02	1.005e-06	21	861
100		33049.58	2.275e-06	1.652e-02	9.899e-07	21	861
101		33310.81	2.203e-06	1.652e-02	1.004e-06	21	861
102		33576.22	2.153e-06	1.932e-02	9.901e-07	21	861
103		33843.54	2.133e-06	1.344e-02	9.040e-07	21	861
104		34130.23	2.092e-06	1.709e-02	8.629e-07	21	861
105		34411.36	2.006e-06	1.938e-02	9.023e-07	21	861
106		34697.61	1.941e-06	1.463e-02	8.964e-07	21	861
107		34986.06	1.890e-06	1.577e-02	9.134e-07	21	861
108		35280.84	1.842e-06	1.603e-02	8.713e-07	21	861
109		35555.31	1.798e-06	1.455e-02	8.050e-07	21	861
110		35843.91	1.700e-06	1.836e-02	8.143e-07	21	861
111		36140.02	1.634e-06	1.471e-02	8.579e-07	21	861
112		36423.11	1.546e-06	1.796e-02	8.949e-07	21	861
113		36697.85	1.499e-06	1.551e-02	9.128e-07	21	861
114		36976.22	1.401e-06	1.391e-02	9.548e-07	21	861
115		37259.17	1.357e-06	1.813e-02	9.183e-07	21	861
116		37542.05	1.338e-06	1.938e-02	8.650e-07	21	861
117		37829.57	1.283e-06	1.938e-02	8.708e-07	21	861
118		38127.24	1.218e-06	1.416e-02	9.151e-07	21	861
119		38424.97	1.174e-06	1.696e-02	9.180e-07	21	861
120		38725.87	1.174e-06	1.892e-02	8.313e-07	21	861
121		39005.29	1.158e-06	1.545e-02	7.826e-07	21	861
122		39276.69	1.128e-06	1.932e-02	7.613e-07	21	861
123		39550.82	1.121e-06	1.938e-02	7.214e-07	21	861
124		39827.31	1.104e-06	1.938e-02	6.939e-07	21	861
125		40097.13	1.097e-06	1.930e-02	6.035e-07	21	861
126		40375.15	1.085e-06	1.930e-02	5.493e-07	21	861
127		40656.55	1.074e-06	1.938e-02	4.711e-07	21	861
128		40944.91	1.070e-06	1.798e-02	4.291e-07	21	861
129		41236.67	1.066e-06	1.788e-02	3.349e-07	21	861
130		41527.50	1.058e-06	1.591e-02	2.992e-07	21	861
131		41815.97	1.052e-06	1.837e-02	2.865e-07	21	861
132		42116.93	1.051e-06	1.894e-02	2.319e-07	21	861
133		42406.79	1.049e-06	1.643e-02	1.697e-07	21	861
134		42698.24	1.046e-06	1.252e-02	1.284e-07	21	861
135		43000.51	1.044e-06	1.938e-02	1.302e-07	21	861
136		43290.10	1.041e-06	1.357e-02	1.174e-07	21	861
137		43569.21	1.039e-06	1.674e-02	8.920e-08	21	861
138		43852.06	1.036e-06	1.509e-02	8.460e-08	21	861
139		44136.61	1.029e-06	1.843e-02	7.465e-08	21	861
140		44421.47	1.026e-06	1.871e-02	7.065e-08	21	861
141		44710.84	1.023e-06	1.871e-02	6.242e-08	21	861
142		45004.19	1.021e-06	1.869e-02	5.346e-08	21	861
143		45292.35	1.019e-06	1.930e-02	5.145e-08	21	861
144		45576.56	1.015e-06	1.701e-02	5.092e-08	21	861
145		45874.19	1.014e-06	1.740e-02	4.418e-08	21	861
146		46164.20	1.013e-06	1.892e-02	3.839e-08	21	861
147		46457.72	1.009e-06	1.892e-02	4.183e-08	21	861
148		46742.64	1.006e-06	1.762e-02	4.232e-08	21	861
149		47043.89	1.006e-06	1.872e-02	4.023e-08	21	861
150		47335.08	1.003e-06	1.817e-02	4.061e-08	21	861
151		47626.59	1.001e-06	1.754e-02	3.966e-08	21	861
152		47925.22	9.999e-07	1.898e-02	3.918e-08	21	861
153		48225.64	9.968e-07	1.869e-02	3.953e-08	21	861
154		48517.15	9.942e-07	1.869e-02	3.501e-08	21	861
155		48820.50	9.928e-07	1.869e-02	3.324e-08	21	861
156		49133.26	9.912e-07	1.934e-02	3.153e-08	21	861
157		49441.65	9.878e-07	1.934e-02	3.318e-08	21	861
158		49748.38	9.818e-07	1.671e-02	3.679e-08	21	861
159		50050.24	9.728e-07	1.648e-02	4.261e-08	21	861
160		50361.35	9.657e-07	1.938e-02	4.789e-08	21	861
161		50671.12	9.576e-07	1.938e-02	5.577e-08	21	861
162		50979.72	9.508e-07	1.925e-02	5.807e-08	21	861
163		51286.46	9.488e-07	1.937e-02	5.746e-08	21	861
164		51599.63	9.448e-07	1.937e-02	6.095e-08	21	861
165		51904.86	9.382e-07	1.715e-02	6.525e-08	21	861
166		52211.21	9.251e-07	1.724e-02	7.625e-08	21	861
167		52513.83	9.153e-07	1.818e-02	8.457e-08	21	861
168		52827.90	9.069e-07	1.695e-02	8.988e-08	21	861
169		53135.36	9.043e-07	1.836e-02	8.982e-08	21	861
170		53445.01	9.034e-07	1.851e-02	8.936e-08	21	861
171		53761.19	9.010e-07	1.851e-02	9.026e-08	21	861
172		54067.83	9.009e-07	1.851e-02	8.689e-08	21	861
173		54366.47	8.986e-07	1.938e-02	8.317e-08	21	861
174		54670.53	8.950e-07	1.938e-02	7.774e-08	21	861
175		54971.00	8.916e-07	1.579e-02	7.412e-08	21	861
176		55267.14	8.886e-07	1.881e-02	6.899e-08	21	861
177		55580.12	8.878e-07	1.826e-02	6.306e-08	21	861
178		55887.58	8.870e-07	1.887e-02	6.180e-08	21	861
179		56194.03	8.870e-07	1.677e-02	5.773e-08	21	861
180		56498.88	8.866e-07	1.760e-02	5.167e-08	21	861
181		56796.61	8.857e-07	1.937e-02	3.948e-08	21	861
182		57105.39	8.857e-07	1.860e-02	2.964e-08	21	861
183		57412.76	8.857e-07	1.860e-02	2.123e-08	21	861
184		57714.08	8.857e-07	1.277e-02	1.868e-08	21	861
185		58025.76	8.857e-07	1.563e-02	1.779e-08	21	861
186		58329.32	8.857e-07	1.147e-02	1.533e-08	21	861
187		58642.00	8.852e-07	1.868e-02	1.576e-08	21	861
188		58954.51	8.852e-07	1.653e-02	1.345e-08	21	861
189		59254.65	8.852e-07	1.556e-02	9.874e-09	21	861
190		59552.07	8.852e-07	1.828e-02	6.429e-09	21	861
191		59846.52	8.852e-07	1.564e-02	3.490e-09	21	861
192		60175.00	8.852e-07	1.790e-02	2.633e-09	21	861
193		60506.75	8.852e-07	1.790e-02	1.863e-09	21	861
194		60838.59	8.852e-07	1.749e-02	1.863e-09	21	861
195		61160.61	8.852e-07	1.758e-02	1.397e-09	21	861
196		61478.51	8.852e-07	1.823e-02	4.948e-10	21	861
197		61794.29	8.852e-07	1.723e-02	4.948e-10	21	861
198		62112.48	8.852e-07	1.823e-02	4.948e-10	21	861
199		62432.48	8.852e-07	1.936e-02	4.948e-10	21	861
A	 = 2.41e+12,7.11e+13,
C0	 = 1.0,0.0,
Cpa	 = 1020.7324952498434,1220.1647958915032,
Cpb	 = 0.18007005913872956,0.0674038199319563,
E	 = 1.80e+05,1.93e+05,
Hp	 = 154921.02733321406,177475.9986570116,
K	 = 26074.12791690147,100000000.0,
Value	 = 8.851567685858771e-07,
Xi	 = 0.7323737165925843,0.5053002267794258,
eps	 = 0.9428214251411409,0.94,
ka	 = 0.29451508413159533,0.11613725544401965,
kb	 = 8.393259807084957e-05,0.00026229383815954175,
n	 = 1.0299799256719209,1.374195209177345,
nO2	 = 0.0,0.0,
rho	 = 1683.0,1235.0,
Results saved to D:\workspace\JENSENHUGHES\optimization\optimizationPaper\config\multiReactionCharring\2Reactions\2mass_TGA\../../../../results/multiReactionCharring/2Reactions/charLinear2Reac2MassTGA_solution.txt
