E:\projects\materialOptimizationNIJ\experiments\E_Glass_linear_dsc_M_BT/E_Glass_linear_dsc_M_BT Log file
!!python/object/apply:collections.defaultdict
args:
- &id001 !!python/name:builtins.bool ''
dictitems:
  Duraboard:
    CprampF:
    - 1.0
    - 1.0
    CprampT:
    - 0
    - 5000
    eps: 0.8
    krampF:
    - 0.075932
    - 0.090229
    - 0.104522
    - 0.122143
    - 0.14158
    - 0.163436
    - 0.190738
    - 0.221975
    krampT:
    - 203.035
    - 317.4028
    - 426.9164
    - 536.4182
    - 647.3003
    - 757.4803
    - 867.6409
    - 981.2546
    rho: 258
    thickness: 0.0254
  XiState:
  - unknowable
  assumeVolumeConservation: true
  cone:
    Tinit: 25
    activePhaseVars:
    - C0
    - rho
    - ka
    - kb
    - kc
    - kd
    - ke
    - Cpa
    - Cpb
    - Cpc
    - Cpd
    - Cpe
    - eps
    - K
    activeReactionVars:
    - A
    - E
    - n
    - Hp
    - nO2
    - Xi
    allowIgnition: false
    backBoundaryConditions:
      Tamb: 25
      htc: Auto
      type: INSULATED
    frontBoundaryConditions:
      Tamb: 25
      htc: Auto
    ignitionHeatFlux: 20
    ignitionThreshold: 0.0032
    weight: 1.0
  cone1: !!python/object/apply:collections.defaultdict
    args:
    - *id001
    dictitems:
      Tinit: 25
      activePhaseVars:
      - C0
      - rho
      - ka
      - kb
      - kc
      - kd
      - ke
      - Cpa
      - Cpb
      - Cpc
      - Cpd
      - Cpe
      - eps
      - K
      activeReactionVars:
      - A
      - E
      - n
      - Hp
      - nO2
      - Xi
      backBoundaryConditions: !!python/object/apply:collections.defaultdict
        args:
        - *id001
        dictitems:
          Tamb: 25
          htc: Auto
          type: INSULATED
      columns:
      - 1
      - 2
      depths:
      - 0
      - 0.008
      file: E_GlassLinearVirtual.csv
      finalThickness: false
      frontBoundaryConditions: !!python/object/apply:collections.defaultdict
        args:
        - *id001
        dictitems:
          Tamb: 25
          heatFlux: 25
          htc: 15
      ignitionHeatFlux: 20.0
      ignitionThreshold: 0.0032
      initialThickness: 0.008
      names:
      - Mass
      - Temperature
      time: 0
      types:
      - 1
      - 3
      weight: 1.0
      weights:
      - 1
      - 1
      width1: 0.1016
      width2: 0.1016
  configDir: E:\projects\materialOptimizationNIJ\experiments\
  dataSources:
    names:
    - cone1
    types:
    - cone
  dsc:
    activePhaseVars:
    - C0
    - Cpa
    - Cpb
    - Cpc
    - Cpd
    - Cpe
    activeReactionVars:
    - A
    - E
    - n
    - Hp
    dscO2: None
    weight: 1.0
  fdsPath: C:\Program Files\FDS\FDS6\bin
  keepTemporaryFiles: false
  name: E_Glass_linear_dsc_M_BT
  optimizeParams:
    absErr: 1e-7
    absRelErr: 5e-7
    elimThresh: 1e-2
    maxIter: 200
    maxTime: 200000
    minIter: 5
    minP: 15
    opAlpha: 29
    opBeta: 1
    opP: 15
    opQ: 15
    opS: 29
    relErr: 1e-12
    relIter: 15
  outputParams:
    saveAllSamples: true
  phaseParams:
    C0:
    - - 1
      - 0
      - 1
    - - 0
      - 1189
      - 1189
    Cpa:
    - - None
      - 972
      - 1188
    - - None
      - 260.25
      - 4164
    Cpb:
    - - None
      - 0.04068
      - 0.04972
    - - None
      - 0.06475
      - 1.036
    Cpc:
    - - 0.0
      - 0.0
      - 0.0
    - - 0.0
      - 0.0
      - 0.0
    Cpd:
    - - 0.0
      - 0.0
      - 0.0
    - - 0.0
      - 0.0
      - 0.0
    Cpe:
    - &id002
      - 0
      - 0
      - 1
    - *id002
    K:
    - - None
      - 2500
      - 40000
    - - 1e8
      - 1189
      - 1189
    eps:
    - - None
      - 0.235
      - 1.0
    - - 0.94
      - 0.235
      - 1.0
    ka:
    - - None
      - 0.078
      - 1.248
    - - None
      - 0.023725
      - 0.3796
    kb:
    - - None
      - 1.1013e-05
      - 0.0001762
    - - None
      - 7.075e-05
      - 0.001132
    kc:
    - - 0.0
      - 0.0
      - 0.0
    - - 0.0
      - 0.0
      - 0.0
    kd:
    - - 0.0
      - 0.0
      - 0.0
    - - 0.0
      - 0.0
      - 0.0
    ke:
    - &id003
      - 0
      - 0
      - 1
    - *id003
    nO2:
    - - 0
      - 0
      - 1
    - - 0
      - 1189
      - 1189
    phases:
    - virgin
    - char
    rho:
    - - 1683
      - 1189
      - 1189
    - - 1235
      - 1189
      - 1189
  processParams:
    maxProcesses: 8
    multiprocess: true
  reactionParams:
    A:
    - - None
      - 5.86e11
      - 9.376e12
    E:
    - - None
      - 4.525e4
      - 7.24e5
    Hp:
    - - None
      - 2.5e4
      - 4e5
    Xi:
    - - None
      - 0
      - 1
    n:
    - - None
      - 0.25
      - 4.0
    nO2:
    - - 0
      - 0
      - 1
    prodState:
    - 1
    reacState:
    - 0
    typeState:
    - 3
  reinitializeComplex: true
  restart: false
  resultsDir: E_Glass_linear_dsc_M_BT/
  systemDir: E:\projects\materialOptimizationNIJ\optimizationpython\src
  tga:
    activePhaseVars:
    - C0
    - rho
    activeReactionVars:
    - A
    - E
    - n
    tgaO2: None
    tgaOpt: 1
    weight: 1.0
  thermalPropertyUnits: K
  virtualExperiment: false
Loop	t (s)	Error Min	Error Max	ErrorRel	Comp	Samples
0		166.50	1.481e-03	1.639e-02	1.000e+00	15	435
1		328.97	8.279e-04	1.355e-02	1.000e+00	15	435
2		509.00	7.134e-04	1.613e-02	1.000e+00	15	435
3		693.65	6.174e-04	1.064e-02	1.000e+00	15	435
4		876.33	4.384e-04	8.198e-03	1.000e+00	15	435
5		1072.79	3.797e-04	8.096e-03	1.000e+00	15	435
6		1260.40	3.231e-04	8.407e-03	1.000e+00	15	435
7		1452.51	2.627e-04	6.593e-03	1.000e+00	15	435
8		1655.88	2.064e-04	6.466e-03	1.000e+00	15	435
9		1842.46	1.768e-04	1.552e-02	1.000e+00	15	435
10		2027.87	1.193e-04	1.306e-02	1.000e+00	15	435
11		2212.96	9.516e-05	1.067e-02	1.000e+00	15	435
12		2390.32	6.663e-05	1.141e-02	1.000e+00	15	435
13		2571.83	6.603e-05	7.416e-03	1.000e+00	15	435
14		2753.55	4.444e-05	6.277e-03	1.000e+00	15	435
15		2927.67	4.444e-05	1.002e-02	1.000e+00	15	435
16		3100.43	4.248e-05	1.082e-02	7.855e-04	15	435
17		3278.80	4.115e-05	9.317e-03	6.722e-04	15	435
18		3448.59	3.844e-05	6.847e-03	5.789e-04	15	435
19		3629.45	3.778e-05	6.223e-03	4.007e-04	15	435
20		3793.79	3.684e-05	5.873e-03	3.429e-04	15	435
21		3959.69	3.643e-05	6.948e-03	2.867e-04	15	435
22		4113.79	3.594e-05	5.913e-03	2.268e-04	15	435
23		4286.06	3.588e-05	5.866e-03	1.705e-04	15	435
24		4426.26	3.575e-05	5.866e-03	1.410e-04	15	435
25		4610.64	3.535e-05	5.866e-03	8.394e-05	15	435
26		4763.03	3.427e-05	5.861e-03	6.089e-05	15	435
27		4910.74	3.034e-05	5.860e-03	3.629e-05	15	435
28		5048.31	2.866e-05	5.857e-03	3.737e-05	15	435
29		5207.02	2.828e-05	5.857e-03	1.615e-05	15	435
30		5365.16	2.631e-05	5.856e-03	1.812e-05	15	435
31		5531.36	2.330e-05	5.856e-03	1.918e-05	15	435
32		5732.93	2.211e-05	5.856e-03	1.903e-05	15	435
33		5905.95	2.083e-05	5.856e-03	1.760e-05	15	435
34		6072.82	1.986e-05	5.855e-03	1.792e-05	15	435
35		6233.96	1.921e-05	5.855e-03	1.762e-05	15	435
36		6383.15	1.918e-05	5.855e-03	1.725e-05	15	435
37		6536.30	1.859e-05	5.855e-03	1.735e-05	15	435
38		6684.16	1.816e-05	5.855e-03	1.773e-05	15	435
39		6824.32	1.728e-05	5.855e-03	1.848e-05	15	435
40		6968.12	1.699e-05	5.855e-03	1.836e-05	15	435
41		7112.60	1.551e-05	5.855e-03	1.876e-05	15	435
42		7274.79	1.504e-05	1.386e-02	1.530e-05	15	435
43		7448.48	1.454e-05	1.077e-02	1.412e-05	15	435
44		7602.97	1.420e-05	1.154e-02	1.408e-05	15	435
45		7778.10	1.361e-05	1.081e-02	1.271e-05	15	435
46		7955.86	1.174e-05	1.516e-02	1.156e-05	15	435
47		8122.16	1.020e-05	1.516e-02	1.192e-05	15	435
48		8282.55	9.925e-06	1.604e-02	1.091e-05	15	435
49		8448.83	9.302e-06	1.207e-02	1.056e-05	15	435
50		8623.44	8.981e-06	1.310e-02	1.023e-05	15	435
51		8783.49	8.504e-06	1.624e-02	1.067e-05	15	435
52		8962.94	7.375e-06	1.624e-02	1.121e-05	15	435
53		9139.88	6.898e-06	1.296e-02	1.126e-05	15	435
54		9319.88	6.676e-06	7.974e-03	1.060e-05	15	435
55		9498.95	6.584e-06	6.510e-03	1.041e-05	15	435
56		9675.44	6.509e-06	6.170e-03	9.001e-06	15	435
57		9843.57	6.471e-06	6.008e-03	8.567e-06	15	435
58		10018.91	6.416e-06	5.869e-03	8.125e-06	15	435
59		10192.09	6.408e-06	5.859e-03	7.793e-06	15	435
60		10360.20	6.388e-06	5.858e-03	7.221e-06	15	435
61		10528.68	6.382e-06	5.856e-03	5.360e-06	15	435
62		10704.99	6.373e-06	7.171e-03	3.824e-06	15	435
63		10900.48	6.364e-06	1.524e-02	3.560e-06	15	435
64		11084.66	6.356e-06	1.245e-02	2.946e-06	15	435
65		11244.28	6.347e-06	1.312e-02	2.634e-06	15	435
66		11405.60	6.335e-06	9.516e-03	2.170e-06	15	435
67		11595.20	6.312e-06	1.462e-02	1.064e-06	15	435
68		11770.43	6.294e-06	1.417e-02	6.038e-07	15	435
69		11958.53	6.270e-06	1.522e-02	4.065e-07	15	435
70		12133.29	6.251e-06	1.522e-02	3.331e-07	15	435
71		12317.14	6.219e-06	1.376e-02	2.898e-07	15	435
72		12501.82	6.213e-06	1.406e-02	2.581e-07	15	435
73		12681.03	6.192e-06	9.391e-03	2.243e-07	15	435
74		12873.50	6.187e-06	1.478e-02	2.214e-07	15	435
75		13049.05	6.187e-06	1.295e-02	2.009e-07	15	435
76		13235.19	6.183e-06	1.372e-02	1.986e-07	15	435
77		13429.84	6.183e-06	7.653e-03	1.892e-07	15	435
78		13629.69	6.182e-06	8.530e-03	1.820e-07	15	435
79		13814.30	6.182e-06	1.179e-02	1.741e-07	15	435
80		14010.23	6.180e-06	1.179e-02	1.667e-07	15	435
81		14191.72	6.179e-06	1.314e-02	1.554e-07	15	435
82		14384.52	6.177e-06	1.179e-02	1.345e-07	15	435
83		14566.44	6.176e-06	1.336e-02	1.182e-07	15	435
84		14758.28	6.175e-06	9.857e-03	9.482e-08	15	435
85		14945.29	6.174e-06	1.173e-02	7.725e-08	15	435
86		15134.79	6.173e-06	9.537e-03	4.580e-08	15	435
87		15325.39	6.172e-06	1.249e-02	4.051e-08	15	435
88		15508.01	6.172e-06	1.068e-02	2.016e-08	15	435
89		15683.63	6.171e-06	1.254e-02	1.572e-08	15	435
90		15846.17	6.169e-06	9.243e-03	1.743e-08	15	435
91		16018.03	6.169e-06	6.509e-03	1.434e-08	15	435
92		16189.49	6.168e-06	1.021e-02	1.480e-08	15	435
93		16362.96	6.168e-06	6.790e-03	1.395e-08	15	435
94		16528.45	6.168e-06	6.790e-03	1.355e-08	15	435
95		16695.52	6.168e-06	9.154e-03	1.212e-08	15	435
96		16861.15	6.167e-06	1.520e-02	1.168e-08	15	435
97		17034.53	6.167e-06	1.520e-02	1.019e-08	15	435
98		17201.17	6.167e-06	1.520e-02	9.313e-09	15	435
99		17371.99	6.165e-06	1.564e-02	9.435e-09	15	435
100		17540.39	6.164e-06	1.207e-02	9.833e-09	15	435
101		17707.69	6.164e-06	1.607e-02	9.201e-09	15	435
102		17880.21	6.126e-06	1.607e-02	4.680e-08	15	435
103		18054.13	6.126e-06	1.240e-02	4.638e-08	15	435
104		18242.56	6.126e-06	1.397e-02	4.539e-08	15	435
105		18415.30	6.126e-06	1.240e-02	4.368e-08	15	435
106		18577.87	6.126e-06	1.113e-02	4.343e-08	15	435
107		18760.58	6.126e-06	1.362e-02	4.297e-08	15	435
108		18945.88	6.126e-06	1.378e-02	4.290e-08	15	435
109		19126.53	6.126e-06	7.577e-03	4.272e-08	15	435
110		19323.83	6.026e-06	1.401e-02	1.424e-07	15	435
111		19515.28	6.026e-06	1.710e-02	1.417e-07	15	435
112		19695.46	6.009e-06	8.110e-03	1.579e-07	15	435
113		19880.51	5.916e-06	1.262e-02	2.511e-07	15	435
114		20072.07	5.803e-06	1.262e-02	3.629e-07	15	435
115		20260.04	5.703e-06	1.485e-02	4.613e-07	15	435
116		20437.39	5.559e-06	1.343e-02	6.050e-07	15	435
117		20611.90	5.481e-06	1.353e-02	6.442e-07	15	435
118		20767.38	5.342e-06	7.887e-03	7.834e-07	15	435
119		20935.67	5.297e-06	1.188e-02	8.290e-07	15	435
120		21106.03	5.219e-06	1.038e-02	9.063e-07	15	435
121		21266.92	5.032e-06	7.252e-03	1.093e-06	15	435
122		21419.29	5.032e-06	1.057e-02	1.093e-06	15	435
123		21569.92	5.026e-06	1.042e-02	1.100e-06	15	435
124		21735.33	5.020e-06	1.042e-02	1.105e-06	15	435
125		21901.94	4.998e-06	7.155e-03	1.028e-06	15	435
126		22070.85	4.982e-06	7.155e-03	1.043e-06	15	435
127		22238.34	4.963e-06	5.952e-03	1.046e-06	15	435
128		22400.04	4.927e-06	5.882e-03	9.891e-07	15	435
129		22569.88	4.812e-06	8.208e-03	9.905e-07	15	435
130		22735.44	4.753e-06	6.040e-03	9.498e-07	15	435
131		22912.13	4.702e-06	1.432e-02	8.566e-07	15	435
132		23089.89	4.654e-06	1.518e-02	8.275e-07	15	435
133		23270.23	4.585e-06	1.396e-02	7.567e-07	15	435
134		23454.25	4.267e-06	1.410e-02	1.029e-06	15	435
135		23644.28	4.267e-06	1.540e-02	9.522e-07	15	435
136		23836.93	4.267e-06	1.383e-02	7.653e-07	15	435
137		24031.28	4.267e-06	1.424e-02	7.653e-07	15	435
138		24220.39	4.267e-06	1.610e-02	7.586e-07	15	435
139		24410.12	4.267e-06	1.371e-02	7.534e-07	15	435
140		24597.61	4.267e-06	1.507e-02	7.308e-07	15	435
141		24809.64	4.267e-06	1.126e-02	7.153e-07	15	435
142		24995.44	4.267e-06	1.207e-02	6.962e-07	15	435
143		25184.29	4.267e-06	9.113e-03	6.596e-07	15	435
144		25362.17	4.267e-06	1.401e-02	5.449e-07	15	435
145		25545.94	4.267e-06	1.401e-02	4.860e-07	15	435
146		25726.60	4.267e-06	6.633e-03	4.349e-07	15	435
147		25915.14	4.267e-06	6.501e-03	3.867e-07	15	435
148		26107.01	4.267e-06	1.285e-02	3.183e-07	15	435
149		26292.50	4.267e-06	9.718e-03	0.000e+00	15	435
150		26481.71	4.132e-06	8.460e-03	1.346e-07	15	435
151		26677.91	3.900e-06	1.328e-02	3.670e-07	15	435
152		26865.65	3.734e-06	8.876e-03	5.331e-07	15	435
153		27053.33	3.641e-06	8.876e-03	6.259e-07	15	435
154		27246.88	3.361e-06	6.481e-03	9.058e-07	15	435
155		27414.62	3.079e-06	1.035e-02	1.188e-06	15	435
156		27586.34	2.830e-06	6.650e-03	1.437e-06	15	435
157		27764.21	2.751e-06	5.934e-03	1.517e-06	15	435
158		27938.79	2.744e-06	8.478e-03	1.523e-06	15	435
159		28108.97	2.710e-06	6.448e-03	1.558e-06	15	435
160		28275.90	2.611e-06	6.656e-03	1.656e-06	15	435
161		28456.64	2.516e-06	6.656e-03	1.751e-06	15	435
162		28625.94	2.480e-06	6.645e-03	1.787e-06	15	435
163		28790.80	2.423e-06	5.926e-03	1.844e-06	15	435
164		28951.91	2.385e-06	5.544e-03	1.882e-06	15	435
165		29104.61	2.371e-06	5.544e-03	1.762e-06	15	435
166		29264.07	2.340e-06	3.235e-03	1.560e-06	15	435
167		29438.25	2.272e-06	6.283e-03	1.462e-06	15	435
168		29607.53	2.253e-06	9.402e-04	1.388e-06	15	435
169		29771.55	2.188e-06	7.465e-03	1.174e-06	15	435
170		29936.54	2.140e-06	5.182e-03	9.394e-07	15	435
171		30109.12	2.118e-06	2.668e-03	7.122e-07	15	435
172		30324.37	2.054e-06	1.969e-04	6.965e-07	15	435
173		30552.58	2.006e-06	9.930e-05	7.376e-07	15	435
174		30745.03	1.982e-06	5.414e-05	7.272e-07	15	435
175		30894.43	1.879e-06	3.368e-05	7.320e-07	15	435
176		31057.28	1.798e-06	3.019e-05	7.172e-07	15	435
177		31223.92	1.785e-06	2.755e-05	6.945e-07	15	435
178		31385.34	1.773e-06	2.715e-05	6.498e-07	15	435
179		31543.59	1.745e-06	9.008e-03	6.404e-07	15	435
180		31691.82	1.737e-06	1.222e-02	6.336e-07	15	435
181		31860.75	1.727e-06	1.456e-02	6.124e-07	15	435
182		32026.42	1.719e-06	1.211e-02	5.521e-07	15	435
183		32189.16	1.701e-06	1.203e-02	5.518e-07	15	435
184		32370.97	1.689e-06	1.305e-02	4.988e-07	15	435
185		32553.38	1.667e-06	1.305e-02	4.730e-07	15	435
186		32740.59	1.654e-06	1.305e-02	4.642e-07	15	435
187		32903.23	1.635e-06	1.281e-02	4.188e-07	15	435
188		33061.98	1.626e-06	1.281e-02	3.801e-07	15	435
189		33219.28	1.607e-06	1.191e-02	3.756e-07	15	435
190		33366.88	1.580e-06	1.179e-02	2.988e-07	15	435
191		33533.58	1.560e-06	7.378e-03	2.383e-07	15	435
192		33696.32	1.542e-06	1.329e-02	2.433e-07	15	435
193		33857.87	1.536e-06	1.210e-02	2.370e-07	15	435
194		34015.41	1.523e-06	1.327e-02	2.216e-07	15	435
195		34177.01	1.515e-06	7.725e-03	2.223e-07	15	435
196		34337.96	1.509e-06	6.127e-03	2.185e-07	15	435
197		34503.80	1.503e-06	1.458e-02	2.166e-07	15	435
198		34662.08	1.498e-06	7.046e-03	2.037e-07	15	435
199		34820.46	1.493e-06	7.870e-03	1.960e-07	15	435
A	 = 2.76e+12,
C0	 = 1.0,0.0,
Cpa	 = 1042.49252407,1134.64192632,
Cpb	 = 0.0434845582616,0.116985946025,
E	 = 1.82e+05,
Hp	 = 101867.34089,
K	 = 20605.5813663,100000000.0,
Value	 = 1.49282759324e-06,
Xi	 = 0.733808674985,
eps	 = 0.916807392494,0.94,
ka	 = 0.303741371421,0.245058785721,
kb	 = 3.51162446655e-05,7.15634182574e-05,
n	 = 0.994751291013,
nO2	 = 0.0,
rho	 = 1683.0,1235.0,
Results saved to E:\projects\materialOptimizationNIJ\experiments\E_Glass_linear_dsc_M_BT/E_Glass_linear_dsc_M_BT_solution.txt
