D:\workspace\JENSENHUGHES\optimization\optimizationPaper\config\PMMA\../../results/PMMA/PMMAConstWide Log file
!!python/object/apply:collections.defaultdict
args:
- &id001 !!python/name:builtins.bool ''
dictitems:
  Duraboard:
    CprampF:
    - 1.0
    - 1.0
    CprampT:
    - 0
    - 5000
    eps: 0.8
    krampF:
    - 0.075932
    - 0.090229
    - 0.104522
    - 0.122143
    - 0.14158
    - 0.163436
    - 0.190738
    - 0.221975
    krampT:
    - 203.035
    - 317.4028
    - 426.9164
    - 536.4182
    - 647.3003
    - 757.4803
    - 867.6409
    - 981.2546
    rho: 258
    thickness: 0.0254
  XiState:
  - known
  cone:
    Tinit: 25
    activePhaseVars:
    - C0
    - rho
    - ka
    - kb
    - kc
    - kd
    - ke
    - Cpa
    - Cpb
    - Cpc
    - Cpd
    - Cpe
    - eps
    - K
    activeReactionVars:
    - A
    - E
    - n
    - Hp
    - nO2
    - Xi
    backBoundaryConditions:
      Tamb: 25
      htc: Auto
      type: INSULATED
    frontBoundaryConditions:
      Tamb: 25
      htc: Auto
    weight: 1.0
  cone1: !!python/object/apply:collections.defaultdict
    args:
    - *id001
    dictitems:
      Tinit: 25
      activePhaseVars:
      - C0
      - rho
      - ka
      - kb
      - kc
      - kd
      - ke
      - Cpa
      - Cpb
      - Cpc
      - Cpd
      - Cpe
      - eps
      - K
      activeReactionVars:
      - A
      - E
      - n
      - Hp
      - nO2
      - Xi
      backBoundaryConditions: !!python/object/apply:collections.defaultdict
        args:
        - *id001
        dictitems:
          Tamb: 25
          htc: Auto
          type: INSULATED
      columns:
      - 1
      depths:
      - 0
      file: ../../data/PMMA/PMMAConstNominal_0_cone_Mass.csv
      finalThickness: false
      frontBoundaryConditions: !!python/object/apply:collections.defaultdict
        args:
        - *id001
        dictitems:
          Tamb: 25
          heatFlux: 25
          htc: 15
      heatFlux: 20
      initialThickness: 0.008
      names:
      - Mass
      time: 0
      types:
      - 1
      weight: 1.0
      weights:
      - 1
      width1: 0.1016
      width2: 0.1016
  configDir: D:\workspace\JENSENHUGHES\optimization\optimizationPaper\config\PMMA\
  dataSources:
    names:
    - cone1
    types:
    - cone
  dsc:
    activePhaseVars:
    - C0
    - Cpa
    - Cpb
    - Cpc
    - Cpd
    - Cpe
    activeReactionVars:
    - A
    - E
    - n
    - Hp
    dscO2: None
    weight: 1.0
  fdsPath: C:\Program Files\FDS\FDS6\bin
  name: PMMAConstWide
  optimizeParams:
    absErr: 1e-7
    absRelErr: 1e-6
    elimThresh: 1e-2
    maxIter: 1000
    maxTime: 36000
    minIter: 5
    minP: 2
    opAlpha: 3
    opBeta: 3
    opP: 8
    opQ: 4
    opS: 16
    relErr: 1e-12
    relIter: 15
  outputParams:
    saveAllSamples: true
  phaseParams:
    C0:
    - - 1.0
      - 0
      - 1
    Cpa:
    - - None
      - 471.5
      - 7544
    Cpb:
    - - 0.0
      - 0.0
      - 0.0
    Cpc:
    - - 0.0
      - 0.0
      - 0.0
    Cpd:
    - - 0.0
      - 0.0
      - 0.0
    Cpe:
    - - 0
      - 0
      - 1
    K:
    - - None
      - 250
      - 4000
    eps:
    - - None
      - 0.2
      - 1.0
    ka:
    - - None
      - 0.06225
      - 0.996
    kb:
    - - 0.0
      - 0.0
      - 0.0
    kc:
    - - 0.0
      - 0.0
      - 0.0
    kd:
    - - 0.0
      - 0.0
      - 0.0
    ke:
    - - 0
      - 0
      - 1
    nO2:
    - - 0
      - 0
      - 1
    phases:
    - virgin
    rho:
    - - 1189.37
      - 1189.37
      - 1189.37
  processParams:
    maxProcesses: 4
    multiprocess: true
  reactionParams:
    A:
    - - None
      - 1.27e10
      - 2.032e11
    E:
    - - None
      - 3.925e4
      - 6.28e5
    Hp:
    - - None
      - 1.97e5
      - 3.152e6
    Xi:
    - - 0
      - 0
      - 1
    n:
    - - None
      - 0.2275
      - 3.64
    nO2:
    - - 0
      - 0
      - 1
    prodState:
    - -1
    reacState:
    - 0
    typeState:
    - 3
  reinitializeComplex: false
  restart: false
  resultsDir: ../../results/PMMA/
  systemDir: D:\workspace\JENSENHUGHES\optimization\sourceCode\optimizationpython\src
  tga:
    activePhaseVars:
    - C0
    - rho
    activeReactionVars:
    - A
    - E
    - n
    tgaO2: None
    tgaOpt: 1
    weight: 1.0
  virtualExperiment: false
Loop	t (s)	Error Min	Error Max	ErrorRel	Comp	Samples
0		15.26	8.344e-04	1.535e-02	1.000e+00	8	128
1		32.35	8.344e-04	1.535e-02	1.000e+00	8	128
2		50.65	3.400e-04	1.535e-02	1.000e+00	8	128
3		67.84	3.400e-04	1.535e-02	1.000e+00	8	128
4		86.34	3.012e-04	1.535e-02	1.000e+00	8	128
5		102.92	2.606e-04	1.535e-02	1.000e+00	8	128
6		121.31	2.431e-04	1.535e-02	1.000e+00	8	128
7		140.13	2.431e-04	1.535e-02	1.000e+00	8	128
8		159.42	2.203e-04	1.535e-02	1.000e+00	8	128
9		179.21	2.029e-04	1.535e-02	1.000e+00	8	128
10		198.20	1.995e-04	1.535e-02	1.000e+00	8	128
11		216.59	1.949e-04	1.535e-02	1.000e+00	8	128
12		237.27	1.891e-04	1.535e-02	1.000e+00	8	128
13		258.76	1.789e-04	1.535e-02	1.000e+00	8	128
14		277.25	1.383e-04	1.535e-02	1.000e+00	8	128
15		296.85	6.026e-05	1.535e-02	1.000e+00	8	128
16		315.84	6.026e-05	1.535e-02	7.741e-04	8	128
17		334.83	6.026e-05	1.535e-02	2.798e-04	8	128
18		354.02	6.026e-05	1.535e-02	2.798e-04	8	128
19		373.52	6.026e-05	1.535e-02	2.410e-04	8	128
20		394.71	6.026e-05	1.535e-02	2.003e-04	8	128
21		413.21	5.646e-05	1.535e-02	1.866e-04	8	128
22		433.30	5.519e-05	1.535e-02	1.879e-04	8	128
23		452.39	5.470e-05	1.535e-02	1.656e-04	8	128
24		471.30	5.470e-05	1.535e-02	1.482e-04	8	128
25		491.50	5.470e-05	1.535e-02	1.448e-04	8	128
26		512.70	5.421e-05	1.535e-02	1.407e-04	8	128
27		535.30	5.380e-05	1.535e-02	1.352e-04	8	128
28		557.80	5.370e-05	1.535e-02	1.252e-04	8	128
29		577.90	5.333e-05	1.535e-02	8.493e-05	8	128
30		598.70	5.292e-05	1.535e-02	7.335e-06	8	128
31		619.98	5.276e-05	1.535e-02	7.496e-06	8	128
32		640.59	5.276e-05	1.535e-02	7.496e-06	8	128
33		662.71	5.199e-05	1.535e-02	8.272e-06	8	128
34		687.02	5.043e-05	1.535e-02	9.828e-06	8	128
35		708.31	4.869e-05	1.535e-02	1.157e-05	8	128
36		729.51	4.822e-05	1.535e-02	8.233e-06	8	128
37		751.72	4.273e-05	1.535e-02	1.246e-05	8	128
38		773.33	4.126e-05	1.535e-02	1.344e-05	8	128
39		794.22	4.126e-05	1.535e-02	1.344e-05	8	128
40		813.52	4.126e-05	1.535e-02	1.344e-05	8	128
41		832.71	2.822e-05	1.535e-02	2.600e-05	8	128
42		854.43	2.822e-05	1.535e-02	2.559e-05	8	128
43		875.22	2.822e-05	1.535e-02	2.548e-05	8	128
44		896.63	2.822e-05	1.535e-02	2.511e-05	8	128
45		919.44	2.819e-05	1.535e-02	2.473e-05	8	128
46		939.34	2.591e-05	1.535e-02	2.685e-05	8	128
47		960.94	2.591e-05	1.535e-02	2.685e-05	8	128
48		982.94	2.591e-05	1.535e-02	2.607e-05	8	128
49		1006.65	2.566e-05	1.535e-02	2.477e-05	8	128
50		1028.57	2.556e-05	1.535e-02	2.314e-05	8	128
51		1051.99	2.549e-05	1.535e-02	2.274e-05	8	128
52		1076.99	2.549e-05	1.535e-02	1.725e-05	8	128
53		1100.00	2.541e-05	1.535e-02	1.585e-05	8	128
54		1123.52	2.537e-05	1.535e-02	1.589e-05	8	128
55		1144.53	2.527e-05	1.535e-02	1.599e-05	8	128
56		1167.34	2.527e-05	1.535e-02	2.945e-06	8	128
57		1191.55	2.519e-05	1.535e-02	3.025e-06	8	128
58		1213.25	2.508e-05	1.535e-02	3.136e-06	8	128
59		1238.27	2.473e-05	1.535e-02	3.487e-06	8	128
60		1262.48	2.466e-05	1.535e-02	3.534e-06	8	128
61		1285.01	2.459e-05	1.535e-02	1.326e-06	8	128
62		1308.42	2.452e-05	1.535e-02	1.394e-06	8	128
63		1329.23	2.447e-05	1.535e-02	1.439e-06	8	128
64		1352.44	2.435e-05	1.535e-02	1.308e-06	8	128
65		1376.15	2.427e-05	1.535e-02	1.284e-06	8	128
66		1397.45	2.422e-05	1.535e-02	1.264e-06	8	128
67		1419.25	2.419e-05	1.535e-02	1.292e-06	8	128
68		1440.77	2.417e-05	1.535e-02	1.240e-06	8	128
69		1465.48	2.417e-05	1.535e-02	1.203e-06	8	128
70		1487.57	2.413e-05	1.535e-02	1.135e-06	8	128
71		1510.38	2.404e-05	1.535e-02	1.229e-06	8	128
72		1534.38	2.403e-05	1.535e-02	1.162e-06	8	128
73		1558.38	2.376e-05	1.535e-02	1.322e-06	8	128
74		1580.70	2.349e-05	1.535e-02	1.241e-06	8	128
75		1604.41	2.321e-05	1.535e-02	1.450e-06	8	128
76		1628.35	2.313e-05	1.535e-02	1.461e-06	8	128
77		1651.46	2.306e-05	1.535e-02	1.460e-06	8	128
78		1673.87	2.305e-05	1.535e-02	1.425e-06	8	128
79		1694.86	2.305e-05	1.535e-02	1.300e-06	8	128
80		1711.83	2.295e-05	1.535e-02	1.324e-06	8	128
81		1728.61	2.295e-05	1.535e-02	1.275e-06	8	128
82		1744.28	2.295e-05	1.535e-02	1.247e-06	8	128
83		1761.05	2.293e-05	1.535e-02	1.237e-06	8	128
84		1777.52	2.292e-05	1.535e-02	1.245e-06	8	128
85		1795.69	2.291e-05	1.535e-02	1.224e-06	8	128
86		1814.07	2.289e-05	1.535e-02	1.149e-06	8	128
87		1831.74	2.289e-05	1.535e-02	1.140e-06	8	128
88		1848.82	2.289e-05	1.535e-02	8.703e-07	8	128
89		1867.89	2.288e-05	1.535e-02	6.091e-07	8	128
90		1883.26	2.287e-05	1.535e-02	3.358e-07	8	128
91		1900.34	2.287e-05	1.535e-02	2.555e-07	8	128
92		1917.31	2.287e-05	1.535e-02	1.919e-07	8	128
93		1933.49	2.287e-05	1.535e-02	1.810e-07	8	128
94		1950.76	2.287e-05	1.535e-02	1.820e-07	8	128
95		1967.44	2.285e-05	1.535e-02	9.476e-08	8	128
96		1983.42	2.285e-05	1.535e-02	9.487e-08	8	128
97		1999.90	2.285e-05	1.535e-02	1.006e-07	8	128
98		2018.57	2.284e-05	1.535e-02	9.156e-08	8	128
99		2036.05	2.284e-05	1.535e-02	8.595e-08	8	128
100		2053.13	2.283e-05	1.535e-02	8.118e-08	8	128
101		2071.10	2.283e-05	1.535e-02	6.197e-08	8	128
102		2089.58	2.283e-05	1.535e-02	5.924e-08	8	128
103		2107.75	2.283e-05	1.535e-02	5.865e-08	8	128
104		2126.13	2.283e-05	1.535e-02	4.988e-08	8	128
105		2143.70	2.283e-05	1.535e-02	4.588e-08	8	128
106		2159.80	2.282e-05	1.535e-02	4.682e-08	8	128
107		2177.88	2.282e-05	1.535e-02	4.426e-08	8	128
108		2195.44	2.282e-05	1.535e-02	4.413e-08	8	128
109		2212.41	2.282e-05	1.535e-02	4.285e-08	8	128
110		2230.78	2.282e-05	1.535e-02	2.773e-08	8	128
111		2247.65	2.282e-05	1.535e-02	2.942e-08	8	128
112		2264.42	2.282e-05	1.535e-02	2.417e-08	8	128
113		2282.20	2.282e-05	1.535e-02	1.735e-08	8	128
114		2298.88	2.282e-05	1.535e-02	1.680e-08	8	128
115		2314.96	2.282e-05	1.535e-02	1.393e-08	8	128
116		2332.24	2.281e-05	1.535e-02	1.538e-08	8	128
117		2349.21	2.281e-05	1.535e-02	1.430e-08	8	128
118		2366.01	2.281e-05	1.535e-02	1.514e-08	8	128
119		2383.48	2.281e-05	1.535e-02	1.514e-08	8	128
120		2399.85	2.281e-05	1.535e-02	1.244e-08	8	128
121		2416.13	2.281e-05	1.535e-02	1.150e-08	8	128
122		2432.20	2.281e-05	1.535e-02	1.117e-08	8	128
123		2450.37	2.281e-05	1.535e-02	1.117e-08	8	128
124		2468.34	2.281e-05	1.535e-02	1.117e-08	8	128
125		2488.21	2.281e-05	1.535e-02	1.117e-08	8	128
126		2507.49	2.281e-05	1.535e-02	9.371e-09	8	128
127		2524.95	2.281e-05	1.535e-02	9.248e-09	8	128
128		2542.43	2.281e-05	1.535e-02	7.936e-09	8	128
129		2560.50	2.281e-05	1.535e-02	6.270e-09	8	128
130		2579.17	2.281e-05	1.535e-02	3.223e-09	8	128
131		2597.34	2.281e-05	1.535e-02	1.776e-09	8	128
132		2616.11	2.281e-05	1.535e-02	1.776e-09	8	128
133		2635.79	2.281e-05	1.535e-02	9.366e-10	8	128
134		2652.76	2.281e-05	1.535e-02	9.366e-10	8	128
135		2670.73	2.281e-05	1.535e-02	9.366e-10	8	128
136		2688.91	2.281e-05	1.535e-02	9.366e-10	8	128
137		2708.20	2.281e-05	1.535e-02	3.884e-10	8	128
138		2726.27	2.281e-05	1.535e-02	3.884e-10	8	128
139		2747.25	2.281e-05	1.535e-02	3.884e-10	8	128
140		2765.92	2.281e-05	1.535e-02	3.884e-10	8	128
141		2787.00	2.281e-05	1.535e-02	3.884e-10	8	128
142		2806.77	2.281e-05	1.535e-02	7.138e-11	8	128
143		2824.85	2.281e-05	1.535e-02	7.138e-11	8	128
144		2845.33	2.281e-05	1.535e-02	7.138e-11	8	128
145		2863.80	2.281e-05	1.535e-02	7.138e-11	8	128
146		2883.27	2.281e-05	1.535e-02	7.138e-11	8	128
147		2901.95	2.281e-05	1.535e-02	7.138e-11	8	128
148		2920.62	2.281e-05	1.535e-02	7.138e-11	8	128
149		2939.79	2.281e-05	1.535e-02	7.138e-11	8	128
150		2959.47	2.281e-05	1.535e-02	7.138e-11	8	128
151		2978.34	2.281e-05	1.535e-02	7.138e-11	8	128
152		2997.61	2.281e-05	1.535e-02	0.000e+00	8	128
153		3016.88	2.281e-05	1.535e-02	0.000e+00	8	128
154		3036.75	2.281e-05	1.535e-02	0.000e+00	8	128
155		3056.54	2.281e-05	1.535e-02	0.000e+00	8	128
156		3074.61	2.281e-05	1.535e-02	0.000e+00	8	128
157		3093.88	2.281e-05	1.535e-02	0.000e+00	8	128
158		3114.95	2.281e-05	1.535e-02	0.000e+00	8	128
159		3134.73	2.281e-05	1.535e-02	0.000e+00	8	128
160		3152.80	2.281e-05	1.535e-02	0.000e+00	8	128
161		3172.08	2.281e-05	1.535e-02	0.000e+00	8	128
162		3189.04	2.281e-05	1.535e-02	0.000e+00	8	128
163		3207.62	1.977e-05	1.535e-02	3.037e-06	8	128
164		3228.09	1.977e-05	1.535e-02	3.037e-06	8	128
165		3247.36	1.779e-05	1.535e-02	5.019e-06	8	128
166		3267.13	1.744e-05	1.535e-02	5.371e-06	8	128
167		3287.61	1.744e-05	1.535e-02	5.371e-06	8	128
168		3306.20	1.744e-05	1.535e-02	5.371e-06	8	128
169		3326.08	1.744e-05	1.535e-02	5.371e-06	8	128
170		3345.96	1.744e-05	1.535e-02	5.371e-06	8	128
171		3365.63	1.744e-05	1.535e-02	5.371e-06	8	128
172		3384.41	1.709e-05	1.535e-02	5.724e-06	8	128
173		3404.80	1.689e-05	1.535e-02	5.921e-06	8	128
174		3424.67	1.621e-05	1.535e-02	6.607e-06	8	128
175		3443.36	1.621e-05	1.535e-02	6.607e-06	8	128
176		3464.34	1.615e-05	1.535e-02	6.659e-06	8	128
177		3482.42	1.599e-05	1.535e-02	6.822e-06	8	128
178		3502.90	1.526e-05	1.535e-02	4.510e-06	8	128
179		3521.50	1.526e-05	1.535e-02	4.510e-06	8	128
180		3541.28	1.526e-05	1.535e-02	2.529e-06	8	128
181		3560.06	1.496e-05	1.535e-02	2.482e-06	8	128
182		3580.44	1.487e-05	1.535e-02	2.574e-06	8	128
183		3599.71	1.464e-05	1.535e-02	2.800e-06	8	128
184		3619.59	1.464e-05	1.535e-02	2.800e-06	8	128
185		3639.96	1.439e-05	1.535e-02	3.049e-06	8	128
186		3659.83	1.418e-05	1.535e-02	3.265e-06	8	128
187		3679.61	1.417e-05	1.535e-02	2.923e-06	8	128
188		3699.48	1.410e-05	1.535e-02	2.787e-06	8	128
189		3719.36	1.385e-05	1.535e-02	2.360e-06	8	128
190		3738.53	1.381e-05	1.535e-02	2.391e-06	8	128
191		3757.82	1.379e-05	1.535e-02	2.366e-06	8	128
192		3777.09	1.378e-05	1.535e-02	2.212e-06	8	128
193		3797.47	1.375e-05	1.535e-02	1.519e-06	8	128
194		3817.95	1.375e-05	1.535e-02	1.519e-06	8	128
195		3837.12	1.375e-05	1.535e-02	1.519e-06	8	128
196		3859.30	1.373e-05	1.535e-02	1.226e-06	8	128
197		3876.89	1.362e-05	1.535e-02	1.251e-06	8	128
198		3897.27	1.362e-05	1.535e-02	1.025e-06	8	128
199		3917.64	1.327e-05	1.535e-02	1.368e-06	8	128
200		3938.72	1.327e-05	1.535e-02	1.119e-06	8	128
201		3958.49	1.313e-05	1.535e-02	1.043e-06	8	128
202		3979.47	1.312e-05	1.535e-02	1.042e-06	8	128
203		4000.54	1.287e-05	1.535e-02	1.237e-06	8	128
204		4020.92	1.275e-05	1.535e-02	1.095e-06	8	128
205		4040.19	1.262e-05	1.535e-02	1.192e-06	8	128
206		4058.86	1.258e-05	1.535e-02	1.212e-06	8	128
207		4078.14	1.252e-05	1.535e-02	1.261e-06	8	128
208		4097.41	1.252e-05	1.535e-02	1.227e-06	8	128
209		4117.19	1.252e-05	1.535e-02	1.227e-06	8	128
210		4136.47	1.251e-05	1.535e-02	1.238e-06	8	128
211		4155.14	1.251e-05	1.535e-02	1.226e-06	8	128
212		4175.51	1.250e-05	1.535e-02	1.120e-06	8	128
213		4195.39	1.249e-05	1.535e-02	1.127e-06	8	128
214		4216.97	1.248e-05	1.535e-02	7.903e-07	8	128
215		4235.64	1.241e-05	1.535e-02	8.621e-07	8	128
216		4256.62	1.240e-05	1.535e-02	7.341e-07	8	128
217		4277.70	1.235e-05	1.535e-02	7.726e-07	8	128
218		4296.87	1.235e-05	1.535e-02	5.163e-07	8	128
219		4316.65	1.235e-05	1.535e-02	3.994e-07	8	128
220		4336.02	1.234e-05	1.535e-02	2.820e-07	8	128
221		4354.69	1.212e-05	1.535e-02	4.570e-07	8	128
222		4373.97	1.204e-05	1.535e-02	4.783e-07	8	128
223		4393.25	1.197e-05	1.535e-02	5.478e-07	8	128
224		4414.83	1.190e-05	1.535e-02	6.161e-07	8	128
225		4434.70	1.187e-05	1.535e-02	6.376e-07	8	128
226		4453.37	1.187e-05	1.535e-02	6.376e-07	8	128
227		4470.85	1.185e-05	1.535e-02	6.471e-07	8	128
228		4489.52	1.184e-05	1.535e-02	6.519e-07	8	128
229		4507.60	1.184e-05	1.535e-02	6.450e-07	8	128
230		4527.47	1.183e-05	1.535e-02	5.863e-07	8	128
231		4547.25	1.182e-05	1.535e-02	5.760e-07	8	128
232		4566.42	1.182e-05	1.535e-02	5.314e-07	8	128
233		4587.00	1.182e-05	1.535e-02	5.314e-07	8	128
234		4606.87	1.182e-05	1.535e-02	5.348e-07	8	128
235		4626.05	1.182e-05	1.535e-02	5.252e-07	8	128
236		4644.73	1.181e-05	1.535e-02	3.032e-07	8	128
237		4664.00	1.181e-05	1.535e-02	2.247e-07	8	128
238		4683.27	1.181e-05	1.535e-02	1.563e-07	8	128
239		4701.35	1.181e-05	1.535e-02	8.864e-08	8	128
240		4720.62	1.181e-05	1.535e-02	5.680e-08	8	128
241		4739.89	1.181e-05	1.535e-02	5.731e-08	8	128
242		4760.27	1.181e-05	1.535e-02	3.772e-08	8	128
243		4778.95	1.181e-05	1.535e-02	2.591e-08	8	128
244		4795.32	1.181e-05	1.535e-02	2.641e-08	8	128
245		4814.59	1.181e-05	1.535e-02	1.366e-08	8	128
246		4832.66	1.181e-05	1.535e-02	1.225e-08	8	128
247		4850.74	1.181e-05	1.535e-02	9.486e-09	8	128
248		4868.81	1.181e-05	1.535e-02	9.486e-09	8	128
249		4887.48	1.181e-05	1.535e-02	6.146e-09	8	128
250		4906.76	1.181e-05	1.535e-02	4.862e-09	8	128
251		4926.53	1.181e-05	1.535e-02	4.244e-09	8	128
252		4945.21	1.181e-05	1.535e-02	4.244e-09	8	128
253		4964.48	1.181e-05	1.535e-02	6.276e-09	8	128
254		4983.75	1.181e-05	1.535e-02	8.114e-09	8	128
255		5003.03	1.180e-05	1.535e-02	1.207e-08	8	128
256		5022.21	1.179e-05	1.535e-02	1.804e-08	8	128
257		5043.28	1.178e-05	1.535e-02	3.124e-08	8	128
258		5063.05	1.178e-05	1.535e-02	3.124e-08	8	128
259		5082.43	1.178e-05	1.535e-02	3.137e-08	8	128
260		5102.20	1.178e-05	1.535e-02	3.107e-08	8	128
261		5121.48	1.178e-05	1.535e-02	3.300e-08	8	128
262		5139.05	1.178e-05	1.535e-02	3.191e-08	8	128
263		5158.32	1.178e-05	1.535e-02	3.242e-08	8	128
264		5176.90	1.178e-05	1.535e-02	3.356e-08	8	128
265		5196.28	1.178e-05	1.535e-02	3.356e-08	8	128
266		5216.65	1.178e-05	1.535e-02	3.359e-08	8	128
267		5235.93	1.178e-05	1.535e-02	3.428e-08	8	128
268		5255.80	1.178e-05	1.535e-02	3.111e-08	8	128
269		5276.29	1.177e-05	1.535e-02	3.016e-08	8	128
270		5293.97	1.177e-05	1.535e-02	2.620e-08	8	128
271		5311.34	1.177e-05	1.535e-02	1.977e-08	8	128
272		5328.35	1.177e-05	1.535e-02	6.460e-09	8	128
273		5345.25	1.177e-05	1.535e-02	6.460e-09	8	128
274		5362.84	1.177e-05	1.535e-02	7.271e-09	8	128
275		5379.82	1.177e-05	1.535e-02	7.271e-09	8	128
276		5397.10	1.177e-05	1.535e-02	6.649e-09	8	128
277		5413.60	1.177e-05	1.535e-02	6.649e-09	8	128
278		5430.49	1.177e-05	1.535e-02	6.136e-09	8	128
279		5448.08	1.177e-05	1.535e-02	5.565e-09	8	128
280		5462.96	1.177e-05	1.535e-02	5.565e-09	8	128
281		5480.75	1.177e-05	1.535e-02	5.532e-09	8	128
282		5498.25	1.177e-05	1.535e-02	4.845e-09	8	128
283		5515.64	1.177e-05	1.535e-02	4.845e-09	8	128
284		5532.83	1.177e-05	1.535e-02	3.633e-09	8	128
285		5551.61	1.177e-05	1.535e-02	3.842e-09	8	128
286		5569.60	1.177e-05	1.535e-02	4.469e-09	8	128
287		5586.78	1.177e-05	1.535e-02	4.469e-09	8	128
288		5603.06	1.165e-05	1.535e-02	1.244e-07	8	128
289		5619.15	1.165e-05	1.535e-02	1.230e-07	8	128
290		5637.54	1.165e-05	1.535e-02	1.230e-07	8	128
291		5655.13	1.165e-05	1.535e-02	1.217e-07	8	128
292		5672.11	1.163e-05	1.535e-02	1.374e-07	8	128
293		5690.19	1.159e-05	1.535e-02	1.840e-07	8	128
294		5706.97	1.159e-05	1.535e-02	1.834e-07	8	128
295		5723.45	1.159e-05	1.535e-02	1.834e-07	8	128
296		5740.73	1.144e-05	1.535e-02	3.348e-07	8	128
297		5757.92	1.144e-05	1.535e-02	3.348e-07	8	128
298		5774.61	1.143e-05	1.535e-02	3.458e-07	8	128
299		5793.09	1.142e-05	1.535e-02	3.513e-07	8	128
300		5810.28	1.142e-05	1.535e-02	3.511e-07	8	128
301		5827.66	1.134e-05	1.535e-02	4.353e-07	8	128
302		5845.64	1.122e-05	1.535e-02	5.510e-07	8	128
303		5863.63	1.122e-05	1.535e-02	4.310e-07	8	128
304		5881.61	1.115e-05	1.535e-02	5.040e-07	8	128
305		5900.70	1.115e-05	1.535e-02	5.040e-07	8	128
306		5918.51	1.115e-05	1.535e-02	5.040e-07	8	128
307		5935.61	1.103e-05	1.535e-02	6.080e-07	8	128
308		5952.89	1.103e-05	1.535e-02	5.614e-07	8	128
309		5970.99	1.103e-05	1.535e-02	5.614e-07	8	128
310		5987.58	1.103e-05	1.535e-02	5.614e-07	8	128
311		6005.81	1.103e-05	1.535e-02	4.100e-07	8	128
312		6022.91	1.103e-05	1.535e-02	4.100e-07	8	128
313		6039.61	1.092e-05	1.535e-02	5.010e-07	8	128
314		6056.29	1.092e-05	1.535e-02	4.952e-07	8	128
315		6074.27	1.092e-05	1.535e-02	4.952e-07	8	128
316		6090.75	1.092e-05	1.535e-02	4.103e-07	8	128
317		6107.85	1.085e-05	1.535e-02	3.734e-07	8	128
318		6124.94	1.085e-05	1.535e-02	3.734e-07	8	128
319		6142.41	1.085e-05	1.535e-02	3.004e-07	8	128
320		6160.92	1.074e-05	1.535e-02	4.088e-07	8	128
321		6178.52	1.074e-05	1.535e-02	4.088e-07	8	128
322		6195.72	1.068e-05	1.535e-02	3.473e-07	8	128
323		6213.50	1.068e-05	1.535e-02	3.473e-07	8	128
324		6231.19	1.061e-05	1.535e-02	4.133e-07	8	128
325		6248.57	1.061e-05	1.535e-02	4.133e-07	8	128
326		6266.28	1.061e-05	1.535e-02	4.133e-07	8	128
327		6284.76	1.061e-05	1.535e-02	4.133e-07	8	128
328		6302.36	1.061e-05	1.535e-02	3.114e-07	8	128
329		6320.26	1.061e-05	1.535e-02	3.114e-07	8	128
330		6339.07	1.061e-05	1.535e-02	3.114e-07	8	128
331		6356.55	1.030e-05	1.535e-02	6.214e-07	8	128
332		6374.05	1.030e-05	1.535e-02	5.426e-07	8	128
333		6391.08	1.030e-05	1.535e-02	5.426e-07	8	128
334		6409.88	1.029e-05	1.535e-02	5.526e-07	8	128
335		6427.57	1.028e-05	1.535e-02	4.563e-07	8	128
336		6446.18	1.028e-05	1.535e-02	4.573e-07	8	128
337		6463.18	1.027e-05	1.535e-02	4.098e-07	8	128
338		6481.57	1.026e-05	1.535e-02	4.184e-07	8	128
339		6499.16	1.026e-05	1.535e-02	3.523e-07	8	128
340		6516.84	1.026e-05	1.535e-02	3.523e-07	8	128
341		6534.93	1.026e-05	1.535e-02	3.523e-07	8	128
342		6553.04	1.026e-05	1.535e-02	3.523e-07	8	128
343		6572.35	1.025e-05	1.535e-02	3.638e-07	8	128
344		6591.88	1.025e-05	1.535e-02	3.638e-07	8	128
345		6610.58	1.025e-05	1.535e-02	3.638e-07	8	128
346		6627.66	1.025e-05	1.535e-02	5.383e-08	8	128
347		6645.05	1.025e-05	1.535e-02	5.383e-08	8	128
348		6662.53	1.024e-05	1.535e-02	5.943e-08	8	128
349		6680.32	1.024e-05	1.535e-02	4.948e-08	8	128
350		6698.02	1.024e-05	1.535e-02	3.735e-08	8	128
351		6714.19	1.024e-05	1.535e-02	3.635e-08	8	128
Complex 1 eliminated with parameter deviation 8.57e-03
352		6733.07	1.024e-05	1.680e-03	2.566e-08	7	112
353		6749.27	1.023e-05	8.984e-03	3.061e-08	7	112
354		6764.25	1.023e-05	8.984e-03	3.061e-08	7	112
Complex 1 eliminated with parameter deviation 8.56e-03
355		6780.34	1.023e-05	4.371e-04	3.061e-08	6	96
356		6796.54	1.022e-05	1.533e-02	3.773e-08	6	96
357		6812.13	1.022e-05	1.533e-02	3.884e-08	6	96
358		6826.10	1.022e-05	1.535e-02	2.735e-08	6	96
359		6842.69	1.013e-05	1.535e-02	1.203e-07	6	96
360		6858.37	1.010e-05	1.535e-02	1.524e-07	6	96
361		6875.36	1.010e-05	1.535e-02	1.524e-07	6	96
362		6892.44	1.010e-05	1.535e-02	1.524e-07	6	96
363		6909.22	1.010e-05	1.535e-02	1.468e-07	6	96
364		6926.39	1.010e-05	1.535e-02	1.476e-07	6	96
365		6944.46	1.010e-05	1.535e-02	1.476e-07	6	96
366		6958.24	1.009e-05	1.535e-02	1.504e-07	6	96
367		6973.71	1.009e-05	1.535e-02	1.504e-07	6	96
368		6989.38	1.009e-05	1.535e-02	1.369e-07	6	96
369		7005.76	1.009e-05	1.535e-02	1.369e-07	6	96
370		7020.93	1.009e-05	1.535e-02	1.369e-07	6	96
371		7035.40	1.009e-05	1.535e-02	1.355e-07	6	96
372		7051.38	1.009e-05	1.535e-02	1.343e-07	6	96
373		7065.86	1.009e-05	1.535e-02	1.343e-07	6	96
374		7081.93	1.008e-05	1.535e-02	4.760e-08	6	96
375		7097.61	1.008e-05	1.535e-02	1.554e-08	6	96
376		7114.13	1.008e-05	1.535e-02	1.554e-08	6	96
377		7131.02	1.006e-05	1.535e-02	3.714e-08	6	96
378		7146.42	1.006e-05	1.535e-02	3.714e-08	6	96
379		7162.72	1.006e-05	1.535e-02	3.630e-08	6	96
380		7178.32	1.005e-05	1.535e-02	5.029e-08	6	96
381		7194.82	1.003e-05	1.535e-02	6.197e-08	6	96
382		7212.62	1.002e-05	1.535e-02	6.911e-08	6	96
383		7228.51	1.002e-05	1.535e-02	6.911e-08	6	96
384		7245.78	1.001e-05	1.535e-02	8.047e-08	6	96
385		7260.95	1.001e-05	1.535e-02	8.047e-08	6	96
386		7277.54	1.001e-05	1.535e-02	7.476e-08	6	96
387		7293.03	1.001e-05	1.535e-02	7.953e-08	6	96
388		7309.61	1.001e-05	1.535e-02	7.953e-08	6	96
389		7326.57	1.001e-05	1.535e-02	7.330e-08	6	96
390		7341.05	1.001e-05	1.535e-02	7.330e-08	6	96
391		7358.02	1.001e-05	1.535e-02	7.330e-08	6	96
392		7375.39	1.001e-05	1.535e-02	5.170e-08	6	96
393		7391.38	1.001e-05	1.535e-02	5.170e-08	6	96
394		7408.05	1.001e-05	1.535e-02	5.170e-08	6	96
395		7424.62	1.001e-05	1.535e-02	3.771e-08	6	96
396		7438.98	1.001e-05	1.535e-02	2.326e-08	6	96
397		7454.95	1.001e-05	1.535e-02	1.613e-08	6	96
398		7470.33	1.001e-05	1.535e-02	1.613e-08	6	96
399		7486.51	1.001e-05	1.535e-02	6.790e-09	6	96
400		7502.70	1.001e-05	1.535e-02	6.790e-09	6	96
401		7520.18	1.001e-05	1.535e-02	6.790e-09	6	96
402		7535.07	1.001e-05	1.535e-02	2.019e-09	6	96
403		7551.25	1.001e-05	1.535e-02	2.019e-09	6	96
404		7567.12	1.001e-05	1.535e-02	2.019e-09	6	96
405		7583.39	1.001e-05	1.535e-02	2.019e-09	6	96
406		7601.17	1.001e-05	1.535e-02	2.019e-09	6	96
407		7618.06	1.001e-05	1.535e-02	2.019e-09	6	96
408		7632.54	1.001e-05	1.535e-02	2.019e-09	6	96
409		7648.62	1.001e-05	1.535e-02	2.019e-09	6	96
410		7665.19	1.001e-05	1.535e-02	2.019e-09	6	96
411		7681.97	1.001e-05	1.535e-02	2.019e-09	6	96
412		7697.54	1.001e-05	1.535e-02	2.019e-09	6	96
413		7713.02	1.001e-05	1.535e-02	2.019e-09	6	96
414		7728.50	1.001e-05	1.535e-02	0.000e+00	6	96
415		7743.28	1.000e-05	1.535e-02	1.754e-09	6	96
416		7760.57	1.000e-05	1.535e-02	2.830e-09	6	96
417		7777.14	1.000e-05	1.535e-02	2.830e-09	6	96
418		7793.72	1.000e-05	1.535e-02	2.830e-09	6	96
419		7810.80	1.000e-05	1.535e-02	2.830e-09	6	96
420		7826.61	1.000e-05	1.535e-02	2.830e-09	6	96
421		7841.89	1.000e-05	1.535e-02	2.830e-09	6	96
422		7858.17	1.000e-05	1.535e-02	2.830e-09	6	96
423		7873.45	1.000e-05	1.535e-02	2.830e-09	6	96
424		7888.83	1.000e-05	1.535e-02	2.830e-09	6	96
425		7904.21	1.000e-05	1.535e-02	2.830e-09	6	96
426		7921.21	1.000e-05	1.535e-02	2.830e-09	6	96
427		7936.19	9.995e-06	1.535e-02	1.106e-08	6	96
428		7953.06	9.995e-06	1.535e-02	1.106e-08	6	96
429		7970.06	9.995e-06	1.535e-02	1.106e-08	6	96
430		7986.96	9.995e-06	1.535e-02	9.311e-09	6	96
431		8002.65	9.995e-06	1.535e-02	8.234e-09	6	96
432		8019.05	9.995e-06	1.535e-02	8.234e-09	6	96
433		8035.75	9.995e-06	1.535e-02	8.234e-09	6	96
434		8052.75	9.995e-06	1.535e-02	8.234e-09	6	96
435		8068.64	9.995e-06	1.535e-02	8.234e-09	6	96
436		8084.73	9.991e-06	1.535e-02	1.259e-08	6	96
437		8100.11	9.991e-06	1.535e-02	1.259e-08	6	96
438		8116.51	9.991e-06	1.535e-02	1.259e-08	6	96
439		8132.30	9.991e-06	1.535e-02	1.259e-08	6	96
440		8149.29	9.991e-06	1.535e-02	1.259e-08	6	96
441		8165.08	9.991e-06	1.535e-02	1.259e-08	6	96
442		8181.47	9.991e-06	1.535e-02	4.354e-09	6	96
443		8196.97	9.991e-06	1.535e-02	4.354e-09	6	96
444		8213.76	9.991e-06	1.535e-02	4.354e-09	6	96
445		8230.06	9.991e-06	1.535e-02	4.354e-09	6	96
446		8245.55	9.991e-06	1.535e-02	4.354e-09	6	96
447		8261.65	9.991e-06	1.535e-02	4.354e-09	6	96
448		8277.35	9.984e-06	1.535e-02	1.110e-08	6	96
449		8293.53	9.984e-06	1.535e-02	1.110e-08	6	96
450		8310.22	9.984e-06	1.535e-02	1.110e-08	6	96
451		8324.21	9.984e-06	1.535e-02	6.751e-09	6	96
452		8339.51	9.984e-06	1.535e-02	6.751e-09	6	96
453		8356.20	9.984e-06	1.535e-02	6.751e-09	6	96
454		8373.51	9.984e-06	1.535e-02	6.751e-09	6	96
455		8390.18	9.984e-06	1.535e-02	6.751e-09	6	96
456		8406.27	9.984e-06	1.535e-02	6.751e-09	6	96
457		8422.57	9.984e-06	1.535e-02	6.751e-09	6	96
458		8438.78	9.984e-06	1.535e-02	6.751e-09	6	96
459		8455.27	9.984e-06	1.535e-02	6.751e-09	6	96
460		8471.57	9.984e-06	1.535e-02	6.751e-09	6	96
461		8488.55	9.984e-06	1.535e-02	6.751e-09	6	96
462		8506.15	9.984e-06	1.535e-02	6.751e-09	6	96
463		8523.14	9.984e-06	1.535e-02	0.000e+00	6	96
464		8539.82	9.984e-06	1.535e-02	0.000e+00	6	96
465		8557.21	9.984e-06	1.535e-02	0.000e+00	6	96
466		8574.40	9.984e-06	1.535e-02	0.000e+00	6	96
467		8591.29	9.984e-06	1.535e-02	0.000e+00	6	96
468		8608.99	9.984e-06	1.535e-02	0.000e+00	6	96
469		8623.56	9.984e-06	1.535e-02	0.000e+00	6	96
470		8639.93	9.984e-06	1.535e-02	0.000e+00	6	96
471		8656.20	9.984e-06	1.535e-02	0.000e+00	6	96
472		8672.88	9.984e-06	1.535e-02	0.000e+00	6	96
473		8689.07	9.984e-06	1.535e-02	0.000e+00	6	96
474		8705.15	9.984e-06	1.535e-02	0.000e+00	6	96
475		8721.45	9.984e-06	1.535e-02	0.000e+00	6	96
476		8737.93	9.984e-06	1.535e-02	0.000e+00	6	96
477		8753.92	9.984e-06	1.535e-02	0.000e+00	6	96
478		8770.49	9.984e-06	1.535e-02	0.000e+00	6	96
479		8785.98	9.868e-06	1.535e-02	1.160e-07	6	96
480		8800.27	9.868e-06	1.535e-02	1.160e-07	6	96
481		8816.45	9.868e-06	1.535e-02	1.160e-07	6	96
482		8832.54	9.868e-06	1.535e-02	1.160e-07	6	96
483		8848.71	9.868e-06	1.535e-02	1.160e-07	6	96
484		8865.08	9.868e-06	1.535e-02	1.160e-07	6	96
485		8880.36	9.865e-06	1.535e-02	1.189e-07	6	96
486		8896.54	9.865e-06	1.535e-02	1.189e-07	6	96
487		8912.02	9.865e-06	1.535e-02	1.189e-07	6	96
488		8927.79	9.865e-06	1.535e-02	1.189e-07	6	96
489		8944.67	9.865e-06	1.535e-02	1.189e-07	6	96
490		8961.76	9.865e-06	1.535e-02	1.189e-07	6	96
491		8977.74	9.865e-06	1.535e-02	1.189e-07	6	96
492		8993.82	9.865e-06	1.535e-02	1.189e-07	6	96
493		9009.91	9.865e-06	1.535e-02	1.189e-07	6	96
494		9026.49	9.865e-06	1.535e-02	2.907e-09	6	96
495		9042.47	9.865e-06	1.535e-02	2.907e-09	6	96
496		9058.25	9.865e-06	1.535e-02	2.907e-09	6	96
497		9075.74	9.860e-06	1.535e-02	8.592e-09	6	96
498		9091.13	9.860e-06	1.535e-02	8.592e-09	6	96
499		9107.52	9.860e-06	1.535e-02	8.592e-09	6	96
500		9124.08	9.860e-06	1.535e-02	5.685e-09	6	96
501		9140.26	9.860e-06	1.535e-02	5.685e-09	6	96
502		9156.35	9.860e-06	1.535e-02	5.685e-09	6	96
503		9171.55	9.860e-06	1.535e-02	5.685e-09	6	96
504		9187.56	9.860e-06	1.535e-02	5.685e-09	6	96
505		9204.45	9.860e-06	1.535e-02	5.685e-09	6	96
506		9221.53	9.827e-06	1.535e-02	3.820e-08	6	96
507		9238.21	9.827e-06	1.535e-02	3.820e-08	6	96
508		9254.00	9.827e-06	1.535e-02	3.820e-08	6	96
509		9270.58	9.827e-06	1.535e-02	3.820e-08	6	96
510		9285.97	9.799e-06	1.535e-02	6.623e-08	6	96
511		9302.65	9.799e-06	1.535e-02	6.623e-08	6	96
512		9319.55	9.799e-06	1.535e-02	6.055e-08	6	96
513		9337.46	9.799e-06	1.535e-02	6.055e-08	6	96
514		9354.65	9.799e-06	1.535e-02	6.055e-08	6	96
515		9371.65	9.670e-06	1.535e-02	1.899e-07	6	96
516		9390.06	9.607e-06	1.535e-02	2.530e-07	6	96
517		9407.47	9.364e-06	1.535e-02	4.952e-07	6	96
518		9423.86	9.364e-06	1.535e-02	4.952e-07	6	96
519		9439.47	8.991e-06	1.535e-02	8.688e-07	6	96
520		9455.87	8.951e-06	1.535e-02	9.088e-07	6	96
521		9473.29	8.865e-06	1.535e-02	9.625e-07	6	96
522		9489.98	8.865e-06	1.535e-02	9.625e-07	6	96
523		9505.57	8.828e-06	1.535e-02	9.986e-07	6	96
524		9522.07	8.466e-06	1.535e-02	1.362e-06	6	96
525		9537.06	7.939e-06	1.535e-02	1.860e-06	6	96
526		9553.07	7.841e-06	1.535e-02	1.958e-06	6	96
527		9569.68	7.650e-06	1.535e-02	2.149e-06	6	96
528		9585.99	7.643e-06	1.535e-02	2.156e-06	6	96
529		9602.39	7.601e-06	1.535e-02	2.198e-06	6	96
530		9619.69	7.599e-06	1.535e-02	2.071e-06	6	96
531		9635.29	7.594e-06	1.535e-02	2.012e-06	6	96
532		9652.99	7.580e-06	1.535e-02	1.785e-06	6	96
533		9670.40	7.569e-06	1.535e-02	1.795e-06	6	96
534		9686.69	7.566e-06	1.535e-02	1.425e-06	6	96
535		9701.90	7.526e-06	1.535e-02	1.425e-06	6	96
536		9718.89	7.512e-06	1.535e-02	1.353e-06	6	96
537		9735.69	7.455e-06	1.535e-02	1.409e-06	6	96
538		9751.48	7.279e-06	1.535e-02	1.549e-06	6	96
539		9766.99	7.222e-06	1.535e-02	1.243e-06	6	96
540		9783.19	7.211e-06	1.535e-02	7.283e-07	6	96
541		9799.99	7.211e-06	1.535e-02	6.302e-07	6	96
542		9817.39	7.177e-06	1.535e-02	4.729e-07	6	96
543		9832.98	7.167e-06	1.535e-02	4.764e-07	6	96
544		9849.66	7.167e-06	1.535e-02	4.345e-07	6	96
545		9864.84	7.167e-06	1.535e-02	4.324e-07	6	96
546		9879.83	7.166e-06	1.535e-02	4.289e-07	6	96
547		9897.22	7.161e-06	1.535e-02	4.188e-07	6	96
548		9913.42	7.153e-06	1.535e-02	4.156e-07	6	96
549		9929.90	7.153e-06	1.535e-02	4.128e-07	6	96
550		9946.50	7.148e-06	1.535e-02	3.778e-07	6	96
551		9961.09	7.128e-06	1.535e-02	3.831e-07	6	96
552		9977.36	7.118e-06	1.535e-02	3.371e-07	6	96
553		9993.96	7.085e-06	1.535e-02	1.941e-07	6	96
554		10010.06	7.084e-06	1.535e-02	1.385e-07	6	96
555		10026.03	7.076e-06	1.534e-02	1.348e-07	6	96
556		10042.73	7.074e-06	1.535e-02	1.368e-07	6	96
557		10060.13	7.067e-06	1.535e-02	1.096e-07	6	96
558		10077.30	7.065e-06	1.535e-02	1.018e-07	6	96
559		10092.60	7.053e-06	1.535e-02	1.138e-07	6	96
560		10109.61	7.042e-06	1.535e-02	1.247e-07	6	96
561		10126.01	7.019e-06	1.535e-02	1.463e-07	6	96
562		10142.43	7.001e-06	1.535e-02	1.603e-07	6	96
563		10157.42	6.973e-06	1.535e-02	1.807e-07	6	96
564		10174.55	6.973e-06	1.535e-02	1.807e-07	6	96
565		10191.74	6.961e-06	1.535e-02	1.867e-07	6	96
566		10207.02	6.930e-06	1.535e-02	1.983e-07	6	96
567		10222.69	6.924e-06	1.535e-02	1.943e-07	6	96
568		10236.97	6.921e-06	1.535e-02	1.636e-07	6	96
569		10252.14	6.822e-06	1.535e-02	2.620e-07	6	96
570		10267.51	6.752e-06	1.535e-02	3.241e-07	6	96
571		10282.78	6.751e-06	1.535e-02	3.227e-07	6	96
572		10298.34	6.709e-06	1.535e-02	3.583e-07	6	96
573		10314.83	6.677e-06	1.535e-02	3.883e-07	6	96
574		10331.51	6.614e-06	1.535e-02	4.385e-07	6	96
575		10347.39	6.477e-06	1.535e-02	5.651e-07	6	96
576		10363.57	6.477e-06	1.535e-02	5.424e-07	6	96
577		10380.46	6.453e-06	1.535e-02	5.477e-07	6	96
578		10395.83	6.399e-06	1.535e-02	5.737e-07	6	96
579		10413.01	6.363e-06	1.535e-02	6.095e-07	6	96
580		10429.49	6.194e-06	1.535e-02	7.677e-07	6	96
581		10445.37	5.617e-06	1.535e-02	1.313e-06	6	96
582		10460.54	5.617e-06	1.535e-02	1.307e-06	6	96
583		10476.92	5.617e-06	1.535e-02	1.304e-06	6	96
584		10493.50	5.617e-06	1.535e-02	1.205e-06	6	96
Complex 2 eliminated with parameter deviation 9.66e-03
585		10509.29	5.600e-06	5.534e-04	1.152e-06	5	80
586		10523.87	5.523e-06	1.535e-02	1.228e-06	5	80
Complex 2 eliminated with parameter deviation 9.47e-03
587		10539.26	5.495e-06	8.476e-05	1.214e-06	4	64
Complex 2 eliminated with parameter deviation 7.81e-03
588		10549.75	5.208e-06	1.168e-05	1.469e-06	3	48
589		10558.92	5.192e-06	1.535e-02	1.422e-06	3	48
590		10568.07	5.169e-06	1.535e-02	1.308e-06	3	48
591		10576.83	5.069e-06	1.535e-02	1.408e-06	3	48
592		10585.88	4.921e-06	1.535e-02	1.532e-06	3	48
593		10594.24	4.921e-06	1.535e-02	1.478e-06	3	48
594		10602.59	4.874e-06	1.535e-02	1.490e-06	3	48
595		10611.34	4.874e-06	1.535e-02	1.320e-06	3	48
596		10620.20	4.852e-06	1.535e-02	7.652e-07	3	48
597		10628.95	4.798e-06	1.535e-02	8.197e-07	3	48
598		10638.20	4.792e-06	1.535e-02	8.249e-07	3	48
599		10647.26	4.769e-06	1.535e-02	8.479e-07	3	48
600		10656.82	4.762e-06	1.535e-02	8.374e-07	3	48
601		10666.37	4.749e-06	1.535e-02	7.736e-07	3	48
602		10674.12	4.749e-06	1.535e-02	7.458e-07	3	48
603		10683.08	4.745e-06	1.535e-02	4.632e-07	3	48
604		10692.75	4.745e-06	1.535e-02	4.477e-07	3	48
605		10701.80	4.743e-06	1.535e-02	4.255e-07	3	48
606		10710.26	4.743e-06	1.535e-02	3.268e-07	3	48
Complex 1 eliminated with parameter deviation 7.28e-03
607		10718.71	4.743e-06	2.927e-05	1.782e-07	2	32
608		10725.88	4.743e-06	2.927e-05	1.782e-07	2	32
609		10733.33	4.741e-06	2.927e-05	1.324e-07	2	32
610		10741.78	4.741e-06	2.061e-05	1.326e-07	2	32
611		10750.23	4.741e-06	1.535e-02	1.110e-07	2	32
612		10757.98	4.741e-06	1.519e-02	5.679e-08	2	32
613		10763.73	4.741e-06	1.519e-02	5.157e-08	2	32
614		10772.58	4.741e-06	1.519e-02	2.878e-08	2	32
615		10780.13	4.741e-06	1.519e-02	2.158e-08	2	32
616		10788.39	4.741e-06	1.427e-02	8.678e-09	2	32
617		10796.95	4.740e-06	1.427e-02	9.503e-09	2	32
618		10804.69	4.740e-06	1.535e-02	4.839e-09	2	32
619		10813.65	4.740e-06	1.535e-02	4.839e-09	2	32
620		10820.60	4.739e-06	1.535e-02	4.171e-09	2	32
621		10828.77	4.739e-06	1.535e-02	3.401e-09	2	32
622		10837.34	4.739e-06	1.535e-02	3.401e-09	2	32
623		10845.91	4.739e-06	1.535e-02	3.315e-09	2	32
624		10854.48	4.739e-06	1.535e-02	2.042e-09	2	32
625		10863.24	4.739e-06	1.535e-02	1.866e-09	2	32
626		10871.20	4.739e-06	1.535e-02	1.866e-09	2	32
627		10878.66	4.739e-06	1.535e-02	1.604e-09	2	32
628		10886.23	4.739e-06	1.535e-02	1.851e-09	2	32
629		10893.69	4.739e-06	1.535e-02	1.673e-09	2	32
630		10901.05	4.736e-06	1.535e-02	5.154e-09	2	32
631		10909.40	4.736e-06	1.535e-02	5.154e-09	2	32
632		10916.15	4.736e-06	1.535e-02	4.329e-09	2	32
633		10924.40	4.724e-06	1.535e-02	1.625e-08	2	32
634		10932.15	4.724e-06	1.535e-02	1.625e-08	2	32
635		10939.70	4.724e-06	1.535e-02	1.565e-08	2	32
636		10947.56	4.720e-06	1.535e-02	1.938e-08	2	32
637		10955.72	4.716e-06	1.535e-02	2.316e-08	2	32
638		10963.67	4.716e-06	1.535e-02	2.359e-08	2	32
639		10972.43	4.715e-06	1.535e-02	2.403e-08	2	32
640		10980.58	4.715e-06	1.535e-02	2.453e-08	2	32
641		10988.63	4.712e-06	1.535e-02	2.680e-08	2	32
642		10996.29	4.712e-06	1.535e-02	2.680e-08	2	32
643		11004.85	4.712e-06	1.535e-02	2.669e-08	2	32
644		11013.01	4.711e-06	1.535e-02	2.755e-08	2	32
645		11022.37	4.710e-06	1.535e-02	2.603e-08	2	32
646		11029.51	4.710e-06	1.535e-02	2.603e-08	2	32
647		11039.28	4.710e-06	1.535e-02	2.603e-08	2	32
648		11047.03	4.710e-06	1.535e-02	1.411e-08	2	32
649		11055.08	4.710e-06	1.535e-02	1.411e-08	2	32
650		11063.15	4.710e-06	1.535e-02	1.411e-08	2	32
651		11071.70	4.710e-06	1.535e-02	1.039e-08	2	32
652		11078.95	4.710e-06	1.535e-02	6.607e-09	2	32
653		11086.50	4.710e-06	1.535e-02	6.170e-09	2	32
654		11093.74	4.710e-06	1.535e-02	5.737e-09	2	32
655		11101.90	4.710e-06	1.535e-02	5.233e-09	2	32
656		11110.15	4.710e-06	1.535e-02	2.966e-09	2	32
657		11118.00	4.710e-06	1.535e-02	2.966e-09	2	32
658		11125.15	4.710e-06	1.535e-02	2.826e-09	2	32
659		11132.80	4.710e-06	1.535e-02	1.965e-09	2	32
660		11141.46	4.710e-06	1.535e-02	0.000e+00	2	32
661		11149.81	4.710e-06	1.535e-02	0.000e+00	2	32
662		11157.25	4.710e-06	1.535e-02	0.000e+00	2	32
663		11166.51	4.708e-06	1.535e-02	1.961e-09	2	32
664		11172.86	4.708e-06	1.535e-02	1.961e-09	2	32
665		11181.81	4.708e-06	1.535e-02	1.961e-09	2	32
666		11189.06	4.708e-06	1.535e-02	1.961e-09	2	32
667		11196.52	4.708e-06	1.535e-02	1.961e-09	2	32
668		11203.37	4.708e-06	1.535e-02	1.961e-09	2	32
669		11210.91	4.708e-06	1.535e-02	1.961e-09	2	32
670		11218.06	4.707e-06	1.535e-02	2.250e-09	2	32
671		11226.52	4.707e-06	1.535e-02	2.660e-09	2	32
672		11234.78	4.706e-06	1.535e-02	3.081e-09	2	32
673		11243.03	4.706e-06	1.535e-02	3.081e-09	2	32
674		11249.68	4.706e-06	1.535e-02	3.081e-09	2	32
675		11257.53	4.706e-06	1.535e-02	3.081e-09	2	32
676		11264.21	4.706e-06	1.535e-02	3.081e-09	2	32
677		11272.07	4.704e-06	1.535e-02	5.506e-09	2	32
678		11279.93	4.704e-06	1.535e-02	3.545e-09	2	32
679		11286.18	4.704e-06	1.535e-02	3.545e-09	2	32
680		11295.35	4.703e-06	1.535e-02	4.455e-09	2	32
681		11303.51	4.702e-06	1.535e-02	5.554e-09	2	32
682		11310.06	4.702e-06	1.535e-02	5.554e-09	2	32
683		11317.62	4.702e-06	1.535e-02	5.554e-09	2	32
684		11325.17	4.702e-06	1.535e-02	5.622e-09	2	32
685		11331.83	4.702e-06	1.535e-02	5.386e-09	2	32
686		11339.78	4.692e-06	1.535e-02	1.445e-08	2	32
687		11348.34	4.692e-06	1.535e-02	1.403e-08	2	32
688		11355.69	4.692e-06	1.483e-02	1.448e-08	2	32
689		11364.06	4.690e-06	1.483e-02	1.679e-08	2	32
690		11371.62	4.679e-06	1.483e-02	2.777e-08	2	32
691		11381.19	4.669e-06	1.483e-02	3.725e-08	2	32
692		11389.75	4.665e-06	1.535e-02	3.883e-08	2	32
693		11397.71	4.665e-06	1.535e-02	3.883e-08	2	32
694		11403.86	4.660e-06	7.797e-03	4.413e-08	2	32
695		11411.32	4.653e-06	7.797e-03	4.996e-08	2	32
696		11419.48	4.646e-06	7.797e-03	5.552e-08	2	32
697		11426.93	4.646e-06	7.797e-03	5.552e-08	2	32
698		11434.89	4.644e-06	7.797e-03	5.839e-08	2	32
699		11442.75	4.642e-06	7.797e-03	5.976e-08	2	32
700		11449.71	4.637e-06	7.797e-03	6.471e-08	2	32
701		11458.99	4.631e-06	7.797e-03	6.096e-08	2	32
702		11466.05	4.631e-06	1.535e-02	6.096e-08	2	32
703		11474.71	4.631e-06	1.535e-02	6.051e-08	2	32
704		11481.85	4.631e-06	1.535e-02	5.903e-08	2	32
705		11489.01	4.631e-06	1.535e-02	4.805e-08	2	32
706		11496.48	4.631e-06	1.535e-02	3.857e-08	2	32
707		11503.23	4.630e-06	1.535e-02	3.480e-08	2	32
708		11509.67	4.630e-06	1.535e-02	3.518e-08	2	32
709		11518.35	4.630e-06	1.535e-02	2.988e-08	2	32
710		11526.60	4.630e-06	1.535e-02	2.314e-08	2	32
711		11533.57	4.630e-06	1.535e-02	1.684e-08	2	32
712		11541.22	4.630e-06	1.535e-02	1.684e-08	2	32
713		11550.37	4.630e-06	1.535e-02	1.397e-08	2	32
714		11559.52	4.630e-06	1.535e-02	1.253e-08	2	32
715		11566.98	4.629e-06	1.535e-02	7.707e-09	2	32
716		11574.43	4.629e-06	1.535e-02	2.064e-09	2	32
717		11581.89	4.629e-06	1.535e-02	2.064e-09	2	32
718		11589.16	4.629e-06	1.535e-02	2.064e-09	2	32
719		11597.41	4.629e-06	1.535e-02	1.363e-09	2	32
720		11604.96	4.629e-06	1.535e-02	1.363e-09	2	32
721		11614.01	4.629e-06	1.535e-02	1.363e-09	2	32
722		11621.77	4.629e-06	1.535e-02	1.118e-09	2	32
723		11630.43	4.629e-06	1.535e-02	7.401e-10	2	32
724		11639.09	4.629e-06	1.535e-02	7.401e-10	2	32
725		11646.16	4.629e-06	1.490e-02	7.401e-10	2	32
726		11654.61	4.629e-06	1.490e-02	3.816e-10	2	32
727		11661.37	4.629e-06	1.490e-02	3.816e-10	2	32
728		11668.42	4.629e-06	1.490e-02	7.929e-10	2	32
729		11676.28	4.629e-06	1.490e-02	7.929e-10	2	32
730		11684.63	4.629e-06	1.535e-02	6.210e-10	2	32
731		11693.39	4.629e-06	1.535e-02	5.319e-10	2	32
732		11701.74	4.629e-06	1.535e-02	5.319e-10	2	32
733		11710.70	4.629e-06	1.535e-02	5.319e-10	2	32
734		11719.75	4.629e-06	1.535e-02	4.113e-10	2	32
735		11727.72	4.629e-06	1.535e-02	4.113e-10	2	32
736		11735.07	4.629e-06	1.535e-02	4.113e-10	2	32
737		11742.03	4.629e-06	1.535e-02	4.113e-10	2	32
738		11750.80	4.629e-06	1.535e-02	4.113e-10	2	32
739		11759.57	4.629e-06	1.535e-02	4.113e-10	2	32
740		11767.34	4.629e-06	1.535e-02	4.113e-10	2	32
741		11775.81	4.629e-06	1.535e-02	4.113e-10	2	32
742		11782.77	4.629e-06	1.535e-02	4.113e-10	2	32
743		11791.63	4.629e-06	1.535e-02	0.000e+00	2	32
744		11800.09	4.629e-06	1.535e-02	0.000e+00	2	32
745		11806.95	4.629e-06	1.444e-02	0.000e+00	2	32
746		11814.81	4.629e-06	1.535e-02	0.000e+00	2	32
747		11822.48	4.629e-06	1.535e-02	0.000e+00	2	32
748		11830.74	4.629e-06	1.535e-02	0.000e+00	2	32
749		11839.50	4.629e-06	1.535e-02	0.000e+00	2	32
750		11847.36	4.629e-06	1.535e-02	0.000e+00	2	32
751		11855.52	4.629e-06	1.535e-02	0.000e+00	2	32
752		11863.48	4.629e-06	1.535e-02	0.000e+00	2	32
753		11870.03	4.629e-06	1.535e-02	0.000e+00	2	32
754		11878.19	4.629e-06	1.535e-02	0.000e+00	2	32
755		11886.03	4.629e-06	1.535e-02	0.000e+00	2	32
756		11893.08	4.629e-06	1.535e-02	0.000e+00	2	32
757		11899.42	4.629e-06	1.535e-02	0.000e+00	2	32
758		11908.17	4.629e-06	1.535e-02	0.000e+00	2	32
759		11915.02	4.629e-06	1.535e-02	0.000e+00	2	32
760		11922.88	4.629e-06	1.535e-02	0.000e+00	2	32
761		11931.15	4.629e-06	1.535e-02	0.000e+00	2	32
762		11940.02	4.629e-06	1.535e-02	0.000e+00	2	32
763		11948.88	4.629e-06	1.535e-02	0.000e+00	2	32
764		11957.24	4.629e-06	1.535e-02	0.000e+00	2	32
765		11965.21	4.629e-06	1.535e-02	0.000e+00	2	32
766		11973.57	4.629e-06	1.535e-02	0.000e+00	2	32
767		11982.42	4.629e-06	1.535e-02	0.000e+00	2	32
768		11991.29	4.629e-06	1.535e-02	0.000e+00	2	32
769		11997.94	4.629e-06	1.535e-02	0.000e+00	2	32
770		12005.89	4.629e-06	1.535e-02	0.000e+00	2	32
771		12013.63	4.629e-06	1.535e-02	0.000e+00	2	32
772		12021.48	4.629e-06	1.535e-02	0.000e+00	2	32
773		12029.74	4.629e-06	1.535e-02	0.000e+00	2	32
774		12037.39	4.628e-06	1.535e-02	8.024e-10	2	32
775		12045.23	4.628e-06	1.535e-02	8.024e-10	2	32
776		12051.98	4.628e-06	1.535e-02	8.024e-10	2	32
777		12060.53	4.628e-06	1.535e-02	8.024e-10	2	32
778		12066.89	4.628e-06	1.535e-02	8.024e-10	2	32
779		12074.34	4.628e-06	1.535e-02	9.631e-10	2	32
780		12081.19	4.628e-06	1.535e-02	9.631e-10	2	32
781		12087.83	4.626e-06	1.535e-02	2.765e-09	2	32
782		12095.38	4.626e-06	1.535e-02	2.896e-09	2	32
783		12103.82	4.622e-06	1.535e-02	7.225e-09	2	32
784		12111.57	4.622e-06	1.535e-02	7.225e-09	2	32
785		12119.13	4.622e-06	1.535e-02	7.225e-09	2	32
786		12127.08	4.622e-06	1.535e-02	7.225e-09	2	32
787		12135.63	4.616e-06	1.535e-02	1.290e-08	2	32
788		12143.88	4.616e-06	1.535e-02	1.290e-08	2	32
789		12152.83	4.616e-06	1.535e-02	1.210e-08	2	32
790		12161.38	4.615e-06	1.535e-02	1.324e-08	2	32
791		12169.83	4.615e-06	1.535e-02	1.324e-08	2	32
792		12177.88	4.614e-06	1.535e-02	1.373e-08	2	32
793		12185.33	4.614e-06	1.535e-02	1.381e-08	2	32
794		12193.99	4.613e-06	1.535e-02	1.475e-08	2	32
795		12203.04	4.613e-06	1.535e-02	1.475e-08	2	32
796		12210.28	4.613e-06	1.535e-02	1.337e-08	2	32
797		12218.03	4.610e-06	1.535e-02	1.546e-08	2	32
798		12227.59	4.610e-06	1.535e-02	1.113e-08	2	32
799		12233.84	4.608e-06	1.535e-02	1.385e-08	2	32
800		12240.90	4.605e-06	1.144e-02	1.680e-08	2	32
801		12248.65	4.604e-06	1.144e-02	1.739e-08	2	32
802		12256.30	4.604e-06	1.535e-02	1.183e-08	2	32
803		12265.25	4.604e-06	1.535e-02	1.183e-08	2	32
804		12273.30	4.602e-06	1.535e-02	1.351e-08	2	32
805		12281.56	4.602e-06	1.535e-02	1.237e-08	2	32
806		12290.31	4.602e-06	1.535e-02	1.237e-08	2	32
807		12297.86	4.602e-06	1.535e-02	1.188e-08	2	32
808		12306.11	4.602e-06	1.535e-02	1.212e-08	2	32
809		12314.65	4.602e-06	1.535e-02	1.108e-08	2	32
810		12322.50	4.602e-06	1.535e-02	1.123e-08	2	32
811		12330.35	4.602e-06	1.535e-02	1.095e-08	2	32
812		12336.70	4.602e-06	1.535e-02	8.737e-09	2	32
813		12344.25	4.602e-06	1.535e-02	8.737e-09	2	32
814		12351.30	4.602e-06	1.535e-02	6.014e-09	2	32
815		12359.85	4.602e-06	1.535e-02	3.229e-09	2	32
816		12367.80	4.601e-06	1.535e-02	2.724e-09	2	32
817		12376.85	4.601e-06	1.535e-02	2.606e-09	2	32
818		12384.00	4.601e-06	1.535e-02	2.606e-09	2	32
819		12392.56	4.601e-06	1.535e-02	9.273e-10	2	32
820		12401.41	4.601e-06	1.535e-02	9.273e-10	2	32
821		12409.36	4.601e-06	1.535e-02	9.273e-10	2	32
822		12417.81	4.601e-06	1.535e-02	9.273e-10	2	32
823		12426.16	4.601e-06	1.535e-02	6.016e-10	2	32
824		12433.60	4.601e-06	1.535e-02	5.441e-10	2	32
825		12440.35	4.601e-06	1.535e-02	3.897e-10	2	32
826		12446.40	4.601e-06	1.535e-02	2.445e-10	2	32
827		12454.75	4.601e-06	1.535e-02	2.445e-10	2	32
828		12463.70	4.601e-06	1.535e-02	2.445e-10	2	32
829		12472.25	4.601e-06	1.535e-02	2.445e-10	2	32
830		12479.60	4.601e-06	1.535e-02	2.056e-10	2	32
831		12487.65	4.601e-06	1.535e-02	1.279e-10	2	32
832		12496.30	4.601e-06	1.535e-02	1.279e-10	2	32
833		12505.15	4.601e-06	1.535e-02	1.279e-10	2	32
834		12513.50	4.601e-06	1.535e-02	1.279e-10	2	32
835		12521.65	4.601e-06	1.535e-02	1.279e-10	2	32
836		12529.30	4.601e-06	1.535e-02	1.279e-10	2	32
837		12536.95	4.601e-06	1.535e-02	1.279e-10	2	32
838		12544.61	4.601e-06	1.535e-02	1.279e-10	2	32
839		12551.66	4.601e-06	1.535e-02	1.279e-10	2	32
840		12558.71	4.601e-06	1.535e-02	1.279e-10	2	32
841		12565.56	4.601e-06	1.535e-02	1.279e-10	2	32
842		12573.21	4.601e-06	1.535e-02	1.279e-10	2	32
843		12580.86	4.601e-06	1.535e-02	1.360e-10	2	32
844		12589.91	4.601e-06	1.535e-02	1.360e-10	2	32
845		12597.96	4.601e-06	1.535e-02	8.031e-12	2	32
846		12606.31	4.601e-06	1.535e-02	8.031e-12	2	32
847		12612.16	4.601e-06	9.359e-03	8.031e-12	2	32
848		12620.01	4.601e-06	9.359e-03	3.985e-11	2	32
849		12626.45	4.601e-06	9.359e-03	3.985e-11	2	32
850		12634.80	4.601e-06	9.359e-03	3.985e-11	2	32
851		12642.25	4.601e-06	9.359e-03	4.198e-10	2	32
852		12649.20	4.601e-06	9.359e-03	4.198e-10	2	32
853		12656.95	4.601e-06	9.359e-03	4.198e-10	2	32
854		12662.50	4.600e-06	9.359e-03	8.851e-10	2	32
855		12670.05	4.600e-06	9.359e-03	1.543e-09	2	32
856		12678.00	4.599e-06	9.359e-03	2.104e-09	2	32
857		12685.65	4.599e-06	1.535e-02	2.104e-09	2	32
858		12692.80	4.599e-06	9.359e-03	2.096e-09	2	32
859		12700.95	4.599e-06	9.359e-03	2.370e-09	2	32
860		12709.40	4.599e-06	9.359e-03	2.614e-09	2	32
861		12718.05	4.599e-06	9.359e-03	2.658e-09	2	32
862		12726.30	4.598e-06	9.359e-03	2.868e-09	2	32
863		12734.25	4.598e-06	1.088e-02	2.836e-09	2	32
864		12742.00	4.598e-06	1.512e-02	2.966e-09	2	32
865		12750.55	4.598e-06	1.535e-02	2.966e-09	2	32
866		12756.60	4.598e-06	1.535e-02	2.586e-09	2	32
867		12764.75	4.598e-06	1.535e-02	2.586e-09	2	32
868		12771.40	4.598e-06	1.535e-02	2.586e-09	2	32
869		12779.15	4.598e-06	1.535e-02	2.158e-09	2	32
870		12785.70	4.598e-06	1.535e-02	1.500e-09	2	32
871		12793.35	4.598e-06	1.535e-02	9.389e-10	2	32
872		12800.00	4.598e-06	1.535e-02	9.389e-10	2	32
873		12806.96	4.598e-06	1.535e-02	9.389e-10	2	32
874		12816.41	4.598e-06	1.535e-02	7.298e-10	2	32
875		12822.95	4.598e-06	1.535e-02	4.866e-10	2	32
876		12832.10	4.598e-06	1.535e-02	4.422e-10	2	32
877		12839.56	4.598e-06	1.535e-02	2.327e-10	2	32
878		12847.80	4.598e-06	1.535e-02	2.327e-10	2	32
879		12856.16	4.598e-06	1.535e-02	1.025e-10	2	32
880		12864.11	4.598e-06	1.535e-02	1.025e-10	2	32
881		12872.96	4.598e-06	1.535e-02	1.025e-10	2	32
882		12881.81	4.598e-06	1.535e-02	1.025e-10	2	32
883		12889.96	4.598e-06	1.535e-02	1.025e-10	2	32
884		12898.41	4.598e-06	1.535e-02	6.507e-11	2	32
885		12904.76	4.598e-06	1.535e-02	6.507e-11	2	32
886		12912.51	4.598e-06	1.535e-02	6.507e-11	2	32
887		12919.96	4.598e-06	1.535e-02	3.116e-10	2	32
888		12928.50	4.597e-06	1.535e-02	1.077e-09	2	32
889		12936.25	4.595e-06	1.535e-02	3.293e-09	2	32
890		12943.71	4.595e-06	1.535e-02	3.358e-09	2	32
891		12950.35	4.594e-06	1.535e-02	4.138e-09	2	32
892		12957.40	4.594e-06	1.535e-02	4.138e-09	2	32
893		12963.95	4.594e-06	1.535e-02	4.138e-09	2	32
894		12971.50	4.594e-06	1.069e-02	4.138e-09	2	32
895		12979.75	4.594e-06	1.069e-02	4.138e-09	2	32
896		12986.20	4.594e-06	1.535e-02	4.178e-09	2	32
897		12993.25	4.594e-06	1.535e-02	4.178e-09	2	32
898		13000.40	4.594e-06	1.510e-02	4.305e-09	2	32
899		13008.25	4.594e-06	1.510e-02	4.305e-09	2	32
900		13015.60	4.594e-06	1.510e-02	4.305e-09	2	32
901		13022.15	4.594e-06	1.510e-02	4.305e-09	2	32
902		13028.29	4.594e-06	1.510e-02	4.058e-09	2	32
903		13036.44	4.594e-06	1.510e-02	3.292e-09	2	32
904		13044.19	4.594e-06	1.510e-02	1.012e-09	2	32
905		13052.94	4.594e-06	1.510e-02	9.467e-10	2	32
906		13060.69	4.594e-06	8.522e-03	1.664e-10	2	32
907		13067.93	4.594e-06	8.522e-03	1.664e-10	2	32
908		13073.68	4.593e-06	1.535e-02	1.226e-09	2	32
909		13081.63	4.593e-06	1.535e-02	1.365e-09	2	32
910		13087.38	4.592e-06	1.535e-02	2.606e-09	2	32
911		13093.63	4.592e-06	1.535e-02	2.567e-09	2	32
912		13100.68	4.591e-06	1.535e-02	3.291e-09	2	32
913		13106.62	4.591e-06	1.535e-02	3.164e-09	2	32
914		13114.08	4.591e-06	1.457e-02	3.164e-09	2	32
915		13122.03	4.591e-06	1.457e-02	3.393e-09	2	32
916		13127.67	4.590e-06	1.457e-02	4.190e-09	2	32
917		13134.12	4.589e-06	1.535e-02	4.888e-09	2	32
918		13139.77	4.589e-06	1.535e-02	5.031e-09	2	32
919		13145.22	4.588e-06	1.535e-02	5.457e-09	2	32
920		13150.26	4.588e-06	1.535e-02	5.609e-09	2	32
921		13155.71	4.587e-06	1.482e-02	6.618e-09	2	32
922		13162.16	4.587e-06	1.482e-02	6.618e-09	2	32
923		13168.40	4.587e-06	1.482e-02	5.559e-09	2	32
924		13176.36	4.587e-06	1.482e-02	5.419e-09	2	32
925		13182.51	4.587e-06	1.261e-02	4.178e-09	2	32
926		13190.55	4.587e-06	1.535e-02	4.180e-09	2	32
927		13198.01	4.587e-06	1.535e-02	3.632e-09	2	32
928		13203.95	4.583e-06	1.535e-02	7.299e-09	2	32
929		13210.00	4.583e-06	1.535e-02	7.892e-09	2	32
930		13216.25	4.577e-06	1.535e-02	1.337e-08	2	32
931		13222.70	4.575e-06	1.535e-02	1.518e-08	2	32
932		13229.55	4.574e-06	1.535e-02	1.543e-08	2	32
933		13236.80	4.573e-06	1.535e-02	1.564e-08	2	32
934		13243.55	4.573e-06	1.535e-02	1.522e-08	2	32
935		13251.10	4.573e-06	1.535e-02	1.507e-08	2	32
936		13257.65	4.573e-06	1.535e-02	1.406e-08	2	32
937		13264.29	4.573e-06	1.535e-02	1.406e-08	2	32
938		13272.84	4.573e-06	1.535e-02	1.406e-08	2	32
939		13280.49	4.573e-06	1.535e-02	1.431e-08	2	32
940		13287.84	4.573e-06	1.535e-02	1.431e-08	2	32
941		13296.39	4.573e-06	1.535e-02	1.430e-08	2	32
942		13303.74	4.573e-06	1.535e-02	1.413e-08	2	32
943		13312.29	4.573e-06	1.535e-02	1.046e-08	2	32
944		13319.94	4.572e-06	1.535e-02	1.052e-08	2	32
945		13327.09	4.572e-06	1.535e-02	4.822e-09	2	32
946		13334.44	4.572e-06	1.535e-02	2.447e-09	2	32
947		13341.89	4.572e-06	1.535e-02	1.974e-09	2	32
948		13349.44	4.570e-06	9.526e-03	3.690e-09	2	32
949		13356.19	4.568e-06	1.469e-02	5.665e-09	2	32
950		13363.83	4.566e-06	1.535e-02	7.269e-09	2	32
951		13371.68	4.566e-06	1.535e-02	7.280e-09	2	32
952		13379.54	4.566e-06	1.535e-02	7.378e-09	2	32
953		13385.98	4.565e-06	1.535e-02	8.286e-09	2	32
954		13392.73	4.563e-06	1.535e-02	1.036e-08	2	32
955		13400.18	4.563e-06	1.535e-02	1.036e-08	2	32
956		13407.62	4.563e-06	1.535e-02	1.036e-08	2	32
957		13416.17	4.562e-06	1.535e-02	1.055e-08	2	32
958		13424.32	4.562e-06	1.535e-02	1.055e-08	2	32
959		13433.37	4.547e-06	1.535e-02	2.562e-08	2	32
960		13440.12	4.539e-06	1.535e-02	3.385e-08	2	32
961		13446.27	4.525e-06	1.535e-02	4.695e-08	2	32
962		13454.12	4.514e-06	1.535e-02	5.813e-08	2	32
963		13460.67	4.503e-06	1.535e-02	6.669e-08	2	32
964		13466.32	4.495e-06	1.535e-02	7.308e-08	2	32
965		13474.47	4.495e-06	1.535e-02	7.148e-08	2	32
966		13482.12	4.494e-06	1.535e-02	7.212e-08	2	32
967		13490.48	4.482e-06	1.535e-02	8.385e-08	2	32
968		13496.82	4.470e-06	8.075e-03	9.451e-08	2	32
969		13503.48	4.469e-06	8.075e-03	9.342e-08	2	32
970		13510.53	4.458e-06	7.094e-03	1.046e-07	2	32
971		13517.08	4.413e-06	7.094e-03	1.496e-07	2	32
972		13525.03	4.411e-06	7.094e-03	1.516e-07	2	32
973		13532.99	4.404e-06	7.094e-03	1.587e-07	2	32
974		13540.23	4.397e-06	7.094e-03	1.496e-07	2	32
975		13548.08	4.397e-06	1.368e-02	1.414e-07	2	32
976		13554.83	4.392e-06	1.368e-02	1.331e-07	2	32
977		13562.28	4.392e-06	1.368e-02	1.219e-07	2	32
978		13569.13	4.386e-06	1.368e-02	1.169e-07	2	32
979		13576.58	4.384e-06	1.368e-02	1.103e-07	2	32
980		13585.43	4.384e-06	1.368e-02	1.103e-07	2	32
981		13593.79	4.377e-06	1.535e-02	1.165e-07	2	32
982		13601.14	4.377e-06	1.535e-02	1.047e-07	2	32
983		13608.69	4.377e-06	1.535e-02	9.311e-08	2	32
984		13615.94	4.374e-06	1.535e-02	9.507e-08	2	32
985		13623.60	4.359e-06	1.535e-02	9.900e-08	2	32
986		13630.45	4.354e-06	1.535e-02	5.925e-08	2	32
987		13636.69	4.316e-06	4.814e-03	9.472e-08	2	32
988		13643.84	4.304e-06	4.814e-03	1.000e-07	2	32
989		13651.20	4.286e-06	4.814e-03	1.106e-07	2	32
990		13657.64	4.282e-06	4.814e-03	1.155e-07	2	32
991		13665.09	4.262e-06	4.814e-03	1.301e-07	2	32
992		13670.84	4.254e-06	4.814e-03	1.375e-07	2	32
993		13677.29	4.250e-06	2.891e-03	1.362e-07	2	32
994		13683.64	4.246e-06	2.891e-03	1.384e-07	2	32
995		13690.99	4.234e-06	2.891e-03	1.504e-07	2	32
996		13696.44	4.188e-06	2.891e-03	1.898e-07	2	32
997		13703.29	4.174e-06	2.891e-03	2.032e-07	2	32
998		13708.54	3.999e-06	2.891e-03	3.787e-07	2	32
999		13716.39	3.979e-06	2.891e-03	3.952e-07	2	32
A	 = 8.71e+10,
C0	 = 1.0,
Cpa	 = 1982.6298472614221,
E	 = 1.56e+05,
Hp	 = 826012.4331379507,
K	 = 890.1194947893371,
Value	 = 3.978964563366029e-06,
Xi	 = 0.0,
eps	 = 0.7722927573411226,
ka	 = 0.2579110957604236,
n	 = 3.6399628404198916,
nO2	 = 0.0,
rho	 = 1189.37,
Results saved to D:\workspace\JENSENHUGHES\optimization\optimizationPaper\config\PMMA\../../results/PMMA/PMMAConstWide_solution.txt
