D:\workspace\JENSENHUGHES\optimization\optimizationPaper\config\PMMA\../../results/PMMA/PMMALinearTight Log file
!!python/object/apply:collections.defaultdict
args:
- &id001 !!python/name:builtins.bool ''
dictitems:
  Duraboard:
    CprampF:
    - 1.0
    - 1.0
    CprampT:
    - 0
    - 5000
    eps: 0.8
    krampF:
    - 0.075932
    - 0.090229
    - 0.104522
    - 0.122143
    - 0.14158
    - 0.163436
    - 0.190738
    - 0.221975
    krampT:
    - 203.035
    - 317.4028
    - 426.9164
    - 536.4182
    - 647.3003
    - 757.4803
    - 867.6409
    - 981.2546
    rho: 258
    thickness: 0.0254
  XiState:
  - known
  cone:
    Tinit: 25
    activePhaseVars:
    - C0
    - rho
    - ka
    - kb
    - kc
    - kd
    - ke
    - Cpa
    - Cpb
    - Cpc
    - Cpd
    - Cpe
    - eps
    - K
    activeReactionVars:
    - A
    - E
    - n
    - Hp
    - nO2
    - Xi
    backBoundaryConditions:
      Tamb: 25
      htc: Auto
      type: INSULATED
    frontBoundaryConditions:
      Tamb: 25
      htc: Auto
    weight: 1.0
  cone1: !!python/object/apply:collections.defaultdict
    args:
    - *id001
    dictitems:
      Tinit: 25
      activePhaseVars:
      - C0
      - rho
      - ka
      - kb
      - kc
      - kd
      - ke
      - Cpa
      - Cpb
      - Cpc
      - Cpd
      - Cpe
      - eps
      - K
      activeReactionVars:
      - A
      - E
      - n
      - Hp
      - nO2
      - Xi
      backBoundaryConditions: !!python/object/apply:collections.defaultdict
        args:
        - *id001
        dictitems:
          Tamb: 25
          htc: Auto
          type: INSULATED
      columns:
      - 1
      depths:
      - 0
      file: ../../data/PMMA/PMMALinearNominal_0_cone_Mass.csv
      finalThickness: false
      frontBoundaryConditions: !!python/object/apply:collections.defaultdict
        args:
        - *id001
        dictitems:
          Tamb: 25
          heatFlux: 25
          htc: 15
      heatFlux: 20
      initialThickness: 0.008
      names:
      - Mass
      time: 0
      types:
      - 1
      weight: 1.0
      weights:
      - 1
      width1: 0.1016
      width2: 0.1016
  configDir: D:\workspace\JENSENHUGHES\optimization\optimizationPaper\config\PMMA\
  dataSources:
    names:
    - cone1
    types:
    - cone
  dsc:
    activePhaseVars:
    - C0
    - Cpa
    - Cpb
    - Cpc
    - Cpd
    - Cpe
    activeReactionVars:
    - A
    - E
    - n
    - Hp
    dscO2: None
    weight: 1.0
  fdsPath: C:\Program Files\FDS\FDS6\bin
  name: PMMALinearTight
  optimizeParams:
    absErr: 1e-7
    absRelErr: 1e-6
    elimThresh: 1e-2
    maxIter: 1000
    maxTime: 36000
    minIter: 5
    minP: 2
    opAlpha: 3
    opBeta: 3
    opP: 10
    opQ: 5
    opS: 20
    relErr: 1e-12
    relIter: 15
  outputParams:
    saveAllSamples: true
  phaseParams:
    C0:
    - - 1.0
      - 0
      - 1
    Cpa:
    - - None
      - 162.675
      - 244.012
    Cpb:
    - - None
      - 3.182
      - 4.773
    Cpc:
    - - 0.0
      - 0.0
      - 0.0
    Cpd:
    - - 0.0
      - 0.0
      - 0.0
    Cpe:
    - - 0
      - 0
      - 1
    K:
    - - None
      - 800
      - 1200
    eps:
    - - None
      - 0.64
      - 0.96
    ka:
    - - None
      - 0.1112
      - 0.1668
    kb:
    - - None
      - 0.000208
      - 0.000312
    kc:
    - - 0.0
      - 0.0
      - 0.0
    kd:
    - - 0.0
      - 0.0
      - 0.0
    ke:
    - - 0
      - 0
      - 1
    nO2:
    - - 0
      - 0
      - 1
    phases:
    - virgin
    rho:
    - - 1189.37
      - 1189.37
      - 1189.37
  processParams:
    maxProcesses: 4
    multiprocess: true
  reactionParams:
    A:
    - - None
      - 4.064e10
      - 6.096e10
    E:
    - - None
      - 1.256e5
      - 1.884e5
    Hp:
    - - None
      - 6.304e5
      - 9.456e5
    Xi:
    - - 0
      - 0
      - 1
    n:
    - - None
      - 0.728
      - 1.092
    nO2:
    - - 0
      - 0
      - 1
    prodState:
    - -1
    reacState:
    - 0
    typeState:
    - 3
  reinitializeComplex: false
  restart: false
  resultsDir: ../../results/PMMA/
  systemDir: D:\workspace\JENSENHUGHES\optimization\sourceCode\optimizationpython\src
  tga:
    activePhaseVars:
    - C0
    - rho
    activeReactionVars:
    - A
    - E
    - n
    tgaO2: None
    tgaOpt: 1
    weight: 1.0
  virtualExperiment: false
Loop	t (s)	Error Min	Error Max	ErrorRel	Comp	Samples
0		20.99	4.424e-05	1.297e-02	1.000e+00	10	200
1		44.11	3.175e-05	1.297e-02	1.000e+00	10	200
2		76.48	2.703e-05	1.297e-02	1.000e+00	10	200
3		119.10	2.703e-05	1.297e-02	1.000e+00	10	200
4		158.61	8.779e-06	1.297e-02	1.000e+00	10	200
5		200.14	8.779e-06	1.297e-02	1.000e+00	10	200
6		245.16	8.779e-06	1.297e-02	1.000e+00	10	200
7		293.62	7.678e-06	1.297e-02	1.000e+00	10	200
8		341.63	4.019e-06	1.297e-02	1.000e+00	10	200
9		390.85	4.019e-06	1.297e-02	1.000e+00	10	200
10		438.17	4.019e-06	1.282e-02	1.000e+00	10	200
11		489.29	3.940e-06	1.282e-02	1.000e+00	10	200
12		542.85	2.146e-06	1.282e-02	1.000e+00	10	200
13		595.10	2.146e-06	1.129e-02	1.000e+00	10	200
14		647.03	2.146e-06	1.129e-02	1.000e+00	10	200
15		697.38	1.596e-06	1.013e-02	1.000e+00	10	200
16		749.43	1.115e-06	1.062e-02	3.063e-05	10	200
17		802.88	8.164e-07	1.062e-02	2.622e-05	10	200
18		853.23	7.079e-07	1.062e-02	2.632e-05	10	200
19		907.19	4.975e-07	1.062e-02	8.282e-06	10	200
20		958.42	4.521e-07	1.062e-02	8.327e-06	10	200
21		1010.98	4.521e-07	1.062e-02	8.327e-06	10	200
22		1065.42	3.543e-07	1.062e-02	7.323e-06	10	200
23		1119.57	3.094e-07	1.062e-02	3.710e-06	10	200
24		1169.40	2.675e-07	1.062e-02	3.752e-06	10	200
25		1221.64	2.675e-07	1.062e-02	3.752e-06	10	200
26		1274.07	2.675e-07	1.062e-02	3.673e-06	10	200
27		1328.61	2.572e-07	1.062e-02	1.889e-06	10	200
28		1377.56	2.453e-07	1.062e-02	1.901e-06	10	200
29		1427.50	2.415e-07	1.062e-02	1.904e-06	10	200
30		1477.37	2.351e-07	3.238e-03	1.361e-06	10	200
31		1531.06	2.311e-07	3.238e-03	8.842e-07	10	200
32		1584.10	2.259e-07	3.238e-03	5.906e-07	10	200
33		1636.92	2.237e-07	6.293e-03	4.843e-07	10	200
34		1690.36	2.141e-07	6.293e-03	2.834e-07	10	200
35		1744.29	2.113e-07	6.293e-03	2.408e-07	10	200
36		1797.23	2.029e-07	6.293e-03	2.492e-07	10	200
37		1851.46	1.818e-07	6.293e-03	1.724e-07	10	200
38		1899.08	1.818e-07	6.293e-03	1.276e-07	10	200
39		1951.20	1.818e-07	6.293e-03	8.566e-08	10	200
40		2004.54	1.628e-07	6.293e-03	1.046e-07	10	200
41		2054.65	1.628e-07	6.293e-03	1.046e-07	10	200
42		2106.38	1.408e-07	6.293e-03	1.164e-07	10	200
43		2157.89	1.387e-07	6.293e-03	1.066e-07	10	200
44		2211.52	1.228e-07	6.293e-03	1.187e-07	10	200
45		2263.72	9.249e-08	6.293e-03	1.426e-07	10	200
A	 = 5.03e+10,
C0	 = 1.0,
Cpa	 = 195.5906142355616,
Cpb	 = 4.011554624981313,
E	 = 1.57e+05,
Hp	 = 791511.1244490261,
K	 = 1000.365005988781,
Value	 = 9.249312463666764e-08,
Xi	 = 0.0,
eps	 = 0.8030155799486778,
ka	 = 0.1393960457934189,
kb	 = 0.00026210677809797214,
n	 = 0.9243530709777007,
nO2	 = 0.0,
rho	 = 1189.37,
Results saved to D:\workspace\JENSENHUGHES\optimization\optimizationPaper\config\PMMA\../../results/PMMA/PMMALinearTight_solution.txt
