D:\workspace\JENSENHUGHES\optimization\optimizationPaper\config\PMMA\../../results/PMMA/PMMALinearWide Log file
!!python/object/apply:collections.defaultdict
args:
- &id001 !!python/name:builtins.bool ''
dictitems:
  Duraboard:
    CprampF:
    - 1.0
    - 1.0
    CprampT:
    - 0
    - 5000
    eps: 0.8
    krampF:
    - 0.075932
    - 0.090229
    - 0.104522
    - 0.122143
    - 0.14158
    - 0.163436
    - 0.190738
    - 0.221975
    krampT:
    - 203.035
    - 317.4028
    - 426.9164
    - 536.4182
    - 647.3003
    - 757.4803
    - 867.6409
    - 981.2546
    rho: 258
    thickness: 0.0254
  XiState:
  - known
  cone:
    Tinit: 25
    activePhaseVars:
    - C0
    - rho
    - ka
    - kb
    - kc
    - kd
    - ke
    - Cpa
    - Cpb
    - Cpc
    - Cpd
    - Cpe
    - eps
    - K
    activeReactionVars:
    - A
    - E
    - n
    - Hp
    - nO2
    - Xi
    backBoundaryConditions:
      Tamb: 25
      htc: Auto
      type: INSULATED
    frontBoundaryConditions:
      Tamb: 25
      htc: Auto
    weight: 1.0
  cone1: !!python/object/apply:collections.defaultdict
    args:
    - *id001
    dictitems:
      Tinit: 25
      activePhaseVars:
      - C0
      - rho
      - ka
      - kb
      - kc
      - kd
      - ke
      - Cpa
      - Cpb
      - Cpc
      - Cpd
      - Cpe
      - eps
      - K
      activeReactionVars:
      - A
      - E
      - n
      - Hp
      - nO2
      - Xi
      backBoundaryConditions: !!python/object/apply:collections.defaultdict
        args:
        - *id001
        dictitems:
          Tamb: 25
          htc: Auto
          type: INSULATED
      columns:
      - 1
      depths:
      - 0
      file: ../../data/PMMA/PMMALinearNominal_0_cone_Mass.csv
      finalThickness: false
      frontBoundaryConditions: !!python/object/apply:collections.defaultdict
        args:
        - *id001
        dictitems:
          Tamb: 25
          heatFlux: 25
          htc: 15
      heatFlux: 20
      initialThickness: 0.008
      names:
      - Mass
      time: 0
      types:
      - 1
      weight: 1.0
      weights:
      - 1
      width1: 0.1016
      width2: 0.1016
  configDir: D:\workspace\JENSENHUGHES\optimization\optimizationPaper\config\PMMA\
  dataSources:
    names:
    - cone1
    types:
    - cone
  dsc:
    activePhaseVars:
    - C0
    - Cpa
    - Cpb
    - Cpc
    - Cpd
    - Cpe
    activeReactionVars:
    - A
    - E
    - n
    - Hp
    dscO2: None
    weight: 1.0
  fdsPath: C:\Program Files\FDS\FDS6\bin
  name: PMMALinearWide
  optimizeParams:
    absErr: 1e-7
    absRelErr: 1e-6
    elimThresh: 1e-2
    maxIter: 1000
    maxTime: 36000
    minIter: 5
    minP: 2
    opAlpha: 3
    opBeta: 3
    opP: 10
    opQ: 5
    opS: 20
    relErr: 1e-12
    relIter: 15
  outputParams:
    saveAllSamples: true
  phaseParams:
    C0:
    - - 1.0
      - 0
      - 1
    Cpa:
    - - None
      - 50.836
      - 813.3732
    Cpb:
    - - None
      - 0.9945
      - 15.91
    Cpc:
    - - 0.0
      - 0.0
      - 0.0
    Cpd:
    - - 0.0
      - 0.0
      - 0.0
    Cpe:
    - - 0
      - 0
      - 1
    K:
    - - None
      - 250
      - 4000
    eps:
    - - None
      - 0.2
      - 1.0
    ka:
    - - None
      - 0.03475
      - 0.556
    kb:
    - - None
      - 6.5e-05
      - 0.00104
    kc:
    - - 0.0
      - 0.0
      - 0.0
    kd:
    - - 0.0
      - 0.0
      - 0.0
    ke:
    - - 0
      - 0
      - 1
    nO2:
    - - 0
      - 0
      - 1
    phases:
    - virgin
    rho:
    - - 1189.37
      - 1189.37
      - 1189.37
  processParams:
    maxProcesses: 4
    multiprocess: true
  reactionParams:
    A:
    - - None
      - 1.27e10
      - 2.032e11
    E:
    - - None
      - 3.925e4
      - 6.28e5
    Hp:
    - - None
      - 1.97e5
      - 3.152e6
    Xi:
    - - 0
      - 0
      - 1
    n:
    - - None
      - 0.2275
      - 3.64
    nO2:
    - - 0
      - 0
      - 1
    prodState:
    - -1
    reacState:
    - 0
    typeState:
    - 3
  reinitializeComplex: false
  restart: false
  resultsDir: ../../results/PMMA/
  systemDir: D:\workspace\JENSENHUGHES\optimization\sourceCode\optimizationpython\src
  tga:
    activePhaseVars:
    - C0
    - rho
    activeReactionVars:
    - A
    - E
    - n
    tgaO2: None
    tgaOpt: 1
    weight: 1.0
  virtualExperiment: false
Loop	t (s)	Error Min	Error Max	ErrorRel	Comp	Samples
0		21.78	8.248e-04	1.521e-02	1.000e+00	10	200
1		48.82	7.816e-04	1.521e-02	1.000e+00	10	200
2		81.21	3.992e-04	1.521e-02	1.000e+00	10	200
3		114.50	3.992e-04	1.521e-02	1.000e+00	10	200
4		145.28	3.730e-04	1.521e-02	1.000e+00	10	200
5		179.38	1.837e-04	1.521e-02	1.000e+00	10	200
6		215.28	1.837e-04	1.521e-02	1.000e+00	10	200
7		250.58	1.837e-04	1.521e-02	1.000e+00	10	200
8		284.66	1.837e-04	1.521e-02	1.000e+00	10	200
9		319.93	1.837e-04	1.521e-02	1.000e+00	10	200
10		354.00	1.815e-04	1.521e-02	1.000e+00	10	200
11		385.87	1.574e-04	1.521e-02	1.000e+00	10	200
12		421.54	1.574e-04	1.521e-02	1.000e+00	10	200
13		460.22	1.521e-04	1.521e-02	1.000e+00	10	200
14		496.20	1.421e-04	1.521e-02	1.000e+00	10	200
15		531.89	1.421e-04	1.521e-02	1.000e+00	10	200
16		567.99	1.421e-04	1.521e-02	6.395e-04	10	200
17		603.26	1.392e-04	1.521e-02	2.600e-04	10	200
18		637.65	1.392e-04	1.521e-02	2.600e-04	10	200
19		673.04	1.372e-04	1.521e-02	2.358e-04	10	200
20		710.75	1.317e-04	1.521e-02	5.198e-05	10	200
21		746.85	1.138e-04	1.521e-02	6.984e-05	10	200
22		783.14	1.138e-04	1.521e-02	6.984e-05	10	200
23		822.68	1.003e-04	1.521e-02	8.340e-05	10	200
24		863.22	1.003e-04	1.521e-02	8.340e-05	10	200
25		899.90	9.420e-05	1.521e-02	8.735e-05	10	200
26		938.30	8.980e-05	1.521e-02	6.764e-05	10	200
27		979.61	8.980e-05	1.521e-02	6.764e-05	10	200
28		1018.41	8.535e-05	1.521e-02	6.674e-05	10	200
29		1053.31	8.022e-05	1.521e-02	6.193e-05	10	200
30		1094.22	7.685e-05	1.521e-02	6.530e-05	10	200
31		1132.52	7.356e-05	1.521e-02	6.858e-05	10	200
32		1169.61	7.270e-05	1.521e-02	6.649e-05	10	200
33		1208.51	7.270e-05	1.521e-02	6.649e-05	10	200
34		1247.73	7.270e-05	1.521e-02	6.450e-05	10	200
35		1288.85	7.030e-05	1.521e-02	6.140e-05	10	200
36		1326.05	6.661e-05	1.521e-02	4.724e-05	10	200
37		1366.76	6.542e-05	1.521e-02	4.842e-05	10	200
38		1406.08	6.368e-05	1.521e-02	3.660e-05	10	200
39		1448.00	6.104e-05	1.521e-02	3.924e-05	10	200
40		1489.21	6.104e-05	1.521e-02	3.316e-05	10	200
41		1527.44	6.053e-05	1.521e-02	2.928e-05	10	200
42		1566.15	5.896e-05	1.521e-02	3.084e-05	10	200
43		1608.68	5.750e-05	1.521e-02	2.784e-05	10	200
44		1648.87	5.719e-05	1.521e-02	2.303e-05	10	200
45		1688.56	5.719e-05	1.521e-02	1.966e-05	10	200
46		1726.55	5.598e-05	1.521e-02	1.758e-05	10	200
47		1769.67	5.595e-05	1.521e-02	1.675e-05	10	200
48		1812.39	5.543e-05	1.521e-02	1.727e-05	10	200
49		1854.08	5.381e-05	1.521e-02	1.890e-05	10	200
50		1891.56	5.009e-05	1.521e-02	2.022e-05	10	200
51		1932.45	4.701e-05	1.521e-02	1.960e-05	10	200
52		1978.18	4.153e-05	1.521e-02	2.389e-05	10	200
53		2023.39	4.153e-05	1.521e-02	2.215e-05	10	200
54		2067.80	4.153e-05	1.521e-02	1.951e-05	10	200
55		2110.89	4.153e-05	1.521e-02	1.951e-05	10	200
56		2154.71	4.050e-05	1.521e-02	2.003e-05	10	200
57		2196.31	4.050e-05	1.521e-02	1.846e-05	10	200
58		2238.60	4.050e-05	1.521e-02	1.701e-05	10	200
59		2269.03	4.050e-05	1.521e-02	1.669e-05	10	200
60		2298.25	3.830e-05	1.521e-02	1.890e-05	10	200
61		2327.68	3.830e-05	1.521e-02	1.769e-05	10	200
62		2358.20	3.830e-05	1.521e-02	1.766e-05	10	200
63		2385.62	3.830e-05	1.521e-02	1.713e-05	10	200
64		2415.83	3.830e-05	1.521e-02	1.551e-05	10	200
65		2445.95	3.806e-05	1.521e-02	1.203e-05	10	200
66		2474.47	3.806e-05	1.521e-02	8.958e-06	10	200
67		2503.61	3.437e-05	1.521e-02	7.166e-06	10	200
68		2534.12	3.437e-05	1.521e-02	7.166e-06	10	200
69		2565.14	3.257e-05	1.521e-02	8.959e-06	10	200
70		2597.27	3.257e-05	1.521e-02	8.959e-06	10	200
71		2627.70	2.939e-05	1.521e-02	1.111e-05	10	200
72		2655.42	2.939e-05	1.521e-02	1.111e-05	10	200
73		2685.83	2.939e-05	1.521e-02	1.111e-05	10	200
74		2716.66	2.893e-05	1.521e-02	1.157e-05	10	200
75		2746.79	2.690e-05	1.521e-02	1.139e-05	10	200
76		2771.81	2.412e-05	1.521e-02	1.418e-05	10	200
77		2802.03	2.412e-05	1.521e-02	1.418e-05	10	200
78		2831.55	2.412e-05	1.521e-02	1.418e-05	10	200
79		2862.87	2.412e-05	1.521e-02	1.418e-05	10	200
80		2893.78	2.412e-05	1.521e-02	1.394e-05	10	200
81		2923.60	2.412e-05	1.521e-02	1.394e-05	10	200
82		2954.13	2.412e-05	1.521e-02	1.025e-05	10	200
83		2985.45	2.390e-05	1.521e-02	1.047e-05	10	200
84		3016.29	2.389e-05	1.521e-02	8.682e-06	10	200
85		3046.32	2.387e-05	1.521e-02	8.706e-06	10	200
86		3076.34	2.374e-05	1.521e-02	5.654e-06	10	200
87		3106.75	2.374e-05	1.521e-02	5.654e-06	10	200
88		3137.88	2.374e-05	1.521e-02	5.654e-06	10	200
89		3167.80	2.374e-05	1.521e-02	5.191e-06	10	200
90		3198.62	2.365e-05	1.521e-02	3.251e-06	10	200
91		3228.65	2.365e-05	1.521e-02	4.646e-07	10	200
92		3260.68	2.365e-05	1.521e-02	4.699e-07	10	200
93		3291.40	2.353e-05	1.521e-02	5.847e-07	10	200
94		3322.23	2.329e-05	1.521e-02	8.236e-07	10	200
95		3351.55	2.278e-05	1.521e-02	1.337e-06	10	200
96		3381.56	2.278e-05	1.521e-02	1.337e-06	10	200
97		3413.89	2.278e-05	1.521e-02	1.337e-06	10	200
98		3443.52	2.262e-05	1.521e-02	1.273e-06	10	200
99		3475.35	2.150e-05	1.521e-02	2.395e-06	10	200
100		3505.97	2.150e-05	1.521e-02	2.371e-06	10	200
101		3537.29	1.968e-05	1.521e-02	4.055e-06	10	200
102		3569.31	1.909e-05	1.521e-02	4.642e-06	10	200
103		3600.03	1.808e-05	1.521e-02	5.657e-06	10	200
104		3629.15	1.728e-05	1.521e-02	6.452e-06	10	200
105		3659.86	1.665e-05	1.521e-02	6.998e-06	10	200
106		3689.97	1.665e-05	1.521e-02	6.998e-06	10	200
107		3720.70	1.628e-05	1.521e-02	7.368e-06	10	200
108		3750.52	1.505e-05	1.521e-02	8.479e-06	10	200
109		3779.83	1.491e-05	1.521e-02	8.385e-06	10	200
110		3809.35	1.472e-05	1.521e-02	8.054e-06	10	200
111		3839.57	1.408e-05	1.521e-02	8.700e-06	10	200
112		3868.59	1.408e-05	1.521e-02	8.700e-06	10	200
113		3899.21	1.374e-05	1.521e-02	8.882e-06	10	200
114		3931.24	1.341e-05	1.521e-02	8.088e-06	10	200
115		3961.07	1.341e-05	1.521e-02	8.088e-06	10	200
116		3990.98	1.314e-05	1.521e-02	6.546e-06	10	200
117		4020.41	1.267e-05	1.521e-02	6.427e-06	10	200
118		4051.73	1.189e-05	1.521e-02	6.193e-06	10	200
119		4081.75	1.189e-05	1.521e-02	5.398e-06	10	200
120		4113.08	1.182e-05	1.521e-02	4.835e-06	10	200
121		4145.20	1.168e-05	1.521e-02	4.975e-06	10	200
122		4174.73	1.161e-05	1.521e-02	4.671e-06	10	200
123		4203.05	1.155e-05	1.521e-02	3.500e-06	10	200
124		4236.08	1.149e-05	1.521e-02	3.414e-06	10	200
125		4268.19	1.149e-05	1.521e-02	3.231e-06	10	200
126		4298.50	1.148e-05	1.521e-02	2.602e-06	10	200
127		4327.71	1.148e-05	1.521e-02	2.602e-06	10	200
128		4357.83	1.144e-05	1.521e-02	2.305e-06	10	200
129		4389.07	1.139e-05	1.521e-02	2.021e-06	10	200
130		4419.19	1.137e-05	1.521e-02	2.040e-06	10	200
131		4449.00	1.135e-05	1.521e-02	1.786e-06	10	200
132		4478.50	1.131e-05	1.521e-02	1.357e-06	10	200
133		4507.82	1.130e-05	1.521e-02	5.867e-07	10	200
134		4536.64	1.130e-05	1.521e-02	5.894e-07	10	200
135		4564.15	1.130e-05	1.521e-02	5.210e-07	10	200
136		4590.48	1.126e-05	1.521e-02	4.197e-07	10	200
137		4618.49	1.126e-05	1.521e-02	3.474e-07	10	200
138		4647.50	1.126e-05	1.521e-02	2.924e-07	10	200
139		4676.71	1.126e-05	1.521e-02	2.343e-07	10	200
140		4704.92	1.126e-05	1.521e-02	2.343e-07	10	200
141		4734.13	1.125e-05	1.521e-02	2.278e-07	10	200
142		4763.27	1.125e-05	1.521e-02	2.278e-07	10	200
143		4793.19	1.124e-05	1.521e-02	1.918e-07	10	200
144		4822.71	1.123e-05	1.521e-02	1.555e-07	10	200
145		4854.43	1.121e-05	1.521e-02	1.618e-07	10	200
146		4883.05	1.119e-05	1.521e-02	1.553e-07	10	200
147		4911.87	1.115e-05	1.521e-02	1.578e-07	10	200
148		4943.49	1.115e-05	1.521e-02	1.475e-07	10	200
149		4973.62	1.115e-05	1.521e-02	1.484e-07	10	200
150		5003.93	1.111e-05	1.521e-02	1.853e-07	10	200
151		5034.94	1.109e-05	1.521e-02	1.651e-07	10	200
152		5064.56	1.105e-05	1.521e-02	2.049e-07	10	200
153		5094.09	1.105e-05	1.521e-02	2.049e-07	10	200
154		5124.32	1.098e-05	1.521e-02	2.777e-07	10	200
155		5153.55	1.098e-05	1.521e-02	2.777e-07	10	200
156		5181.27	1.098e-05	1.521e-02	2.674e-07	10	200
157		5210.19	1.098e-05	1.521e-02	2.674e-07	10	200
158		5240.10	1.098e-05	1.521e-02	2.617e-07	10	200
159		5269.42	1.098e-05	1.521e-02	2.542e-07	10	200
160		5297.55	1.096e-05	1.521e-02	2.458e-07	10	200
161		5326.88	1.094e-05	1.521e-02	2.509e-07	10	200
162		5355.69	1.094e-05	1.521e-02	2.095e-07	10	200
163		5380.01	1.094e-05	1.521e-02	2.095e-07	10	200
164		5403.89	1.094e-05	1.521e-02	2.091e-07	10	200
165		5429.78	1.092e-05	1.521e-02	1.879e-07	10	200
166		5454.76	1.092e-05	1.521e-02	1.697e-07	10	200
167		5477.94	1.090e-05	1.521e-02	1.538e-07	10	200
168		5501.84	1.087e-05	1.521e-02	1.821e-07	10	200
169		5524.32	1.087e-05	1.521e-02	1.094e-07	10	200
170		5548.31	1.087e-05	1.521e-02	1.094e-07	10	200
171		5572.49	1.087e-05	1.521e-02	1.166e-07	10	200
172		5595.87	1.086e-05	1.521e-02	1.229e-07	10	200
173		5621.66	1.085e-05	1.521e-02	1.318e-07	10	200
174		5645.54	1.084e-05	1.521e-02	1.397e-07	10	200
175		5669.73	1.083e-05	1.521e-02	1.317e-07	10	200
176		5693.51	1.082e-05	1.521e-02	1.277e-07	10	200
177		5716.50	1.079e-05	1.521e-02	1.502e-07	10	200
178		5739.68	1.078e-05	1.521e-02	1.668e-07	10	200
179		5760.96	1.076e-05	1.521e-02	1.806e-07	10	200
180		5783.35	1.076e-05	1.521e-02	1.649e-07	10	200
181		5807.03	1.076e-05	1.521e-02	1.649e-07	10	200
182		5831.02	1.076e-05	1.521e-02	1.440e-07	10	200
183		5853.60	1.074e-05	1.521e-02	1.314e-07	10	200
184		5875.98	1.064e-05	1.521e-02	2.284e-07	10	200
185		5900.67	1.037e-05	1.521e-02	4.994e-07	10	200
186		5924.85	1.037e-05	1.521e-02	4.922e-07	10	200
187		5947.53	1.037e-05	1.521e-02	4.859e-07	10	200
188		5970.71	1.037e-05	1.521e-02	4.770e-07	10	200
189		5995.70	1.011e-05	1.521e-02	7.316e-07	10	200
190		6018.78	9.940e-06	1.521e-02	8.902e-07	10	200
191		6043.56	9.750e-06	1.521e-02	1.066e-06	10	200
192		6067.45	9.658e-06	1.521e-02	1.135e-06	10	200
193		6091.73	9.559e-06	1.521e-02	1.217e-06	10	200
194		6115.61	9.559e-06	1.521e-02	1.200e-06	10	200
195		6138.99	9.405e-06	1.521e-02	1.354e-06	10	200
196		6163.18	9.405e-06	1.521e-02	1.354e-06	10	200
197		6186.37	9.292e-06	1.521e-02	1.464e-06	10	200
198		6208.88	9.225e-06	1.521e-02	1.515e-06	10	200
199		6230.87	9.109e-06	1.521e-02	1.534e-06	10	200
200		6253.35	9.109e-06	1.521e-02	1.263e-06	10	200
201		6277.44	9.109e-06	1.521e-02	1.263e-06	10	200
202		6300.62	9.109e-06	1.521e-02	1.263e-06	10	200
203		6323.21	9.088e-06	1.521e-02	1.285e-06	10	200
204		6346.79	9.039e-06	1.521e-02	1.067e-06	10	200
205		6371.47	9.009e-06	1.521e-02	9.307e-07	10	200
206		6394.55	8.990e-06	1.521e-02	7.597e-07	10	200
207		6418.74	8.990e-06	1.521e-02	6.682e-07	10	200
208		6443.73	8.887e-06	1.521e-02	6.723e-07	10	200
209		6468.02	8.887e-06	1.521e-02	6.723e-07	10	200
210		6492.10	8.870e-06	1.521e-02	5.355e-07	10	200
211		6517.89	8.798e-06	1.521e-02	6.072e-07	10	200
212		6541.87	8.689e-06	1.521e-02	6.037e-07	10	200
213		6566.16	8.575e-06	1.521e-02	6.500e-07	10	200
214		6589.34	8.477e-06	1.521e-02	6.322e-07	10	200
215		6612.33	8.477e-06	1.521e-02	6.322e-07	10	200
216		6638.51	8.459e-06	1.521e-02	6.500e-07	10	200
217		6662.10	8.459e-06	1.521e-02	6.500e-07	10	200
218		6687.48	8.427e-06	1.521e-02	6.609e-07	10	200
219		6711.38	8.427e-06	1.521e-02	6.119e-07	10	200
220		6734.97	8.379e-06	1.521e-02	6.293e-07	10	200
221		6760.35	8.379e-06	1.521e-02	6.107e-07	10	200
222		6784.44	8.347e-06	1.521e-02	6.433e-07	10	200
223		6811.53	8.326e-06	1.521e-02	5.607e-07	10	200
224		6835.71	8.282e-06	1.521e-02	6.049e-07	10	200
225		6859.50	8.186e-06	1.521e-02	6.837e-07	10	200
226		6881.48	8.038e-06	1.521e-02	7.605e-07	10	200
227		6905.57	7.999e-06	1.521e-02	6.901e-07	10	200
228		6928.76	7.999e-06	1.521e-02	5.768e-07	10	200
229		6954.15	7.836e-06	1.521e-02	6.408e-07	10	200
230		6977.94	7.700e-06	1.521e-02	7.774e-07	10	200
231		7001.72	7.679e-06	1.521e-02	7.809e-07	10	200
232		7026.21	7.540e-06	1.521e-02	9.195e-07	10	200
233		7048.79	7.462e-06	1.521e-02	9.643e-07	10	200
234		7072.08	7.462e-06	1.521e-02	9.643e-07	10	200
235		7095.36	7.462e-06	1.521e-02	9.170e-07	10	200
236		7119.54	7.462e-06	1.521e-02	9.170e-07	10	200
237		7142.43	7.462e-06	1.521e-02	8.844e-07	10	200
238		7167.22	7.454e-06	1.521e-02	8.727e-07	10	200
239		7192.30	7.454e-06	1.521e-02	8.285e-07	10	200
240		7218.00	7.454e-06	1.521e-02	7.323e-07	10	200
241		7242.18	7.451e-06	1.521e-02	5.861e-07	10	200
242		7263.77	7.451e-06	1.521e-02	5.471e-07	10	200
243		7287.76	7.451e-06	1.521e-02	5.471e-07	10	200
244		7309.55	7.449e-06	1.521e-02	3.878e-07	10	200
245		7332.53	7.429e-06	1.521e-02	2.711e-07	10	200
246		7356.51	7.429e-06	1.521e-02	2.499e-07	10	200
247		7380.29	7.429e-06	1.521e-02	1.114e-07	10	200
248		7404.17	7.423e-06	1.521e-02	3.912e-08	10	200
249		7427.96	7.423e-06	1.521e-02	3.912e-08	10	200
250		7451.64	7.414e-06	1.521e-02	4.848e-08	10	200
251		7473.73	7.414e-06	1.521e-02	4.848e-08	10	200
252		7499.12	7.410e-06	1.521e-02	5.270e-08	10	200
253		7523.30	7.402e-06	1.521e-02	5.118e-08	10	200
254		7547.49	7.402e-06	1.521e-02	5.118e-08	10	200
255		7573.17	7.402e-06	1.521e-02	5.118e-08	10	200
256		7597.56	7.399e-06	1.521e-02	5.207e-08	10	200
257		7619.94	7.398e-06	1.521e-02	5.298e-08	10	200
258		7643.52	7.394e-06	1.521e-02	5.710e-08	10	200
259		7667.11	7.394e-06	1.521e-02	5.422e-08	10	200
260		7691.20	7.392e-06	1.521e-02	3.659e-08	10	200
261		7714.39	7.390e-06	1.521e-02	3.896e-08	10	200
262		7736.87	7.355e-06	1.521e-02	7.322e-08	10	200
263		7760.26	7.351e-06	1.521e-02	7.249e-08	10	200
264		7785.74	7.336e-06	1.521e-02	8.721e-08	10	200
265		7808.62	7.336e-06	1.521e-02	7.785e-08	10	200
266		7833.71	7.336e-06	1.521e-02	7.785e-08	10	200
267		7858.00	7.336e-06	1.521e-02	7.364e-08	10	200
268		7880.48	7.322e-06	1.521e-02	8.072e-08	10	200
269		7904.97	7.313e-06	1.521e-02	8.960e-08	10	200
270		7928.25	7.306e-06	1.521e-02	9.687e-08	10	200
271		7952.24	7.306e-06	1.521e-02	9.379e-08	10	200
272		7975.13	7.301e-06	1.521e-02	9.762e-08	10	200
273		7997.81	7.301e-06	1.521e-02	9.350e-08	10	200
274		8021.49	7.300e-06	1.521e-02	9.411e-08	10	200
275		8045.38	7.300e-06	1.521e-02	9.191e-08	10	200
276		8070.16	7.300e-06	1.521e-02	8.945e-08	10	200
277		8092.55	7.300e-06	1.521e-02	5.519e-08	10	200
278		8116.73	7.300e-06	1.521e-02	5.066e-08	10	200
279		8139.81	7.300e-06	1.521e-02	3.593e-08	10	200
280		8164.30	7.292e-06	1.521e-02	4.419e-08	10	200
281		8188.78	7.292e-06	1.521e-02	4.419e-08	10	200
282		8212.26	7.292e-06	1.521e-02	4.419e-08	10	200
283		8237.45	7.292e-06	1.521e-02	2.975e-08	10	200
284		8260.64	7.292e-06	1.521e-02	2.087e-08	10	200
285		8283.42	7.291e-06	1.521e-02	1.436e-08	10	200
286		8309.01	7.291e-06	1.521e-02	1.436e-08	10	200
287		8334.40	7.291e-06	1.521e-02	9.633e-09	10	200
288		8359.49	7.291e-06	1.521e-02	9.633e-09	10	200
289		8383.68	7.291e-06	1.521e-02	9.021e-09	10	200
290		8407.66	7.291e-06	1.521e-02	9.021e-09	10	200
291		8431.05	7.291e-06	1.521e-02	9.021e-09	10	200
292		8455.74	7.291e-06	1.521e-02	9.021e-09	10	200
293		8479.53	7.291e-06	1.521e-02	9.021e-09	10	200
294		8503.73	7.291e-06	1.521e-02	9.021e-09	10	200
295		8528.23	7.291e-06	1.521e-02	7.607e-10	10	200
296		8553.41	7.291e-06	1.521e-02	7.607e-10	10	200
297		8576.60	7.291e-06	1.521e-02	7.607e-10	10	200
298		8601.49	7.291e-06	1.521e-02	7.607e-10	10	200
299		8625.17	7.291e-06	1.521e-02	7.607e-10	10	200
300		8650.26	7.291e-06	1.521e-02	0.000e+00	10	200
301		8675.44	7.289e-06	1.521e-02	2.431e-09	10	200
302		8699.73	7.289e-06	1.521e-02	2.431e-09	10	200
303		8724.01	7.289e-06	1.521e-02	2.431e-09	10	200
304		8749.90	7.289e-06	1.521e-02	2.431e-09	10	200
305		8774.38	7.289e-06	1.521e-02	2.431e-09	10	200
306		8798.06	7.289e-06	1.521e-02	2.431e-09	10	200
307		8822.75	7.289e-06	1.521e-02	2.431e-09	10	200
308		8846.74	7.289e-06	1.521e-02	2.431e-09	10	200
309		8870.92	7.289e-06	1.521e-02	2.431e-09	10	200
310		8894.60	7.289e-06	1.521e-02	2.431e-09	10	200
311		8917.88	7.289e-06	1.521e-02	2.431e-09	10	200
312		8942.77	7.289e-06	1.521e-02	2.431e-09	10	200
313		8967.46	7.289e-06	1.521e-02	2.431e-09	10	200
314		8991.44	7.289e-06	1.521e-02	2.431e-09	10	200
315		9015.33	7.289e-06	1.521e-02	2.431e-09	10	200
316		9038.72	7.289e-06	1.521e-02	0.000e+00	10	200
317		9063.50	7.289e-06	1.521e-02	0.000e+00	10	200
318		9088.78	7.289e-06	1.521e-02	0.000e+00	10	200
319		9114.07	7.289e-06	1.521e-02	0.000e+00	10	200
320		9139.76	7.289e-06	1.521e-02	0.000e+00	10	200
321		9165.95	7.289e-06	1.521e-02	0.000e+00	10	200
322		9191.13	7.289e-06	1.521e-02	0.000e+00	10	200
323		9215.82	7.289e-06	1.521e-02	0.000e+00	10	200
324		9241.90	7.289e-06	1.521e-02	0.000e+00	10	200
325		9267.38	7.289e-06	1.521e-02	0.000e+00	10	200
326		9293.67	7.289e-06	1.521e-02	0.000e+00	10	200
327		9318.06	7.273e-06	1.521e-02	1.572e-08	10	200
328		9343.55	7.273e-06	1.521e-02	1.572e-08	10	200
329		9368.33	7.273e-06	1.521e-02	1.572e-08	10	200
330		9392.41	7.273e-06	1.521e-02	1.572e-08	10	200
331		9417.10	7.273e-06	1.521e-02	1.572e-08	10	200
332		9442.18	7.273e-06	1.521e-02	1.572e-08	10	200
333		9464.96	7.273e-06	1.521e-02	1.572e-08	10	200
334		9488.94	7.273e-06	1.521e-02	1.572e-08	10	200
335		9513.53	7.273e-06	1.521e-02	1.572e-08	10	200
336		9537.31	7.273e-06	1.521e-02	1.572e-08	10	200
337		9562.29	7.273e-06	1.521e-02	1.572e-08	10	200
338		9586.98	7.273e-06	1.521e-02	1.572e-08	10	200
339		9612.17	7.231e-06	1.521e-02	5.753e-08	10	200
340		9636.05	7.231e-06	1.521e-02	5.753e-08	10	200
341		9659.74	7.231e-06	1.521e-02	5.753e-08	10	200
342		9684.22	7.231e-06	1.521e-02	4.181e-08	10	200
343		9710.01	7.180e-06	1.521e-02	9.284e-08	10	200
344		9734.10	7.180e-06	1.521e-02	9.284e-08	10	200
345		9759.08	7.155e-06	1.521e-02	1.177e-07	10	200
346		9783.46	7.155e-06	1.521e-02	1.177e-07	10	200
347		9807.85	7.113e-06	1.521e-02	1.604e-07	10	200
348		9830.13	7.095e-06	1.521e-02	1.776e-07	10	200
349		9855.12	7.095e-06	1.521e-02	1.776e-07	10	200
350		9879.91	7.095e-06	1.521e-02	1.776e-07	10	200
351		9904.20	7.066e-06	1.521e-02	2.071e-07	10	200
352		9928.99	7.066e-06	1.521e-02	2.071e-07	10	200
353		9951.68	7.027e-06	1.521e-02	2.460e-07	10	200
354		9976.27	7.027e-06	1.521e-02	2.042e-07	10	200
355		9999.55	7.027e-06	1.521e-02	2.042e-07	10	200
356		10021.83	7.027e-06	1.521e-02	2.042e-07	10	200
357		10045.62	7.027e-06	1.521e-02	2.042e-07	10	200
358		10069.21	7.027e-06	1.521e-02	1.532e-07	10	200
359		10092.99	7.027e-06	1.521e-02	1.532e-07	10	200
360		10118.18	7.020e-06	1.521e-02	1.354e-07	10	200
361		10143.06	7.019e-06	1.521e-02	1.363e-07	10	200
362		10166.85	7.019e-06	1.521e-02	9.367e-08	10	200
363		10191.44	7.019e-06	1.521e-02	7.651e-08	10	200
364		10216.03	7.019e-06	1.521e-02	7.651e-08	10	200
365		10240.82	7.019e-06	1.521e-02	7.651e-08	10	200
366		10264.80	7.019e-06	1.521e-02	4.700e-08	10	200
367		10288.49	7.019e-06	1.521e-02	4.700e-08	10	200
368		10312.77	7.018e-06	1.521e-02	8.563e-09	10	200
369		10337.36	7.018e-06	1.521e-02	8.563e-09	10	200
370		10360.85	7.018e-06	1.521e-02	8.563e-09	10	200
371		10384.43	7.018e-06	1.521e-02	8.563e-09	10	200
372		10408.62	7.018e-06	1.521e-02	8.563e-09	10	200
373		10433.11	7.018e-06	1.521e-02	8.563e-09	10	200
374		10457.80	7.018e-06	1.521e-02	8.563e-09	10	200
375		10480.98	7.018e-06	1.521e-02	1.445e-09	10	200
376		10504.17	7.018e-06	1.521e-02	5.012e-10	10	200
377		10528.55	7.018e-06	1.521e-02	5.012e-10	10	200
378		10560.38	7.018e-06	1.521e-02	5.012e-10	10	200
379		10594.64	7.018e-06	1.521e-02	5.012e-10	10	200
380		10628.51	7.018e-06	1.521e-02	5.012e-10	10	200
381		10663.81	7.016e-06	1.521e-02	2.653e-09	10	200
382		10697.08	7.016e-06	1.521e-02	2.653e-09	10	200
383		10730.85	7.016e-06	1.521e-02	2.151e-09	10	200
384		10764.30	7.014e-06	1.521e-02	4.139e-09	10	200
385		10799.79	7.013e-06	1.521e-02	5.559e-09	10	200
386		10833.09	7.013e-06	1.521e-02	5.559e-09	10	200
387		10866.65	7.009e-06	1.521e-02	9.859e-09	10	200
388		10899.20	7.009e-06	1.521e-02	9.859e-09	10	200
389		10931.57	7.009e-06	1.521e-02	9.859e-09	10	200
390		10963.23	7.005e-06	1.521e-02	1.393e-08	10	200
391		10995.70	7.005e-06	1.521e-02	1.393e-08	10	200
392		11027.55	7.005e-06	1.521e-02	1.393e-08	10	200
393		11060.12	7.005e-06	1.521e-02	1.393e-08	10	200
394		11091.29	7.002e-06	1.521e-02	1.649e-08	10	200
395		11126.65	6.996e-06	1.521e-02	2.275e-08	10	200
396		11159.40	6.991e-06	1.521e-02	2.518e-08	10	200
397		11194.25	6.975e-06	1.521e-02	4.096e-08	10	200
398		11226.52	6.963e-06	1.521e-02	5.324e-08	10	200
399		11258.77	6.963e-06	1.521e-02	5.125e-08	10	200
400		11292.22	6.944e-06	1.521e-02	6.884e-08	10	200
401		11325.18	6.923e-06	1.521e-02	8.980e-08	10	200
402		11357.13	6.896e-06	1.521e-02	1.129e-07	10	200
403		11390.59	6.896e-06	1.521e-02	1.129e-07	10	200
404		11423.73	6.891e-06	1.521e-02	1.175e-07	10	200
405		11457.89	6.810e-06	1.521e-02	1.942e-07	10	200
406		11489.15	6.731e-06	1.521e-02	2.739e-07	10	200
407		11522.58	6.589e-06	1.521e-02	4.153e-07	10	200
408		11553.83	6.488e-06	1.521e-02	5.165e-07	10	200
409		11584.09	6.421e-06	1.521e-02	5.805e-07	10	200
410		11615.24	6.421e-06	1.521e-02	5.743e-07	10	200
411		11649.49	6.421e-06	1.521e-02	5.697e-07	10	200
412		11681.55	6.421e-06	1.521e-02	5.542e-07	10	200
413		11713.01	6.419e-06	1.521e-02	5.442e-07	10	200
414		11746.36	6.411e-06	1.521e-02	5.525e-07	10	200
415		11781.22	6.409e-06	1.521e-02	5.353e-07	10	200
416		11811.76	6.408e-06	1.521e-02	5.149e-07	10	200
417		11843.50	6.408e-06	1.521e-02	4.875e-07	10	200
418		11876.56	6.407e-06	1.521e-02	4.891e-07	10	200
419		11908.81	6.406e-06	1.521e-02	4.854e-07	10	200
420		11941.16	6.402e-06	1.521e-02	4.080e-07	10	200
421		11974.41	6.402e-06	1.521e-02	3.282e-07	10	200
422		12010.67	6.401e-06	1.521e-02	1.880e-07	10	200
423		12043.42	6.401e-06	1.521e-02	8.683e-08	10	200
424		12077.18	6.399e-06	1.521e-02	2.246e-08	10	200
425		12111.13	6.399e-06	1.521e-02	2.246e-08	10	200
426		12143.79	6.399e-06	1.521e-02	2.246e-08	10	200
427		12177.74	6.396e-06	1.521e-02	2.501e-08	10	200
428		12212.11	6.396e-06	1.521e-02	2.272e-08	10	200
429		12244.45	6.395e-06	1.521e-02	1.546e-08	10	200
430		12277.40	6.394e-06	1.521e-02	1.519e-08	10	200
431		12310.15	6.392e-06	1.521e-02	1.575e-08	10	200
432		12343.00	6.392e-06	1.521e-02	1.575e-08	10	200
433		12375.76	6.392e-06	1.521e-02	1.487e-08	10	200
434		12408.70	6.392e-06	1.521e-02	1.405e-08	10	200
435		12442.05	6.390e-06	1.521e-02	1.193e-08	10	200
436		12473.89	6.390e-06	1.521e-02	1.193e-08	10	200
437		12506.55	6.390e-06	1.521e-02	1.075e-08	10	200
438		12540.70	6.390e-06	1.521e-02	1.089e-08	10	200
439		12574.36	6.390e-06	1.521e-02	8.646e-09	10	200
440		12607.22	6.390e-06	1.521e-02	8.646e-09	10	200
441		12640.16	6.390e-06	1.521e-02	8.646e-09	10	200
442		12673.72	6.390e-06	1.521e-02	5.797e-09	10	200
443		12705.38	6.390e-06	1.521e-02	5.837e-09	10	200
444		12739.53	6.390e-06	1.521e-02	4.784e-09	10	200
445		12772.97	6.390e-06	1.521e-02	3.306e-09	10	200
446		12807.43	6.390e-06	1.521e-02	2.176e-09	10	200
447		12842.88	6.390e-06	1.521e-02	2.176e-09	10	200
448		12876.83	6.390e-06	1.521e-02	1.445e-09	10	200
449		12908.98	6.390e-06	1.521e-02	1.445e-09	10	200
450		12941.23	6.390e-06	1.521e-02	1.884e-10	10	200
451		12973.77	6.390e-06	1.521e-02	1.884e-10	10	200
452		13006.73	6.390e-06	1.521e-02	1.884e-10	10	200
453		13038.27	6.390e-06	1.521e-02	4.602e-11	10	200
454		13068.52	6.390e-06	1.521e-02	4.602e-11	10	200
455		13100.66	6.390e-06	1.521e-02	4.602e-11	10	200
456		13134.61	6.390e-06	1.521e-02	4.602e-11	10	200
457		13165.94	6.390e-06	1.521e-02	4.602e-11	10	200
458		13199.91	6.390e-06	1.521e-02	5.957e-12	10	200
459		13233.55	6.390e-06	1.521e-02	5.957e-12	10	200
460		13266.80	6.390e-06	1.521e-02	5.957e-12	10	200
461		13298.56	6.390e-06	1.521e-02	5.957e-12	10	200
462		13331.41	6.390e-06	1.521e-02	5.957e-12	10	200
463		13364.87	6.390e-06	1.521e-02	5.957e-12	10	200
464		13399.12	6.390e-06	1.521e-02	5.957e-12	10	200
465		13433.38	6.390e-06	1.521e-02	0.000e+00	10	200
466		13465.23	6.390e-06	1.521e-02	2.561e-10	10	200
467		13497.28	6.390e-06	1.521e-02	2.561e-10	10	200
468		13531.03	6.390e-06	1.521e-02	2.561e-10	10	200
469		13563.69	6.390e-06	1.521e-02	2.561e-10	10	200
470		13595.64	6.390e-06	1.521e-02	2.561e-10	10	200
471		13630.78	6.390e-06	1.521e-02	2.561e-10	10	200
472		13663.34	6.390e-06	1.521e-02	2.561e-10	10	200
473		13696.69	6.390e-06	1.521e-02	2.561e-10	10	200
474		13729.55	6.390e-06	1.521e-02	2.561e-10	10	200
475		13763.41	6.390e-06	1.521e-02	2.561e-10	10	200
476		13795.65	6.387e-06	1.521e-02	3.707e-09	10	200
477		13829.29	6.386e-06	1.521e-02	4.307e-09	10	200
478		13860.84	6.386e-06	1.521e-02	4.307e-09	10	200
479		13895.69	6.386e-06	1.521e-02	4.307e-09	10	200
480		13929.14	6.386e-06	1.521e-02	4.307e-09	10	200
481		13962.30	6.386e-06	1.521e-02	4.051e-09	10	200
482		13995.04	6.386e-06	1.521e-02	4.051e-09	10	200
483		14028.29	6.386e-06	1.521e-02	4.051e-09	10	200
484		14061.84	6.386e-06	1.521e-02	4.051e-09	10	200
485		14096.70	6.386e-06	1.521e-02	4.051e-09	10	200
486		14131.46	6.386e-06	1.521e-02	4.051e-09	10	200
487		14165.40	6.386e-06	1.521e-02	4.051e-09	10	200
488		14200.87	6.386e-06	1.521e-02	4.051e-09	10	200
489		14235.23	6.386e-06	1.521e-02	4.051e-09	10	200
490		14267.09	6.386e-06	1.521e-02	4.051e-09	10	200
491		14301.86	6.386e-06	1.521e-02	6.000e-10	10	200
492		14334.30	6.386e-06	1.521e-02	0.000e+00	10	200
493		14368.24	6.386e-06	1.521e-02	0.000e+00	10	200
494		14401.38	6.386e-06	1.521e-02	0.000e+00	10	200
495		14432.93	6.386e-06	1.521e-02	0.000e+00	10	200
496		14464.67	6.386e-06	1.521e-02	0.000e+00	10	200
497		14497.02	6.386e-06	1.521e-02	0.000e+00	10	200
498		14531.47	6.386e-06	1.521e-02	0.000e+00	10	200
499		14564.42	6.386e-06	1.521e-02	0.000e+00	10	200
500		14599.47	6.342e-06	1.521e-02	4.428e-08	10	200
501		14632.12	6.342e-06	1.521e-02	4.428e-08	10	200
502		14666.08	6.289e-06	1.521e-02	9.655e-08	10	200
503		14700.72	6.273e-06	1.521e-02	1.130e-07	10	200
504		14734.28	6.273e-06	1.521e-02	1.130e-07	10	200
505		14768.64	6.273e-06	1.521e-02	1.130e-07	10	200
506		14803.11	6.245e-06	1.521e-02	1.410e-07	10	200
507		14837.96	6.134e-06	1.521e-02	2.522e-07	10	200
508		14871.62	6.134e-06	1.521e-02	2.522e-07	10	200
509		14903.18	6.134e-06	1.521e-02	2.522e-07	10	200
510		14935.84	6.134e-06	1.521e-02	2.522e-07	10	200
511		14968.42	6.134e-06	1.521e-02	2.522e-07	10	200
512		15000.97	6.134e-06	1.521e-02	2.522e-07	10	200
513		15034.74	6.134e-06	1.521e-02	2.522e-07	10	200
514		15067.53	6.120e-06	1.521e-02	2.661e-07	10	200
515		15100.28	6.120e-06	1.521e-02	2.218e-07	10	200
516		15133.16	6.117e-06	1.521e-02	2.248e-07	10	200
517		15166.52	6.117e-06	1.521e-02	1.725e-07	10	200
518		15204.37	6.117e-06	1.521e-02	1.561e-07	10	200
519		15236.15	6.117e-06	1.521e-02	1.561e-07	10	200
520		15269.02	6.117e-06	1.521e-02	1.561e-07	10	200
521		15304.20	6.112e-06	1.521e-02	1.334e-07	10	200
522		15336.69	6.112e-06	1.521e-02	2.221e-08	10	200
523		15370.27	6.112e-06	1.521e-02	2.221e-08	10	200
524		15404.05	6.112e-06	1.521e-02	2.221e-08	10	200
525		15435.12	6.112e-06	1.521e-02	2.221e-08	10	200
526		15466.17	6.111e-06	1.521e-02	2.255e-08	10	200
527		15499.63	6.111e-06	1.521e-02	2.255e-08	10	200
528		15533.30	6.111e-06	1.521e-02	2.255e-08	10	200
529		15564.76	6.111e-06	1.521e-02	8.661e-09	10	200
530		15600.89	6.111e-06	1.521e-02	8.661e-09	10	200
531		15632.96	6.111e-06	1.521e-02	5.689e-09	10	200
532		15667.41	6.111e-06	1.521e-02	5.689e-09	10	200
533		15699.16	6.105e-06	1.521e-02	1.219e-08	10	200
534		15731.32	6.105e-06	1.521e-02	1.219e-08	10	200
535		15761.55	6.104e-06	1.521e-02	1.282e-08	10	200
536		15793.80	6.104e-06	1.521e-02	7.465e-09	10	200
537		15826.85	6.104e-06	1.521e-02	7.465e-09	10	200
538		15859.50	6.102e-06	1.521e-02	9.638e-09	10	200
539		15892.56	6.102e-06	1.521e-02	9.638e-09	10	200
540		15924.92	6.102e-06	1.521e-02	9.638e-09	10	200
541		15957.67	6.102e-06	1.521e-02	9.304e-09	10	200
542		15991.81	6.102e-06	1.521e-02	9.304e-09	10	200
543		16023.66	6.102e-06	1.521e-02	9.304e-09	10	200
544		16057.30	6.102e-06	1.521e-02	9.304e-09	10	200
545		16090.95	6.102e-06	1.521e-02	9.304e-09	10	200
546		16124.39	6.101e-06	1.521e-02	1.065e-08	10	200
547		16157.22	6.101e-06	1.521e-02	1.065e-08	10	200
548		16189.86	6.101e-06	1.521e-02	4.148e-09	10	200
549		16224.02	6.101e-06	1.521e-02	4.148e-09	10	200
550		16256.87	6.097e-06	1.521e-02	6.715e-09	10	200
551		16291.12	6.097e-06	1.521e-02	6.715e-09	10	200
552		16323.37	6.097e-06	1.521e-02	6.715e-09	10	200
553		16356.52	6.097e-06	1.521e-02	4.542e-09	10	200
554		16387.26	6.097e-06	1.521e-02	4.542e-09	10	200
555		16418.31	6.097e-06	1.521e-02	4.542e-09	10	200
556		16452.55	6.087e-06	1.521e-02	1.524e-08	10	200
557		16484.88	6.087e-06	1.521e-02	1.524e-08	10	200
558		16518.13	6.087e-06	1.521e-02	1.524e-08	10	200
559		16550.48	6.083e-06	1.521e-02	1.890e-08	10	200
560		16580.93	6.080e-06	1.521e-02	2.212e-08	10	200
561		16611.47	6.080e-06	1.521e-02	2.078e-08	10	200
562		16642.31	6.073e-06	1.521e-02	2.760e-08	10	200
563		16676.67	6.070e-06	1.521e-02	3.054e-08	10	200
564		16709.34	6.061e-06	1.521e-02	4.002e-08	10	200
565		16740.97	6.048e-06	1.521e-02	4.904e-08	10	200
566		16776.43	6.048e-06	1.521e-02	4.904e-08	10	200
567		16805.28	6.046e-06	1.521e-02	5.095e-08	10	200
568		16836.13	6.046e-06	1.521e-02	5.095e-08	10	200
569		16870.08	6.042e-06	1.521e-02	5.530e-08	10	200
570		16902.26	6.042e-06	1.521e-02	5.530e-08	10	200
571		16933.00	6.042e-06	1.521e-02	4.460e-08	10	200
572		16966.46	6.042e-06	1.521e-02	4.460e-08	10	200
573		16998.61	6.042e-06	1.521e-02	4.460e-08	10	200
574		17033.69	6.042e-06	1.521e-02	4.095e-08	10	200
575		17065.47	6.038e-06	1.521e-02	4.145e-08	10	200
576		17099.46	6.032e-06	1.521e-02	4.768e-08	10	200
577		17132.02	6.032e-06	1.521e-02	4.086e-08	10	200
578		17165.32	6.032e-06	1.521e-02	3.792e-08	10	200
579		17199.66	6.032e-06	1.521e-02	2.844e-08	10	200
580		17232.51	6.029e-06	1.521e-02	1.935e-08	10	200
581		17263.26	5.936e-06	1.521e-02	1.122e-07	10	200
582		17296.61	5.917e-06	1.521e-02	1.292e-07	10	200
583		17331.57	5.917e-06	1.521e-02	1.292e-07	10	200
584		17363.61	5.917e-06	1.521e-02	1.248e-07	10	200
585		17398.16	5.890e-06	1.521e-02	1.523e-07	10	200
586		17429.99	5.863e-06	1.521e-02	1.794e-07	10	200
587		17462.53	5.863e-06	1.521e-02	1.794e-07	10	200
588		17493.47	5.841e-06	1.521e-02	2.006e-07	10	200
589		17524.01	5.799e-06	1.521e-02	2.428e-07	10	200
590		17556.15	5.770e-06	1.521e-02	2.679e-07	10	200
591		17588.41	5.770e-06	1.521e-02	2.616e-07	10	200
592		17618.65	5.763e-06	1.521e-02	2.693e-07	10	200
593		17649.89	5.714e-06	1.521e-02	3.179e-07	10	200
594		17682.53	5.714e-06	1.521e-02	3.179e-07	10	200
595		17714.87	5.714e-06	1.521e-02	3.147e-07	10	200
596		17747.92	5.714e-06	1.521e-02	2.219e-07	10	200
597		17780.87	5.714e-06	1.521e-02	2.030e-07	10	200
598		17813.92	5.653e-06	1.521e-02	2.647e-07	10	200
599		17846.46	5.650e-06	1.521e-02	2.677e-07	10	200
600		17880.32	5.650e-06	1.521e-02	2.403e-07	10	200
601		17913.27	5.650e-06	1.521e-02	2.132e-07	10	200
602		17947.93	5.650e-06	1.521e-02	2.132e-07	10	200
603		17981.00	5.650e-06	1.521e-02	1.919e-07	10	200
604		18014.73	5.608e-06	1.521e-02	1.911e-07	10	200
605		18051.50	5.598e-06	1.521e-02	1.727e-07	10	200
606		18086.74	5.560e-06	1.521e-02	2.100e-07	10	200
607		18123.19	5.560e-06	1.521e-02	2.024e-07	10	200
608		18157.09	5.560e-06	1.521e-02	1.538e-07	10	200
609		18195.69	5.560e-06	1.521e-02	1.538e-07	10	200
610		18231.71	5.560e-06	1.521e-02	1.538e-07	10	200
611		18268.40	5.558e-06	1.521e-02	1.558e-07	10	200
612		18302.52	5.558e-06	1.521e-02	1.558e-07	10	200
613		18337.27	5.558e-06	1.521e-02	9.405e-08	10	200
614		18377.10	5.557e-06	1.521e-02	9.302e-08	10	200
615		18416.45	5.554e-06	1.521e-02	9.539e-08	10	200
616		18455.30	5.549e-06	1.521e-02	1.007e-07	10	200
617		18488.94	5.549e-06	1.521e-02	1.007e-07	10	200
618		18523.98	5.549e-06	1.521e-02	1.007e-07	10	200
619		18559.59	5.543e-06	1.521e-02	6.535e-08	10	200
620		18593.56	5.543e-06	1.521e-02	5.487e-08	10	200
621		18630.42	5.543e-06	1.521e-02	1.757e-08	10	200
622		18668.45	5.543e-06	1.521e-02	1.757e-08	10	200
623		18705.28	5.543e-06	1.521e-02	1.757e-08	10	200
624		18739.84	5.543e-06	1.521e-02	1.757e-08	10	200
625		18774.03	5.541e-06	1.521e-02	1.925e-08	10	200
626		18812.60	5.540e-06	1.521e-02	1.846e-08	10	200
627		18848.13	5.540e-06	1.521e-02	1.846e-08	10	200
628		18881.75	5.540e-06	1.521e-02	1.846e-08	10	200
629		18914.98	5.530e-06	1.521e-02	2.611e-08	10	200
630		18950.86	5.530e-06	1.521e-02	2.374e-08	10	200
631		18987.86	5.528e-06	1.521e-02	2.105e-08	10	200
632		19021.79	5.522e-06	1.521e-02	2.722e-08	10	200
633		19059.79	5.517e-06	1.521e-02	3.188e-08	10	200
634		19096.76	5.486e-06	1.521e-02	5.649e-08	10	200
635		19134.22	5.486e-06	1.521e-02	5.649e-08	10	200
636		19170.13	5.486e-06	1.521e-02	5.649e-08	10	200
637		19207.54	5.486e-06	1.521e-02	5.649e-08	10	200
638		19244.78	5.486e-06	1.521e-02	5.649e-08	10	200
639		19282.44	5.486e-06	1.521e-02	5.649e-08	10	200
640		19322.19	5.486e-06	1.521e-02	5.481e-08	10	200
641		19356.96	5.479e-06	1.521e-02	6.082e-08	10	200
642		19395.00	5.479e-06	1.521e-02	6.082e-08	10	200
643		19429.19	5.479e-06	1.521e-02	6.082e-08	10	200
644		19464.15	5.479e-06	1.521e-02	5.122e-08	10	200
645		19502.18	5.479e-06	1.521e-02	5.122e-08	10	200
646		19539.51	5.479e-06	1.521e-02	4.863e-08	10	200
647		19575.02	5.479e-06	1.521e-02	4.246e-08	10	200
648		19610.20	5.479e-06	1.521e-02	3.780e-08	10	200
649		19645.16	5.479e-06	1.521e-02	7.186e-09	10	200
650		19681.15	5.479e-06	1.521e-02	7.186e-09	10	200
651		19716.57	5.479e-06	1.521e-02	7.691e-09	10	200
652		19751.72	5.479e-06	1.521e-02	7.691e-09	10	200
653		19785.32	5.479e-06	1.521e-02	7.691e-09	10	200
654		19818.12	5.479e-06	1.521e-02	7.691e-09	10	200
655		19851.74	5.478e-06	1.521e-02	7.888e-09	10	200
656		19883.44	5.478e-06	1.521e-02	7.022e-10	10	200
657		19916.05	5.454e-06	1.521e-02	2.483e-08	10	200
658		19951.38	5.454e-06	1.521e-02	2.483e-08	10	200
659		19989.09	5.454e-06	1.521e-02	2.483e-08	10	200
660		20028.71	5.454e-06	1.521e-02	2.483e-08	10	200
661		20070.32	5.454e-06	1.521e-02	2.483e-08	10	200
662		20112.99	5.454e-06	1.521e-02	2.483e-08	10	200
663		20161.79	5.454e-06	1.521e-02	2.483e-08	10	200
664		20211.46	5.441e-06	1.521e-02	3.771e-08	10	200
665		20258.95	5.439e-06	1.521e-02	4.013e-08	10	200
666		20305.39	5.439e-06	1.521e-02	3.963e-08	10	200
667		20344.34	5.439e-06	1.521e-02	3.963e-08	10	200
668		20388.12	5.439e-06	1.521e-02	3.963e-08	10	200
669		20431.74	5.439e-06	1.521e-02	3.963e-08	10	200
670		20481.33	5.439e-06	1.521e-02	3.943e-08	10	200
671		20527.58	5.439e-06	1.521e-02	3.943e-08	10	200
672		20570.01	5.439e-06	1.521e-02	1.530e-08	10	200
673		20613.08	5.439e-06	1.521e-02	1.530e-08	10	200
674		20660.43	5.439e-06	1.521e-02	1.530e-08	10	200
675		20705.07	5.439e-06	1.521e-02	1.530e-08	10	200
676		20748.07	5.434e-06	1.521e-02	2.064e-08	10	200
677		20794.10	5.434e-06	1.521e-02	2.064e-08	10	200
678		20836.42	5.434e-06	1.521e-02	2.064e-08	10	200
679		20884.21	5.434e-06	1.521e-02	7.761e-09	10	200
680		20929.74	5.423e-06	1.521e-02	1.623e-08	10	200
681		20972.89	5.423e-06	1.521e-02	1.623e-08	10	200
682		21015.25	5.423e-06	1.521e-02	1.623e-08	10	200
683		21056.32	5.423e-06	1.521e-02	1.623e-08	10	200
684		21102.56	5.421e-06	1.521e-02	1.759e-08	10	200
685		21150.13	5.421e-06	1.521e-02	1.759e-08	10	200
686		21197.70	5.421e-06	1.521e-02	1.759e-08	10	200
687		21245.23	5.421e-06	1.521e-02	1.759e-08	10	200
688		21290.97	5.421e-06	1.521e-02	1.759e-08	10	200
689		21337.33	5.421e-06	1.521e-02	1.759e-08	10	200
690		21380.85	5.421e-06	1.521e-02	1.759e-08	10	200
691		21425.16	5.421e-06	1.521e-02	1.225e-08	10	200
692		21466.70	5.421e-06	1.521e-02	1.225e-08	10	200
693		21500.74	5.421e-06	1.521e-02	1.225e-08	10	200
694		21538.88	5.421e-06	1.521e-02	1.318e-08	10	200
695		21580.71	5.421e-06	1.521e-02	2.289e-09	10	200
696		21626.42	5.403e-06	1.521e-02	1.957e-08	10	200
697		21672.37	5.403e-06	1.521e-02	1.957e-08	10	200
698		21715.38	5.397e-06	1.521e-02	2.542e-08	10	200
699		21762.84	5.388e-06	1.521e-02	3.318e-08	10	200
700		21808.76	5.377e-06	1.521e-02	4.485e-08	10	200
701		21854.19	5.377e-06	1.521e-02	4.485e-08	10	200
702		21903.39	5.377e-06	1.521e-02	4.485e-08	10	200
703		21953.29	5.377e-06	1.521e-02	4.485e-08	10	200
704		21998.06	5.377e-06	1.521e-02	4.485e-08	10	200
705		22037.32	5.375e-06	1.521e-02	4.675e-08	10	200
706		22079.89	5.369e-06	1.521e-02	5.218e-08	10	200
707		22127.34	5.369e-06	1.521e-02	5.289e-08	10	200
708		22176.01	5.369e-06	1.521e-02	5.289e-08	10	200
709		22224.57	5.369e-06	1.521e-02	5.196e-08	10	200
710		22270.84	5.361e-06	1.521e-02	5.967e-08	10	200
711		22318.59	5.361e-06	1.521e-02	4.239e-08	10	200
712		22366.05	5.361e-06	1.521e-02	4.239e-08	10	200
713		22411.51	5.361e-06	1.521e-02	3.654e-08	10	200
714		22461.89	5.361e-06	1.521e-02	2.742e-08	10	200
715		22508.54	5.361e-06	1.521e-02	1.575e-08	10	200
716		22557.63	5.360e-06	1.521e-02	1.646e-08	10	200
717		22596.41	5.358e-06	1.521e-02	1.812e-08	10	200
718		22629.76	5.358e-06	1.521e-02	1.812e-08	10	200
719		22664.72	5.358e-06	1.521e-02	1.812e-08	10	200
720		22707.48	5.358e-06	1.521e-02	1.622e-08	10	200
721		22756.88	5.358e-06	1.521e-02	1.078e-08	10	200
722		22807.89	5.358e-06	1.521e-02	1.008e-08	10	200
723		22858.11	5.358e-06	1.521e-02	1.008e-08	10	200
724		22907.12	5.358e-06	1.521e-02	1.008e-08	10	200
725		22951.32	5.358e-06	1.521e-02	2.370e-09	10	200
726		23008.24	5.358e-06	1.521e-02	2.370e-09	10	200
727		23057.37	5.358e-06	1.521e-02	2.538e-09	10	200
728		23111.13	5.358e-06	1.521e-02	2.538e-09	10	200
729		23163.98	5.358e-06	1.521e-02	2.538e-09	10	200
730		23218.83	5.358e-06	1.521e-02	2.538e-09	10	200
731		23267.20	5.358e-06	1.521e-02	1.831e-09	10	200
732		23307.07	5.358e-06	1.521e-02	1.681e-10	10	200
733		23341.92	5.358e-06	1.521e-02	1.681e-10	10	200
734		23376.57	5.356e-06	1.521e-02	2.873e-09	10	200
735		23410.09	5.356e-06	1.521e-02	2.873e-09	10	200
736		23447.82	5.356e-06	1.521e-02	2.873e-09	10	200
737		23489.28	5.356e-06	1.521e-02	2.873e-09	10	200
738		23532.18	5.356e-06	1.521e-02	2.873e-09	10	200
739		23580.74	5.356e-06	1.521e-02	2.873e-09	10	200
740		23636.82	5.356e-06	1.521e-02	2.873e-09	10	200
741		23686.65	5.356e-06	1.521e-02	2.873e-09	10	200
742		23733.72	5.356e-06	1.521e-02	2.705e-09	10	200
743		23785.96	5.356e-06	1.521e-02	2.705e-09	10	200
744		23839.00	5.356e-06	1.521e-02	2.705e-09	10	200
745		23887.69	5.356e-06	1.521e-02	2.705e-09	10	200
746		23938.29	5.355e-06	1.521e-02	3.637e-09	10	200
747		23986.37	5.355e-06	1.521e-02	3.637e-09	10	200
748		24034.25	5.355e-06	1.521e-02	3.637e-09	10	200
749		24078.72	5.355e-06	1.521e-02	9.320e-10	10	200
750		24121.37	5.355e-06	1.521e-02	9.320e-10	10	200
751		24160.84	5.355e-06	1.521e-02	9.320e-10	10	200
752		24208.40	5.355e-06	1.521e-02	9.320e-10	10	200
753		24257.69	5.355e-06	1.521e-02	9.320e-10	10	200
754		24305.67	5.355e-06	1.521e-02	9.320e-10	10	200
755		24357.99	5.355e-06	1.521e-02	9.320e-10	10	200
756		24408.73	5.355e-06	1.521e-02	9.320e-10	10	200
757		24459.74	5.355e-06	1.521e-02	9.320e-10	10	200
758		24511.48	5.355e-06	1.521e-02	9.320e-10	10	200
759		24560.28	5.354e-06	1.521e-02	1.471e-09	10	200
760		24609.77	5.354e-06	1.521e-02	1.471e-09	10	200
761		24653.66	5.354e-06	1.521e-02	5.392e-10	10	200
762		24700.20	5.344e-06	1.521e-02	1.069e-08	10	200
763		24754.96	5.341e-06	1.521e-02	1.406e-08	10	200
764		24805.25	5.341e-06	1.521e-02	1.406e-08	10	200
765		24847.71	5.341e-06	1.521e-02	1.406e-08	10	200
766		24890.71	5.337e-06	1.521e-02	1.745e-08	10	200
767		24942.22	5.337e-06	1.521e-02	1.745e-08	10	200
768		24991.99	5.337e-06	1.521e-02	1.745e-08	10	200
769		25031.22	5.337e-06	1.521e-02	1.745e-08	10	200
770		25067.66	5.337e-06	1.521e-02	1.745e-08	10	200
771		25102.01	5.337e-06	1.521e-02	1.745e-08	10	200
772		25137.04	5.337e-06	1.521e-02	1.771e-08	10	200
773		25170.68	5.337e-06	1.521e-02	1.771e-08	10	200
774		25205.12	5.337e-06	1.521e-02	1.717e-08	10	200
775		25239.45	5.337e-06	1.521e-02	1.717e-08	10	200
776		25272.78	5.336e-06	1.521e-02	1.855e-08	10	200
777		25308.14	5.334e-06	1.521e-02	1.018e-08	10	200
778		25344.17	5.334e-06	1.521e-02	6.810e-09	10	200
779		25379.09	5.332e-06	1.521e-02	8.168e-09	10	200
780		25412.74	5.332e-06	1.521e-02	8.168e-09	10	200
781		25447.66	5.332e-06	1.521e-02	4.779e-09	10	200
782		25480.00	5.332e-06	1.521e-02	4.779e-09	10	200
783		25515.76	5.332e-06	1.521e-02	4.779e-09	10	200
784		25550.10	5.332e-06	1.521e-02	4.779e-09	10	200
785		25584.64	5.332e-06	1.521e-02	4.779e-09	10	200
786		25617.47	5.332e-06	1.521e-02	4.779e-09	10	200
787		25654.63	5.332e-06	1.521e-02	4.516e-09	10	200
788		25689.34	5.332e-06	1.521e-02	4.516e-09	10	200
789		25726.21	5.332e-06	1.521e-02	5.377e-09	10	200
790		25762.98	5.332e-06	1.521e-02	5.377e-09	10	200
791		25795.39	5.332e-06	1.521e-02	4.004e-09	10	200
792		25828.13	5.332e-06	1.521e-02	2.220e-09	10	200
793		25860.46	5.332e-06	1.521e-02	2.220e-09	10	200
794		25894.92	5.332e-06	1.521e-02	8.611e-10	10	200
795		25928.74	5.331e-06	1.521e-02	9.880e-10	10	200
796		25962.46	5.331e-06	1.521e-02	1.194e-09	10	200
797		25996.90	5.331e-06	1.521e-02	1.194e-09	10	200
798		26031.45	5.331e-06	1.521e-02	1.194e-09	10	200
799		26066.07	5.327e-06	1.521e-02	5.247e-09	10	200
800		26101.20	5.327e-06	1.521e-02	5.247e-09	10	200
801		26133.42	5.324e-06	1.521e-02	8.156e-09	10	200
802		26167.35	5.324e-06	1.521e-02	8.240e-09	10	200
803		26203.99	5.324e-06	1.521e-02	8.240e-09	10	200
804		26237.54	5.324e-06	1.521e-02	7.379e-09	10	200
805		26271.47	5.323e-06	1.521e-02	8.116e-09	10	200
806		26313.47	5.323e-06	1.521e-02	8.159e-09	10	200
807		26354.59	5.323e-06	1.521e-02	8.159e-09	10	200
808		26399.65	5.323e-06	1.521e-02	8.159e-09	10	200
809		26440.76	5.323e-06	1.521e-02	8.159e-09	10	200
810		26484.70	5.323e-06	1.521e-02	8.033e-09	10	200
811		26524.06	5.322e-06	1.521e-02	8.800e-09	10	200
812		26562.09	5.322e-06	1.521e-02	9.167e-09	10	200
813		26601.20	5.322e-06	1.521e-02	9.167e-09	10	200
814		26637.28	5.321e-06	1.521e-02	6.023e-09	10	200
815		26673.06	5.321e-06	1.521e-02	6.023e-09	10	200
816		26706.83	5.321e-06	1.521e-02	3.114e-09	10	200
817		26742.13	5.321e-06	1.521e-02	3.515e-09	10	200
818		26776.78	5.320e-06	1.521e-02	3.872e-09	10	200
819		26813.11	5.316e-06	1.521e-02	7.997e-09	10	200
820		26848.58	5.314e-06	1.521e-02	9.434e-09	10	200
821		26886.07	5.313e-06	1.521e-02	1.045e-08	10	200
822		26920.43	5.312e-06	1.521e-02	1.117e-08	10	200
823		26953.87	5.312e-06	1.521e-02	1.117e-08	10	200
824		26987.95	5.312e-06	1.521e-02	1.117e-08	10	200
825		27024.25	5.279e-06	1.521e-02	4.464e-08	10	200
826		27059.80	5.278e-06	1.521e-02	4.477e-08	10	200
827		27095.49	5.278e-06	1.521e-02	4.440e-08	10	200
828		27130.63	5.278e-06	1.521e-02	4.440e-08	10	200
829		27167.22	5.278e-06	1.521e-02	4.349e-08	10	200
830		27203.20	5.278e-06	1.521e-02	4.349e-08	10	200
831		27236.13	5.273e-06	1.521e-02	4.840e-08	10	200
832		27272.60	5.273e-06	1.521e-02	4.792e-08	10	200
833		27308.94	5.273e-06	1.521e-02	4.756e-08	10	200
834		27345.22	5.273e-06	1.521e-02	4.343e-08	10	200
835		27381.93	5.273e-06	1.521e-02	4.150e-08	10	200
836		27416.97	5.273e-06	1.521e-02	4.044e-08	10	200
837		27452.99	5.273e-06	1.521e-02	3.971e-08	10	200
838		27487.70	5.272e-06	1.521e-02	3.996e-08	10	200
839		27521.24	5.272e-06	1.521e-02	3.996e-08	10	200
840		27554.83	5.269e-06	1.521e-02	9.887e-09	10	200
841		27592.07	5.269e-06	1.521e-02	8.791e-09	10	200
842		27627.96	5.269e-06	1.521e-02	8.791e-09	10	200
843		27663.76	5.269e-06	1.521e-02	8.791e-09	10	200
844		27699.11	5.269e-06	1.521e-02	8.791e-09	10	200
845		27733.47	5.269e-06	1.521e-02	8.791e-09	10	200
846		27767.96	5.267e-06	1.521e-02	5.984e-09	10	200
847		27804.24	5.267e-06	1.521e-02	5.984e-09	10	200
848		27836.88	5.265e-06	1.521e-02	8.203e-09	10	200
849		27870.13	5.265e-06	1.521e-02	8.203e-09	10	200
850		27905.55	5.265e-06	1.521e-02	7.965e-09	10	200
851		27938.97	5.265e-06	1.521e-02	7.965e-09	10	200
852		27975.33	5.265e-06	1.521e-02	7.965e-09	10	200
853		28012.81	5.265e-06	1.521e-02	7.715e-09	10	200
854		28047.47	5.265e-06	1.521e-02	7.715e-09	10	200
855		28083.89	5.265e-06	1.521e-02	4.321e-09	10	200
856		28120.84	5.263e-06	1.521e-02	6.156e-09	10	200
857		28156.73	5.263e-06	1.521e-02	6.156e-09	10	200
858		28193.21	5.261e-06	1.521e-02	7.978e-09	10	200
859		28228.60	5.260e-06	1.521e-02	8.442e-09	10	200
860		28263.35	5.260e-06	1.521e-02	8.442e-09	10	200
861		28300.02	5.260e-06	1.521e-02	6.340e-09	10	200
862		28337.42	5.260e-06	1.521e-02	7.207e-09	10	200
863		28372.05	5.260e-06	1.521e-02	4.988e-09	10	200
864		28407.49	5.260e-06	1.521e-02	4.988e-09	10	200
865		28445.31	5.260e-06	1.521e-02	4.988e-09	10	200
866		28478.75	5.260e-06	1.521e-02	4.988e-09	10	200
867		28514.73	5.260e-06	1.521e-02	4.988e-09	10	200
868		28551.29	5.260e-06	1.521e-02	4.988e-09	10	200
869		28589.07	5.260e-06	1.521e-02	4.988e-09	10	200
870		28622.73	5.260e-06	1.521e-02	4.988e-09	10	200
871		28658.89	5.260e-06	1.521e-02	3.153e-09	10	200
872		28695.35	5.260e-06	1.521e-02	3.153e-09	10	200
873		28730.33	5.260e-06	1.521e-02	1.331e-09	10	200
874		28765.39	5.260e-06	1.521e-02	8.666e-10	10	200
875		28799.85	5.260e-06	1.521e-02	8.666e-10	10	200
876		28834.87	5.260e-06	1.521e-02	8.666e-10	10	200
877		28869.08	5.260e-06	1.521e-02	0.000e+00	10	200
878		28902.27	5.260e-06	1.521e-02	0.000e+00	10	200
879		28938.17	5.260e-06	1.521e-02	0.000e+00	10	200
880		28971.57	5.246e-06	1.521e-02	1.365e-08	10	200
881		29005.08	5.246e-06	1.521e-02	1.365e-08	10	200
882		29038.16	5.240e-06	1.521e-02	1.969e-08	10	200
883		29073.58	5.240e-06	1.521e-02	1.969e-08	10	200
884		29105.98	5.240e-06	1.521e-02	1.969e-08	10	200
885		29138.08	5.230e-06	1.521e-02	2.946e-08	10	200
886		29172.29	5.227e-06	1.521e-02	3.217e-08	10	200
887		29206.19	5.227e-06	1.521e-02	3.217e-08	10	200
888		29237.77	5.227e-06	1.521e-02	3.217e-08	10	200
889		29271.36	5.219e-06	1.521e-02	4.084e-08	10	200
890		29305.09	5.218e-06	1.521e-02	4.207e-08	10	200
891		29338.78	5.213e-06	1.521e-02	4.685e-08	10	200
892		29375.18	5.208e-06	1.521e-02	5.187e-08	10	200
893		29408.98	5.208e-06	1.521e-02	5.187e-08	10	200
894		29440.89	5.208e-06	1.521e-02	5.201e-08	10	200
895		29473.30	5.204e-06	1.521e-02	4.225e-08	10	200
896		29505.50	5.201e-06	1.521e-02	4.493e-08	10	200
897		29534.78	5.196e-06	1.521e-02	4.381e-08	10	200
898		29568.06	5.196e-06	1.521e-02	4.381e-08	10	200
899		29600.76	5.195e-06	1.521e-02	4.467e-08	10	200
900		29633.47	5.183e-06	1.521e-02	4.737e-08	10	200
901		29663.55	5.174e-06	1.521e-02	5.316e-08	10	200
902		29696.35	5.174e-06	1.521e-02	5.316e-08	10	200
903		29727.74	5.164e-06	1.521e-02	6.297e-08	10	200
904		29760.64	5.158e-06	1.521e-02	6.069e-08	10	200
905		29793.82	5.158e-06	1.521e-02	5.945e-08	10	200
906		29825.02	5.148e-06	1.521e-02	6.426e-08	10	200
907		29857.22	5.130e-06	1.521e-02	7.727e-08	10	200
908		29892.11	5.130e-06	1.521e-02	7.727e-08	10	200
909		29923.80	5.116e-06	1.521e-02	9.115e-08	10	200
910		29956.60	5.111e-06	1.521e-02	9.315e-08	10	200
911		29991.31	5.099e-06	1.521e-02	1.020e-07	10	200
912		30025.58	5.096e-06	1.521e-02	1.000e-07	10	200
913		30056.33	5.087e-06	1.521e-02	1.089e-07	10	200
914		30088.08	5.081e-06	1.521e-02	1.147e-07	10	200
915		30119.74	5.081e-06	1.521e-02	1.022e-07	10	200
916		30150.58	5.080e-06	1.521e-02	9.407e-08	10	200
917		30183.82	5.080e-06	1.521e-02	9.407e-08	10	200
918		30216.06	5.080e-06	1.521e-02	8.426e-08	10	200
919		30247.30	5.080e-06	1.521e-02	7.788e-08	10	200
920		30281.76	5.080e-06	1.521e-02	7.800e-08	10	200
921		30315.60	5.079e-06	1.521e-02	6.959e-08	10	200
922		30348.84	5.079e-06	1.521e-02	5.156e-08	10	200
923		30381.09	5.079e-06	1.521e-02	5.156e-08	10	200
924		30413.65	5.078e-06	1.521e-02	3.890e-08	10	200
925		30447.51	5.078e-06	1.521e-02	3.301e-08	10	200
926		30481.76	5.078e-06	1.521e-02	2.153e-08	10	200
927		30516.10	5.078e-06	1.521e-02	1.855e-08	10	200
928		30547.64	5.078e-06	1.521e-02	9.686e-09	10	200
929		30580.50	5.078e-06	1.521e-02	3.033e-09	10	200
930		30612.55	5.078e-06	1.521e-02	3.033e-09	10	200
931		30646.79	5.078e-06	1.521e-02	2.661e-09	10	200
932		30678.93	5.078e-06	1.521e-02	2.661e-09	10	200
933		30713.40	5.078e-06	1.521e-02	2.661e-09	10	200
934		30747.16	5.078e-06	1.521e-02	2.661e-09	10	200
935		30780.01	5.078e-06	1.521e-02	2.545e-09	10	200
936		30811.74	5.078e-06	1.521e-02	1.371e-09	10	200
937		30843.69	5.078e-06	1.521e-02	1.371e-09	10	200
938		30876.44	5.078e-06	1.521e-02	1.371e-09	10	200
939		30908.99	5.078e-06	1.521e-02	0.000e+00	10	200
940		30942.04	5.078e-06	1.521e-02	0.000e+00	10	200
941		30974.79	5.078e-06	1.521e-02	0.000e+00	10	200
942		31007.84	5.078e-06	1.521e-02	0.000e+00	10	200
943		31041.49	5.078e-06	1.521e-02	0.000e+00	10	200
944		31073.73	5.076e-06	1.521e-02	1.553e-09	10	200
945		31106.09	5.076e-06	1.521e-02	1.553e-09	10	200
946		31135.73	5.076e-06	1.521e-02	1.553e-09	10	200
947		31166.97	5.076e-06	1.521e-02	1.553e-09	10	200
948		31199.62	5.076e-06	1.521e-02	1.553e-09	10	200
949		31231.27	5.076e-06	1.521e-02	1.553e-09	10	200
950		31265.32	5.076e-06	1.521e-02	1.553e-09	10	200
951		31297.58	5.076e-06	1.521e-02	1.553e-09	10	200
952		31330.12	5.076e-06	1.521e-02	1.553e-09	10	200
953		31363.78	5.071e-06	1.521e-02	6.955e-09	10	200
954		31394.42	5.071e-06	1.521e-02	6.955e-09	10	200
955		31426.87	5.068e-06	1.521e-02	9.477e-09	10	200
956		31458.51	5.067e-06	1.521e-02	1.028e-08	10	200
957		31490.28	5.067e-06	1.521e-02	1.100e-08	10	200
958		31523.32	5.067e-06	1.521e-02	1.100e-08	10	200
959		31556.67	5.065e-06	1.521e-02	1.097e-08	10	200
960		31590.73	5.065e-06	1.521e-02	1.097e-08	10	200
961		31623.28	5.065e-06	1.521e-02	1.097e-08	10	200
962		31656.93	5.065e-06	1.521e-02	1.140e-08	10	200
963		31690.49	5.065e-06	1.521e-02	1.140e-08	10	200
964		31722.52	5.065e-06	1.521e-02	1.140e-08	10	200
965		31755.57	5.064e-06	1.521e-02	1.168e-08	10	200
966		31786.62	5.064e-06	1.521e-02	1.168e-08	10	200
967		31820.17	5.064e-06	1.521e-02	1.188e-08	10	200
968		31855.12	5.063e-06	1.521e-02	7.239e-09	10	200
969		31887.36	5.063e-06	1.521e-02	7.239e-09	10	200
970		31922.43	5.063e-06	1.521e-02	4.716e-09	10	200
971		31957.98	5.063e-06	1.521e-02	3.909e-09	10	200
972		31991.83	5.063e-06	1.521e-02	3.971e-09	10	200
973		32025.67	5.063e-06	1.521e-02	3.971e-09	10	200
974		32059.82	5.063e-06	1.521e-02	2.449e-09	10	200
975		32093.37	5.062e-06	1.521e-02	2.891e-09	10	200
976		32126.51	5.062e-06	1.521e-02	2.891e-09	10	200
977		32160.06	5.062e-06	1.521e-02	2.575e-09	10	200
978		32192.62	5.062e-06	1.521e-02	2.692e-09	10	200
979		32226.88	5.062e-06	1.521e-02	2.927e-09	10	200
980		32259.13	5.062e-06	1.521e-02	2.646e-09	10	200
981		32292.19	5.062e-06	1.521e-02	2.646e-09	10	200
982		32325.85	5.062e-06	1.521e-02	2.453e-09	10	200
983		32358.59	5.062e-06	1.521e-02	1.722e-09	10	200
984		32392.03	5.062e-06	1.521e-02	1.776e-09	10	200
985		32427.40	5.062e-06	1.521e-02	1.776e-09	10	200
986		32462.79	5.062e-06	1.521e-02	1.776e-09	10	200
987		32495.14	5.062e-06	1.521e-02	1.001e-09	10	200
988		32530.60	5.061e-06	1.521e-02	1.209e-09	10	200
989		32563.84	5.061e-06	1.521e-02	1.209e-09	10	200
990		32598.19	5.061e-06	1.521e-02	7.673e-10	10	200
991		32632.74	5.061e-06	1.521e-02	7.986e-10	10	200
992		32665.30	5.061e-06	1.521e-02	6.804e-10	10	200
993		32696.54	5.061e-06	1.521e-02	5.630e-10	10	200
994		32728.09	5.061e-06	1.521e-02	3.278e-10	10	200
995		32761.65	5.061e-06	1.521e-02	3.278e-10	10	200
996		32795.60	5.061e-06	1.521e-02	3.278e-10	10	200
997		32831.46	5.061e-06	1.521e-02	3.278e-10	10	200
998		32863.81	5.061e-06	1.521e-02	2.941e-10	10	200
999		32896.65	5.061e-06	1.521e-02	2.394e-10	10	200
A	 = 4.45e+10,
C0	 = 1.0,
Cpa	 = 813.3624872328372,
Cpb	 = 3.7230411733043685,
E	 = 1.41e+05,
Hp	 = 871085.8168415478,
K	 = 671.2125849657006,
Value	 = 5.061331072937545e-06,
Xi	 = 0.0,
eps	 = 0.6813624733462667,
ka	 = 0.08594172699925734,
kb	 = 0.00041550346761501573,
n	 = 3.065929563718007,
nO2	 = 0.0,
rho	 = 1189.37,
Results saved to D:\workspace\JENSENHUGHES\optimization\optimizationPaper\config\PMMA\../../results/PMMA/PMMALinearWide_solution.txt
