C:\Users\Fyang\Workspace\optimization\optimizationPaper\config\multiReactionCharring\3Reactions\validation\../../../../results/multiReactionCharring/3Reactions/validation/charLinear3ReacFTBT10kW Log file
!!python/object/apply:collections.defaultdict
args:
- &id001 !!python/name:builtins.bool ''
dictitems:
  Duraboard:
    CprampF:
    - 1.0
    - 1.0
    CprampT:
    - 0
    - 5000
    eps: 0.8
    krampF:
    - 0.075932
    - 0.090229
    - 0.104522
    - 0.122143
    - 0.14158
    - 0.163436
    - 0.190738
    - 0.221975
    krampT:
    - 203.035
    - 317.4028
    - 426.9164
    - 536.4182
    - 647.3003
    - 757.4803
    - 867.6409
    - 981.2546
    rho: 258
    thickness: 0.0254
  XiState:
  - known
  - known
  - known
  assumeVolumeConservation: true
  cone:
    Tinit: 25
    activePhaseVars:
    - C0
    - rho
    - ka
    - kb
    - kc
    - kd
    - ke
    - Cpa
    - Cpb
    - Cpc
    - Cpd
    - Cpe
    - eps
    - K
    activeReactionVars:
    - A
    - E
    - n
    - Hp
    - nO2
    - Xi
    allowIgnition: false
    backBoundaryConditions:
      Tamb: 25
      htc: Auto
      type: INSULATED
    frontBoundaryConditions:
      Tamb: 25
      htc: Auto
    ignitionHeatFlux: 20
    ignitionThreshold: 0.0032
    weight: 1.0
  cone1: !!python/object/apply:collections.defaultdict
    args:
    - *id001
    dictitems:
      Tinit: 25
      activePhaseVars:
      - C0
      - rho
      - ka
      - kb
      - kc
      - kd
      - ke
      - Cpa
      - Cpb
      - Cpc
      - Cpd
      - Cpe
      - eps
      - K
      activeReactionVars:
      - A
      - E
      - n
      - Hp
      - nO2
      - Xi
      backBoundaryConditions: !!python/object/apply:collections.defaultdict
        args:
        - *id001
        dictitems:
          Tamb: 25
          htc: Auto
          type: INSULATED
      columns:
      - 1
      depths:
      - 0
      file: C:/Users/Fyang/Workspace/optimization/optimizationPaper/data/multiReactionCharring/multiReactionCharringFake1.csv
      finalThickness: false
      frontBoundaryConditions: !!python/object/apply:collections.defaultdict
        args:
        - *id001
        dictitems:
          Tamb: 25
          heatFlux: 10.0
          htc: 15
      ignitionHeatFlux: 20.0
      ignitionThreshold: 0.0032
      initialThickness: 0.008
      names:
      - Mass
      time: 0
      types:
      - 1
      weight: 1.0
      weights:
      - 1
      width1: 0.1016
      width2: 0.1016
  configDir: C:\Users\Fyang\Workspace\optimization\optimizationPaper\config\multiReactionCharring\3Reactions\validation\
  dataSources:
    names:
    - cone1
    types:
    - cone
  dsc:
    activePhaseVars:
    - C0
    - Cpa
    - Cpb
    - Cpc
    - Cpd
    - Cpe
    activeReactionVars:
    - A
    - E
    - n
    - Hp
    dscO2: None
    weight: 1.0
  fdsPath: C:\Program Files\FDS\FDS6\bin
  keepTemporaryFiles: true
  name: charLinear3ReacFTBT10kW
  optimizeParams:
    absErr: 1e-9
    absRelErr: 1e-6
    elimThresh: 1e-2
    maxIter: -1
    maxTime: -1
    minIter: -1
    minP: 2
    opAlpha: 1
    opBeta: 1
    opP: 1
    opQ: 1
    opS: 1
    relErr: 1e-12
    relIter: 15
  outputParams:
    saveAllSamples: true
  phaseParams:
    C0:
    - - 1
      - 0
      - 1
    - - 0
      - 1189
      - 1189
    Cpa:
    - - !!python/object/apply:numpy.core.multiarray.scalar
        - &id002 !!python/object/apply:numpy.dtype
          args:
          - f8
          - 0
          - 1
          state: !!python/tuple
          - 3
          - <
          - null
          - null
          - null
          - -1
          - -1
          - 0
        - !!binary |
          uhwRL9sTkUA=
      - 1000
      - 2800
    - - !!python/object/apply:numpy.core.multiarray.scalar
        - *id002
        - !!binary |
          VmGttnlQf0A=
      - 1189
      - 1189
    Cpb:
    - - !!python/object/apply:numpy.core.multiarray.scalar
        - *id002
        - !!binary |
          /yfYLMNDwT8=
      - 0.0
      - 0.0
    - - !!python/object/apply:numpy.core.multiarray.scalar
        - *id002
        - !!binary |
          5DSEZMnA7T8=
      - 1189
      - 1189
    Cpc:
    - - 0.0
      - 0.0
      - 0.0
    - - 0.0
      - 0.0
      - 0.0
    Cpd:
    - - 0.0
      - 0.0
      - 0.0
    - - 0.0
      - 0.0
      - 0.0
    Cpe:
    - &id003
      - 0
      - 0
      - 1
    - *id003
    K:
    - - !!python/object/apply:numpy.core.multiarray.scalar
        - *id002
        - !!binary |
          aenFQQ84xEA=
      - 500
      - 3000
    - - 1e8
      - 1189
      - 1189
    eps:
    - - !!python/object/apply:numpy.core.multiarray.scalar
        - *id002
        - !!binary |
          daDK0mY57z8=
      - 0.75
      - 1.0
    - - 0.94
      - 1189
      - 1189
    ka:
    - - !!python/object/apply:numpy.core.multiarray.scalar
        - *id002
        - !!binary |
          4cIa/3k51D8=
      - 0.1
      - 0.3
    - - !!python/object/apply:numpy.core.multiarray.scalar
        - *id002
        - !!binary |
          6ObbG5cszj8=
      - 1189
      - 1189
    kb:
    - - !!python/object/apply:numpy.core.multiarray.scalar
        - *id002
        - !!binary |
          WtLW1UrGEj8=
      - 0.0
      - 0.0
    - - !!python/object/apply:numpy.core.multiarray.scalar
        - *id002
        - !!binary |
          rL06492MEj8=
      - 0.0
      - 0.0
    kc:
    - - 0.0
      - 0.0
      - 0.0
    - - 0.0
      - 0.0
      - 0.0
    kd:
    - - 0.0
      - 0.0
      - 0.0
    - - 0.0
      - 0.0
      - 0.0
    ke:
    - &id004
      - 0
      - 0
      - 1
    - *id004
    nO2:
    - - 0
      - 0
      - 1
    - - 0
      - 1189
      - 1189
    phases:
    - virgin
    - char
    rho:
    - - 1683
      - 1189
      - 1189
    - - 1235
      - 1189
      - 1189
  processParams:
    maxProcesses: 8
    multiprocess: true
  reactionParams:
    A:
    - - !!python/object/apply:numpy.core.multiarray.scalar
        - *id002
        - !!binary |
          AAAgATUtjUI=
      - 1e6
      - 1e14
    - - !!python/object/apply:numpy.core.multiarray.scalar
        - *id002
        - !!binary |
          AABUcJ493kI=
      - 1e6
      - 1e14
    - - !!python/object/apply:numpy.core.multiarray.scalar
        - *id002
        - !!binary |
          AABgDFXrhkI=
      - 1e6
      - 1e14
    E:
    - - !!python/object/apply:numpy.core.multiarray.scalar
        - *id002
        - !!binary |
          AAAAAMDfBEE=
      - 1.2e4
      - 2.0e5
    - - !!python/object/apply:numpy.core.multiarray.scalar
        - *id002
        - !!binary |
          AAAAAMA4C0E=
      - 1.2e4
      - 2.0e5
    - - !!python/object/apply:numpy.core.multiarray.scalar
        - *id002
        - !!binary |
          AAAAAEAeBUE=
      - 1.2e4
      - 2.0e5
    Hp:
    - - !!python/object/apply:numpy.core.multiarray.scalar
        - *id002
        - !!binary |
          BuErkYgbEEE=
      - 1e5
      - 1e7
    - - !!python/object/apply:numpy.core.multiarray.scalar
        - *id002
        - !!binary |
          JAelLD2wE0E=
      - 1e5
      - 1e7
    - - !!python/object/apply:numpy.core.multiarray.scalar
        - *id002
        - !!binary |
          kVkf/wRbGkE=
      - 1e5
      - 1e7
    Xi:
    - - !!python/object/apply:numpy.core.multiarray.scalar
        - *id002
        - !!binary |
          vjr5ng933D8=
      - 0
      - 1
    - - !!python/object/apply:numpy.core.multiarray.scalar
        - *id002
        - !!binary |
          d1/UfIL67z8=
      - 0
      - 1
    - - !!python/object/apply:numpy.core.multiarray.scalar
        - *id002
        - !!binary |
          yDFYFxgZ2T8=
      - 0
      - 1
    n:
    - - !!python/object/apply:numpy.core.multiarray.scalar
        - *id002
        - !!binary |
          UCZ+p30M+T8=
      - 5e-1
      - 4e0
    - - !!python/object/apply:numpy.core.multiarray.scalar
        - *id002
        - !!binary |
          9jjoAx5KDkA=
      - 5e-1
      - 4e0
    - - !!python/object/apply:numpy.core.multiarray.scalar
        - *id002
        - !!binary |
          sQSW67tsC0A=
      - 5e-1
      - 4e0
    nO2:
    - &id005
      - 0
      - 0
      - 1
    - *id005
    - *id005
    prodState:
    - 1
    - 1
    - 1
    reacState:
    - 0
    - 0
    - 0
    typeState:
    - 3
    - 3
    - 3
  reinitializeComplex: false
  restart: false
  resultsDir: ../../../../results/multiReactionCharring/3Reactions/validation/
  systemDir: C:\Users\Fyang\Workspace\optimization\sourceCode\optimizationPython\src
  tga:
    activePhaseVars:
    - C0
    - rho
    activeReactionVars:
    - A
    - E
    - n
    tgaO2: None
    tgaOpt: 1
    weight: 1.0
  thermalPropertyUnits: K
  virtualExperiment: true
Loop	t (s)	Error Min	Error Max	ErrorRel	Comp	Samples
A	 = 4.01e+12,1.33e+14,3.15e+12,
C0	 = 1.0,0.0,
Cpa	 = 1092.9640467332633,501.02971523024223,
Cpb	 = 0.13488044442811994,0.9297835314952434,
E	 = 1.71e+05,2.23e+05,1.73e+05,
Hp	 = 263906.1417689476,322575.29359828145,431809.24914302776,
K	 = 10352.119194735498,100000000.0,
Value	 = 0.04671702734689505,
Xi	 = 0.4447669079280948,0.9993297994687812,0.3921566226934172,
eps	 = 0.975757037832422,0.94,
ka	 = 0.31600809013893466,0.2357357870130763,
kb	 = 7.161933668593229e-05,7.076362890744728e-05,
n	 = 1.5655495207487498,3.7861900620692905,3.428092804446884,
nO2	 = 0.0,0.0,0.0,
rho	 = 1683.0,1235.0,
Results saved to C:\Users\Fyang\Workspace\optimization\optimizationPaper\config\multiReactionCharring\3Reactions\validation\../../../../results/multiReactionCharring/3Reactions/validation/charLinear3ReacFTBT10kW_solution.txt
