D:\workspace\JENSENHUGHES\optimization\optimizationPaper\config\PMMA\hybrid\../../../results/PMMA/hybrid/PMMALinearWideHybrid Log file
!!python/object/apply:collections.defaultdict
args:
- &id001 !!python/name:builtins.bool ''
dictitems:
  Duraboard:
    CprampF:
    - 1.0
    - 1.0
    CprampT:
    - 0
    - 5000
    eps: 0.8
    krampF:
    - 0.075932
    - 0.090229
    - 0.104522
    - 0.122143
    - 0.14158
    - 0.163436
    - 0.190738
    - 0.221975
    krampT:
    - 203.035
    - 317.4028
    - 426.9164
    - 536.4182
    - 647.3003
    - 757.4803
    - 867.6409
    - 981.2546
    rho: 258
    thickness: 0.0254
  XiState:
  - known
  cone:
    Tinit: 25
    activePhaseVars:
    - C0
    - rho
    - ka
    - kb
    - kc
    - kd
    - ke
    - Cpa
    - Cpb
    - Cpc
    - Cpd
    - Cpe
    - eps
    - K
    activeReactionVars:
    - A
    - E
    - n
    - Hp
    - nO2
    - Xi
    backBoundaryConditions:
      Tamb: 25
      htc: Auto
      type: INSULATED
    frontBoundaryConditions:
      Tamb: 25
      htc: Auto
    weight: 1.0
  cone1: !!python/object/apply:collections.defaultdict
    args:
    - *id001
    dictitems:
      Tinit: 25
      activePhaseVars:
      - C0
      - rho
      - ka
      - kb
      - kc
      - kd
      - ke
      - Cpa
      - Cpb
      - Cpc
      - Cpd
      - Cpe
      - eps
      - K
      activeReactionVars:
      - A
      - E
      - n
      - Hp
      - nO2
      - Xi
      backBoundaryConditions: !!python/object/apply:collections.defaultdict
        args:
        - *id001
        dictitems:
          Tamb: 25
          htc: Auto
          type: INSULATED
      columns:
      - 1
      depths:
      - 0
      file: ../../../data/PMMA/PMMALinearNominal_0_cone_Mass.csv
      finalThickness: false
      frontBoundaryConditions: !!python/object/apply:collections.defaultdict
        args:
        - *id001
        dictitems:
          Tamb: 25
          heatFlux: 25
          htc: 15
      heatFlux: 20
      initialThickness: 0.008
      names:
      - Mass
      time: 0
      types:
      - 1
      weight: 1.0
      weights:
      - 1
      width1: 0.1016
      width2: 0.1016
  configDir: D:\workspace\JENSENHUGHES\optimization\optimizationPaper\config\PMMA\hybrid\
  dataSources:
    names:
    - cone1
    types:
    - cone
  dsc:
    activePhaseVars:
    - C0
    - Cpa
    - Cpb
    - Cpc
    - Cpd
    - Cpe
    activeReactionVars:
    - A
    - E
    - n
    - Hp
    dscO2: None
    weight: 1.0
  fdsPath: C:\Program Files\FDS\FDS6\bin
  name: PMMALinearWideHybrid
  optimizeParams:
    absErr: 1e-7
    absRelErr: 1e-6
    elimThresh: 1e-2
    maxIter: 1000
    maxTime: 36000
    minIter: 5
    minP: 2
    opAlpha: 3
    opBeta: 3
    opP: 10
    opQ: 5
    opS: 20
    relErr: 1e-12
    relIter: 15
  outputParams:
    saveAllSamples: true
  phaseParams:
    C0:
    - - 1.0
      - 0
      - 1
    Cpa:
    - - None
      - 162.675
      - 244.012
    Cpb:
    - - None
      - 3.182
      - 4.773
    Cpc:
    - - 0.0
      - 0.0
      - 0.0
    Cpd:
    - - 0.0
      - 0.0
      - 0.0
    Cpe:
    - - 0
      - 0
      - 1
    K:
    - - None
      - 250
      - 4000
    eps:
    - - None
      - 0.2
      - 1.0
    ka:
    - - None
      - 0.03475
      - 0.556
    kb:
    - - None
      - 6.5e-05
      - 0.00104
    kc:
    - - 0.0
      - 0.0
      - 0.0
    kd:
    - - 0.0
      - 0.0
      - 0.0
    ke:
    - - 0
      - 0
      - 1
    nO2:
    - - 0
      - 0
      - 1
    phases:
    - virgin
    rho:
    - - 1189.37
      - 1189.37
      - 1189.37
  processParams:
    maxProcesses: 4
    multiprocess: true
  reactionParams:
    A:
    - - None
      - 4.064e10
      - 6.096e10
    E:
    - - None
      - 1.256e5
      - 1.884e5
    Hp:
    - - None
      - 1.97e5
      - 3.152e6
    Xi:
    - - 0
      - 0
      - 1
    n:
    - - None
      - 0.728
      - 1.092
    nO2:
    - - 0
      - 0
      - 1
    prodState:
    - -1
    reacState:
    - 0
    typeState:
    - 3
  reinitializeComplex: false
  restart: false
  resultsDir: ../../../results/PMMA/hybrid/
  systemDir: D:\workspace\JENSENHUGHES\optimization\sourceCode\optimizationpython\src
  tga:
    activePhaseVars:
    - C0
    - rho
    activeReactionVars:
    - A
    - E
    - n
    tgaO2: None
    tgaOpt: 1
    weight: 1.0
  virtualExperiment: false
Loop	t (s)	Error Min	Error Max	ErrorRel	Comp	Samples
0		22.90	1.454e-04	1.521e-02	1.000e+00	10	200
1		58.05	1.454e-04	1.521e-02	1.000e+00	10	200
2		92.86	1.454e-04	1.521e-02	1.000e+00	10	200
3		139.56	1.454e-04	1.521e-02	1.000e+00	10	200
4		193.62	1.207e-04	1.521e-02	1.000e+00	10	200
5		248.48	1.047e-04	1.521e-02	1.000e+00	10	200
6		301.94	7.234e-05	1.521e-02	1.000e+00	10	200
7		349.65	7.234e-05	1.521e-02	1.000e+00	10	200
8		401.23	7.234e-05	1.521e-02	1.000e+00	10	200
9		459.95	7.147e-05	1.521e-02	1.000e+00	10	200
10		515.20	5.324e-05	1.521e-02	1.000e+00	10	200
11		571.26	4.809e-05	1.521e-02	1.000e+00	10	200
12		626.92	3.396e-05	1.521e-02	1.000e+00	10	200
13		682.56	8.107e-06	1.521e-02	1.000e+00	10	200
14		736.29	8.107e-06	1.521e-02	1.000e+00	10	200
15		792.53	8.107e-06	1.521e-02	1.000e+00	10	200
16		846.06	8.107e-06	1.521e-02	1.373e-04	10	200
17		905.17	8.107e-06	1.521e-02	1.373e-04	10	200
18		960.65	6.068e-06	1.521e-02	1.393e-04	10	200
19		1018.93	5.892e-06	1.422e-02	1.148e-04	10	200
20		1077.90	5.055e-06	1.422e-02	9.966e-05	10	200
21		1133.77	5.055e-06	1.422e-02	6.728e-05	10	200
22		1187.91	2.826e-06	1.422e-02	6.951e-05	10	200
23		1247.85	2.439e-06	1.422e-02	6.990e-05	10	200
24		1302.22	2.388e-06	1.422e-02	6.908e-05	10	200
25		1358.69	2.019e-06	1.422e-02	5.122e-05	10	200
26		1413.36	2.001e-06	1.501e-02	4.609e-05	10	200
27		1468.89	1.923e-06	1.501e-02	3.204e-05	10	200
28		1528.20	1.854e-06	1.501e-02	6.253e-06	10	200
29		1587.87	1.842e-06	1.501e-02	6.264e-06	10	200
30		1647.34	1.829e-06	1.501e-02	6.278e-06	10	200
31		1707.91	1.822e-06	1.501e-02	6.284e-06	10	200
32		1770.53	1.816e-06	1.501e-02	6.291e-06	10	200
33		1830.60	1.810e-06	1.501e-02	4.258e-06	10	200
34		1893.58	1.810e-06	1.501e-02	4.082e-06	10	200
35		1954.44	1.808e-06	1.501e-02	3.246e-06	10	200
36		2019.97	1.807e-06	1.501e-02	3.248e-06	10	200
37		2084.63	1.807e-06	1.501e-02	1.019e-06	10	200
38		2145.11	1.806e-06	1.501e-02	6.331e-07	10	200
39		2212.20	1.806e-06	1.501e-02	5.820e-07	10	200
40		2281.89	1.805e-06	1.501e-02	2.141e-07	10	200
41		2351.79	1.804e-06	1.501e-02	1.974e-07	10	200
42		2416.29	1.801e-06	1.501e-02	1.217e-07	10	200
43		2479.27	1.799e-06	1.501e-02	5.538e-08	10	200
44		2543.47	1.789e-06	1.501e-02	5.291e-08	10	200
45		2606.73	1.784e-06	1.501e-02	4.507e-08	10	200
46		2668.21	1.774e-06	1.501e-02	4.828e-08	10	200
47		2731.84	1.771e-06	1.501e-02	4.517e-08	10	200
48		2798.16	1.771e-06	1.501e-02	3.952e-08	10	200
49		2865.58	1.761e-06	1.278e-02	4.928e-08	10	200
50		2930.69	1.761e-06	1.278e-02	4.735e-08	10	200
51		2996.48	1.761e-06	1.278e-02	4.574e-08	10	200
52		3057.27	1.756e-06	1.278e-02	5.015e-08	10	200
53		3125.46	1.756e-06	1.278e-02	4.929e-08	10	200
54		3192.31	1.756e-06	1.278e-02	5.019e-08	10	200
55		3265.08	1.743e-06	1.278e-02	6.115e-08	10	200
56		3329.48	1.704e-06	1.278e-02	9.965e-08	10	200
57		3399.97	1.704e-06	1.278e-02	9.719e-08	10	200
58		3465.69	1.697e-06	1.278e-02	1.019e-07	10	200
59		3533.21	1.697e-06	1.278e-02	9.284e-08	10	200
60		3602.91	1.675e-06	1.113e-02	1.091e-07	10	200
61		3669.93	1.675e-06	1.113e-02	9.946e-08	10	200
62		3737.75	1.675e-06	1.043e-02	9.603e-08	10	200
63		3810.34	1.667e-06	1.521e-02	1.034e-07	10	200
64		3875.83	1.665e-06	1.521e-02	9.577e-08	10	200
65		3942.61	1.651e-06	1.521e-02	1.101e-07	10	200
66		4008.49	1.650e-06	1.439e-02	1.108e-07	10	200
67		4077.11	1.643e-06	1.439e-02	1.131e-07	10	200
68		4149.75	1.638e-06	1.439e-02	1.185e-07	10	200
69		4215.16	1.634e-06	1.520e-02	1.217e-07	10	200
70		4283.98	1.626e-06	1.520e-02	1.172e-07	10	200
71		4349.41	1.621e-06	1.520e-02	8.295e-08	10	200
72		4411.98	1.617e-06	1.520e-02	8.667e-08	10	200
73		4482.34	1.597e-06	1.520e-02	9.938e-08	10	200
74		4545.44	1.563e-06	1.520e-02	1.331e-07	10	200
75		4609.18	1.472e-06	1.520e-02	2.023e-07	10	200
76		4675.26	1.346e-06	1.520e-02	3.289e-07	10	200
77		4748.20	1.283e-06	1.520e-02	3.913e-07	10	200
78		4820.61	1.274e-06	9.085e-03	3.930e-07	10	200
79		4890.96	1.235e-06	1.400e-02	4.298e-07	10	200
80		4957.94	1.227e-06	1.400e-02	4.238e-07	10	200
81		5029.38	1.227e-06	1.400e-02	4.230e-07	10	200
82		5098.50	1.225e-06	1.400e-02	4.180e-07	10	200
83		5164.59	1.224e-06	1.519e-02	4.136e-07	10	200
84		5230.47	1.221e-06	1.519e-02	4.127e-07	10	200
85		5302.85	1.219e-06	1.519e-02	4.068e-07	10	200
86		5373.00	1.219e-06	1.519e-02	4.014e-07	10	200
87		5446.84	1.219e-06	1.519e-02	3.984e-07	10	200
88		5510.53	1.211e-06	1.519e-02	3.860e-07	10	200
89		5580.46	1.211e-06	1.519e-02	3.523e-07	10	200
90		5648.59	1.209e-06	1.519e-02	2.635e-07	10	200
91		5719.50	1.204e-06	1.519e-02	1.419e-07	10	200
92		5789.73	1.201e-06	1.519e-02	8.182e-08	10	200
93		5863.86	1.201e-06	1.519e-02	7.281e-08	10	200
94		5933.67	1.201e-06	1.519e-02	3.389e-08	10	200
95		6004.05	1.201e-06	1.521e-02	2.560e-08	10	200
96		6071.24	1.201e-06	1.521e-02	2.560e-08	10	200
97		6142.30	1.201e-06	1.521e-02	2.383e-08	10	200
98		6213.39	1.201e-06	1.521e-02	2.296e-08	10	200
99		6284.62	1.201e-06	1.521e-02	1.970e-08	10	200
100		6352.61	1.201e-06	1.519e-02	1.805e-08	10	200
101		6423.32	1.199e-06	1.519e-02	2.033e-08	10	200
102		6495.32	1.199e-06	1.519e-02	1.962e-08	10	200
103		6564.03	1.199e-06	1.519e-02	1.203e-08	10	200
104		6629.83	1.199e-06	1.519e-02	1.238e-08	10	200
105		6694.33	1.199e-06	1.519e-02	1.002e-08	10	200
106		6767.69	1.199e-06	1.519e-02	5.006e-09	10	200
107		6837.50	1.199e-06	1.519e-02	2.691e-09	10	200
108		6904.60	1.199e-06	1.519e-02	2.691e-09	10	200
109		6974.94	1.198e-06	1.519e-02	2.995e-09	10	200
110		7046.25	1.198e-06	1.520e-02	2.995e-09	10	200
111		7118.28	1.198e-06	1.520e-02	2.995e-09	10	200
112		7191.88	1.198e-06	1.520e-02	2.995e-09	10	200
113		7264.82	1.198e-06	1.520e-02	2.995e-09	10	200
114		7340.27	1.198e-06	1.520e-02	2.995e-09	10	200
115		7413.22	1.198e-06	1.520e-02	2.995e-09	10	200
116		7480.36	1.198e-06	1.520e-02	7.080e-10	10	200
117		7545.47	1.198e-06	1.520e-02	7.080e-10	10	200
118		7614.50	1.198e-06	1.520e-02	7.080e-10	10	200
119		7685.81	1.198e-06	1.520e-02	3.039e-10	10	200
120		7757.50	1.198e-06	1.520e-02	3.039e-10	10	200
121		7827.40	1.198e-06	1.520e-02	3.039e-10	10	200
122		7896.35	1.198e-06	1.520e-02	3.039e-10	10	200
123		7970.21	1.198e-06	1.520e-02	3.039e-10	10	200
124		8038.60	1.198e-06	1.520e-02	0.000e+00	10	200
125		8105.52	1.198e-06	1.520e-02	0.000e+00	10	200
126		8177.25	1.198e-06	1.520e-02	0.000e+00	10	200
127		8244.77	1.198e-06	1.520e-02	0.000e+00	10	200
128		8316.18	1.198e-06	1.520e-02	0.000e+00	10	200
129		8383.61	1.198e-06	1.520e-02	0.000e+00	10	200
130		8450.49	1.198e-06	1.520e-02	0.000e+00	10	200
131		8516.56	1.198e-06	1.520e-02	0.000e+00	10	200
132		8586.06	1.198e-06	1.520e-02	0.000e+00	10	200
133		8652.94	1.198e-06	1.520e-02	0.000e+00	10	200
134		8724.05	1.198e-06	1.520e-02	0.000e+00	10	200
135		8792.87	1.198e-06	1.512e-02	0.000e+00	10	200
136		8859.29	1.198e-06	1.512e-02	0.000e+00	10	200
137		8933.45	1.178e-06	1.512e-02	2.003e-08	10	200
138		8999.63	1.178e-06	1.512e-02	2.003e-08	10	200
139		9070.67	1.178e-06	1.512e-02	2.003e-08	10	200
140		9143.55	1.159e-06	1.512e-02	3.992e-08	10	200
141		9213.70	1.154e-06	1.512e-02	4.485e-08	10	200
142		9278.28	1.146e-06	5.840e-03	5.194e-08	10	200
143		9345.99	1.139e-06	6.629e-03	5.897e-08	10	200
144		9417.44	1.139e-06	1.284e-02	5.897e-08	10	200
145		9483.35	1.139e-06	1.284e-02	5.941e-08	10	200
146		9555.93	1.135e-06	1.284e-02	6.327e-08	10	200
147		9618.31	1.134e-06	1.284e-02	6.413e-08	10	200
148		9688.52	1.134e-06	1.284e-02	6.413e-08	10	200
149		9754.72	1.134e-06	1.305e-02	6.413e-08	10	200
150		9827.15	1.134e-06	1.305e-02	6.413e-08	10	200
151		9901.53	1.128e-06	1.305e-02	7.062e-08	10	200
152		9966.37	1.128e-06	1.305e-02	5.059e-08	10	200
153		10035.28	1.124e-06	1.305e-02	5.462e-08	10	200
154		10104.39	1.123e-06	1.305e-02	5.508e-08	10	200
155		10173.01	1.113e-06	1.386e-02	4.512e-08	10	200
156		10241.72	1.113e-06	1.516e-02	4.026e-08	10	200
157		10309.33	1.112e-06	1.386e-02	3.486e-08	10	200
158		10380.14	1.110e-06	1.386e-02	2.946e-08	10	200
159		10451.96	1.110e-06	1.386e-02	2.946e-08	10	200
160		10522.10	1.110e-06	1.386e-02	2.903e-08	10	200
161		10586.60	1.109e-06	1.520e-02	2.594e-08	10	200
162		10653.35	1.108e-06	1.520e-02	2.632e-08	10	200
163		10720.89	1.108e-06	1.520e-02	2.632e-08	10	200
164		10789.65	1.040e-06	1.520e-02	9.480e-08	10	200
165		10861.36	1.040e-06	1.520e-02	9.480e-08	10	200
166		10933.17	1.025e-06	1.520e-02	1.032e-07	10	200
167		10996.20	1.001e-06	1.520e-02	1.269e-07	10	200
168		11065.61	1.001e-06	1.520e-02	1.229e-07	10	200
169		11129.68	9.870e-07	1.520e-02	1.363e-07	10	200
170		11196.99	9.787e-07	1.520e-02	1.347e-07	10	200
171		11268.46	9.746e-07	1.520e-02	1.388e-07	10	200
172		11337.86	9.677e-07	1.520e-02	1.440e-07	10	200
173		11408.28	9.603e-07	1.520e-02	1.497e-07	10	200
174		11473.70	9.492e-07	1.520e-02	1.608e-07	10	200
175		11539.99	9.492e-07	1.520e-02	1.608e-07	10	200
176		11607.60	9.238e-07	1.520e-02	1.854e-07	10	200
177		11676.14	7.954e-07	1.520e-02	3.126e-07	10	200
178		11745.34	7.954e-07	1.520e-02	3.126e-07	10	200
179		11817.58	6.193e-07	1.520e-02	4.202e-07	10	200
180		11888.99	5.635e-07	1.520e-02	4.760e-07	10	200
181		11958.50	5.631e-07	1.520e-02	4.615e-07	10	200
182		12030.44	5.585e-07	1.520e-02	4.424e-07	10	200
183		12092.98	5.574e-07	1.520e-02	4.435e-07	10	200
184		12163.81	5.438e-07	1.520e-02	4.431e-07	10	200
185		12234.35	5.438e-07	1.518e-02	4.349e-07	10	200
186		12301.48	5.321e-07	1.518e-02	4.424e-07	10	200
187		12371.73	5.071e-07	1.518e-02	4.605e-07	10	200
188		12442.36	5.071e-07	1.518e-02	4.532e-07	10	200
189		12515.22	5.059e-07	1.518e-02	4.433e-07	10	200
190		12580.91	5.059e-07	1.518e-02	4.433e-07	10	200
191		12651.62	5.059e-07	1.518e-02	4.179e-07	10	200
192		12726.09	5.059e-07	1.518e-02	2.895e-07	10	200
193		12796.61	4.572e-07	1.518e-02	3.382e-07	10	200
194		12868.12	4.572e-07	1.514e-02	1.621e-07	10	200
195		12939.27	4.333e-07	1.514e-02	1.302e-07	10	200
196		13013.81	4.333e-07	1.514e-02	1.298e-07	10	200
197		13086.53	4.333e-07	1.514e-02	1.252e-07	10	200
198		13157.48	3.850e-07	1.514e-02	1.724e-07	10	200
199		13212.70	3.718e-07	1.514e-02	1.720e-07	10	200
200		13264.64	3.718e-07	1.514e-02	1.720e-07	10	200
201		13315.80	3.670e-07	1.514e-02	1.651e-07	10	200
202		13364.56	3.468e-07	1.514e-02	1.604e-07	10	200
203		13416.14	3.468e-07	1.514e-02	1.604e-07	10	200
204		13467.70	3.402e-07	1.514e-02	1.657e-07	10	200
205		13517.82	3.340e-07	1.514e-02	1.719e-07	10	200
206		13569.77	3.225e-07	1.514e-02	1.834e-07	10	200
207		13621.51	3.174e-07	1.514e-02	1.886e-07	10	200
208		13670.46	3.171e-07	1.453e-02	1.401e-07	10	200
209		13719.59	3.153e-07	1.453e-02	1.419e-07	10	200
210		13769.44	3.104e-07	1.453e-02	1.229e-07	10	200
211		13819.92	3.082e-07	1.453e-02	1.252e-07	10	200
212		13871.28	3.028e-07	1.453e-02	1.305e-07	10	200
213		13921.64	2.981e-07	1.453e-02	8.687e-08	10	200
214		13969.90	2.969e-07	1.453e-02	7.490e-08	10	200
215		14020.13	2.886e-07	1.453e-02	8.322e-08	10	200
216		14072.70	2.886e-07	1.453e-02	7.847e-08	10	200
217		14121.92	2.742e-07	1.453e-02	7.259e-08	10	200
218		14172.95	2.742e-07	1.453e-02	7.259e-08	10	200
219		14222.89	2.742e-07	1.453e-02	6.603e-08	10	200
220		14275.77	2.742e-07	1.453e-02	5.981e-08	10	200
221		14327.13	2.742e-07	1.453e-02	4.832e-08	10	200
222		14375.37	2.742e-07	1.453e-02	4.316e-08	10	200
223		14425.29	2.742e-07	1.453e-02	4.291e-08	10	200
224		14478.04	2.742e-07	1.453e-02	4.110e-08	10	200
225		14531.80	2.742e-07	1.453e-02	3.619e-08	10	200
226		14579.13	2.698e-07	1.453e-02	3.833e-08	10	200
227		14630.59	2.643e-07	1.453e-02	3.856e-08	10	200
228		14681.36	2.562e-07	1.453e-02	4.192e-08	10	200
229		14730.41	2.531e-07	1.453e-02	4.382e-08	10	200
230		14779.64	2.427e-07	1.453e-02	4.589e-08	10	200
231		14827.26	2.367e-07	1.453e-02	5.185e-08	10	200
232		14881.63	2.258e-07	1.453e-02	4.841e-08	10	200
233		14930.88	2.189e-07	1.453e-02	5.531e-08	10	200
234		14983.45	2.107e-07	1.453e-02	6.345e-08	10	200
235		15031.90	1.995e-07	1.453e-02	7.467e-08	10	200
236		15080.92	1.910e-07	1.453e-02	8.320e-08	10	200
237		15132.79	1.910e-07	1.453e-02	8.320e-08	10	200
238		15180.13	1.910e-07	1.453e-02	8.320e-08	10	200
239		15230.20	1.876e-07	1.453e-02	8.663e-08	10	200
240		15280.57	1.799e-07	1.453e-02	9.428e-08	10	200
241		15329.02	1.784e-07	1.453e-02	9.138e-08	10	200
242		15380.89	1.691e-07	1.484e-02	9.520e-08	10	200
243		15428.62	1.691e-07	1.476e-02	8.715e-08	10	200
244		15479.18	1.691e-07	1.476e-02	8.400e-08	10	200
245		15529.50	1.683e-07	1.476e-02	7.442e-08	10	200
246		15577.95	1.683e-07	1.476e-02	6.845e-08	10	200
247		15632.73	1.670e-07	1.476e-02	5.881e-08	10	200
248		15685.51	1.586e-07	1.476e-02	6.032e-08	10	200
249		15735.14	1.554e-07	1.476e-02	5.535e-08	10	200
250		15787.41	1.498e-07	1.476e-02	4.972e-08	10	200
251		15839.07	1.463e-07	1.476e-02	4.466e-08	10	200
252		15888.80	1.409e-07	1.453e-02	5.010e-08	10	200
253		15938.44	1.409e-07	1.453e-02	5.010e-08	10	200
254		15989.00	1.409e-07	1.453e-02	4.667e-08	10	200
255		16042.86	1.409e-07	1.453e-02	3.902e-08	10	200
256		16095.92	1.391e-07	1.484e-02	3.932e-08	10	200
257		16145.89	1.369e-07	1.484e-02	3.220e-08	10	200
258		16197.39	1.369e-07	1.453e-02	3.220e-08	10	200
259		16249.57	1.350e-07	1.453e-02	3.408e-08	10	200
260		16299.00	1.306e-07	1.453e-02	3.769e-08	10	200
261		16350.16	1.291e-07	1.453e-02	3.918e-08	10	200
262		16401.01	1.263e-07	1.481e-02	4.071e-08	10	200
263		16450.87	1.164e-07	1.481e-02	4.214e-08	10	200
264		16499.10	1.025e-07	1.453e-02	5.285e-08	10	200
265		16549.75	9.347e-08	1.453e-02	5.633e-08	10	200
A	 = 5.04e+10,
C0	 = 1.0,
Cpa	 = 209.45208419562147,
Cpb	 = 3.9597758748670104,
E	 = 1.57e+05,
Hp	 = 786862.8474850145,
K	 = 999.358862675222,
Value	 = 9.347067306544667e-08,
Xi	 = 0.0,
eps	 = 0.7989527432557237,
ka	 = 0.13958107336795714,
kb	 = 0.0002578038945893591,
n	 = 0.8989453633127973,
nO2	 = 0.0,
rho	 = 1189.37,
Results saved to D:\workspace\JENSENHUGHES\optimization\optimizationPaper\config\PMMA\hybrid\../../../results/PMMA/hybrid/PMMALinearWideHybrid_solution.txt
