D:\workspace\JENSENHUGHES\optimization\optimizationPaper\config\PMMA\hybrid\../../../results/PMMA/hybrid/PMMAConstWideHybrid Log file
!!python/object/apply:collections.defaultdict
args:
- &id001 !!python/name:builtins.bool ''
dictitems:
  Duraboard:
    CprampF:
    - 1.0
    - 1.0
    CprampT:
    - 0
    - 5000
    eps: 0.8
    krampF:
    - 0.075932
    - 0.090229
    - 0.104522
    - 0.122143
    - 0.14158
    - 0.163436
    - 0.190738
    - 0.221975
    krampT:
    - 203.035
    - 317.4028
    - 426.9164
    - 536.4182
    - 647.3003
    - 757.4803
    - 867.6409
    - 981.2546
    rho: 258
    thickness: 0.0254
  XiState:
  - known
  cone:
    Tinit: 25
    activePhaseVars:
    - C0
    - rho
    - ka
    - kb
    - kc
    - kd
    - ke
    - Cpa
    - Cpb
    - Cpc
    - Cpd
    - Cpe
    - eps
    - K
    activeReactionVars:
    - A
    - E
    - n
    - Hp
    - nO2
    - Xi
    backBoundaryConditions:
      Tamb: 25
      htc: Auto
      type: INSULATED
    frontBoundaryConditions:
      Tamb: 25
      htc: Auto
    weight: 1.0
  cone1: !!python/object/apply:collections.defaultdict
    args:
    - *id001
    dictitems:
      Tinit: 25
      activePhaseVars:
      - C0
      - rho
      - ka
      - kb
      - kc
      - kd
      - ke
      - Cpa
      - Cpb
      - Cpc
      - Cpd
      - Cpe
      - eps
      - K
      activeReactionVars:
      - A
      - E
      - n
      - Hp
      - nO2
      - Xi
      backBoundaryConditions: !!python/object/apply:collections.defaultdict
        args:
        - *id001
        dictitems:
          Tamb: 25
          htc: Auto
          type: INSULATED
      columns:
      - 1
      depths:
      - 0
      file: ../../../data/PMMA/PMMAConstNominal_0_cone_Mass.csv
      finalThickness: false
      frontBoundaryConditions: !!python/object/apply:collections.defaultdict
        args:
        - *id001
        dictitems:
          Tamb: 25
          heatFlux: 25
          htc: 15
      heatFlux: 20
      initialThickness: 0.008
      names:
      - Mass
      time: 0
      types:
      - 1
      weight: 1.0
      weights:
      - 1
      width1: 0.1016
      width2: 0.1016
  configDir: D:\workspace\JENSENHUGHES\optimization\optimizationPaper\config\PMMA\hybrid\
  dataSources:
    names:
    - cone1
    types:
    - cone
  dsc:
    activePhaseVars:
    - C0
    - Cpa
    - Cpb
    - Cpc
    - Cpd
    - Cpe
    activeReactionVars:
    - A
    - E
    - n
    - Hp
    dscO2: None
    weight: 1.0
  fdsPath: C:\Program Files\FDS\FDS6\bin
  name: PMMAConstWideHybrid
  optimizeParams:
    absErr: 1e-7
    absRelErr: 1e-6
    elimThresh: 1e-2
    maxIter: 1000
    maxTime: 36000
    minIter: 5
    minP: 2
    opAlpha: 3
    opBeta: 3
    opP: 8
    opQ: 4
    opS: 16
    relErr: 1e-12
    relIter: 15
  outputParams:
    saveAllSamples: true
  phaseParams:
    C0:
    - - 1.0
      - 0
      - 1
    Cpa:
    - - None
      - 1509
      - 2263
    Cpb:
    - - 0.0
      - 0.0
      - 0.0
    Cpc:
    - - 0.0
      - 0.0
      - 0.0
    Cpd:
    - - 0.0
      - 0.0
      - 0.0
    Cpe:
    - - 0
      - 0
      - 1
    K:
    - - None
      - 250
      - 4000
    eps:
    - - None
      - 0.2
      - 1.0
    ka:
    - - None
      - 0.06225
      - 0.996
    kb:
    - - 0.0
      - 0.0
      - 0.0
    kc:
    - - 0.0
      - 0.0
      - 0.0
    kd:
    - - 0.0
      - 0.0
      - 0.0
    ke:
    - - 0
      - 0
      - 1
    nO2:
    - - 0
      - 0
      - 1
    phases:
    - virgin
    rho:
    - - 1189.37
      - 1189.37
      - 1189.37
  processParams:
    maxProcesses: 4
    multiprocess: true
  reactionParams:
    A:
    - - None
      - 4.064e10
      - 6.096e10
    E:
    - - None
      - 1.256e5
      - 1.884e5
    Hp:
    - - None
      - 1.97e5
      - 3.152e6
    Xi:
    - - 0
      - 0
      - 1
    n:
    - - None
      - 0.728
      - 1.092
    nO2:
    - - 0
      - 0
      - 1
    prodState:
    - -1
    reacState:
    - 0
    typeState:
    - 3
  reinitializeComplex: false
  restart: false
  resultsDir: ../../../results/PMMA/hybrid/
  systemDir: D:\workspace\JENSENHUGHES\optimization\sourceCode\optimizationpython\src
  tga:
    activePhaseVars:
    - C0
    - rho
    activeReactionVars:
    - A
    - E
    - n
    tgaO2: None
    tgaOpt: 1
    weight: 1.0
  virtualExperiment: false
Loop	t (s)	Error Min	Error Max	ErrorRel	Comp	Samples
0		13.45	7.213e-04	1.535e-02	1.000e+00	8	128
1		26.72	5.626e-04	1.535e-02	1.000e+00	8	128
2		39.10	1.894e-04	1.535e-02	1.000e+00	8	128
3		52.78	1.894e-04	1.535e-02	1.000e+00	8	128
4		65.76	9.507e-05	1.535e-02	1.000e+00	8	128
5		79.55	9.507e-05	1.535e-02	1.000e+00	8	128
6		97.18	9.227e-05	1.535e-02	1.000e+00	8	128
7		117.14	8.152e-05	1.535e-02	1.000e+00	8	128
8		135.27	8.152e-05	1.535e-02	1.000e+00	8	128
9		154.98	7.544e-05	1.535e-02	1.000e+00	8	128
10		183.79	6.727e-05	1.535e-02	1.000e+00	8	128
11		211.56	6.006e-05	1.535e-02	1.000e+00	8	128
12		241.97	5.707e-05	1.535e-02	1.000e+00	8	128
13		280.24	5.705e-05	1.535e-02	1.000e+00	8	128
14		322.31	3.713e-05	1.535e-02	1.000e+00	8	128
15		362.42	2.608e-05	1.535e-02	1.000e+00	8	128
16		404.27	1.981e-05	1.535e-02	5.428e-04	8	128
17		447.75	1.247e-05	1.535e-02	1.769e-04	8	128
18		489.09	1.247e-05	1.535e-02	1.769e-04	8	128
19		532.10	8.341e-06	1.535e-02	8.673e-05	8	128
20		573.58	7.066e-06	1.535e-02	8.800e-05	8	128
21		612.64	5.614e-06	1.535e-02	8.666e-05	8	128
22		653.51	5.614e-06	1.535e-02	7.591e-05	8	128
23		697.29	5.244e-06	1.535e-02	7.628e-05	8	128
24		737.66	4.769e-06	1.535e-02	7.067e-05	8	128
25		781.06	3.939e-06	1.088e-02	6.333e-05	8	128
26		824.45	3.589e-06	1.102e-02	5.647e-05	8	128
27		868.23	3.476e-06	1.102e-02	5.360e-05	8	128
28		908.22	3.476e-06	1.102e-02	5.358e-05	8	128
29		949.48	3.421e-06	1.102e-02	3.371e-05	8	128
30		994.19	3.370e-06	1.102e-02	2.271e-05	8	128
31		1041.64	3.370e-06	1.102e-02	1.644e-05	8	128
32		1090.74	3.100e-06	5.644e-03	9.367e-06	8	128
33		1137.85	3.100e-06	5.644e-03	9.367e-06	8	128
34		1188.27	3.038e-06	5.644e-03	5.304e-06	8	128
35		1236.49	3.038e-06	8.025e-03	4.028e-06	8	128
36		1286.10	2.845e-06	8.025e-03	2.769e-06	8	128
37		1335.71	2.675e-06	8.025e-03	2.939e-06	8	128
38		1386.77	2.633e-06	1.264e-02	2.611e-06	8	128
39		1437.32	2.530e-06	1.264e-02	2.240e-06	8	128
40		1486.85	2.140e-06	1.264e-02	1.799e-06	8	128
41		1537.69	2.041e-06	1.264e-02	1.547e-06	8	128
42		1587.28	2.041e-06	1.264e-02	1.435e-06	8	128
43		1637.82	2.041e-06	1.264e-02	1.435e-06	8	128
44		1690.83	2.005e-06	1.535e-02	1.416e-06	8	128
45		1734.71	1.989e-06	1.535e-02	1.381e-06	8	128
46		1783.14	1.988e-06	1.295e-02	1.382e-06	8	128
47		1833.64	1.953e-06	8.281e-03	1.147e-06	8	128
48		1884.65	1.927e-06	8.281e-03	1.172e-06	8	128
49		1932.49	1.878e-06	8.281e-03	1.160e-06	8	128
50		1979.72	1.786e-06	8.281e-03	1.251e-06	8	128
51		2030.17	1.786e-06	8.281e-03	1.059e-06	8	128
52		2078.34	1.777e-06	8.281e-03	8.981e-07	8	128
53		2126.83	1.777e-06	8.281e-03	8.565e-07	8	128
54		2174.84	1.654e-06	8.281e-03	8.756e-07	8	128
55		2225.94	1.624e-06	8.281e-03	5.163e-07	8	128
56		2275.05	1.624e-06	8.281e-03	4.172e-07	8	128
57		2322.24	1.616e-06	8.281e-03	4.253e-07	8	128
58		2369.94	1.605e-06	8.281e-03	4.364e-07	8	128
59		2418.89	1.605e-06	8.281e-03	4.000e-07	8	128
60		2469.22	1.605e-06	8.281e-03	3.841e-07	8	128
61		2513.80	1.588e-06	8.281e-03	4.001e-07	8	128
62		2561.92	1.588e-06	8.281e-03	3.648e-07	8	128
63		2611.72	1.581e-06	1.176e-02	3.466e-07	8	128
64		2664.24	1.567e-06	1.176e-02	3.106e-07	8	128
65		2714.46	1.558e-06	1.176e-02	2.285e-07	8	128
66		2760.32	1.558e-06	1.176e-02	2.285e-07	8	128
67		2808.69	1.556e-06	1.222e-02	2.209e-07	8	128
68		2857.50	1.534e-06	1.222e-02	2.429e-07	8	128
69		2901.70	1.525e-06	1.222e-02	1.288e-07	8	128
70		2951.40	1.522e-06	1.222e-02	1.024e-07	8	128
71		2999.90	1.521e-06	1.222e-02	1.036e-07	8	128
72		3050.31	1.517e-06	1.222e-02	9.881e-08	8	128
73		3101.41	1.512e-06	1.222e-02	9.324e-08	8	128
74		3149.64	1.510e-06	1.404e-02	9.492e-08	8	128
75		3199.13	1.501e-06	1.222e-02	1.037e-07	8	128
76		3248.28	1.495e-06	1.222e-02	9.307e-08	8	128
77		3296.63	1.494e-06	1.222e-02	9.405e-08	8	128
78		3344.41	1.493e-06	1.222e-02	8.831e-08	8	128
79		3391.44	1.490e-06	1.222e-02	7.736e-08	8	128
80		3440.47	1.476e-06	1.222e-02	8.152e-08	8	128
81		3490.48	1.461e-06	1.222e-02	9.664e-08	8	128
82		3538.89	1.431e-06	1.200e-02	1.249e-07	8	128
83		3591.24	1.425e-06	1.200e-02	1.084e-07	8	128
84		3644.65	1.417e-06	1.200e-02	1.084e-07	8	128
85		3697.58	1.416e-06	1.200e-02	1.061e-07	8	128
86		3748.70	1.414e-06	1.200e-02	1.065e-07	8	128
87		3802.92	1.412e-06	6.483e-03	1.047e-07	8	128
88		3857.28	1.410e-06	4.131e-03	1.016e-07	8	128
89		3908.55	1.410e-06	4.131e-03	1.003e-07	8	128
90		3952.10	1.408e-06	4.131e-03	9.343e-08	8	128
91		4000.89	1.407e-06	4.131e-03	8.802e-08	8	128
92		4056.24	1.407e-06	4.131e-03	8.704e-08	8	128
93		4106.14	1.405e-06	4.131e-03	8.735e-08	8	128
94		4159.16	1.403e-06	6.520e-03	8.673e-08	8	128
95		4207.56	1.396e-06	6.520e-03	7.971e-08	8	128
96		4258.97	1.391e-06	6.520e-03	7.053e-08	8	128
97		4309.28	1.391e-06	6.520e-03	4.052e-08	8	128
98		4360.43	1.391e-06	6.658e-03	3.497e-08	8	128
99		4411.85	1.389e-06	7.789e-03	2.748e-08	8	128
100		4463.88	1.389e-06	8.774e-03	2.633e-08	8	128
101		4511.97	1.389e-06	1.417e-02	2.506e-08	8	128
102		4567.76	1.389e-06	1.417e-02	2.351e-08	8	128
103		4617.47	1.389e-06	1.417e-02	2.104e-08	8	128
104		4671.92	1.389e-06	1.417e-02	2.066e-08	8	128
105		4720.75	1.389e-06	1.417e-02	1.876e-08	8	128
106		4774.10	1.389e-06	1.417e-02	1.791e-08	8	128
107		4827.50	1.389e-06	1.417e-02	1.791e-08	8	128
108		4879.82	1.389e-06	1.340e-02	1.626e-08	8	128
109		4936.47	1.389e-06	1.340e-02	1.442e-08	8	128
110		4988.18	1.389e-06	1.340e-02	7.914e-09	8	128
111		5035.83	1.388e-06	1.340e-02	2.097e-09	8	128
112		5089.17	1.388e-06	1.340e-02	2.734e-09	8	128
113		5141.51	1.388e-06	1.249e-02	2.734e-09	8	128
114		5191.53	1.388e-06	1.470e-02	1.572e-09	8	128
115		5243.41	1.388e-06	1.470e-02	1.572e-09	8	128
116		5293.41	1.388e-06	1.470e-02	1.176e-09	8	128
117		5350.18	1.388e-06	1.249e-02	1.176e-09	8	128
118		5400.59	1.388e-06	1.249e-02	1.176e-09	8	128
119		5448.79	1.388e-06	1.249e-02	1.176e-09	8	128
120		5499.55	1.388e-06	1.249e-02	1.176e-09	8	128
121		5552.07	1.388e-06	1.257e-02	1.176e-09	8	128
122		5603.62	1.388e-06	1.257e-02	1.176e-09	8	128
123		5654.88	1.388e-06	1.520e-02	1.176e-09	8	128
124		5706.52	1.388e-06	1.520e-02	7.594e-10	8	128
125		5760.03	1.388e-06	1.520e-02	7.594e-10	8	128
126		5811.16	1.388e-06	1.520e-02	6.372e-10	8	128
127		5862.29	1.388e-06	1.520e-02	0.000e+00	8	128
128		5914.80	1.388e-06	1.520e-02	0.000e+00	8	128
129		5965.93	1.246e-06	1.520e-02	1.419e-07	8	128
130		6017.38	1.246e-06	1.520e-02	1.419e-07	8	128
131		6070.31	1.246e-06	1.520e-02	1.419e-07	8	128
132		6124.87	1.246e-06	8.646e-03	1.419e-07	8	128
133		6173.47	1.246e-06	1.535e-02	1.419e-07	8	128
134		6225.62	1.246e-06	1.535e-02	1.419e-07	8	128
135		6277.64	1.246e-06	1.535e-02	1.419e-07	8	128
136		6330.06	1.246e-06	1.535e-02	1.419e-07	8	128
137		6383.09	1.246e-06	1.535e-02	1.419e-07	8	128
138		6435.53	1.246e-06	1.535e-02	1.419e-07	8	128
139		6487.38	1.246e-06	1.535e-02	1.419e-07	8	128
140		6539.59	1.246e-06	1.535e-02	1.419e-07	8	128
141		6590.39	1.246e-06	1.535e-02	1.419e-07	8	128
142		6643.93	1.246e-06	1.535e-02	1.419e-07	8	128
143		6697.95	1.246e-06	1.535e-02	1.419e-07	8	128
144		6750.58	1.246e-06	1.535e-02	0.000e+00	8	128
145		6800.79	1.246e-06	1.235e-02	0.000e+00	8	128
146		6850.79	1.246e-06	1.235e-02	0.000e+00	8	128
147		6897.86	1.246e-06	1.235e-02	0.000e+00	8	128
148		6952.08	1.246e-06	1.235e-02	0.000e+00	8	128
149		7002.88	1.246e-06	1.235e-02	0.000e+00	8	128
150		7054.78	1.246e-06	1.235e-02	0.000e+00	8	128
151		7106.98	1.246e-06	1.235e-02	0.000e+00	8	128
152		7159.40	1.246e-06	1.235e-02	0.000e+00	8	128
153		7212.63	1.246e-06	1.235e-02	0.000e+00	8	128
154		7265.56	1.246e-06	1.235e-02	0.000e+00	8	128
155		7317.90	1.246e-06	1.235e-02	0.000e+00	8	128
156		7367.90	1.246e-06	1.235e-02	0.000e+00	8	128
157		7418.00	1.246e-06	1.235e-02	0.000e+00	8	128
158		7470.73	1.246e-06	1.235e-02	0.000e+00	8	128
159		7522.66	1.246e-06	1.235e-02	0.000e+00	8	128
160		7571.87	1.246e-06	1.235e-02	0.000e+00	8	128
161		7625.50	1.246e-06	1.235e-02	0.000e+00	8	128
162		7674.02	1.246e-06	1.235e-02	0.000e+00	8	128
163		7728.59	1.246e-06	1.235e-02	0.000e+00	8	128
164		7778.18	1.246e-06	1.235e-02	0.000e+00	8	128
165		7827.76	1.246e-06	1.235e-02	0.000e+00	8	128
166		7878.43	1.246e-06	1.235e-02	0.000e+00	8	128
167		7926.52	1.246e-06	1.235e-02	0.000e+00	8	128
168		7974.96	1.246e-06	1.235e-02	0.000e+00	8	128
169		8025.51	1.246e-06	1.492e-02	0.000e+00	8	128
170		8081.50	1.246e-06	1.492e-02	0.000e+00	8	128
171		8137.62	1.246e-06	1.492e-02	0.000e+00	8	128
172		8185.34	1.246e-06	1.492e-02	0.000e+00	8	128
173		8235.07	1.246e-06	1.521e-02	0.000e+00	8	128
174		8284.67	1.246e-06	1.521e-02	0.000e+00	8	128
175		8335.38	1.246e-06	1.521e-02	0.000e+00	8	128
176		8378.76	1.246e-06	7.822e-03	0.000e+00	8	128
177		8431.58	1.246e-06	7.822e-03	0.000e+00	8	128
178		8479.89	1.246e-06	7.822e-03	0.000e+00	8	128
179		8528.80	1.246e-06	1.409e-02	0.000e+00	8	128
180		8581.71	1.246e-06	1.409e-02	0.000e+00	8	128
181		8636.57	1.246e-06	1.525e-02	0.000e+00	8	128
182		8690.20	1.246e-06	1.525e-02	0.000e+00	8	128
183		8735.60	1.246e-06	1.525e-02	0.000e+00	8	128
184		8790.78	1.246e-06	1.525e-02	0.000e+00	8	128
185		8841.33	1.246e-06	1.525e-02	0.000e+00	8	128
186		8888.82	1.113e-06	1.525e-02	1.333e-07	8	128
187		8936.14	1.113e-06	1.525e-02	1.333e-07	8	128
188		8986.77	9.275e-07	1.525e-02	3.184e-07	8	128
189		9038.52	8.149e-07	1.409e-02	4.310e-07	8	128
190		9088.55	8.149e-07	1.409e-02	4.310e-07	8	128
191		9140.99	7.921e-07	1.409e-02	4.537e-07	8	128
192		9192.41	7.921e-07	1.409e-02	4.537e-07	8	128
193		9244.05	7.921e-07	1.409e-02	4.537e-07	8	128
194		9293.82	7.921e-07	1.409e-02	4.537e-07	8	128
195		9345.25	7.921e-07	1.409e-02	4.537e-07	8	128
196		9396.08	7.921e-07	1.409e-02	4.537e-07	8	128
197		9449.61	7.921e-07	1.409e-02	4.537e-07	8	128
198		9499.77	7.921e-07	1.409e-02	4.537e-07	8	128
199		9549.67	7.921e-07	1.409e-02	4.537e-07	8	128
200		9598.66	7.921e-07	1.409e-02	4.537e-07	8	128
201		9652.53	7.921e-07	1.409e-02	3.205e-07	8	128
202		9703.92	7.921e-07	1.409e-02	3.205e-07	8	128
203		9751.71	7.622e-07	9.246e-03	1.653e-07	8	128
204		9806.47	7.622e-07	6.597e-03	5.267e-08	8	128
205		9856.96	7.622e-07	1.290e-02	5.267e-08	8	128
206		9905.47	7.622e-07	1.226e-02	2.991e-08	8	128
207		9956.49	7.622e-07	1.226e-02	2.991e-08	8	128
208		10010.71	7.622e-07	7.174e-03	2.991e-08	8	128
209		10057.64	7.622e-07	7.174e-03	2.991e-08	8	128
210		10111.07	7.472e-07	7.174e-03	4.493e-08	8	128
211		10162.30	7.064e-07	7.174e-03	8.578e-08	8	128
212		10215.73	6.615e-07	9.286e-03	1.306e-07	8	128
213		10267.45	6.597e-07	1.510e-02	1.325e-07	8	128
214		10319.18	6.589e-07	1.510e-02	1.332e-07	8	128
215		10371.10	6.018e-07	1.510e-02	1.904e-07	8	128
216		10423.23	6.018e-07	1.535e-02	1.904e-07	8	128
217		10474.75	5.958e-07	1.535e-02	1.963e-07	8	128
218		10525.28	5.958e-07	1.535e-02	1.664e-07	8	128
219		10574.68	5.878e-07	1.535e-02	1.744e-07	8	128
220		10627.92	5.878e-07	1.535e-02	1.744e-07	8	128
221		10680.95	5.845e-07	1.535e-02	1.778e-07	8	128
222		10730.14	5.761e-07	1.535e-02	1.862e-07	8	128
223		10780.46	5.666e-07	1.535e-02	1.956e-07	8	128
224		10830.88	5.395e-07	1.535e-02	2.227e-07	8	128
225		10879.18	5.259e-07	1.535e-02	2.214e-07	8	128
226		10928.59	5.041e-07	1.535e-02	2.023e-07	8	128
227		10982.71	4.177e-07	1.535e-02	2.438e-07	8	128
228		11028.24	3.780e-07	1.256e-02	2.816e-07	8	128
229		11081.44	3.767e-07	1.256e-02	2.822e-07	8	128
230		11128.47	3.767e-07	1.256e-02	2.250e-07	8	128
231		11181.37	3.639e-07	1.256e-02	2.379e-07	8	128
232		11232.19	3.639e-07	1.256e-02	2.319e-07	8	128
233		11277.77	3.617e-07	7.830e-03	2.342e-07	8	128
234		11327.16	3.591e-07	7.830e-03	2.287e-07	8	128
235		11379.34	3.591e-07	7.830e-03	2.287e-07	8	128
236		11429.81	3.586e-07	1.154e-02	2.259e-07	8	128
237		11476.94	3.545e-07	1.154e-02	2.216e-07	8	128
238		11526.56	3.460e-07	7.066e-03	2.206e-07	8	128
239		11576.28	3.460e-07	1.262e-02	1.935e-07	8	128
240		11626.79	3.440e-07	7.066e-03	1.819e-07	8	128
241		11668.76	3.440e-07	7.066e-03	1.601e-07	8	128
242		11723.13	3.440e-07	7.066e-03	7.372e-08	8	128
243		11771.85	3.440e-07	7.066e-03	3.406e-08	8	128
244		11819.67	3.426e-07	8.251e-03	3.417e-08	8	128
245		11869.29	3.400e-07	8.251e-03	3.678e-08	8	128
246		11919.42	3.400e-07	8.251e-03	2.395e-08	8	128
247		11968.44	3.400e-07	8.251e-03	2.395e-08	8	128
248		12019.55	3.400e-07	8.251e-03	2.173e-08	8	128
249		12072.48	3.400e-07	1.260e-02	1.911e-08	8	128
250		12121.38	3.400e-07	1.260e-02	1.911e-08	8	128
251		12166.18	3.400e-07	8.251e-03	1.861e-08	8	128
252		12218.43	3.398e-07	1.535e-02	1.464e-08	8	128
253		12272.77	3.398e-07	1.535e-02	6.205e-09	8	128
254		12322.81	3.391e-07	1.535e-02	6.910e-09	8	128
255		12375.15	3.391e-07	1.535e-02	4.841e-09	8	128
256		12424.08	3.391e-07	1.046e-02	4.841e-09	8	128
257		12473.00	3.386e-07	1.046e-02	5.415e-09	8	128
258		12519.09	3.386e-07	1.046e-02	5.415e-09	8	128
259		12569.21	3.374e-07	1.046e-02	5.134e-09	8	128
260		12620.08	3.374e-07	1.046e-02	2.522e-09	8	128
261		12665.86	3.374e-07	1.046e-02	2.522e-09	8	128
262		12716.47	3.374e-07	1.046e-02	2.522e-09	8	128
263		12770.11	3.374e-07	1.046e-02	2.522e-09	8	128
264		12816.91	3.374e-07	8.063e-03	2.522e-09	8	128
265		12867.03	3.374e-07	8.063e-03	2.522e-09	8	128
266		12918.86	3.374e-07	8.063e-03	2.522e-09	8	128
267		12972.39	3.374e-07	8.063e-03	2.415e-09	8	128
268		13021.28	3.374e-07	8.690e-03	2.415e-09	8	128
269		13068.97	3.374e-07	7.512e-03	1.710e-09	8	128
270		13119.98	3.374e-07	1.170e-02	1.710e-09	8	128
271		13171.00	3.374e-07	1.513e-02	1.710e-09	8	128
272		13223.81	3.374e-07	1.513e-02	1.136e-09	8	128
273		13271.32	3.374e-07	1.513e-02	1.136e-09	8	128
274		13319.61	3.374e-07	1.513e-02	0.000e+00	8	128
A	 = 4.68e+10,
C0	 = 1.0,
Cpa	 = 1898.5275525678348,
E	 = 1.56e+05,
Hp	 = 792469.8970464298,
K	 = 986.771765026238,
Value	 = 3.3742848565688886e-07,
Xi	 = 0.0,
eps	 = 0.7962602709233302,
ka	 = 0.25037935241323495,
n	 = 0.9368814148321878,
nO2	 = 0.0,
rho	 = 1189.37,
Results saved to D:\workspace\JENSENHUGHES\optimization\optimizationPaper\config\PMMA\hybrid\../../../results/PMMA/hybrid/PMMAConstWideHybrid_solution.txt
