D:\workspace\JENSENHUGHES\optimization\optimizationPaper\config\multiReactionCharring\hybrid\../../../results/multiReactionCharring/hybrid/multiReacLinearHybrid Log file
!!python/object/apply:collections.defaultdict
args:
- &id001 !!python/name:builtins.bool ''
dictitems:
  Duraboard:
    CprampF:
    - 1.0
    - 1.0
    CprampT:
    - 0
    - 5000
    eps: 0.8
    krampF:
    - 0.075932
    - 0.090229
    - 0.104522
    - 0.122143
    - 0.14158
    - 0.163436
    - 0.190738
    - 0.221975
    krampT:
    - 203.035
    - 317.4028
    - 426.9164
    - 536.4182
    - 647.3003
    - 757.4803
    - 867.6409
    - 981.2546
    rho: 258
    thickness: 0.0254
  XiState:
  - unknown
  - unknown
  cone:
    Tinit: 25
    activePhaseVars:
    - C0
    - rho
    - ka
    - kb
    - kc
    - kd
    - ke
    - Cpa
    - Cpb
    - Cpc
    - Cpd
    - Cpe
    - eps
    - K
    activeReactionVars:
    - A
    - E
    - n
    - Hp
    - nO2
    - Xi
    backBoundaryConditions:
      Tamb: 25
      htc: Auto
      type: INSULATED
    frontBoundaryConditions:
      Tamb: 25
      htc: Auto
    weight: 1.0
  cone1: !!python/object/apply:collections.defaultdict
    args:
    - *id001
    dictitems:
      Tinit: 25
      activePhaseVars:
      - C0
      - rho
      - ka
      - kb
      - kc
      - kd
      - ke
      - Cpa
      - Cpb
      - Cpc
      - Cpd
      - Cpe
      - eps
      - K
      activeReactionVars:
      - A
      - E
      - n
      - Hp
      - nO2
      - Xi
      backBoundaryConditions: !!python/object/apply:collections.defaultdict
        args:
        - *id001
        dictitems:
          Tamb: 25
          htc: Auto
          type: INSULATED
      columns:
      - 1
      depths:
      - 0
      file: ../../../data/multiReactionCharring/multiReactionCharringLinearNominal_0_cone_Mass.csv
      finalThickness: 0.0063498751
      frontBoundaryConditions: !!python/object/apply:collections.defaultdict
        args:
        - *id001
        dictitems:
          Tamb: 25
          heatFlux: 25
          htc: 15
      initialThickness: 0.008
      names:
      - Mass
      time: 0
      types:
      - 1
      weight: 1.0
      weights:
      - 1
      width1: 0.1016
      width2: 0.1016
  configDir: D:\workspace\JENSENHUGHES\optimization\optimizationPaper\config\multiReactionCharring\hybrid\
  dataSources:
    names:
    - cone1
    types:
    - cone
  dsc:
    activePhaseVars:
    - C0
    - Cpa
    - Cpb
    - Cpc
    - Cpd
    - Cpe
    activeReactionVars:
    - A
    - E
    - n
    - Hp
    dscO2: None
    weight: 1.0
  fdsPath: C:\Program Files\FDS\FDS6\bin
  keepTemporaryFiles: true
  name: multiReacLinearHybrid
  optimizeParams:
    absErr: 1e-7
    absRelErr: 5e-7
    elimThresh: 1e-2
    maxIter: 1000
    maxTime: 60000
    minIter: 5
    minP: 2
    opAlpha: 81
    opBeta: 1
    opP: 41
    opQ: 21
    opS: 41
    relErr: 1e-12
    relIter: 15
  outputParams:
    saveAllSamples: false
  phaseParams:
    C0:
    - - 1
      - 0
      - 1
    - - 0
      - 1189
      - 1189
    Cpa:
    - - None
      - 972
      - 1188
    - - None
      - 260.25
      - 4164
    Cpb:
    - - None
      - 0.04068
      - 0.04972
    - - None
      - 0.06475
      - 1.036
    Cpc:
    - - 0.0
      - 0.0
      - 0.0
    - - 0.0
      - 0.0
      - 0.0
    Cpd:
    - - 0.0
      - 0.0
      - 0.0
    - - 0.0
      - 0.0
      - 0.0
    Cpe:
    - &id002
      - 0
      - 0
      - 1
    - *id002
    K:
    - - None
      - 2500
      - 40000
    - - 1e8
      - 1189
      - 1189
    eps:
    - - None
      - 0.235
      - 1.0
    - - 0.94
      - 0.235
      - 1.0
    ka:
    - - None
      - 0.078
      - 1.248
    - - None
      - 0.023725
      - 0.3796
    kb:
    - - None
      - 1.1013e-05
      - 0.0001762
    - - None
      - 7.075e-05
      - 0.001132
    kc:
    - - 0.0
      - 0.0
      - 0.0
    - - 0.0
      - 0.0
      - 0.0
    kd:
    - - 0.0
      - 0.0
      - 0.0
    - - 0.0
      - 0.0
      - 0.0
    ke:
    - &id003
      - 0
      - 0
      - 1
    - *id003
    nO2:
    - - 0
      - 0
      - 1
    - - 0
      - 1189
      - 1189
    phases:
    - virgin
    - char
    rho:
    - - 1683
      - 1189
      - 1189
    - - 1235
      - 1189
      - 1189
  processParams:
    maxProcesses: 8
    multiprocess: true
  reactionParams:
    A:
    - - None
      - 2.106e12
      - 2.574e12
    - - None
      - 6.75e13
      - 8.25e13
    E:
    - - None
      - 1.629e5
      - 1.991e5
    - - None
      - 1.737e5
      - 2.123e5
    Hp:
    - - None
      - 2.5e4
      - 4e5
    - - None
      - 5e4
      - 8e5
    Xi:
    - - None
      - 0.675
      - 0.825
    - - None
      - 0.45
      - 0.55
    n:
    - - None
      - 0.9
      - 1.1
    - - None
      - 1.35
      - 1.65
    nO2:
    - &id004
      - 0
      - 0
      - 1
    - *id004
    prodState:
    - 1
    - 1
    reacState:
    - 0
    - 0
    typeState:
    - 3
    - 3
  reinitializeComplex: false
  restart: false
  resultsDir: ../../../results/multiReactionCharring/hybrid/
  systemDir: D:\workspace\JENSENHUGHES\optimization\sourceCode\optimizationpython\src
  tga:
    activePhaseVars:
    - C0
    - rho
    activeReactionVars:
    - A
    - E
    - n
    tgaO2: None
    tgaOpt: 1
    weight: 1.0
  thermalPropertyUnits: K
  virtualExperiment: false
Loop	t (s)	Error Min	Error Max	ErrorRel	Comp	Samples
0		434.95	5.958e-04	1.426e-01	1.000e+00	41	1681
1		936.85	3.693e-04	1.591e-01	1.000e+00	41	1681
2		1434.36	2.423e-04	1.636e-01	1.000e+00	41	1681
3		1935.29	1.244e-04	1.656e-01	1.000e+00	41	1681
4		2450.32	1.002e-04	1.545e-01	1.000e+00	41	1681
5		2971.53	9.196e-05	1.556e-01	1.000e+00	41	1681
6		3470.74	8.375e-05	1.634e-01	1.000e+00	41	1681
7		3968.18	6.615e-05	1.372e-01	1.000e+00	41	1681
8		4462.49	4.740e-05	1.617e-01	1.000e+00	41	1681
9		4949.94	3.818e-05	1.645e-01	1.000e+00	41	1681
10		5428.02	3.679e-05	1.668e-01	1.000e+00	41	1681
11		5909.55	3.517e-05	1.497e-01	1.000e+00	41	1681
12		6374.07	3.210e-05	1.603e-01	1.000e+00	41	1681
13		6848.75	2.315e-05	1.421e-01	1.000e+00	41	1681
14		7339.88	1.086e-05	1.629e-01	1.000e+00	41	1681
15		7821.23	8.883e-06	1.594e-01	1.000e+00	41	1681
16		8286.56	8.883e-06	1.537e-01	3.604e-04	41	1681
17		8776.78	7.506e-06	1.297e-01	2.348e-04	41	1681
18		9273.08	7.341e-06	1.637e-01	1.170e-04	41	1681
19		9758.57	7.246e-06	1.571e-01	9.297e-05	41	1681
20		10244.05	7.058e-06	1.507e-01	8.490e-05	41	1681
21		10723.27	6.932e-06	1.405e-01	7.682e-05	41	1681
22		11197.73	6.807e-06	1.265e-01	5.935e-05	41	1681
23		11665.32	6.688e-06	1.188e-01	4.071e-05	41	1681
24		12136.45	6.580e-06	1.346e-01	3.159e-05	41	1681
25		12627.39	6.550e-06	1.224e-01	3.024e-05	41	1681
26		13139.06	6.550e-06	1.227e-01	2.862e-05	41	1681
27		13637.96	6.550e-06	1.610e-01	2.555e-05	41	1681
28		14127.61	6.550e-06	1.414e-01	1.660e-05	41	1681
Complex 4 eliminated with parameter deviation 9.45e-03
29		14617.36	6.550e-06	2.704e-02	4.313e-06	40	1640
Complex 7 eliminated with parameter deviation 7.84e-03
Complex 4 eliminated with parameter deviation 6.93e-03
30		15078.03	6.550e-06	2.261e-02	2.333e-06	38	1558
Complex 6 eliminated with parameter deviation 8.71e-03
Complex 5 eliminated with parameter deviation 7.11e-03
Complex 4 eliminated with parameter deviation 7.19e-03
Complex 2 eliminated with parameter deviation 7.80e-03
31		15517.33	6.550e-06	1.091e-02	2.333e-06	34	1394
Complex 4 eliminated with parameter deviation 7.59e-03
Complex 3 eliminated with parameter deviation 8.37e-03
Complex 2 eliminated with parameter deviation 6.86e-03
32		15936.08	6.550e-06	1.154e-01	9.559e-07	31	1271
33		16296.19	6.550e-06	1.465e-01	7.905e-07	31	1271
Complex 5 eliminated with parameter deviation 8.92e-03
34		16655.06	6.550e-06	1.465e-01	6.953e-07	30	1230
35		17005.43	6.550e-06	1.465e-01	5.072e-07	30	1230
36		17349.83	6.550e-06	1.465e-01	3.814e-07	30	1230
37		17699.41	6.550e-06	1.465e-01	2.564e-07	30	1230
Complex 12 eliminated with parameter deviation 7.98e-03
Complex 11 eliminated with parameter deviation 9.55e-03
38		18049.05	6.550e-06	1.465e-01	1.377e-07	28	1148
Complex 11 eliminated with parameter deviation 9.97e-03
39		18389.29	6.550e-06	1.589e-01	2.997e-08	27	1107
Complex 11 eliminated with parameter deviation 7.18e-03
Complex 10 eliminated with parameter deviation 8.38e-03
Complex 9 eliminated with parameter deviation 7.69e-03
40		18723.85	6.550e-06	1.589e-01	0.000e+00	24	984
Complex 11 eliminated with parameter deviation 8.52e-03
Complex 10 eliminated with parameter deviation 7.52e-03
Complex 9 eliminated with parameter deviation 7.08e-03
Complex 8 eliminated with parameter deviation 7.34e-03
41		19000.07	6.550e-06	1.070e-03	0.000e+00	20	820
Complex 12 eliminated with parameter deviation 8.10e-03
Complex 10 eliminated with parameter deviation 8.35e-03
Complex 9 eliminated with parameter deviation 5.95e-03
Complex 8 eliminated with parameter deviation 8.14e-03
Complex 7 eliminated with parameter deviation 8.71e-03
42		19245.49	6.550e-06	2.306e-04	0.000e+00	15	615
Complex 12 eliminated with parameter deviation 9.42e-03
Complex 11 eliminated with parameter deviation 6.09e-03
Complex 10 eliminated with parameter deviation 5.42e-03
Complex 9 eliminated with parameter deviation 4.79e-03
Complex 8 eliminated with parameter deviation 6.03e-03
43		19421.31	6.550e-06	3.356e-05	0.000e+00	10	410
Complex 9 eliminated with parameter deviation 9.28e-03
Complex 8 eliminated with parameter deviation 7.13e-03
44		19576.87	6.550e-06	1.348e-01	0.000e+00	8	328
45		19677.70	6.550e-06	1.397e-01	0.000e+00	8	328
46		19776.01	6.550e-06	1.397e-01	0.000e+00	8	328
47		19874.73	6.550e-06	1.397e-01	0.000e+00	8	328
Complex 3 eliminated with parameter deviation 8.96e-03
Complex 1 eliminated with parameter deviation 9.03e-03
48		19969.73	6.550e-06	1.397e-01	0.000e+00	6	246
49		20049.99	6.550e-06	1.397e-01	0.000e+00	6	246
Complex 2 eliminated with parameter deviation 6.83e-03
50		20128.93	6.550e-06	1.455e-01	0.000e+00	5	205
Complex 2 eliminated with parameter deviation 7.29e-03
51		20204.85	6.550e-06	1.455e-01	0.000e+00	4	164
Complex 2 eliminated with parameter deviation 5.47e-03
Complex 1 eliminated with parameter deviation 6.56e-03
52		20274.42	6.550e-06	1.455e-01	0.000e+00	2	82
53		20342.28	6.550e-06	1.455e-01	0.000e+00	2	82
54		20409.03	6.550e-06	1.455e-01	0.000e+00	2	82
55		20479.12	6.550e-06	1.455e-01	0.000e+00	2	82
56		20548.23	6.550e-06	1.455e-01	0.000e+00	2	82
57		20615.84	6.550e-06	1.455e-01	0.000e+00	2	82
58		20684.12	6.550e-06	1.455e-01	0.000e+00	2	82
59		20752.42	6.550e-06	1.455e-01	0.000e+00	2	82
60		20820.00	6.550e-06	1.455e-01	0.000e+00	2	82
61		20888.96	6.550e-06	1.455e-01	0.000e+00	2	82
62		20956.05	6.550e-06	1.455e-01	0.000e+00	2	82
63		21024.76	6.550e-06	1.455e-01	0.000e+00	2	82
64		21089.73	6.550e-06	1.455e-01	0.000e+00	2	82
65		21157.71	6.550e-06	1.455e-01	0.000e+00	2	82
66		21226.99	6.550e-06	1.455e-01	0.000e+00	2	82
67		21292.06	6.550e-06	1.455e-01	0.000e+00	2	82
68		21358.56	6.550e-06	1.455e-01	0.000e+00	2	82
69		21426.54	6.550e-06	1.455e-01	0.000e+00	2	82
70		21492.53	6.550e-06	1.455e-01	0.000e+00	2	82
71		21562.91	6.550e-06	1.455e-01	0.000e+00	2	82
72		21626.77	6.550e-06	1.455e-01	0.000e+00	2	82
73		21694.34	6.550e-06	1.455e-01	0.000e+00	2	82
74		21764.84	6.550e-06	1.455e-01	0.000e+00	2	82
75		21831.49	6.550e-06	1.455e-01	0.000e+00	2	82
76		21901.79	6.550e-06	1.455e-01	0.000e+00	2	82
77		21970.17	6.550e-06	1.455e-01	0.000e+00	2	82
78		22040.65	6.550e-06	1.455e-01	0.000e+00	2	82
79		22110.73	6.550e-06	1.455e-01	0.000e+00	2	82
80		22178.52	6.539e-06	1.455e-01	1.098e-08	2	82
81		22244.90	6.539e-06	1.455e-01	1.098e-08	2	82
82		22312.65	6.539e-06	1.455e-01	1.098e-08	2	82
83		22379.12	6.539e-06	1.455e-01	1.098e-08	2	82
84		22447.50	6.539e-06	1.455e-01	1.098e-08	2	82
85		22518.38	6.539e-06	1.455e-01	1.098e-08	2	82
86		22585.98	6.539e-06	1.455e-01	1.098e-08	2	82
87		22653.44	6.539e-06	1.455e-01	1.098e-08	2	82
88		22723.20	6.539e-06	1.455e-01	1.098e-08	2	82
89		22787.99	6.539e-06	1.455e-01	1.098e-08	2	82
90		22856.18	6.532e-06	1.455e-01	1.799e-08	2	82
91		22924.27	6.532e-06	1.455e-01	1.799e-08	2	82
92		22990.65	6.532e-06	1.455e-01	1.799e-08	2	82
93		23058.73	6.532e-06	1.455e-01	1.799e-08	2	82
94		23128.11	6.532e-06	1.455e-01	1.799e-08	2	82
95		23195.58	6.532e-06	1.455e-01	7.017e-09	2	82
96		23264.96	6.532e-06	1.455e-01	7.017e-09	2	82
97		23334.24	6.532e-06	1.455e-01	7.017e-09	2	82
98		23402.12	6.532e-06	1.455e-01	7.017e-09	2	82
99		23471.39	6.532e-06	1.455e-01	7.017e-09	2	82
100		23539.16	6.532e-06	1.455e-01	7.017e-09	2	82
101		23607.24	6.532e-06	1.455e-01	7.017e-09	2	82
102		23674.72	6.532e-06	1.455e-01	7.017e-09	2	82
103		23740.47	6.532e-06	1.455e-01	7.017e-09	2	82
104		23806.54	6.532e-06	1.455e-01	7.017e-09	2	82
105		23874.44	6.532e-06	1.455e-01	0.000e+00	2	82
106		23942.95	6.532e-06	1.455e-01	0.000e+00	2	82
107		24009.95	6.532e-06	1.455e-01	0.000e+00	2	82
108		24077.09	6.532e-06	1.455e-01	0.000e+00	2	82
109		24144.27	6.532e-06	1.455e-01	0.000e+00	2	82
110		24217.19	6.532e-06	1.455e-01	0.000e+00	2	82
111		24285.41	6.532e-06	1.455e-01	0.000e+00	2	82
112		24352.44	6.532e-06	1.671e-01	0.000e+00	2	82
113		24423.95	6.532e-06	1.671e-01	0.000e+00	2	82
114		24491.31	6.532e-06	1.671e-01	0.000e+00	2	82
115		24558.43	6.532e-06	1.671e-01	0.000e+00	2	82
116		24623.68	6.532e-06	1.671e-01	0.000e+00	2	82
117		24693.02	6.526e-06	1.671e-01	6.620e-09	2	82
118		24761.69	6.526e-06	1.671e-01	6.620e-09	2	82
119		24833.03	6.517e-06	1.671e-01	1.571e-08	2	82
120		24910.43	6.508e-06	1.671e-01	2.419e-08	2	82
121		24979.17	6.508e-06	1.671e-01	2.419e-08	2	82
122		25046.97	6.508e-06	1.671e-01	2.419e-08	2	82
123		25117.51	6.508e-06	1.671e-01	2.419e-08	2	82
124		25187.89	6.508e-06	1.671e-01	2.419e-08	2	82
125		25256.91	6.508e-06	1.671e-01	2.419e-08	2	82
126		25323.67	6.508e-06	1.671e-01	2.419e-08	2	82
127		25392.11	6.508e-06	1.671e-01	2.419e-08	2	82
128		25460.95	6.508e-06	1.671e-01	2.419e-08	2	82
129		25529.34	6.508e-06	1.671e-01	2.419e-08	2	82
130		25599.87	6.508e-06	1.671e-01	2.419e-08	2	82
131		25670.41	6.508e-06	1.671e-01	2.419e-08	2	82
132		25739.17	6.508e-06	1.671e-01	1.757e-08	2	82
133		25808.80	6.508e-06	1.671e-01	1.757e-08	2	82
134		25878.28	6.508e-06	1.671e-01	8.487e-09	2	82
135		25949.11	6.508e-06	1.671e-01	0.000e+00	2	82
136		26017.57	6.508e-06	1.671e-01	0.000e+00	2	82
137		26088.90	6.508e-06	1.671e-01	0.000e+00	2	82
138		26158.91	6.508e-06	1.671e-01	0.000e+00	2	82
139		26228.19	6.508e-06	1.671e-01	0.000e+00	2	82
140		26299.82	6.508e-06	1.671e-01	0.000e+00	2	82
141		26370.38	6.508e-06	1.671e-01	0.000e+00	2	82
142		26436.48	6.508e-06	1.671e-01	0.000e+00	2	82
143		26506.35	6.508e-06	1.671e-01	0.000e+00	2	82
144		26579.12	6.508e-06	1.671e-01	0.000e+00	2	82
145		26650.30	6.508e-06	1.671e-01	0.000e+00	2	82
146		26719.52	6.508e-06	1.671e-01	0.000e+00	2	82
147		26786.59	6.508e-06	1.671e-01	0.000e+00	2	82
148		26854.32	6.508e-06	1.671e-01	0.000e+00	2	82
149		26922.75	6.508e-06	1.671e-01	0.000e+00	2	82
150		26991.47	6.508e-06	1.671e-01	0.000e+00	2	82
151		27061.37	6.508e-06	1.671e-01	0.000e+00	2	82
152		27130.94	6.508e-06	1.671e-01	0.000e+00	2	82
153		27200.02	6.508e-06	1.671e-01	0.000e+00	2	82
154		27272.04	6.508e-06	1.671e-01	0.000e+00	2	82
155		27342.30	6.508e-06	1.671e-01	0.000e+00	2	82
156		27412.21	6.508e-06	1.671e-01	0.000e+00	2	82
157		27484.46	6.508e-06	1.671e-01	0.000e+00	2	82
158		27553.17	6.508e-06	1.671e-01	0.000e+00	2	82
159		27623.55	6.508e-06	1.671e-01	0.000e+00	2	82
160		27694.27	6.508e-06	1.671e-01	0.000e+00	2	82
161		27765.07	6.508e-06	1.671e-01	0.000e+00	2	82
162		27837.17	6.508e-06	1.671e-01	0.000e+00	2	82
163		27909.19	6.508e-06	1.671e-01	0.000e+00	2	82
164		27979.46	6.508e-06	1.671e-01	0.000e+00	2	82
165		28050.20	6.487e-06	1.671e-01	2.085e-08	2	82
166		28118.71	6.487e-06	1.671e-01	2.085e-08	2	82
167		28189.72	6.486e-06	1.671e-01	2.188e-08	2	82
168		28261.41	6.471e-06	1.671e-01	3.707e-08	2	82
169		28334.49	6.471e-06	1.671e-01	3.707e-08	2	82
170		28404.55	6.460e-06	1.671e-01	4.810e-08	2	82
171		28475.15	6.460e-06	1.671e-01	4.810e-08	2	82
172		28545.25	6.460e-06	1.671e-01	4.810e-08	2	82
173		28615.33	6.460e-06	1.671e-01	4.810e-08	2	82
174		28684.32	6.450e-06	1.671e-01	5.834e-08	2	82
175		28754.40	6.450e-06	1.671e-01	5.834e-08	2	82
176		28826.82	6.450e-06	1.671e-01	5.834e-08	2	82
177		28896.23	6.450e-06	1.671e-01	5.834e-08	2	82
178		28967.36	6.450e-06	1.671e-01	5.834e-08	2	82
179		29037.38	6.450e-06	1.671e-01	5.834e-08	2	82
180		29106.54	6.450e-06	1.671e-01	3.748e-08	2	82
181		29177.92	6.443e-06	1.671e-01	4.465e-08	2	82
182		29248.76	6.443e-06	1.671e-01	4.363e-08	2	82
183		29322.63	6.443e-06	1.671e-01	2.843e-08	2	82
184		29393.21	6.443e-06	1.671e-01	2.843e-08	2	82
185		29462.62	6.443e-06	1.671e-01	1.741e-08	2	82
186		29531.82	6.443e-06	1.671e-01	1.741e-08	2	82
187		29601.58	6.443e-06	1.671e-01	1.741e-08	2	82
188		29671.05	6.443e-06	1.671e-01	1.741e-08	2	82
189		29741.03	6.443e-06	1.671e-01	7.173e-09	2	82
190		29810.95	6.443e-06	1.671e-01	7.173e-09	2	82
191		29879.82	6.443e-06	1.671e-01	7.173e-09	2	82
192		29952.41	6.443e-06	1.671e-01	7.173e-09	2	82
193		30023.40	6.438e-06	1.671e-01	1.150e-08	2	82
194		30094.20	6.438e-06	1.671e-01	1.150e-08	2	82
195		30165.77	6.438e-06	1.671e-01	1.150e-08	2	82
196		30235.15	6.438e-06	1.671e-01	4.331e-09	2	82
197		30304.39	6.438e-06	1.671e-01	4.331e-09	2	82
198		30374.17	6.414e-06	1.671e-01	2.877e-08	2	82
199		30443.75	6.414e-06	1.671e-01	2.877e-08	2	82
200		30509.31	6.414e-06	1.671e-01	2.877e-08	2	82
201		30579.98	6.414e-06	1.671e-01	2.877e-08	2	82
202		30651.16	6.414e-06	1.671e-01	2.877e-08	2	82
203		30721.62	6.408e-06	1.671e-01	3.468e-08	2	82
204		30791.73	6.259e-06	1.671e-01	1.837e-07	2	82
205		30859.69	6.259e-06	1.671e-01	1.837e-07	2	82
206		30927.03	6.259e-06	1.671e-01	1.837e-07	2	82
207		30999.52	6.259e-06	1.671e-01	1.837e-07	2	82
208		31066.57	6.259e-06	1.671e-01	1.794e-07	2	82
209		31132.22	6.259e-06	1.671e-01	1.794e-07	2	82
210		31201.33	6.259e-06	1.671e-01	1.794e-07	2	82
211		31270.08	6.259e-06	1.671e-01	1.794e-07	2	82
212		31343.83	6.259e-06	1.671e-01	1.794e-07	2	82
213		31418.76	6.259e-06	1.671e-01	1.549e-07	2	82
214		31491.81	6.259e-06	1.671e-01	1.549e-07	2	82
215		31563.99	6.259e-06	1.671e-01	1.549e-07	2	82
216		31636.53	6.256e-06	1.671e-01	1.579e-07	2	82
217		31708.86	6.256e-06	1.671e-01	1.579e-07	2	82
218		31782.36	6.256e-06	1.671e-01	1.520e-07	2	82
219		31855.89	6.205e-06	1.671e-01	5.449e-08	2	82
220		31926.01	6.205e-06	1.671e-01	5.449e-08	2	82
221		31996.05	6.149e-06	1.671e-01	1.097e-07	2	82
222		32069.66	6.149e-06	1.671e-01	1.097e-07	2	82
223		32139.59	6.149e-06	1.671e-01	1.097e-07	2	82
224		32213.02	6.149e-06	1.671e-01	1.097e-07	2	82
225		32285.82	6.149e-06	1.671e-01	1.097e-07	2	82
226		32354.82	6.149e-06	1.671e-01	1.097e-07	2	82
227		32423.23	6.149e-06	1.671e-01	1.097e-07	2	82
228		32491.19	6.149e-06	1.671e-01	1.097e-07	2	82
229		32562.55	6.149e-06	1.671e-01	1.097e-07	2	82
230		32636.42	6.149e-06	1.671e-01	1.097e-07	2	82
231		32706.08	6.149e-06	1.671e-01	1.067e-07	2	82
232		32775.54	6.149e-06	1.671e-01	1.067e-07	2	82
233		32846.73	6.149e-06	1.671e-01	1.067e-07	2	82
234		32918.51	6.125e-06	1.671e-01	7.909e-08	2	82
235		32991.51	6.125e-06	1.671e-01	7.909e-08	2	82
236		33060.17	6.125e-06	1.671e-01	2.389e-08	2	82
237		33130.96	6.111e-06	1.671e-01	3.842e-08	2	82
238		33201.86	6.110e-06	1.671e-01	3.923e-08	2	82
239		33272.43	6.110e-06	1.671e-01	3.923e-08	2	82
240		33340.21	6.110e-06	1.671e-01	3.923e-08	2	82
241		33407.36	6.110e-06	1.671e-01	3.923e-08	2	82
242		33476.83	6.110e-06	1.671e-01	3.923e-08	2	82
243		33543.72	6.087e-06	1.671e-01	6.244e-08	2	82
244		33614.16	6.087e-06	1.671e-01	6.244e-08	2	82
245		33685.47	6.087e-06	1.671e-01	6.244e-08	2	82
246		33754.82	6.087e-06	1.671e-01	6.244e-08	2	82
247		33821.87	6.087e-06	1.671e-01	6.244e-08	2	82
248		33891.45	6.087e-06	1.671e-01	6.244e-08	2	82
249		33966.02	6.087e-06	1.671e-01	3.856e-08	2	82
250		34034.62	6.087e-06	1.671e-01	3.856e-08	2	82
251		34103.39	6.087e-06	1.671e-01	3.856e-08	2	82
252		34175.44	6.034e-06	1.671e-01	7.677e-08	2	82
253		34244.00	6.034e-06	1.671e-01	7.596e-08	2	82
254		34313.09	6.034e-06	1.671e-01	7.596e-08	2	82
255		34384.20	6.034e-06	1.671e-01	7.596e-08	2	82
256		34453.19	6.034e-06	1.671e-01	7.596e-08	2	82
257		34525.67	6.034e-06	1.671e-01	7.596e-08	2	82
258		34593.55	6.034e-06	1.671e-01	5.275e-08	2	82
259		34662.30	6.034e-06	1.671e-01	5.275e-08	2	82
260		34728.78	6.034e-06	1.671e-01	5.275e-08	2	82
261		34796.55	6.034e-06	1.671e-01	5.275e-08	2	82
262		34865.59	6.034e-06	1.671e-01	5.275e-08	2	82
263		34931.61	6.034e-06	1.671e-01	5.275e-08	2	82
264		34999.84	6.034e-06	1.671e-01	5.275e-08	2	82
265		35069.92	6.034e-06	1.671e-01	5.275e-08	2	82
266		35136.97	6.034e-06	1.671e-01	5.275e-08	2	82
267		35206.62	6.034e-06	1.671e-01	0.000e+00	2	82
268		35277.38	6.034e-06	1.671e-01	0.000e+00	2	82
269		35349.90	6.034e-06	1.671e-01	0.000e+00	2	82
270		35418.80	6.034e-06	1.671e-01	0.000e+00	2	82
271		35490.48	6.034e-06	1.671e-01	0.000e+00	2	82
272		35561.68	6.014e-06	1.671e-01	1.979e-08	2	82
273		35632.51	6.014e-06	1.671e-01	1.979e-08	2	82
274		35704.78	6.014e-06	1.671e-01	1.979e-08	2	82
275		35776.49	6.014e-06	1.671e-01	1.979e-08	2	82
276		35850.10	6.014e-06	1.671e-01	1.979e-08	2	82
277		35919.58	6.014e-06	1.671e-01	1.979e-08	2	82
278		35986.72	6.014e-06	1.671e-01	1.979e-08	2	82
279		36059.34	6.014e-06	1.671e-01	1.979e-08	2	82
280		36125.72	6.014e-06	1.671e-01	1.979e-08	2	82
281		36196.26	6.014e-06	1.671e-01	1.979e-08	2	82
282		36269.92	6.014e-06	1.671e-01	1.979e-08	2	82
283		36339.93	6.014e-06	1.671e-01	1.979e-08	2	82
284		36406.13	6.014e-06	1.671e-01	1.979e-08	2	82
