D:\workspace\JENSENHUGHES\optimization\optimizationPaper\config\multiReactionCharring\mass2Temp\../../../results/multiReactionCharring/temp/multiReacLinearMass2T Log file
!!python/object/apply:collections.defaultdict
args:
- &id001 !!python/name:builtins.bool ''
dictitems:
  Duraboard:
    CprampF:
    - 1.0
    - 1.0
    CprampT:
    - 0
    - 5000
    eps: 0.8
    krampF:
    - 0.075932
    - 0.090229
    - 0.104522
    - 0.122143
    - 0.14158
    - 0.163436
    - 0.190738
    - 0.221975
    krampT:
    - 203.035
    - 317.4028
    - 426.9164
    - 536.4182
    - 647.3003
    - 757.4803
    - 867.6409
    - 981.2546
    rho: 258
    thickness: 0.0254
  XiState:
  - unknown
  - unknown
  assumeVolumeConservation: false
  cone:
    Tinit: 25
    activePhaseVars:
    - C0
    - rho
    - ka
    - kb
    - kc
    - kd
    - ke
    - Cpa
    - Cpb
    - Cpc
    - Cpd
    - Cpe
    - eps
    - K
    activeReactionVars:
    - A
    - E
    - n
    - Hp
    - nO2
    - Xi
    allowIgnition: false
    backBoundaryConditions:
      Tamb: 25
      htc: Auto
      type: INSULATED
    frontBoundaryConditions:
      Tamb: 25
      htc: Auto
    ignitionHeatFlux: 20
    ignitionThreshold: 0.0032
    weight: 1.0
  cone1: !!python/object/apply:collections.defaultdict
    args:
    - *id001
    dictitems:
      Tinit: 25
      activePhaseVars:
      - C0
      - rho
      - ka
      - kb
      - kc
      - kd
      - ke
      - Cpa
      - Cpb
      - Cpc
      - Cpd
      - Cpe
      - eps
      - K
      activeReactionVars:
      - A
      - E
      - n
      - Hp
      - nO2
      - Xi
      backBoundaryConditions: !!python/object/apply:collections.defaultdict
        args:
        - *id001
        dictitems:
          Tamb: 25
          htc: Auto
          type: INSULATED
      columns:
      - 1
      - 2
      - 3
      depths:
      - 0
      - 0
      - 0.008
      file: ../../../data/multiReactionCharring/multiReactionCharringLinearNominalVirtual.csv
      finalThickness: false
      frontBoundaryConditions: !!python/object/apply:collections.defaultdict
        args:
        - *id001
        dictitems:
          Tamb: 25
          heatFlux: 25
          htc: 15
      ignitionHeatFlux: 20.0
      ignitionThreshold: 0.0032
      initialThickness: 0.008
      names:
      - Mass
      - Temperature
      - Temperature
      time: 0
      types:
      - 1
      - 3
      - 3
      weight: 1.0
      weights:
      - 1
      - 1
      - 1
      width1: 0.1016
      width2: 0.1016
  configDir: D:\workspace\JENSENHUGHES\optimization\optimizationPaper\config\multiReactionCharring\mass2Temp\
  dataSources:
    names:
    - cone1
    types:
    - cone
  dsc:
    activePhaseVars:
    - C0
    - Cpa
    - Cpb
    - Cpc
    - Cpd
    - Cpe
    activeReactionVars:
    - A
    - E
    - n
    - Hp
    dscO2: None
    weight: 1.0
  fdsPath: C:\Program Files\FDS\FDS6\bin
  keepTemporaryFiles: true
  name: multiReacLinearMass2T
  optimizeParams:
    absErr: 1e-7
    absRelErr: 5e-7
    elimThresh: 1e-2
    maxIter: 200
    maxTime: 600000
    minIter: 5
    minP: 21
    opAlpha: 41
    opBeta: 1
    opP: 21
    opQ: 21
    opS: 41
    relErr: 1e-12
    relIter: 15
  outputParams:
    saveAllSamples: false
  phaseParams:
    C0:
    - - 1
      - 0
      - 1
    - - 0
      - 1189
      - 1189
    Cpa:
    - - None
      - 270
      - 4320
    - - None
      - 260.25
      - 4164
    Cpb:
    - - None
      - 0.0113
      - 0.1808
    - - None
      - 0.06475
      - 1.036
    Cpc:
    - - 0.0
      - 0.0
      - 0.0
    - - 0.0
      - 0.0
      - 0.0
    Cpd:
    - - 0.0
      - 0.0
      - 0.0
    - - 0.0
      - 0.0
      - 0.0
    Cpe:
    - &id002
      - 0
      - 0
      - 1
    - *id002
    K:
    - - None
      - 2500
      - 40000
    - - 1e8
      - 1189
      - 1189
    eps:
    - - None
      - 0.235
      - 1.0
    - - 0.94
      - 0.235
      - 1.0
    ka:
    - - None
      - 0.078
      - 1.248
    - - None
      - 0.023725
      - 0.3796
    kb:
    - - None
      - 1.1013e-05
      - 0.0001762
    - - None
      - 7.075e-05
      - 0.001132
    kc:
    - - 0.0
      - 0.0
      - 0.0
    - - 0.0
      - 0.0
      - 0.0
    kd:
    - - 0.0
      - 0.0
      - 0.0
    - - 0.0
      - 0.0
      - 0.0
    ke:
    - &id003
      - 0
      - 0
      - 1
    - *id003
    nO2:
    - - 0
      - 0
      - 1
    - - 0
      - 1189
      - 1189
    phases:
    - virgin
    - char
    rho:
    - - 1683
      - 1189
      - 1189
    - - 1235
      - 1189
      - 1189
  processParams:
    maxProcesses: 4
    multiprocess: true
  reactionParams:
    A:
    - - None
      - 5.86e11
      - 9.376e12
    - - None
      - 1.875e13
      - 3e14
    E:
    - - None
      - 4.525e4
      - 7.24e5
    - - None
      - 4.825e4
      - 7.72e5
    Hp:
    - - None
      - 2.5e4
      - 4e5
    - - None
      - 5e4
      - 8e5
    Xi:
    - - None
      - 0.1875
      - 1
    - - None
      - 0.125
      - 1
    n:
    - - None
      - 0.25
      - 4.0
    - - None
      - 0.375
      - 6.0
    nO2:
    - &id004
      - 0
      - 0
      - 1
    - *id004
    prodState:
    - 1
    - 1
    reacState:
    - 0
    - 0
    typeState:
    - 3
    - 3
  reinitializeComplex: false
  restart: false
  resultsDir: ../../../results/multiReactionCharring/temp/
  systemDir: D:\workspace\JENSENHUGHES\optimization\sourceCode\optimizationpython\src
  tga:
    activePhaseVars:
    - C0
    - rho
    activeReactionVars:
    - A
    - E
    - n
    tgaO2: None
    tgaOpt: 1
    weight: 1.0
  thermalPropertyUnits: K
  virtualExperiment: false
Loop	t (s)	Error Min	Error Max	ErrorRel	Comp	Samples
0		146.59	4.886e-03	4.339e-02	1.000e+00	21	861
1		291.54	4.708e-03	4.112e-02	1.000e+00	21	861
2		442.99	3.769e-03	4.285e-02	1.000e+00	21	861
3		594.25	2.504e-03	4.167e-02	1.000e+00	21	861
4		746.72	2.504e-03	3.938e-02	1.000e+00	21	861
5		896.00	1.887e-03	4.205e-02	1.000e+00	21	861
6		1044.05	1.175e-03	3.396e-02	1.000e+00	21	861
7		1193.30	1.175e-03	3.969e-02	1.000e+00	21	861
8		1345.44	8.651e-04	3.981e-02	1.000e+00	21	861
9		1504.64	7.811e-04	3.311e-02	1.000e+00	21	861
10		1666.06	5.963e-04	4.248e-02	1.000e+00	21	861
11		1820.52	4.703e-04	4.248e-02	1.000e+00	21	861
12		1981.21	4.149e-04	2.759e-02	1.000e+00	21	861
13		2144.89	3.435e-04	3.394e-02	1.000e+00	21	861
14		2304.69	3.030e-04	3.736e-02	1.000e+00	21	861
15		2457.23	2.805e-04	3.510e-02	1.000e+00	21	861
16		2618.28	2.308e-04	2.308e-02	4.477e-03	21	861
17		2771.91	1.637e-04	3.283e-02	3.605e-03	21	861
18		2927.05	1.415e-04	2.295e-02	2.362e-03	21	861
19		3082.78	1.296e-04	3.315e-02	2.374e-03	21	861
20		3244.94	1.145e-04	2.674e-02	1.773e-03	21	861
21		3405.79	1.083e-04	2.380e-02	1.067e-03	21	861
22		3573.95	9.604e-05	2.857e-02	1.079e-03	21	861
23		3733.29	8.122e-05	3.407e-02	7.839e-04	21	861
24		3896.33	7.546e-05	3.407e-02	7.056e-04	21	861
25		4057.18	7.269e-05	3.395e-02	5.236e-04	21	861
26		4213.52	6.749e-05	3.395e-02	4.028e-04	21	861
27		4374.78	6.513e-05	2.336e-02	3.498e-04	21	861
28		4537.23	6.092e-05	3.404e-02	2.825e-04	21	861
29		4699.49	5.922e-05	3.650e-02	2.438e-04	21	861
30		4860.95	5.922e-05	3.471e-02	2.212e-04	21	861
31		5019.81	5.853e-05	3.636e-02	1.723e-04	21	861
32		5174.56	5.807e-05	4.271e-02	1.056e-04	21	861
33		5338.03	5.807e-05	3.403e-02	8.346e-05	21	861
34		5498.08	5.797e-05	3.121e-02	7.159e-05	21	861
35		5657.96	5.790e-05	3.121e-02	5.664e-05	21	861
36		5812.20	5.752e-05	3.864e-02	5.079e-05	21	861
37		5973.36	5.699e-05	3.864e-02	3.905e-05	21	861
38		6129.10	5.628e-05	3.816e-02	2.494e-05	21	861
39		6291.56	5.584e-05	3.943e-02	1.962e-05	21	861
40		6454.11	5.518e-05	3.921e-02	1.750e-05	21	861
41		6618.77	5.478e-05	3.706e-02	1.271e-05	21	861
42		6785.94	5.399e-05	3.763e-02	1.114e-05	21	861
43		6954.62	5.342e-05	3.833e-02	7.501e-06	21	861
44		7125.89	5.290e-05	3.833e-02	6.320e-06	21	861
45		7289.95	5.217e-05	3.189e-02	7.045e-06	21	861
46		7453.80	5.193e-05	3.633e-02	6.605e-06	21	861
47		7619.26	5.154e-05	3.633e-02	6.529e-06	21	861
48		7790.04	5.147e-05	2.871e-02	6.603e-06	21	861
49		7954.40	5.142e-05	2.871e-02	6.542e-06	21	861
50		8123.76	5.138e-05	2.869e-02	6.517e-06	21	861
51		8285.12	5.132e-05	3.501e-02	6.203e-06	21	861
52		8447.38	5.125e-05	3.130e-02	5.736e-06	21	861
53		8599.01	5.122e-05	2.064e-02	5.065e-06	21	861
54		8756.93	5.114e-05	3.642e-02	4.705e-06	21	861
55		8905.17	5.103e-05	3.387e-02	4.155e-06	21	861
56		9063.11	5.098e-05	3.299e-02	3.800e-06	21	861
57		9220.06	5.092e-05	1.945e-02	3.068e-06	21	861
58		9377.79	5.089e-05	1.539e-02	2.530e-06	21	861
59		9527.83	5.087e-05	2.840e-02	2.031e-06	21	861
60		9684.96	5.080e-05	2.947e-02	1.379e-06	21	861
61		9849.31	5.071e-05	3.406e-02	1.218e-06	21	861
62		10003.05	5.068e-05	2.918e-02	8.638e-07	21	861
63		10159.00	5.006e-05	2.871e-02	1.404e-06	21	861
64		10323.76	4.837e-05	3.411e-02	3.055e-06	21	861
65		10480.61	4.785e-05	4.160e-02	3.529e-06	21	861
66		10639.66	4.760e-05	4.160e-02	3.723e-06	21	861
67		10799.31	4.739e-05	4.273e-02	3.865e-06	21	861
68		10959.06	4.734e-05	4.273e-02	3.879e-06	21	861
69		11126.43	4.729e-05	3.416e-02	3.846e-06	21	861
70		11289.99	4.726e-05	4.251e-02	3.772e-06	21	861
71		11458.06	4.726e-05	3.426e-02	3.725e-06	21	861
72		11621.40	4.724e-05	4.283e-02	3.688e-06	21	861
73		11787.88	4.722e-05	4.111e-02	3.676e-06	21	861
74		11952.85	4.721e-05	3.596e-02	3.657e-06	21	861
75		12122.72	4.718e-05	3.995e-02	3.613e-06	21	861
76		12295.32	4.718e-05	3.995e-02	3.534e-06	21	861
77		12465.60	4.717e-05	3.243e-02	3.507e-06	21	861
78		12645.17	4.715e-05	3.747e-02	2.911e-06	21	861
79		12813.07	4.714e-05	3.939e-02	1.230e-06	21	861
80		12983.29	4.711e-05	3.697e-02	7.369e-07	21	861
81		13157.05	4.710e-05	3.774e-02	4.914e-07	21	861
82		13323.91	4.709e-05	4.014e-02	2.952e-07	21	861
83		13495.68	4.709e-05	4.113e-02	2.487e-07	21	861
84		13663.65	4.708e-05	3.198e-02	2.160e-07	21	861
85		13834.22	4.706e-05	4.153e-02	1.947e-07	21	861
86		14006.57	4.705e-05	3.880e-02	2.094e-07	21	861
87		14175.12	4.703e-05	3.880e-02	2.025e-07	21	861
88		14338.17	4.702e-05	3.598e-02	1.997e-07	21	861
89		14504.43	4.701e-05	4.322e-02	2.027e-07	21	861
90		14670.48	4.701e-05	3.973e-02	1.753e-07	21	861
91		14837.85	4.700e-05	3.103e-02	1.764e-07	21	861
92		15009.43	4.700e-05	3.689e-02	1.679e-07	21	861
93		15180.41	4.700e-05	4.063e-02	1.535e-07	21	861
94		15348.07	4.700e-05	4.063e-02	1.402e-07	21	861
95		15518.64	4.700e-05	3.461e-02	1.181e-07	21	861
96		15689.59	4.699e-05	3.607e-02	1.092e-07	21	861
97		15871.98	4.699e-05	3.291e-02	1.017e-07	21	861
98		16048.58	4.699e-05	3.940e-02	9.688e-08	21	861
99		16226.17	4.699e-05	3.940e-02	8.842e-08	21	861
100		16400.27	4.699e-05	3.354e-02	7.241e-08	21	861
101		16575.10	4.699e-05	3.753e-02	6.133e-08	21	861
102		16746.37	4.698e-05	3.354e-02	5.267e-08	21	861
103		16931.13	4.698e-05	4.213e-02	3.928e-08	21	861
104		17104.46	4.698e-05	3.875e-02	3.074e-08	21	861
105		17283.71	4.698e-05	3.689e-02	2.925e-08	21	861
106		17455.65	4.698e-05	4.147e-02	2.560e-08	21	861
107		17631.28	4.698e-05	4.097e-02	2.572e-08	21	861
108		17803.80	4.697e-05	3.959e-02	2.379e-08	21	861
109		17980.42	4.697e-05	4.111e-02	2.560e-08	21	861
110		18149.25	4.697e-05	4.210e-02	2.549e-08	21	861
111		18320.99	4.697e-05	4.223e-02	2.741e-08	21	861
112		18495.35	4.696e-05	3.828e-02	3.148e-08	21	861
113		18673.99	4.696e-05	3.985e-02	3.405e-08	21	861
114		18858.63	4.695e-05	4.089e-02	3.709e-08	21	861
115		19039.42	4.695e-05	3.776e-02	3.634e-08	21	861
116		19216.84	4.695e-05	3.993e-02	3.445e-08	21	861
117		19390.88	4.695e-05	4.348e-02	3.081e-08	21	861
118		19565.07	4.695e-05	3.776e-02	2.877e-08	21	861
119		19750.42	4.695e-05	3.847e-02	2.845e-08	21	861
120		19943.60	4.695e-05	4.177e-02	2.954e-08	21	861
121		20140.39	4.695e-05	3.563e-02	3.052e-08	21	861
122		20330.96	4.695e-05	3.563e-02	3.064e-08	21	861
123		20527.79	4.694e-05	2.649e-02	3.000e-08	21	861
124		20706.25	4.694e-05	2.384e-02	2.766e-08	21	861
125		20902.38	4.694e-05	3.126e-02	2.643e-08	21	861
126		21102.97	4.693e-05	4.358e-02	4.018e-08	21	861
127		21297.17	4.692e-05	3.065e-02	3.671e-08	21	861
128		21494.51	4.692e-05	4.117e-02	3.583e-08	21	861
129		21694.65	4.691e-05	3.348e-02	4.463e-08	21	861
130		21891.21	4.690e-05	4.254e-02	5.729e-08	21	861
131		22086.44	4.689e-05	4.254e-02	5.872e-08	21	861
132		22272.97	4.689e-05	3.690e-02	5.817e-08	21	861
133		22469.73	4.689e-05	3.690e-02	6.261e-08	21	861
134		22667.03	4.688e-05	3.833e-02	7.349e-08	21	861
135		22860.83	4.687e-05	3.913e-02	8.124e-08	21	861
136		23070.61	4.687e-05	4.142e-02	7.955e-08	21	861
137		23277.54	4.687e-05	2.913e-02	7.965e-08	21	861
138		23473.18	4.687e-05	3.109e-02	7.946e-08	21	861
139		23672.80	4.686e-05	3.919e-02	7.991e-08	21	861
140		23873.76	4.686e-05	4.057e-02	7.975e-08	21	861
141		24069.28	4.686e-05	3.352e-02	6.251e-08	21	861
142		24269.16	4.686e-05	3.825e-02	6.749e-08	21	861
143		24465.09	4.685e-05	3.450e-02	6.671e-08	21	861
144		24667.56	4.685e-05	3.686e-02	5.883e-08	21	861
145		24863.91	4.685e-05	3.909e-02	4.629e-08	21	861
146		25063.89	4.685e-05	3.736e-02	4.375e-08	21	861
147		25269.13	4.685e-05	3.335e-02	4.413e-08	21	861
148		25476.30	4.685e-05	3.925e-02	3.921e-08	21	861
149		25680.78	4.685e-05	3.627e-02	2.878e-08	21	861
150		25879.21	4.685e-05	3.595e-02	2.049e-08	21	861
151		26065.17	4.684e-05	3.388e-02	2.384e-08	21	861
152		26248.55	4.684e-05	3.737e-02	2.360e-08	21	861
153		26452.04	4.684e-05	2.759e-02	2.374e-08	21	861
154		26654.57	4.684e-05	3.768e-02	2.400e-08	21	861
155		26843.85	4.684e-05	3.333e-02	2.496e-08	21	861
156		27020.35	4.684e-05	4.123e-02	2.773e-08	21	861
157		27203.29	4.684e-05	3.595e-02	2.025e-08	21	861
158		27378.18	4.684e-05	3.474e-02	1.797e-08	21	861
159		27555.40	4.684e-05	3.183e-02	1.357e-08	21	861
160		27739.57	4.684e-05	3.253e-02	1.345e-08	21	861
161		27926.56	4.683e-05	2.833e-02	1.636e-08	21	861
162		28111.32	4.683e-05	3.525e-02	1.659e-08	21	861
163		28285.99	4.683e-05	2.761e-02	1.798e-08	21	861
164		28458.76	4.683e-05	3.858e-02	2.162e-08	21	861
165		28635.40	4.682e-05	3.747e-02	2.338e-08	21	861
166		28807.35	4.682e-05	3.370e-02	2.120e-08	21	861
167		28985.05	4.682e-05	3.865e-02	2.406e-08	21	861
168		29157.18	4.681e-05	4.102e-02	3.002e-08	21	861
169		29331.61	4.680e-05	3.674e-02	4.087e-08	21	861
170		29510.83	4.680e-05	3.609e-02	4.130e-08	21	861
171		29689.74	4.680e-05	4.264e-02	4.005e-08	21	861
172		29866.61	4.680e-05	3.663e-02	3.998e-08	21	861
173		30041.49	4.679e-05	3.976e-02	4.204e-08	21	861
174		30212.96	4.679e-05	4.220e-02	4.781e-08	21	861
175		30387.65	4.678e-05	4.149e-02	5.672e-08	21	861
176		30567.15	4.678e-05	4.320e-02	5.355e-08	21	861
177		30749.86	4.678e-05	3.746e-02	5.368e-08	21	861
178		30929.48	4.678e-05	3.841e-02	5.155e-08	21	861
179		31101.26	4.678e-05	3.841e-02	4.700e-08	21	861
180		31279.55	4.678e-05	4.035e-02	4.473e-08	21	861
181		31451.82	4.678e-05	4.274e-02	4.391e-08	21	861
182		31669.85	4.678e-05	4.042e-02	4.075e-08	21	861
183		31888.77	4.677e-05	3.803e-02	3.653e-08	21	861
184		32116.71	4.677e-05	4.184e-02	2.944e-08	21	861
185		32335.39	4.677e-05	4.184e-02	3.159e-08	21	861
186		32552.39	4.676e-05	4.123e-02	3.519e-08	21	861
187		32765.75	4.676e-05	3.881e-02	3.815e-08	21	861
188		32981.88	4.675e-05	3.677e-02	3.918e-08	21	861
189		33199.07	4.675e-05	3.359e-02	3.853e-08	21	861
190		33419.05	4.675e-05	3.696e-02	3.169e-08	21	861
191		33639.23	4.675e-05	3.780e-02	3.273e-08	21	861
192		33853.42	4.674e-05	4.116e-02	3.484e-08	21	861
193		34070.83	4.674e-05	4.116e-02	3.483e-08	21	861
194		34287.50	4.674e-05	3.001e-02	3.480e-08	21	861
195		34503.16	4.674e-05	3.516e-02	3.472e-08	21	861
196		34723.84	4.674e-05	3.516e-02	3.481e-08	21	861
197		34944.02	4.674e-05	2.471e-02	3.448e-08	21	861
198		35165.71	4.674e-05	2.471e-02	3.251e-08	21	861
199		35378.35	4.674e-05	3.019e-02	2.798e-08	21	861
A	 = 2.37e+12,7.14e+13,
C0	 = 1.0,0.0,
Cpa	 = 1092.3188863215194,795.2505307957068,
Cpb	 = 0.04060108518912338,0.6007678423403253,
E	 = 1.74e+05,3.08e+05,
Hp	 = 167605.98830474273,650686.4257143019,
K	 = 10995.980412443623,100000000.0,
Value	 = 4.6742394745993726e-05,
Xi	 = 0.5820758365455638,0.5029718357071049,
eps	 = 0.9473684165989302,0.94,
ka	 = 0.3134170745864342,0.14167753014832232,
kb	 = 4.990624142214007e-05,0.0002140357092083937,
n	 = 1.1882377177892085,5.660371601006294,
nO2	 = 0.0,0.0,
rho	 = 1683.0,1235.0,
Results saved to D:\workspace\JENSENHUGHES\optimization\optimizationPaper\config\multiReactionCharring\mass2Temp\../../../results/multiReactionCharring/temp/multiReacLinearMass2T_solution.txt
