D:\workspace\JENSENHUGHES\optimization\optimizationPaper\config\E_Glass\hybrid\../../../results/E_Glass/hybrid/E_GlassOldConstWideHybrid1 Log file
!!python/object/apply:collections.defaultdict
args:
- &id001 !!python/name:builtins.bool ''
dictitems:
  Duraboard:
    CprampF:
    - 1.0
    - 1.0
    CprampT:
    - 0
    - 5000
    eps: 0.8
    krampF:
    - 0.075932
    - 0.090229
    - 0.104522
    - 0.122143
    - 0.14158
    - 0.163436
    - 0.190738
    - 0.221975
    krampT:
    - 203.035
    - 317.4028
    - 426.9164
    - 536.4182
    - 647.3003
    - 757.4803
    - 867.6409
    - 981.2546
    rho: 258
    thickness: 0.0254
  XiState:
  - unknowable
  cone:
    Tinit: 25
    activePhaseVars:
    - C0
    - rho
    - ka
    - kb
    - kc
    - kd
    - ke
    - Cpa
    - Cpb
    - Cpc
    - Cpd
    - Cpe
    - eps
    - K
    activeReactionVars:
    - A
    - E
    - n
    - Hp
    - nO2
    - Xi
    backBoundaryConditions:
      Tamb: 25
      htc: Auto
      type: INSULATED
    frontBoundaryConditions:
      Tamb: 25
      htc: Auto
    weight: 1.0
  cone1: !!python/object/apply:collections.defaultdict
    args:
    - *id001
    dictitems:
      Tinit: 25
      activePhaseVars:
      - C0
      - rho
      - ka
      - kb
      - kc
      - kd
      - ke
      - Cpa
      - Cpb
      - Cpc
      - Cpd
      - Cpe
      - eps
      - K
      activeReactionVars:
      - A
      - E
      - n
      - Hp
      - nO2
      - Xi
      backBoundaryConditions: !!python/object/apply:collections.defaultdict
        args:
        - *id001
        dictitems:
          Tamb: 25
          htc: Auto
          type: INSULATED
      columns:
      - 1
      depths:
      - 0
      file: ../../../data/E_Glass/E_GlassOldConstNominal_0_cone_Mass.csv
      finalThickness: false
      frontBoundaryConditions: !!python/object/apply:collections.defaultdict
        args:
        - *id001
        dictitems:
          Tamb: 25
          heatFlux: 25
          htc: 15
      initialThickness: 0.008
      names:
      - Mass
      time: 0
      types:
      - 1
      weight: 1.0
      weights:
      - 1
      width1: 0.1016
      width2: 0.1016
  configDir: D:\workspace\JENSENHUGHES\optimization\optimizationPaper\config\E_Glass\hybrid\
  dataSources:
    names:
    - cone1
    types:
    - cone
  dsc:
    activePhaseVars:
    - C0
    - Cpa
    - Cpb
    - Cpc
    - Cpd
    - Cpe
    activeReactionVars:
    - A
    - E
    - n
    - Hp
    dscO2: None
    weight: 1.0
  fdsPath: C:\Program Files\FDS\FDS6\bin
  name: E_GlassOldConstWideHybrid1
  optimizeParams:
    absErr: 1e-7
    absRelErr: 5e-7
    elimThresh: 1e-2
    maxIter: 1000
    maxTime: 60000
    minIter: 5
    minP: 2
    opAlpha: 3
    opBeta: 3
    opP: 12
    opQ: 6
    opS: 24
    relErr: 1e-12
    relIter: 15
  outputParams:
    saveAllSamples: false
  phaseParams:
    C0:
    - - 1
      - 0
      - 1
    - - 0
      - 1189
      - 1189
    Cpa:
    - - None
      - 1350
      - 1650
    - - None
      - 990
      - 1210
    Cpb:
    - - 0.0
      - 0.0
      - 0.0
    - - 0.0
      - 1189
      - 1189
    Cpc:
    - - 0.0
      - 0.0
      - 0.0
    - - 0.0
      - 0.0
      - 0.0
    Cpd:
    - - 0.0
      - 0.0
      - 0.0
    - - 0.0
      - 0.0
      - 0.0
    Cpe:
    - &id002
      - 0
      - 0
      - 1
    - *id002
    K:
    - - None
      - 2500
      - 40000
    - - 1e8
      - 1189
      - 1189
    eps:
    - - None
      - 0.235
      - 1.0
    - - None
      - 0.235
      - 1.0
    ka:
    - - None
      - 0.075
      - 1.2
    - - None
      - 0.05
      - 0.8
    kb:
    - - 0.0
      - 0.0
      - 0.0
    - - 0.0
      - 0.0
      - 0.0
    kc:
    - - 0.0
      - 0.0
      - 0.0
    - - 0.0
      - 0.0
      - 0.0
    kd:
    - - 0.0
      - 0.0
      - 0.0
    - - 0.0
      - 0.0
      - 0.0
    ke:
    - &id003
      - 0
      - 0
      - 1
    - *id003
    nO2:
    - - 0
      - 0
      - 1
    - - 0
      - 1189
      - 1189
    phases:
    - virgin
    - char
    rho:
    - - 1683
      - 1189
      - 1189
    - - 1235
      - 1189
      - 1189
  processParams:
    maxProcesses: 8
    multiprocess: true
  reactionParams:
    A:
    - - None
      - 2.106e12
      - 2.574e12
    E:
    - - None
      - 1.629e5
      - 1.991e5
    Hp:
    - - None
      - 0.25e05
      - 4.0e5
    Xi:
    - - None
      - 0
      - 1
    n:
    - - None
      - 0.9
      - 1.1
    nO2:
    - - 0
      - 0
      - 1
    prodState:
    - 1
    reacState:
    - 0
    typeState:
    - 3
  reinitializeComplex: true
  restart: false
  resultsDir: ../../../results/E_Glass/hybrid/
  systemDir: D:\workspace\JENSENHUGHES\optimization\sourceCode\optimizationpython\src
  tga:
    activePhaseVars:
    - C0
    - rho
    activeReactionVars:
    - A
    - E
    - n
    tgaO2: None
    tgaOpt: 1
    weight: 1.0
  virtualExperiment: false
Loop	t (s)	Error Min	Error Max	ErrorRel	Comp	Samples
0		54.93	9.216e-05	4.672e-03	1.000e+00	12	288
1		110.73	7.188e-05	4.672e-03	1.000e+00	12	288
2		166.60	7.188e-05	4.672e-03	1.000e+00	12	288
3		229.66	5.919e-05	4.672e-03	1.000e+00	12	288
4		283.34	5.919e-05	4.672e-03	1.000e+00	12	288
5		344.24	5.919e-05	4.672e-03	1.000e+00	12	288
6		402.92	5.919e-05	4.672e-03	1.000e+00	12	288
7		459.63	4.242e-05	4.672e-03	1.000e+00	12	288
8		523.87	3.871e-05	4.672e-03	1.000e+00	12	288
9		579.23	3.037e-05	4.672e-03	1.000e+00	12	288
10		635.70	3.037e-05	4.672e-03	1.000e+00	12	288
11		693.33	1.802e-05	4.672e-03	1.000e+00	12	288
12		756.82	1.802e-05	4.672e-03	1.000e+00	12	288
13		812.31	1.802e-05	4.672e-03	1.000e+00	12	288
14		869.23	1.802e-05	4.672e-03	1.000e+00	12	288
15		935.29	1.802e-05	4.672e-03	1.000e+00	12	288
16		996.89	1.120e-05	4.672e-03	6.068e-05	12	288
17		1060.52	1.120e-05	4.672e-03	6.068e-05	12	288
18		1123.05	1.120e-05	4.672e-03	4.799e-05	12	288
19		1181.11	1.120e-05	4.672e-03	4.799e-05	12	288
20		1247.86	9.241e-06	4.646e-03	4.995e-05	12	288
21		1313.29	8.823e-06	4.646e-03	5.037e-05	12	288
22		1381.87	6.818e-06	4.646e-03	3.560e-05	12	288
23		1434.40	6.664e-06	4.646e-03	3.204e-05	12	288
24		1495.75	5.245e-06	4.646e-03	2.512e-05	12	288
25		1566.76	5.245e-06	4.646e-03	2.512e-05	12	288
26		1638.48	4.723e-06	4.646e-03	1.330e-05	12	288
27		1700.05	4.482e-06	4.646e-03	1.354e-05	12	288
28		1766.67	3.490e-06	4.646e-03	1.453e-05	12	288
29		1830.88	3.300e-06	4.646e-03	1.472e-05	12	288
30		1903.21	3.300e-06	4.646e-03	1.472e-05	12	288
31		1963.11	3.186e-06	4.646e-03	8.018e-06	12	288
32		2032.01	3.127e-06	4.646e-03	8.077e-06	12	288
33		2094.52	3.127e-06	4.646e-03	8.077e-06	12	288
34		2163.07	3.090e-06	4.646e-03	8.115e-06	12	288
35		2219.33	3.090e-06	4.646e-03	6.151e-06	12	288
36		2286.23	3.073e-06	4.646e-03	5.750e-06	12	288
37		2350.97	3.070e-06	4.646e-03	3.749e-06	12	288
38		2401.05	3.068e-06	4.646e-03	3.597e-06	12	288
39		2442.04	3.063e-06	4.605e-03	2.182e-06	12	288
40		2495.39	3.053e-06	4.605e-03	2.192e-06	12	288
41		2541.05	3.039e-06	4.605e-03	1.684e-06	12	288
42		2592.84	2.907e-06	4.605e-03	1.575e-06	12	288
43		2633.88	2.595e-06	4.605e-03	8.947e-07	12	288
44		2686.29	2.595e-06	4.605e-03	7.041e-07	12	288
45		2733.73	2.498e-06	4.605e-03	8.015e-07	12	288
46		2787.07	2.479e-06	3.930e-03	7.075e-07	12	288
47		2836.06	2.464e-06	3.930e-03	6.628e-07	12	288
48		2894.21	2.417e-06	3.930e-03	7.103e-07	12	288
49		2946.52	2.374e-06	3.930e-03	7.161e-07	12	288
50		3001.19	2.298e-06	3.930e-03	7.921e-07	12	288
51		3059.63	2.287e-06	3.930e-03	7.862e-07	12	288
52		3108.95	2.197e-06	3.930e-03	8.732e-07	12	288
53		3161.70	2.172e-06	3.888e-03	8.957e-07	12	288
54		3213.91	2.162e-06	3.888e-03	9.007e-07	12	288
55		3271.73	2.085e-06	3.888e-03	9.678e-07	12	288
56		3325.82	2.085e-06	3.888e-03	9.540e-07	12	288
57		3379.20	2.085e-06	3.888e-03	8.218e-07	12	288
58		3432.41	2.081e-06	3.888e-03	5.146e-07	12	288
59		3488.30	2.075e-06	4.663e-03	5.208e-07	12	288
60		3538.98	2.035e-06	4.663e-03	4.629e-07	12	288
61		3589.90	2.014e-06	4.663e-03	4.649e-07	12	288
62		3646.58	1.997e-06	4.663e-03	4.676e-07	12	288
63		3703.50	1.973e-06	4.663e-03	4.440e-07	12	288
64		3752.80	1.973e-06	4.663e-03	4.007e-07	12	288
65		3810.10	1.940e-06	4.663e-03	3.574e-07	12	288
66		3863.19	1.913e-06	4.663e-03	3.742e-07	12	288
67		3912.19	1.904e-06	4.663e-03	2.930e-07	12	288
68		3967.22	1.855e-06	4.663e-03	3.173e-07	12	288
69		4018.23	1.836e-06	4.663e-03	3.256e-07	12	288
70		4073.57	1.836e-06	4.663e-03	2.490e-07	12	288
71		4126.81	1.836e-06	4.663e-03	2.490e-07	12	288
72		4184.76	1.834e-06	4.663e-03	2.509e-07	12	288
73		4235.69	1.812e-06	4.663e-03	2.687e-07	12	288
74		4288.98	1.797e-06	4.663e-03	2.779e-07	12	288
75		4349.62	1.790e-06	4.663e-03	2.451e-07	12	288
76		4398.58	1.790e-06	4.663e-03	2.240e-07	12	288
77		4454.41	1.789e-06	4.663e-03	2.083e-07	12	288
78		4500.84	1.787e-06	4.663e-03	1.856e-07	12	288
79		4558.51	1.784e-06	4.663e-03	1.891e-07	12	288
80		4610.25	1.780e-06	4.663e-03	1.600e-07	12	288
81		4664.08	1.768e-06	4.663e-03	1.447e-07	12	288
82		4716.57	1.768e-06	4.663e-03	1.356e-07	12	288
83		4768.79	1.755e-06	4.663e-03	9.930e-08	12	288
84		4823.12	1.750e-06	4.663e-03	8.609e-08	12	288
85		4872.82	1.731e-06	4.663e-03	1.053e-07	12	288
86		4926.64	1.720e-06	4.663e-03	1.162e-07	12	288
87		4979.20	1.682e-06	4.663e-03	1.523e-07	12	288
88		5035.79	1.667e-06	4.663e-03	1.449e-07	12	288
89		5087.90	1.658e-06	4.663e-03	1.387e-07	12	288
90		5139.28	1.658e-06	4.663e-03	1.320e-07	12	288
91		5202.02	1.655e-06	4.663e-03	1.352e-07	12	288
92		5254.90	1.645e-06	4.663e-03	1.437e-07	12	288
93		5310.65	1.642e-06	4.663e-03	1.456e-07	12	288
94		5360.37	1.641e-06	4.663e-03	1.424e-07	12	288
95		5416.17	1.641e-06	4.663e-03	1.390e-07	12	288
96		5456.21	1.641e-06	4.663e-03	1.274e-07	12	288
97		5487.04	1.640e-06	4.663e-03	1.284e-07	12	288
98		5517.76	1.639e-06	4.663e-03	1.160e-07	12	288
99		5551.43	1.638e-06	4.663e-03	1.120e-07	12	288
100		5582.76	1.637e-06	4.663e-03	9.433e-08	12	288
101		5612.20	1.637e-06	4.663e-03	8.345e-08	12	288
102		5642.54	1.636e-06	4.663e-03	4.647e-08	12	288
103		5675.32	1.633e-06	4.663e-03	3.372e-08	12	288
104		5708.98	1.631e-06	4.663e-03	2.748e-08	12	288
105		5742.93	1.625e-06	4.663e-03	3.332e-08	12	288
106		5777.08	1.624e-06	4.663e-03	3.097e-08	12	288
107		5809.92	1.620e-06	2.938e-03	2.524e-08	12	288
108		5842.68	1.612e-06	2.938e-03	2.974e-08	12	288
109		5875.74	1.608e-06	2.938e-03	3.365e-08	12	288
110		5907.87	1.603e-06	2.938e-03	3.879e-08	12	288
111		5940.93	1.595e-06	2.938e-03	4.608e-08	12	288
112		5972.65	1.594e-06	1.667e-03	4.600e-08	12	288
113		6003.09	1.594e-06	4.657e-03	4.547e-08	12	288
114		6031.82	1.594e-06	4.626e-03	4.443e-08	12	288
115		6064.76	1.593e-06	4.626e-03	4.385e-08	12	288
116		6097.01	1.592e-06	4.626e-03	4.436e-08	12	288
Reinitializing complex 1, running simulations.
Complex 1 with parameter deviation 9.25e-03 replaced with parameter deviation 1.21
117		6129.39	1.592e-06	1.181e-02	4.334e-08	12	288
Reinitializing complex 1, running simulations.
Complex 1 with parameter deviation 8.84e-03 replaced with parameter deviation 1.21
118		6164.73	1.592e-06	1.598e-02	4.134e-08	12	288
Reinitializing complex 1, running simulations.
Complex 1 with parameter deviation 8.22e-03 replaced with parameter deviation 1.28
119		6203.00	1.592e-06	7.720e-03	3.839e-08	12	288
Reinitializing complex 1, running simulations.
Complex 1 with parameter deviation 6.29e-03 replaced with parameter deviation 1.42
120		6240.11	1.592e-06	9.678e-03	3.270e-08	12	288
Reinitializing complex 1, running simulations.
Complex 1 with parameter deviation 6.49e-03 replaced with parameter deviation 1.10
121		6277.97	1.592e-06	1.356e-02	3.188e-08	12	288
Reinitializing complex 1, running simulations.
Complex 1 with parameter deviation 6.70e-03 replaced with parameter deviation 1.21
122		6312.69	1.592e-06	1.295e-02	2.783e-08	12	288
Reinitializing complex 1, running simulations.
Complex 1 with parameter deviation 5.17e-03 replaced with parameter deviation 1.33
123		6350.02	1.592e-06	1.030e-02	2.043e-08	12	288
Reinitializing complex 1, running simulations.
Complex 1 with parameter deviation 5.45e-03 replaced with parameter deviation 1.18
124		6385.78	1.592e-06	1.503e-02	1.619e-08	12	288
Reinitializing complex 1, running simulations.
Complex 1 with parameter deviation 5.88e-03 replaced with parameter deviation 1.14
125		6422.33	1.592e-06	7.620e-03	1.109e-08	12	288
Reinitializing complex 1, running simulations.
Complex 1 with parameter deviation 2.90e-03 replaced with parameter deviation 1.30
126		6459.87	1.591e-06	7.554e-03	3.199e-09	12	288
Reinitializing complex 1, running simulations.
Complex 1 with parameter deviation 2.75e-03 replaced with parameter deviation 1.37
127		6495.02	1.591e-06	9.340e-03	2.339e-09	12	288
Reinitializing complex 1, running simulations.
Complex 1 with parameter deviation 2.27e-03 replaced with parameter deviation 1.16
128		6531.92	1.591e-06	6.358e-03	2.339e-09	12	288
Reinitializing complex 1, running simulations.
Complex 1 with parameter deviation 1.74e-03 replaced with parameter deviation 1.37
129		6566.48	1.591e-06	9.600e-03	2.394e-09	12	288
Reinitializing complex 1, running simulations.
Complex 1 with parameter deviation 8.83e-03 replaced with parameter deviation 1.29
130		6601.83	1.591e-06	1.367e-02	1.429e-09	12	288
131		6638.49	1.591e-06	1.367e-02	9.147e-10	12	288
132		6669.55	1.591e-06	1.367e-02	1.104e-09	12	288
133		6700.68	1.591e-06	1.367e-02	9.675e-10	12	288
134		6730.40	1.591e-06	1.367e-02	1.105e-09	12	288
135		6758.42	1.591e-06	1.367e-02	1.343e-09	12	288
136		6789.17	1.590e-06	1.367e-02	1.464e-09	12	288
137		6821.63	1.590e-06	1.367e-02	1.318e-09	12	288
138		6851.48	1.590e-06	1.367e-02	1.147e-09	12	288
139		6884.93	1.590e-06	1.367e-02	1.141e-09	12	288
140		6918.99	1.590e-06	1.367e-02	1.308e-09	12	288
141		6953.55	1.590e-06	4.621e-03	1.206e-09	12	288
142		6984.80	1.590e-06	4.621e-03	1.206e-09	12	288
143		7014.75	1.590e-06	4.582e-03	1.250e-09	12	288
144		7043.97	1.590e-06	4.582e-03	1.195e-09	12	288
145		7074.23	1.590e-06	4.582e-03	1.195e-09	12	288
146		7104.47	1.590e-06	4.582e-03	1.299e-09	12	288
147		7137.54	1.590e-06	4.582e-03	1.274e-09	12	288
148		7168.08	1.590e-06	4.670e-03	1.274e-09	12	288
149		7200.42	1.590e-06	4.670e-03	1.136e-09	12	288
150		7231.75	1.590e-06	4.670e-03	7.540e-10	12	288
151		7266.70	1.590e-06	4.670e-03	5.957e-10	12	288
152		7300.07	1.590e-06	4.670e-03	5.957e-10	12	288
153		7332.01	1.590e-06	4.670e-03	5.957e-10	12	288
154		7363.66	1.590e-06	4.670e-03	5.511e-10	12	288
155		7396.73	1.590e-06	4.670e-03	3.368e-10	12	288
156		7430.40	1.590e-06	4.670e-03	3.122e-10	12	288
157		7466.36	1.590e-06	4.670e-03	3.122e-10	12	288
158		7501.69	1.590e-06	4.670e-03	2.684e-10	12	288
159		7537.38	1.590e-06	4.670e-03	2.684e-10	12	288
160		7573.98	1.590e-06	4.670e-03	2.684e-10	12	288
161		7611.46	1.590e-06	4.670e-03	1.637e-10	12	288
162		7647.27	1.590e-06	4.670e-03	0.000e+00	12	288
163		7681.74	1.590e-06	4.629e-03	0.000e+00	12	288
164		7717.94	1.590e-06	4.629e-03	0.000e+00	12	288
165		7753.07	1.590e-06	4.629e-03	0.000e+00	12	288
166		7788.05	1.590e-06	4.629e-03	0.000e+00	12	288
167		7823.70	1.590e-06	4.407e-03	0.000e+00	12	288
168		7859.16	1.590e-06	4.407e-03	0.000e+00	12	288
169		7894.63	1.590e-06	4.407e-03	0.000e+00	12	288
170		7931.29	1.590e-06	4.407e-03	0.000e+00	12	288
171		7966.26	1.590e-06	4.407e-03	0.000e+00	12	288
172		8002.35	1.590e-06	4.407e-03	0.000e+00	12	288
173		8038.83	1.590e-06	4.407e-03	1.286e-10	12	288
174		8074.72	1.590e-06	4.407e-03	1.286e-10	12	288
175		8111.10	1.590e-06	4.407e-03	1.286e-10	12	288
176		8146.48	1.590e-06	4.407e-03	1.286e-10	12	288
177		8182.96	1.590e-06	4.407e-03	1.286e-10	12	288
178		8219.57	1.590e-06	4.407e-03	1.286e-10	12	288
179		8255.39	1.590e-06	4.407e-03	1.286e-10	12	288
180		8289.69	1.590e-06	3.595e-03	1.286e-10	12	288
181		8326.59	1.590e-06	3.595e-03	1.286e-10	12	288
182		8362.38	1.590e-06	3.595e-03	1.286e-10	12	288
183		8397.69	1.590e-06	3.595e-03	1.286e-10	12	288
184		8431.80	1.590e-06	3.595e-03	1.286e-10	12	288
185		8467.70	1.590e-06	3.595e-03	1.286e-10	12	288
186		8503.29	1.590e-06	3.595e-03	1.286e-10	12	288
187		8539.40	1.590e-06	3.595e-03	1.286e-10	12	288
188		8574.66	1.590e-06	3.595e-03	0.000e+00	12	288
189		8611.54	1.590e-06	3.595e-03	0.000e+00	12	288
190		8648.82	1.590e-06	3.595e-03	0.000e+00	12	288
191		8685.72	1.590e-06	3.595e-03	0.000e+00	12	288
192		8716.28	1.590e-06	3.595e-03	0.000e+00	12	288
193		8753.92	1.590e-06	3.595e-03	0.000e+00	12	288
194		8789.41	1.590e-06	3.595e-03	0.000e+00	12	288
195		8825.39	1.590e-06	3.595e-03	0.000e+00	12	288
196		8862.99	1.590e-06	3.595e-03	0.000e+00	12	288
197		8898.96	1.590e-06	4.653e-03	0.000e+00	12	288
198		8936.08	1.590e-06	4.653e-03	0.000e+00	12	288
199		8971.33	1.590e-06	4.653e-03	0.000e+00	12	288
200		9005.99	1.590e-06	4.653e-03	0.000e+00	12	288
201		9040.16	1.590e-06	4.653e-03	0.000e+00	12	288
202		9072.50	1.590e-06	4.653e-03	0.000e+00	12	288
203		9105.93	1.590e-06	4.653e-03	0.000e+00	12	288
204		9138.73	1.590e-06	4.653e-03	0.000e+00	12	288
205		9174.36	1.590e-06	4.653e-03	0.000e+00	12	288
206		9207.86	1.590e-06	1.796e-03	0.000e+00	12	288
207		9244.78	1.590e-06	3.535e-03	0.000e+00	12	288
208		9281.45	1.590e-06	3.535e-03	0.000e+00	12	288
209		9315.70	1.590e-06	3.535e-03	0.000e+00	12	288
210		9351.63	1.590e-06	3.535e-03	0.000e+00	12	288
211		9388.30	1.590e-06	3.535e-03	0.000e+00	12	288
212		9424.91	1.590e-06	3.535e-03	0.000e+00	12	288
213		9460.18	1.590e-06	3.535e-03	0.000e+00	12	288
214		9493.53	1.590e-06	3.535e-03	0.000e+00	12	288
215		9528.41	1.590e-06	3.561e-03	0.000e+00	12	288
216		9566.01	1.590e-06	3.561e-03	0.000e+00	12	288
217		9602.88	1.590e-06	4.547e-03	0.000e+00	12	288
218		9640.38	1.590e-06	4.547e-03	0.000e+00	12	288
219		9680.18	1.590e-06	4.547e-03	0.000e+00	12	288
220		9716.74	1.590e-06	4.547e-03	0.000e+00	12	288
221		9753.50	1.590e-06	4.547e-03	0.000e+00	12	288
222		9786.98	1.590e-06	2.746e-03	0.000e+00	12	288
223		9822.17	1.590e-06	2.746e-03	0.000e+00	12	288
224		9857.35	1.590e-06	2.746e-03	0.000e+00	12	288
225		9890.53	1.590e-06	2.746e-03	0.000e+00	12	288
226		9925.64	1.590e-06	4.650e-03	0.000e+00	12	288
227		9960.91	1.590e-06	4.650e-03	0.000e+00	12	288
228		9995.98	1.590e-06	4.650e-03	3.464e-11	12	288
229		10030.83	1.590e-06	3.098e-03	3.464e-11	12	288
230		10064.51	1.590e-06	3.098e-03	3.464e-11	12	288
231		10100.99	1.590e-06	3.098e-03	3.464e-11	12	288
232		10135.85	1.590e-06	2.746e-03	3.464e-11	12	288
233		10171.11	1.590e-06	2.746e-03	3.464e-11	12	288
234		10206.28	1.590e-06	2.746e-03	3.464e-11	12	288
235		10242.42	1.590e-06	3.975e-03	3.464e-11	12	288
236		10275.90	1.590e-06	3.975e-03	3.464e-11	12	288
237		10310.86	1.590e-06	3.975e-03	3.464e-11	12	288
238		10347.76	1.590e-06	3.975e-03	3.464e-11	12	288
239		10382.85	1.590e-06	3.975e-03	3.464e-11	12	288
240		10420.77	1.590e-06	3.975e-03	3.464e-11	12	288
241		10456.94	1.590e-06	3.975e-03	3.464e-11	12	288
242		10492.41	1.590e-06	3.975e-03	3.464e-11	12	288
243		10526.17	1.590e-06	3.975e-03	0.000e+00	12	288
244		10561.65	1.590e-06	3.975e-03	0.000e+00	12	288
245		10596.61	1.590e-06	3.975e-03	0.000e+00	12	288
246		10631.07	1.590e-06	3.975e-03	0.000e+00	12	288
247		10664.03	1.590e-06	3.975e-03	0.000e+00	12	288
248		10697.69	1.590e-06	3.975e-03	0.000e+00	12	288
249		10732.26	1.590e-06	3.975e-03	0.000e+00	12	288
250		10768.72	1.590e-06	3.975e-03	0.000e+00	12	288
251		10805.41	1.590e-06	3.975e-03	0.000e+00	12	288
252		10838.05	1.590e-06	3.975e-03	0.000e+00	12	288
253		10871.42	1.590e-06	3.975e-03	0.000e+00	12	288
254		10906.89	1.590e-06	3.975e-03	0.000e+00	12	288
255		10941.37	1.590e-06	4.669e-03	0.000e+00	12	288
256		10973.63	1.590e-06	4.669e-03	0.000e+00	12	288
257		11008.93	1.590e-06	4.669e-03	0.000e+00	12	288
258		11043.80	1.590e-06	4.669e-03	0.000e+00	12	288
259		11079.90	1.590e-06	4.669e-03	0.000e+00	12	288
260		11115.89	1.590e-06	4.669e-03	0.000e+00	12	288
261		11151.36	1.590e-06	4.669e-03	0.000e+00	12	288
262		11185.80	1.590e-06	4.669e-03	0.000e+00	12	288
263		11222.19	1.590e-06	4.669e-03	0.000e+00	12	288
264		11260.05	1.590e-06	4.669e-03	0.000e+00	12	288
265		11295.31	1.590e-06	4.669e-03	0.000e+00	12	288
266		11330.47	1.590e-06	4.669e-03	0.000e+00	12	288
267		11366.25	1.590e-06	4.669e-03	0.000e+00	12	288
268		11401.43	1.590e-06	4.669e-03	0.000e+00	12	288
269		11437.60	1.590e-06	4.672e-03	0.000e+00	12	288
270		11472.07	1.590e-06	4.672e-03	0.000e+00	12	288
271		11508.06	1.590e-06	4.672e-03	0.000e+00	12	288
272		11542.92	1.590e-06	4.672e-03	0.000e+00	12	288
273		11578.78	1.590e-06	4.672e-03	0.000e+00	12	288
274		11614.36	1.590e-06	4.672e-03	0.000e+00	12	288
275		11649.34	1.590e-06	4.672e-03	0.000e+00	12	288
276		11684.29	1.590e-06	4.672e-03	0.000e+00	12	288
277		11718.63	1.590e-06	1.798e-03	0.000e+00	12	288
278		11754.69	1.590e-06	1.798e-03	0.000e+00	12	288
279		11790.95	1.590e-06	4.654e-03	0.000e+00	12	288
280		11810.98	1.590e-06	4.654e-03	0.000e+00	12	288
281		11829.50	1.590e-06	4.654e-03	0.000e+00	12	288
282		11848.01	1.590e-06	4.654e-03	0.000e+00	12	288
283		11866.63	1.590e-06	3.358e-03	0.000e+00	12	288
284		11885.45	1.590e-06	3.589e-03	0.000e+00	12	288
285		11905.47	1.590e-06	4.672e-03	0.000e+00	12	288
286		11923.99	1.590e-06	4.672e-03	0.000e+00	12	288
287		11943.11	1.590e-06	4.672e-03	0.000e+00	12	288
288		11961.03	1.590e-06	3.358e-03	0.000e+00	12	288
289		11980.86	1.590e-06	3.358e-03	0.000e+00	12	288
290		11999.48	1.590e-06	3.358e-03	0.000e+00	12	288
291		12019.00	1.590e-06	3.358e-03	0.000e+00	12	288
292		12037.72	1.590e-06	3.358e-03	0.000e+00	12	288
293		12058.25	1.590e-06	3.192e-03	0.000e+00	12	288
294		12077.57	1.590e-06	3.192e-03	0.000e+00	12	288
295		12097.69	1.590e-06	3.192e-03	0.000e+00	12	288
296		12116.31	1.590e-06	3.192e-03	0.000e+00	12	288
297		12135.02	1.590e-06	3.192e-03	0.000e+00	12	288
298		12154.56	1.590e-06	3.423e-03	0.000e+00	12	288
299		12174.08	1.590e-06	3.423e-03	0.000e+00	12	288
300		12193.21	1.590e-06	3.423e-03	0.000e+00	12	288
301		12213.84	1.590e-06	3.423e-03	0.000e+00	12	288
302		12233.75	1.590e-06	3.423e-03	0.000e+00	12	288
303		12252.97	1.590e-06	4.634e-03	0.000e+00	12	288
304		12271.19	1.590e-06	4.634e-03	0.000e+00	12	288
305		12290.80	1.590e-06	4.634e-03	0.000e+00	12	288
306		12310.41	1.590e-06	4.634e-03	0.000e+00	12	288
307		12328.63	1.590e-06	4.634e-03	0.000e+00	12	288
308		12347.84	1.590e-06	4.634e-03	0.000e+00	12	288
309		12366.89	1.590e-06	4.634e-03	0.000e+00	12	288
310		12386.11	1.590e-06	4.634e-03	0.000e+00	12	288
311		12405.54	1.590e-06	4.634e-03	0.000e+00	12	288
312		12424.86	1.590e-06	4.634e-03	0.000e+00	12	288
313		12444.38	1.590e-06	4.634e-03	0.000e+00	12	288
314		12463.81	1.590e-06	3.423e-03	0.000e+00	12	288
315		12482.73	1.590e-06	2.624e-03	0.000e+00	12	288
316		12503.04	1.590e-06	2.624e-03	0.000e+00	12	288
317		12523.37	1.590e-06	2.624e-03	0.000e+00	12	288
318		12542.40	1.590e-06	2.624e-03	0.000e+00	12	288
319		12561.63	1.590e-06	4.671e-03	0.000e+00	12	288
320		12580.76	1.590e-06	4.671e-03	0.000e+00	12	288
321		12600.28	1.590e-06	4.671e-03	0.000e+00	12	288
322		12620.10	1.590e-06	4.671e-03	0.000e+00	12	288
323		12639.62	1.590e-06	4.671e-03	0.000e+00	12	288
324		12659.85	1.590e-06	4.671e-03	0.000e+00	12	288
325		12678.58	1.590e-06	4.671e-03	0.000e+00	12	288
326		12697.01	1.590e-06	4.671e-03	0.000e+00	12	288
327		12716.36	1.590e-06	4.671e-03	0.000e+00	12	288
328		12735.39	1.590e-06	4.671e-03	0.000e+00	12	288
329		12754.81	1.590e-06	4.671e-03	0.000e+00	12	288
330		12774.83	1.590e-06	4.671e-03	0.000e+00	12	288
331		12794.66	1.590e-06	4.671e-03	0.000e+00	12	288
332		12815.08	1.590e-06	4.671e-03	0.000e+00	12	288
333		12834.40	1.590e-06	4.671e-03	0.000e+00	12	288
334		12853.22	1.590e-06	4.671e-03	0.000e+00	12	288
335		12873.23	1.590e-06	4.671e-03	0.000e+00	12	288
336		12892.65	1.590e-06	4.671e-03	0.000e+00	12	288
337		12912.86	1.590e-06	4.619e-03	0.000e+00	12	288
338		12932.28	1.590e-06	4.619e-03	0.000e+00	12	288
339		12950.80	1.590e-06	4.653e-03	0.000e+00	12	288
340		12969.52	1.590e-06	4.653e-03	0.000e+00	12	288
341		12989.95	1.590e-06	4.653e-03	0.000e+00	12	288
342		13009.77	1.590e-06	4.653e-03	0.000e+00	12	288
343		13029.00	1.590e-06	4.653e-03	0.000e+00	12	288
344		13049.83	1.590e-06	4.653e-03	0.000e+00	12	288
345		13069.55	1.590e-06	4.653e-03	0.000e+00	12	288
346		13088.26	1.590e-06	4.567e-03	0.000e+00	12	288
347		13108.90	1.590e-06	4.567e-03	0.000e+00	12	288
348		13128.61	1.590e-06	2.220e-03	0.000e+00	12	288
349		13148.62	1.590e-06	2.220e-03	0.000e+00	12	288
350		13167.54	1.590e-06	3.123e-03	0.000e+00	12	288
351		13186.56	1.590e-06	3.123e-03	0.000e+00	12	288
352		13206.80	1.590e-06	3.123e-03	0.000e+00	12	288
353		13227.52	1.590e-06	3.123e-03	0.000e+00	12	288
354		13247.85	1.590e-06	3.123e-03	0.000e+00	12	288
355		13268.48	1.590e-06	3.123e-03	0.000e+00	12	288
356		13288.30	1.590e-06	3.123e-03	0.000e+00	12	288
357		13308.02	1.590e-06	4.645e-03	0.000e+00	12	288
358		13326.44	1.590e-06	4.645e-03	0.000e+00	12	288
359		13345.16	1.590e-06	4.645e-03	0.000e+00	12	288
360		13364.37	1.590e-06	4.645e-03	0.000e+00	12	288
361		13383.99	1.590e-06	4.645e-03	0.000e+00	12	288
362		13403.62	1.590e-06	4.645e-03	0.000e+00	12	288
363		13423.64	1.590e-06	4.645e-03	0.000e+00	12	288
364		13443.66	1.590e-06	4.645e-03	0.000e+00	12	288
365		13464.39	1.590e-06	4.668e-03	0.000e+00	12	288
366		13484.62	1.590e-06	4.668e-03	0.000e+00	12	288
367		13504.25	1.590e-06	4.671e-03	0.000e+00	12	288
368		13523.87	1.590e-06	4.671e-03	0.000e+00	12	288
369		13543.08	1.590e-06	4.668e-03	0.000e+00	12	288
370		13562.30	1.590e-06	4.668e-03	0.000e+00	12	288
371		13582.62	1.590e-06	4.668e-03	0.000e+00	12	288
372		13602.05	1.590e-06	4.668e-03	0.000e+00	12	288
373		13621.97	1.590e-06	4.668e-03	0.000e+00	12	288
374		13641.39	1.590e-06	4.668e-03	0.000e+00	12	288
375		13661.83	1.590e-06	4.668e-03	0.000e+00	12	288
376		13681.44	1.590e-06	4.668e-03	0.000e+00	12	288
377		13701.26	1.590e-06	4.668e-03	0.000e+00	12	288
378		13721.37	1.590e-06	4.668e-03	0.000e+00	12	288
379		13741.49	1.590e-06	4.672e-03	0.000e+00	12	288
380		13760.81	1.590e-06	4.672e-03	0.000e+00	12	288
381		13781.74	1.590e-06	4.672e-03	0.000e+00	12	288
382		13801.07	1.590e-06	4.672e-03	0.000e+00	12	288
383		13820.39	1.590e-06	4.672e-03	0.000e+00	12	288
384		13840.52	1.590e-06	4.672e-03	0.000e+00	12	288
385		13859.93	1.590e-06	4.672e-03	0.000e+00	12	288
386		13878.84	1.590e-06	4.672e-03	0.000e+00	12	288
387		13898.66	1.590e-06	4.672e-03	0.000e+00	12	288
388		13919.08	1.590e-06	4.672e-03	0.000e+00	12	288
389		13939.21	1.590e-06	4.672e-03	0.000e+00	12	288
390		13960.23	1.590e-06	4.672e-03	0.000e+00	12	288
391		13980.24	1.590e-06	4.672e-03	0.000e+00	12	288
392		14000.36	1.590e-06	4.672e-03	0.000e+00	12	288
393		14020.49	1.590e-06	4.672e-03	0.000e+00	12	288
394		14040.41	1.590e-06	4.672e-03	0.000e+00	12	288
395		14060.43	1.590e-06	4.672e-03	0.000e+00	12	288
396		14080.06	1.590e-06	4.672e-03	0.000e+00	12	288
397		14099.78	1.590e-06	4.672e-03	0.000e+00	12	288
398		14120.11	1.590e-06	4.672e-03	0.000e+00	12	288
399		14139.92	1.590e-06	4.672e-03	0.000e+00	12	288
400		14159.54	1.590e-06	4.672e-03	0.000e+00	12	288
401		14179.87	1.590e-06	4.672e-03	0.000e+00	12	288
402		14200.39	1.590e-06	4.672e-03	0.000e+00	12	288
403		14220.63	1.590e-06	4.672e-03	0.000e+00	12	288
404		14241.45	1.590e-06	4.672e-03	0.000e+00	12	288
405		14261.27	1.590e-06	4.672e-03	0.000e+00	12	288
406		14281.08	1.590e-06	4.672e-03	0.000e+00	12	288
407		14300.59	1.590e-06	4.672e-03	0.000e+00	12	288
408		14320.91	1.590e-06	4.672e-03	0.000e+00	12	288
409		14341.13	1.590e-06	4.672e-03	0.000e+00	12	288
410		14360.85	1.590e-06	4.672e-03	0.000e+00	12	288
411		14381.48	1.590e-06	4.672e-03	0.000e+00	12	288
412		14400.50	1.590e-06	4.672e-03	0.000e+00	12	288
413		14419.93	1.590e-06	4.672e-03	0.000e+00	12	288
414		14440.55	1.590e-06	4.672e-03	0.000e+00	12	288
415		14460.87	1.590e-06	4.672e-03	0.000e+00	12	288
416		14480.49	1.590e-06	4.672e-03	0.000e+00	12	288
417		14500.41	1.590e-06	4.672e-03	0.000e+00	12	288
418		14519.43	1.590e-06	4.672e-03	0.000e+00	12	288
419		14539.46	1.590e-06	4.672e-03	0.000e+00	12	288
420		14558.69	1.590e-06	4.672e-03	0.000e+00	12	288
421		14578.61	1.590e-06	4.672e-03	0.000e+00	12	288
422		14597.42	1.590e-06	4.672e-03	0.000e+00	12	288
423		14617.55	1.590e-06	4.327e-03	0.000e+00	12	288
424		14637.37	1.590e-06	4.327e-03	0.000e+00	12	288
425		14656.19	1.590e-06	4.327e-03	0.000e+00	12	288
426		14676.02	1.590e-06	4.327e-03	0.000e+00	12	288
427		14694.14	1.590e-06	4.327e-03	0.000e+00	12	288
428		14713.66	1.590e-06	4.327e-03	0.000e+00	12	288
429		14733.29	1.590e-06	4.327e-03	0.000e+00	12	288
430		14752.10	1.590e-06	4.327e-03	0.000e+00	12	288
431		14772.32	1.590e-06	4.327e-03	0.000e+00	12	288
432		14791.63	1.590e-06	1.208e-03	0.000e+00	12	288
433		14811.05	1.590e-06	1.208e-03	0.000e+00	12	288
434		14831.27	1.590e-06	1.994e-03	0.000e+00	12	288
435		14850.31	1.590e-06	1.994e-03	0.000e+00	12	288
436		14869.72	1.590e-06	1.994e-03	0.000e+00	12	288
437		14888.99	1.590e-06	1.994e-03	0.000e+00	12	288
438		14908.72	1.590e-06	1.994e-03	0.000e+00	12	288
439		14928.16	1.590e-06	1.994e-03	0.000e+00	12	288
440		14947.59	1.590e-06	1.994e-03	0.000e+00	12	288
441		14966.50	1.590e-06	1.994e-03	0.000e+00	12	288
442		14986.22	1.590e-06	1.435e-03	0.000e+00	12	288
443		15005.65	1.590e-06	1.435e-03	0.000e+00	12	288
444		15026.07	1.590e-06	1.435e-03	0.000e+00	12	288
445		15045.03	1.590e-06	1.435e-03	0.000e+00	12	288
446		15064.34	1.590e-06	1.636e-03	0.000e+00	12	288
447		15083.87	1.590e-06	1.636e-03	0.000e+00	12	288
448		15103.68	1.590e-06	1.636e-03	0.000e+00	12	288
449		15123.40	1.590e-06	1.636e-03	0.000e+00	12	288
450		15142.12	1.590e-06	1.636e-03	0.000e+00	12	288
451		15161.55	1.590e-06	1.636e-03	0.000e+00	12	288
452		15182.12	1.590e-06	1.636e-03	0.000e+00	12	288
453		15201.94	1.590e-06	1.636e-03	0.000e+00	12	288
454		15222.27	1.590e-06	3.467e-03	0.000e+00	12	288
455		15241.47	1.590e-06	3.467e-03	0.000e+00	12	288
456		15263.40	1.590e-06	3.467e-03	0.000e+00	12	288
457		15283.32	1.590e-06	1.636e-03	0.000e+00	12	288
458		15302.04	1.590e-06	2.450e-03	0.000e+00	12	288
459		15321.76	1.590e-06	2.450e-03	0.000e+00	12	288
460		15341.57	1.590e-06	2.450e-03	0.000e+00	12	288
461		15360.68	1.590e-06	3.261e-03	0.000e+00	12	288
462		15380.60	1.590e-06	4.553e-03	0.000e+00	12	288
463		15400.23	1.590e-06	4.553e-03	0.000e+00	12	288
464		15419.04	1.590e-06	4.553e-03	0.000e+00	12	288
465		15437.68	1.590e-06	4.553e-03	0.000e+00	12	288
466		15457.71	1.590e-06	4.553e-03	0.000e+00	12	288
467		15478.35	1.590e-06	4.553e-03	0.000e+00	12	288
468		15496.67	1.590e-06	4.553e-03	0.000e+00	12	288
469		15515.89	1.590e-06	4.553e-03	0.000e+00	12	288
470		15535.60	1.590e-06	4.553e-03	0.000e+00	12	288
471		15555.02	1.590e-06	4.553e-03	0.000e+00	12	288
472		15575.23	1.590e-06	4.553e-03	0.000e+00	12	288
473		15596.45	1.590e-06	4.553e-03	0.000e+00	12	288
474		15615.80	1.590e-06	4.553e-03	0.000e+00	12	288
475		15634.41	1.590e-06	4.553e-03	0.000e+00	12	288
476		15654.33	1.590e-06	4.553e-03	0.000e+00	12	288
477		15673.85	1.590e-06	4.553e-03	0.000e+00	12	288
478		15693.56	1.590e-06	4.553e-03	0.000e+00	12	288
479		15712.89	1.590e-06	3.261e-03	0.000e+00	12	288
480		15732.01	1.590e-06	3.261e-03	0.000e+00	12	288
481		15752.34	1.590e-06	3.261e-03	0.000e+00	12	288
482		15771.65	1.590e-06	3.261e-03	0.000e+00	12	288
483		15791.28	1.590e-06	3.261e-03	0.000e+00	12	288
484		15810.00	1.590e-06	3.261e-03	0.000e+00	12	288
485		15829.92	1.590e-06	3.261e-03	0.000e+00	12	288
486		15850.75	1.590e-06	2.914e-03	0.000e+00	12	288
487		15869.76	1.590e-06	2.914e-03	0.000e+00	12	288
488		15889.71	1.590e-06	2.914e-03	0.000e+00	12	288
489		15910.64	1.590e-06	2.914e-03	0.000e+00	12	288
490		15930.36	1.590e-06	2.914e-03	0.000e+00	12	288
491		15949.18	1.590e-06	2.914e-03	0.000e+00	12	288
492		15968.64	1.590e-06	2.914e-03	0.000e+00	12	288
493		15988.45	1.590e-06	2.914e-03	0.000e+00	12	288
494		16007.97	1.590e-06	2.914e-03	0.000e+00	12	288
495		16027.03	1.590e-06	3.083e-03	0.000e+00	12	288
496		16046.15	1.590e-06	3.083e-03	0.000e+00	12	288
497		16064.97	1.590e-06	3.083e-03	0.000e+00	12	288
498		16084.08	1.590e-06	3.083e-03	0.000e+00	12	288
499		16104.20	1.590e-06	3.083e-03	0.000e+00	12	288
500		16123.53	1.590e-06	3.083e-03	0.000e+00	12	288
501		16143.35	1.590e-06	4.405e-03	0.000e+00	12	288
502		16164.07	1.590e-06	4.405e-03	0.000e+00	12	288
503		16183.38	1.590e-06	4.405e-03	0.000e+00	12	288
504		16202.80	1.590e-06	4.627e-03	0.000e+00	12	288
505		16223.21	1.590e-06	4.627e-03	0.000e+00	12	288
506		16242.52	1.590e-06	4.405e-03	0.000e+00	12	288
507		16260.85	1.590e-06	4.405e-03	0.000e+00	12	288
508		16280.16	1.590e-06	4.405e-03	0.000e+00	12	288
509		16299.41	1.590e-06	4.405e-03	0.000e+00	12	288
510		16319.72	1.590e-06	4.405e-03	0.000e+00	12	288
511		16339.84	1.590e-06	4.405e-03	0.000e+00	12	288
512		16360.17	1.590e-06	4.405e-03	3.466e-11	12	288
513		16380.69	1.590e-06	4.405e-03	3.466e-11	12	288
514		16400.41	1.590e-06	4.405e-03	3.466e-11	12	288
515		16420.84	1.590e-06	1.508e-03	3.466e-11	12	288
516		16440.76	1.590e-06	1.429e-03	3.466e-11	12	288
517		16460.79	1.590e-06	1.429e-03	3.466e-11	12	288
518		16481.20	1.590e-06	1.467e-03	3.466e-11	12	288
519		16501.73	1.590e-06	1.467e-03	3.466e-11	12	288
520		16521.45	1.590e-06	1.467e-03	3.466e-11	12	288
521		16542.19	1.590e-06	1.467e-03	3.466e-11	12	288
522		16562.61	1.590e-06	1.467e-03	3.466e-11	12	288
523		16581.53	1.590e-06	1.467e-03	3.466e-11	12	288
524		16601.95	1.590e-06	1.502e-03	3.466e-11	12	288
525		16621.69	1.590e-06	1.502e-03	3.466e-11	12	288
526		16641.71	1.590e-06	2.475e-03	3.466e-11	12	288
527		16661.24	1.590e-06	2.475e-03	0.000e+00	12	288
528		16680.45	1.590e-06	2.879e-03	0.000e+00	12	288
529		16701.07	1.590e-06	2.879e-03	0.000e+00	12	288
530		16720.69	1.590e-06	2.879e-03	0.000e+00	12	288
531		16740.72	1.590e-06	2.879e-03	0.000e+00	12	288
532		16760.94	1.590e-06	1.754e-03	0.000e+00	12	288
533		16780.75	1.590e-06	1.754e-03	0.000e+00	12	288
534		16799.95	1.590e-06	1.754e-03	0.000e+00	12	288
535		16820.73	1.590e-06	1.754e-03	0.000e+00	12	288
536		16840.24	1.590e-06	1.754e-03	0.000e+00	12	288
537		16859.57	1.590e-06	1.754e-03	0.000e+00	12	288
538		16879.90	1.590e-06	3.544e-03	0.000e+00	12	288
539		16899.31	1.590e-06	1.754e-03	0.000e+00	12	288
540		16920.83	1.590e-06	1.583e-03	0.000e+00	12	288
541		16940.25	1.590e-06	1.583e-03	0.000e+00	12	288
542		16959.97	1.590e-06	1.583e-03	0.000e+00	12	288
543		16980.71	1.590e-06	1.583e-03	0.000e+00	12	288
544		17000.24	1.590e-06	1.583e-03	0.000e+00	12	288
545		17020.26	1.590e-06	3.831e-03	0.000e+00	12	288
546		17040.38	1.590e-06	3.831e-03	0.000e+00	12	288
547		17060.40	1.590e-06	3.831e-03	0.000e+00	12	288
548		17080.02	1.590e-06	3.831e-03	0.000e+00	12	288
549		17101.14	1.590e-06	3.831e-03	0.000e+00	12	288
550		17122.17	1.590e-06	3.831e-03	0.000e+00	12	288
551		17142.50	1.590e-06	3.831e-03	0.000e+00	12	288
552		17163.25	1.590e-06	3.831e-03	0.000e+00	12	288
553		17183.28	1.590e-06	4.523e-03	0.000e+00	12	288
554		17203.10	1.590e-06	4.523e-03	0.000e+00	12	288
555		17223.32	1.590e-06	4.523e-03	0.000e+00	12	288
556		17243.54	1.590e-06	4.523e-03	0.000e+00	12	288
557		17264.37	1.590e-06	4.523e-03	0.000e+00	12	288
558		17284.39	1.590e-06	4.523e-03	0.000e+00	12	288
559		17303.95	1.590e-06	3.082e-03	0.000e+00	12	288
560		17325.20	1.590e-06	3.082e-03	0.000e+00	12	288
561		17345.03	1.590e-06	3.082e-03	0.000e+00	12	288
562		17365.06	1.590e-06	3.082e-03	0.000e+00	12	288
563		17384.57	1.590e-06	3.082e-03	0.000e+00	12	288
564		17404.39	1.590e-06	3.082e-03	0.000e+00	12	288
565		17424.42	1.590e-06	3.082e-03	0.000e+00	12	288
566		17444.93	1.590e-06	3.140e-03	0.000e+00	12	288
567		17465.96	1.590e-06	3.140e-03	0.000e+00	12	288
568		17487.59	1.590e-06	3.140e-03	0.000e+00	12	288
569		17508.00	1.590e-06	3.140e-03	0.000e+00	12	288
570		17528.52	1.590e-06	3.140e-03	0.000e+00	12	288
571		17549.14	1.590e-06	3.082e-03	0.000e+00	12	288
572		17569.56	1.590e-06	3.082e-03	0.000e+00	12	288
573		17588.90	1.590e-06	3.082e-03	0.000e+00	12	288
574		17609.51	1.590e-06	3.082e-03	0.000e+00	12	288
575		17629.74	1.590e-06	3.082e-03	0.000e+00	12	288
576		17649.76	1.590e-06	3.082e-03	0.000e+00	12	288
577		17670.09	1.590e-06	3.082e-03	0.000e+00	12	288
578		17690.11	1.590e-06	3.082e-03	0.000e+00	12	288
579		17710.73	1.590e-06	3.082e-03	0.000e+00	12	288
580		17731.47	1.590e-06	1.352e-03	0.000e+00	12	288
581		17751.90	1.590e-06	1.352e-03	0.000e+00	12	288
582		17771.82	1.590e-06	1.352e-03	0.000e+00	12	288
583		17791.34	1.590e-06	1.352e-03	0.000e+00	12	288
584		17811.16	1.590e-06	1.352e-03	0.000e+00	12	288
585		17832.48	1.590e-06	1.352e-03	0.000e+00	12	288
586		17853.50	1.590e-06	1.235e-03	0.000e+00	12	288
587		17875.24	1.590e-06	1.218e-03	0.000e+00	12	288
588		17896.36	1.590e-06	1.218e-03	0.000e+00	12	288
589		17917.19	1.590e-06	1.322e-03	0.000e+00	12	288
590		17937.30	1.590e-06	4.669e-03	0.000e+00	12	288
591		17957.42	1.590e-06	4.669e-03	0.000e+00	12	288
592		17978.24	1.590e-06	4.669e-03	0.000e+00	12	288
593		17998.56	1.590e-06	4.669e-03	0.000e+00	12	288
594		18018.98	1.590e-06	4.669e-03	0.000e+00	12	288
595		18039.31	1.590e-06	4.669e-03	0.000e+00	12	288
596		18058.73	1.590e-06	4.669e-03	0.000e+00	12	288
597		18078.97	1.590e-06	4.669e-03	0.000e+00	12	288
598		18098.70	1.590e-06	4.669e-03	0.000e+00	12	288
599		18118.42	1.590e-06	4.669e-03	0.000e+00	12	288
600		18139.04	1.590e-06	4.669e-03	0.000e+00	12	288
601		18159.07	1.590e-06	4.669e-03	0.000e+00	12	288
602		18179.40	1.590e-06	4.669e-03	0.000e+00	12	288
603		18200.33	1.590e-06	4.669e-03	0.000e+00	12	288
604		18220.69	1.590e-06	4.669e-03	0.000e+00	12	288
605		18240.72	1.590e-06	4.669e-03	0.000e+00	12	288
606		18260.84	1.590e-06	4.669e-03	0.000e+00	12	288
607		18281.56	1.590e-06	4.669e-03	0.000e+00	12	288
608		18302.58	1.590e-06	3.341e-03	0.000e+00	12	288
609		18322.90	1.590e-06	3.341e-03	0.000e+00	12	288
610		18344.72	1.590e-06	3.341e-03	0.000e+00	12	288
611		18365.44	1.590e-06	3.341e-03	0.000e+00	12	288
612		18386.27	1.590e-06	1.840e-03	0.000e+00	12	288
613		18405.78	1.590e-06	1.840e-03	0.000e+00	12	288
614		18425.69	1.590e-06	1.840e-03	0.000e+00	12	288
615		18445.72	1.590e-06	1.840e-03	0.000e+00	12	288
616		18465.84	1.590e-06	1.840e-03	0.000e+00	12	288
617		18486.07	1.590e-06	1.840e-03	0.000e+00	12	288
618		18506.28	1.590e-06	1.840e-03	0.000e+00	12	288
619		18526.09	1.590e-06	1.840e-03	0.000e+00	12	288
620		18545.52	1.590e-06	1.840e-03	0.000e+00	12	288
621		18565.94	1.590e-06	1.886e-03	0.000e+00	12	288
622		18586.36	1.590e-06	3.078e-03	0.000e+00	12	288
623		18606.28	1.590e-06	3.078e-03	0.000e+00	12	288
624		18626.42	1.590e-06	3.078e-03	0.000e+00	12	288
625		18647.15	1.590e-06	3.078e-03	0.000e+00	12	288
626		18667.17	1.590e-06	2.752e-03	0.000e+00	12	288
627		18687.99	1.590e-06	4.631e-03	0.000e+00	12	288
628		18708.41	1.590e-06	2.752e-03	0.000e+00	12	288
629		18728.33	1.590e-06	2.752e-03	0.000e+00	12	288
630		18749.34	1.590e-06	2.752e-03	0.000e+00	12	288
631		18770.17	1.590e-06	2.752e-03	0.000e+00	12	288
632		18790.50	1.590e-06	2.752e-03	0.000e+00	12	288
633		18810.61	1.590e-06	2.752e-03	0.000e+00	12	288
634		18830.54	1.590e-06	2.752e-03	0.000e+00	12	288
635		18850.96	1.590e-06	2.752e-03	0.000e+00	12	288
636		18870.39	1.590e-06	2.752e-03	0.000e+00	12	288
637		18890.81	1.590e-06	2.752e-03	0.000e+00	12	288
638		18911.05	1.590e-06	2.752e-03	0.000e+00	12	288
639		18931.37	1.590e-06	4.670e-03	0.000e+00	12	288
640		18951.88	1.590e-06	4.670e-03	0.000e+00	12	288
641		18972.81	1.590e-06	4.670e-03	0.000e+00	12	288
642		18993.93	1.590e-06	4.670e-03	0.000e+00	12	288
643		19014.15	1.590e-06	4.670e-03	0.000e+00	12	288
644		19032.67	1.590e-06	4.670e-03	0.000e+00	12	288
645		19052.79	1.590e-06	4.670e-03	0.000e+00	12	288
646		19072.80	1.590e-06	4.670e-03	0.000e+00	12	288
647		19093.83	1.590e-06	4.670e-03	0.000e+00	12	288
648		19113.34	1.590e-06	2.752e-03	0.000e+00	12	288
649		19133.37	1.590e-06	2.752e-03	0.000e+00	12	288
650		19152.10	1.590e-06	2.752e-03	0.000e+00	12	288
651		19172.11	1.590e-06	2.752e-03	0.000e+00	12	288
652		19192.64	1.590e-06	2.752e-03	0.000e+00	12	288
653		19212.77	1.590e-06	2.752e-03	0.000e+00	12	288
654		19233.40	1.590e-06	2.752e-03	0.000e+00	12	288
655		19253.72	1.590e-06	2.752e-03	0.000e+00	12	288
656		19273.85	1.590e-06	2.752e-03	0.000e+00	12	288
657		19292.89	1.590e-06	2.752e-03	0.000e+00	12	288
658		19314.92	1.590e-06	2.752e-03	0.000e+00	12	288
659		19334.84	1.590e-06	2.752e-03	0.000e+00	12	288
660		19355.45	1.590e-06	2.752e-03	0.000e+00	12	288
661		19376.49	1.590e-06	2.752e-03	0.000e+00	12	288
662		19398.11	1.590e-06	2.752e-03	0.000e+00	12	288
663		19418.83	1.590e-06	2.752e-03	0.000e+00	12	288
664		19439.35	1.590e-06	2.752e-03	0.000e+00	12	288
665		19460.27	1.590e-06	2.752e-03	0.000e+00	12	288
666		19479.99	1.590e-06	2.752e-03	0.000e+00	12	288
667		19500.03	1.590e-06	2.752e-03	0.000e+00	12	288
668		19519.86	1.590e-06	2.752e-03	0.000e+00	12	288
669		19540.79	1.590e-06	2.752e-03	0.000e+00	12	288
670		19560.51	1.590e-06	2.752e-03	0.000e+00	12	288
671		19580.22	1.590e-06	2.752e-03	0.000e+00	12	288
672		19600.14	1.590e-06	2.752e-03	0.000e+00	12	288
673		19620.66	1.590e-06	2.752e-03	0.000e+00	12	288
674		19640.69	1.590e-06	3.711e-03	0.000e+00	12	288
675		19661.32	1.590e-06	3.711e-03	0.000e+00	12	288
676		19682.74	1.590e-06	4.671e-03	0.000e+00	12	288
677		19701.95	1.590e-06	3.711e-03	0.000e+00	12	288
678		19722.97	1.590e-06	4.018e-03	0.000e+00	12	288
679		19743.48	1.590e-06	4.018e-03	0.000e+00	12	288
680		19763.80	1.590e-06	4.018e-03	0.000e+00	12	288
681		19783.82	1.590e-06	4.018e-03	0.000e+00	12	288
682		19803.86	1.590e-06	4.018e-03	0.000e+00	12	288
683		19823.78	1.590e-06	3.711e-03	0.000e+00	12	288
684		19845.20	1.590e-06	3.711e-03	0.000e+00	12	288
685		19866.31	1.590e-06	1.444e-03	0.000e+00	12	288
686		19887.05	1.590e-06	1.444e-03	0.000e+00	12	288
687		19907.47	1.590e-06	1.663e-03	0.000e+00	12	288
688		19926.89	1.590e-06	1.663e-03	0.000e+00	12	288
689		19946.82	1.590e-06	1.663e-03	0.000e+00	12	288
690		19966.05	1.590e-06	3.892e-03	0.000e+00	12	288
691		19985.07	1.590e-06	3.892e-03	0.000e+00	12	288
692		20004.29	1.590e-06	3.892e-03	0.000e+00	12	288
693		20023.80	1.590e-06	3.892e-03	0.000e+00	12	288
694		20044.23	1.590e-06	3.892e-03	0.000e+00	12	288
695		20064.36	1.590e-06	3.892e-03	0.000e+00	12	288
696		20083.88	1.590e-06	3.892e-03	0.000e+00	12	288
697		20103.90	1.590e-06	3.892e-03	0.000e+00	12	288
698		20124.73	1.590e-06	3.892e-03	0.000e+00	12	288
699		20144.45	1.590e-06	3.892e-03	0.000e+00	12	288
700		20164.67	1.590e-06	3.892e-03	0.000e+00	12	288
701		20183.70	1.590e-06	3.892e-03	0.000e+00	12	288
702		20203.42	1.590e-06	3.892e-03	0.000e+00	12	288
703		20223.44	1.590e-06	3.892e-03	0.000e+00	12	288
704		20243.46	1.590e-06	3.892e-03	0.000e+00	12	288
705		20262.49	1.590e-06	3.294e-03	0.000e+00	12	288
706		20282.21	1.590e-06	3.294e-03	0.000e+00	12	288
707		20301.04	1.590e-06	3.294e-03	0.000e+00	12	288
708		20321.60	1.590e-06	3.294e-03	0.000e+00	12	288
709		20341.81	1.590e-06	3.294e-03	0.000e+00	12	288
710		20360.23	1.590e-06	3.294e-03	0.000e+00	12	288
711		20380.45	1.590e-06	3.294e-03	0.000e+00	12	288
712		20399.37	1.590e-06	3.294e-03	0.000e+00	12	288
713		20418.10	1.590e-06	3.294e-03	0.000e+00	12	288
714		20437.13	1.590e-06	3.294e-03	0.000e+00	12	288
715		20455.44	1.590e-06	3.294e-03	0.000e+00	12	288
716		20475.36	1.590e-06	3.294e-03	0.000e+00	12	288
717		20493.27	1.590e-06	3.294e-03	0.000e+00	12	288
718		20511.99	1.590e-06	3.294e-03	0.000e+00	12	288
719		20530.92	1.590e-06	3.294e-03	0.000e+00	12	288
720		20549.94	1.590e-06	3.294e-03	0.000e+00	12	288
721		20568.66	1.590e-06	3.294e-03	0.000e+00	12	288
722		20587.58	1.590e-06	3.294e-03	0.000e+00	12	288
723		20607.61	1.590e-06	3.294e-03	0.000e+00	12	288
724		20626.44	1.590e-06	3.294e-03	0.000e+00	12	288
725		20645.35	1.590e-06	3.294e-03	0.000e+00	12	288
726		20665.68	1.590e-06	3.294e-03	0.000e+00	12	288
727		20683.59	1.590e-06	3.294e-03	0.000e+00	12	288
728		20701.00	1.590e-06	3.294e-03	0.000e+00	12	288
729		20720.12	1.590e-06	3.294e-03	0.000e+00	12	288
730		20739.84	1.590e-06	3.294e-03	0.000e+00	12	288
731		20759.46	1.590e-06	3.294e-03	0.000e+00	12	288
732		20777.88	1.590e-06	3.294e-03	0.000e+00	12	288
733		20796.91	1.590e-06	3.294e-03	0.000e+00	12	288
734		20815.67	1.590e-06	3.294e-03	0.000e+00	12	288
735		20834.99	1.590e-06	4.670e-03	0.000e+00	12	288
736		20854.01	1.590e-06	4.670e-03	0.000e+00	12	288
737		20873.04	1.590e-06	4.670e-03	0.000e+00	12	288
738		20893.27	1.590e-06	4.670e-03	0.000e+00	12	288
739		20912.89	1.590e-06	3.294e-03	0.000e+00	12	288
740		20931.81	1.590e-06	3.294e-03	0.000e+00	12	288
741		20951.96	1.590e-06	3.294e-03	0.000e+00	12	288
742		20971.89	1.590e-06	3.294e-03	0.000e+00	12	288
743		20990.60	1.590e-06	3.294e-03	0.000e+00	12	288
744		21009.83	1.590e-06	3.294e-03	0.000e+00	12	288
745		21028.64	1.590e-06	3.294e-03	0.000e+00	12	288
746		21048.97	1.590e-06	3.294e-03	0.000e+00	12	288
747		21069.10	1.590e-06	3.294e-03	0.000e+00	12	288
748		21088.21	1.590e-06	3.294e-03	0.000e+00	12	288
749		21106.62	1.590e-06	3.294e-03	0.000e+00	12	288
750		21126.15	1.590e-06	3.294e-03	0.000e+00	12	288
751		21146.01	1.590e-06	3.294e-03	0.000e+00	12	288
752		21164.51	1.590e-06	3.294e-03	0.000e+00	12	288
753		21182.59	1.590e-06	3.294e-03	0.000e+00	12	288
754		21201.61	1.590e-06	3.294e-03	0.000e+00	12	288
755		21221.53	1.590e-06	3.294e-03	0.000e+00	12	288
756		21240.06	1.590e-06	3.294e-03	0.000e+00	12	288
757		21258.37	1.590e-06	2.081e-03	0.000e+00	12	288
758		21277.79	1.590e-06	2.081e-03	0.000e+00	12	288
759		21296.71	1.590e-06	2.081e-03	0.000e+00	12	288
760		21315.12	1.590e-06	2.081e-03	0.000e+00	12	288
761		21333.57	1.590e-06	2.081e-03	0.000e+00	12	288
762		21351.88	1.590e-06	3.479e-03	0.000e+00	12	288
763		21371.11	1.590e-06	3.479e-03	0.000e+00	12	288
764		21388.92	1.590e-06	2.081e-03	0.000e+00	12	288
765		21407.95	1.590e-06	1.943e-03	0.000e+00	12	288
766		21427.07	1.590e-06	9.716e-04	0.000e+00	12	288
767		21445.90	1.590e-06	1.146e-03	0.000e+00	12	288
768		21464.61	1.590e-06	9.720e-04	0.000e+00	12	288
769		21485.26	1.590e-06	9.720e-04	0.000e+00	12	288
770		21504.38	1.590e-06	1.454e-03	0.000e+00	12	288
771		21524.81	1.590e-06	1.454e-03	0.000e+00	12	288
772		21544.74	1.590e-06	1.454e-03	0.000e+00	12	288
773		21564.06	1.590e-06	1.454e-03	0.000e+00	12	288
774		21584.59	1.590e-06	1.454e-03	0.000e+00	12	288
775		21602.51	1.590e-06	3.035e-03	0.000e+00	12	288
776		21621.72	1.590e-06	3.035e-03	0.000e+00	12	288
777		21640.03	1.590e-06	1.602e-03	0.000e+00	12	288
778		21659.04	1.590e-06	1.602e-03	0.000e+00	12	288
779		21678.47	1.590e-06	2.707e-03	0.000e+00	12	288
780		21696.99	1.590e-06	2.707e-03	0.000e+00	12	288
781		21716.36	1.590e-06	2.707e-03	0.000e+00	12	288
782		21735.88	1.590e-06	2.707e-03	0.000e+00	12	288
783		21755.21	1.590e-06	2.707e-03	0.000e+00	12	288
784		21773.75	1.590e-06	4.007e-03	0.000e+00	12	288
785		21792.81	1.590e-06	4.007e-03	0.000e+00	12	288
786		21812.13	1.590e-06	4.007e-03	0.000e+00	12	288
787		21830.15	1.590e-06	2.707e-03	0.000e+00	12	288
788		21849.57	1.590e-06	2.707e-03	0.000e+00	12	288
789		21870.08	1.590e-06	2.707e-03	0.000e+00	12	288
790		21888.90	1.590e-06	2.707e-03	0.000e+00	12	288
791		21908.12	1.590e-06	2.707e-03	0.000e+00	12	288
792		21926.73	1.590e-06	2.707e-03	0.000e+00	12	288
793		21945.74	1.590e-06	2.707e-03	0.000e+00	12	288
794		21964.36	1.590e-06	2.707e-03	0.000e+00	12	288
795		21984.38	1.590e-06	2.707e-03	0.000e+00	12	288
796		22003.20	1.590e-06	2.707e-03	0.000e+00	12	288
797		22022.53	1.590e-06	2.707e-03	0.000e+00	12	288
798		22043.77	1.590e-06	2.707e-03	0.000e+00	12	288
799		22064.30	1.590e-06	2.707e-03	0.000e+00	12	288
800		22084.72	1.590e-06	2.707e-03	0.000e+00	12	288
801		22104.24	1.590e-06	1.352e-03	0.000e+00	12	288
802		22124.06	1.590e-06	1.352e-03	0.000e+00	12	288
803		22143.28	1.590e-06	1.352e-03	0.000e+00	12	288
804		22163.50	1.590e-06	1.577e-03	0.000e+00	12	288
805		22183.23	1.590e-06	9.025e-04	0.000e+00	12	288
806		22203.45	1.590e-06	9.974e-04	0.000e+00	12	288
807		22223.16	1.590e-06	1.394e-03	0.000e+00	12	288
808		22243.78	1.590e-06	4.668e-03	0.000e+00	12	288
809		22264.64	1.590e-06	4.668e-03	0.000e+00	12	288
810		22284.96	1.590e-06	4.668e-03	0.000e+00	12	288
811		22305.07	1.590e-06	4.518e-03	0.000e+00	12	288
812		22323.89	1.590e-06	4.518e-03	0.000e+00	12	288
813		22343.31	1.590e-06	4.518e-03	0.000e+00	12	288
814		22362.57	1.590e-06	4.518e-03	0.000e+00	12	288
815		22381.49	1.590e-06	1.394e-03	0.000e+00	12	288
816		22400.90	1.590e-06	1.394e-03	0.000e+00	12	288
817		22420.95	1.590e-06	1.394e-03	0.000e+00	12	288
818		22440.16	1.590e-06	1.852e-03	0.000e+00	12	288
819		22459.79	1.590e-06	1.852e-03	0.000e+00	12	288
820		22480.23	1.590e-06	1.852e-03	0.000e+00	12	288
821		22499.64	1.590e-06	1.852e-03	0.000e+00	12	288
822		22519.16	1.590e-06	1.852e-03	0.000e+00	12	288
823		22539.29	1.590e-06	1.852e-03	0.000e+00	12	288
824		22559.49	1.590e-06	1.852e-03	0.000e+00	12	288
825		22579.47	1.590e-06	2.804e-03	0.000e+00	12	288
826		22599.79	1.590e-06	4.201e-03	0.000e+00	12	288
827		22619.21	1.590e-06	4.201e-03	0.000e+00	12	288
828		22637.82	1.590e-06	4.201e-03	0.000e+00	12	288
829		22657.25	1.590e-06	4.201e-03	0.000e+00	12	288
830		22677.16	1.590e-06	4.201e-03	0.000e+00	12	288
831		22697.61	1.590e-06	2.804e-03	0.000e+00	12	288
832		22717.24	1.590e-06	1.539e-03	0.000e+00	12	288
833		22737.07	1.590e-06	1.539e-03	0.000e+00	12	288
834		22756.78	1.590e-06	1.539e-03	0.000e+00	12	288
835		22776.59	1.590e-06	1.553e-03	0.000e+00	12	288
836		22796.53	1.590e-06	1.553e-03	0.000e+00	12	288
837		22816.06	1.590e-06	1.722e-03	0.000e+00	12	288
838		22835.39	1.590e-06	4.446e-03	0.000e+00	12	288
839		22854.50	1.590e-06	4.446e-03	0.000e+00	12	288
840		22874.24	1.590e-06	4.446e-03	0.000e+00	12	288
841		22893.86	1.590e-06	4.446e-03	0.000e+00	12	288
842		22913.18	1.590e-06	4.446e-03	0.000e+00	12	288
843		22932.50	1.590e-06	4.446e-03	0.000e+00	12	288
844		22951.95	1.590e-06	4.446e-03	0.000e+00	12	288
845		22971.17	1.590e-06	4.446e-03	0.000e+00	12	288
846		22990.69	1.590e-06	4.656e-03	0.000e+00	12	288
847		23009.93	1.590e-06	4.656e-03	0.000e+00	12	288
848		23029.25	1.590e-06	4.656e-03	0.000e+00	12	288
849		23049.68	1.590e-06	4.656e-03	0.000e+00	12	288
850		23069.59	1.590e-06	4.656e-03	0.000e+00	12	288
851		23088.92	1.590e-06	3.525e-03	0.000e+00	12	288
852		23108.44	1.590e-06	3.525e-03	0.000e+00	12	288
853		23127.71	1.590e-06	3.525e-03	0.000e+00	12	288
854		23147.34	1.590e-06	2.079e-03	0.000e+00	12	288
855		23167.66	1.590e-06	2.079e-03	0.000e+00	12	288
856		23187.78	1.590e-06	2.079e-03	0.000e+00	12	288
857		23206.91	1.590e-06	2.079e-03	0.000e+00	12	288
858		23226.53	1.590e-06	2.079e-03	0.000e+00	12	288
859		23247.85	1.590e-06	2.079e-03	0.000e+00	12	288
860		23267.50	1.590e-06	2.079e-03	0.000e+00	12	288
861		23287.62	1.590e-06	2.079e-03	0.000e+00	12	288
862		23307.35	1.590e-06	2.079e-03	0.000e+00	12	288
863		23327.57	1.590e-06	2.079e-03	0.000e+00	12	288
864		23347.19	1.590e-06	2.079e-03	0.000e+00	12	288
865		23366.35	1.590e-06	2.079e-03	0.000e+00	12	288
866		23386.37	1.590e-06	2.035e-03	0.000e+00	12	288
867		23406.00	1.590e-06	2.035e-03	0.000e+00	12	288
868		23425.71	1.590e-06	2.035e-03	0.000e+00	12	288
869		23446.14	1.590e-06	3.295e-03	0.000e+00	12	288
870		23466.55	1.590e-06	3.295e-03	0.000e+00	12	288
871		23485.86	1.590e-06	3.295e-03	0.000e+00	12	288
872		23505.28	1.590e-06	3.295e-03	0.000e+00	12	288
873		23524.71	1.590e-06	3.295e-03	0.000e+00	12	288
874		23543.53	1.590e-06	3.295e-03	0.000e+00	12	288
875		23563.05	1.590e-06	3.295e-03	0.000e+00	12	288
876		23582.58	1.590e-06	3.295e-03	0.000e+00	12	288
877		23602.13	1.590e-06	3.295e-03	0.000e+00	12	288
878		23622.06	1.590e-06	3.295e-03	0.000e+00	12	288
879		23642.30	1.590e-06	2.700e-03	0.000e+00	12	288
880		23661.32	1.590e-06	2.700e-03	0.000e+00	12	288
881		23680.94	1.590e-06	2.700e-03	0.000e+00	12	288
882		23701.10	1.590e-06	2.700e-03	0.000e+00	12	288
883		23720.83	1.590e-06	2.700e-03	0.000e+00	12	288
884		23740.46	1.590e-06	2.700e-03	0.000e+00	12	288
885		23759.18	1.590e-06	2.700e-03	0.000e+00	12	288
886		23778.61	1.590e-06	2.700e-03	0.000e+00	12	288
887		23799.46	1.590e-06	2.700e-03	0.000e+00	12	288
888		23822.39	1.590e-06	4.611e-03	0.000e+00	12	288
889		23841.04	1.590e-06	3.736e-03	0.000e+00	12	288
890		23861.45	1.590e-06	3.736e-03	0.000e+00	12	288
891		23881.00	1.590e-06	3.736e-03	0.000e+00	12	288
892		23900.72	1.590e-06	3.736e-03	0.000e+00	12	288
893		23920.89	1.590e-06	3.736e-03	0.000e+00	12	288
894		23940.90	1.590e-06	3.736e-03	0.000e+00	12	288
895		23959.52	1.590e-06	3.736e-03	0.000e+00	12	288
896		23980.10	1.590e-06	3.736e-03	0.000e+00	12	288
897		23999.83	1.590e-06	3.736e-03	0.000e+00	12	288
898		24020.75	1.590e-06	3.736e-03	0.000e+00	12	288
899		24040.88	1.590e-06	3.736e-03	0.000e+00	12	288
900		24061.20	1.590e-06	4.668e-03	0.000e+00	12	288
901		24081.43	1.590e-06	4.668e-03	0.000e+00	12	288
902		24101.26	1.590e-06	3.736e-03	0.000e+00	12	288
903		24121.60	1.590e-06	3.736e-03	0.000e+00	12	288
904		24141.52	1.590e-06	3.736e-03	0.000e+00	12	288
905		24160.64	1.590e-06	4.672e-03	0.000e+00	12	288
906		24181.78	1.590e-06	4.672e-03	0.000e+00	12	288
907		24202.20	1.590e-06	4.672e-03	0.000e+00	12	288
908		24221.73	1.590e-06	4.672e-03	0.000e+00	12	288
909		24241.14	1.590e-06	4.672e-03	0.000e+00	12	288
910		24261.27	1.590e-06	4.672e-03	0.000e+00	12	288
911		24280.70	1.590e-06	4.672e-03	0.000e+00	12	288
912		24299.92	1.590e-06	3.256e-03	0.000e+00	12	288
913		24320.25	1.590e-06	3.256e-03	0.000e+00	12	288
914		24340.56	1.590e-06	3.256e-03	0.000e+00	12	288
915		24361.48	1.590e-06	3.256e-03	0.000e+00	12	288
916		24380.91	1.590e-06	3.256e-03	0.000e+00	12	288
917		24400.73	1.590e-06	3.256e-03	0.000e+00	12	288
918		24420.44	1.590e-06	3.256e-03	0.000e+00	12	288
919		24440.26	1.590e-06	2.618e-03	0.000e+00	12	288
920		24460.13	1.590e-06	2.618e-03	0.000e+00	12	288
921		24480.94	1.590e-06	2.618e-03	0.000e+00	12	288
922		24500.29	1.590e-06	2.618e-03	0.000e+00	12	288
923		24519.61	1.590e-06	2.618e-03	0.000e+00	12	288
924		24539.14	1.590e-06	2.618e-03	0.000e+00	12	288
925		24559.38	1.590e-06	2.618e-03	0.000e+00	12	288
926		24579.29	1.590e-06	1.997e-03	0.000e+00	12	288
927		24599.93	1.590e-06	1.997e-03	0.000e+00	12	288
928		24619.68	1.590e-06	1.997e-03	0.000e+00	12	288
929		24639.90	1.590e-06	1.997e-03	0.000e+00	12	288
930		24659.13	1.590e-06	1.997e-03	0.000e+00	12	288
931		24680.15	1.590e-06	4.375e-03	0.000e+00	12	288
932		24699.17	1.590e-06	4.375e-03	0.000e+00	12	288
933		24718.17	1.590e-06	4.375e-03	0.000e+00	12	288
934		24737.34	1.590e-06	4.375e-03	0.000e+00	12	288
935		24756.66	1.590e-06	4.375e-03	0.000e+00	12	288
936		24777.12	1.590e-06	4.375e-03	0.000e+00	12	288
937		24796.14	1.590e-06	4.375e-03	0.000e+00	12	288
938		24816.87	1.590e-06	4.375e-03	0.000e+00	12	288
939		24837.46	1.590e-06	4.375e-03	0.000e+00	12	288
940		24856.77	1.590e-06	4.375e-03	0.000e+00	12	288
941		24875.49	1.590e-06	4.375e-03	0.000e+00	12	288
942		24894.61	1.590e-06	2.776e-03	0.000e+00	12	288
943		24914.03	1.590e-06	2.776e-03	0.000e+00	12	288
944		24933.36	1.590e-06	2.776e-03	0.000e+00	12	288
945		24953.67	1.590e-06	2.776e-03	0.000e+00	12	288
946		24973.19	1.590e-06	2.776e-03	0.000e+00	12	288
947		24991.82	1.590e-06	2.776e-03	0.000e+00	12	288
948		25011.83	1.590e-06	1.664e-03	0.000e+00	12	288
949		25030.66	1.590e-06	2.191e-03	0.000e+00	12	288
950		25050.87	1.590e-06	2.191e-03	0.000e+00	12	288
951		25070.20	1.590e-06	2.191e-03	0.000e+00	12	288
952		25089.71	1.590e-06	2.191e-03	0.000e+00	12	288
953		25108.85	1.590e-06	2.191e-03	0.000e+00	12	288
954		25127.39	1.590e-06	2.191e-03	0.000e+00	12	288
955		25147.22	1.590e-06	2.191e-03	0.000e+00	12	288
956		25166.03	1.590e-06	2.191e-03	0.000e+00	12	288
957		25185.06	1.590e-06	2.191e-03	0.000e+00	12	288
958		25204.77	1.590e-06	2.191e-03	0.000e+00	12	288
959		25224.79	1.590e-06	2.191e-03	0.000e+00	12	288
960		25244.22	1.590e-06	2.191e-03	0.000e+00	12	288
961		25263.37	1.590e-06	2.191e-03	0.000e+00	12	288
962		25282.70	1.590e-06	2.191e-03	0.000e+00	12	288
963		25304.13	1.590e-06	2.191e-03	0.000e+00	12	288
964		25323.45	1.590e-06	2.191e-03	0.000e+00	12	288
965		25342.71	1.590e-06	2.191e-03	0.000e+00	12	288
966		25363.22	1.590e-06	1.664e-03	0.000e+00	12	288
967		25383.04	1.590e-06	1.664e-03	0.000e+00	12	288
968		25402.16	1.590e-06	1.559e-03	0.000e+00	12	288
969		25420.72	1.590e-06	1.559e-03	0.000e+00	12	288
970		25441.24	1.590e-06	1.559e-03	0.000e+00	12	288
971		25460.46	1.590e-06	1.559e-03	0.000e+00	12	288
972		25479.59	1.590e-06	1.559e-03	0.000e+00	12	288
973		25499.42	1.590e-06	1.559e-03	0.000e+00	12	288
974		25518.44	1.590e-06	1.559e-03	0.000e+00	12	288
975		25539.36	1.590e-06	1.912e-03	0.000e+00	12	288
976		25559.18	1.590e-06	1.912e-03	0.000e+00	12	288
977		25577.51	1.590e-06	1.912e-03	0.000e+00	12	288
978		25596.05	1.590e-06	1.912e-03	0.000e+00	12	288
979		25615.76	1.590e-06	1.912e-03	0.000e+00	12	288
980		25635.18	1.590e-06	1.912e-03	0.000e+00	12	288
981		25655.59	1.590e-06	1.912e-03	0.000e+00	12	288
982		25675.12	1.590e-06	1.912e-03	0.000e+00	12	288
983		25696.15	1.590e-06	1.912e-03	0.000e+00	12	288
984		25715.58	1.590e-06	3.691e-03	0.000e+00	12	288
985		25734.10	1.590e-06	3.691e-03	0.000e+00	12	288
986		25753.72	1.590e-06	3.691e-03	0.000e+00	12	288
987		25773.84	1.590e-06	3.691e-03	0.000e+00	12	288
988		25793.26	1.590e-06	3.691e-03	0.000e+00	12	288
989		25813.58	1.590e-06	3.691e-03	0.000e+00	12	288
990		25833.41	1.590e-06	3.691e-03	0.000e+00	12	288
991		25853.43	1.590e-06	3.691e-03	0.000e+00	12	288
992		25873.06	1.590e-06	3.691e-03	0.000e+00	12	288
993		25892.68	1.590e-06	3.691e-03	0.000e+00	12	288
994		25912.10	1.590e-06	3.691e-03	0.000e+00	12	288
995		25931.93	1.590e-06	3.691e-03	0.000e+00	12	288
996		25951.55	1.590e-06	3.691e-03	0.000e+00	12	288
997		25970.37	1.590e-06	1.331e-03	0.000e+00	12	288
998		25989.99	1.590e-06	1.331e-03	0.000e+00	12	288
999		26009.62	1.590e-06	1.331e-03	0.000e+00	12	288
A	 = 2.52e+12,
C0	 = 1.0,0.0,
Cpa	 = 1466.8372562458571,1088.8821161147475,
E	 = 1.75e+05,
Hp	 = 77589.72692409932,
K	 = 2500.6344862594533,100000000.0,
Value	 = 1.5896802750579543e-06,
Xi	 = 0.7338086749851456,
eps	 = 0.8357962820064375,0.6369379141298546,
ka	 = 0.3271704616611366,0.20174932293934794,
n	 = 0.9219015532694207,
nO2	 = 0.0,
rho	 = 1683.0,1235.0,
Results saved to D:\workspace\JENSENHUGHES\optimization\optimizationPaper\config\E_Glass\hybrid\../../../results/E_Glass/hybrid/E_GlassOldConstWideHybrid1_solution.txt
