D:\workspace\JENSENHUGHES\optimization\optimizationPaper\config\E_Glass\hybrid\../../../results/E_Glass/hybrid/E_GlassOldConstWideHybrid3 Log file
!!python/object/apply:collections.defaultdict
args:
- &id001 !!python/name:builtins.bool ''
dictitems:
  Duraboard:
    CprampF:
    - 1.0
    - 1.0
    CprampT:
    - 0
    - 5000
    eps: 0.8
    krampF:
    - 0.075932
    - 0.090229
    - 0.104522
    - 0.122143
    - 0.14158
    - 0.163436
    - 0.190738
    - 0.221975
    krampT:
    - 203.035
    - 317.4028
    - 426.9164
    - 536.4182
    - 647.3003
    - 757.4803
    - 867.6409
    - 981.2546
    rho: 258
    thickness: 0.0254
  XiState:
  - unknowable
  cone:
    Tinit: 25
    activePhaseVars:
    - C0
    - rho
    - ka
    - kb
    - kc
    - kd
    - ke
    - Cpa
    - Cpb
    - Cpc
    - Cpd
    - Cpe
    - eps
    - K
    activeReactionVars:
    - A
    - E
    - n
    - Hp
    - nO2
    - Xi
    backBoundaryConditions:
      Tamb: 25
      htc: Auto
      type: INSULATED
    frontBoundaryConditions:
      Tamb: 25
      htc: Auto
    weight: 1.0
  cone1: !!python/object/apply:collections.defaultdict
    args:
    - *id001
    dictitems:
      Tinit: 25
      activePhaseVars:
      - C0
      - rho
      - ka
      - kb
      - kc
      - kd
      - ke
      - Cpa
      - Cpb
      - Cpc
      - Cpd
      - Cpe
      - eps
      - K
      activeReactionVars:
      - A
      - E
      - n
      - Hp
      - nO2
      - Xi
      backBoundaryConditions: !!python/object/apply:collections.defaultdict
        args:
        - *id001
        dictitems:
          Tamb: 25
          htc: Auto
          type: INSULATED
      columns:
      - 1
      depths:
      - 0
      file: ../../../data/E_Glass/E_GlassOldConstNominal_0_cone_Mass.csv
      finalThickness: false
      frontBoundaryConditions: !!python/object/apply:collections.defaultdict
        args:
        - *id001
        dictitems:
          Tamb: 25
          heatFlux: 25
          htc: 15
      initialThickness: 0.008
      names:
      - Mass
      time: 0
      types:
      - 1
      weight: 1.0
      weights:
      - 1
      width1: 0.1016
      width2: 0.1016
  configDir: D:\workspace\JENSENHUGHES\optimization\optimizationPaper\config\E_Glass\hybrid\
  dataSources:
    names:
    - cone1
    types:
    - cone
  dsc:
    activePhaseVars:
    - C0
    - Cpa
    - Cpb
    - Cpc
    - Cpd
    - Cpe
    activeReactionVars:
    - A
    - E
    - n
    - Hp
    dscO2: None
    weight: 1.0
  fdsPath: C:\Program Files\FDS\FDS6\bin
  name: E_GlassOldConstWideHybrid3
  optimizeParams:
    absErr: 1e-7
    absRelErr: 5e-7
    elimThresh: 1e-2
    maxIter: 1000
    maxTime: 60000
    minIter: 5
    minP: 2
    opAlpha: 3
    opBeta: 3
    opP: 12
    opQ: 6
    opS: 24
    relErr: 1e-12
    relIter: 15
  outputParams:
    saveAllSamples: false
  phaseParams:
    C0:
    - - 1
      - 0
      - 1
    - - 0
      - 1189
      - 1189
    Cpa:
    - - 1500
      - 1350
      - 1650
    - - 1100
      - 990
      - 1210
    Cpb:
    - - 0.0
      - 0.0
      - 0.0
    - - 0.0
      - 1189
      - 1189
    Cpc:
    - - 0.0
      - 0.0
      - 0.0
    - - 0.0
      - 0.0
      - 0.0
    Cpd:
    - - 0.0
      - 0.0
      - 0.0
    - - 0.0
      - 0.0
      - 0.0
    Cpe:
    - &id002
      - 0
      - 0
      - 1
    - *id002
    K:
    - - 10000
      - 2500
      - 40000
    - - 1e8
      - 1189
      - 1189
    eps:
    - - None
      - 0.235
      - 1.0
    - - None
      - 0.235
      - 1.0
    ka:
    - - 0.3
      - 0.27
      - 0.33
    - - 0.2
      - 0.18
      - 0.22
    kb:
    - - 0.0
      - 0.0
      - 0.0
    - - 0.0
      - 0.0
      - 0.0
    kc:
    - - 0.0
      - 0.0
      - 0.0
    - - 0.0
      - 0.0
      - 0.0
    kd:
    - - 0.0
      - 0.0
      - 0.0
    - - 0.0
      - 0.0
      - 0.0
    ke:
    - &id003
      - 0
      - 0
      - 1
    - *id003
    nO2:
    - - 0
      - 0
      - 1
    - - 0
      - 1189
      - 1189
    phases:
    - virgin
    - char
    rho:
    - - 1683
      - 1189
      - 1189
    - - 1235
      - 1189
      - 1189
  processParams:
    maxProcesses: 8
    multiprocess: true
  reactionParams:
    A:
    - - None
      - 2.106e12
      - 2.574e12
    E:
    - - None
      - 1.629e5
      - 1.991e5
    Hp:
    - - None
      - 9e04
      - 1.1e5
    Xi:
    - - None
      - 0
      - 1
    n:
    - - None
      - 0.9
      - 1.1
    nO2:
    - - 0
      - 0
      - 1
    prodState:
    - 1
    reacState:
    - 0
    typeState:
    - 3
  reinitializeComplex: true
  restart: false
  resultsDir: ../../../results/E_Glass/hybrid/
  systemDir: D:\workspace\JENSENHUGHES\optimization\sourceCode\optimizationpython\src
  tga:
    activePhaseVars:
    - C0
    - rho
    activeReactionVars:
    - A
    - E
    - n
    tgaO2: None
    tgaOpt: 1
    weight: 1.0
  virtualExperiment: false
Loop	t (s)	Error Min	Error Max	ErrorRel	Comp	Samples
0		29.11	5.671e-05	4.672e-03	1.000e+00	12	288
1		58.33	2.184e-05	4.672e-03	1.000e+00	12	288
2		85.05	2.184e-05	4.672e-03	1.000e+00	12	288
3		114.67	1.135e-05	4.672e-03	1.000e+00	12	288
4		146.29	1.135e-05	4.672e-03	1.000e+00	12	288
5		176.22	1.135e-05	4.672e-03	1.000e+00	12	288
6		206.93	1.135e-05	4.672e-03	1.000e+00	12	288
7		238.85	1.109e-05	4.672e-03	1.000e+00	12	288
8		270.31	1.109e-05	4.672e-03	1.000e+00	12	288
9		303.15	1.053e-05	4.672e-03	1.000e+00	12	288
10		334.99	6.861e-06	4.672e-03	1.000e+00	12	288
11		365.83	5.618e-06	4.672e-03	1.000e+00	12	288
12		397.96	3.865e-06	4.672e-03	1.000e+00	12	288
13		428.62	3.865e-06	4.672e-03	1.000e+00	12	288
14		459.83	3.564e-06	4.672e-03	1.000e+00	12	288
15		490.25	3.564e-06	4.498e-03	1.000e+00	12	288
16		518.55	3.029e-06	4.498e-03	1.881e-05	12	288
17		549.08	1.878e-06	4.498e-03	1.997e-05	12	288
18		581.52	1.878e-06	4.498e-03	9.470e-06	12	288
19		614.14	1.878e-06	4.498e-03	9.470e-06	12	288
20		644.86	1.718e-06	4.498e-03	9.631e-06	12	288
21		678.10	1.522e-06	4.498e-03	9.826e-06	12	288
22		709.65	9.468e-07	4.498e-03	1.014e-05	12	288
23		742.77	9.468e-07	4.498e-03	1.014e-05	12	288
24		775.62	9.468e-07	4.498e-03	9.579e-06	12	288
25		809.37	9.468e-07	4.498e-03	5.915e-06	12	288
26		844.84	9.468e-07	4.498e-03	4.671e-06	12	288
27		878.08	9.345e-07	4.498e-03	2.931e-06	12	288
28		911.13	9.109e-07	4.498e-03	2.954e-06	12	288
29		942.87	9.109e-07	4.498e-03	2.653e-06	12	288
30		974.11	9.109e-07	4.498e-03	2.653e-06	12	288
31		1007.38	9.002e-07	4.660e-03	2.128e-06	12	288
32		1040.93	8.914e-07	4.660e-03	9.866e-07	12	288
33		1076.19	8.914e-07	4.660e-03	9.866e-07	12	288
34		1108.34	8.875e-07	4.660e-03	9.905e-07	12	288
35		1143.93	8.875e-07	4.669e-03	8.301e-07	12	288
36		1177.08	8.676e-07	4.672e-03	6.546e-07	12	288
37		1214.34	8.676e-07	4.672e-03	7.914e-08	12	288
38		1245.75	8.547e-07	4.672e-03	9.204e-08	12	288
39		1281.70	8.532e-07	4.672e-03	9.356e-08	12	288
40		1317.36	8.248e-07	4.672e-03	1.219e-07	12	288
41		1355.32	8.180e-07	4.672e-03	1.288e-07	12	288
42		1394.68	8.081e-07	4.672e-03	1.265e-07	12	288
43		1432.32	7.937e-07	4.672e-03	1.172e-07	12	288
44		1468.37	7.686e-07	4.672e-03	1.422e-07	12	288
45		1505.33	7.625e-07	4.672e-03	1.484e-07	12	288
46		1545.97	7.558e-07	4.672e-03	1.444e-07	12	288
47		1584.74	7.558e-07	4.672e-03	1.356e-07	12	288
48		1625.62	7.478e-07	4.672e-03	1.435e-07	12	288
49		1664.68	7.477e-07	4.672e-03	1.398e-07	12	288
50		1703.36	7.386e-07	4.672e-03	1.489e-07	12	288
51		1740.42	6.881e-07	4.672e-03	1.795e-07	12	288
52		1778.56	6.881e-07	4.672e-03	1.795e-07	12	288
53		1816.54	6.881e-07	4.672e-03	1.666e-07	12	288
54		1856.83	6.856e-07	4.672e-03	1.676e-07	12	288
55		1893.79	6.856e-07	4.672e-03	1.392e-07	12	288
56		1932.84	6.809e-07	4.672e-03	1.371e-07	12	288
57		1968.00	6.785e-07	4.672e-03	1.296e-07	12	288
58		2006.57	6.695e-07	4.672e-03	1.242e-07	12	288
59		2045.94	6.694e-07	4.672e-03	9.926e-08	12	288
60		2081.68	6.492e-07	4.672e-03	1.133e-07	12	288
61		2117.06	6.383e-07	4.672e-03	1.175e-07	12	288
62		2155.25	6.365e-07	4.672e-03	1.193e-07	12	288
63		2192.88	6.283e-07	4.672e-03	1.195e-07	12	288
64		2231.04	6.261e-07	4.672e-03	1.216e-07	12	288
65		2266.78	6.194e-07	4.672e-03	1.192e-07	12	288
66		2303.47	6.075e-07	4.672e-03	8.062e-08	12	288
67		2340.64	6.075e-07	4.672e-03	8.062e-08	12	288
68		2379.22	5.991e-07	4.672e-03	8.909e-08	12	288
69		2414.89	5.897e-07	4.672e-03	9.596e-08	12	288
70		2453.57	5.836e-07	4.672e-03	1.020e-07	12	288
71		2491.74	5.742e-07	4.672e-03	1.068e-07	12	288
72		2529.92	5.730e-07	4.672e-03	1.055e-07	12	288
73		2570.52	5.679e-07	4.672e-03	1.015e-07	12	288
74		2607.79	5.622e-07	4.672e-03	1.072e-07	12	288
75		2644.13	5.483e-07	4.672e-03	1.009e-07	12	288
76		2679.17	5.483e-07	4.672e-03	8.996e-08	12	288
77		2713.92	5.478e-07	4.672e-03	8.874e-08	12	288
78		2750.98	5.448e-07	4.672e-03	8.352e-08	12	288
79		2789.36	5.394e-07	4.672e-03	8.672e-08	12	288
80		2825.10	5.394e-07	4.672e-03	7.995e-08	12	288
Reinitializing complex 1, running simulations.
Complex 1 with parameter deviation 7.85e-03 replaced with parameter deviation 0.71
81		2862.36	5.328e-07	1.304e-02	7.473e-08	12	288
Reinitializing complex 1, running simulations.
Complex 1 with parameter deviation 7.20e-03 replaced with parameter deviation 0.83
82		2907.67	5.328e-07	1.031e-02	7.473e-08	12	288
Reinitializing complex 2, running simulations.
Complex 2 with parameter deviation 9.05e-03 replaced with parameter deviation 0.72
Reinitializing complex 1, running simulations.
Complex 1 with parameter deviation 6.56e-03 replaced with parameter deviation 0.80
83		2947.50	5.298e-07	8.387e-03	6.925e-08	12	288
Reinitializing complex 2, running simulations.
Complex 2 with parameter deviation 9.24e-03 replaced with parameter deviation 0.67
Reinitializing complex 1, running simulations.
Complex 1 with parameter deviation 7.52e-03 replaced with parameter deviation 0.67
84		2999.45	5.298e-07	1.180e-02	5.989e-08	12	288
85		3048.70	5.278e-07	1.180e-02	5.583e-08	12	288
Reinitializing complex 2, running simulations.
Complex 2 with parameter deviation 9.99e-03 replaced with parameter deviation 0.89
86		3087.12	5.278e-07	1.507e-02	4.640e-08	12	288
Reinitializing complex 2, running simulations.
Complex 2 with parameter deviation 9.48e-03 replaced with parameter deviation 0.72
87		3128.65	5.248e-07	9.714e-03	4.822e-08	12	288
Reinitializing complex 2, running simulations.
Complex 2 with parameter deviation 9.38e-03 replaced with parameter deviation 0.90
88		3171.11	5.178e-07	9.625e-03	5.015e-08	12	288
89		3212.46	5.172e-07	9.625e-03	4.501e-08	12	288
90		3247.62	5.146e-07	4.670e-03	3.375e-08	12	288
Reinitializing complex 2, running simulations.
Complex 2 with parameter deviation 9.15e-03 replaced with parameter deviation 0.80
91		3284.38	5.135e-07	1.169e-02	3.482e-08	12	288
92		3325.14	5.096e-07	1.169e-02	3.815e-08	12	288
93		3361.91	5.096e-07	1.169e-02	3.520e-08	12	288
94		3399.06	5.089e-07	1.169e-02	3.047e-08	12	288
95		3437.94	5.081e-07	1.169e-02	3.128e-08	12	288
96		3474.70	5.064e-07	1.169e-02	2.641e-08	12	288
97		3509.26	5.052e-07	1.169e-02	2.763e-08	12	288
98		3544.72	5.046e-07	7.267e-03	2.522e-08	12	288
99		3584.50	5.043e-07	7.267e-03	2.547e-08	12	288
100		3622.77	4.981e-07	7.267e-03	2.966e-08	12	288
101		3657.69	4.972e-07	7.267e-03	3.060e-08	12	288
102		3693.55	4.924e-07	7.267e-03	3.243e-08	12	288
103		3730.19	4.924e-07	7.267e-03	2.537e-08	12	288
104		3767.04	4.902e-07	7.267e-03	2.705e-08	12	288
105		3801.38	4.865e-07	7.267e-03	2.800e-08	12	288
106		3837.03	4.852e-07	7.267e-03	2.833e-08	12	288
107		3872.18	4.832e-07	7.267e-03	2.639e-08	12	288
108		3909.92	4.806e-07	8.084e-04	2.901e-08	12	288
109		3947.00	4.779e-07	8.084e-04	3.101e-08	12	288
110		3984.61	4.768e-07	3.550e-03	3.134e-08	12	288
111		4023.38	4.767e-07	3.550e-03	2.967e-08	12	288
112		4059.20	4.747e-07	3.550e-03	3.050e-08	12	288
113		4097.08	4.747e-07	3.550e-03	2.992e-08	12	288
Reinitializing complex 4, running simulations.
Complex 4 with parameter deviation 9.49e-03 replaced with parameter deviation 0.67
114		4136.17	4.747e-07	7.169e-03	2.966e-08	12	288
Reinitializing complex 4, running simulations.
Complex 4 with parameter deviation 8.26e-03 replaced with parameter deviation 0.80
115		4177.76	4.728e-07	9.611e-03	2.536e-08	12	288
116		4218.40	4.682e-07	9.611e-03	2.900e-08	12	288
117		4251.07	4.651e-07	9.611e-03	2.727e-08	12	288
118		4288.17	4.591e-07	9.611e-03	3.328e-08	12	288
119		4323.64	4.578e-07	9.611e-03	3.235e-08	12	288
120		4359.61	4.556e-07	9.611e-03	3.094e-08	12	288
121		4396.98	4.542e-07	9.611e-03	3.096e-08	12	288
122		4434.94	4.523e-07	9.611e-03	3.090e-08	12	288
123		4472.39	4.491e-07	9.611e-03	3.153e-08	12	288
124		4510.47	4.467e-07	9.611e-03	3.122e-08	12	288
125		4549.27	4.430e-07	9.611e-03	3.382e-08	12	288
126		4585.92	4.430e-07	9.611e-03	3.373e-08	12	288
127		4622.22	4.428e-07	9.611e-03	3.187e-08	12	288
128		4659.09	4.420e-07	9.611e-03	3.267e-08	12	288
129		4694.94	4.401e-07	9.611e-03	3.453e-08	12	288
130		4731.72	4.401e-07	9.611e-03	3.263e-08	12	288
Reinitializing complex 3, running simulations.
Complex 3 with parameter deviation 9.36e-03 replaced with parameter deviation 0.77
131		4770.71	4.397e-07	1.202e-02	2.845e-08	12	288
Reinitializing complex 3, running simulations.
Complex 3 with parameter deviation 8.50e-03 replaced with parameter deviation 0.74
132		4812.13	4.389e-07	1.058e-02	2.626e-08	12	288
Reinitializing complex 7, running simulations.
Complex 7 with parameter deviation 9.81e-03 replaced with parameter deviation 0.75
Reinitializing complex 3, running simulations.
Complex 3 with parameter deviation 9.08e-03 replaced with parameter deviation 0.65
Reinitializing complex 1, running simulations.
Complex 1 with parameter deviation 9.62e-03 replaced with parameter deviation 0.71
133		4855.31	4.389e-07	1.239e-02	2.025e-08	12	288
Reinitializing complex 7, running simulations.
Complex 7 with parameter deviation 9.56e-03 replaced with parameter deviation 0.84
Reinitializing complex 1, running simulations.
Complex 1 with parameter deviation 6.67e-03 replaced with parameter deviation 0.82
134		4911.82	4.365e-07	1.428e-02	2.131e-08	12	288
Reinitializing complex 5, running simulations.
Complex 5 with parameter deviation 9.27e-03 replaced with parameter deviation 0.83
Reinitializing complex 3, running simulations.
Complex 3 with parameter deviation 9.10e-03 replaced with parameter deviation 0.69
Reinitializing complex 1, running simulations.
Complex 1 with parameter deviation 6.77e-03 replaced with parameter deviation 0.79
135		4957.69	4.365e-07	1.215e-02	1.908e-08	12	288
Reinitializing complex 5, running simulations.
Complex 5 with parameter deviation 8.71e-03 replaced with parameter deviation 0.78
Reinitializing complex 3, running simulations.
Complex 3 with parameter deviation 7.60e-03 replaced with parameter deviation 0.76
Reinitializing complex 1, running simulations.
Complex 1 with parameter deviation 6.88e-03 replaced with parameter deviation 0.80
136		5013.74	4.344e-07	1.526e-02	1.975e-08	12	288
Reinitializing complex 3, running simulations.
Complex 3 with parameter deviation 8.84e-03 replaced with parameter deviation 0.82
137		5068.93	4.322e-07	6.680e-03	2.011e-08	12	288
Reinitializing complex 3, running simulations.
Complex 3 with parameter deviation 6.51e-03 replaced with parameter deviation 0.81
Reinitializing complex 1, running simulations.
Complex 1 with parameter deviation 7.39e-03 replaced with parameter deviation 0.82
138		5112.66	4.272e-07	7.745e-03	2.192e-08	12	288
139		5162.77	4.255e-07	7.745e-03	2.117e-08	12	288
Reinitializing complex 3, running simulations.
Complex 3 with parameter deviation 6.85e-03 replaced with parameter deviation 0.77
140		5199.34	4.246e-07	1.630e-02	1.839e-08	12	288
141		5242.99	4.246e-07	1.630e-02	1.839e-08	12	288
Reinitializing complex 3, running simulations.
Complex 3 with parameter deviation 8.76e-03 replaced with parameter deviation 0.76
142		5277.23	4.233e-07	1.611e-02	1.947e-08	12	288
Reinitializing complex 4, running simulations.
Complex 4 with parameter deviation 9.02e-03 replaced with parameter deviation 0.69
Reinitializing complex 3, running simulations.
Complex 3 with parameter deviation 8.41e-03 replaced with parameter deviation 0.76
143		5319.43	4.233e-07	1.226e-02	1.867e-08	12	288
Reinitializing complex 5, running simulations.
Complex 5 with parameter deviation 9.71e-03 replaced with parameter deviation 0.83
Reinitializing complex 4, running simulations.
Complex 4 with parameter deviation 9.91e-03 replaced with parameter deviation 0.76
Reinitializing complex 3, running simulations.
Complex 3 with parameter deviation 9.14e-03 replaced with parameter deviation 0.74
Reinitializing complex 1, running simulations.
Complex 1 with parameter deviation 7.64e-03 replaced with parameter deviation 0.70
144		5367.64	4.233e-07	1.402e-02	1.681e-08	12	288
Reinitializing complex 4, running simulations.
Complex 4 with parameter deviation 9.81e-03 replaced with parameter deviation 0.69
Reinitializing complex 3, running simulations.
Complex 3 with parameter deviation 8.22e-03 replaced with parameter deviation 0.81
Reinitializing complex 1, running simulations.
Complex 1 with parameter deviation 6.40e-03 replaced with parameter deviation 0.86
145		5430.75	4.233e-07	8.810e-03	1.684e-08	12	288
Reinitializing complex 4, running simulations.
Complex 4 with parameter deviation 6.90e-03 replaced with parameter deviation 0.76
Reinitializing complex 3, running simulations.
Complex 3 with parameter deviation 7.04e-03 replaced with parameter deviation 0.66
Reinitializing complex 1, running simulations.
Complex 1 with parameter deviation 5.25e-03 replaced with parameter deviation 0.62
146		5481.13	4.228e-07	9.111e-03	1.695e-08	12	288
Reinitializing complex 4, running simulations.
Complex 4 with parameter deviation 7.33e-03 replaced with parameter deviation 0.68
Reinitializing complex 3, running simulations.
Complex 3 with parameter deviation 9.49e-03 replaced with parameter deviation 0.76
Reinitializing complex 1, running simulations.
Complex 1 with parameter deviation 5.41e-03 replaced with parameter deviation 0.73
147		5537.83	4.228e-07	1.105e-02	1.607e-08	12	288
Reinitializing complex 1, running simulations.
Complex 1 with parameter deviation 7.11e-03 replaced with parameter deviation 0.70
148		5592.30	4.226e-07	1.226e-02	1.623e-08	12	288
Reinitializing complex 4, running simulations.
Complex 4 with parameter deviation 6.81e-03 replaced with parameter deviation 0.64
Reinitializing complex 1, running simulations.
Complex 1 with parameter deviation 6.04e-03 replaced with parameter deviation 0.84
149		5635.44	4.222e-07	1.606e-02	1.430e-08	12	288
150		5682.50	4.219e-07	1.606e-02	1.459e-08	12	288
Reinitializing complex 4, running simulations.
Complex 4 with parameter deviation 9.44e-03 replaced with parameter deviation 0.68
Reinitializing complex 1, running simulations.
Complex 1 with parameter deviation 9.67e-03 replaced with parameter deviation 0.67
151		5714.57	4.215e-07	1.423e-02	1.296e-08	12	288
152		5763.74	4.206e-07	1.423e-02	1.162e-08	12	288
153		5799.50	4.179e-07	1.423e-02	9.279e-09	12	288
154		5831.93	4.161e-07	1.423e-02	9.471e-09	12	288
155		5866.99	4.155e-07	1.423e-02	9.062e-09	12	288
156		5901.22	4.155e-07	1.423e-02	9.062e-09	12	288
Reinitializing complex 1, running simulations.
Complex 1 with parameter deviation 8.43e-03 replaced with parameter deviation 0.75
157		5938.56	4.155e-07	1.054e-02	7.802e-09	12	288
Reinitializing complex 1, running simulations.
Complex 1 with parameter deviation 8.07e-03 replaced with parameter deviation 0.75
158		5980.63	4.153e-07	1.255e-02	7.985e-09	12	288
Reinitializing complex 1, running simulations.
Complex 1 with parameter deviation 9.93e-03 replaced with parameter deviation 0.78
159		6022.85	4.153e-07	1.316e-02	7.985e-09	12	288
Reinitializing complex 4, running simulations.
Complex 4 with parameter deviation 9.23e-03 replaced with parameter deviation 0.62
Reinitializing complex 1, running simulations.
Complex 1 with parameter deviation 8.85e-03 replaced with parameter deviation 0.70
160		6062.84	4.148e-07	1.462e-02	8.482e-09	12	288
Reinitializing complex 1, running simulations.
Complex 1 with parameter deviation 6.48e-03 replaced with parameter deviation 0.85
161		6111.63	4.148e-07	5.811e-03	7.972e-09	12	288
Reinitializing complex 4, running simulations.
Complex 4 with parameter deviation 7.02e-03 replaced with parameter deviation 0.63
Reinitializing complex 1, running simulations.
Complex 1 with parameter deviation 6.53e-03 replaced with parameter deviation 0.67
162		6153.16	4.146e-07	1.433e-02	8.232e-09	12	288
Reinitializing complex 1, running simulations.
Complex 1 with parameter deviation 7.15e-03 replaced with parameter deviation 0.70
163		6200.63	4.143e-07	7.366e-03	8.315e-09	12	288
Reinitializing complex 1, running simulations.
Complex 1 with parameter deviation 7.53e-03 replaced with parameter deviation 0.78
164		6242.01	4.143e-07	1.322e-02	7.907e-09	12	288
Reinitializing complex 1, running simulations.
Complex 1 with parameter deviation 6.60e-03 replaced with parameter deviation 0.65
165		6285.21	4.142e-07	8.556e-03	7.684e-09	12	288
Reinitializing complex 1, running simulations.
Complex 1 with parameter deviation 7.07e-03 replaced with parameter deviation 0.69
166		6325.78	4.142e-07	9.755e-03	7.302e-09	12	288
Reinitializing complex 1, running simulations.
Complex 1 with parameter deviation 7.27e-03 replaced with parameter deviation 0.70
167		6368.03	4.142e-07	1.146e-02	6.407e-09	12	288
Reinitializing complex 1, running simulations.
Complex 1 with parameter deviation 6.49e-03 replaced with parameter deviation 0.67
168		6410.64	4.142e-07	9.539e-03	3.693e-09	12	288
Reinitializing complex 6, running simulations.
Complex 6 with parameter deviation 9.44e-03 replaced with parameter deviation 0.63
Reinitializing complex 1, running simulations.
Complex 1 with parameter deviation 5.65e-03 replaced with parameter deviation 0.76
169		6451.73	4.142e-07	1.121e-02	1.893e-09	12	288
Reinitializing complex 1, running simulations.
Complex 1 with parameter deviation 6.68e-03 replaced with parameter deviation 0.74
170		6495.94	4.140e-07	1.208e-02	1.522e-09	12	288
Reinitializing complex 8, running simulations.
Complex 8 with parameter deviation 7.19e-03 replaced with parameter deviation 0.81
Reinitializing complex 7, running simulations.
Complex 7 with parameter deviation 9.22e-03 replaced with parameter deviation 0.82
Reinitializing complex 5, running simulations.
Complex 5 with parameter deviation 9.60e-03 replaced with parameter deviation 0.72
Reinitializing complex 1, running simulations.
Complex 1 with parameter deviation 8.01e-03 replaced with parameter deviation 0.74
171		6538.76	4.140e-07	1.270e-02	1.522e-09	12	288
Reinitializing complex 7, running simulations.
Complex 7 with parameter deviation 7.30e-03 replaced with parameter deviation 0.68
Reinitializing complex 5, running simulations.
Complex 5 with parameter deviation 5.69e-03 replaced with parameter deviation 0.74
Reinitializing complex 1, running simulations.
Complex 1 with parameter deviation 5.49e-03 replaced with parameter deviation 0.85
172		6601.44	4.140e-07	1.391e-02	1.522e-09	12	288
Reinitializing complex 8, running simulations.
Complex 8 with parameter deviation 8.53e-03 replaced with parameter deviation 0.77
Reinitializing complex 5, running simulations.
Complex 5 with parameter deviation 9.53e-03 replaced with parameter deviation 0.69
Reinitializing complex 1, running simulations.
Complex 1 with parameter deviation 7.42e-03 replaced with parameter deviation 0.68
173		6657.09	4.140e-07	1.078e-02	1.339e-09	12	288
Reinitializing complex 6, running simulations.
Complex 6 with parameter deviation 8.50e-03 replaced with parameter deviation 0.68
Reinitializing complex 1, running simulations.
Complex 1 with parameter deviation 7.94e-03 replaced with parameter deviation 0.64
174		6710.38	4.140e-07	1.071e-02	1.339e-09	12	288
Reinitializing complex 8, running simulations.
Complex 8 with parameter deviation 7.03e-03 replaced with parameter deviation 0.77
Reinitializing complex 1, running simulations.
Complex 1 with parameter deviation 4.94e-03 replaced with parameter deviation 0.73
175		6758.39	4.140e-07	1.265e-02	8.133e-10	12	288
Reinitializing complex 5, running simulations.
Complex 5 with parameter deviation 9.89e-03 replaced with parameter deviation 0.78
Reinitializing complex 1, running simulations.
Complex 1 with parameter deviation 5.39e-03 replaced with parameter deviation 0.70
176		6808.47	4.140e-07	1.091e-02	8.133e-10	12	288
Reinitializing complex 1, running simulations.
Complex 1 with parameter deviation 4.49e-03 replaced with parameter deviation 0.73
177		6854.71	4.139e-07	1.327e-02	6.440e-10	12	288
Reinitializing complex 1, running simulations.
Complex 1 with parameter deviation 6.49e-03 replaced with parameter deviation 0.87
178		6896.48	4.139e-07	1.263e-02	4.053e-10	12	288
Reinitializing complex 1, running simulations.
Complex 1 with parameter deviation 5.27e-03 replaced with parameter deviation 0.71
179		6940.19	4.139e-07	9.281e-03	4.164e-10	12	288
Reinitializing complex 1, running simulations.
Complex 1 with parameter deviation 6.89e-03 replaced with parameter deviation 0.70
180		6983.59	4.139e-07	1.169e-02	3.479e-10	12	288
Reinitializing complex 1, running simulations.
Complex 1 with parameter deviation 5.28e-03 replaced with parameter deviation 0.77
181		7025.91	4.139e-07	1.545e-02	2.842e-10	12	288
Reinitializing complex 1, running simulations.
Complex 1 with parameter deviation 5.00e-03 replaced with parameter deviation 0.70
182		7065.83	4.137e-07	9.404e-03	4.663e-10	12	288
Reinitializing complex 1, running simulations.
Complex 1 with parameter deviation 6.04e-03 replaced with parameter deviation 0.80
183		7103.82	4.136e-07	1.242e-02	6.062e-10	12	288
Reinitializing complex 5, running simulations.
Complex 5 with parameter deviation 7.43e-03 replaced with parameter deviation 0.71
Reinitializing complex 1, running simulations.
Complex 1 with parameter deviation 6.39e-03 replaced with parameter deviation 0.78
184		7144.65	4.135e-07	1.023e-02	6.405e-10	12	288
Reinitializing complex 1, running simulations.
Complex 1 with parameter deviation 9.76e-03 replaced with parameter deviation 0.80
185		7195.37	4.135e-07	9.441e-03	4.579e-10	12	288
Reinitializing complex 5, running simulations.
Complex 5 with parameter deviation 7.99e-03 replaced with parameter deviation 0.68
Reinitializing complex 1, running simulations.
Complex 1 with parameter deviation 9.97e-03 replaced with parameter deviation 0.78
186		7239.98	4.135e-07	1.245e-02	4.579e-10	12	288
Reinitializing complex 1, running simulations.
Complex 1 with parameter deviation 8.64e-03 replaced with parameter deviation 0.70
187		7288.85	4.133e-07	7.819e-03	7.416e-10	12	288
Reinitializing complex 1, running simulations.
Complex 1 with parameter deviation 7.99e-03 replaced with parameter deviation 0.69
188		7329.42	4.127e-07	1.134e-02	1.324e-09	12	288
Reinitializing complex 1, running simulations.
Complex 1 with parameter deviation 9.68e-03 replaced with parameter deviation 0.82
189		7373.96	4.126e-07	1.284e-02	1.369e-09	12	288
Reinitializing complex 6, running simulations.
Complex 6 with parameter deviation 7.01e-03 replaced with parameter deviation 0.62
Reinitializing complex 5, running simulations.
Complex 5 with parameter deviation 9.73e-03 replaced with parameter deviation 0.77
Reinitializing complex 1, running simulations.
Complex 1 with parameter deviation 5.82e-03 replaced with parameter deviation 0.69
190		7417.52	4.119e-07	1.142e-02	2.078e-09	12	288
Reinitializing complex 6, running simulations.
Complex 6 with parameter deviation 8.76e-03 replaced with parameter deviation 0.82
Reinitializing complex 1, running simulations.
Complex 1 with parameter deviation 4.76e-03 replaced with parameter deviation 0.77
191		7470.40	4.119e-07	1.383e-02	2.078e-09	12	288
Reinitializing complex 1, running simulations.
Complex 1 with parameter deviation 5.29e-03 replaced with parameter deviation 0.83
192		7519.74	4.109e-07	1.248e-02	2.993e-09	12	288
Reinitializing complex 1, running simulations.
Complex 1 with parameter deviation 4.54e-03 replaced with parameter deviation 0.76
193		7561.64	4.109e-07	1.499e-02	2.993e-09	12	288
Reinitializing complex 5, running simulations.
Complex 5 with parameter deviation 9.05e-03 replaced with parameter deviation 0.90
Reinitializing complex 1, running simulations.
Complex 1 with parameter deviation 5.16e-03 replaced with parameter deviation 0.73
194		7600.60	4.091e-07	8.288e-03	4.844e-09	12	288
Reinitializing complex 5, running simulations.
Complex 5 with parameter deviation 9.21e-03 replaced with parameter deviation 0.80
Reinitializing complex 4, running simulations.
Complex 4 with parameter deviation 8.54e-03 replaced with parameter deviation 0.73
Reinitializing complex 1, running simulations.
Complex 1 with parameter deviation 4.24e-03 replaced with parameter deviation 0.71
195		7646.38	4.088e-07	1.421e-02	5.067e-09	12	288
Reinitializing complex 4, running simulations.
Complex 4 with parameter deviation 9.78e-03 replaced with parameter deviation 0.67
Reinitializing complex 1, running simulations.
Complex 1 with parameter deviation 4.05e-03 replaced with parameter deviation 0.81
196		7699.10	4.084e-07	9.327e-03	5.505e-09	12	288
Reinitializing complex 1, running simulations.
Complex 1 with parameter deviation 3.49e-03 replaced with parameter deviation 0.75
197		7748.41	4.076e-07	1.192e-02	6.160e-09	12	288
Reinitializing complex 5, running simulations.
Complex 5 with parameter deviation 7.54e-03 replaced with parameter deviation 0.77
Reinitializing complex 4, running simulations.
Complex 4 with parameter deviation 9.98e-03 replaced with parameter deviation 0.87
Reinitializing complex 1, running simulations.
Complex 1 with parameter deviation 4.41e-03 replaced with parameter deviation 0.75
198		7789.90	4.054e-07	1.233e-02	8.185e-09	12	288
Reinitializing complex 5, running simulations.
Complex 5 with parameter deviation 7.36e-03 replaced with parameter deviation 0.69
Reinitializing complex 1, running simulations.
Complex 1 with parameter deviation 4.97e-03 replaced with parameter deviation 0.63
199		7841.85	4.031e-07	1.328e-02	1.044e-08	12	288
Reinitializing complex 1, running simulations.
Complex 1 with parameter deviation 5.58e-03 replaced with parameter deviation 0.73
200		7890.00	3.990e-07	1.353e-02	1.457e-08	12	288
Reinitializing complex 4, running simulations.
Complex 4 with parameter deviation 7.83e-03 replaced with parameter deviation 0.82
Reinitializing complex 1, running simulations.
Complex 1 with parameter deviation 4.86e-03 replaced with parameter deviation 0.79
201		7932.71	3.967e-07	8.734e-03	1.682e-08	12	288
Reinitializing complex 4, running simulations.
Complex 4 with parameter deviation 7.86e-03 replaced with parameter deviation 0.85
Reinitializing complex 1, running simulations.
Complex 1 with parameter deviation 4.39e-03 replaced with parameter deviation 0.89
202		7980.50	3.921e-07	1.452e-02	2.115e-08	12	288
Reinitializing complex 4, running simulations.
Complex 4 with parameter deviation 6.77e-03 replaced with parameter deviation 0.72
Reinitializing complex 1, running simulations.
Complex 1 with parameter deviation 3.76e-03 replaced with parameter deviation 0.72
203		8029.85	3.897e-07	4.810e-03	2.296e-08	12	288
Reinitializing complex 4, running simulations.
Complex 4 with parameter deviation 9.12e-03 replaced with parameter deviation 0.69
Reinitializing complex 1, running simulations.
Complex 1 with parameter deviation 3.33e-03 replaced with parameter deviation 0.70
204		8079.99	3.853e-07	1.337e-02	2.728e-08	12	288
Reinitializing complex 5, running simulations.
Complex 5 with parameter deviation 9.86e-03 replaced with parameter deviation 0.84
Reinitializing complex 1, running simulations.
Complex 1 with parameter deviation 6.70e-03 replaced with parameter deviation 0.68
205		8127.22	3.822e-07	1.100e-02	2.974e-08	12	288
Reinitializing complex 1, running simulations.
Complex 1 with parameter deviation 6.34e-03 replaced with parameter deviation 0.72
206		8178.45	3.822e-07	8.484e-03	2.974e-08	12	288
Reinitializing complex 1, running simulations.
Complex 1 with parameter deviation 7.16e-03 replaced with parameter deviation 0.62
207		8222.55	3.822e-07	6.712e-03	2.874e-08	12	288
Reinitializing complex 5, running simulations.
Complex 5 with parameter deviation 9.72e-03 replaced with parameter deviation 0.71
Reinitializing complex 1, running simulations.
Complex 1 with parameter deviation 5.34e-03 replaced with parameter deviation 0.74
208		8268.14	3.817e-07	1.285e-02	2.921e-08	12	288
Reinitializing complex 1, running simulations.
Complex 1 with parameter deviation 5.75e-03 replaced with parameter deviation 0.66
209		8317.03	3.817e-07	1.252e-02	2.737e-08	12	288
Reinitializing complex 1, running simulations.
Complex 1 with parameter deviation 6.14e-03 replaced with parameter deviation 0.84
210		8358.12	3.808e-07	9.121e-03	2.801e-08	12	288
Reinitializing complex 1, running simulations.
Complex 1 with parameter deviation 6.20e-03 replaced with parameter deviation 0.69
211		8399.46	3.801e-07	1.145e-02	2.828e-08	12	288
Reinitializing complex 4, running simulations.
Complex 4 with parameter deviation 9.28e-03 replaced with parameter deviation 0.85
Reinitializing complex 1, running simulations.
Complex 1 with parameter deviation 6.31e-03 replaced with parameter deviation 0.73
212		8444.21	3.795e-07	1.056e-02	2.802e-08	12	288
Reinitializing complex 4, running simulations.
Complex 4 with parameter deviation 7.79e-03 replaced with parameter deviation 0.81
Reinitializing complex 1, running simulations.
Complex 1 with parameter deviation 5.77e-03 replaced with parameter deviation 0.61
213		8493.56	3.793e-07	1.010e-02	2.612e-08	12	288
Reinitializing complex 4, running simulations.
Complex 4 with parameter deviation 9.35e-03 replaced with parameter deviation 0.75
Reinitializing complex 1, running simulations.
Complex 1 with parameter deviation 8.30e-03 replaced with parameter deviation 0.71
214		8542.39	3.788e-07	6.456e-03	2.430e-08	12	288
Reinitializing complex 1, running simulations.
Complex 1 with parameter deviation 7.91e-03 replaced with parameter deviation 0.81
215		8592.91	3.785e-07	1.312e-02	2.046e-08	12	288
Reinitializing complex 5, running simulations.
Complex 5 with parameter deviation 8.99e-03 replaced with parameter deviation 0.72
Reinitializing complex 4, running simulations.
Complex 4 with parameter deviation 6.97e-03 replaced with parameter deviation 0.63
Reinitializing complex 1, running simulations.
Complex 1 with parameter deviation 8.65e-03 replaced with parameter deviation 0.75
216		8634.99	3.782e-07	1.342e-02	1.855e-08	12	288
Reinitializing complex 4, running simulations.
Complex 4 with parameter deviation 9.93e-03 replaced with parameter deviation 0.80
Reinitializing complex 1, running simulations.
Complex 1 with parameter deviation 7.40e-03 replaced with parameter deviation 0.76
217		8690.15	3.782e-07	1.111e-02	1.394e-08	12	288
Reinitializing complex 5, running simulations.
Complex 5 with parameter deviation 7.13e-03 replaced with parameter deviation 0.80
Reinitializing complex 4, running simulations.
Complex 4 with parameter deviation 6.35e-03 replaced with parameter deviation 0.68
Reinitializing complex 1, running simulations.
Complex 1 with parameter deviation 6.62e-03 replaced with parameter deviation 0.82
218		8739.34	3.779e-07	1.150e-02	1.181e-08	12	288
Reinitializing complex 4, running simulations.
Complex 4 with parameter deviation 6.20e-03 replaced with parameter deviation 0.83
219		8791.04	3.779e-07	1.200e-02	7.434e-09	12	288
Reinitializing complex 4, running simulations.
Complex 4 with parameter deviation 9.80e-03 replaced with parameter deviation 0.73
220		8834.34	3.778e-07	1.523e-02	4.365e-09	12	288
Reinitializing complex 4, running simulations.
Complex 4 with parameter deviation 8.17e-03 replaced with parameter deviation 0.60
221		8879.91	3.778e-07	7.301e-03	4.365e-09	12	288
222		8921.19	3.776e-07	7.301e-03	4.600e-09	12	288
Reinitializing complex 4, running simulations.
Complex 4 with parameter deviation 8.80e-03 replaced with parameter deviation 0.77
223		8957.45	3.776e-07	1.354e-02	4.127e-09	12	288
Reinitializing complex 5, running simulations.
Complex 5 with parameter deviation 8.77e-03 replaced with parameter deviation 0.74
224		8999.95	3.776e-07	1.442e-02	4.110e-09	12	288
Reinitializing complex 5, running simulations.
Complex 5 with parameter deviation 8.17e-03 replaced with parameter deviation 0.73
Reinitializing complex 4, running simulations.
Complex 4 with parameter deviation 7.10e-03 replaced with parameter deviation 0.80
225		9043.08	3.776e-07	1.180e-02	3.240e-09	12	288
Reinitializing complex 5, running simulations.
Complex 5 with parameter deviation 7.77e-03 replaced with parameter deviation 0.65
Reinitializing complex 4, running simulations.
Complex 4 with parameter deviation 7.39e-03 replaced with parameter deviation 0.78
226		9094.35	3.776e-07	1.467e-02	2.541e-09	12	288
Reinitializing complex 5, running simulations.
Complex 5 with parameter deviation 7.10e-03 replaced with parameter deviation 0.87
Reinitializing complex 4, running simulations.
Complex 4 with parameter deviation 9.33e-03 replaced with parameter deviation 0.76
227		9144.61	3.776e-07	1.420e-02	1.963e-09	12	288
Reinitializing complex 5, running simulations.
Complex 5 with parameter deviation 6.85e-03 replaced with parameter deviation 0.73
Reinitializing complex 4, running simulations.
Complex 4 with parameter deviation 7.23e-03 replaced with parameter deviation 0.81
228		9191.33	3.775e-07	1.329e-02	1.720e-09	12	288
Reinitializing complex 4, running simulations.
Complex 4 with parameter deviation 7.94e-03 replaced with parameter deviation 0.77
229		9243.09	3.775e-07	9.594e-03	1.325e-09	12	288
Reinitializing complex 4, running simulations.
Complex 4 with parameter deviation 7.92e-03 replaced with parameter deviation 0.75
Reinitializing complex 3, running simulations.
Complex 3 with parameter deviation 8.28e-03 replaced with parameter deviation 0.81
230		9288.04	3.775e-07	1.125e-02	1.031e-09	12	288
Reinitializing complex 4, running simulations.
Complex 4 with parameter deviation 9.07e-03 replaced with parameter deviation 0.66
Reinitializing complex 3, running simulations.
Complex 3 with parameter deviation 6.09e-03 replaced with parameter deviation 0.75
231		9339.61	3.770e-07	1.433e-02	1.156e-09	12	288
Reinitializing complex 4, running simulations.
Complex 4 with parameter deviation 9.94e-03 replaced with parameter deviation 0.90
Reinitializing complex 3, running simulations.
Complex 3 with parameter deviation 8.16e-03 replaced with parameter deviation 0.80
232		9389.83	3.770e-07	1.345e-02	1.156e-09	12	288
Reinitializing complex 4, running simulations.
Complex 4 with parameter deviation 9.70e-03 replaced with parameter deviation 0.72
233		9440.44	3.770e-07	1.345e-02	8.959e-10	12	288
Reinitializing complex 5, running simulations.
Complex 5 with parameter deviation 9.76e-03 replaced with parameter deviation 0.79
Reinitializing complex 3, running simulations.
Complex 3 with parameter deviation 8.71e-03 replaced with parameter deviation 0.72
234		9482.01	3.770e-07	1.488e-02	8.959e-10	12	288
Reinitializing complex 5, running simulations.
Complex 5 with parameter deviation 7.92e-03 replaced with parameter deviation 0.84
235		9529.61	3.770e-07	9.003e-03	7.935e-10	12	288
Reinitializing complex 4, running simulations.
Complex 4 with parameter deviation 9.51e-03 replaced with parameter deviation 0.74
Reinitializing complex 3, running simulations.
Complex 3 with parameter deviation 8.72e-03 replaced with parameter deviation 0.62
236		9574.58	3.770e-07	1.193e-02	8.502e-10	12	288
Reinitializing complex 5, running simulations.
Complex 5 with parameter deviation 7.38e-03 replaced with parameter deviation 0.76
Reinitializing complex 3, running simulations.
Complex 3 with parameter deviation 6.71e-03 replaced with parameter deviation 0.80
237		9623.51	3.770e-07	1.670e-02	6.151e-10	12	288
Reinitializing complex 3, running simulations.
Complex 3 with parameter deviation 8.39e-03 replaced with parameter deviation 0.72
238		9672.43	3.770e-07	1.021e-02	6.151e-10	12	288
Reinitializing complex 4, running simulations.
Complex 4 with parameter deviation 9.59e-03 replaced with parameter deviation 0.63
Reinitializing complex 3, running simulations.
Complex 3 with parameter deviation 9.33e-03 replaced with parameter deviation 0.70
239		9716.09	3.770e-07	1.429e-02	6.151e-10	12	288
240		9767.54	3.768e-07	1.429e-02	7.631e-10	12	288
Reinitializing complex 6, running simulations.
Complex 6 with parameter deviation 9.34e-03 replaced with parameter deviation 0.81
Reinitializing complex 4, running simulations.
Complex 4 with parameter deviation 7.48e-03 replaced with parameter deviation 0.78
Reinitializing complex 3, running simulations.
Complex 3 with parameter deviation 7.83e-03 replaced with parameter deviation 0.73
241		9803.20	3.762e-07	8.802e-03	1.396e-09	12	288
242		9856.76	3.762e-07	8.802e-03	1.396e-09	12	288
Reinitializing complex 4, running simulations.
Complex 4 with parameter deviation 6.46e-03 replaced with parameter deviation 0.67
243		9892.54	3.760e-07	1.580e-02	1.551e-09	12	288
Reinitializing complex 6, running simulations.
Complex 6 with parameter deviation 9.73e-03 replaced with parameter deviation 0.80
244		9934.14	3.751e-07	1.046e-02	2.419e-09	12	288
Reinitializing complex 4, running simulations.
Complex 4 with parameter deviation 6.44e-03 replaced with parameter deviation 0.71
245		9976.08	3.731e-07	9.817e-03	4.404e-09	12	288
Reinitializing complex 4, running simulations.
Complex 4 with parameter deviation 7.77e-03 replaced with parameter deviation 0.68
246		10020.45	3.726e-07	8.874e-03	4.456e-09	12	288
Reinitializing complex 6, running simulations.
Complex 6 with parameter deviation 8.84e-03 replaced with parameter deviation 0.73
Reinitializing complex 5, running simulations.
Complex 5 with parameter deviation 9.02e-03 replaced with parameter deviation 0.67
Reinitializing complex 4, running simulations.
Complex 4 with parameter deviation 9.27e-03 replaced with parameter deviation 0.78
Reinitializing complex 1, running simulations.
Complex 1 with parameter deviation 9.84e-03 replaced with parameter deviation 0.92
247		10060.05	3.726e-07	1.376e-02	4.456e-09	12	288
Reinitializing complex 4, running simulations.
Complex 4 with parameter deviation 8.02e-03 replaced with parameter deviation 0.76
248		10122.01	3.715e-07	1.442e-02	5.565e-09	12	288
Reinitializing complex 6, running simulations.
Complex 6 with parameter deviation 8.48e-03 replaced with parameter deviation 0.77
Reinitializing complex 4, running simulations.
Complex 4 with parameter deviation 9.08e-03 replaced with parameter deviation 0.80
249		10163.50	3.715e-07	1.605e-02	5.565e-09	12	288
Reinitializing complex 5, running simulations.
Complex 5 with parameter deviation 9.24e-03 replaced with parameter deviation 0.65
250		10209.61	3.698e-07	1.157e-02	7.266e-09	12	288
Reinitializing complex 5, running simulations.
Complex 5 with parameter deviation 6.78e-03 replaced with parameter deviation 0.72
251		10249.56	3.685e-07	1.199e-02	8.429e-09	12	288
252		10290.96	3.681e-07	1.199e-02	8.895e-09	12	288
Reinitializing complex 4, running simulations.
Complex 4 with parameter deviation 9.90e-03 replaced with parameter deviation 0.74
253		10326.32	3.663e-07	1.255e-02	1.071e-08	12	288
254		10366.84	3.663e-07	7.429e-03	1.071e-08	12	288
255		10404.32	3.663e-07	7.429e-03	1.056e-08	12	288
Reinitializing complex 1, running simulations.
Complex 1 with parameter deviation 9.94e-03 replaced with parameter deviation 0.66
256		10438.45	3.647e-07	1.639e-02	1.144e-08	12	288
257		10479.52	3.647e-07	1.639e-02	1.144e-08	12	288
258		10511.85	3.639e-07	1.639e-02	1.207e-08	12	288
Reinitializing complex 5, running simulations.
Complex 5 with parameter deviation 8.92e-03 replaced with parameter deviation 0.71
259		10547.51	3.637e-07	1.036e-02	1.133e-08	12	288
Reinitializing complex 5, running simulations.
Complex 5 with parameter deviation 8.68e-03 replaced with parameter deviation 0.80
260		10588.03	3.626e-07	1.398e-02	1.052e-08	12	288
261		10631.04	3.615e-07	1.398e-02	1.109e-08	12	288
Reinitializing complex 6, running simulations.
Complex 6 with parameter deviation 8.93e-03 replaced with parameter deviation 0.75
Reinitializing complex 5, running simulations.
Complex 5 with parameter deviation 8.55e-03 replaced with parameter deviation 0.74
262		10666.61	3.614e-07	1.012e-02	1.117e-08	12	288
263		10713.87	3.601e-07	1.012e-02	1.131e-08	12	288
264		10745.41	3.597e-07	1.012e-02	1.172e-08	12	288
Reinitializing complex 1, running simulations.
Complex 1 with parameter deviation 9.43e-03 replaced with parameter deviation 0.75
265		10780.24	3.586e-07	1.096e-02	1.118e-08	12	288
Reinitializing complex 8, running simulations.
Complex 8 with parameter deviation 9.83e-03 replaced with parameter deviation 0.73
Reinitializing complex 6, running simulations.
Complex 6 with parameter deviation 7.40e-03 replaced with parameter deviation 0.76
266		10820.67	3.464e-07	1.386e-02	2.210e-08	12	288
267		10866.22	3.239e-07	1.386e-02	4.418e-08	12	288
Reinitializing complex 8, running simulations.
Complex 8 with parameter deviation 8.35e-03 replaced with parameter deviation 0.77
Reinitializing complex 6, running simulations.
Complex 6 with parameter deviation 9.96e-03 replaced with parameter deviation 0.71
Reinitializing complex 5, running simulations.
Complex 5 with parameter deviation 9.26e-03 replaced with parameter deviation 0.72
Reinitializing complex 2, running simulations.
Complex 2 with parameter deviation 7.59e-03 replaced with parameter deviation 0.76
268		10899.63	3.239e-07	1.267e-02	4.237e-08	12	288
Reinitializing complex 2, running simulations.
Complex 2 with parameter deviation 7.93e-03 replaced with parameter deviation 0.73
269		10957.92	3.239e-07	1.053e-02	4.237e-08	12	288
Reinitializing complex 8, running simulations.
Complex 8 with parameter deviation 8.93e-03 replaced with parameter deviation 0.72
Reinitializing complex 2, running simulations.
Complex 2 with parameter deviation 9.07e-03 replaced with parameter deviation 0.64
270		11000.22	3.239e-07	1.048e-02	4.237e-08	12	288
Reinitializing complex 8, running simulations.
Complex 8 with parameter deviation 8.90e-03 replaced with parameter deviation 0.72
Reinitializing complex 2, running simulations.
Complex 2 with parameter deviation 7.72e-03 replaced with parameter deviation 0.77
271		11051.16	3.194e-07	8.749e-03	4.533e-08	12	288
Reinitializing complex 8, running simulations.
Complex 8 with parameter deviation 6.98e-03 replaced with parameter deviation 0.73
Reinitializing complex 6, running simulations.
Complex 6 with parameter deviation 8.04e-03 replaced with parameter deviation 0.91
Reinitializing complex 2, running simulations.
Complex 2 with parameter deviation 7.62e-03 replaced with parameter deviation 0.76
272		11101.98	3.194e-07	1.227e-02	4.533e-08	12	288
Reinitializing complex 6, running simulations.
Complex 6 with parameter deviation 7.64e-03 replaced with parameter deviation 0.76
273		11153.94	3.128e-07	1.134e-02	5.111e-08	12	288
Reinitializing complex 7, running simulations.
Complex 7 with parameter deviation 8.75e-03 replaced with parameter deviation 0.70
Reinitializing complex 5, running simulations.
Complex 5 with parameter deviation 8.56e-03 replaced with parameter deviation 0.68
274		11194.86	3.128e-07	8.702e-03	5.091e-08	12	288
Reinitializing complex 2, running simulations.
Complex 2 with parameter deviation 9.98e-03 replaced with parameter deviation 0.67
275		11239.60	3.091e-07	7.112e-03	5.348e-08	12	288
Reinitializing complex 6, running simulations.
Complex 6 with parameter deviation 9.93e-03 replaced with parameter deviation 0.71
276		11281.44	3.071e-07	9.765e-03	5.433e-08	12	288
Reinitializing complex 7, running simulations.
Complex 7 with parameter deviation 9.28e-03 replaced with parameter deviation 0.74
Reinitializing complex 6, running simulations.
Complex 6 with parameter deviation 9.91e-03 replaced with parameter deviation 0.66
Reinitializing complex 5, running simulations.
Complex 5 with parameter deviation 7.78e-03 replaced with parameter deviation 0.78
277		11323.64	3.046e-07	1.085e-02	5.682e-08	12	288
Reinitializing complex 6, running simulations.
Complex 6 with parameter deviation 6.14e-03 replaced with parameter deviation 0.83
Reinitializing complex 5, running simulations.
Complex 5 with parameter deviation 8.83e-03 replaced with parameter deviation 0.76
278		11375.50	3.046e-07	1.165e-02	5.557e-08	12	288
Reinitializing complex 6, running simulations.
Complex 6 with parameter deviation 6.55e-03 replaced with parameter deviation 0.79
279		11426.80	3.042e-07	1.281e-02	5.550e-08	12	288
Reinitializing complex 6, running simulations.
Complex 6 with parameter deviation 6.63e-03 replaced with parameter deviation 0.73
280		11468.14	3.027e-07	1.043e-02	5.584e-08	12	288
281		11509.75	2.997e-07	1.029e-02	4.673e-08	12	288
Reinitializing complex 7, running simulations.
Complex 7 with parameter deviation 8.74e-03 replaced with parameter deviation 0.74
282		11542.57	2.849e-07	1.212e-02	3.902e-08	12	288
Reinitializing complex 7, running simulations.
Complex 7 with parameter deviation 8.77e-03 replaced with parameter deviation 0.77
Reinitializing complex 6, running simulations.
Complex 6 with parameter deviation 6.27e-03 replaced with parameter deviation 0.73
283		11583.68	2.761e-07	1.143e-02	4.778e-08	12	288
Reinitializing complex 8, running simulations.
Complex 8 with parameter deviation 9.54e-03 replaced with parameter deviation 0.64
Reinitializing complex 7, running simulations.
Complex 7 with parameter deviation 5.97e-03 replaced with parameter deviation 0.70
Reinitializing complex 6, running simulations.
Complex 6 with parameter deviation 7.32e-03 replaced with parameter deviation 0.80
284		11630.50	2.756e-07	1.450e-02	4.832e-08	12	288
Reinitializing complex 7, running simulations.
Complex 7 with parameter deviation 5.01e-03 replaced with parameter deviation 0.66
Reinitializing complex 6, running simulations.
Complex 6 with parameter deviation 6.12e-03 replaced with parameter deviation 0.71
285		11683.95	2.685e-07	1.132e-02	5.536e-08	12	288
Reinitializing complex 8, running simulations.
Complex 8 with parameter deviation 8.86e-03 replaced with parameter deviation 0.74
Reinitializing complex 7, running simulations.
Complex 7 with parameter deviation 9.25e-03 replaced with parameter deviation 0.72
Reinitializing complex 6, running simulations.
Complex 6 with parameter deviation 4.97e-03 replaced with parameter deviation 0.73
286		11730.24	2.677e-07	8.179e-03	5.166e-08	12	288
Reinitializing complex 8, running simulations.
Complex 8 with parameter deviation 8.17e-03 replaced with parameter deviation 0.87
Reinitializing complex 7, running simulations.
Complex 7 with parameter deviation 6.87e-03 replaced with parameter deviation 0.68
Reinitializing complex 6, running simulations.
Complex 6 with parameter deviation 6.85e-03 replaced with parameter deviation 0.80
287		11784.42	2.633e-07	1.105e-02	5.607e-08	12	288
Reinitializing complex 8, running simulations.
Complex 8 with parameter deviation 6.71e-03 replaced with parameter deviation 0.77
Reinitializing complex 7, running simulations.
Complex 7 with parameter deviation 8.64e-03 replaced with parameter deviation 0.60
Reinitializing complex 6, running simulations.
Complex 6 with parameter deviation 8.09e-03 replaced with parameter deviation 0.77
Reinitializing complex 2, running simulations.
Complex 2 with parameter deviation 9.83e-03 replaced with parameter deviation 0.79
288		11836.40	2.633e-07	1.416e-02	4.948e-08	12	288
Reinitializing complex 8, running simulations.
Complex 8 with parameter deviation 9.36e-03 replaced with parameter deviation 0.86
Reinitializing complex 7, running simulations.
Complex 7 with parameter deviation 7.51e-03 replaced with parameter deviation 0.59
Reinitializing complex 6, running simulations.
Complex 6 with parameter deviation 7.07e-03 replaced with parameter deviation 0.94
Reinitializing complex 2, running simulations.
Complex 2 with parameter deviation 8.51e-03 replaced with parameter deviation 0.79
289		11898.19	2.609e-07	9.004e-03	5.189e-08	12	288
Reinitializing complex 9, running simulations.
Complex 9 with parameter deviation 9.88e-03 replaced with parameter deviation 0.86
Reinitializing complex 7, running simulations.
Complex 7 with parameter deviation 5.74e-03 replaced with parameter deviation 0.67
290		11953.78	2.537e-07	1.103e-02	5.538e-08	12	288
Reinitializing complex 8, running simulations.
Complex 8 with parameter deviation 9.07e-03 replaced with parameter deviation 0.76
Reinitializing complex 7, running simulations.
Complex 7 with parameter deviation 7.71e-03 replaced with parameter deviation 0.66
291		11998.27	2.493e-07	9.655e-03	5.786e-08	12	288
Reinitializing complex 8, running simulations.
Complex 8 with parameter deviation 7.47e-03 replaced with parameter deviation 0.85
292		12047.01	2.412e-07	1.538e-02	6.339e-08	12	288
Reinitializing complex 8, running simulations.
Complex 8 with parameter deviation 7.50e-03 replaced with parameter deviation 0.73
293		12088.40	2.395e-07	1.184e-02	6.509e-08	12	288
Reinitializing complex 9, running simulations.
Complex 9 with parameter deviation 6.07e-03 replaced with parameter deviation 0.76
294		12130.20	2.336e-07	9.158e-03	7.068e-08	12	288
Reinitializing complex 9, running simulations.
Complex 9 with parameter deviation 5.51e-03 replaced with parameter deviation 0.76
Reinitializing complex 8, running simulations.
Complex 8 with parameter deviation 7.54e-03 replaced with parameter deviation 0.81
295		12172.46	2.320e-07	1.396e-02	7.069e-08	12	288
Reinitializing complex 9, running simulations.
Complex 9 with parameter deviation 5.70e-03 replaced with parameter deviation 0.74
Reinitializing complex 8, running simulations.
Complex 8 with parameter deviation 7.22e-03 replaced with parameter deviation 0.76
Reinitializing complex 6, running simulations.
Complex 6 with parameter deviation 8.85e-03 replaced with parameter deviation 0.79
296		12216.38	2.320e-07	1.263e-02	6.767e-08	12	288
Reinitializing complex 8, running simulations.
Complex 8 with parameter deviation 8.35e-03 replaced with parameter deviation 0.77
297		12270.79	2.301e-07	1.251e-02	5.476e-08	12	288
Reinitializing complex 9, running simulations.
Complex 9 with parameter deviation 6.45e-03 replaced with parameter deviation 0.72
Reinitializing complex 8, running simulations.
Complex 8 with parameter deviation 8.54e-03 replaced with parameter deviation 0.80
Reinitializing complex 4, running simulations.
Complex 4 with parameter deviation 9.76e-03 replaced with parameter deviation 0.78
Reinitializing complex 3, running simulations.
Complex 3 with parameter deviation 9.09e-03 replaced with parameter deviation 0.66
Reinitializing complex 1, running simulations.
Complex 1 with parameter deviation 8.45e-03 replaced with parameter deviation 0.90
298		12308.42	2.288e-07	1.188e-02	4.726e-08	12	288
Reinitializing complex 9, running simulations.
Complex 9 with parameter deviation 9.76e-03 replaced with parameter deviation 0.71
Reinitializing complex 7, running simulations.
Complex 7 with parameter deviation 8.78e-03 replaced with parameter deviation 0.73
Reinitializing complex 3, running simulations.
Complex 3 with parameter deviation 6.97e-03 replaced with parameter deviation 0.79
299		12374.11	2.251e-07	1.383e-02	5.051e-08	12	288
Reinitializing complex 9, running simulations.
Complex 9 with parameter deviation 8.34e-03 replaced with parameter deviation 0.78
300		12427.34	2.251e-07	1.260e-02	4.347e-08	12	288
Reinitializing complex 2, running simulations.
Complex 2 with parameter deviation 9.17e-03 replaced with parameter deviation 0.63
301		12466.58	2.251e-07	1.325e-02	4.269e-08	12	288
Reinitializing complex 9, running simulations.
Complex 9 with parameter deviation 9.64e-03 replaced with parameter deviation 0.63
Reinitializing complex 3, running simulations.
Complex 3 with parameter deviation 8.99e-03 replaced with parameter deviation 0.68
302		12508.65	2.242e-07	9.297e-03	3.909e-08	12	288
Reinitializing complex 9, running simulations.
Complex 9 with parameter deviation 9.15e-03 replaced with parameter deviation 0.76
Reinitializing complex 8, running simulations.
Complex 8 with parameter deviation 6.02e-03 replaced with parameter deviation 0.71
Reinitializing complex 3, running simulations.
Complex 3 with parameter deviation 7.74e-03 replaced with parameter deviation 0.69
Reinitializing complex 2, running simulations.
Complex 2 with parameter deviation 8.96e-03 replaced with parameter deviation 0.67
303		12557.06	2.221e-07	1.348e-02	4.126e-08	12	288
Reinitializing complex 9, running simulations.
Complex 9 with parameter deviation 7.38e-03 replaced with parameter deviation 0.61
Reinitializing complex 3, running simulations.
Complex 3 with parameter deviation 7.94e-03 replaced with parameter deviation 0.73
Reinitializing complex 2, running simulations.
Complex 2 with parameter deviation 9.21e-03 replaced with parameter deviation 0.71
304		12617.58	2.217e-07	1.127e-02	3.926e-08	12	288
Reinitializing complex 9, running simulations.
Complex 9 with parameter deviation 7.13e-03 replaced with parameter deviation 0.68
Reinitializing complex 8, running simulations.
Complex 8 with parameter deviation 8.68e-03 replaced with parameter deviation 0.61
Reinitializing complex 4, running simulations.
Complex 4 with parameter deviation 9.72e-03 replaced with parameter deviation 0.77
Reinitializing complex 2, running simulations.
Complex 2 with parameter deviation 9.30e-03 replaced with parameter deviation 0.79
305		12672.12	2.207e-07	1.389e-02	3.303e-08	12	288
Reinitializing complex 9, running simulations.
Complex 9 with parameter deviation 7.00e-03 replaced with parameter deviation 0.66
Reinitializing complex 8, running simulations.
Complex 8 with parameter deviation 7.41e-03 replaced with parameter deviation 0.68
306		12731.82	2.197e-07	1.428e-02	2.956e-08	12	288
Reinitializing complex 9, running simulations.
Complex 9 with parameter deviation 6.45e-03 replaced with parameter deviation 0.70
307		12778.29	2.197e-07	1.268e-02	2.147e-08	12	288
Reinitializing complex 8, running simulations.
Complex 8 with parameter deviation 9.07e-03 replaced with parameter deviation 0.76
Reinitializing complex 4, running simulations.
Complex 4 with parameter deviation 9.43e-03 replaced with parameter deviation 0.70
308		12817.48	2.197e-07	8.973e-03	1.977e-08	12	288
Reinitializing complex 4, running simulations.
Complex 4 with parameter deviation 8.71e-03 replaced with parameter deviation 0.93
Reinitializing complex 3, running simulations.
Complex 3 with parameter deviation 5.37e-03 replaced with parameter deviation 0.68
309		12864.70	2.197e-07	1.407e-02	1.384e-08	12	288
Reinitializing complex 4, running simulations.
Complex 4 with parameter deviation 8.14e-03 replaced with parameter deviation 0.81
310		12909.41	2.193e-07	1.509e-02	1.276e-08	12	288
Reinitializing complex 4, running simulations.
Complex 4 with parameter deviation 4.50e-03 replaced with parameter deviation 0.68
Reinitializing complex 3, running simulations.
Complex 3 with parameter deviation 6.98e-03 replaced with parameter deviation 0.77
Reinitializing complex 2, running simulations.
Complex 2 with parameter deviation 8.98e-03 replaced with parameter deviation 0.89
311		12950.05	2.193e-07	1.252e-02	1.277e-08	12	288
Reinitializing complex 4, running simulations.
Complex 4 with parameter deviation 5.26e-03 replaced with parameter deviation 0.84
Reinitializing complex 3, running simulations.
Complex 3 with parameter deviation 6.76e-03 replaced with parameter deviation 0.78
Reinitializing complex 2, running simulations.
Complex 2 with parameter deviation 8.19e-03 replaced with parameter deviation 0.92
312		13004.46	2.170e-07	1.085e-02	1.312e-08	12	288
Reinitializing complex 7, running simulations.
Complex 7 with parameter deviation 8.19e-03 replaced with parameter deviation 0.68
Reinitializing complex 4, running simulations.
Complex 4 with parameter deviation 7.91e-03 replaced with parameter deviation 0.77
Reinitializing complex 3, running simulations.
Complex 3 with parameter deviation 7.97e-03 replaced with parameter deviation 0.89
Reinitializing complex 2, running simulations.
Complex 2 with parameter deviation 6.68e-03 replaced with parameter deviation 0.68
313		13056.38	2.163e-07	1.410e-02	1.259e-08	12	288
Reinitializing complex 4, running simulations.
Complex 4 with parameter deviation 4.39e-03 replaced with parameter deviation 0.89
Reinitializing complex 3, running simulations.
Complex 3 with parameter deviation 9.52e-03 replaced with parameter deviation 0.79
Reinitializing complex 2, running simulations.
Complex 2 with parameter deviation 8.51e-03 replaced with parameter deviation 0.70
314		13119.15	2.106e-07	9.239e-03	1.441e-08	12	288
Reinitializing complex 9, running simulations.
Complex 9 with parameter deviation 9.62e-03 replaced with parameter deviation 0.84
Reinitializing complex 4, running simulations.
Complex 4 with parameter deviation 4.61e-03 replaced with parameter deviation 0.77
Reinitializing complex 2, running simulations.
Complex 2 with parameter deviation 7.19e-03 replaced with parameter deviation 0.79
315		13168.57	2.082e-07	1.054e-02	1.686e-08	12	288
Reinitializing complex 6, running simulations.
Complex 6 with parameter deviation 9.66e-03 replaced with parameter deviation 0.82
Reinitializing complex 4, running simulations.
Complex 4 with parameter deviation 5.44e-03 replaced with parameter deviation 0.83
Reinitializing complex 1, running simulations.
Complex 1 with parameter deviation 9.09e-03 replaced with parameter deviation 0.83
316		13221.17	2.047e-07	1.358e-02	2.038e-08	12	288
Reinitializing complex 7, running simulations.
Complex 7 with parameter deviation 8.47e-03 replaced with parameter deviation 0.79
Reinitializing complex 4, running simulations.
Complex 4 with parameter deviation 9.22e-03 replaced with parameter deviation 0.76
Reinitializing complex 2, running simulations.
Complex 2 with parameter deviation 8.48e-03 replaced with parameter deviation 0.96
317		13270.32	2.047e-07	1.050e-02	1.957e-08	12	288
Reinitializing complex 4, running simulations.
Complex 4 with parameter deviation 4.42e-03 replaced with parameter deviation 0.80
Reinitializing complex 3, running simulations.
Complex 3 with parameter deviation 8.38e-03 replaced with parameter deviation 0.71
318		13320.83	1.997e-07	1.075e-02	2.236e-08	12	288
Reinitializing complex 9, running simulations.
Complex 9 with parameter deviation 8.88e-03 replaced with parameter deviation 0.62
Reinitializing complex 5, running simulations.
Complex 5 with parameter deviation 9.67e-03 replaced with parameter deviation 0.72
Reinitializing complex 4, running simulations.
Complex 4 with parameter deviation 4.99e-03 replaced with parameter deviation 0.75
319		13367.37	1.945e-07	1.101e-02	2.716e-08	12	288
Reinitializing complex 9, running simulations.
Complex 9 with parameter deviation 8.88e-03 replaced with parameter deviation 0.69
Reinitializing complex 7, running simulations.
Complex 7 with parameter deviation 9.20e-03 replaced with parameter deviation 0.62
Reinitializing complex 5, running simulations.
Complex 5 with parameter deviation 7.44e-03 replaced with parameter deviation 0.72
Reinitializing complex 4, running simulations.
Complex 4 with parameter deviation 5.55e-03 replaced with parameter deviation 0.79
Reinitializing complex 3, running simulations.
Complex 3 with parameter deviation 8.35e-03 replaced with parameter deviation 0.70
320		13420.09	1.935e-07	1.193e-02	2.716e-08	12	288
Reinitializing complex 7, running simulations.
Complex 7 with parameter deviation 9.27e-03 replaced with parameter deviation 0.72
Reinitializing complex 4, running simulations.
Complex 4 with parameter deviation 4.71e-03 replaced with parameter deviation 0.64
321		13485.15	1.935e-07	1.541e-02	2.622e-08	12	288
Reinitializing complex 5, running simulations.
Complex 5 with parameter deviation 9.18e-03 replaced with parameter deviation 0.82
Reinitializing complex 4, running simulations.
Complex 4 with parameter deviation 5.56e-03 replaced with parameter deviation 0.85
322		13528.81	1.921e-07	1.461e-02	2.763e-08	12	288
Reinitializing complex 8, running simulations.
Complex 8 with parameter deviation 8.72e-03 replaced with parameter deviation 0.74
Reinitializing complex 7, running simulations.
Complex 7 with parameter deviation 8.66e-03 replaced with parameter deviation 0.73
Reinitializing complex 5, running simulations.
Complex 5 with parameter deviation 8.61e-03 replaced with parameter deviation 0.76
Reinitializing complex 4, running simulations.
Complex 4 with parameter deviation 4.21e-03 replaced with parameter deviation 0.70
Reinitializing complex 1, running simulations.
Complex 1 with parameter deviation 9.99e-03 replaced with parameter deviation 0.74
323		13575.44	1.913e-07	1.067e-02	2.846e-08	12	288
Reinitializing complex 7, running simulations.
Complex 7 with parameter deviation 9.09e-03 replaced with parameter deviation 0.68
Reinitializing complex 5, running simulations.
Complex 5 with parameter deviation 8.41e-03 replaced with parameter deviation 0.62
Reinitializing complex 4, running simulations.
Complex 4 with parameter deviation 3.13e-03 replaced with parameter deviation 0.80
324		13642.33	1.894e-07	1.455e-02	3.035e-08	12	288
Reinitializing complex 7, running simulations.
Complex 7 with parameter deviation 8.35e-03 replaced with parameter deviation 0.83
Reinitializing complex 6, running simulations.
Complex 6 with parameter deviation 8.63e-03 replaced with parameter deviation 0.73
Reinitializing complex 4, running simulations.
Complex 4 with parameter deviation 2.80e-03 replaced with parameter deviation 0.76
325		13692.57	1.890e-07	1.414e-02	3.024e-08	12	288
Reinitializing complex 8, running simulations.
Complex 8 with parameter deviation 8.14e-03 replaced with parameter deviation 0.75
Reinitializing complex 6, running simulations.
Complex 6 with parameter deviation 8.78e-03 replaced with parameter deviation 0.83
Reinitializing complex 4, running simulations.
Complex 4 with parameter deviation 4.47e-03 replaced with parameter deviation 0.71
Reinitializing complex 2, running simulations.
Complex 2 with parameter deviation 9.69e-03 replaced with parameter deviation 0.69
326		13746.60	1.890e-07	1.091e-02	3.023e-08	12	288
Reinitializing complex 6, running simulations.
Complex 6 with parameter deviation 6.92e-03 replaced with parameter deviation 0.66
Reinitializing complex 4, running simulations.
Complex 4 with parameter deviation 4.32e-03 replaced with parameter deviation 0.65
Reinitializing complex 2, running simulations.
Complex 2 with parameter deviation 9.05e-03 replaced with parameter deviation 0.85
327		13803.56	1.886e-07	1.002e-02	2.842e-08	12	288
Reinitializing complex 8, running simulations.
Complex 8 with parameter deviation 9.77e-03 replaced with parameter deviation 0.74
Reinitializing complex 6, running simulations.
Complex 6 with parameter deviation 6.95e-03 replaced with parameter deviation 0.87
Reinitializing complex 4, running simulations.
Complex 4 with parameter deviation 5.32e-03 replaced with parameter deviation 0.73
328		13856.35	1.873e-07	1.405e-02	2.900e-08	12	288
Reinitializing complex 8, running simulations.
Complex 8 with parameter deviation 8.42e-03 replaced with parameter deviation 0.77
Reinitializing complex 7, running simulations.
Complex 7 with parameter deviation 9.47e-03 replaced with parameter deviation 0.80
Reinitializing complex 6, running simulations.
Complex 6 with parameter deviation 5.83e-03 replaced with parameter deviation 0.68
Reinitializing complex 1, running simulations.
Complex 1 with parameter deviation 7.43e-03 replaced with parameter deviation 0.94
329		13910.41	1.873e-07	1.109e-02	2.338e-08	12	288
Reinitializing complex 7, running simulations.
Complex 7 with parameter deviation 8.56e-03 replaced with parameter deviation 0.66
Reinitializing complex 6, running simulations.
Complex 6 with parameter deviation 6.31e-03 replaced with parameter deviation 0.84
Reinitializing complex 1, running simulations.
Complex 1 with parameter deviation 8.75e-03 replaced with parameter deviation 0.71
330		13968.46	1.867e-07	9.753e-03	2.148e-08	12	288
Reinitializing complex 7, running simulations.
Complex 7 with parameter deviation 9.32e-03 replaced with parameter deviation 0.69
Reinitializing complex 6, running simulations.
Complex 6 with parameter deviation 5.23e-03 replaced with parameter deviation 0.72
Reinitializing complex 1, running simulations.
Complex 1 with parameter deviation 6.84e-03 replaced with parameter deviation 0.90
331		14018.87	1.863e-07	1.524e-02	1.839e-08	12	288
Reinitializing complex 6, running simulations.
Complex 6 with parameter deviation 5.64e-03 replaced with parameter deviation 0.59
Reinitializing complex 1, running simulations.
Complex 1 with parameter deviation 7.69e-03 replaced with parameter deviation 0.67
332		14071.96	1.860e-07	9.962e-03	1.864e-08	12	288
Reinitializing complex 7, running simulations.
Complex 7 with parameter deviation 9.17e-03 replaced with parameter deviation 0.71
Reinitializing complex 1, running simulations.
Complex 1 with parameter deviation 6.22e-03 replaced with parameter deviation 0.84
333		14119.03	1.858e-07	1.396e-02	1.388e-08	12	288
Reinitializing complex 7, running simulations.
Complex 7 with parameter deviation 9.64e-03 replaced with parameter deviation 0.62
Reinitializing complex 6, running simulations.
Complex 6 with parameter deviation 9.34e-03 replaced with parameter deviation 0.72
Reinitializing complex 1, running simulations.
Complex 1 with parameter deviation 7.64e-03 replaced with parameter deviation 0.82
334		14166.07	1.844e-07	1.690e-02	1.009e-08	12	288
Reinitializing complex 7, running simulations.
Complex 7 with parameter deviation 7.62e-03 replaced with parameter deviation 0.65
Reinitializing complex 6, running simulations.
Complex 6 with parameter deviation 7.13e-03 replaced with parameter deviation 0.64
Reinitializing complex 2, running simulations.
Complex 2 with parameter deviation 9.18e-03 replaced with parameter deviation 0.79
Reinitializing complex 1, running simulations.
Complex 1 with parameter deviation 7.41e-03 replaced with parameter deviation 0.63
335		14220.97	1.829e-07	1.187e-02	1.063e-08	12	288
Reinitializing complex 7, running simulations.
Complex 7 with parameter deviation 7.21e-03 replaced with parameter deviation 0.70
Reinitializing complex 6, running simulations.
Complex 6 with parameter deviation 9.53e-03 replaced with parameter deviation 0.72
Reinitializing complex 2, running simulations.
Complex 2 with parameter deviation 8.09e-03 replaced with parameter deviation 0.77
Reinitializing complex 1, running simulations.
Complex 1 with parameter deviation 5.79e-03 replaced with parameter deviation 0.86
336		14278.05	1.818e-07	1.478e-02	1.166e-08	12	288
Reinitializing complex 8, running simulations.
Complex 8 with parameter deviation 8.64e-03 replaced with parameter deviation 0.67
Reinitializing complex 7, running simulations.
Complex 7 with parameter deviation 9.16e-03 replaced with parameter deviation 0.73
Reinitializing complex 6, running simulations.
Complex 6 with parameter deviation 8.11e-03 replaced with parameter deviation 0.69
Reinitializing complex 2, running simulations.
Complex 2 with parameter deviation 8.08e-03 replaced with parameter deviation 0.86
Reinitializing complex 1, running simulations.
Complex 1 with parameter deviation 4.96e-03 replaced with parameter deviation 0.80
337		14339.46	1.809e-07	1.186e-02	1.115e-08	12	288
Reinitializing complex 8, running simulations.
Complex 8 with parameter deviation 9.78e-03 replaced with parameter deviation 0.70
Reinitializing complex 2, running simulations.
Complex 2 with parameter deviation 7.83e-03 replaced with parameter deviation 0.66
Reinitializing complex 1, running simulations.
Complex 1 with parameter deviation 5.12e-03 replaced with parameter deviation 0.78
338		14405.77	1.801e-07	1.356e-02	1.118e-08	12	288
Reinitializing complex 7, running simulations.
Complex 7 with parameter deviation 6.91e-03 replaced with parameter deviation 0.70
Reinitializing complex 6, running simulations.
Complex 6 with parameter deviation 7.87e-03 replaced with parameter deviation 0.79
Reinitializing complex 2, running simulations.
Complex 2 with parameter deviation 7.83e-03 replaced with parameter deviation 0.78
Reinitializing complex 1, running simulations.
Complex 1 with parameter deviation 5.52e-03 replaced with parameter deviation 0.72
339		14455.42	1.779e-07	6.358e-03	1.149e-08	12	288
Reinitializing complex 8, running simulations.
Complex 8 with parameter deviation 7.63e-03 replaced with parameter deviation 0.71
Reinitializing complex 7, running simulations.
Complex 7 with parameter deviation 8.92e-03 replaced with parameter deviation 0.79
Reinitializing complex 6, running simulations.
Complex 6 with parameter deviation 6.94e-03 replaced with parameter deviation 0.82
340		14514.45	1.701e-07	1.028e-02	1.890e-08	12	288
Reinitializing complex 8, running simulations.
Complex 8 with parameter deviation 7.81e-03 replaced with parameter deviation 0.59
Reinitializing complex 7, running simulations.
Complex 7 with parameter deviation 9.08e-03 replaced with parameter deviation 0.72
Reinitializing complex 6, running simulations.
Complex 6 with parameter deviation 6.99e-03 replaced with parameter deviation 0.75
341		14562.80	1.701e-07	1.279e-02	1.890e-08	12	288
Reinitializing complex 8, running simulations.
Complex 8 with parameter deviation 8.24e-03 replaced with parameter deviation 0.77
Reinitializing complex 7, running simulations.
Complex 7 with parameter deviation 6.62e-03 replaced with parameter deviation 0.73
Reinitializing complex 6, running simulations.
Complex 6 with parameter deviation 5.85e-03 replaced with parameter deviation 0.70
Reinitializing complex 2, running simulations.
Complex 2 with parameter deviation 6.65e-03 replaced with parameter deviation 0.74
342		14615.90	1.682e-07	1.222e-02	2.038e-08	12	288
Reinitializing complex 8, running simulations.
Complex 8 with parameter deviation 9.88e-03 replaced with parameter deviation 0.69
Reinitializing complex 2, running simulations.
Complex 2 with parameter deviation 7.24e-03 replaced with parameter deviation 0.90
Reinitializing complex 1, running simulations.
Complex 1 with parameter deviation 5.99e-03 replaced with parameter deviation 0.67
343		14671.92	1.681e-07	1.289e-02	1.919e-08	12	288
Reinitializing complex 8, running simulations.
Complex 8 with parameter deviation 9.88e-03 replaced with parameter deviation 0.62
Reinitializing complex 6, running simulations.
Complex 6 with parameter deviation 7.90e-03 replaced with parameter deviation 0.75
Reinitializing complex 3, running simulations.
Complex 3 with parameter deviation 9.17e-03 replaced with parameter deviation 0.70
Reinitializing complex 2, running simulations.
Complex 2 with parameter deviation 6.77e-03 replaced with parameter deviation 0.79
Reinitializing complex 1, running simulations.
Complex 1 with parameter deviation 6.21e-03 replaced with parameter deviation 0.83
344		14725.78	1.681e-07	8.391e-03	1.919e-08	12	288
Reinitializing complex 8, running simulations.
Complex 8 with parameter deviation 6.99e-03 replaced with parameter deviation 0.62
Reinitializing complex 6, running simulations.
Complex 6 with parameter deviation 8.14e-03 replaced with parameter deviation 0.67
Reinitializing complex 2, running simulations.
Complex 2 with parameter deviation 7.58e-03 replaced with parameter deviation 0.63
Reinitializing complex 1, running simulations.
Complex 1 with parameter deviation 4.36e-03 replaced with parameter deviation 0.68
345		14788.51	1.672e-07	1.411e-02	1.953e-08	12	288
Reinitializing complex 8, running simulations.
Complex 8 with parameter deviation 8.16e-03 replaced with parameter deviation 0.77
Reinitializing complex 1, running simulations.
Complex 1 with parameter deviation 4.47e-03 replaced with parameter deviation 0.72
346		14846.70	1.665e-07	1.292e-02	1.982e-08	12	288
Reinitializing complex 8, running simulations.
Complex 8 with parameter deviation 8.27e-03 replaced with parameter deviation 0.76
Reinitializing complex 1, running simulations.
Complex 1 with parameter deviation 4.08e-03 replaced with parameter deviation 0.75
347		14889.62	1.646e-07	1.069e-02	2.142e-08	12	288
Reinitializing complex 8, running simulations.
Complex 8 with parameter deviation 6.53e-03 replaced with parameter deviation 0.69
Reinitializing complex 1, running simulations.
Complex 1 with parameter deviation 5.36e-03 replaced with parameter deviation 0.65
348		14936.88	1.608e-07	1.215e-02	2.507e-08	12	288
Reinitializing complex 7, running simulations.
Complex 7 with parameter deviation 9.78e-03 replaced with parameter deviation 0.71
Reinitializing complex 1, running simulations.
Complex 1 with parameter deviation 4.58e-03 replaced with parameter deviation 0.73
349		14980.59	1.557e-07	8.344e-03	2.869e-08	12	288
Reinitializing complex 7, running simulations.
Complex 7 with parameter deviation 8.77e-03 replaced with parameter deviation 0.72
Reinitializing complex 1, running simulations.
Complex 1 with parameter deviation 8.49e-03 replaced with parameter deviation 0.69
350		15023.74	1.504e-07	6.630e-03	3.248e-08	12	288
Reinitializing complex 8, running simulations.
Complex 8 with parameter deviation 7.43e-03 replaced with parameter deviation 0.80
Reinitializing complex 1, running simulations.
Complex 1 with parameter deviation 6.41e-03 replaced with parameter deviation 0.71
351		15067.54	1.441e-07	1.539e-02	3.776e-08	12	288
Reinitializing complex 8, running simulations.
Complex 8 with parameter deviation 8.00e-03 replaced with parameter deviation 0.66
Reinitializing complex 1, running simulations.
Complex 1 with parameter deviation 5.12e-03 replaced with parameter deviation 0.74
352		15115.27	1.406e-07	1.281e-02	4.036e-08	12	288
Reinitializing complex 8, running simulations.
Complex 8 with parameter deviation 8.41e-03 replaced with parameter deviation 0.72
Reinitializing complex 1, running simulations.
Complex 1 with parameter deviation 4.37e-03 replaced with parameter deviation 0.70
353		15160.89	1.342e-07	1.455e-02	4.593e-08	12	288
Reinitializing complex 8, running simulations.
Complex 8 with parameter deviation 7.80e-03 replaced with parameter deviation 0.89
Reinitializing complex 1, running simulations.
Complex 1 with parameter deviation 3.58e-03 replaced with parameter deviation 0.76
354		15208.21	1.342e-07	1.078e-02	4.372e-08	12	288
Reinitializing complex 8, running simulations.
Complex 8 with parameter deviation 8.39e-03 replaced with parameter deviation 0.68
Reinitializing complex 1, running simulations.
Complex 1 with parameter deviation 6.05e-03 replaced with parameter deviation 0.84
355		15254.53	1.332e-07	1.270e-02	3.696e-08	12	288
Reinitializing complex 8, running simulations.
Complex 8 with parameter deviation 8.04e-03 replaced with parameter deviation 0.81
356		15300.12	1.332e-07	1.213e-02	3.696e-08	12	288
Reinitializing complex 4, running simulations.
Complex 4 with parameter deviation 8.33e-03 replaced with parameter deviation 0.85
Reinitializing complex 3, running simulations.
Complex 3 with parameter deviation 8.17e-03 replaced with parameter deviation 0.81
Reinitializing complex 2, running simulations.
Complex 2 with parameter deviation 9.17e-03 replaced with parameter deviation 0.79
357		15339.98	1.327e-07	1.106e-02	3.550e-08	12	288
Reinitializing complex 4, running simulations.
Complex 4 with parameter deviation 9.87e-03 replaced with parameter deviation 0.81
Reinitializing complex 2, running simulations.
Complex 2 with parameter deviation 8.70e-03 replaced with parameter deviation 0.84
Reinitializing complex 1, running simulations.
Complex 1 with parameter deviation 9.76e-03 replaced with parameter deviation 0.69
358		15395.87	1.296e-07	1.059e-02	3.844e-08	12	288
Reinitializing complex 4, running simulations.
Complex 4 with parameter deviation 9.70e-03 replaced with parameter deviation 0.64
Reinitializing complex 3, running simulations.
Complex 3 with parameter deviation 7.27e-03 replaced with parameter deviation 0.82
Reinitializing complex 1, running simulations.
Complex 1 with parameter deviation 7.47e-03 replaced with parameter deviation 0.76
359		15448.07	1.296e-07	1.273e-02	3.844e-08	12	288
Reinitializing complex 4, running simulations.
Complex 4 with parameter deviation 8.36e-03 replaced with parameter deviation 0.84
Reinitializing complex 3, running simulations.
Complex 3 with parameter deviation 6.98e-03 replaced with parameter deviation 0.81
Reinitializing complex 2, running simulations.
Complex 2 with parameter deviation 9.29e-03 replaced with parameter deviation 0.84
Reinitializing complex 1, running simulations.
Complex 1 with parameter deviation 6.45e-03 replaced with parameter deviation 0.79
360		15503.77	1.296e-07	1.397e-02	3.763e-08	12	288
Reinitializing complex 1, running simulations.
Complex 1 with parameter deviation 6.22e-03 replaced with parameter deviation 0.76
361		15563.56	1.276e-07	8.962e-03	3.886e-08	12	288
Reinitializing complex 4, running simulations.
Complex 4 with parameter deviation 9.49e-03 replaced with parameter deviation 0.64
Reinitializing complex 3, running simulations.
Complex 3 with parameter deviation 8.96e-03 replaced with parameter deviation 0.68
Reinitializing complex 2, running simulations.
Complex 2 with parameter deviation 9.90e-03 replaced with parameter deviation 0.63
Reinitializing complex 1, running simulations.
Complex 1 with parameter deviation 5.12e-03 replaced with parameter deviation 0.75
362		15603.57	1.249e-07	1.568e-02	3.968e-08	12	288
Reinitializing complex 3, running simulations.
Complex 3 with parameter deviation 6.84e-03 replaced with parameter deviation 0.82
Reinitializing complex 1, running simulations.
Complex 1 with parameter deviation 8.00e-03 replaced with parameter deviation 0.85
363		15665.52	1.249e-07	8.709e-03	3.583e-08	12	288
Reinitializing complex 4, running simulations.
Complex 4 with parameter deviation 9.51e-03 replaced with parameter deviation 0.82
Reinitializing complex 3, running simulations.
Complex 3 with parameter deviation 9.88e-03 replaced with parameter deviation 0.81
Reinitializing complex 1, running simulations.
Complex 1 with parameter deviation 5.97e-03 replaced with parameter deviation 0.66
364		15712.95	1.234e-07	1.111e-02	3.234e-08	12	288
Reinitializing complex 4, running simulations.
Complex 4 with parameter deviation 9.38e-03 replaced with parameter deviation 0.81
Reinitializing complex 1, running simulations.
Complex 1 with parameter deviation 5.61e-03 replaced with parameter deviation 0.66
365		15767.80	1.234e-07	8.694e-03	2.701e-08	12	288
Reinitializing complex 7, running simulations.
Complex 7 with parameter deviation 9.40e-03 replaced with parameter deviation 0.88
Reinitializing complex 4, running simulations.
Complex 4 with parameter deviation 8.64e-03 replaced with parameter deviation 0.89
Reinitializing complex 2, running simulations.
Complex 2 with parameter deviation 9.55e-03 replaced with parameter deviation 0.70
366		15812.97	1.221e-07	1.251e-02	2.197e-08	12	288
Reinitializing complex 4, running simulations.
Complex 4 with parameter deviation 8.79e-03 replaced with parameter deviation 0.83
Reinitializing complex 2, running simulations.
Complex 2 with parameter deviation 8.58e-03 replaced with parameter deviation 0.79
367		15871.15	1.214e-07	1.051e-02	1.920e-08	12	288
Reinitializing complex 7, running simulations.
Complex 7 with parameter deviation 9.41e-03 replaced with parameter deviation 0.95
Reinitializing complex 4, running simulations.
Complex 4 with parameter deviation 8.94e-03 replaced with parameter deviation 0.67
368		15917.97	1.191e-07	1.224e-02	1.502e-08	12	288
Reinitializing complex 4, running simulations.
Complex 4 with parameter deviation 8.00e-03 replaced with parameter deviation 0.82
Reinitializing complex 1, running simulations.
Complex 1 with parameter deviation 7.94e-03 replaced with parameter deviation 0.82
369		15962.72	1.174e-07	1.182e-02	1.676e-08	12	288
Reinitializing complex 4, running simulations.
Complex 4 with parameter deviation 6.82e-03 replaced with parameter deviation 0.81
Reinitializing complex 1, running simulations.
Complex 1 with parameter deviation 6.85e-03 replaced with parameter deviation 0.79
370		16014.24	1.174e-07	1.575e-02	1.578e-08	12	288
Reinitializing complex 7, running simulations.
Complex 7 with parameter deviation 8.85e-03 replaced with parameter deviation 0.70
Reinitializing complex 6, running simulations.
Complex 6 with parameter deviation 9.32e-03 replaced with parameter deviation 0.63
Reinitializing complex 4, running simulations.
Complex 4 with parameter deviation 8.43e-03 replaced with parameter deviation 0.98
Reinitializing complex 1, running simulations.
Complex 1 with parameter deviation 7.77e-03 replaced with parameter deviation 0.89
371		16060.42	1.174e-07	1.057e-02	1.578e-08	12	288
Reinitializing complex 7, running simulations.
Complex 7 with parameter deviation 9.30e-03 replaced with parameter deviation 0.65
Reinitializing complex 6, running simulations.
Complex 6 with parameter deviation 9.56e-03 replaced with parameter deviation 0.91
Reinitializing complex 4, running simulations.
Complex 4 with parameter deviation 7.04e-03 replaced with parameter deviation 0.71
Reinitializing complex 1, running simulations.
Complex 1 with parameter deviation 7.22e-03 replaced with parameter deviation 0.61
372		16120.95	1.169e-07	9.108e-03	1.582e-08	12	288
Reinitializing complex 6, running simulations.
Complex 6 with parameter deviation 8.19e-03 replaced with parameter deviation 0.78
Reinitializing complex 2, running simulations.
Complex 2 with parameter deviation 7.80e-03 replaced with parameter deviation 0.78
Reinitializing complex 1, running simulations.
Complex 1 with parameter deviation 8.09e-03 replaced with parameter deviation 0.76
373		16182.85	1.168e-07	9.537e-03	1.284e-08	12	288
Reinitializing complex 7, running simulations.
Complex 7 with parameter deviation 9.37e-03 replaced with parameter deviation 0.72
Reinitializing complex 6, running simulations.
Complex 6 with parameter deviation 8.08e-03 replaced with parameter deviation 0.84
Reinitializing complex 4, running simulations.
Complex 4 with parameter deviation 6.53e-03 replaced with parameter deviation 0.73
374		16240.71	1.163e-07	1.197e-02	1.331e-08	12	288
Reinitializing complex 6, running simulations.
Complex 6 with parameter deviation 8.28e-03 replaced with parameter deviation 0.76
Reinitializing complex 4, running simulations.
Complex 4 with parameter deviation 5.71e-03 replaced with parameter deviation 0.72
Reinitializing complex 3, running simulations.
Complex 3 with parameter deviation 9.51e-03 replaced with parameter deviation 0.65
Reinitializing complex 2, running simulations.
Complex 2 with parameter deviation 7.47e-03 replaced with parameter deviation 0.68
Reinitializing complex 1, running simulations.
Complex 1 with parameter deviation 8.73e-03 replaced with parameter deviation 0.80
375		16293.87	1.163e-07	1.354e-02	1.324e-08	12	288
Reinitializing complex 7, running simulations.
Complex 7 with parameter deviation 7.63e-03 replaced with parameter deviation 0.65
Reinitializing complex 4, running simulations.
Complex 4 with parameter deviation 4.13e-03 replaced with parameter deviation 0.78
Reinitializing complex 2, running simulations.
Complex 2 with parameter deviation 7.87e-03 replaced with parameter deviation 0.62
376		16362.54	1.157e-07	1.536e-02	1.193e-08	12	288
Reinitializing complex 7, running simulations.
Complex 7 with parameter deviation 6.40e-03 replaced with parameter deviation 0.76
Reinitializing complex 4, running simulations.
Complex 4 with parameter deviation 5.14e-03 replaced with parameter deviation 0.65
Reinitializing complex 2, running simulations.
Complex 2 with parameter deviation 8.86e-03 replaced with parameter deviation 0.80
377		16417.74	1.157e-07	8.227e-03	9.255e-09	12	288
Reinitializing complex 7, running simulations.
Complex 7 with parameter deviation 9.87e-03 replaced with parameter deviation 0.76
Reinitializing complex 5, running simulations.
Complex 5 with parameter deviation 9.95e-03 replaced with parameter deviation 0.64
Reinitializing complex 4, running simulations.
Complex 4 with parameter deviation 6.57e-03 replaced with parameter deviation 0.89
Reinitializing complex 2, running simulations.
Complex 2 with parameter deviation 6.57e-03 replaced with parameter deviation 0.91
378		16471.47	1.129e-07	1.388e-02	1.207e-08	12	288
Reinitializing complex 7, running simulations.
Complex 7 with parameter deviation 9.63e-03 replaced with parameter deviation 0.60
Reinitializing complex 5, running simulations.
Complex 5 with parameter deviation 6.88e-03 replaced with parameter deviation 0.77
Reinitializing complex 4, running simulations.
Complex 4 with parameter deviation 5.06e-03 replaced with parameter deviation 0.77
Reinitializing complex 3, running simulations.
Complex 3 with parameter deviation 7.37e-03 replaced with parameter deviation 0.82
Reinitializing complex 2, running simulations.
Complex 2 with parameter deviation 6.54e-03 replaced with parameter deviation 0.81
379		16532.07	1.129e-07	1.181e-02	1.053e-08	12	288
Reinitializing complex 6, running simulations.
Complex 6 with parameter deviation 9.22e-03 replaced with parameter deviation 0.61
Reinitializing complex 5, running simulations.
Complex 5 with parameter deviation 6.10e-03 replaced with parameter deviation 0.66
Reinitializing complex 4, running simulations.
Complex 4 with parameter deviation 5.01e-03 replaced with parameter deviation 0.71
Reinitializing complex 3, running simulations.
Complex 3 with parameter deviation 6.86e-03 replaced with parameter deviation 0.65
Reinitializing complex 2, running simulations.
Complex 2 with parameter deviation 8.18e-03 replaced with parameter deviation 0.72
380		16598.20	1.084e-07	1.438e-02	1.500e-08	12	288
Reinitializing complex 6, running simulations.
Complex 6 with parameter deviation 8.22e-03 replaced with parameter deviation 0.78
Reinitializing complex 5, running simulations.
Complex 5 with parameter deviation 8.52e-03 replaced with parameter deviation 0.82
Reinitializing complex 4, running simulations.
Complex 4 with parameter deviation 7.59e-03 replaced with parameter deviation 0.73
Reinitializing complex 2, running simulations.
Complex 2 with parameter deviation 5.51e-03 replaced with parameter deviation 0.69
381		16663.76	1.078e-07	1.239e-02	1.435e-08	12	288
Reinitializing complex 5, running simulations.
Complex 5 with parameter deviation 5.99e-03 replaced with parameter deviation 0.72
Reinitializing complex 4, running simulations.
Complex 4 with parameter deviation 8.20e-03 replaced with parameter deviation 0.63
Reinitializing complex 3, running simulations.
Complex 3 with parameter deviation 7.40e-03 replaced with parameter deviation 0.77
Reinitializing complex 2, running simulations.
Complex 2 with parameter deviation 9.60e-03 replaced with parameter deviation 0.58
382		16722.30	1.020e-07	1.143e-02	1.943e-08	12	288
Reinitializing complex 5, running simulations.
Complex 5 with parameter deviation 6.34e-03 replaced with parameter deviation 0.77
Reinitializing complex 4, running simulations.
Complex 4 with parameter deviation 4.77e-03 replaced with parameter deviation 0.73
Reinitializing complex 3, running simulations.
Complex 3 with parameter deviation 7.01e-03 replaced with parameter deviation 0.71
Reinitializing complex 2, running simulations.
Complex 2 with parameter deviation 8.80e-03 replaced with parameter deviation 0.75
383		16781.72	9.970e-08	1.224e-02	1.944e-08	12	288
A	 = 2.12e+12,
C0	 = 1.0,0.0,
Cpa	 = 1500.0,1100.0,
E	 = 1.80e+05,
Hp	 = 100216.95261994979,
K	 = 10000.0,100000000.0,
Value	 = 9.970213111339008e-08,
Xi	 = 0.7338086749851456,
eps	 = 0.9242852262017589,0.9193431738783298,
ka	 = 0.3,0.2,
n	 = 1.0083459038875269,
nO2	 = 0.0,
rho	 = 1683.0,1235.0,
Results saved to D:\workspace\JENSENHUGHES\optimization\optimizationPaper\config\E_Glass\hybrid\../../../results/E_Glass/hybrid/E_GlassOldConstWideHybrid3_solution.txt
