D:\workspace\JENSENHUGHES\optimization\optimizationPaper\config\E_Glass\hybrid\../../../results/E_Glass/hybrid/E_GlassConstWideHybrid Log file
!!python/object/apply:collections.defaultdict
args:
- &id001 !!python/name:builtins.bool ''
dictitems:
  Duraboard:
    CprampF:
    - 1.0
    - 1.0
    CprampT:
    - 0
    - 5000
    eps: 0.8
    krampF:
    - 0.075932
    - 0.090229
    - 0.104522
    - 0.122143
    - 0.14158
    - 0.163436
    - 0.190738
    - 0.221975
    krampT:
    - 203.035
    - 317.4028
    - 426.9164
    - 536.4182
    - 647.3003
    - 757.4803
    - 867.6409
    - 981.2546
    rho: 258
    thickness: 0.0254
  XiState:
  - unknowable
  cone:
    Tinit: 25
    activePhaseVars:
    - C0
    - rho
    - ka
    - kb
    - kc
    - kd
    - ke
    - Cpa
    - Cpb
    - Cpc
    - Cpd
    - Cpe
    - eps
    - K
    activeReactionVars:
    - A
    - E
    - n
    - Hp
    - nO2
    - Xi
    backBoundaryConditions:
      Tamb: 25
      htc: Auto
      type: INSULATED
    frontBoundaryConditions:
      Tamb: 25
      htc: Auto
    weight: 1.0
  cone1: !!python/object/apply:collections.defaultdict
    args:
    - *id001
    dictitems:
      Tinit: 25
      activePhaseVars:
      - C0
      - rho
      - ka
      - kb
      - kc
      - kd
      - ke
      - Cpa
      - Cpb
      - Cpc
      - Cpd
      - Cpe
      - eps
      - K
      activeReactionVars:
      - A
      - E
      - n
      - Hp
      - nO2
      - Xi
      backBoundaryConditions: !!python/object/apply:collections.defaultdict
        args:
        - *id001
        dictitems:
          Tamb: 25
          htc: Auto
          type: INSULATED
      columns:
      - 1
      depths:
      - 0
      file: ../../../data/E_Glass/E_GlassConstNominal_0_cone_Mass.csv
      finalThickness: false
      frontBoundaryConditions: !!python/object/apply:collections.defaultdict
        args:
        - *id001
        dictitems:
          Tamb: 25
          heatFlux: 25
          htc: 15
      initialThickness: 0.008
      names:
      - Mass
      time: 0
      types:
      - 1
      weight: 1.0
      weights:
      - 1
      width1: 0.1016
      width2: 0.1016
  configDir: D:\workspace\JENSENHUGHES\optimization\optimizationPaper\config\E_Glass\hybrid\
  dataSources:
    names:
    - cone1
    types:
    - cone
  dsc:
    activePhaseVars:
    - C0
    - Cpa
    - Cpb
    - Cpc
    - Cpd
    - Cpe
    activeReactionVars:
    - A
    - E
    - n
    - Hp
    dscO2: None
    weight: 1.0
  fdsPath: C:\Program Files\FDS\FDS6\bin
  name: E_GlassConstWideHybrid
  optimizeParams:
    absErr: 1e-7
    absRelErr: 5e-7
    elimThresh: 1e-2
    maxIter: 1000
    maxTime: 36000
    minIter: 5
    minP: 2
    opAlpha: 3
    opBeta: 3
    opP: 12
    opQ: 6
    opS: 24
    relErr: 1e-12
    relIter: 15
  outputParams:
    saveAllSamples: false
  phaseParams:
    C0:
    - - 1
      - 0
      - 1
    - - 0
      - 1189
      - 1189
    Cpa:
    - - None
      - 981
      - 1199
    - - None
      - 287.5
      - 4600
    Cpb:
    - - 0.0
      - 0.0
      - 0.0
    - - 0.0
      - 1189
      - 1189
    Cpc:
    - - 0.0
      - 0.0
      - 0.0
    - - 0.0
      - 0.0
      - 0.0
    Cpd:
    - - 0.0
      - 0.0
      - 0.0
    - - 0.0
      - 0.0
      - 0.0
    Cpe:
    - &id002
      - 0
      - 0
      - 1
    - *id002
    K:
    - - None
      - 2500
      - 40000
    - - 1e8
      - 1189
      - 1189
    eps:
    - - None
      - 0.235
      - 1.0
    - - None
      - 0.235
      - 1.0
    ka:
    - - None
      - 0.075
      - 1.2
    - - None
      - 0.05
      - 0.8
    kb:
    - - 0.0
      - 0.0
      - 0.0
    - - 0.0
      - 0.0
      - 0.0
    kc:
    - - 0.0
      - 0.0
      - 0.0
    - - 0.0
      - 0.0
      - 0.0
    kd:
    - - 0.0
      - 0.0
      - 0.0
    - - 0.0
      - 0.0
      - 0.0
    ke:
    - &id003
      - 0
      - 0
      - 1
    - *id003
    nO2:
    - - 0
      - 0
      - 1
    - - 0
      - 1189
      - 1189
    phases:
    - virgin
    - char
    rho:
    - - 1683
      - 1189
      - 1189
    - - 1235
      - 1189
      - 1189
  processParams:
    maxProcesses: 8
    multiprocess: true
  reactionParams:
    A:
    - - None
      - 3042000000000000.0
      - 3718000000000000.0
    E:
    - - None
      - 191700.0
      - 234300.0
    Hp:
    - - None
      - 148750.0
      - 2380000.0
    Xi:
    - - None
      - 0
      - 1
    n:
    - - None
      - 1.35
      - 1.65
    nO2:
    - - 0
      - 0
      - 1
    prodState:
    - 1
    reacState:
    - 0
    typeState:
    - 3
  reinitializeComplex: true
  restart: false
  resultsDir: ../../../results/E_Glass/hybrid/
  systemDir: D:\workspace\JENSENHUGHES\optimization\sourceCode\optimizationpython\src
  tga:
    activePhaseVars:
    - C0
    - rho
    activeReactionVars:
    - A
    - E
    - n
    tgaO2: None
    tgaOpt: 1
    weight: 1.0
  virtualExperiment: false
Loop	t (s)	Error Min	Error Max	ErrorRel	Comp	Samples
0		35.10	5.224e-05	3.836e-03	1.000e+00	12	288
1		71.52	2.877e-05	3.836e-03	1.000e+00	12	288
2		106.24	2.877e-05	3.836e-03	1.000e+00	12	288
3		127.61	2.571e-05	3.836e-03	1.000e+00	12	288
4		161.59	2.571e-05	3.836e-03	1.000e+00	12	288
5		196.13	2.177e-05	3.836e-03	1.000e+00	12	288
6		230.54	1.853e-05	3.836e-03	1.000e+00	12	288
7		266.48	1.627e-05	3.836e-03	1.000e+00	12	288
8		301.38	1.627e-05	3.836e-03	1.000e+00	12	288
9		336.38	1.549e-05	3.836e-03	1.000e+00	12	288
10		372.53	1.453e-05	3.676e-03	1.000e+00	12	288
11		409.94	1.348e-05	3.676e-03	1.000e+00	12	288
12		444.24	1.348e-05	3.676e-03	1.000e+00	12	288
13		480.42	1.348e-05	3.676e-03	1.000e+00	12	288
14		520.57	1.325e-05	3.676e-03	1.000e+00	12	288
15		560.29	1.325e-05	3.426e-03	1.000e+00	12	288
16		600.63	1.325e-05	3.426e-03	1.552e-05	12	288
17		638.67	1.312e-05	2.894e-03	1.564e-05	12	288
18		676.31	1.300e-05	2.894e-03	1.270e-05	12	288
19		714.24	1.300e-05	3.285e-03	1.270e-05	12	288
20		751.25	1.244e-05	3.285e-03	9.325e-06	12	288
21		788.17	1.207e-05	3.285e-03	6.451e-06	12	288
22		824.98	1.207e-05	3.285e-03	4.201e-06	12	288
23		865.22	1.207e-05	3.524e-03	4.201e-06	12	288
24		905.04	1.207e-05	3.816e-03	3.421e-06	12	288
25		943.65	1.194e-05	3.816e-03	2.593e-06	12	288
26		982.99	1.118e-05	3.816e-03	2.298e-06	12	288
27		1023.83	1.099e-05	3.816e-03	2.492e-06	12	288
28		1068.29	1.073e-05	3.816e-03	2.747e-06	12	288
29		1110.77	1.036e-05	3.816e-03	2.886e-06	12	288
30		1155.65	1.013e-05	3.816e-03	3.122e-06	12	288
31		1199.42	9.890e-06	3.816e-03	3.359e-06	12	288
32		1243.82	9.890e-06	3.816e-03	3.234e-06	12	288
33		1287.59	9.860e-06	3.816e-03	3.144e-06	12	288
34		1331.22	9.860e-06	3.816e-03	3.144e-06	12	288
35		1374.95	9.366e-06	3.816e-03	3.076e-06	12	288
36		1418.33	9.366e-06	3.816e-03	2.708e-06	12	288
37		1460.42	9.355e-06	3.554e-03	2.719e-06	12	288
38		1502.38	9.346e-06	3.554e-03	2.728e-06	12	288
39		1545.65	9.046e-06	3.554e-03	3.028e-06	12	288
40		1588.14	8.718e-06	3.554e-03	3.218e-06	12	288
41		1627.59	8.718e-06	3.554e-03	2.461e-06	12	288
42		1667.15	8.718e-06	3.554e-03	2.267e-06	12	288
43		1707.81	8.123e-06	3.554e-03	2.607e-06	12	288
44		1748.75	7.768e-06	3.554e-03	2.595e-06	12	288
45		1790.00	6.876e-06	3.554e-03	3.251e-06	12	288
46		1834.27	6.876e-06	3.554e-03	3.014e-06	12	288
47		1876.24	6.748e-06	3.554e-03	3.143e-06	12	288
48		1916.10	6.665e-06	3.554e-03	3.195e-06	12	288
49		1955.03	6.665e-06	3.554e-03	3.195e-06	12	288
50		1999.80	6.647e-06	3.554e-03	2.719e-06	12	288
51		2044.59	6.535e-06	3.554e-03	2.831e-06	12	288
52		2088.27	6.514e-06	3.554e-03	2.841e-06	12	288
53		2135.10	6.473e-06	3.554e-03	2.873e-06	12	288
54		2179.06	6.471e-06	3.554e-03	2.575e-06	12	288
55		2219.51	6.444e-06	3.554e-03	2.274e-06	12	288
56		2259.63	6.444e-06	3.177e-03	2.274e-06	12	288
57		2305.03	6.435e-06	3.177e-03	2.284e-06	12	288
58		2346.10	6.435e-06	3.177e-03	1.689e-06	12	288
59		2391.37	6.385e-06	3.177e-03	1.383e-06	12	288
60		2434.26	6.385e-06	3.177e-03	4.909e-07	12	288
61		2478.21	6.364e-06	3.177e-03	5.122e-07	12	288
62		2523.89	6.334e-06	3.177e-03	4.141e-07	12	288
63		2569.64	6.290e-06	2.384e-03	3.757e-07	12	288
64		2615.32	6.284e-06	3.660e-03	3.817e-07	12	288
65		2666.48	6.284e-06	3.660e-03	3.634e-07	12	288
66		2713.17	6.233e-06	3.660e-03	3.021e-07	12	288
67		2760.16	6.223e-06	3.660e-03	2.908e-07	12	288
68		2802.76	6.194e-06	3.660e-03	2.794e-07	12	288
69		2824.91	6.140e-06	3.660e-03	3.302e-07	12	288
70		2849.47	6.124e-06	3.660e-03	3.197e-07	12	288
71		2872.31	6.120e-06	3.660e-03	3.240e-07	12	288
72		2895.96	6.101e-06	3.660e-03	3.331e-07	12	288
73		2919.29	6.101e-06	3.660e-03	3.331e-07	12	288
74		2963.54	6.073e-06	3.660e-03	3.119e-07	12	288
75		3010.43	6.053e-06	3.705e-03	3.323e-07	12	288
76		3049.76	6.036e-06	3.705e-03	3.278e-07	12	288
77		3087.66	6.034e-06	3.705e-03	2.999e-07	12	288
78		3133.21	6.034e-06	3.705e-03	2.560e-07	12	288
79		3180.02	6.034e-06	3.705e-03	2.500e-07	12	288
80		3227.84	6.030e-06	1.816e-03	2.537e-07	12	288
81		3277.63	6.013e-06	1.816e-03	2.199e-07	12	288
82		3324.35	5.994e-06	3.653e-03	2.289e-07	12	288
83		3372.55	5.989e-06	3.653e-03	2.045e-07	12	288
84		3417.90	5.963e-06	3.653e-03	1.770e-07	12	288
85		3462.48	5.915e-06	3.653e-03	2.096e-07	12	288
86		3506.51	5.898e-06	3.653e-03	2.220e-07	12	288
87		3552.83	5.876e-06	3.653e-03	2.257e-07	12	288
88		3601.46	5.876e-06	3.653e-03	2.257e-07	12	288
89		3650.90	5.826e-06	3.653e-03	2.470e-07	12	288
90		3696.39	5.768e-06	3.653e-03	2.850e-07	12	288
91		3738.24	5.689e-06	3.653e-03	3.476e-07	12	288
92		3780.57	5.522e-06	3.653e-03	5.118e-07	12	288
93		3825.77	5.424e-06	3.653e-03	6.101e-07	12	288
94		3868.60	5.253e-06	3.653e-03	7.804e-07	12	288
95		3911.27	5.161e-06	3.653e-03	8.694e-07	12	288
96		3955.64	4.976e-06	3.653e-03	1.036e-06	12	288
97		3999.47	4.976e-06	3.653e-03	1.018e-06	12	288
98		4044.44	4.976e-06	3.653e-03	1.013e-06	12	288
99		4086.71	4.922e-06	3.653e-03	1.041e-06	12	288
100		4132.32	4.922e-06	3.653e-03	9.929e-07	12	288
101		4175.34	4.879e-06	3.653e-03	1.019e-06	12	288
102		4217.43	4.879e-06	3.653e-03	9.970e-07	12	288
103		4259.21	4.878e-06	3.653e-03	9.981e-07	12	288
104		4301.57	4.853e-06	3.653e-03	9.732e-07	12	288
105		4345.41	4.853e-06	3.653e-03	9.148e-07	12	288
106		4388.25	4.825e-06	3.653e-03	8.632e-07	12	288
107		4432.59	4.805e-06	3.653e-03	7.170e-07	12	288
108		4474.73	4.774e-06	3.653e-03	6.492e-07	12	288
109		4518.49	4.755e-06	3.653e-03	4.983e-07	12	288
110		4560.52	4.686e-06	3.653e-03	4.750e-07	12	288
111		4601.27	4.586e-06	3.653e-03	3.899e-07	12	288
112		4644.57	4.586e-06	3.030e-03	3.899e-07	12	288
113		4687.38	4.586e-06	3.030e-03	3.899e-07	12	288
114		4731.07	4.586e-06	3.030e-03	3.356e-07	12	288
115		4776.58	4.586e-06	3.030e-03	3.356e-07	12	288
116		4820.97	4.585e-06	3.030e-03	2.934e-07	12	288
117		4863.18	4.585e-06	3.030e-03	2.934e-07	12	288
118		4906.05	4.582e-06	3.030e-03	2.954e-07	12	288
119		4949.21	4.582e-06	3.030e-03	2.708e-07	12	288
120		4991.55	4.576e-06	3.030e-03	2.776e-07	12	288
121		5036.49	4.573e-06	3.030e-03	2.527e-07	12	288
122		5078.97	4.573e-06	3.808e-03	2.321e-07	12	288
123		5124.43	4.572e-06	3.808e-03	2.023e-07	12	288
124		5167.23	4.569e-06	3.808e-03	1.861e-07	12	288
125		5212.10	4.568e-06	3.808e-03	1.173e-07	12	288
Reinitializing complex 2, running simulations.
Complex 2 with parameter deviation 4.53e-03 replaced with parameter deviation 1.18
126		5257.12	4.568e-06	3.866e-03	1.837e-08	12	288
Reinitializing complex 2, running simulations.
Complex 2 with parameter deviation 5.09e-03 replaced with parameter deviation 1.18
127		5306.97	4.568e-06	4.713e-03	1.837e-08	12	288
Reinitializing complex 2, running simulations.
Complex 2 with parameter deviation 3.86e-03 replaced with parameter deviation 1.16
128		5357.10	4.567e-06	7.622e-03	1.890e-08	12	288
Reinitializing complex 2, running simulations.
Complex 2 with parameter deviation 3.58e-03 replaced with parameter deviation 1.25
129		5402.54	4.567e-06	1.392e-02	1.936e-08	12	288
Reinitializing complex 2, running simulations.
Complex 2 with parameter deviation 3.26e-03 replaced with parameter deviation 1.29
130		5450.07	4.567e-06	1.421e-02	1.936e-08	12	288
Reinitializing complex 2, running simulations.
Complex 2 with parameter deviation 3.12e-03 replaced with parameter deviation 1.26
131		5498.21	4.567e-06	6.310e-03	1.835e-08	12	288
Reinitializing complex 2, running simulations.
Complex 2 with parameter deviation 3.56e-03 replaced with parameter deviation 1.26
132		5545.23	4.567e-06	9.548e-03	1.847e-08	12	288
Reinitializing complex 2, running simulations.
Complex 2 with parameter deviation 3.34e-03 replaced with parameter deviation 1.27
133		5594.65	4.567e-06	8.876e-03	1.546e-08	12	288
Reinitializing complex 2, running simulations.
Complex 2 with parameter deviation 2.81e-03 replaced with parameter deviation 1.28
134		5644.84	4.567e-06	1.102e-02	1.550e-08	12	288
Reinitializing complex 2, running simulations.
Complex 2 with parameter deviation 4.70e-03 replaced with parameter deviation 1.35
135		5691.54	4.567e-06	8.627e-03	8.901e-09	12	288
Reinitializing complex 2, running simulations.
Complex 2 with parameter deviation 4.42e-03 replaced with parameter deviation 1.28
136		5738.63	4.567e-06	1.021e-02	6.201e-09	12	288
Reinitializing complex 2, running simulations.
Complex 2 with parameter deviation 4.04e-03 replaced with parameter deviation 1.37
137		5786.69	4.567e-06	1.373e-02	6.201e-09	12	288
Reinitializing complex 2, running simulations.
Complex 2 with parameter deviation 3.79e-03 replaced with parameter deviation 1.02
138		5837.64	4.567e-06	5.581e-03	5.510e-09	12	288
139		5888.28	4.567e-06	5.581e-03	2.340e-09	12	288
140		5927.02	4.567e-06	5.581e-03	1.677e-09	12	288
141		5963.32	4.567e-06	5.581e-03	1.426e-09	12	288
142		6001.46	4.566e-06	5.581e-03	1.516e-09	12	288
143		6042.82	4.566e-06	5.581e-03	1.065e-09	12	288
144		6082.84	4.566e-06	5.581e-03	6.001e-10	12	288
145		6122.28	4.566e-06	5.581e-03	6.395e-10	12	288
146		6166.89	4.566e-06	5.581e-03	6.395e-10	12	288
147		6207.74	4.566e-06	5.581e-03	5.229e-10	12	288
148		6250.33	4.566e-06	5.581e-03	5.229e-10	12	288
149		6294.37	4.566e-06	5.581e-03	4.815e-10	12	288
150		6335.16	4.566e-06	5.581e-03	2.691e-10	12	288
151		6377.22	4.566e-06	5.581e-03	2.691e-10	12	288
152		6420.12	4.566e-06	5.581e-03	2.714e-10	12	288
153		6460.66	4.566e-06	5.581e-03	3.273e-10	12	288
154		6503.40	4.566e-06	5.581e-03	3.222e-10	12	288
155		6544.24	4.566e-06	5.581e-03	3.222e-10	12	288
156		6588.76	4.566e-06	5.581e-03	2.651e-10	12	288
157		6630.18	4.566e-06	5.581e-03	1.975e-10	12	288
158		6673.06	4.566e-06	5.581e-03	1.200e-10	12	288
159		6714.54	4.566e-06	5.581e-03	1.200e-10	12	288
160		6759.02	4.566e-06	5.581e-03	8.062e-11	12	288
161		6803.70	4.566e-06	5.581e-03	8.062e-11	12	288
162		6844.67	4.566e-06	5.581e-03	8.062e-11	12	288
163		6886.64	4.566e-06	5.581e-03	8.062e-11	12	288
164		6932.02	4.566e-06	5.581e-03	8.062e-11	12	288
165		6974.70	4.566e-06	5.581e-03	8.062e-11	12	288
166		7018.45	4.566e-06	5.581e-03	8.062e-11	12	288
167		7060.91	4.566e-06	5.581e-03	7.836e-11	12	288
168		7103.89	4.566e-06	5.581e-03	2.251e-11	12	288
169		7149.18	4.566e-06	5.581e-03	2.251e-11	12	288
170		7194.86	4.566e-06	5.581e-03	2.251e-11	12	288
171		7236.92	4.566e-06	5.581e-03	2.251e-11	12	288
172		7279.40	4.566e-06	5.581e-03	0.000e+00	12	288
173		7324.93	4.566e-06	5.581e-03	0.000e+00	12	288
174		7369.81	4.566e-06	3.862e-03	0.000e+00	12	288
175		7413.06	4.566e-06	3.862e-03	0.000e+00	12	288
176		7456.80	4.566e-06	3.862e-03	0.000e+00	12	288
177		7499.57	4.566e-06	3.862e-03	0.000e+00	12	288
178		7540.11	4.566e-06	3.862e-03	0.000e+00	12	288
179		7581.35	4.566e-06	3.862e-03	0.000e+00	12	288
180		7626.42	4.566e-06	3.862e-03	0.000e+00	12	288
181		7670.10	4.566e-06	3.862e-03	0.000e+00	12	288
182		7710.94	4.566e-06	3.862e-03	0.000e+00	12	288
183		7753.50	4.566e-06	3.862e-03	0.000e+00	12	288
184		7795.26	4.566e-06	3.862e-03	0.000e+00	12	288
185		7839.53	4.566e-06	3.862e-03	0.000e+00	12	288
186		7882.26	4.566e-06	3.862e-03	0.000e+00	12	288
187		7926.23	4.566e-06	3.862e-03	0.000e+00	12	288
188		7972.02	4.566e-06	3.862e-03	0.000e+00	12	288
189		8018.28	4.566e-06	3.862e-03	0.000e+00	12	288
190		8064.27	4.566e-06	3.862e-03	0.000e+00	12	288
191		8110.08	4.566e-06	3.862e-03	0.000e+00	12	288
192		8153.36	4.566e-06	3.862e-03	0.000e+00	12	288
193		8196.16	4.566e-06	3.862e-03	0.000e+00	12	288
194		8241.37	4.566e-06	3.862e-03	0.000e+00	12	288
195		8286.09	4.566e-06	3.862e-03	0.000e+00	12	288
196		8329.86	4.566e-06	3.862e-03	0.000e+00	12	288
197		8371.29	4.566e-06	3.411e-03	2.410e-11	12	288
198		8414.18	4.566e-06	3.411e-03	2.410e-11	12	288
199		8454.94	4.566e-06	3.411e-03	2.410e-11	12	288
200		8500.46	4.566e-06	3.411e-03	2.410e-11	12	288
201		8545.66	4.566e-06	3.612e-03	2.410e-11	12	288
202		8587.53	4.566e-06	3.612e-03	2.410e-11	12	288
203		8631.19	4.566e-06	3.612e-03	2.410e-11	12	288
204		8672.42	4.566e-06	3.612e-03	2.410e-11	12	288
205		8712.87	4.566e-06	3.612e-03	2.410e-11	12	288
206		8757.83	4.566e-06	3.612e-03	2.410e-11	12	288
207		8803.70	4.566e-06	3.612e-03	2.410e-11	12	288
208		8852.38	4.566e-06	3.612e-03	2.410e-11	12	288
209		8901.84	4.566e-06	3.829e-03	2.410e-11	12	288
210		8952.33	4.566e-06	3.829e-03	2.410e-11	12	288
211		8999.69	4.566e-06	3.829e-03	2.410e-11	12	288
212		9046.63	4.566e-06	3.829e-03	0.000e+00	12	288
213		9092.37	4.566e-06	3.747e-03	0.000e+00	12	288
214		9136.98	4.566e-06	3.747e-03	0.000e+00	12	288
215		9179.60	4.566e-06	3.747e-03	0.000e+00	12	288
216		9223.20	4.566e-06	3.747e-03	0.000e+00	12	288
217		9268.61	4.566e-06	3.747e-03	0.000e+00	12	288
218		9313.24	4.566e-06	3.747e-03	0.000e+00	12	288
219		9356.48	4.566e-06	3.747e-03	0.000e+00	12	288
220		9428.00	4.566e-06	3.747e-03	0.000e+00	12	288
221		9498.24	4.566e-06	3.747e-03	0.000e+00	12	288
222		9568.27	4.566e-06	3.747e-03	0.000e+00	12	288
223		9632.46	4.566e-06	3.747e-03	0.000e+00	12	288
224		9698.61	4.566e-06	3.747e-03	0.000e+00	12	288
225		9768.35	4.566e-06	3.747e-03	0.000e+00	12	288
226		9833.72	4.566e-06	3.747e-03	0.000e+00	12	288
227		9903.40	4.566e-06	3.747e-03	0.000e+00	12	288
228		9966.97	4.566e-06	3.765e-03	0.000e+00	12	288
229		10035.33	4.566e-06	3.765e-03	0.000e+00	12	288
230		10100.77	4.566e-06	3.765e-03	0.000e+00	12	288
231		10165.52	4.566e-06	3.765e-03	0.000e+00	12	288
232		10238.56	4.566e-06	3.765e-03	0.000e+00	12	288
233		10304.86	4.566e-06	3.765e-03	0.000e+00	12	288
234		10372.63	4.566e-06	3.765e-03	0.000e+00	12	288
235		10439.65	4.566e-06	3.765e-03	0.000e+00	12	288
236		10507.92	4.566e-06	3.765e-03	0.000e+00	12	288
237		10574.98	4.566e-06	3.765e-03	0.000e+00	12	288
238		10644.86	4.566e-06	3.476e-03	0.000e+00	12	288
239		10708.88	4.566e-06	3.476e-03	0.000e+00	12	288
240		10772.47	4.566e-06	3.476e-03	0.000e+00	12	288
241		10838.26	4.566e-06	3.476e-03	0.000e+00	12	288
242		10906.61	4.566e-06	3.771e-03	0.000e+00	12	288
243		10975.49	4.566e-06	3.771e-03	0.000e+00	12	288
244		11039.99	4.566e-06	3.771e-03	0.000e+00	12	288
245		11109.83	4.566e-06	3.771e-03	0.000e+00	12	288
246		11173.80	4.566e-06	3.771e-03	0.000e+00	12	288
247		11240.24	4.566e-06	3.771e-03	0.000e+00	12	288
248		11302.68	4.566e-06	3.771e-03	0.000e+00	12	288
249		11373.76	4.566e-06	3.771e-03	0.000e+00	12	288
250		11441.03	4.566e-06	3.771e-03	0.000e+00	12	288
251		11503.85	4.566e-06	3.771e-03	0.000e+00	12	288
252		11570.17	4.566e-06	3.771e-03	0.000e+00	12	288
253		11634.63	4.566e-06	3.771e-03	0.000e+00	12	288
254		11699.82	4.566e-06	3.771e-03	0.000e+00	12	288
255		11765.49	4.566e-06	3.851e-03	0.000e+00	12	288
256		11829.79	4.566e-06	3.851e-03	0.000e+00	12	288
257		11896.05	4.566e-06	3.851e-03	0.000e+00	12	288
258		11961.48	4.566e-06	3.771e-03	0.000e+00	12	288
259		12032.91	4.566e-06	3.771e-03	0.000e+00	12	288
260		12097.75	4.566e-06	3.771e-03	0.000e+00	12	288
261		12163.57	4.566e-06	3.771e-03	0.000e+00	12	288
262		12228.36	4.566e-06	3.771e-03	0.000e+00	12	288
263		12295.04	4.566e-06	3.771e-03	0.000e+00	12	288
264		12360.37	4.566e-06	3.771e-03	0.000e+00	12	288
265		12424.44	4.566e-06	3.771e-03	0.000e+00	12	288
266		12487.33	4.566e-06	3.771e-03	0.000e+00	12	288
267		12555.03	4.566e-06	3.771e-03	0.000e+00	12	288
268		12621.84	4.566e-06	3.771e-03	0.000e+00	12	288
269		12695.07	4.566e-06	3.771e-03	0.000e+00	12	288
270		12763.51	4.566e-06	3.861e-03	0.000e+00	12	288
271		12830.46	4.566e-06	3.861e-03	0.000e+00	12	288
272		12898.38	4.566e-06	3.861e-03	0.000e+00	12	288
273		12964.45	4.566e-06	3.861e-03	0.000e+00	12	288
274		13032.88	4.566e-06	3.861e-03	0.000e+00	12	288
275		13096.99	4.566e-06	3.861e-03	0.000e+00	12	288
276		13162.86	4.566e-06	3.861e-03	0.000e+00	12	288
277		13225.36	4.566e-06	3.861e-03	0.000e+00	12	288
278		13296.94	4.566e-06	3.861e-03	0.000e+00	12	288
279		13363.60	4.566e-06	3.861e-03	0.000e+00	12	288
280		13431.02	4.566e-06	3.154e-03	0.000e+00	12	288
281		13497.14	4.566e-06	3.154e-03	0.000e+00	12	288
282		13564.00	4.566e-06	3.154e-03	0.000e+00	12	288
283		13632.21	4.566e-06	3.154e-03	0.000e+00	12	288
284		13699.53	4.566e-06	3.154e-03	0.000e+00	12	288
285		13769.29	4.566e-06	3.154e-03	0.000e+00	12	288
286		13830.90	4.566e-06	3.154e-03	0.000e+00	12	288
287		13897.35	4.566e-06	3.154e-03	0.000e+00	12	288
288		13962.56	4.566e-06	3.154e-03	0.000e+00	12	288
289		14030.16	4.566e-06	3.154e-03	0.000e+00	12	288
290		14099.78	4.566e-06	3.154e-03	0.000e+00	12	288
291		14171.70	4.566e-06	3.154e-03	0.000e+00	12	288
292		14242.88	4.566e-06	3.154e-03	0.000e+00	12	288
293		14307.07	4.566e-06	3.154e-03	0.000e+00	12	288
294		14373.65	4.566e-06	3.462e-03	0.000e+00	12	288
295		14444.96	4.566e-06	3.462e-03	0.000e+00	12	288
296		14517.78	4.566e-06	3.462e-03	0.000e+00	12	288
297		14585.45	4.566e-06	3.462e-03	0.000e+00	12	288
298		14657.88	4.566e-06	3.462e-03	0.000e+00	12	288
299		14731.24	4.566e-06	3.462e-03	0.000e+00	12	288
300		14801.10	4.566e-06	3.462e-03	0.000e+00	12	288
301		14876.03	4.566e-06	3.462e-03	0.000e+00	12	288
302		14941.27	4.566e-06	3.462e-03	0.000e+00	12	288
303		15006.29	4.566e-06	3.462e-03	0.000e+00	12	288
304		15073.27	4.566e-06	3.462e-03	0.000e+00	12	288
305		15145.84	4.488e-06	3.462e-03	7.791e-08	12	288
306		15213.84	4.488e-06	3.462e-03	7.791e-08	12	288
307		15279.57	4.488e-06	3.462e-03	7.791e-08	12	288
308		15351.63	4.488e-06	3.462e-03	7.791e-08	12	288
309		15423.14	4.488e-06	3.462e-03	7.791e-08	12	288
310		15485.74	4.488e-06	3.462e-03	7.791e-08	12	288
311		15551.78	4.488e-06	3.370e-03	7.791e-08	12	288
312		15627.22	4.488e-06	3.370e-03	7.791e-08	12	288
313		15699.43	4.488e-06	3.370e-03	7.791e-08	12	288
314		15767.22	4.488e-06	3.370e-03	7.791e-08	12	288
315		15835.53	4.488e-06	3.370e-03	7.791e-08	12	288
316		15903.07	4.488e-06	3.776e-03	7.791e-08	12	288
317		15971.30	4.488e-06	3.840e-03	7.791e-08	12	288
318		16045.41	4.488e-06	3.840e-03	7.791e-08	12	288
319		16116.90	4.488e-06	3.840e-03	7.791e-08	12	288
320		16185.95	4.488e-06	3.840e-03	0.000e+00	12	288
321		16250.53	4.450e-06	3.840e-03	3.823e-08	12	288
322		16318.80	4.450e-06	3.840e-03	3.823e-08	12	288
323		16387.91	4.417e-06	3.840e-03	7.110e-08	12	288
324		16456.90	4.417e-06	3.840e-03	7.110e-08	12	288
325		16526.35	4.358e-06	3.840e-03	1.308e-07	12	288
326		16595.41	4.323e-06	3.670e-03	1.651e-07	12	288
327		16669.23	4.292e-06	3.670e-03	1.965e-07	12	288
328		16742.18	4.288e-06	3.670e-03	1.999e-07	12	288
329		16814.69	4.288e-06	3.670e-03	1.999e-07	12	288
330		16883.34	4.255e-06	3.670e-03	2.337e-07	12	288
331		16957.66	4.255e-06	3.670e-03	2.337e-07	12	288
332		17026.70	4.255e-06	3.670e-03	2.337e-07	12	288
333		17091.37	4.237e-06	3.670e-03	2.517e-07	12	288
334		17161.12	4.231e-06	3.670e-03	2.569e-07	12	288
335		17231.67	4.204e-06	3.670e-03	2.840e-07	12	288
336		17294.69	4.176e-06	3.670e-03	2.745e-07	12	288
337		17357.86	4.176e-06	3.670e-03	2.745e-07	12	288
338		17418.54	4.175e-06	3.836e-03	2.426e-07	12	288
339		17479.83	4.175e-06	3.836e-03	2.426e-07	12	288
340		17546.46	4.163e-06	3.836e-03	1.946e-07	12	288
341		17614.19	4.147e-06	3.836e-03	1.767e-07	12	288
342		17682.80	4.126e-06	3.836e-03	1.660e-07	12	288
343		17750.92	4.095e-06	3.836e-03	1.939e-07	12	288
344		17816.74	4.080e-06	3.836e-03	2.081e-07	12	288
345		17886.50	4.051e-06	3.836e-03	2.035e-07	12	288
346		17958.02	4.030e-06	3.836e-03	2.247e-07	12	288
347		18018.10	3.972e-06	3.836e-03	2.823e-07	12	288
348		18088.84	3.972e-06	3.836e-03	2.643e-07	12	288
349		18152.90	3.972e-06	3.836e-03	2.591e-07	12	288
350		18218.20	3.933e-06	3.836e-03	2.709e-07	12	288
351		18281.60	3.895e-06	3.836e-03	2.810e-07	12	288
352		18341.05	3.879e-06	3.836e-03	2.963e-07	12	288
353		18406.97	3.859e-06	3.836e-03	3.156e-07	12	288
354		18468.83	3.847e-06	3.836e-03	3.271e-07	12	288
355		18529.63	3.847e-06	3.836e-03	3.154e-07	12	288
356		18591.25	3.818e-06	3.836e-03	3.284e-07	12	288
357		18658.65	3.800e-06	3.836e-03	3.262e-07	12	288
358		18721.14	3.757e-06	3.836e-03	3.378e-07	12	288
359		18786.73	3.757e-06	3.836e-03	3.236e-07	12	288
360		18853.26	3.746e-06	2.261e-03	3.050e-07	12	288
361		18917.36	3.726e-06	2.261e-03	3.040e-07	12	288
362		18977.74	3.725e-06	2.261e-03	2.470e-07	12	288
363		19039.64	3.708e-06	2.261e-03	2.644e-07	12	288
364		19105.01	3.708e-06	2.261e-03	2.644e-07	12	288
365		19171.84	3.702e-06	2.680e-03	2.315e-07	12	288
366		19235.04	3.698e-06	2.680e-03	1.969e-07	12	288
367		19296.40	3.698e-06	2.680e-03	1.817e-07	12	288
368		19360.92	3.685e-06	2.901e-03	1.736e-07	12	288
369		19421.16	3.674e-06	2.901e-03	1.734e-07	12	288
370		19485.46	3.674e-06	2.901e-03	1.734e-07	12	288
371		19551.76	3.672e-06	2.901e-03	1.458e-07	12	288
372		19618.18	3.667e-06	2.901e-03	1.324e-07	12	288
373		19680.88	3.653e-06	2.901e-03	1.034e-07	12	288
374		19746.81	3.642e-06	2.901e-03	1.147e-07	12	288
375		19806.73	3.625e-06	2.901e-03	1.211e-07	12	288
376		19864.47	3.611e-06	2.901e-03	1.154e-07	12	288
377		19926.60	3.599e-06	2.901e-03	1.259e-07	12	288
378		19986.79	3.599e-06	2.901e-03	1.085e-07	12	288
379		20047.18	3.588e-06	2.901e-03	1.200e-07	12	288
380		20108.83	3.586e-06	2.901e-03	1.155e-07	12	288
381		20175.21	3.586e-06	2.901e-03	1.117e-07	12	288
382		20240.12	3.579e-06	2.901e-03	1.183e-07	12	288
Reinitializing complex 4, running simulations.
Complex 4 with parameter deviation 9.29e-03 replaced with parameter deviation 1.36
383		20305.86	3.579e-06	1.078e-02	1.061e-07	12	288
Reinitializing complex 4, running simulations.
Complex 4 with parameter deviation 7.79e-03 replaced with parameter deviation 1.31
384		20378.68	3.579e-06	9.224e-03	9.501e-08	12	288
Reinitializing complex 4, running simulations.
Complex 4 with parameter deviation 9.32e-03 replaced with parameter deviation 1.18
385		20452.16	3.578e-06	9.204e-03	9.646e-08	12	288
Reinitializing complex 4, running simulations.
Complex 4 with parameter deviation 8.57e-03 replaced with parameter deviation 1.24
386		20525.89	3.574e-06	1.176e-02	9.869e-08	12	288
Reinitializing complex 4, running simulations.
Complex 4 with parameter deviation 6.32e-03 replaced with parameter deviation 1.14
387		20599.32	3.574e-06	3.835e-03	9.356e-08	12	288
388		20664.46	3.570e-06	3.835e-03	8.370e-08	12	288
Reinitializing complex 4, running simulations.
Complex 4 with parameter deviation 8.27e-03 replaced with parameter deviation 1.33
389		20722.62	3.570e-06	9.561e-03	7.239e-08	12	288
Reinitializing complex 4, running simulations.
Complex 4 with parameter deviation 8.40e-03 replaced with parameter deviation 1.25
390		20790.08	3.566e-06	1.313e-02	5.888e-08	12	288
391		20864.70	3.566e-06	1.313e-02	4.444e-08	12	288
392		20929.91	3.561e-06	1.313e-02	3.833e-08	12	288
393		20992.57	3.561e-06	1.313e-02	3.833e-08	12	288
394		21047.46	3.557e-06	1.313e-02	3.068e-08	12	288
395		21103.80	3.556e-06	1.313e-02	3.071e-08	12	288
396		21165.30	3.549e-06	1.313e-02	3.658e-08	12	288
397		21224.35	3.549e-06	1.313e-02	2.991e-08	12	288
398		21280.09	3.548e-06	1.313e-02	3.175e-08	12	288
399		21339.73	3.548e-06	1.313e-02	3.146e-08	12	288
400		21397.42	3.548e-06	1.313e-02	3.002e-08	12	288
401		21452.33	3.548e-06	1.313e-02	2.604e-08	12	288
402		21506.16	3.548e-06	1.313e-02	2.604e-08	12	288
403		21567.75	3.545e-06	1.313e-02	2.448e-08	12	288
404		21626.22	3.545e-06	1.313e-02	2.470e-08	12	288
405		21687.13	3.545e-06	1.313e-02	2.143e-08	12	288
406		21749.19	3.545e-06	1.313e-02	2.143e-08	12	288
407		21808.76	3.544e-06	1.313e-02	1.737e-08	12	288
408		21870.96	3.543e-06	1.313e-02	1.784e-08	12	288
409		21929.92	3.543e-06	1.313e-02	1.402e-08	12	288
410		21990.32	3.543e-06	1.313e-02	1.248e-08	12	288
411		22053.20	3.542e-06	1.313e-02	7.202e-09	12	288
412		22111.67	3.541e-06	1.313e-02	8.004e-09	12	288
413		22171.79	3.541e-06	1.313e-02	6.920e-09	12	288
Reinitializing complex 4, running simulations.
Complex 4 with parameter deviation 8.41e-03 replaced with parameter deviation 1.20
414		22230.05	3.538e-06	1.066e-02	9.498e-09	12	288
Reinitializing complex 4, running simulations.
Complex 4 with parameter deviation 5.80e-03 replaced with parameter deviation 1.29
415		22301.60	3.538e-06	1.077e-02	9.498e-09	12	288
Reinitializing complex 4, running simulations.
Complex 4 with parameter deviation 8.04e-03 replaced with parameter deviation 1.31
416		22371.58	3.536e-06	8.691e-03	1.116e-08	12	288
417		22440.71	3.536e-06	8.691e-03	1.116e-08	12	288
418		22498.87	3.531e-06	8.691e-03	1.375e-08	12	288
419		22559.56	3.531e-06	8.691e-03	1.353e-08	12	288
420		22616.47	3.528e-06	8.691e-03	1.636e-08	12	288
421		22677.99	3.527e-06	8.691e-03	1.730e-08	12	288
422		22736.51	3.521e-06	8.691e-03	2.272e-08	12	288
423		22798.45	3.515e-06	8.691e-03	2.784e-08	12	288
424		22857.55	3.515e-06	8.691e-03	2.780e-08	12	288
425		22924.73	3.515e-06	8.691e-03	2.780e-08	12	288
426		22991.72	3.511e-06	8.691e-03	3.135e-08	12	288
427		23053.77	3.511e-06	8.691e-03	3.055e-08	12	288
428		23116.09	3.511e-06	8.691e-03	2.979e-08	12	288
429		23172.20	3.511e-06	8.691e-03	2.736e-08	12	288
430		23232.75	3.511e-06	8.691e-03	2.736e-08	12	288
431		23295.92	3.511e-06	3.673e-03	2.570e-08	12	288
432		23351.30	3.509e-06	3.673e-03	2.734e-08	12	288
433		23414.50	3.509e-06	3.673e-03	2.231e-08	12	288
434		23482.03	3.509e-06	3.673e-03	2.231e-08	12	288
435		23543.07	3.509e-06	3.673e-03	1.925e-08	12	288
436		23600.70	3.509e-06	3.673e-03	1.831e-08	12	288
437		23663.10	3.508e-06	3.673e-03	1.260e-08	12	288
438		23726.30	3.508e-06	3.673e-03	7.008e-09	12	288
439		23785.96	3.508e-06	3.673e-03	7.008e-09	12	288
440		23844.70	3.508e-06	3.808e-03	7.114e-09	12	288
441		23904.85	3.508e-06	3.808e-03	2.820e-09	12	288
442		23960.58	3.507e-06	3.808e-03	3.503e-09	12	288
443		24030.06	3.507e-06	3.808e-03	3.503e-09	12	288
444		24089.70	3.507e-06	3.808e-03	3.354e-09	12	288
445		24148.36	3.507e-06	3.808e-03	3.697e-09	12	288
446		24206.92	3.507e-06	3.808e-03	3.786e-09	12	288
447		24270.31	3.507e-06	3.808e-03	2.145e-09	12	288
448		24334.85	3.506e-06	3.808e-03	2.775e-09	12	288
449		24401.38	3.506e-06	3.808e-03	3.154e-09	12	288
450		24460.54	3.505e-06	3.808e-03	3.978e-09	12	288
451		24522.72	3.505e-06	3.322e-03	3.978e-09	12	288
452		24582.97	3.505e-06	3.322e-03	3.371e-09	12	288
453		24647.59	3.505e-06	3.322e-03	3.685e-09	12	288
454		24711.67	3.505e-06	3.322e-03	3.685e-09	12	288
455		24772.88	3.504e-06	3.805e-03	4.098e-09	12	288
456		24836.18	3.504e-06	3.805e-03	4.005e-09	12	288
457		24897.23	3.504e-06	3.805e-03	3.502e-09	12	288
458		24958.88	3.503e-06	3.805e-03	3.860e-09	12	288
459		25026.99	3.503e-06	3.805e-03	3.860e-09	12	288
460		25093.71	3.503e-06	3.805e-03	3.517e-09	12	288
461		25155.81	3.503e-06	3.805e-03	4.066e-09	12	288
462		25217.82	3.502e-06	3.805e-03	4.438e-09	12	288
463		25274.39	3.502e-06	3.805e-03	4.158e-09	12	288
464		25335.25	3.501e-06	3.805e-03	5.357e-09	12	288
465		25396.10	3.500e-06	3.805e-03	5.210e-09	12	288
466		25458.67	3.499e-06	2.090e-03	5.586e-09	12	288
467		25522.79	3.499e-06	2.090e-03	5.586e-09	12	288
468		25588.68	3.497e-06	2.090e-03	7.461e-09	12	288
469		25652.18	3.497e-06	2.090e-03	7.461e-09	12	288
470		25717.66	3.497e-06	1.081e-03	6.943e-09	12	288
471		25779.55	3.497e-06	1.081e-03	6.718e-09	12	288
472		25842.19	3.497e-06	1.081e-03	6.539e-09	12	288
473		25900.30	3.497e-06	1.081e-03	6.181e-09	12	288
474		25959.46	3.497e-06	1.081e-03	6.349e-09	12	288
475		26019.56	3.497e-06	1.081e-03	6.349e-09	12	288
476		26084.20	3.497e-06	1.081e-03	5.711e-09	12	288
477		26151.33	3.497e-06	2.161e-03	5.339e-09	12	288
478		26216.78	3.497e-06	2.161e-03	4.989e-09	12	288
479		26284.97	3.497e-06	2.161e-03	3.410e-09	12	288
480		26350.48	3.497e-06	3.052e-03	2.743e-09	12	288
481		26416.57	3.497e-06	3.052e-03	2.367e-09	12	288
482		26481.97	3.497e-06	3.052e-03	2.367e-09	12	288
483		26546.77	3.497e-06	3.052e-03	1.773e-10	12	288
484		26608.58	3.497e-06	3.052e-03	1.773e-10	12	288
485		26667.43	3.497e-06	3.052e-03	2.853e-10	12	288
486		26729.37	3.497e-06	3.052e-03	2.853e-10	12	288
487		26791.73	3.497e-06	3.052e-03	2.853e-10	12	288
488		26857.54	3.497e-06	3.052e-03	2.853e-10	12	288
489		26919.02	3.497e-06	3.052e-03	1.169e-10	12	288
490		26982.58	3.497e-06	3.052e-03	1.260e-10	12	288
491		27052.00	3.497e-06	3.052e-03	1.260e-10	12	288
492		27117.02	3.497e-06	3.052e-03	1.260e-10	12	288
493		27176.89	3.497e-06	3.052e-03	1.260e-10	12	288
494		27242.70	3.497e-06	3.052e-03	1.260e-10	12	288
495		27302.36	3.497e-06	3.052e-03	1.170e-10	12	288
496		27361.54	3.497e-06	3.052e-03	1.170e-10	12	288
497		27425.95	3.497e-06	3.052e-03	1.170e-10	12	288
498		27487.77	3.497e-06	3.052e-03	1.170e-10	12	288
499		27547.79	3.497e-06	3.052e-03	1.170e-10	12	288
500		27606.19	3.497e-06	3.052e-03	9.024e-12	12	288
501		27669.00	3.497e-06	2.087e-03	9.024e-12	12	288
502		27731.75	3.497e-06	2.087e-03	1.199e-11	12	288
503		27794.72	3.497e-06	2.087e-03	1.199e-11	12	288
504		27861.97	3.497e-06	2.087e-03	1.199e-11	12	288
505		27926.11	3.497e-06	2.087e-03	2.965e-12	12	288
506		27991.29	3.497e-06	2.087e-03	2.965e-12	12	288
507		28054.91	3.497e-06	2.087e-03	2.965e-12	12	288
508		28118.00	3.497e-06	2.087e-03	2.965e-12	12	288
509		28182.47	3.497e-06	1.083e-03	2.965e-12	12	288
510		28244.29	3.497e-06	1.083e-03	2.965e-12	12	288
511		28308.23	3.497e-06	1.825e-03	2.965e-12	12	288
512		28371.95	3.497e-06	3.116e-03	2.965e-12	12	288
513		28433.18	3.497e-06	3.116e-03	2.965e-12	12	288
514		28497.26	3.497e-06	3.116e-03	2.965e-12	12	288
515		28556.75	3.497e-06	3.116e-03	2.965e-12	12	288
516		28618.76	3.497e-06	3.116e-03	2.965e-12	12	288
517		28680.27	3.497e-06	1.913e-03	0.000e+00	12	288
518		28744.96	3.497e-06	1.913e-03	0.000e+00	12	288
519		28808.41	3.497e-06	2.917e-03	0.000e+00	12	288
520		28875.01	3.497e-06	2.917e-03	0.000e+00	12	288
521		28938.14	3.497e-06	2.917e-03	0.000e+00	12	288
522		28998.63	3.497e-06	2.917e-03	0.000e+00	12	288
523		29057.99	3.497e-06	2.917e-03	0.000e+00	12	288
524		29120.89	3.497e-06	2.917e-03	0.000e+00	12	288
525		29184.32	3.497e-06	2.917e-03	0.000e+00	12	288
526		29245.90	3.497e-06	2.996e-03	0.000e+00	12	288
527		29309.20	3.497e-06	2.996e-03	0.000e+00	12	288
528		29377.00	3.497e-06	2.996e-03	0.000e+00	12	288
529		29436.11	3.497e-06	2.996e-03	0.000e+00	12	288
530		29495.82	3.497e-06	2.996e-03	0.000e+00	12	288
531		29557.97	3.497e-06	2.996e-03	0.000e+00	12	288
532		29614.71	3.497e-06	2.996e-03	0.000e+00	12	288
533		29681.24	3.497e-06	2.996e-03	0.000e+00	12	288
534		29739.37	3.497e-06	3.063e-03	0.000e+00	12	288
535		29803.91	3.497e-06	3.063e-03	0.000e+00	12	288
536		29865.06	3.497e-06	3.063e-03	0.000e+00	12	288
537		29926.73	3.497e-06	3.513e-03	0.000e+00	12	288
538		29992.27	3.497e-06	3.513e-03	0.000e+00	12	288
539		30055.84	3.497e-06	3.513e-03	0.000e+00	12	288
540		30120.40	3.497e-06	3.513e-03	0.000e+00	12	288
541		30186.91	3.497e-06	3.513e-03	0.000e+00	12	288
542		30245.78	3.497e-06	3.513e-03	0.000e+00	12	288
543		30304.77	3.497e-06	3.513e-03	0.000e+00	12	288
544		30366.91	3.497e-06	3.513e-03	0.000e+00	12	288
545		30432.30	3.496e-06	3.513e-03	7.112e-10	12	288
546		30499.96	3.496e-06	3.513e-03	7.112e-10	12	288
547		30563.71	3.496e-06	3.513e-03	7.112e-10	12	288
548		30627.01	3.496e-06	3.513e-03	7.112e-10	12	288
549		30687.68	3.496e-06	3.513e-03	7.112e-10	12	288
550		30747.99	3.496e-06	3.513e-03	7.112e-10	12	288
551		30808.19	3.496e-06	3.513e-03	7.112e-10	12	288
552		30875.36	3.496e-06	3.513e-03	7.112e-10	12	288
553		30934.80	3.496e-06	3.374e-03	7.112e-10	12	288
554		30998.41	3.496e-06	3.374e-03	7.112e-10	12	288
555		31059.30	3.496e-06	3.374e-03	7.112e-10	12	288
556		31124.14	3.496e-06	3.374e-03	7.112e-10	12	288
557		31187.29	3.496e-06	3.374e-03	7.112e-10	12	288
558		31249.52	3.496e-06	3.374e-03	7.112e-10	12	288
559		31319.68	3.496e-06	3.855e-03	7.112e-10	12	288
560		31382.05	3.496e-06	3.855e-03	0.000e+00	12	288
561		31443.27	3.496e-06	3.855e-03	0.000e+00	12	288
562		31506.79	3.496e-06	3.855e-03	0.000e+00	12	288
563		31569.20	3.496e-06	3.855e-03	0.000e+00	12	288
564		31631.00	3.496e-06	3.855e-03	0.000e+00	12	288
565		31692.96	3.496e-06	3.855e-03	0.000e+00	12	288
566		31762.93	3.496e-06	3.855e-03	0.000e+00	12	288
567		31830.17	3.496e-06	3.855e-03	0.000e+00	12	288
568		31891.22	3.496e-06	3.855e-03	0.000e+00	12	288
569		31958.14	3.496e-06	3.855e-03	0.000e+00	12	288
570		32029.62	3.496e-06	3.855e-03	0.000e+00	12	288
571		32098.89	3.496e-06	3.855e-03	0.000e+00	12	288
572		32158.91	3.496e-06	3.855e-03	0.000e+00	12	288
573		32222.83	3.496e-06	3.855e-03	0.000e+00	12	288
574		32293.08	3.496e-06	3.855e-03	0.000e+00	12	288
575		32362.27	3.496e-06	3.855e-03	0.000e+00	12	288
576		32427.18	3.496e-06	3.855e-03	0.000e+00	12	288
577		32489.67	3.496e-06	3.855e-03	0.000e+00	12	288
578		32548.02	3.496e-06	3.600e-03	1.284e-11	12	288
579		32622.16	3.496e-06	3.600e-03	1.284e-11	12	288
580		32686.49	3.496e-06	3.600e-03	1.284e-11	12	288
581		32751.28	3.496e-06	3.600e-03	1.284e-11	12	288
582		32817.83	3.496e-06	3.600e-03	1.284e-11	12	288
583		32878.90	3.496e-06	3.600e-03	1.284e-11	12	288
584		32952.86	3.496e-06	3.600e-03	1.284e-11	12	288
585		33022.03	3.496e-06	3.600e-03	1.284e-11	12	288
586		33088.23	3.496e-06	3.600e-03	1.284e-11	12	288
587		33159.60	3.496e-06	3.600e-03	1.939e-10	12	288
588		33225.84	3.496e-06	3.600e-03	1.939e-10	12	288
589		33294.63	3.496e-06	3.600e-03	1.939e-10	12	288
590		33363.23	3.496e-06	3.600e-03	1.939e-10	12	288
591		33427.20	3.496e-06	3.600e-03	1.939e-10	12	288
592		33495.50	3.496e-06	3.600e-03	7.070e-10	12	288
593		33571.08	3.495e-06	3.600e-03	1.140e-09	12	288
594		33661.15	3.494e-06	3.600e-03	2.369e-09	12	288
595		33754.96	3.494e-06	3.600e-03	2.369e-09	12	288
596		33841.25	3.491e-06	3.600e-03	5.514e-09	12	288
597		33936.29	3.489e-06	3.600e-03	7.624e-09	12	288
598		34024.72	3.488e-06	3.600e-03	8.207e-09	12	288
599		34115.23	3.488e-06	3.857e-03	8.505e-09	12	288
600		34207.02	3.488e-06	3.600e-03	8.532e-09	12	288
601		34290.98	3.488e-06	3.600e-03	8.532e-09	12	288
602		34376.53	3.487e-06	3.600e-03	8.815e-09	12	288
603		34461.34	3.487e-06	3.600e-03	8.815e-09	12	288
604		34554.37	3.487e-06	3.600e-03	8.815e-09	12	288
605		34643.84	3.487e-06	3.600e-03	8.815e-09	12	288
606		34734.78	3.487e-06	3.600e-03	8.815e-09	12	288
607		34830.43	3.487e-06	3.600e-03	8.302e-09	12	288
608		34912.21	3.487e-06	3.600e-03	7.968e-09	12	288
609		34994.58	3.487e-06	3.600e-03	6.925e-09	12	288
610		35084.46	3.487e-06	3.600e-03	6.925e-09	12	288
611		35166.70	3.487e-06	3.600e-03	3.780e-09	12	288
612		35248.14	3.487e-06	3.600e-03	1.672e-09	12	288
613		35337.20	3.487e-06	2.967e-03	1.090e-09	12	288
614		35421.43	3.487e-06	2.967e-03	8.337e-10	12	288
615		35512.14	3.487e-06	3.247e-03	8.073e-10	12	288
616		35601.02	3.487e-06	3.247e-03	8.672e-10	12	288
617		35691.22	3.487e-06	3.247e-03	4.550e-10	12	288
618		35770.90	3.487e-06	3.247e-03	4.600e-10	12	288
619		35859.94	3.487e-06	3.247e-03	7.734e-10	12	288
620		35943.39	3.486e-06	3.340e-03	1.538e-09	12	288
621		36024.50	3.485e-06	3.340e-03	1.882e-09	12	288
A	 = 3.09e+15,
C0	 = 1.0,0.0,
Cpa	 = 981.010518730101,3062.4422061425084,
E	 = 1.92e+05,
Hp	 = 906897.2137390757,
K	 = 2729.1550314477895,100000000.0,
Value	 = 3.4854021674357998e-06,
Xi	 = 0.7338086749851456,
eps	 = 0.6558431486048089,0.9998747995192596,
ka	 = 0.3760461459908324,0.2513372509951463,
n	 = 1.640504271376512,
nO2	 = 0.0,
rho	 = 1683.0,1235.0,
Results saved to D:\workspace\JENSENHUGHES\optimization\optimizationPaper\config\E_Glass\hybrid\../../../results/E_Glass/hybrid/E_GlassConstWideHybrid_solution.txt
