D:\workspace\JENSENHUGHES\optimization\optimizationPaper\config\E_Glass\hybrid\../../../results/E_Glass/hybrid/E_GlassOldConstWideHybrid2 Log file
!!python/object/apply:collections.defaultdict
args:
- &id001 !!python/name:builtins.bool ''
dictitems:
  Duraboard:
    CprampF:
    - 1.0
    - 1.0
    CprampT:
    - 0
    - 5000
    eps: 0.8
    krampF:
    - 0.075932
    - 0.090229
    - 0.104522
    - 0.122143
    - 0.14158
    - 0.163436
    - 0.190738
    - 0.221975
    krampT:
    - 203.035
    - 317.4028
    - 426.9164
    - 536.4182
    - 647.3003
    - 757.4803
    - 867.6409
    - 981.2546
    rho: 258
    thickness: 0.0254
  XiState:
  - unknowable
  cone:
    Tinit: 25
    activePhaseVars:
    - C0
    - rho
    - ka
    - kb
    - kc
    - kd
    - ke
    - Cpa
    - Cpb
    - Cpc
    - Cpd
    - Cpe
    - eps
    - K
    activeReactionVars:
    - A
    - E
    - n
    - Hp
    - nO2
    - Xi
    backBoundaryConditions:
      Tamb: 25
      htc: Auto
      type: INSULATED
    frontBoundaryConditions:
      Tamb: 25
      htc: Auto
    weight: 1.0
  cone1: !!python/object/apply:collections.defaultdict
    args:
    - *id001
    dictitems:
      Tinit: 25
      activePhaseVars:
      - C0
      - rho
      - ka
      - kb
      - kc
      - kd
      - ke
      - Cpa
      - Cpb
      - Cpc
      - Cpd
      - Cpe
      - eps
      - K
      activeReactionVars:
      - A
      - E
      - n
      - Hp
      - nO2
      - Xi
      backBoundaryConditions: !!python/object/apply:collections.defaultdict
        args:
        - *id001
        dictitems:
          Tamb: 25
          htc: Auto
          type: INSULATED
      columns:
      - 1
      depths:
      - 0
      file: ../../../data/E_Glass/E_GlassOldConstNominal_0_cone_Mass.csv
      finalThickness: false
      frontBoundaryConditions: !!python/object/apply:collections.defaultdict
        args:
        - *id001
        dictitems:
          Tamb: 25
          heatFlux: 25
          htc: 15
      initialThickness: 0.008
      names:
      - Mass
      time: 0
      types:
      - 1
      weight: 1.0
      weights:
      - 1
      width1: 0.1016
      width2: 0.1016
  configDir: D:\workspace\JENSENHUGHES\optimization\optimizationPaper\config\E_Glass\hybrid\
  dataSources:
    names:
    - cone1
    types:
    - cone
  dsc:
    activePhaseVars:
    - C0
    - Cpa
    - Cpb
    - Cpc
    - Cpd
    - Cpe
    activeReactionVars:
    - A
    - E
    - n
    - Hp
    dscO2: None
    weight: 1.0
  fdsPath: C:\Program Files\FDS\FDS6\bin
  name: E_GlassOldConstWideHybrid2
  optimizeParams:
    absErr: 1e-7
    absRelErr: 5e-7
    elimThresh: 1e-2
    maxIter: 1000
    maxTime: 60000
    minIter: 5
    minP: 2
    opAlpha: 3
    opBeta: 3
    opP: 12
    opQ: 6
    opS: 24
    relErr: 1e-12
    relIter: 15
  outputParams:
    saveAllSamples: false
  phaseParams:
    C0:
    - - 1
      - 0
      - 1
    - - 0
      - 1189
      - 1189
    Cpa:
    - - None
      - 1350
      - 1650
    - - None
      - 990
      - 1210
    Cpb:
    - - 0.0
      - 0.0
      - 0.0
    - - 0.0
      - 1189
      - 1189
    Cpc:
    - - 0.0
      - 0.0
      - 0.0
    - - 0.0
      - 0.0
      - 0.0
    Cpd:
    - - 0.0
      - 0.0
      - 0.0
    - - 0.0
      - 0.0
      - 0.0
    Cpe:
    - &id002
      - 0
      - 0
      - 1
    - *id002
    K:
    - - None
      - 2500
      - 40000
    - - 1e8
      - 1189
      - 1189
    eps:
    - - None
      - 0.235
      - 1.0
    - - None
      - 0.235
      - 1.0
    ka:
    - - None
      - 0.27
      - 0.33
    - - None
      - 0.18
      - 0.22
    kb:
    - - 0.0
      - 0.0
      - 0.0
    - - 0.0
      - 0.0
      - 0.0
    kc:
    - - 0.0
      - 0.0
      - 0.0
    - - 0.0
      - 0.0
      - 0.0
    kd:
    - - 0.0
      - 0.0
      - 0.0
    - - 0.0
      - 0.0
      - 0.0
    ke:
    - &id003
      - 0
      - 0
      - 1
    - *id003
    nO2:
    - - 0
      - 0
      - 1
    - - 0
      - 1189
      - 1189
    phases:
    - virgin
    - char
    rho:
    - - 1683
      - 1189
      - 1189
    - - 1235
      - 1189
      - 1189
  processParams:
    maxProcesses: 8
    multiprocess: true
  reactionParams:
    A:
    - - None
      - 2.106e12
      - 2.574e12
    E:
    - - None
      - 1.629e5
      - 1.991e5
    Hp:
    - - None
      - 9e04
      - 1.1e5
    Xi:
    - - None
      - 0
      - 1
    n:
    - - None
      - 0.9
      - 1.1
    nO2:
    - - 0
      - 0
      - 1
    prodState:
    - 1
    reacState:
    - 0
    typeState:
    - 3
  reinitializeComplex: true
  restart: false
  resultsDir: ../../../results/E_Glass/hybrid/
  systemDir: D:\workspace\JENSENHUGHES\optimization\sourceCode\optimizationpython\src
  tga:
    activePhaseVars:
    - C0
    - rho
    activeReactionVars:
    - A
    - E
    - n
    tgaO2: None
    tgaOpt: 1
    weight: 1.0
  virtualExperiment: false
Loop	t (s)	Error Min	Error Max	ErrorRel	Comp	Samples
0		13.68	2.281e-05	4.672e-03	1.000e+00	12	288
1		27.28	1.306e-05	4.672e-03	1.000e+00	12	288
2		41.57	1.306e-05	4.672e-03	1.000e+00	12	288
3		56.26	1.306e-05	4.672e-03	1.000e+00	12	288
4		70.55	1.166e-05	4.672e-03	1.000e+00	12	288
5		85.36	1.120e-05	4.672e-03	1.000e+00	12	288
6		100.86	5.626e-06	4.672e-03	1.000e+00	12	288
7		115.97	5.626e-06	4.672e-03	1.000e+00	12	288
8		131.67	5.023e-06	4.672e-03	1.000e+00	12	288
9		146.67	4.511e-06	4.672e-03	1.000e+00	12	288
10		176.51	4.511e-06	4.672e-03	1.000e+00	12	288
11		210.59	4.328e-06	4.672e-03	1.000e+00	12	288
12		239.31	4.328e-06	4.672e-03	1.000e+00	12	288
13		270.04	3.961e-06	4.672e-03	1.000e+00	12	288
14		300.76	3.961e-06	4.665e-03	1.000e+00	12	288
15		332.79	3.961e-06	4.665e-03	1.000e+00	12	288
16		364.33	3.736e-06	4.665e-03	9.328e-06	12	288
17		395.46	3.605e-06	4.665e-03	9.460e-06	12	288
18		426.61	3.467e-06	4.665e-03	9.597e-06	12	288
19		456.94	3.371e-06	4.665e-03	8.286e-06	12	288
20		488.52	3.371e-06	4.665e-03	7.833e-06	12	288
21		520.49	3.143e-06	4.665e-03	2.483e-06	12	288
22		554.17	2.437e-06	4.665e-03	3.189e-06	12	288
23		585.31	2.437e-06	4.665e-03	2.586e-06	12	288
24		617.26	2.399e-06	4.665e-03	2.112e-06	12	288
25		648.03	1.750e-06	4.665e-03	2.761e-06	12	288
26		678.27	1.750e-06	4.054e-03	2.578e-06	12	288
27		713.73	1.738e-06	4.054e-03	2.590e-06	12	288
28		746.27	1.563e-06	4.054e-03	2.398e-06	12	288
29		776.69	1.354e-06	4.054e-03	2.607e-06	12	288
30		808.32	1.354e-06	4.054e-03	2.607e-06	12	288
31		839.24	1.256e-06	4.054e-03	2.480e-06	12	288
32		869.77	1.256e-06	4.054e-03	2.348e-06	12	288
33		901.71	1.256e-06	4.670e-03	2.211e-06	12	288
34		934.87	1.247e-06	4.670e-03	2.124e-06	12	288
35		966.20	1.230e-06	4.670e-03	2.141e-06	12	288
36		995.13	1.190e-06	4.670e-03	1.952e-06	12	288
37		1026.88	1.190e-06	2.449e-03	1.247e-06	12	288
38		1059.75	1.180e-06	2.449e-03	1.257e-06	12	288
39		1091.39	1.178e-06	2.449e-03	1.221e-06	12	288
40		1125.75	1.137e-06	2.449e-03	6.130e-07	12	288
41		1157.90	1.091e-06	2.449e-03	6.589e-07	12	288
42		1190.63	1.059e-06	2.369e-03	6.789e-07	12	288
43		1222.88	1.059e-06	2.369e-03	5.038e-07	12	288
44		1256.02	1.041e-06	2.369e-03	3.134e-07	12	288
45		1289.57	1.023e-06	3.052e-03	3.312e-07	12	288
46		1324.33	1.023e-06	3.052e-03	2.332e-07	12	288
47		1357.71	1.017e-06	2.541e-03	2.397e-07	12	288
48		1391.56	1.012e-06	2.541e-03	2.440e-07	12	288
49		1426.83	9.934e-07	2.541e-03	2.532e-07	12	288
50		1463.90	9.934e-07	2.541e-03	2.362e-07	12	288
51		1498.07	9.934e-07	2.541e-03	1.967e-07	12	288
52		1532.41	9.934e-07	2.541e-03	1.967e-07	12	288
53		1567.16	9.878e-07	2.541e-03	1.923e-07	12	288
54		1600.49	9.723e-07	2.541e-03	2.056e-07	12	288
55		1632.50	9.649e-07	3.234e-03	1.721e-07	12	288
56		1664.12	9.649e-07	3.234e-03	1.262e-07	12	288
57		1695.15	9.538e-07	3.234e-03	1.052e-07	12	288
58		1727.39	9.469e-07	3.234e-03	1.121e-07	12	288
59		1759.84	9.469e-07	3.234e-03	9.378e-08	12	288
60		1794.46	9.469e-07	3.234e-03	7.608e-08	12	288
61		1828.31	9.428e-07	3.234e-03	8.018e-08	12	288
62		1863.46	9.401e-07	4.429e-03	7.639e-08	12	288
63		1894.48	9.381e-07	4.429e-03	7.407e-08	12	288
64		1928.62	9.381e-07	4.429e-03	5.533e-08	12	288
65		1962.54	9.340e-07	4.429e-03	5.942e-08	12	288
66		1994.78	9.308e-07	4.429e-03	6.263e-08	12	288
67		2028.72	9.262e-07	4.429e-03	6.726e-08	12	288
68		2062.28	9.229e-07	4.429e-03	6.489e-08	12	288
69		2096.51	9.212e-07	4.429e-03	5.109e-08	12	288
70		2133.85	9.212e-07	4.670e-03	4.376e-08	12	288
71		2167.82	9.175e-07	4.670e-03	4.747e-08	12	288
72		2202.15	9.163e-07	4.670e-03	3.755e-08	12	288
73		2235.48	9.139e-07	4.670e-03	3.297e-08	12	288
74		2268.83	9.125e-07	4.670e-03	3.437e-08	12	288
75		2302.00	9.108e-07	4.670e-03	3.613e-08	12	288
76		2336.37	9.082e-07	4.670e-03	3.456e-08	12	288
77		2371.94	9.062e-07	4.670e-03	3.395e-08	12	288
78		2409.00	9.062e-07	4.670e-03	3.193e-08	12	288
79		2445.95	9.060e-07	4.670e-03	3.211e-08	12	288
80		2481.68	9.060e-07	4.670e-03	2.802e-08	12	288
81		2517.95	9.060e-07	4.672e-03	2.481e-08	12	288
82		2555.73	9.058e-07	4.672e-03	2.039e-08	12	288
83		2593.00	9.055e-07	4.670e-03	1.740e-08	12	288
84		2631.46	9.054e-07	4.670e-03	1.577e-08	12	288
85		2670.84	9.051e-07	4.670e-03	1.603e-08	12	288
86		2708.66	9.051e-07	4.670e-03	1.232e-08	12	288
87		2746.37	9.049e-07	4.670e-03	1.133e-08	12	288
88		2782.83	9.049e-07	4.670e-03	9.073e-09	12	288
89		2820.39	9.047e-07	4.670e-03	7.857e-09	12	288
90		2856.57	9.047e-07	4.670e-03	6.090e-09	12	288
91		2894.01	9.046e-07	4.670e-03	3.672e-09	12	288
92		2930.75	9.044e-07	4.670e-03	1.779e-09	12	288
93		2968.53	9.042e-07	4.668e-03	1.943e-09	12	288
94		3005.29	9.042e-07	4.668e-03	1.762e-09	12	288
95		3042.74	9.042e-07	4.668e-03	1.762e-09	12	288
96		3079.62	9.042e-07	4.668e-03	1.762e-09	12	288
97		3119.21	9.042e-07	4.668e-03	1.548e-09	12	288
98		3157.37	9.042e-07	4.668e-03	1.245e-09	12	288
99		3195.04	9.042e-07	4.668e-03	1.165e-09	12	288
100		3229.41	9.042e-07	4.668e-03	8.981e-10	12	288
101		3268.89	9.038e-07	4.668e-03	1.382e-09	12	288
102		3304.99	9.038e-07	4.668e-03	1.179e-09	12	288
103		3343.48	9.038e-07	4.668e-03	1.101e-09	12	288
104		3380.83	9.038e-07	4.668e-03	9.159e-10	12	288
105		3420.33	9.036e-07	4.668e-03	1.039e-09	12	288
106		3457.38	9.036e-07	4.668e-03	9.305e-10	12	288
107		3494.44	9.032e-07	4.668e-03	1.200e-09	12	288
108		3532.11	9.032e-07	4.668e-03	1.035e-09	12	288
109		3569.87	9.029e-07	4.671e-03	1.330e-09	12	288
110		3606.22	9.029e-07	4.668e-03	1.330e-09	12	288
111		3641.97	9.029e-07	4.668e-03	1.330e-09	12	288
112		3675.90	9.029e-07	4.668e-03	1.330e-09	12	288
113		3711.03	9.029e-07	4.668e-03	1.330e-09	12	288
114		3747.57	9.029e-07	4.668e-03	1.350e-09	12	288
115		3784.03	9.029e-07	4.668e-03	1.350e-09	12	288
116		3817.75	9.029e-07	4.668e-03	8.659e-10	12	288
117		3856.71	9.028e-07	4.663e-03	9.217e-10	12	288
118		3890.83	9.028e-07	4.663e-03	9.217e-10	12	288
119		3929.09	9.028e-07	4.672e-03	9.217e-10	12	288
120		3966.33	9.028e-07	4.672e-03	8.584e-10	12	288
Reinitializing complex 1, running simulations.
Complex 1 with parameter deviation 9.21e-03 replaced with parameter deviation 1.26
121		4003.97	9.027e-07	9.469e-03	8.996e-10	12	288
Reinitializing complex 1, running simulations.
Complex 1 with parameter deviation 9.51e-03 replaced with parameter deviation 1.27
122		4047.36	9.027e-07	8.696e-03	4.722e-10	12	288
123		4090.35	9.027e-07	8.696e-03	4.722e-10	12	288
124		4128.02	9.027e-07	8.696e-03	2.364e-10	12	288
125		4164.50	9.026e-07	8.696e-03	2.984e-10	12	288
126		4204.83	9.026e-07	8.696e-03	3.467e-10	12	288
127		4240.79	9.024e-07	8.696e-03	5.535e-10	12	288
128		4276.73	9.022e-07	8.696e-03	6.879e-10	12	288
129		4314.45	9.022e-07	4.606e-03	6.679e-10	12	288
130		4352.66	9.022e-07	4.606e-03	7.271e-10	12	288
131		4392.55	9.022e-07	4.606e-03	7.283e-10	12	288
132		4432.32	9.021e-07	4.606e-03	7.260e-10	12	288
133		4468.08	9.021e-07	4.606e-03	7.276e-10	12	288
134		4505.36	9.021e-07	4.606e-03	7.607e-10	12	288
135		4545.46	9.021e-07	4.606e-03	7.005e-10	12	288
136		4580.53	9.021e-07	4.606e-03	6.593e-10	12	288
137		4617.71	9.021e-07	4.606e-03	6.882e-10	12	288
138		4652.89	9.021e-07	4.606e-03	6.882e-10	12	288
139		4690.64	9.021e-07	4.606e-03	6.291e-10	12	288
140		4729.63	9.021e-07	4.638e-03	5.671e-10	12	288
141		4766.30	9.021e-07	4.638e-03	5.187e-10	12	288
142		4803.55	9.021e-07	4.638e-03	3.120e-10	12	288
143		4840.75	9.021e-07	4.638e-03	1.776e-10	12	288
144		4880.86	9.021e-07	4.638e-03	1.776e-10	12	288
145		4918.05	9.020e-07	4.638e-03	1.304e-10	12	288
146		4953.74	9.020e-07	4.638e-03	1.292e-10	12	288
147		4991.22	9.020e-07	4.638e-03	7.568e-11	12	288
148		5027.21	9.020e-07	4.638e-03	7.407e-11	12	288
149		5066.70	9.020e-07	4.638e-03	4.237e-11	12	288
150		5104.71	9.020e-07	4.638e-03	4.237e-11	12	288
151		5139.25	9.020e-07	4.638e-03	4.237e-11	12	288
152		5175.92	9.020e-07	4.638e-03	7.260e-11	12	288
153		5216.01	9.020e-07	4.638e-03	7.260e-11	12	288
154		5249.17	9.020e-07	4.638e-03	7.260e-11	12	288
155		5286.83	9.020e-07	4.638e-03	8.017e-11	12	288
156		5326.44	9.020e-07	4.638e-03	8.017e-11	12	288
157		5366.72	9.019e-07	4.638e-03	1.103e-10	12	288
158		5402.17	9.019e-07	4.638e-03	1.155e-10	12	288
159		5437.22	9.019e-07	4.638e-03	1.396e-10	12	288
160		5471.57	9.019e-07	4.638e-03	1.275e-10	12	288
161		5508.94	9.019e-07	4.638e-03	1.401e-10	12	288
162		5544.18	9.019e-07	4.638e-03	1.401e-10	12	288
163		5582.28	9.019e-07	4.638e-03	1.680e-10	12	288
164		5621.47	8.916e-07	4.638e-03	1.046e-08	12	288
165		5658.32	8.916e-07	4.638e-03	1.046e-08	12	288
166		5698.74	8.809e-07	4.638e-03	2.115e-08	12	288
167		5743.08	8.809e-07	3.566e-03	2.109e-08	12	288
168		5777.83	8.663e-07	3.566e-03	3.573e-08	12	288
169		5814.31	8.556e-07	3.566e-03	4.641e-08	12	288
170		5852.10	8.471e-07	4.668e-03	5.482e-08	12	288
171		5893.60	8.469e-07	4.668e-03	5.511e-08	12	288
172		5930.26	8.469e-07	3.566e-03	5.508e-08	12	288
173		5971.66	8.421e-07	4.672e-03	5.981e-08	12	288
174		6008.83	8.421e-07	4.672e-03	5.978e-08	12	288
175		6044.47	8.394e-07	4.672e-03	6.256e-08	12	288
176		6080.92	8.360e-07	4.672e-03	6.592e-08	12	288
177		6117.97	8.340e-07	4.672e-03	6.788e-08	12	288
178		6154.69	8.326e-07	4.672e-03	6.931e-08	12	288
179		6193.58	8.311e-07	4.672e-03	6.046e-08	12	288
180		6232.16	8.293e-07	4.672e-03	6.229e-08	12	288
181		6270.50	8.268e-07	4.672e-03	5.409e-08	12	288
182		6308.28	8.268e-07	4.672e-03	5.409e-08	12	288
183		6346.45	8.257e-07	4.672e-03	4.056e-08	12	288
184		6380.30	8.184e-07	4.672e-03	3.721e-08	12	288
185		6417.73	8.004e-07	4.672e-03	4.677e-08	12	288
186		6456.99	7.879e-07	4.672e-03	5.898e-08	12	288
187		6494.17	7.879e-07	4.672e-03	5.898e-08	12	288
188		6530.83	7.820e-07	4.672e-03	6.008e-08	12	288
189		6566.77	7.820e-07	4.672e-03	6.008e-08	12	288
190		6600.70	7.815e-07	4.659e-03	5.782e-08	12	288
191		6635.35	7.795e-07	4.659e-03	5.648e-08	12	288
192		6672.31	7.795e-07	4.659e-03	5.452e-08	12	288
193		6710.93	7.789e-07	4.659e-03	5.366e-08	12	288
194		6749.02	7.789e-07	4.659e-03	5.222e-08	12	288
195		6783.49	7.779e-07	4.659e-03	5.143e-08	12	288
196		6818.25	7.774e-07	4.659e-03	4.941e-08	12	288
197		6857.84	7.774e-07	4.659e-03	4.941e-08	12	288
198		6891.47	7.772e-07	4.659e-03	4.852e-08	12	288
199		6927.33	7.760e-07	4.659e-03	4.234e-08	12	288
200		6967.41	7.760e-07	4.659e-03	2.439e-08	12	288
201		7003.27	7.752e-07	4.659e-03	1.270e-08	12	288
202		7037.82	7.551e-07	4.659e-03	3.280e-08	12	288
203		7072.22	7.506e-07	4.659e-03	3.148e-08	12	288
204		7110.35	7.506e-07	4.659e-03	3.148e-08	12	288
205		7146.73	7.418e-07	4.659e-03	3.973e-08	12	288
206		7184.01	7.385e-07	4.659e-03	4.102e-08	12	288
207		7220.38	7.335e-07	4.659e-03	4.596e-08	12	288
208		7254.95	7.256e-07	4.659e-03	5.326e-08	12	288
209		7292.80	7.228e-07	4.659e-03	5.606e-08	12	288
210		7325.90	7.108e-07	4.659e-03	6.704e-08	12	288
211		7361.77	7.108e-07	4.659e-03	6.657e-08	12	288
212		7399.57	7.108e-07	4.659e-03	6.657e-08	12	288
213		7434.13	7.108e-07	4.659e-03	6.635e-08	12	288
214		7463.56	7.107e-07	4.647e-03	6.532e-08	12	288
215		7501.35	7.014e-07	4.647e-03	7.455e-08	12	288
216		7539.11	6.993e-07	4.647e-03	7.585e-08	12	288
217		7576.38	6.993e-07	4.672e-03	5.576e-08	12	288
218		7610.51	6.920e-07	4.672e-03	5.855e-08	12	288
219		7642.86	6.905e-07	4.672e-03	6.007e-08	12	288
220		7681.42	6.796e-07	4.647e-03	6.216e-08	12	288
221		7717.67	6.796e-07	4.647e-03	5.885e-08	12	288
222		7752.82	6.669e-07	4.647e-03	6.666e-08	12	288
223		7789.98	6.669e-07	4.647e-03	5.875e-08	12	288
224		7827.64	6.628e-07	4.647e-03	6.002e-08	12	288
225		7868.14	6.628e-07	4.647e-03	4.800e-08	12	288
226		7908.43	6.622e-07	4.647e-03	4.860e-08	12	288
227		7948.22	6.620e-07	4.670e-03	4.883e-08	12	288
228		7982.96	6.619e-07	4.670e-03	4.889e-08	12	288
229		8017.09	6.619e-07	4.670e-03	4.883e-08	12	288
230		8054.47	6.596e-07	4.670e-03	4.187e-08	12	288
231		8094.63	6.596e-07	4.670e-03	3.976e-08	12	288
232		8131.18	6.582e-07	4.670e-03	4.110e-08	12	288
233		8165.59	6.563e-07	4.670e-03	3.568e-08	12	288
234		8199.35	6.553e-07	4.670e-03	3.514e-08	12	288
235		8239.75	6.553e-07	4.670e-03	2.428e-08	12	288
236		8276.81	6.543e-07	4.670e-03	2.535e-08	12	288
237		8312.67	6.534e-07	4.670e-03	1.346e-08	12	288
238		8346.83	6.534e-07	4.670e-03	1.346e-08	12	288
239		8385.61	6.532e-07	4.670e-03	9.586e-09	12	288
240		8422.98	6.524e-07	4.670e-03	1.040e-08	12	288
241		8455.60	6.514e-07	4.670e-03	1.083e-08	12	288
242		8489.72	6.514e-07	4.670e-03	1.060e-08	12	288
243		8527.38	6.505e-07	4.670e-03	1.139e-08	12	288
244		8565.54	6.499e-07	4.670e-03	1.198e-08	12	288
245		8605.61	6.489e-07	4.670e-03	1.068e-08	12	288
246		8641.95	6.489e-07	4.670e-03	1.070e-08	12	288
247		8674.17	6.489e-07	4.670e-03	9.361e-09	12	288
248		8709.75	6.486e-07	4.670e-03	7.788e-09	12	288
249		8749.13	6.475e-07	4.670e-03	7.885e-09	12	288
250		8784.58	6.316e-07	4.670e-03	2.372e-08	12	288
251		8820.63	6.316e-07	4.670e-03	2.265e-08	12	288
252		8855.58	6.274e-07	4.670e-03	2.602e-08	12	288
253		8895.36	6.202e-07	4.670e-03	3.327e-08	12	288
254		8930.79	6.188e-07	4.670e-03	3.444e-08	12	288
255		8965.81	6.155e-07	4.670e-03	3.691e-08	12	288
256		9004.69	6.140e-07	4.670e-03	3.737e-08	12	288
257		9044.47	6.140e-07	4.670e-03	3.737e-08	12	288
258		9081.32	6.140e-07	3.595e-03	3.653e-08	12	288
259		9114.14	6.140e-07	3.595e-03	3.588e-08	12	288
260		9152.32	6.127e-07	3.595e-03	3.623e-08	12	288
261		9186.35	6.110e-07	4.670e-03	3.784e-08	12	288
262		9221.79	6.110e-07	4.670e-03	3.788e-08	12	288
263		9260.47	6.066e-07	4.670e-03	4.200e-08	12	288
264		9301.41	6.057e-07	4.670e-03	4.181e-08	12	288
265		9336.28	6.025e-07	4.670e-03	2.917e-08	12	288
266		9371.72	5.967e-07	4.670e-03	3.488e-08	12	288
267		9408.88	5.967e-07	4.670e-03	3.066e-08	12	288
268		9451.84	5.967e-07	4.670e-03	2.341e-08	12	288
269		9488.50	5.967e-07	4.670e-03	2.208e-08	12	288
270		9520.27	5.951e-07	4.670e-03	2.045e-08	12	288
271		9557.53	5.941e-07	4.670e-03	1.987e-08	12	288
272		9597.34	5.917e-07	4.670e-03	2.235e-08	12	288
273		9632.68	5.892e-07	4.670e-03	2.485e-08	12	288
274		9666.39	5.883e-07	4.670e-03	2.571e-08	12	288
275		9700.63	5.877e-07	4.670e-03	2.499e-08	12	288
276		9740.61	5.845e-07	4.670e-03	2.648e-08	12	288
277		9778.15	5.817e-07	4.670e-03	2.931e-08	12	288
278		9811.57	5.817e-07	4.670e-03	2.487e-08	12	288
279		9844.32	5.768e-07	4.670e-03	2.883e-08	12	288
280		9884.90	5.768e-07	4.670e-03	2.564e-08	12	288
281		9923.37	5.756e-07	4.625e-03	2.117e-08	12	288
282		9960.42	5.664e-07	4.580e-03	3.040e-08	12	288
283		9996.39	5.598e-07	4.672e-03	3.699e-08	12	288
284		10030.94	5.598e-07	4.672e-03	3.695e-08	12	288
285		10070.34	5.598e-07	4.672e-03	3.530e-08	12	288
286		10107.53	5.529e-07	4.672e-03	4.129e-08	12	288
287		10146.70	5.511e-07	4.672e-03	4.057e-08	12	288
288		10183.85	5.459e-07	4.672e-03	4.327e-08	12	288
289		10219.59	5.443e-07	4.672e-03	4.405e-08	12	288
290		10251.12	5.404e-07	3.455e-03	4.724e-08	12	288
291		10286.27	5.343e-07	3.455e-03	5.029e-08	12	288
292		10323.64	5.343e-07	3.455e-03	4.743e-08	12	288
293		10358.35	5.343e-07	3.455e-03	4.743e-08	12	288
294		10393.10	5.311e-07	2.861e-03	4.567e-08	12	288
295		10430.26	5.274e-07	2.861e-03	4.945e-08	12	288
296		10466.96	5.263e-07	2.861e-03	4.932e-08	12	288
297		10507.15	5.233e-07	2.861e-03	4.307e-08	12	288
298		10544.74	5.233e-07	4.671e-03	3.648e-08	12	288
299		10581.89	5.233e-07	4.671e-03	3.648e-08	12	288
300		10617.05	5.233e-07	4.671e-03	3.648e-08	12	288
301		10654.00	5.233e-07	4.611e-03	2.958e-08	12	288
302		10693.60	5.218e-07	4.611e-03	2.934e-08	12	288
303		10730.52	5.194e-07	2.861e-03	2.651e-08	12	288
304		10768.89	5.194e-07	4.163e-03	2.487e-08	12	288
305		10805.33	5.187e-07	4.163e-03	2.176e-08	12	288
306		10844.92	5.178e-07	4.163e-03	1.649e-08	12	288
307		10880.50	5.165e-07	4.163e-03	1.778e-08	12	288
308		10920.88	5.134e-07	3.004e-03	2.089e-08	12	288
309		10956.42	5.134e-07	3.004e-03	1.779e-08	12	288
310		10992.78	5.111e-07	3.004e-03	1.630e-08	12	288
311		11030.02	5.086e-07	3.004e-03	1.763e-08	12	288
312		11066.87	5.066e-07	3.004e-03	1.673e-08	12	288
313		11104.23	5.066e-07	3.004e-03	1.673e-08	12	288
314		11138.38	5.060e-07	3.004e-03	1.731e-08	12	288
315		11177.38	5.046e-07	3.004e-03	1.866e-08	12	288
316		11215.15	5.038e-07	3.004e-03	1.948e-08	12	288
317		11254.35	5.023e-07	2.746e-03	1.947e-08	12	288
318		11290.08	5.021e-07	2.746e-03	1.725e-08	12	288
319		11327.63	4.934e-07	2.746e-03	2.598e-08	12	288
320		11367.83	4.934e-07	2.746e-03	2.527e-08	12	288
321		11406.58	4.934e-07	2.746e-03	2.436e-08	12	288
322		11445.84	4.934e-07	2.746e-03	2.307e-08	12	288
323		11484.60	4.934e-07	2.746e-03	1.996e-08	12	288
324		11520.24	4.890e-07	2.290e-03	2.434e-08	12	288
325		11554.58	4.890e-07	3.571e-03	2.205e-08	12	288
326		11592.25	4.816e-07	3.571e-03	2.707e-08	12	288
327		11633.41	4.816e-07	3.571e-03	2.500e-08	12	288
328		11668.86	4.816e-07	3.571e-03	2.500e-08	12	288
329		11705.82	4.816e-07	3.571e-03	2.442e-08	12	288
330		11743.57	4.816e-07	3.571e-03	2.307e-08	12	288
331		11779.45	4.816e-07	3.571e-03	2.224e-08	12	288
332		11814.88	4.816e-07	3.571e-03	2.073e-08	12	288
333		11851.44	4.616e-07	3.571e-03	4.058e-08	12	288
334		11893.37	4.616e-07	3.571e-03	3.185e-08	12	288
335		11933.45	4.616e-07	3.670e-03	3.185e-08	12	288
336		11969.90	4.616e-07	4.143e-03	3.185e-08	12	288
337		12007.96	4.616e-07	4.143e-03	3.185e-08	12	288
338		12051.19	4.616e-07	4.478e-03	3.185e-08	12	288
339		12092.06	4.616e-07	4.478e-03	2.746e-08	12	288
340		12127.19	4.616e-07	4.478e-03	2.746e-08	12	288
341		12166.16	4.616e-07	4.478e-03	2.000e-08	12	288
342		12204.51	4.616e-07	4.478e-03	2.000e-08	12	288
343		12241.18	4.441e-07	4.478e-03	3.745e-08	12	288
344		12278.85	4.441e-07	4.478e-03	3.745e-08	12	288
345		12318.43	4.412e-07	4.205e-03	4.038e-08	12	288
346		12355.03	4.412e-07	4.205e-03	4.038e-08	12	288
347		12393.19	4.412e-07	4.205e-03	4.038e-08	12	288
348		12432.55	4.087e-07	4.205e-03	5.285e-08	12	288
349		12475.87	4.074e-07	4.205e-03	5.416e-08	12	288
350		12515.85	4.031e-07	4.205e-03	5.846e-08	12	288
351		12553.00	3.844e-07	4.669e-03	7.715e-08	12	288
352		12594.38	3.844e-07	4.669e-03	7.715e-08	12	288
353		12636.88	3.844e-07	4.669e-03	7.715e-08	12	288
354		12671.83	3.735e-07	4.669e-03	8.801e-08	12	288
355		12708.47	3.735e-07	4.205e-03	8.801e-08	12	288
356		12745.22	3.706e-07	4.205e-03	9.096e-08	12	288
357		12780.49	3.703e-07	3.125e-03	9.122e-08	12	288
358		12823.02	3.587e-07	3.125e-03	8.536e-08	12	288
359		12859.16	3.587e-07	3.125e-03	8.536e-08	12	288
360		12895.00	3.531e-07	3.125e-03	8.813e-08	12	288
361		12937.51	3.531e-07	3.125e-03	8.813e-08	12	288
362		12978.00	3.481e-07	3.125e-03	9.309e-08	12	288
363		13017.06	3.468e-07	3.125e-03	6.185e-08	12	288
364		13052.20	3.446e-07	3.125e-03	6.283e-08	12	288
365		13086.35	3.445e-07	3.125e-03	5.860e-08	12	288
366		13125.62	3.408e-07	3.125e-03	4.357e-08	12	288
367		13162.98	3.362e-07	2.709e-03	4.821e-08	12	288
368		13198.94	3.354e-07	2.709e-03	4.897e-08	12	288
369		13233.90	3.350e-07	2.709e-03	3.854e-08	12	288
370		13273.37	3.278e-07	2.709e-03	4.574e-08	12	288
371		13312.56	3.275e-07	2.709e-03	4.313e-08	12	288
372		13347.90	3.208e-07	2.709e-03	4.949e-08	12	288
373		13384.67	3.186e-07	4.670e-03	4.014e-08	12	288
374		13423.83	3.096e-07	4.670e-03	4.918e-08	12	288
375		13460.68	3.029e-07	4.670e-03	5.012e-08	12	288
376		13493.34	3.029e-07	4.670e-03	5.012e-08	12	288
377		13533.38	3.024e-07	4.670e-03	4.566e-08	12	288
378		13573.26	3.019e-07	4.670e-03	4.491e-08	12	288
379		13611.13	3.017e-07	4.670e-03	4.290e-08	12	288
380		13648.48	3.014e-07	4.670e-03	4.308e-08	12	288
381		13690.11	3.010e-07	4.670e-03	3.988e-08	12	288
382		13726.07	3.003e-07	4.670e-03	3.590e-08	12	288
383		13762.71	2.996e-07	4.670e-03	3.580e-08	12	288
384		13798.59	2.982e-07	4.670e-03	3.679e-08	12	288
385		13839.47	2.971e-07	4.670e-03	3.074e-08	12	288
386		13873.20	2.962e-07	4.670e-03	3.129e-08	12	288
387		13909.99	2.940e-07	4.670e-03	2.683e-08	12	288
388		13952.35	2.931e-07	4.670e-03	2.551e-08	12	288
389		13987.00	2.910e-07	4.670e-03	1.854e-08	12	288
390		14022.84	2.888e-07	4.670e-03	1.411e-08	12	288
391		14064.16	2.855e-07	4.670e-03	1.744e-08	12	288
392		14097.80	2.842e-07	4.670e-03	1.823e-08	12	288
393		14131.93	2.816e-07	4.670e-03	2.030e-08	12	288
394		14168.71	2.769e-07	4.670e-03	2.471e-08	12	288
395		14202.34	2.736e-07	4.670e-03	2.780e-08	12	288
396		14238.11	2.707e-07	4.670e-03	3.028e-08	12	288
397		14276.38	2.707e-07	4.670e-03	2.961e-08	12	288
398		14312.12	2.707e-07	4.670e-03	2.895e-08	12	288
399		14342.76	2.706e-07	4.670e-03	2.762e-08	12	288
400		14380.02	2.701e-07	4.670e-03	2.698e-08	12	288
401		14415.37	2.701e-07	4.670e-03	2.608e-08	12	288
402		14450.01	2.695e-07	4.670e-03	2.456e-08	12	288
403		14489.55	2.692e-07	4.770e-04	2.385e-08	12	288
404		14526.91	2.684e-07	4.770e-04	2.259e-08	12	288
405		14561.14	2.684e-07	4.770e-04	2.038e-08	12	288
406		14600.91	2.682e-07	4.770e-04	1.726e-08	12	288
407		14635.45	2.651e-07	4.770e-04	1.913e-08	12	288
408		14673.53	2.650e-07	6.603e-04	1.664e-08	12	288
409		14710.90	2.566e-07	6.603e-04	2.035e-08	12	288
410		14744.63	2.566e-07	6.603e-04	1.702e-08	12	288
411		14778.98	2.536e-07	7.266e-04	1.705e-08	12	288
412		14817.97	2.519e-07	7.266e-04	1.882e-08	12	288
413		14850.91	2.483e-07	7.266e-04	2.236e-08	12	288
414		14888.10	2.467e-07	7.266e-04	2.390e-08	12	288
415		14925.56	2.454e-07	7.266e-04	2.469e-08	12	288
416		14958.92	2.454e-07	4.770e-04	2.469e-08	12	288
417		14998.07	2.452e-07	4.770e-04	2.428e-08	12	288
418		15033.73	2.450e-07	1.434e-04	2.420e-08	12	288
419		15068.48	2.447e-07	1.434e-04	2.373e-08	12	288
420		15104.65	2.447e-07	1.266e-03	2.373e-08	12	288
421		15140.69	2.447e-07	1.434e-04	2.352e-08	12	288
422		15176.31	2.447e-07	1.932e-03	2.042e-08	12	288
423		15208.14	2.441e-07	1.932e-03	2.090e-08	12	288
424		15246.19	2.441e-07	1.932e-03	1.250e-08	12	288
425		15284.49	2.441e-07	1.932e-03	1.250e-08	12	288
426		15325.69	2.438e-07	1.932e-03	9.865e-09	12	288
427		15363.85	2.381e-07	1.932e-03	1.377e-08	12	288
428		15398.08	2.381e-07	4.318e-03	1.024e-08	12	288
429		15433.44	2.359e-07	1.570e-03	1.083e-08	12	288
430		15471.41	2.359e-07	4.439e-03	9.522e-09	12	288
431		15512.82	2.336e-07	4.439e-03	1.177e-08	12	288
432		15552.60	2.316e-07	4.439e-03	1.355e-08	12	288
433		15588.85	2.303e-07	2.794e-03	1.475e-08	12	288
434		15623.29	2.250e-07	3.366e-03	1.969e-08	12	288
435		15661.87	2.204e-07	3.366e-03	2.427e-08	12	288
436		15701.94	2.202e-07	3.366e-03	2.452e-08	12	288
437		15735.68	2.173e-07	3.366e-03	2.739e-08	12	288
438		15773.96	2.160e-07	3.366e-03	2.809e-08	12	288
439		15810.39	2.160e-07	3.366e-03	2.809e-08	12	288
440		15846.43	2.160e-07	3.366e-03	2.809e-08	12	288
441		15880.40	2.156e-07	2.794e-03	2.820e-08	12	288
442		15921.58	2.151e-07	2.794e-03	2.296e-08	12	288
443		15956.62	2.149e-07	4.471e-03	2.315e-08	12	288
444		15993.77	2.149e-07	4.471e-03	2.093e-08	12	288
445		16029.22	2.145e-07	4.471e-03	2.139e-08	12	288
446		16068.82	2.138e-07	4.471e-03	1.985e-08	12	288
447		16100.42	2.138e-07	4.471e-03	1.786e-08	12	288
448		16137.18	2.133e-07	4.471e-03	1.699e-08	12	288
449		16176.68	2.129e-07	2.101e-03	1.215e-08	12	288
450		16215.63	2.127e-07	2.101e-03	7.747e-09	12	288
451		16248.34	2.127e-07	3.269e-03	7.510e-09	12	288
452		16285.39	2.120e-07	3.269e-03	5.287e-09	12	288
453		16326.99	2.119e-07	3.269e-03	4.111e-09	12	288
454		16362.33	2.119e-07	3.269e-03	4.130e-09	12	288
455		16397.79	2.115e-07	3.363e-03	4.481e-09	12	288
456		16434.67	2.111e-07	3.363e-03	4.438e-09	12	288
457		16465.08	2.109e-07	3.363e-03	4.204e-09	12	288
458		16503.25	2.106e-07	3.269e-03	4.288e-09	12	288
459		16537.31	2.104e-07	3.269e-03	4.535e-09	12	288
460		16575.31	2.096e-07	3.269e-03	4.922e-09	12	288
461		16612.29	2.093e-07	3.269e-03	4.482e-09	12	288
462		16644.51	2.088e-07	3.269e-03	5.006e-09	12	288
463		16682.17	2.077e-07	3.269e-03	5.648e-09	12	288
464		16714.31	2.077e-07	3.269e-03	5.211e-09	12	288
465		16748.38	2.071e-07	1.477e-03	5.633e-09	12	288
466		16786.03	2.068e-07	1.477e-03	5.873e-09	12	288
467		16819.27	2.068e-07	1.477e-03	5.211e-09	12	288
468		16859.26	2.062e-07	1.477e-03	5.660e-09	12	288
469		16892.38	2.059e-07	1.477e-03	5.972e-09	12	288
470		16930.96	2.059e-07	3.024e-03	5.620e-09	12	288
471		16963.90	2.058e-07	3.024e-03	5.298e-09	12	288
472		17001.29	2.052e-07	3.024e-03	5.679e-09	12	288
473		17033.02	2.050e-07	3.024e-03	5.643e-09	12	288
474		17053.83	2.050e-07	3.024e-03	5.397e-09	12	288
475		17075.35	2.050e-07	3.024e-03	4.550e-09	12	288
476		17094.27	2.049e-07	3.024e-03	4.394e-09	12	288
477		17114.02	2.041e-07	3.024e-03	4.669e-09	12	288
478		17134.03	2.041e-07	3.024e-03	3.560e-09	12	288
479		17151.94	2.040e-07	3.024e-03	3.605e-09	12	288
480		17171.14	2.025e-07	3.024e-03	4.609e-09	12	288
481		17190.35	2.016e-07	3.024e-03	5.183e-09	12	288
482		17209.56	2.001e-07	3.024e-03	6.666e-09	12	288
483		17228.78	1.997e-07	3.024e-03	6.572e-09	12	288
484		17248.89	1.983e-07	3.024e-03	7.588e-09	12	288
485		17269.01	1.973e-07	3.024e-03	8.627e-09	12	288
486		17287.02	1.954e-07	3.024e-03	1.046e-08	12	288
487		17307.15	1.851e-07	3.024e-03	2.015e-08	12	288
488		17325.56	1.826e-07	3.024e-03	2.237e-08	12	288
489		17344.77	1.727e-07	3.024e-03	3.233e-08	12	288
490		17365.57	1.641e-07	3.024e-03	4.092e-08	12	288
491		17383.69	1.583e-07	4.757e-04	4.657e-08	12	288
492		17403.81	1.494e-07	4.757e-04	5.469e-08	12	288
493		17422.54	1.494e-07	4.757e-04	5.469e-08	12	288
494		17441.95	1.481e-07	4.757e-04	5.593e-08	12	288
495		17460.77	1.479e-07	4.757e-04	5.453e-08	12	288
496		17479.97	1.447e-07	4.757e-04	5.693e-08	12	288
497		17498.88	1.447e-07	4.757e-04	5.540e-08	12	288
498		17518.89	1.447e-07	4.757e-04	5.497e-08	12	288
499		17537.50	1.447e-07	4.757e-04	5.363e-08	12	288
500		17556.51	1.447e-07	4.757e-04	5.259e-08	12	288
501		17575.43	1.442e-07	4.757e-04	5.117e-08	12	288
502		17594.05	1.442e-07	8.992e-04	4.089e-08	12	288
503		17612.77	1.442e-07	8.992e-04	3.843e-08	12	288
504		17631.98	1.439e-07	8.992e-04	2.876e-08	12	288
505		17652.40	1.439e-07	8.992e-04	2.018e-08	12	288
506		17673.32	1.437e-07	8.992e-04	1.467e-08	12	288
507		17692.84	1.437e-07	3.397e-04	5.753e-09	12	288
508		17712.75	1.428e-07	3.397e-04	6.648e-09	12	288
509		17731.66	1.424e-07	3.397e-04	5.732e-09	12	288
510		17752.08	1.417e-07	3.397e-04	6.238e-09	12	288
511		17770.68	1.408e-07	3.397e-04	3.854e-09	12	288
512		17790.59	1.404e-07	9.084e-05	4.330e-09	12	288
513		17808.40	1.395e-07	9.084e-05	5.166e-09	12	288
514		17828.72	1.390e-07	8.057e-04	5.729e-09	12	288
515		17849.44	1.382e-07	8.057e-04	6.462e-09	12	288
516		17868.16	1.377e-07	9.084e-05	6.476e-09	12	288
517		17887.37	1.362e-07	9.084e-05	8.048e-09	12	288
518		17905.89	1.355e-07	7.134e-04	8.703e-09	12	288
519		17925.59	1.339e-07	7.134e-04	1.004e-08	12	288
520		17945.70	1.332e-07	7.134e-04	1.066e-08	12	288
521		17964.32	1.319e-07	7.134e-04	1.172e-08	12	288
522		17983.23	1.301e-07	7.134e-04	1.354e-08	12	288
523		18002.15	1.282e-07	8.651e-04	1.460e-08	12	288
524		18021.17	1.268e-07	4.529e-03	1.556e-08	12	288
525		18039.78	1.265e-07	4.529e-03	1.518e-08	12	288
526		18059.19	1.261e-07	1.230e-03	1.473e-08	12	288
527		18076.99	1.251e-07	3.062e-03	1.528e-08	12	288
528		18094.69	1.245e-07	1.281e-03	1.505e-08	12	288
529		18113.41	1.234e-07	1.281e-03	1.560e-08	12	288
530		18132.62	1.234e-07	1.281e-03	1.487e-08	12	288
531		18151.54	1.231e-07	1.281e-03	1.460e-08	12	288
532		18170.02	1.231e-07	1.281e-03	1.303e-08	12	288
533		18189.63	1.230e-07	1.281e-03	1.255e-08	12	288
534		18208.24	1.229e-07	2.715e-03	1.092e-08	12	288
535		18226.45	1.224e-07	2.715e-03	1.084e-08	12	288
536		18244.86	1.220e-07	2.715e-03	9.927e-09	12	288
537		18264.57	1.216e-07	2.715e-03	8.494e-09	12	288
538		18283.57	1.214e-07	4.536e-03	6.793e-09	12	288
539		18302.88	1.213e-07	4.536e-03	5.540e-09	12	288
540		18322.60	1.210e-07	4.536e-03	5.456e-09	12	288
541		18342.32	1.210e-07	4.536e-03	5.059e-09	12	288
542		18359.93	1.200e-07	1.086e-03	5.058e-09	12	288
543		18379.65	1.193e-07	1.086e-03	5.167e-09	12	288
544		18398.55	1.190e-07	1.086e-03	4.320e-09	12	288
545		18417.57	1.180e-07	1.086e-03	5.343e-09	12	288
546		18436.28	1.165e-07	1.086e-03	6.657e-09	12	288
547		18456.00	1.154e-07	1.086e-03	7.758e-09	12	288
548		18475.41	1.152e-07	1.086e-03	7.772e-09	12	288
549		18495.55	1.144e-07	1.506e-03	8.566e-09	12	288
550		18513.56	1.124e-07	1.506e-03	9.958e-09	12	288
551		18532.37	1.118e-07	1.506e-03	1.021e-08	12	288
552		18552.40	1.098e-07	1.506e-03	1.183e-08	12	288
553		18571.51	1.085e-07	1.086e-03	1.283e-08	12	288
554		18591.24	1.079e-07	1.086e-03	1.336e-08	12	288
555		18610.86	1.074e-07	1.160e-03	1.364e-08	12	288
556		18629.78	1.064e-07	1.160e-03	1.465e-08	12	288
557		18648.89	1.059e-07	1.160e-03	1.410e-08	12	288
558		18666.60	1.038e-07	1.160e-03	1.548e-08	12	288
559		18685.52	1.028e-07	1.160e-03	1.624e-08	12	288
560		18704.94	1.015e-07	1.938e-03	1.654e-08	12	288
561		18724.35	1.013e-07	3.245e-03	1.519e-08	12	288
562		18744.05	9.930e-08	3.245e-03	1.606e-08	12	288
A	 = 2.12e+12,
C0	 = 1.0,0.0,
Cpa	 = 1389.3971218462036,1048.174988052099,
E	 = 1.77e+05,
Hp	 = 90202.217491419,
K	 = 22772.986803849228,100000000.0,
Value	 = 9.930466894916289e-08,
Xi	 = 0.7338086749851456,
eps	 = 0.8332675126920879,0.8169581669542804,
ka	 = 0.2783641132242031,0.18059242507379053,
n	 = 0.99890609881088,
nO2	 = 0.0,
rho	 = 1683.0,1235.0,
Results saved to D:\workspace\JENSENHUGHES\optimization\optimizationPaper\config\E_Glass\hybrid\../../../results/E_Glass/hybrid/E_GlassOldConstWideHybrid2_solution.txt
