D:\workspace\JENSENHUGHES\optimization\optimizationPaper\config\E_Glass\hybrid\../../../results/E_Glass/hybrid/E_GlassLinearWideHybrid Log file
!!python/object/apply:collections.defaultdict
args:
- &id001 !!python/name:builtins.bool ''
dictitems:
  Duraboard:
    CprampF:
    - 1.0
    - 1.0
    CprampT:
    - 0
    - 5000
    eps: 0.8
    krampF:
    - 0.075932
    - 0.090229
    - 0.104522
    - 0.122143
    - 0.14158
    - 0.163436
    - 0.190738
    - 0.221975
    krampT:
    - 203.035
    - 317.4028
    - 426.9164
    - 536.4182
    - 647.3003
    - 757.4803
    - 867.6409
    - 981.2546
    rho: 258
    thickness: 0.0254
  XiState:
  - unknowable
  cone:
    Tinit: 25
    activePhaseVars:
    - C0
    - rho
    - ka
    - kb
    - kc
    - kd
    - ke
    - Cpa
    - Cpb
    - Cpc
    - Cpd
    - Cpe
    - eps
    - K
    activeReactionVars:
    - A
    - E
    - n
    - Hp
    - nO2
    - Xi
    backBoundaryConditions:
      Tamb: 25
      htc: Auto
      type: INSULATED
    frontBoundaryConditions:
      Tamb: 25
      htc: Auto
    weight: 1.0
  cone1: !!python/object/apply:collections.defaultdict
    args:
    - *id001
    dictitems:
      Tinit: 25
      activePhaseVars:
      - C0
      - rho
      - ka
      - kb
      - kc
      - kd
      - ke
      - Cpa
      - Cpb
      - Cpc
      - Cpd
      - Cpe
      - eps
      - K
      activeReactionVars:
      - A
      - E
      - n
      - Hp
      - nO2
      - Xi
      backBoundaryConditions: !!python/object/apply:collections.defaultdict
        args:
        - *id001
        dictitems:
          Tamb: 25
          htc: Auto
          type: INSULATED
      columns:
      - 1
      depths:
      - 0
      file: ../../../data/E_Glass/E_GlassLinearNominal_0_cone_Mass.csv
      finalThickness: false
      frontBoundaryConditions: !!python/object/apply:collections.defaultdict
        args:
        - *id001
        dictitems:
          Tamb: 25
          heatFlux: 25
          htc: 15
      initialThickness: 0.008
      names:
      - Mass
      time: 0
      types:
      - 1
      weight: 1.0
      weights:
      - 1
      width1: 0.1016
      width2: 0.1016
  configDir: D:\workspace\JENSENHUGHES\optimization\optimizationPaper\config\E_Glass\hybrid\
  dataSources:
    names:
    - cone1
    types:
    - cone
  dsc:
    activePhaseVars:
    - C0
    - Cpa
    - Cpb
    - Cpc
    - Cpd
    - Cpe
    activeReactionVars:
    - A
    - E
    - n
    - Hp
    dscO2: None
    weight: 1.0
  fdsPath: C:\Program Files\FDS\FDS6\bin
  name: E_GlassLinearWideHybrid
  optimizeParams:
    absErr: 1e-7
    absRelErr: 5e-7
    elimThresh: 1e-2
    maxIter: 1000
    maxTime: 36000
    minIter: 5
    minP: 2
    opAlpha: 3
    opBeta: 3
    opP: 16
    opQ: 8
    opS: 32
    relErr: 1e-12
    relIter: 15
  outputParams:
    saveAllSamples: false
  phaseParams:
    C0:
    - - 1
      - 0
      - 1
    - - 0
      - 1189
      - 1189
    Cpa:
    - - None
      - 864
      - 1296
    - - None
      - 260.25
      - 4164
    Cpb:
    - - None
      - 0.03616
      - 0.05424
    - - None
      - 0.06475
      - 1.036
    Cpc:
    - - 0.0
      - 0.0
      - 0.0
    - - 0.0
      - 0.0
      - 0.0
    Cpd:
    - - 0.0
      - 0.0
      - 0.0
    - - 0.0
      - 0.0
      - 0.0
    Cpe:
    - &id002
      - 0
      - 0
      - 1
    - *id002
    K:
    - - None
      - 2500
      - 40000
    - - 1e8
      - 1189
      - 1189
    eps:
    - - None
      - 0.235
      - 1.0
    - - None
      - 0.235
      - 1.0
    ka:
    - - None
      - 0.078
      - 1.248
    - - None
      - 0.023725
      - 0.3796
    kb:
    - - None
      - 1.1013e-05
      - 0.0001762
    - - None
      - 7.075e-05
      - 0.001132
    kc:
    - - 0.0
      - 0.0
      - 0.0
    - - 0.0
      - 0.0
      - 0.0
    kd:
    - - 0.0
      - 0.0
      - 0.0
    - - 0.0
      - 0.0
      - 0.0
    ke:
    - &id003
      - 0
      - 0
      - 1
    - *id003
    nO2:
    - - 0
      - 0
      - 1
    - - 0
      - 1189
      - 1189
    phases:
    - virgin
    - char
    rho:
    - - 1683
      - 1189
      - 1189
    - - 1235
      - 1189
      - 1189
  processParams:
    maxProcesses: 4
    multiprocess: true
  reactionParams:
    A:
    - - None
      - 2704000000000000.0
      - 4056000000000000.0
    E:
    - - None
      - 170400.0
      - 255600.0
    Hp:
    - - None
      - 148750.0
      - 2380000.0
    Xi:
    - - None
      - 0
      - 1
    n:
    - - None
      - 1.2
      - 1.8
    nO2:
    - - 0
      - 0
      - 1
    prodState:
    - 1
    reacState:
    - 0
    typeState:
    - 3
  reinitializeComplex: true
  restart: false
  resultsDir: ../../../results/E_Glass/hybrid/
  systemDir: D:\workspace\JENSENHUGHES\optimization\sourceCode\optimizationpython\src
  tga:
    activePhaseVars:
    - C0
    - rho
    activeReactionVars:
    - A
    - E
    - n
    tgaO2: None
    tgaOpt: 1
    weight: 1.0
  virtualExperiment: false
Loop	t (s)	Error Min	Error Max	ErrorRel	Comp	Samples
0		75.00	6.164e-05	3.989e-03	1.000e+00	16	512
1		153.15	5.376e-05	3.989e-03	1.000e+00	16	512
2		232.30	4.779e-05	3.989e-03	1.000e+00	16	512
3		318.08	4.105e-05	3.989e-03	1.000e+00	16	512
4		405.32	3.775e-05	3.989e-03	1.000e+00	16	512
5		491.87	3.154e-05	3.989e-03	1.000e+00	16	512
6		581.75	2.221e-05	3.989e-03	1.000e+00	16	512
7		671.04	2.221e-05	3.989e-03	1.000e+00	16	512
8		757.99	2.221e-05	3.985e-03	1.000e+00	16	512
9		844.14	2.221e-05	3.985e-03	1.000e+00	16	512
10		933.03	1.985e-05	3.985e-03	1.000e+00	16	512
11		1019.21	1.848e-05	3.985e-03	1.000e+00	16	512
12		1105.90	1.409e-05	3.985e-03	1.000e+00	16	512
13		1190.15	1.409e-05	3.985e-03	1.000e+00	16	512
14		1277.30	1.228e-05	3.985e-03	1.000e+00	16	512
15		1367.92	1.228e-05	3.985e-03	1.000e+00	16	512
16		1456.60	1.228e-05	3.985e-03	4.148e-05	16	512
17		1548.92	1.087e-05	3.985e-03	3.692e-05	16	512
18		1636.48	1.051e-05	3.985e-03	3.055e-05	16	512
19		1724.22	1.026e-05	3.985e-03	2.748e-05	16	512
20		1814.31	1.026e-05	3.985e-03	2.127e-05	16	512
21		1905.88	1.003e-05	3.985e-03	1.218e-05	16	512
22		1994.09	9.603e-06	3.985e-03	1.261e-05	16	512
23		2084.72	9.603e-06	3.985e-03	1.261e-05	16	512
24		2171.76	9.549e-06	3.985e-03	1.266e-05	16	512
25		2260.69	8.898e-06	3.985e-03	1.095e-05	16	512
26		2349.50	8.678e-06	3.985e-03	9.803e-06	16	512
27		2439.58	8.678e-06	3.985e-03	5.411e-06	16	512
28		2533.24	8.678e-06	3.985e-03	5.411e-06	16	512
29		2624.14	8.678e-06	3.985e-03	3.606e-06	16	512
30		2713.47	8.622e-06	3.985e-03	3.662e-06	16	512
31		2804.03	8.597e-06	3.985e-03	3.688e-06	16	512
32		2898.32	8.201e-06	3.772e-03	2.667e-06	16	512
33		2990.65	8.201e-06	3.772e-03	2.307e-06	16	512
34		3087.85	8.201e-06	3.772e-03	2.063e-06	16	512
35		3185.87	8.201e-06	3.931e-03	2.063e-06	16	512
36		3278.57	7.917e-06	3.931e-03	2.116e-06	16	512
37		3372.64	7.738e-06	3.772e-03	1.865e-06	16	512
38		3467.89	7.573e-06	3.772e-03	2.031e-06	16	512
39		3561.06	7.132e-06	3.772e-03	2.417e-06	16	512
40		3655.30	6.810e-06	3.772e-03	2.088e-06	16	512
41		3747.81	6.796e-06	3.772e-03	1.882e-06	16	512
42		3840.63	6.632e-06	3.772e-03	2.046e-06	16	512
43		3938.69	6.632e-06	3.772e-03	2.046e-06	16	512
44		4029.33	6.271e-06	3.772e-03	2.407e-06	16	512
45		4125.81	6.271e-06	3.772e-03	2.350e-06	16	512
46		4214.37	6.271e-06	3.772e-03	2.325e-06	16	512
47		4303.46	6.193e-06	3.772e-03	2.008e-06	16	512
48		4397.34	6.193e-06	3.772e-03	2.008e-06	16	512
49		4491.75	5.985e-06	3.772e-03	2.216e-06	16	512
50		4589.94	5.866e-06	3.772e-03	2.334e-06	16	512
51		4685.59	5.562e-06	3.739e-03	2.355e-06	16	512
52		4779.26	5.559e-06	3.739e-03	2.180e-06	16	512
53		4869.37	5.438e-06	3.739e-03	2.135e-06	16	512
54		4960.71	5.362e-06	3.739e-03	1.770e-06	16	512
55		5053.64	5.116e-06	3.739e-03	1.694e-06	16	512
56		5143.86	5.116e-06	3.739e-03	1.680e-06	16	512
57		5237.26	5.116e-06	3.739e-03	1.516e-06	16	512
58		5318.09	5.116e-06	3.739e-03	1.516e-06	16	512
59		5387.57	5.116e-06	3.739e-03	1.156e-06	16	512
60		5458.85	5.116e-06	3.739e-03	1.156e-06	16	512
61		5532.56	5.116e-06	3.739e-03	1.156e-06	16	512
62		5578.60	5.103e-06	3.739e-03	1.090e-06	16	512
63		5625.04	5.057e-06	3.739e-03	1.135e-06	16	512
64		5671.08	5.057e-06	3.739e-03	9.274e-07	16	512
65		5718.84	5.057e-06	3.739e-03	8.096e-07	16	512
66		5765.79	5.040e-06	3.739e-03	5.220e-07	16	512
67		5810.53	4.964e-06	3.739e-03	5.945e-07	16	512
68		5856.16	4.938e-06	3.739e-03	4.995e-07	16	512
69		5904.80	4.901e-06	3.739e-03	4.609e-07	16	512
70		5953.66	4.901e-06	3.739e-03	2.148e-07	16	512
71		6003.52	4.901e-06	3.739e-03	2.148e-07	16	512
72		6051.66	4.901e-06	3.739e-03	2.151e-07	16	512
73		6097.00	4.841e-06	3.579e-03	2.746e-07	16	512
74		6143.33	4.841e-06	3.579e-03	2.746e-07	16	512
75		6189.88	4.809e-06	3.579e-03	3.069e-07	16	512
76		6235.73	4.769e-06	3.917e-03	3.468e-07	16	512
77		6280.65	4.769e-06	3.917e-03	3.340e-07	16	512
78		6325.89	4.761e-06	3.579e-03	2.960e-07	16	512
79		6374.24	4.706e-06	2.243e-03	3.511e-07	16	512
80		6419.28	4.680e-06	2.243e-03	3.773e-07	16	512
81		6467.13	4.680e-06	2.243e-03	3.608e-07	16	512
82		6513.57	4.658e-06	2.547e-03	3.062e-07	16	512
83		6561.40	4.644e-06	2.547e-03	2.942e-07	16	512
84		6608.44	4.612e-06	2.547e-03	2.890e-07	16	512
85		6654.77	4.584e-06	2.547e-03	3.172e-07	16	512
86		6699.40	4.584e-06	2.547e-03	3.172e-07	16	512
87		6745.65	4.584e-06	3.105e-03	3.169e-07	16	512
88		6791.89	4.570e-06	3.105e-03	2.712e-07	16	512
89		6840.33	4.570e-06	3.105e-03	2.712e-07	16	512
90		6888.17	4.567e-06	3.105e-03	2.418e-07	16	512
91		6936.70	4.551e-06	3.935e-03	2.182e-07	16	512
92		6983.05	4.551e-06	3.935e-03	2.182e-07	16	512
93		7030.90	4.551e-06	3.935e-03	2.104e-07	16	512
94		7075.54	4.551e-06	3.935e-03	1.553e-07	16	512
95		7122.18	4.543e-06	3.935e-03	1.364e-07	16	512
96		7168.82	4.542e-06	3.935e-03	1.380e-07	16	512
97		7214.76	4.541e-06	3.935e-03	1.169e-07	16	512
98		7260.00	4.526e-06	3.935e-03	1.185e-07	16	512
99		7307.55	4.516e-06	3.935e-03	9.574e-08	16	512
100		7353.58	4.488e-06	3.935e-03	9.598e-08	16	512
101		7397.32	4.478e-06	3.935e-03	1.059e-07	16	512
102		7442.25	4.467e-06	3.935e-03	1.169e-07	16	512
103		7488.59	4.455e-06	3.935e-03	1.147e-07	16	512
104		7532.93	4.436e-06	3.989e-03	1.343e-07	16	512
105		7578.36	4.415e-06	3.989e-03	1.526e-07	16	512
106		7625.30	4.379e-06	3.989e-03	1.719e-07	16	512
107		7672.14	4.368e-06	3.989e-03	1.830e-07	16	512
108		7719.38	4.366e-06	3.989e-03	1.851e-07	16	512
109		7765.93	4.366e-06	3.989e-03	1.851e-07	16	512
110		7811.78	4.331e-06	3.989e-03	2.121e-07	16	512
111		7862.22	4.289e-06	3.989e-03	2.527e-07	16	512
112		7909.57	4.285e-06	3.989e-03	2.562e-07	16	512
113		7957.73	4.285e-06	3.989e-03	2.409e-07	16	512
114		8005.98	4.270e-06	3.989e-03	2.459e-07	16	512
115		8054.93	4.263e-06	3.989e-03	2.252e-07	16	512
116		8102.99	4.263e-06	3.989e-03	2.153e-07	16	512
117		8150.63	4.263e-06	3.989e-03	2.042e-07	16	512
118		8197.98	4.256e-06	3.989e-03	1.995e-07	16	512
119		8245.61	4.253e-06	3.989e-03	1.823e-07	16	512
120		8292.66	4.253e-06	3.989e-03	1.612e-07	16	512
121		8342.11	4.244e-06	3.989e-03	1.352e-07	16	512
122		8391.67	4.244e-06	3.989e-03	1.241e-07	16	512
123		8428.79	4.239e-06	3.989e-03	1.271e-07	16	512
124		8464.98	4.232e-06	3.989e-03	1.339e-07	16	512
125		8501.66	4.227e-06	3.989e-03	1.043e-07	16	512
126		8534.95	4.218e-06	3.989e-03	7.080e-08	16	512
127		8572.73	4.218e-06	3.989e-03	6.679e-08	16	512
128		8608.32	4.214e-06	3.989e-03	7.084e-08	16	512
129		8644.30	4.213e-06	3.990e-03	5.708e-08	16	512
130		8679.49	4.195e-06	3.990e-03	6.759e-08	16	512
131		8713.97	4.195e-06	3.990e-03	6.759e-08	16	512
132		8749.15	4.195e-06	3.990e-03	6.759e-08	16	512
133		8784.33	4.195e-06	3.990e-03	6.077e-08	16	512
134		8818.81	4.195e-06	3.990e-03	5.834e-08	16	512
135		8856.20	4.191e-06	3.990e-03	6.258e-08	16	512
136		8891.38	4.187e-06	3.990e-03	5.695e-08	16	512
137		8926.96	4.181e-06	3.990e-03	6.291e-08	16	512
138		8962.64	4.170e-06	3.990e-03	6.865e-08	16	512
139		8997.42	4.161e-06	3.990e-03	7.124e-08	16	512
140		9036.21	4.161e-06	3.990e-03	6.613e-08	16	512
141		9072.30	4.157e-06	3.990e-03	6.070e-08	16	512
142		9108.03	4.151e-06	3.990e-03	6.745e-08	16	512
143		9143.72	4.151e-06	3.990e-03	6.341e-08	16	512
144		9179.40	4.151e-06	3.990e-03	6.276e-08	16	512
145		9215.08	4.147e-06	3.990e-03	4.820e-08	16	512
146		9251.46	4.144e-06	3.990e-03	5.123e-08	16	512
147		9285.85	4.139e-06	3.990e-03	5.586e-08	16	512
148		9319.84	4.137e-06	3.990e-03	5.825e-08	16	512
149		9354.52	4.137e-06	3.990e-03	5.825e-08	16	512
150		9390.01	4.137e-06	3.990e-03	5.400e-08	16	512
151		9425.29	4.133e-06	3.990e-03	5.358e-08	16	512
152		9460.27	4.133e-06	3.990e-03	4.777e-08	16	512
153		9497.16	4.130e-06	3.990e-03	4.019e-08	16	512
154		9532.04	4.127e-06	3.990e-03	3.397e-08	16	512
155		9565.62	4.127e-06	3.990e-03	3.404e-08	16	512
156		9601.91	4.122e-06	3.990e-03	3.532e-08	16	512
157		9636.99	4.118e-06	3.990e-03	3.268e-08	16	512
158		9672.17	4.115e-06	3.990e-03	3.542e-08	16	512
159		9707.25	4.115e-06	3.990e-03	3.542e-08	16	512
160		9742.13	4.113e-06	3.872e-03	3.337e-08	16	512
161		9779.81	4.113e-06	3.990e-03	3.034e-08	16	512
162		9813.40	4.109e-06	3.990e-03	3.010e-08	16	512
163		9850.59	4.109e-06	3.990e-03	2.772e-08	16	512
164		9885.37	4.109e-06	3.990e-03	2.826e-08	16	512
165		9920.75	4.109e-06	3.990e-03	2.826e-08	16	512
166		9955.93	4.107e-06	3.990e-03	2.627e-08	16	512
167		9989.22	4.104e-06	3.990e-03	2.875e-08	16	512
168		10023.60	4.100e-06	3.990e-03	2.969e-08	16	512
169		10062.58	4.098e-06	3.990e-03	2.869e-08	16	512
170		10100.18	4.098e-06	3.990e-03	2.863e-08	16	512
171		10134.47	4.097e-06	3.739e-03	2.452e-08	16	512
172		10168.15	4.096e-06	3.739e-03	2.207e-08	16	512
173		10202.75	4.093e-06	3.739e-03	2.221e-08	16	512
174		10236.66	4.091e-06	3.739e-03	2.372e-08	16	512
175		10272.74	4.088e-06	3.869e-03	2.587e-08	16	512
176		10307.92	4.088e-06	3.869e-03	2.587e-08	16	512
177		10340.10	4.086e-06	3.869e-03	2.327e-08	16	512
178		10373.18	4.084e-06	3.869e-03	2.501e-08	16	512
179		10405.56	4.084e-06	3.869e-03	2.481e-08	16	512
180		10440.44	4.077e-06	3.869e-03	3.172e-08	16	512
181		10474.12	4.075e-06	3.869e-03	3.165e-08	16	512
182		10507.99	4.072e-06	3.869e-03	3.208e-08	16	512
183		10540.97	4.065e-06	2.840e-03	3.513e-08	16	512
184		10576.26	4.061e-06	2.840e-03	3.734e-08	16	512
185		10609.94	4.050e-06	3.792e-03	4.786e-08	16	512
186		10644.53	4.044e-06	3.792e-03	5.334e-08	16	512
187		10678.40	4.039e-06	3.792e-03	5.651e-08	16	512
188		10714.20	4.037e-06	3.792e-03	5.576e-08	16	512
189		10750.18	4.034e-06	3.792e-03	5.708e-08	16	512
190		10786.27	4.034e-06	3.792e-03	5.326e-08	16	512
191		10823.18	4.034e-06	3.792e-03	5.326e-08	16	512
192		10857.26	4.033e-06	1.967e-03	5.240e-08	16	512
193		10892.15	4.028e-06	2.385e-03	5.589e-08	16	512
194		10925.43	4.020e-06	3.728e-03	6.348e-08	16	512
195		10957.41	4.015e-06	3.728e-03	6.216e-08	16	512
196		10993.70	4.012e-06	3.728e-03	6.311e-08	16	512
197		11029.18	4.007e-06	3.728e-03	6.474e-08	16	512
198		11065.38	4.007e-06	3.728e-03	5.754e-08	16	512
199		11101.47	4.007e-06	3.728e-03	5.316e-08	16	512
200		11138.85	4.004e-06	3.728e-03	4.631e-08	16	512
201		11174.33	4.004e-06	3.728e-03	4.038e-08	16	512
202		11211.01	4.003e-06	3.728e-03	3.594e-08	16	512
203		11244.59	4.003e-06	3.728e-03	3.394e-08	16	512
204		11279.08	3.997e-06	3.956e-03	3.771e-08	16	512
205		11315.16	3.996e-06	3.956e-03	3.877e-08	16	512
206		11350.64	3.994e-06	3.988e-03	4.078e-08	16	512
207		11385.53	3.988e-06	3.988e-03	4.514e-08	16	512
208		11419.91	3.988e-06	3.988e-03	3.990e-08	16	512
209		11455.79	3.988e-06	3.988e-03	3.258e-08	16	512
210		11492.07	3.986e-06	3.988e-03	2.900e-08	16	512
211		11526.86	3.985e-06	3.988e-03	2.759e-08	16	512
212		11562.74	3.985e-06	3.988e-03	2.290e-08	16	512
213		11596.13	3.977e-06	3.988e-03	3.073e-08	16	512
214		11631.12	3.977e-06	3.988e-03	3.073e-08	16	512
215		11666.91	3.977e-06	3.988e-03	2.706e-08	16	512
216		11700.70	3.977e-06	3.988e-03	2.706e-08	16	512
217		11733.77	3.975e-06	3.988e-03	2.863e-08	16	512
218		11766.95	3.975e-06	3.988e-03	2.851e-08	16	512
219		11801.73	3.974e-06	3.988e-03	2.259e-08	16	512
220		11835.52	3.974e-06	3.988e-03	2.205e-08	16	512
221		11868.60	3.973e-06	3.988e-03	2.045e-08	16	512
222		11903.80	3.972e-06	3.988e-03	1.649e-08	16	512
223		11937.88	3.972e-06	3.988e-03	1.649e-08	16	512
224		11971.46	3.971e-06	3.988e-03	1.666e-08	16	512
225		12003.94	3.970e-06	3.988e-03	1.556e-08	16	512
226		12036.14	3.966e-06	3.988e-03	1.805e-08	16	512
227		12072.03	3.965e-06	3.988e-03	1.952e-08	16	512
228		12109.11	3.953e-06	3.988e-03	2.411e-08	16	512
229		12145.09	3.947e-06	3.988e-03	2.932e-08	16	512
230		12181.77	3.940e-06	3.988e-03	3.644e-08	16	512
231		12218.46	3.937e-06	3.988e-03	3.952e-08	16	512
232		12256.76	3.937e-06	3.988e-03	3.755e-08	16	512
233		12293.55	3.932e-06	3.988e-03	4.284e-08	16	512
234		12329.63	3.930e-06	3.988e-03	4.426e-08	16	512
235		12363.31	3.922e-06	3.988e-03	5.128e-08	16	512
236		12398.30	3.922e-06	3.988e-03	5.087e-08	16	512
237		12435.78	3.922e-06	3.988e-03	4.954e-08	16	512
238		12470.67	3.917e-06	3.988e-03	5.501e-08	16	512
239		12505.05	3.917e-06	2.356e-03	5.422e-08	16	512
240		12538.23	3.917e-06	2.356e-03	5.331e-08	16	512
241		12572.82	3.912e-06	2.356e-03	5.457e-08	16	512
242		12608.40	3.912e-06	2.356e-03	5.311e-08	16	512
243		12642.07	3.904e-06	3.747e-03	4.820e-08	16	512
244		12676.06	3.899e-06	3.747e-03	4.880e-08	16	512
245		12709.94	3.893e-06	3.747e-03	4.761e-08	16	512
246		12743.32	3.879e-06	3.961e-03	5.769e-08	16	512
247		12776.20	3.870e-06	3.961e-03	6.711e-08	16	512
248		12809.88	3.855e-06	3.961e-03	7.682e-08	16	512
249		12845.07	3.851e-06	3.961e-03	7.879e-08	16	512
250		12879.65	3.851e-06	3.961e-03	7.126e-08	16	512
251		12915.44	3.848e-06	3.961e-03	7.389e-08	16	512
252		12950.52	3.835e-06	3.961e-03	8.708e-08	16	512
253		12984.50	3.830e-06	3.961e-03	8.632e-08	16	512
254		13021.79	3.830e-06	3.961e-03	8.632e-08	16	512
255		13054.86	3.830e-06	3.961e-03	8.632e-08	16	512
256		13091.05	3.824e-06	3.961e-03	8.824e-08	16	512
257		13124.84	3.821e-06	3.961e-03	9.060e-08	16	512
258		13160.12	3.820e-06	3.987e-03	8.433e-08	16	512
259		13195.21	3.820e-06	3.987e-03	7.901e-08	16	512
260		13228.39	3.810e-06	3.987e-03	8.277e-08	16	512
261		13264.27	3.804e-06	3.987e-03	7.550e-08	16	512
262		13299.66	3.802e-06	3.987e-03	6.781e-08	16	512
263		13334.54	3.796e-06	3.987e-03	5.887e-08	16	512
264		13369.52	3.796e-06	3.987e-03	5.481e-08	16	512
265		13404.41	3.796e-06	3.987e-03	5.481e-08	16	512
266		13441.69	3.795e-06	3.987e-03	5.330e-08	16	512
267		13476.38	3.795e-06	3.989e-03	4.011e-08	16	512
268		13512.06	3.794e-06	3.989e-03	3.654e-08	16	512
269		13544.44	3.794e-06	3.989e-03	3.654e-08	16	512
270		13581.53	3.794e-06	3.989e-03	3.654e-08	16	512
271		13616.53	3.794e-06	3.989e-03	2.974e-08	16	512
272		13650.50	3.794e-06	3.989e-03	2.745e-08	16	512
273		13686.49	3.793e-06	3.989e-03	2.702e-08	16	512
274		13720.77	3.793e-06	3.989e-03	2.663e-08	16	512
275		13757.05	3.789e-06	3.987e-03	2.108e-08	16	512
276		13790.73	3.786e-06	3.987e-03	1.830e-08	16	512
277		13824.62	3.786e-06	3.987e-03	1.656e-08	16	512
278		13859.80	3.786e-06	3.874e-03	1.049e-08	16	512
279		13895.89	3.784e-06	3.874e-03	1.204e-08	16	512
280		13929.26	3.784e-06	3.874e-03	1.204e-08	16	512
281		13964.05	3.783e-06	3.874e-03	1.176e-08	16	512
282		13999.84	3.783e-06	3.874e-03	1.189e-08	16	512
283		14035.72	3.781e-06	3.874e-03	1.256e-08	16	512
284		14069.79	3.781e-06	3.874e-03	1.256e-08	16	512
285		14105.78	3.771e-06	3.874e-03	2.312e-08	16	512
286		14138.36	3.747e-06	3.874e-03	4.677e-08	16	512
287		14172.74	3.747e-06	3.874e-03	4.713e-08	16	512
288		14209.22	3.732e-06	2.447e-03	6.069e-08	16	512
289		14245.61	3.731e-06	2.447e-03	6.218e-08	16	512
290		14281.70	3.731e-06	2.447e-03	5.802e-08	16	512
291		14317.99	3.723e-06	2.447e-03	6.319e-08	16	512
292		14354.07	3.710e-06	2.548e-03	7.587e-08	16	512
293		14389.05	3.710e-06	2.548e-03	7.587e-08	16	512
294		14422.44	3.698e-06	2.548e-03	8.658e-08	16	512
295		14457.82	3.694e-06	2.548e-03	9.016e-08	16	512
296		14494.31	3.690e-06	2.548e-03	9.326e-08	16	512
297		14531.39	3.683e-06	2.548e-03	1.006e-07	16	512
298		14567.18	3.672e-06	2.548e-03	1.098e-07	16	512
299		14602.77	3.667e-06	2.548e-03	1.146e-07	16	512
300		14638.55	3.665e-06	3.107e-03	1.059e-07	16	512
301		14674.23	3.657e-06	3.107e-03	8.978e-08	16	512
302		14710.22	3.646e-06	3.833e-03	1.007e-07	16	512
303		14746.80	3.624e-06	3.833e-03	1.082e-07	16	512
304		14782.09	3.624e-06	3.833e-03	1.066e-07	16	512
305		14820.08	3.577e-06	3.989e-03	1.538e-07	16	512
306		14857.06	3.577e-06	3.989e-03	1.456e-07	16	512
307		14894.34	3.577e-06	3.989e-03	1.329e-07	16	512
308		14931.23	3.577e-06	3.989e-03	1.329e-07	16	512
309		14966.21	3.577e-06	3.989e-03	1.206e-07	16	512
310		15002.73	3.577e-06	3.989e-03	1.170e-07	16	512
311		15038.82	3.575e-06	3.989e-03	1.151e-07	16	512
312		15075.11	3.575e-06	3.989e-03	1.076e-07	16	512
313		15110.00	3.575e-06	3.989e-03	9.670e-08	16	512
314		15145.89	3.575e-06	3.989e-03	9.185e-08	16	512
315		15181.88	3.572e-06	3.989e-03	9.265e-08	16	512
316		15219.17	3.572e-06	3.989e-03	8.510e-08	16	512
317		15253.55	3.571e-06	3.989e-03	7.469e-08	16	512
318		15289.44	3.569e-06	3.989e-03	5.521e-08	16	512
319		15324.02	3.567e-06	3.989e-03	5.699e-08	16	512
320		15359.80	3.562e-06	3.989e-03	1.480e-08	16	512
321		15395.98	3.562e-06	3.989e-03	1.495e-08	16	512
322		15430.86	3.561e-06	3.989e-03	1.630e-08	16	512
323		15466.75	3.557e-06	3.989e-03	1.990e-08	16	512
324		15503.13	3.552e-06	3.989e-03	2.521e-08	16	512
325		15537.12	3.552e-06	3.989e-03	2.529e-08	16	512
326		15572.20	3.546e-06	3.989e-03	2.842e-08	16	512
327		15606.79	3.546e-06	3.989e-03	2.842e-08	16	512
328		15643.57	3.546e-06	3.989e-03	2.842e-08	16	512
329		15679.26	3.546e-06	3.989e-03	2.940e-08	16	512
330		15714.74	3.544e-06	3.989e-03	2.853e-08	16	512
331		15750.92	3.542e-06	3.989e-03	2.986e-08	16	512
332		15785.51	3.542e-06	3.900e-03	2.897e-08	16	512
333		15822.40	3.541e-06	3.900e-03	2.825e-08	16	512
334		15860.79	3.541e-06	3.900e-03	2.647e-08	16	512
335		15897.08	3.541e-06	3.900e-03	2.144e-08	16	512
336		15934.96	3.539e-06	3.900e-03	2.252e-08	16	512
337		15970.37	3.539e-06	3.900e-03	2.118e-08	16	512
338		16007.46	3.539e-06	3.900e-03	1.770e-08	16	512
339		16043.23	3.539e-06	3.900e-03	1.243e-08	16	512
340		16078.72	3.539e-06	3.900e-03	1.265e-08	16	512
341		16113.40	3.538e-06	3.900e-03	8.506e-09	16	512
342		16152.09	3.538e-06	3.900e-03	8.672e-09	16	512
343		16187.87	3.538e-06	3.900e-03	8.672e-09	16	512
344		16224.16	3.534e-06	3.900e-03	1.115e-08	16	512
345		16261.95	3.534e-06	3.900e-03	9.382e-09	16	512
346		16297.62	3.532e-06	3.900e-03	1.064e-08	16	512
347		16332.21	3.531e-06	3.900e-03	1.182e-08	16	512
348		16368.60	3.531e-06	3.985e-03	1.012e-08	16	512
349		16404.19	3.529e-06	3.985e-03	1.148e-08	16	512
350		16441.87	3.529e-06	3.985e-03	1.148e-08	16	512
351		16478.35	3.529e-06	3.985e-03	1.085e-08	16	512
352		16514.23	3.528e-06	3.985e-03	1.101e-08	16	512
353		16549.21	3.526e-06	3.985e-03	1.305e-08	16	512
354		16585.19	3.526e-06	3.985e-03	1.341e-08	16	512
355		16622.88	3.524e-06	3.985e-03	1.454e-08	16	512
356		16660.16	3.524e-06	3.985e-03	1.394e-08	16	512
357		16697.35	3.524e-06	3.213e-03	1.389e-08	16	512
358		16734.94	3.524e-06	3.213e-03	1.403e-08	16	512
359		16771.93	3.522e-06	3.380e-03	1.200e-08	16	512
360		16809.41	3.522e-06	3.935e-03	1.285e-08	16	512
361		16845.30	3.520e-06	3.935e-03	1.134e-08	16	512
362		16880.78	3.520e-06	3.935e-03	1.016e-08	16	512
363		16917.57	3.519e-06	3.935e-03	1.138e-08	16	512
364		16953.65	3.519e-06	3.935e-03	1.002e-08	16	512
365		16988.13	3.519e-06	3.935e-03	1.002e-08	16	512
366		17026.42	3.519e-06	3.935e-03	9.410e-09	16	512
367		17064.20	3.519e-06	3.935e-03	9.303e-09	16	512
368		17098.87	3.519e-06	3.380e-03	7.608e-09	16	512
369		17134.96	3.519e-06	3.380e-03	7.209e-09	16	512
370		17172.75	3.518e-06	3.380e-03	6.326e-09	16	512
371		17208.04	3.518e-06	3.380e-03	5.903e-09	16	512
372		17246.92	3.518e-06	3.380e-03	6.239e-09	16	512
373		17284.50	3.517e-06	3.380e-03	6.862e-09	16	512
374		17321.79	3.517e-06	3.380e-03	5.726e-09	16	512
375		17357.78	3.502e-06	3.380e-03	1.931e-08	16	512
376		17394.57	3.433e-06	3.380e-03	8.695e-08	16	512
377		17429.15	3.433e-06	3.380e-03	8.695e-08	16	512
378		17468.24	3.433e-06	3.380e-03	8.573e-08	16	512
379		17504.93	3.433e-06	3.762e-03	8.573e-08	16	512
380		17543.33	3.433e-06	3.762e-03	8.573e-08	16	512
381		17578.21	3.433e-06	3.762e-03	8.573e-08	16	512
382		17615.60	3.433e-06	3.762e-03	8.568e-08	16	512
383		17651.59	3.433e-06	3.762e-03	8.521e-08	16	512
384		17687.17	3.433e-06	3.762e-03	8.521e-08	16	512
385		17724.85	3.431e-06	3.762e-03	8.686e-08	16	512
386		17762.93	3.431e-06	3.762e-03	8.686e-08	16	512
387		17799.72	3.431e-06	3.762e-03	8.641e-08	16	512
388		17837.01	3.431e-06	3.814e-03	8.565e-08	16	512
389		17872.79	3.431e-06	3.814e-03	8.536e-08	16	512
390		17911.38	3.431e-06	3.814e-03	7.093e-08	16	512
391		17948.67	3.431e-06	3.965e-03	2.203e-09	16	512
392		17987.15	3.431e-06	3.965e-03	2.203e-09	16	512
393		18024.24	3.431e-06	3.965e-03	2.203e-09	16	512
394		18061.83	3.431e-06	3.965e-03	2.203e-09	16	512
395		18097.52	3.428e-06	3.965e-03	5.192e-09	16	512
396		18136.01	3.428e-06	3.965e-03	5.192e-09	16	512
397		18173.90	3.428e-06	3.965e-03	5.192e-09	16	512
398		18208.18	3.428e-06	3.965e-03	5.192e-09	16	512
399		18245.07	3.428e-06	3.965e-03	5.192e-09	16	512
400		18283.75	3.428e-06	3.965e-03	2.988e-09	16	512
401		18320.97	3.428e-06	3.965e-03	2.988e-09	16	512
402		18360.46	3.428e-06	3.965e-03	2.988e-09	16	512
403		18400.05	3.428e-06	3.965e-03	2.988e-09	16	512
404		18436.43	3.428e-06	3.965e-03	2.988e-09	16	512
405		18471.50	3.428e-06	3.965e-03	2.988e-09	16	512
406		18507.28	3.428e-06	3.965e-03	2.988e-09	16	512
407		18543.97	3.428e-06	3.601e-03	2.988e-09	16	512
408		18579.96	3.428e-06	3.601e-03	2.988e-09	16	512
409		18616.14	3.428e-06	3.601e-03	2.988e-09	16	512
410		18652.33	3.413e-06	3.601e-03	1.521e-08	16	512
411		18689.52	3.381e-06	2.393e-03	4.757e-08	16	512
412		18727.50	3.363e-06	2.393e-03	6.537e-08	16	512
413		18765.79	3.363e-06	2.393e-03	6.537e-08	16	512
414		18803.08	3.363e-06	3.414e-03	6.537e-08	16	512
415		18840.77	3.363e-06	3.414e-03	6.537e-08	16	512
416		18877.16	3.363e-06	3.797e-03	6.537e-08	16	512
417		18915.04	3.356e-06	3.907e-03	7.209e-08	16	512
418		18951.33	3.356e-06	3.989e-03	7.209e-08	16	512
419		18988.91	3.356e-06	3.989e-03	7.209e-08	16	512
420		19025.80	3.319e-06	3.989e-03	1.095e-07	16	512
421		19063.08	3.319e-06	3.989e-03	1.095e-07	16	512
422		19101.07	3.319e-06	3.989e-03	1.095e-07	16	512
423		19135.25	3.279e-06	3.989e-03	1.490e-07	16	512
424		19173.14	3.222e-06	3.989e-03	2.065e-07	16	512
425		19209.34	3.178e-06	3.989e-03	2.355e-07	16	512
426		19245.33	3.127e-06	3.989e-03	2.540e-07	16	512
427		19282.01	3.040e-06	3.989e-03	3.233e-07	16	512
428		19315.29	2.973e-06	3.989e-03	3.896e-07	16	512
429		19353.48	2.954e-06	3.989e-03	4.085e-07	16	512
430		19387.96	2.954e-06	3.989e-03	4.085e-07	16	512
431		19426.15	2.937e-06	3.989e-03	4.259e-07	16	512
432		19462.33	2.903e-06	3.989e-03	4.531e-07	16	512
433		19497.21	2.873e-06	3.989e-03	4.833e-07	16	512
434		19534.70	2.841e-06	3.849e-03	5.156e-07	16	512
435		19573.10	2.760e-06	3.849e-03	5.584e-07	16	512
436		19609.08	2.714e-06	3.849e-03	6.046e-07	16	512
437		19645.36	2.527e-06	3.849e-03	7.914e-07	16	512
438		19682.75	2.527e-06	3.849e-03	7.519e-07	16	512
439		19720.04	2.527e-06	3.849e-03	6.944e-07	16	512
440		19756.02	2.453e-06	3.849e-03	7.245e-07	16	512
441		19792.21	2.453e-06	3.849e-03	6.736e-07	16	512
442		19830.30	2.453e-06	3.849e-03	5.865e-07	16	512
443		19869.19	2.453e-06	3.849e-03	5.202e-07	16	512
444		19908.41	2.410e-06	3.979e-03	5.446e-07	16	512
445		19946.30	2.405e-06	3.979e-03	5.494e-07	16	512
446		19984.39	2.396e-06	3.979e-03	5.411e-07	16	512
447		20020.87	2.396e-06	3.979e-03	5.072e-07	16	512
448		20061.05	2.396e-06	3.979e-03	4.771e-07	16	512
449		20098.33	2.368e-06	3.979e-03	4.721e-07	16	512
450		20136.62	2.368e-06	3.979e-03	3.920e-07	16	512
451		20175.41	2.365e-06	3.979e-03	3.494e-07	16	512
452		20211.59	2.365e-06	3.979e-03	1.626e-07	16	512
453		20249.28	2.358e-06	3.979e-03	1.698e-07	16	512
454		20286.76	2.343e-06	3.979e-03	1.839e-07	16	512
455		20325.05	2.343e-06	3.979e-03	1.097e-07	16	512
456		20363.24	2.336e-06	3.979e-03	1.169e-07	16	512
457		20402.32	2.328e-06	3.979e-03	1.249e-07	16	512
458		20438.81	2.321e-06	3.979e-03	1.320e-07	16	512
459		20476.90	2.312e-06	3.979e-03	9.815e-08	16	512
460		20511.78	2.308e-06	3.979e-03	9.712e-08	16	512
461		20549.36	2.298e-06	3.979e-03	9.773e-08	16	512
462		20587.66	2.293e-06	3.979e-03	1.033e-07	16	512
463		20623.85	2.289e-06	3.985e-03	1.068e-07	16	512
464		20660.44	2.284e-06	3.985e-03	8.418e-08	16	512
465		20697.12	2.284e-06	3.985e-03	8.418e-08	16	512
466		20733.21	2.279e-06	3.985e-03	8.573e-08	16	512
467		20770.30	2.276e-06	3.985e-03	8.906e-08	16	512
468		20806.82	2.269e-06	3.979e-03	8.855e-08	16	512
469		20843.30	2.266e-06	3.979e-03	7.703e-08	16	512
470		20881.48	2.265e-06	3.979e-03	7.818e-08	16	512
471		20918.68	2.264e-06	3.979e-03	7.245e-08	16	512
472		20955.66	2.264e-06	3.979e-03	6.454e-08	16	512
473		20991.84	2.255e-06	3.979e-03	6.582e-08	16	512
474		21031.93	2.255e-06	3.979e-03	5.667e-08	16	512
475		21071.13	2.254e-06	3.979e-03	5.401e-08	16	512
476		21109.51	2.246e-06	3.989e-03	5.229e-08	16	512
477		21146.31	2.239e-06	3.989e-03	5.357e-08	16	512
478		21184.91	2.223e-06	3.989e-03	6.562e-08	16	512
479		21222.19	2.222e-06	3.989e-03	6.272e-08	16	512
480		21258.57	2.217e-06	3.989e-03	6.682e-08	16	512
481		21294.39	2.217e-06	3.989e-03	6.160e-08	16	512
482		21328.97	2.216e-06	3.989e-03	5.994e-08	16	512
483		21365.06	2.198e-06	3.989e-03	7.062e-08	16	512
484		21402.45	2.198e-06	3.989e-03	6.806e-08	16	512
485		21440.55	2.177e-06	3.989e-03	8.807e-08	16	512
486		21478.13	2.165e-06	3.989e-03	9.862e-08	16	512
487		21515.33	2.165e-06	3.989e-03	9.848e-08	16	512
488		21549.31	2.165e-06	3.989e-03	9.027e-08	16	512
489		21584.40	2.165e-06	3.989e-03	9.001e-08	16	512
490		21619.28	2.165e-06	3.989e-03	8.917e-08	16	512
491		21657.06	2.165e-06	3.989e-03	8.111e-08	16	512
492		21694.26	2.165e-06	3.550e-03	7.422e-08	16	512
493		21727.84	2.162e-06	3.550e-03	6.154e-08	16	512
494		21763.43	2.160e-06	3.956e-03	6.186e-08	16	512
495		21798.52	2.158e-06	3.956e-03	5.992e-08	16	512
496		21835.51	2.158e-06	3.956e-03	5.992e-08	16	512
497		21869.89	2.157e-06	3.956e-03	5.927e-08	16	512
498		21907.88	2.156e-06	3.956e-03	4.262e-08	16	512
499		21941.56	2.154e-06	3.956e-03	4.426e-08	16	512
500		21977.55	2.152e-06	3.956e-03	2.548e-08	16	512
501		22012.43	2.147e-06	3.956e-03	1.822e-08	16	512
502		22048.81	2.138e-06	3.956e-03	2.671e-08	16	512
503		22085.20	2.133e-06	3.956e-03	3.174e-08	16	512
504		22119.88	2.133e-06	3.956e-03	3.174e-08	16	512
505		22156.18	2.130e-06	3.956e-03	3.472e-08	16	512
506		22190.96	2.129e-06	3.956e-03	3.535e-08	16	512
507		22225.85	2.127e-06	3.956e-03	3.743e-08	16	512
508		22262.53	2.127e-06	3.956e-03	3.460e-08	16	512
509		22298.31	2.124e-06	3.956e-03	3.557e-08	16	512
510		22335.30	2.124e-06	3.956e-03	3.341e-08	16	512
511		22370.78	2.123e-06	3.956e-03	3.495e-08	16	512
512		22407.17	2.122e-06	3.956e-03	3.494e-08	16	512
513		22446.08	2.120e-06	3.956e-03	3.579e-08	16	512
514		22483.57	2.120e-06	3.956e-03	3.414e-08	16	512
515		22518.85	2.117e-06	3.956e-03	3.491e-08	16	512
516		22558.15	2.117e-06	3.956e-03	3.018e-08	16	512
517		22595.55	2.117e-06	3.956e-03	2.168e-08	16	512
518		22631.98	2.117e-06	3.956e-03	1.645e-08	16	512
519		22669.16	2.114e-06	3.956e-03	1.957e-08	16	512
520		22706.26	2.111e-06	3.956e-03	1.914e-08	16	512
521		22742.15	2.059e-06	3.956e-03	7.033e-08	16	512
522		22779.14	2.059e-06	3.956e-03	6.825e-08	16	512
523		22817.37	2.059e-06	3.956e-03	6.825e-08	16	512
524		22855.26	2.059e-06	3.956e-03	6.507e-08	16	512
525		22892.34	2.059e-06	3.956e-03	6.507e-08	16	512
526		22930.13	2.059e-06	3.956e-03	6.354e-08	16	512
527		22966.57	2.043e-06	3.956e-03	7.908e-08	16	512
528		23005.57	2.043e-06	3.956e-03	7.745e-08	16	512
529		23044.26	2.043e-06	3.956e-03	7.745e-08	16	512
530		23081.94	1.960e-06	3.956e-03	1.564e-07	16	512
531		23122.53	1.960e-06	3.962e-03	1.564e-07	16	512
532		23161.72	1.960e-06	3.956e-03	1.564e-07	16	512
533		23199.11	1.960e-06	3.956e-03	1.564e-07	16	512
534		23237.00	1.892e-06	3.956e-03	2.219e-07	16	512
535		23275.34	1.892e-06	3.956e-03	2.191e-07	16	512
536		23314.84	1.892e-06	3.956e-03	1.673e-07	16	512
537		23353.43	1.892e-06	3.956e-03	1.673e-07	16	512
538		23390.82	1.724e-06	3.956e-03	3.350e-07	16	512
539		23429.61	1.724e-06	3.956e-03	3.350e-07	16	512
540		23468.09	1.724e-06	3.956e-03	3.350e-07	16	512
541		23506.00	1.724e-06	3.956e-03	3.350e-07	16	512
542		23545.29	1.724e-06	3.956e-03	3.185e-07	16	512
543		23584.99	1.724e-06	3.956e-03	3.185e-07	16	512
544		23624.38	1.724e-06	3.956e-03	3.185e-07	16	512
545		23664.08	1.724e-06	3.722e-03	2.364e-07	16	512
546		23702.37	1.724e-06	3.722e-03	2.364e-07	16	512
547		23740.75	1.701e-06	3.722e-03	2.597e-07	16	512
548		23779.87	1.695e-06	3.722e-03	2.650e-07	16	512
549		23818.76	1.652e-06	3.989e-03	2.401e-07	16	512
550		23856.27	1.543e-06	3.989e-03	3.490e-07	16	512
551		23897.27	1.543e-06	3.989e-03	3.490e-07	16	512
552		23938.26	1.543e-06	3.989e-03	3.490e-07	16	512
553		23976.04	1.404e-06	3.989e-03	3.204e-07	16	512
554		24016.65	1.377e-06	3.989e-03	3.475e-07	16	512
555		24056.13	1.365e-06	3.989e-03	3.588e-07	16	512
556		24097.63	1.320e-06	3.989e-03	4.039e-07	16	512
557		24138.11	1.320e-06	3.989e-03	4.039e-07	16	512
558		24177.70	1.281e-06	3.989e-03	4.429e-07	16	512
559		24216.58	1.239e-06	3.989e-03	4.853e-07	16	512
560		24255.97	1.239e-06	3.989e-03	4.853e-07	16	512
561		24293.86	1.205e-06	3.989e-03	5.190e-07	16	512
562		24333.45	1.195e-06	3.989e-03	5.061e-07	16	512
563		24372.84	1.193e-06	3.989e-03	5.027e-07	16	512
564		24410.12	1.165e-06	3.989e-03	4.862e-07	16	512
565		24450.61	1.111e-06	3.989e-03	4.321e-07	16	512
566		24490.10	1.111e-06	3.989e-03	4.321e-07	16	512
567		24529.49	1.086e-06	3.989e-03	4.565e-07	16	512
568		24568.18	1.086e-06	3.989e-03	3.174e-07	16	512
569		24606.05	1.066e-06	3.989e-03	3.101e-07	16	512
570		24645.35	1.057e-06	3.989e-03	3.082e-07	16	512
571		24684.34	1.057e-06	3.989e-03	2.631e-07	16	512
572		24723.33	9.956e-07	3.989e-03	3.246e-07	16	512
573		24760.91	9.956e-07	3.989e-03	2.856e-07	16	512
574		24799.53	9.956e-07	3.989e-03	2.431e-07	16	512
575		24836.32	9.956e-07	3.989e-03	2.431e-07	16	512
576		24873.11	9.956e-07	3.989e-03	2.094e-07	16	512
577		24910.79	9.956e-07	3.989e-03	1.990e-07	16	512
578		24949.21	9.956e-07	3.989e-03	1.971e-07	16	512
579		24986.21	9.956e-07	3.989e-03	1.698e-07	16	512
580		25026.13	9.956e-07	3.989e-03	1.151e-07	16	512
581		25062.82	9.956e-07	3.989e-03	1.151e-07	16	512
582		25100.51	9.956e-07	3.989e-03	9.067e-08	16	512
583		25138.50	9.956e-07	3.989e-03	9.067e-08	16	512
584		25177.70	9.956e-07	3.989e-03	7.088e-08	16	512
585		25218.79	9.956e-07	3.989e-03	6.143e-08	16	512
586		25257.48	9.956e-07	3.989e-03	6.143e-08	16	512
587		25297.10	9.956e-07	3.989e-03	0.000e+00	16	512
588		25336.39	9.956e-07	3.989e-03	0.000e+00	16	512
589		25373.47	9.956e-07	3.989e-03	0.000e+00	16	512
590		25411.69	9.956e-07	3.989e-03	0.000e+00	16	512
591		25448.37	9.956e-07	3.989e-03	0.000e+00	16	512
592		25487.46	9.956e-07	3.989e-03	0.000e+00	16	512
593		25526.65	9.956e-07	3.651e-03	0.000e+00	16	512
594		25564.55	9.956e-07	3.651e-03	0.000e+00	16	512
595		25602.45	9.956e-07	3.651e-03	0.000e+00	16	512
596		25641.64	9.956e-07	3.651e-03	0.000e+00	16	512
597		25680.83	9.956e-07	3.651e-03	0.000e+00	16	512
598		25719.72	9.956e-07	3.687e-03	0.000e+00	16	512
599		25759.31	9.956e-07	3.687e-03	0.000e+00	16	512
600		25797.41	9.956e-07	3.970e-03	0.000e+00	16	512
601		25835.59	9.956e-07	3.970e-03	0.000e+00	16	512
602		25874.58	9.956e-07	3.970e-03	0.000e+00	16	512
603		25912.77	9.956e-07	3.970e-03	0.000e+00	16	512
604		25949.96	9.956e-07	3.970e-03	0.000e+00	16	512
605		25986.75	9.956e-07	3.970e-03	0.000e+00	16	512
606		26025.04	9.956e-07	3.970e-03	0.000e+00	16	512
607		26064.32	9.956e-07	3.970e-03	0.000e+00	16	512
608		26101.70	9.956e-07	3.970e-03	0.000e+00	16	512
609		26139.89	9.956e-07	3.970e-03	0.000e+00	16	512
610		26178.19	9.956e-07	3.970e-03	0.000e+00	16	512
611		26215.97	9.956e-07	3.970e-03	0.000e+00	16	512
612		26256.16	9.956e-07	3.970e-03	0.000e+00	16	512
613		26294.54	9.956e-07	3.970e-03	0.000e+00	16	512
614		26332.56	9.956e-07	3.970e-03	0.000e+00	16	512
615		26371.25	9.956e-07	3.970e-03	0.000e+00	16	512
616		26409.47	9.956e-07	3.970e-03	0.000e+00	16	512
617		26448.06	9.956e-07	3.970e-03	0.000e+00	16	512
618		26488.76	9.956e-07	3.970e-03	0.000e+00	16	512
619		26528.84	9.956e-07	3.970e-03	0.000e+00	16	512
620		26568.53	9.956e-07	3.970e-03	0.000e+00	16	512
621		26606.34	9.956e-07	3.970e-03	0.000e+00	16	512
622		26644.02	9.956e-07	3.970e-03	0.000e+00	16	512
623		26681.43	9.873e-07	3.970e-03	8.305e-09	16	512
624		26721.03	9.821e-07	3.970e-03	1.352e-08	16	512
625		26757.51	9.821e-07	3.970e-03	1.352e-08	16	512
626		26796.39	9.773e-07	3.970e-03	1.829e-08	16	512
627		26835.29	9.773e-07	3.970e-03	1.829e-08	16	512
628		26872.08	9.773e-07	3.970e-03	1.829e-08	16	512
629		26910.07	9.773e-07	3.970e-03	1.829e-08	16	512
630		26947.75	9.773e-07	3.970e-03	1.829e-08	16	512
631		26985.66	9.771e-07	3.970e-03	1.850e-08	16	512
632		27022.46	9.719e-07	3.520e-03	2.367e-08	16	512
633		27060.45	9.719e-07	3.520e-03	2.367e-08	16	512
634		27098.74	9.719e-07	2.924e-03	2.367e-08	16	512
635		27136.32	9.719e-07	3.109e-03	2.367e-08	16	512
636		27173.43	9.719e-07	3.109e-03	2.367e-08	16	512
637		27211.91	9.719e-07	3.904e-03	2.367e-08	16	512
638		27251.40	9.697e-07	3.904e-03	1.766e-08	16	512
639		27289.00	9.689e-07	3.904e-03	1.317e-08	16	512
640		27328.51	9.688e-07	3.904e-03	1.325e-08	16	512
641		27366.61	9.641e-07	3.856e-03	1.323e-08	16	512
642		27404.69	9.602e-07	3.856e-03	1.709e-08	16	512
643		27443.48	9.571e-07	3.856e-03	2.025e-08	16	512
644		27483.37	9.529e-07	3.856e-03	2.440e-08	16	512
645		27520.88	9.526e-07	3.856e-03	2.471e-08	16	512
646		27559.38	9.526e-07	3.856e-03	2.450e-08	16	512
647		27598.69	9.526e-07	3.856e-03	1.933e-08	16	512
648		27636.79	9.526e-07	3.856e-03	1.934e-08	16	512
649		27672.47	9.517e-07	3.856e-03	2.028e-08	16	512
650		27710.76	9.503e-07	3.856e-03	2.165e-08	16	512
651		27747.55	9.503e-07	3.856e-03	2.165e-08	16	512
652		27786.04	9.503e-07	3.856e-03	2.165e-08	16	512
653		27822.53	9.494e-07	3.856e-03	2.024e-08	16	512
654		27859.93	9.485e-07	3.856e-03	2.041e-08	16	512
655		27899.52	9.485e-07	3.856e-03	2.033e-08	16	512
656		27937.71	9.485e-07	3.856e-03	1.558e-08	16	512
657		27977.52	9.485e-07	3.856e-03	1.173e-08	16	512
658		28017.32	9.473e-07	3.856e-03	9.813e-09	16	512
659		28055.91	9.473e-07	3.856e-03	5.669e-09	16	512
660		28095.91	9.473e-07	3.981e-03	5.351e-09	16	512
661		28134.90	9.473e-07	3.856e-03	5.351e-09	16	512
662		28172.58	9.473e-07	3.856e-03	5.351e-09	16	512
663		28210.37	9.466e-07	3.856e-03	6.037e-09	16	512
664		28247.65	9.466e-07	3.856e-03	5.093e-09	16	512
665		28285.44	9.465e-07	3.856e-03	3.848e-09	16	512
666		28323.43	9.464e-07	3.986e-03	3.856e-09	16	512
667		28361.01	9.462e-07	3.986e-03	4.137e-09	16	512
668		28398.69	9.462e-07	3.986e-03	3.253e-09	16	512
669		28436.60	9.455e-07	3.986e-03	3.038e-09	16	512
670		28473.78	9.455e-07	3.986e-03	3.038e-09	16	512
671		28512.37	9.455e-07	3.986e-03	3.052e-09	16	512
672		28550.89	9.452e-07	3.986e-03	3.334e-09	16	512
673		28589.67	9.449e-07	3.986e-03	2.379e-09	16	512
674		28627.16	9.448e-07	3.986e-03	2.492e-09	16	512
675		28665.85	9.446e-07	3.986e-03	2.681e-09	16	512
676		28704.43	9.443e-07	3.986e-03	2.957e-09	16	512
677		28742.52	9.440e-07	3.986e-03	3.233e-09	16	512
678		28778.70	9.440e-07	3.986e-03	2.588e-09	16	512
679		28817.19	9.438e-07	3.986e-03	2.734e-09	16	512
680		28854.61	9.437e-07	3.986e-03	2.796e-09	16	512
681		28891.90	9.432e-07	3.986e-03	3.244e-09	16	512
682		28929.28	9.423e-07	3.986e-03	3.864e-09	16	512
683		28966.67	9.420e-07	3.986e-03	4.190e-09	16	512
684		29004.56	9.417e-07	3.986e-03	3.756e-09	16	512
685		29042.36	9.416e-07	3.986e-03	3.843e-09	16	512
686		29079.25	9.414e-07	3.986e-03	4.050e-09	16	512
687		29120.77	9.414e-07	3.986e-03	3.768e-09	16	512
688		29159.27	9.410e-07	3.986e-03	3.858e-09	16	512
689		29198.07	9.409e-07	3.986e-03	3.844e-09	16	512
690		29237.77	9.407e-07	3.986e-03	3.846e-09	16	512
691		29287.63	9.407e-07	3.986e-03	3.579e-09	16	512
692		29339.43	9.406e-07	3.106e-03	3.404e-09	16	512
693		29392.92	9.406e-07	3.106e-03	3.392e-09	16	512
694		29446.91	9.403e-07	3.106e-03	3.575e-09	16	512
