D:\workspace\JENSENHUGHES\optimization\optimizationPaper\config\E_Glass\hybrid\../../../results/E_Glass/hybrid/E_GlassOldConstWideHybrid Log file
!!python/object/apply:collections.defaultdict
args:
- &id001 !!python/name:builtins.bool ''
dictitems:
  Duraboard:
    CprampF:
    - 1.0
    - 1.0
    CprampT:
    - 0
    - 5000
    eps: 0.8
    krampF:
    - 0.075932
    - 0.090229
    - 0.104522
    - 0.122143
    - 0.14158
    - 0.163436
    - 0.190738
    - 0.221975
    krampT:
    - 203.035
    - 317.4028
    - 426.9164
    - 536.4182
    - 647.3003
    - 757.4803
    - 867.6409
    - 981.2546
    rho: 258
    thickness: 0.0254
  XiState:
  - unknowable
  cone:
    Tinit: 25
    activePhaseVars:
    - C0
    - rho
    - ka
    - kb
    - kc
    - kd
    - ke
    - Cpa
    - Cpb
    - Cpc
    - Cpd
    - Cpe
    - eps
    - K
    activeReactionVars:
    - A
    - E
    - n
    - Hp
    - nO2
    - Xi
    backBoundaryConditions:
      Tamb: 25
      htc: Auto
      type: INSULATED
    frontBoundaryConditions:
      Tamb: 25
      htc: Auto
    weight: 1.0
  cone1: !!python/object/apply:collections.defaultdict
    args:
    - *id001
    dictitems:
      Tinit: 25
      activePhaseVars:
      - C0
      - rho
      - ka
      - kb
      - kc
      - kd
      - ke
      - Cpa
      - Cpb
      - Cpc
      - Cpd
      - Cpe
      - eps
      - K
      activeReactionVars:
      - A
      - E
      - n
      - Hp
      - nO2
      - Xi
      backBoundaryConditions: !!python/object/apply:collections.defaultdict
        args:
        - *id001
        dictitems:
          Tamb: 25
          htc: Auto
          type: INSULATED
      columns:
      - 1
      depths:
      - 0
      file: ../../../data/E_Glass/E_GlassOldConstNominal_0_cone_Mass.csv
      finalThickness: false
      frontBoundaryConditions: !!python/object/apply:collections.defaultdict
        args:
        - *id001
        dictitems:
          Tamb: 25
          heatFlux: 25
          htc: 15
      initialThickness: 0.008
      names:
      - Mass
      time: 0
      types:
      - 1
      weight: 1.0
      weights:
      - 1
      width1: 0.1016
      width2: 0.1016
  configDir: D:\workspace\JENSENHUGHES\optimization\optimizationPaper\config\E_Glass\hybrid\
  dataSources:
    names:
    - cone1
    types:
    - cone
  dsc:
    activePhaseVars:
    - C0
    - Cpa
    - Cpb
    - Cpc
    - Cpd
    - Cpe
    activeReactionVars:
    - A
    - E
    - n
    - Hp
    dscO2: None
    weight: 1.0
  fdsPath: C:\Program Files\FDS\FDS6\bin
  name: E_GlassOldConstWideHybrid
  optimizeParams:
    absErr: 1e-7
    absRelErr: 5e-7
    elimThresh: 1e-2
    maxIter: 1000
    maxTime: 36000
    minIter: 5
    minP: 2
    opAlpha: 3
    opBeta: 3
    opP: 12
    opQ: 6
    opS: 24
    relErr: 1e-12
    relIter: 15
  outputParams:
    saveAllSamples: false
  phaseParams:
    C0:
    - - 1
      - 0
      - 1
    - - 0
      - 1189
      - 1189
    Cpa:
    - - None
      - 1350
      - 1650
    - - None
      - 275
      - 4400
    Cpb:
    - - 0.0
      - 0.0
      - 0.0
    - - 0.0
      - 1189
      - 1189
    Cpc:
    - - 0.0
      - 0.0
      - 0.0
    - - 0.0
      - 0.0
      - 0.0
    Cpd:
    - - 0.0
      - 0.0
      - 0.0
    - - 0.0
      - 0.0
      - 0.0
    Cpe:
    - &id002
      - 0
      - 0
      - 1
    - *id002
    K:
    - - None
      - 2500
      - 40000
    - - 1e8
      - 1189
      - 1189
    eps:
    - - None
      - 0.235
      - 1.0
    - - None
      - 0.235
      - 1.0
    ka:
    - - None
      - 0.075
      - 1.2
    - - None
      - 0.05
      - 0.8
    kb:
    - - 0.0
      - 0.0
      - 0.0
    - - 0.0
      - 0.0
      - 0.0
    kc:
    - - 0.0
      - 0.0
      - 0.0
    - - 0.0
      - 0.0
      - 0.0
    kd:
    - - 0.0
      - 0.0
      - 0.0
    - - 0.0
      - 0.0
      - 0.0
    ke:
    - &id003
      - 0
      - 0
      - 1
    - *id003
    nO2:
    - - 0
      - 0
      - 1
    - - 0
      - 1189
      - 1189
    phases:
    - virgin
    - char
    rho:
    - - 1683
      - 1189
      - 1189
    - - 1235
      - 1189
      - 1189
  processParams:
    maxProcesses: 8
    multiprocess: true
  reactionParams:
    A:
    - - None
      - 2.106e12
      - 2.574e12
    E:
    - - None
      - 1.629e5
      - 1.991e5
    Hp:
    - - None
      - 0.25e05
      - 4.0e5
    Xi:
    - - None
      - 0
      - 1
    n:
    - - None
      - 0.9
      - 1.1
    nO2:
    - - 0
      - 0
      - 1
    prodState:
    - 1
    reacState:
    - 0
    typeState:
    - 3
  reinitializeComplex: true
  restart: false
  resultsDir: ../../../results/E_Glass/hybrid/
  systemDir: D:\workspace\JENSENHUGHES\optimization\sourceCode\optimizationpython\src
  tga:
    activePhaseVars:
    - C0
    - rho
    activeReactionVars:
    - A
    - E
    - n
    tgaO2: None
    tgaOpt: 1
    weight: 1.0
  virtualExperiment: false
Loop	t (s)	Error Min	Error Max	ErrorRel	Comp	Samples
0		43.85	7.020e-05	4.672e-03	1.000e+00	12	288
1		85.79	7.020e-05	4.672e-03	1.000e+00	12	288
2		126.90	7.020e-05	4.672e-03	1.000e+00	12	288
3		170.80	7.020e-05	4.672e-03	1.000e+00	12	288
4		216.98	7.020e-05	4.672e-03	1.000e+00	12	288
5		257.97	7.020e-05	4.672e-03	1.000e+00	12	288
6		307.08	6.591e-05	4.672e-03	1.000e+00	12	288
7		354.51	6.591e-05	4.672e-03	1.000e+00	12	288
8		395.28	6.591e-05	4.672e-03	1.000e+00	12	288
9		445.12	6.591e-05	4.672e-03	1.000e+00	12	288
10		494.32	6.591e-05	4.672e-03	1.000e+00	12	288
11		537.41	6.591e-05	4.672e-03	1.000e+00	12	288
12		583.60	6.591e-05	4.672e-03	1.000e+00	12	288
13		632.85	4.516e-05	4.672e-03	1.000e+00	12	288
14		676.13	3.399e-05	4.672e-03	1.000e+00	12	288
15		725.15	3.399e-05	4.672e-03	1.000e+00	12	288
16		780.83	3.399e-05	4.672e-03	3.621e-05	12	288
17		828.74	3.399e-05	4.672e-03	3.621e-05	12	288
18		879.29	3.399e-05	4.672e-03	3.621e-05	12	288
19		929.42	3.399e-05	4.672e-03	3.621e-05	12	288
20		983.82	3.052e-05	4.672e-03	3.968e-05	12	288
21		1032.83	2.003e-05	4.672e-03	4.587e-05	12	288
22		1087.02	1.987e-05	4.672e-03	4.604e-05	12	288
23		1132.09	1.987e-05	4.672e-03	4.604e-05	12	288
24		1183.32	1.965e-05	4.672e-03	4.626e-05	12	288
25		1240.19	1.965e-05	4.672e-03	4.626e-05	12	288
26		1289.28	1.707e-05	4.672e-03	4.883e-05	12	288
27		1334.50	1.530e-05	4.672e-03	5.061e-05	12	288
28		1390.12	1.430e-05	4.672e-03	3.086e-05	12	288
29		1443.07	1.054e-05	4.672e-03	2.345e-05	12	288
30		1491.08	1.052e-05	4.672e-03	2.346e-05	12	288
31		1542.82	8.088e-06	4.672e-03	2.590e-05	12	288
32		1597.27	6.759e-06	4.672e-03	2.723e-05	12	288
33		1651.14	6.138e-06	4.672e-03	2.785e-05	12	288
34		1703.47	6.138e-06	4.672e-03	2.785e-05	12	288
35		1755.86	5.425e-06	4.672e-03	2.509e-05	12	288
36		1808.04	4.622e-06	4.672e-03	1.541e-05	12	288
37		1862.61	3.614e-06	4.672e-03	1.626e-05	12	288
38		1916.43	3.539e-06	4.672e-03	1.633e-05	12	288
39		1969.88	2.885e-06	4.672e-03	1.676e-05	12	288
40		2019.51	2.885e-06	4.672e-03	1.676e-05	12	288
41		2070.04	2.885e-06	4.672e-03	1.419e-05	12	288
42		2127.26	2.885e-06	4.672e-03	1.241e-05	12	288
43		2179.93	2.832e-06	4.672e-03	1.147e-05	12	288
44		2235.88	2.832e-06	4.672e-03	7.712e-06	12	288
45		2287.48	2.794e-06	4.672e-03	7.730e-06	12	288
46		2343.71	2.780e-06	4.672e-03	5.308e-06	12	288
47		2397.31	2.780e-06	4.672e-03	3.978e-06	12	288
48		2450.19	2.729e-06	4.672e-03	3.409e-06	12	288
49		2508.93	2.555e-06	4.672e-03	3.583e-06	12	288
50		2566.27	2.513e-06	4.672e-03	2.912e-06	12	288
51		2617.55	2.513e-06	4.672e-03	2.109e-06	12	288
52		2667.31	2.513e-06	4.672e-03	1.101e-06	12	288
53		2725.76	2.513e-06	4.672e-03	1.025e-06	12	288
54		2785.57	2.334e-06	4.672e-03	5.516e-07	12	288
55		2841.50	2.325e-06	4.672e-03	5.600e-07	12	288
56		2894.69	2.325e-06	4.672e-03	5.600e-07	12	288
57		2952.28	2.325e-06	4.672e-03	5.600e-07	12	288
58		3006.13	2.325e-06	4.672e-03	5.073e-07	12	288
59		3064.21	2.325e-06	4.672e-03	5.073e-07	12	288
60		3120.56	2.325e-06	4.672e-03	4.693e-07	12	288
61		3180.99	2.325e-06	4.672e-03	4.551e-07	12	288
62		3234.42	2.325e-06	4.672e-03	4.551e-07	12	288
63		3285.53	2.325e-06	4.672e-03	4.039e-07	12	288
64		3345.33	2.325e-06	4.672e-03	2.300e-07	12	288
65		3405.10	2.325e-06	4.670e-03	1.882e-07	12	288
66		3461.48	2.325e-06	4.670e-03	1.882e-07	12	288
67		3525.75	2.325e-06	3.927e-03	1.882e-07	12	288
68		3587.25	2.325e-06	3.927e-03	1.882e-07	12	288
69		3648.14	2.325e-06	4.672e-03	8.369e-09	12	288
70		3706.60	2.325e-06	4.672e-03	0.000e+00	12	288
71		3766.99	2.325e-06	4.672e-03	0.000e+00	12	288
72		3824.05	2.325e-06	4.672e-03	0.000e+00	12	288
73		3881.69	2.325e-06	4.672e-03	0.000e+00	12	288
74		3943.49	2.325e-06	3.927e-03	0.000e+00	12	288
75		3996.99	2.325e-06	4.651e-03	0.000e+00	12	288
76		4057.87	2.325e-06	4.651e-03	0.000e+00	12	288
77		4116.58	2.325e-06	4.651e-03	0.000e+00	12	288
78		4175.95	2.325e-06	4.651e-03	0.000e+00	12	288
79		4231.98	2.325e-06	4.651e-03	0.000e+00	12	288
80		4292.74	2.325e-06	4.651e-03	0.000e+00	12	288
81		4351.09	2.325e-06	4.651e-03	0.000e+00	12	288
82		4403.56	2.325e-06	4.651e-03	0.000e+00	12	288
83		4460.04	2.325e-06	4.651e-03	0.000e+00	12	288
84		4523.31	2.325e-06	4.651e-03	0.000e+00	12	288
85		4582.00	2.325e-06	4.651e-03	0.000e+00	12	288
86		4640.22	2.325e-06	4.651e-03	0.000e+00	12	288
87		4699.27	2.325e-06	4.651e-03	0.000e+00	12	288
88		4756.41	2.325e-06	4.651e-03	0.000e+00	12	288
89		4813.47	2.325e-06	4.671e-03	0.000e+00	12	288
90		4871.76	2.325e-06	4.671e-03	0.000e+00	12	288
91		4929.94	2.325e-06	4.671e-03	0.000e+00	12	288
92		4992.21	2.325e-06	4.671e-03	0.000e+00	12	288
93		5054.35	2.325e-06	4.671e-03	0.000e+00	12	288
94		5111.39	2.325e-06	4.671e-03	0.000e+00	12	288
95		5167.64	2.325e-06	4.671e-03	0.000e+00	12	288
96		5222.54	2.325e-06	4.671e-03	0.000e+00	12	288
97		5283.20	2.325e-06	4.671e-03	0.000e+00	12	288
98		5343.13	2.325e-06	4.671e-03	0.000e+00	12	288
99		5404.20	2.325e-06	4.671e-03	0.000e+00	12	288
100		5461.36	2.325e-06	4.671e-03	0.000e+00	12	288
101		5521.74	2.325e-06	4.671e-03	0.000e+00	12	288
102		5581.53	2.325e-06	4.671e-03	0.000e+00	12	288
103		5635.44	2.325e-06	4.671e-03	0.000e+00	12	288
104		5697.66	2.325e-06	4.671e-03	0.000e+00	12	288
105		5757.70	2.325e-06	4.671e-03	0.000e+00	12	288
106		5817.58	2.325e-06	4.671e-03	0.000e+00	12	288
107		5871.90	2.325e-06	4.671e-03	0.000e+00	12	288
108		5927.22	2.325e-06	4.671e-03	0.000e+00	12	288
109		5986.47	2.325e-06	4.671e-03	0.000e+00	12	288
110		6047.61	2.325e-06	4.671e-03	0.000e+00	12	288
111		6107.69	2.325e-06	4.671e-03	0.000e+00	12	288
112		6167.39	2.325e-06	4.671e-03	0.000e+00	12	288
113		6227.68	2.325e-06	4.671e-03	0.000e+00	12	288
114		6285.75	2.325e-06	4.671e-03	0.000e+00	12	288
115		6343.07	2.325e-06	4.671e-03	0.000e+00	12	288
116		6407.99	2.325e-06	4.671e-03	0.000e+00	12	288
117		6469.16	2.325e-06	4.671e-03	0.000e+00	12	288
118		6528.63	2.325e-06	4.671e-03	0.000e+00	12	288
119		6590.77	2.325e-06	4.671e-03	0.000e+00	12	288
120		6651.71	2.325e-06	4.671e-03	0.000e+00	12	288
121		6706.88	2.325e-06	4.671e-03	0.000e+00	12	288
122		6762.76	2.325e-06	4.671e-03	0.000e+00	12	288
123		6825.03	2.247e-06	4.671e-03	7.855e-08	12	288
124		6878.85	2.247e-06	4.671e-03	7.855e-08	12	288
125		6942.79	2.247e-06	4.671e-03	7.855e-08	12	288
126		7000.22	2.247e-06	4.671e-03	7.855e-08	12	288
127		7059.04	2.247e-06	4.671e-03	7.855e-08	12	288
128		7117.82	2.247e-06	4.671e-03	7.855e-08	12	288
129		7174.65	2.247e-06	4.671e-03	7.855e-08	12	288
130		7230.02	2.247e-06	4.671e-03	7.855e-08	12	288
131		7290.40	2.247e-06	4.671e-03	7.855e-08	12	288
132		7351.63	2.247e-06	4.671e-03	7.855e-08	12	288
133		7415.22	1.968e-06	4.671e-03	3.574e-07	12	288
134		7472.30	1.968e-06	4.671e-03	3.574e-07	12	288
135		7529.52	1.968e-06	4.671e-03	3.574e-07	12	288
136		7584.72	1.968e-06	4.671e-03	3.574e-07	12	288
137		7643.35	1.968e-06	4.671e-03	3.574e-07	12	288
138		7703.11	1.968e-06	4.671e-03	2.789e-07	12	288
139		7761.26	1.968e-06	4.671e-03	2.789e-07	12	288
140		7815.20	1.968e-06	4.671e-03	2.789e-07	12	288
141		7876.80	1.968e-06	4.671e-03	2.789e-07	12	288
142		7934.23	1.968e-06	4.671e-03	2.789e-07	12	288
143		7987.74	1.968e-06	4.671e-03	2.789e-07	12	288
144		8040.92	1.968e-06	4.671e-03	2.789e-07	12	288
145		8101.20	1.968e-06	4.671e-03	2.789e-07	12	288
146		8159.91	1.968e-06	4.671e-03	2.789e-07	12	288
147		8217.07	1.968e-06	4.672e-03	2.789e-07	12	288
148		8272.04	1.968e-06	4.672e-03	0.000e+00	12	288
149		8327.65	1.968e-06	4.672e-03	0.000e+00	12	288
150		8385.27	1.968e-06	4.672e-03	0.000e+00	12	288
151		8442.69	1.968e-06	4.672e-03	0.000e+00	12	288
152		8499.79	1.968e-06	4.672e-03	0.000e+00	12	288
153		8558.02	1.968e-06	4.672e-03	0.000e+00	12	288
154		8617.37	1.968e-06	4.672e-03	0.000e+00	12	288
155		8675.72	1.968e-06	4.672e-03	0.000e+00	12	288
156		8731.98	1.968e-06	4.672e-03	0.000e+00	12	288
157		8792.03	1.968e-06	4.672e-03	0.000e+00	12	288
158		8845.47	1.968e-06	4.672e-03	0.000e+00	12	288
159		8902.35	1.968e-06	4.672e-03	0.000e+00	12	288
160		8959.81	1.968e-06	4.672e-03	0.000e+00	12	288
161		9017.76	1.968e-06	4.672e-03	0.000e+00	12	288
162		9076.80	1.968e-06	4.672e-03	0.000e+00	12	288
163		9133.74	1.968e-06	4.672e-03	0.000e+00	12	288
164		9192.04	1.968e-06	4.672e-03	0.000e+00	12	288
165		9246.60	1.968e-06	4.672e-03	0.000e+00	12	288
166		9303.51	1.968e-06	4.672e-03	0.000e+00	12	288
167		9356.77	1.968e-06	4.672e-03	0.000e+00	12	288
168		9415.12	1.968e-06	4.672e-03	0.000e+00	12	288
169		9474.12	1.968e-06	4.672e-03	0.000e+00	12	288
170		9534.50	1.968e-06	4.672e-03	0.000e+00	12	288
171		9593.43	1.968e-06	4.672e-03	0.000e+00	12	288
172		9654.50	1.968e-06	4.672e-03	0.000e+00	12	288
173		9710.80	1.895e-06	4.672e-03	7.282e-08	12	288
174		9769.03	1.895e-06	4.382e-03	7.282e-08	12	288
175		9823.04	1.895e-06	4.382e-03	7.282e-08	12	288
176		9877.93	1.895e-06	4.382e-03	7.282e-08	12	288
177		9936.67	1.895e-06	4.650e-03	7.282e-08	12	288
178		9990.24	1.895e-06	4.650e-03	7.282e-08	12	288
179		10046.67	1.895e-06	4.650e-03	7.282e-08	12	288
180		10106.66	1.895e-06	4.650e-03	7.282e-08	12	288
181		10164.61	1.895e-06	4.650e-03	7.282e-08	12	288
182		10222.72	1.895e-06	4.650e-03	7.282e-08	12	288
183		10279.02	1.895e-06	4.650e-03	7.282e-08	12	288
184		10328.89	1.895e-06	4.650e-03	7.282e-08	12	288
185		10388.45	1.895e-06	4.660e-03	7.282e-08	12	288
186		10449.84	1.895e-06	4.660e-03	7.282e-08	12	288
187		10507.46	1.895e-06	4.660e-03	7.282e-08	12	288
188		10557.74	1.895e-06	4.660e-03	0.000e+00	12	288
189		10610.43	1.895e-06	4.660e-03	0.000e+00	12	288
190		10667.83	1.895e-06	4.660e-03	0.000e+00	12	288
191		10727.68	1.895e-06	4.660e-03	0.000e+00	12	288
192		10788.24	1.895e-06	4.660e-03	0.000e+00	12	288
193		10846.62	1.895e-06	4.660e-03	0.000e+00	12	288
194		10900.14	1.895e-06	4.672e-03	0.000e+00	12	288
195		10953.54	1.886e-06	4.672e-03	9.315e-09	12	288
196		11012.31	1.886e-06	4.672e-03	9.315e-09	12	288
197		11074.76	1.886e-06	4.672e-03	9.315e-09	12	288
198		11129.80	1.719e-06	4.660e-03	1.754e-07	12	288
199		11185.24	1.719e-06	4.660e-03	1.754e-07	12	288
200		11246.31	1.719e-06	4.660e-03	1.754e-07	12	288
201		11301.65	1.719e-06	4.660e-03	1.754e-07	12	288
202		11353.31	1.719e-06	4.660e-03	1.754e-07	12	288
203		11411.66	1.719e-06	2.477e-03	1.754e-07	12	288
204		11467.41	1.719e-06	4.379e-03	1.754e-07	12	288
205		11524.52	1.683e-06	4.379e-03	2.115e-07	12	288
206		11579.23	1.683e-06	4.379e-03	2.115e-07	12	288
207		11636.57	1.683e-06	4.379e-03	2.115e-07	12	288
208		11689.87	1.683e-06	4.379e-03	2.115e-07	12	288
209		11746.28	1.629e-06	4.379e-03	2.660e-07	12	288
210		11803.32	1.629e-06	4.379e-03	2.567e-07	12	288
211		11858.13	1.629e-06	4.379e-03	2.567e-07	12	288
212		11916.29	1.542e-06	4.379e-03	3.436e-07	12	288
213		11972.09	1.542e-06	4.379e-03	1.775e-07	12	288
214		12024.98	1.542e-06	3.382e-03	1.775e-07	12	288
215		12081.01	1.542e-06	4.672e-03	1.775e-07	12	288
216		12139.34	1.542e-06	3.382e-03	1.775e-07	12	288
217		12196.83	1.542e-06	3.382e-03	1.775e-07	12	288
218		12250.17	1.542e-06	3.382e-03	1.775e-07	12	288
219		12306.56	1.542e-06	3.382e-03	1.775e-07	12	288
220		12363.66	1.517e-06	3.382e-03	1.668e-07	12	288
221		12417.05	1.517e-06	3.382e-03	1.668e-07	12	288
222		12475.67	1.501e-06	2.477e-03	1.829e-07	12	288
223		12530.76	1.501e-06	2.477e-03	1.829e-07	12	288
224		12586.97	1.501e-06	2.477e-03	1.283e-07	12	288
225		12639.28	1.497e-06	2.477e-03	1.321e-07	12	288
226		12697.74	1.458e-06	2.477e-03	1.707e-07	12	288
227		12752.58	1.458e-06	1.027e-03	8.379e-08	12	288
228		12806.81	1.440e-06	2.603e-03	1.019e-07	12	288
229		12863.73	1.440e-06	2.603e-03	1.019e-07	12	288
230		12920.64	1.435e-06	2.603e-03	1.067e-07	12	288
231		12976.78	1.435e-06	2.603e-03	1.067e-07	12	288
232		13032.56	1.435e-06	2.603e-03	1.067e-07	12	288
233		13090.79	1.435e-06	2.603e-03	1.067e-07	12	288
234		13145.08	1.435e-06	3.555e-03	1.067e-07	12	288
235		13202.03	1.434e-06	3.555e-03	8.300e-08	12	288
236		13259.38	1.434e-06	4.092e-03	8.300e-08	12	288
237		13312.32	1.434e-06	4.092e-03	6.694e-08	12	288
238		13369.71	1.432e-06	4.092e-03	6.870e-08	12	288
239		13428.10	1.432e-06	4.092e-03	6.870e-08	12	288
240		13488.84	1.431e-06	4.672e-03	6.615e-08	12	288
241		13549.31	1.426e-06	4.672e-03	3.234e-08	12	288
242		13607.17	1.426e-06	4.672e-03	3.234e-08	12	288
243		13662.63	1.419e-06	4.672e-03	2.071e-08	12	288
244		13723.61	1.419e-06	4.672e-03	2.071e-08	12	288
245		13779.41	1.416e-06	4.672e-03	1.951e-08	12	288
246		13841.16	1.416e-06	4.672e-03	1.951e-08	12	288
247		13902.63	1.412e-06	4.672e-03	2.319e-08	12	288
248		13959.10	1.409e-06	4.672e-03	2.594e-08	12	288
249		14014.55	1.407e-06	4.672e-03	2.818e-08	12	288
250		14065.13	1.407e-06	4.672e-03	2.654e-08	12	288
251		14122.83	1.407e-06	4.672e-03	2.654e-08	12	288
252		14185.81	1.405e-06	4.672e-03	2.865e-08	12	288
253		14237.97	1.405e-06	4.672e-03	2.689e-08	12	288
254		14291.82	1.402e-06	4.672e-03	2.962e-08	12	288
255		14353.76	1.402e-06	4.672e-03	2.843e-08	12	288
256		14411.38	1.399e-06	4.672e-03	2.652e-08	12	288
257		14468.10	1.399e-06	4.672e-03	2.725e-08	12	288
258		14520.86	1.398e-06	4.672e-03	2.093e-08	12	288
259		14579.81	1.397e-06	4.672e-03	2.269e-08	12	288
260		14636.03	1.395e-06	4.672e-03	2.095e-08	12	288
261		14690.42	1.394e-06	4.672e-03	2.194e-08	12	288
262		14751.95	1.394e-06	4.672e-03	1.831e-08	12	288
263		14807.35	1.393e-06	4.672e-03	1.609e-08	12	288
264		14862.61	1.393e-06	4.672e-03	1.385e-08	12	288
265		14919.38	1.393e-06	4.672e-03	1.414e-08	12	288
266		14976.27	1.393e-06	4.672e-03	1.414e-08	12	288
267		15030.12	1.393e-06	4.672e-03	1.202e-08	12	288
268		15083.02	1.392e-06	4.672e-03	1.266e-08	12	288
269		15141.67	1.392e-06	4.672e-03	1.042e-08	12	288
270		15203.88	1.391e-06	4.672e-03	1.139e-08	12	288
271		15257.51	1.390e-06	4.672e-03	9.092e-09	12	288
272		15310.91	1.390e-06	4.672e-03	8.364e-09	12	288
273		15370.47	1.390e-06	4.672e-03	8.745e-09	12	288
274		15430.00	1.390e-06	4.672e-03	6.983e-09	12	288
275		15486.04	1.390e-06	4.672e-03	5.119e-09	12	288
276		15540.28	1.390e-06	4.672e-03	4.124e-09	12	288
277		15591.31	1.390e-06	4.672e-03	4.152e-09	12	288
278		15649.37	1.389e-06	4.672e-03	4.421e-09	12	288
279		15704.07	1.389e-06	4.672e-03	4.421e-09	12	288
280		15763.95	1.389e-06	4.672e-03	4.410e-09	12	288
281		15821.05	1.388e-06	4.672e-03	4.683e-09	12	288
282		15875.17	1.388e-06	4.672e-03	4.691e-09	12	288
283		15926.29	1.388e-06	4.672e-03	4.249e-09	12	288
284		15976.70	1.388e-06	4.672e-03	3.750e-09	12	288
285		16031.36	1.388e-06	4.672e-03	3.039e-09	12	288
286		16087.50	1.388e-06	4.672e-03	2.514e-09	12	288
287		16148.95	1.388e-06	4.672e-03	2.514e-09	12	288
288		16207.81	1.388e-06	4.672e-03	2.136e-09	12	288
289		16258.95	1.387e-06	4.672e-03	2.385e-09	12	288
290		16308.70	1.387e-06	4.672e-03	2.385e-09	12	288
291		16361.46	1.387e-06	4.563e-03	2.385e-09	12	288
292		16414.83	1.387e-06	4.563e-03	2.444e-09	12	288
293		16468.82	1.387e-06	4.563e-03	1.640e-09	12	288
294		16520.21	1.387e-06	4.645e-03	1.640e-09	12	288
295		16570.91	1.387e-06	4.645e-03	1.557e-09	12	288
296		16627.31	1.387e-06	4.645e-03	1.285e-09	12	288
297		16677.86	1.387e-06	4.645e-03	1.276e-09	12	288
298		16730.75	1.387e-06	4.645e-03	1.081e-09	12	288
299		16779.09	1.387e-06	4.645e-03	1.081e-09	12	288
300		16834.45	1.387e-06	4.645e-03	8.256e-10	12	288
301		16889.33	1.387e-06	4.645e-03	7.390e-10	12	288
302		16941.18	1.387e-06	4.645e-03	7.390e-10	12	288
303		16989.69	1.387e-06	4.563e-03	5.715e-10	12	288
304		17043.77	1.387e-06	4.563e-03	3.230e-10	12	288
305		17103.83	1.387e-06	4.563e-03	3.381e-10	12	288
306		17160.16	1.387e-06	4.563e-03	3.381e-10	12	288
307		17217.49	1.387e-06	4.664e-03	2.119e-10	12	288
308		17270.81	1.387e-06	4.563e-03	2.119e-10	12	288
309		17330.43	1.387e-06	4.563e-03	2.119e-10	12	288
310		17389.18	1.387e-06	4.563e-03	1.512e-11	12	288
311		17442.77	1.387e-06	4.563e-03	1.107e-10	12	288
312		17498.31	1.387e-06	4.563e-03	1.107e-10	12	288
313		17548.95	1.387e-06	4.563e-03	1.107e-10	12	288
314		17604.98	1.387e-06	4.563e-03	1.107e-10	12	288
315		17663.13	1.387e-06	4.563e-03	1.107e-10	12	288
316		17722.77	1.387e-06	4.563e-03	1.107e-10	12	288
317		17779.60	1.387e-06	4.563e-03	1.639e-10	12	288
318		17835.74	1.387e-06	4.644e-03	1.639e-10	12	288
319		17893.66	1.387e-06	4.644e-03	1.639e-10	12	288
320		17943.72	1.387e-06	4.644e-03	1.488e-10	12	288
321		18002.10	1.387e-06	4.644e-03	1.488e-10	12	288
322		18060.71	1.387e-06	4.644e-03	1.488e-10	12	288
323		18117.27	1.387e-06	4.672e-03	1.488e-10	12	288
324		18177.57	1.387e-06	4.672e-03	1.488e-10	12	288
325		18235.18	1.387e-06	4.672e-03	1.488e-10	12	288
326		18292.48	1.387e-06	4.672e-03	5.326e-11	12	288
327		18353.12	1.387e-06	4.672e-03	5.326e-11	12	288
328		18409.89	1.387e-06	4.376e-03	5.326e-11	12	288
329		18464.39	1.387e-06	4.671e-03	5.326e-11	12	288
330		18522.07	1.387e-06	4.671e-03	5.326e-11	12	288
331		18576.03	1.387e-06	4.671e-03	5.326e-11	12	288
332		18626.20	1.387e-06	4.671e-03	0.000e+00	12	288
333		18679.73	1.387e-06	4.671e-03	0.000e+00	12	288
334		18740.08	1.387e-06	4.671e-03	0.000e+00	12	288
335		18800.85	1.387e-06	4.671e-03	0.000e+00	12	288
336		18854.77	1.387e-06	4.671e-03	0.000e+00	12	288
337		18911.80	1.387e-06	4.671e-03	0.000e+00	12	288
338		18964.80	1.387e-06	4.671e-03	0.000e+00	12	288
339		19022.46	1.387e-06	4.671e-03	0.000e+00	12	288
340		19074.35	1.387e-06	4.671e-03	0.000e+00	12	288
341		19128.70	1.387e-06	2.858e-03	5.686e-11	12	288
342		19182.63	1.387e-06	2.858e-03	5.686e-11	12	288
343		19238.77	1.387e-06	2.858e-03	5.686e-11	12	288
344		19294.11	1.387e-06	2.768e-03	5.686e-11	12	288
345		19349.93	1.387e-06	2.768e-03	5.686e-11	12	288
346		19409.42	1.387e-06	4.672e-03	5.686e-11	12	288
347		19465.96	1.387e-06	4.672e-03	5.686e-11	12	288
348		19522.76	1.386e-06	4.672e-03	8.817e-10	12	288
349		19576.28	1.386e-06	4.672e-03	8.817e-10	12	288
350		19632.82	1.386e-06	4.672e-03	1.078e-09	12	288
351		19683.63	1.386e-06	4.672e-03	1.078e-09	12	288
352		19743.92	1.386e-06	4.672e-03	1.078e-09	12	288
353		19804.40	1.386e-06	4.672e-03	1.078e-09	12	288
354		19864.05	1.385e-06	4.192e-03	1.354e-09	12	288
355		19918.35	1.385e-06	4.192e-03	1.482e-09	12	288
356		19968.40	1.385e-06	4.192e-03	1.425e-09	12	288
357		20020.88	1.385e-06	4.192e-03	1.543e-09	12	288
358		20080.05	1.385e-06	4.192e-03	1.649e-09	12	288
359		20132.17	1.385e-06	4.192e-03	1.649e-09	12	288
360		20182.99	1.385e-06	4.192e-03	1.649e-09	12	288
361		20234.90	1.385e-06	4.192e-03	2.182e-09	12	288
362		20287.22	1.384e-06	4.192e-03	2.491e-09	12	288
363		20346.60	1.384e-06	4.666e-03	1.973e-09	12	288
364		20402.50	1.384e-06	4.666e-03	2.055e-09	12	288
365		20460.35	1.384e-06	4.666e-03	1.859e-09	12	288
366		20513.89	1.384e-06	4.666e-03	2.209e-09	12	288
367		20562.64	1.384e-06	4.666e-03	2.209e-09	12	288
368		20618.18	1.383e-06	4.666e-03	2.320e-09	12	288
369		20677.00	1.383e-06	4.666e-03	2.044e-09	12	288
370		20727.64	1.383e-06	4.666e-03	1.917e-09	12	288
371		20780.64	1.383e-06	4.669e-03	2.579e-09	12	288
372		20836.05	1.382e-06	4.669e-03	2.860e-09	12	288
373		20882.84	1.382e-06	4.669e-03	2.754e-09	12	288
374		20939.19	1.382e-06	4.669e-03	2.754e-09	12	288
375		20992.14	1.382e-06	4.669e-03	3.156e-09	12	288
376		21046.57	1.381e-06	2.492e-03	3.386e-09	12	288
377		21100.35	1.381e-06	4.654e-03	3.077e-09	12	288
378		21153.86	1.380e-06	4.654e-03	3.534e-09	12	288
379		21209.09	1.379e-06	4.654e-03	4.470e-09	12	288
380		21259.80	1.379e-06	4.642e-03	4.685e-09	12	288
381		21313.46	1.379e-06	4.642e-03	4.542e-09	12	288
382		21371.42	1.379e-06	4.642e-03	4.542e-09	12	288
383		21424.87	1.379e-06	4.642e-03	4.430e-09	12	288
384		21475.96	1.379e-06	4.642e-03	4.430e-09	12	288
385		21533.12	1.378e-06	4.642e-03	4.994e-09	12	288
386		21591.50	1.378e-06	4.670e-03	4.332e-09	12	288
387		21644.93	1.378e-06	4.670e-03	4.082e-09	12	288
388		21699.21	1.378e-06	4.670e-03	4.369e-09	12	288
389		21756.29	1.375e-06	4.670e-03	6.928e-09	12	288
390		21806.67	1.375e-06	4.642e-03	6.526e-09	12	288
391		21861.15	1.375e-06	4.642e-03	5.763e-09	12	288
392		21917.67	1.375e-06	4.642e-03	6.204e-09	12	288
393		21969.65	1.375e-06	4.642e-03	5.441e-09	12	288
394		22023.99	1.375e-06	4.642e-03	4.651e-09	12	288
395		22077.72	1.375e-06	4.642e-03	4.570e-09	12	288
396		22135.53	1.375e-06	4.642e-03	4.454e-09	12	288
397		22183.49	1.375e-06	4.642e-03	4.454e-09	12	288
398		22242.05	1.375e-06	4.642e-03	4.454e-09	12	288
399		22296.61	1.375e-06	4.642e-03	4.454e-09	12	288
400		22347.61	1.374e-06	4.642e-03	3.965e-09	12	288
401		22399.08	1.374e-06	4.642e-03	4.039e-09	12	288
402		22451.25	1.374e-06	2.821e-03	3.932e-09	12	288
403		22510.11	1.374e-06	2.331e-03	3.707e-09	12	288
404		22564.55	1.374e-06	3.188e-03	1.243e-09	12	288
405		22614.84	1.374e-06	3.188e-03	1.519e-09	12	288
406		22669.84	1.374e-06	3.188e-03	1.793e-09	12	288
407		22719.07	1.374e-06	3.188e-03	1.352e-09	12	288
408		22777.53	1.373e-06	4.287e-03	1.593e-09	12	288
409		22834.96	1.373e-06	4.287e-03	1.364e-09	12	288
410		22890.10	1.373e-06	4.287e-03	1.230e-09	12	288
411		22943.47	1.373e-06	4.296e-03	1.139e-09	12	288
412		22996.17	1.373e-06	4.296e-03	1.139e-09	12	288
413		23047.13	1.373e-06	4.296e-03	1.139e-09	12	288
414		23105.33	1.373e-06	4.296e-03	1.139e-09	12	288
415		23159.91	1.373e-06	4.296e-03	1.064e-09	12	288
416		23213.84	1.373e-06	4.296e-03	1.010e-09	12	288
417		23268.17	1.373e-06	4.296e-03	9.690e-10	12	288
418		23327.02	1.373e-06	4.296e-03	9.828e-10	12	288
419		23385.54	1.373e-06	4.653e-03	8.875e-10	12	288
420		23436.91	1.373e-06	4.653e-03	6.115e-10	12	288
421		23493.01	1.373e-06	4.296e-03	3.375e-10	12	288
422		23550.56	1.373e-06	4.638e-03	3.553e-10	12	288
423		23602.76	1.373e-06	4.638e-03	1.143e-10	12	288
424		23658.01	1.373e-06	4.638e-03	1.143e-10	12	288
425		23717.48	1.373e-06	4.638e-03	1.143e-10	12	288
426		23775.16	1.373e-06	4.638e-03	1.143e-10	12	288
427		23830.36	1.373e-06	4.670e-03	1.177e-10	12	288
428		23890.86	1.373e-06	4.670e-03	1.177e-10	12	288
429		23951.98	1.373e-06	4.670e-03	1.177e-10	12	288
430		24006.48	1.373e-06	4.670e-03	1.177e-10	12	288
431		24056.87	1.373e-06	4.670e-03	2.023e-10	12	288
432		24127.13	1.373e-06	4.670e-03	2.023e-10	12	288
433		24214.76	1.373e-06	4.670e-03	1.262e-10	12	288
434		24289.39	1.373e-06	4.670e-03	1.262e-10	12	288
435		24368.07	1.373e-06	4.670e-03	1.262e-10	12	288
436		24452.50	1.373e-06	4.670e-03	1.262e-10	12	288
437		24531.35	1.373e-06	4.670e-03	1.084e-10	12	288
438		24615.86	1.373e-06	4.670e-03	1.084e-10	12	288
439		24690.50	1.373e-06	4.670e-03	1.084e-10	12	288
440		24771.78	1.373e-06	4.670e-03	1.084e-10	12	288
441		24852.72	1.373e-06	4.670e-03	1.084e-10	12	288
442		24931.23	1.373e-06	4.544e-03	1.050e-10	12	288
443		25016.91	1.373e-06	4.544e-03	1.050e-10	12	288
444		25099.09	1.373e-06	4.544e-03	1.050e-10	12	288
445		25178.19	1.373e-06	4.649e-03	1.050e-10	12	288
446		25259.35	1.373e-06	4.656e-03	0.000e+00	12	288
447		25334.94	1.373e-06	4.649e-03	0.000e+00	12	288
448		25408.97	1.373e-06	4.649e-03	0.000e+00	12	288
449		25500.52	1.373e-06	4.649e-03	0.000e+00	12	288
450		25571.04	1.373e-06	4.649e-03	0.000e+00	12	288
451		25655.19	1.373e-06	4.649e-03	0.000e+00	12	288
452		25729.40	1.373e-06	4.649e-03	0.000e+00	12	288
453		25811.05	1.373e-06	4.649e-03	0.000e+00	12	288
454		25898.63	1.373e-06	4.649e-03	0.000e+00	12	288
455		25974.55	1.373e-06	4.649e-03	0.000e+00	12	288
456		26054.94	1.373e-06	4.649e-03	0.000e+00	12	288
457		26137.20	1.373e-06	4.649e-03	0.000e+00	12	288
458		26214.33	1.373e-06	4.649e-03	0.000e+00	12	288
459		26296.20	1.373e-06	4.649e-03	0.000e+00	12	288
460		26371.17	1.373e-06	4.649e-03	0.000e+00	12	288
461		26450.51	1.373e-06	4.649e-03	0.000e+00	12	288
462		26541.89	1.373e-06	4.649e-03	0.000e+00	12	288
463		26608.92	1.373e-06	4.649e-03	0.000e+00	12	288
464		26665.62	1.371e-06	4.649e-03	1.765e-09	12	288
465		26729.35	1.371e-06	4.649e-03	2.550e-09	12	288
466		26784.26	1.371e-06	4.649e-03	2.550e-09	12	288
467		26846.21	1.371e-06	4.649e-03	2.550e-09	12	288
468		26903.91	1.371e-06	4.649e-03	2.582e-09	12	288
469		26956.88	1.371e-06	4.649e-03	2.582e-09	12	288
470		27018.73	1.371e-06	4.649e-03	2.582e-09	12	288
471		27072.54	1.371e-06	4.649e-03	2.582e-09	12	288
472		27128.65	1.371e-06	4.649e-03	2.582e-09	12	288
473		27189.98	1.370e-06	4.649e-03	3.591e-09	12	288
474		27242.10	1.370e-06	4.649e-03	3.620e-09	12	288
475		27301.15	1.369e-06	4.649e-03	4.430e-09	12	288
476		27355.80	1.368e-06	4.649e-03	4.921e-09	12	288
477		27412.61	1.367e-06	4.649e-03	6.232e-09	12	288
478		27467.41	1.367e-06	4.649e-03	6.232e-09	12	288
479		27521.72	1.366e-06	4.649e-03	5.861e-09	12	288
480		27578.55	1.366e-06	4.649e-03	5.077e-09	12	288
481		27630.66	1.364e-06	4.649e-03	6.642e-09	12	288
482		27685.70	1.364e-06	4.649e-03	6.642e-09	12	288
483		27746.34	1.363e-06	4.649e-03	7.164e-09	12	288
484		27800.65	1.359e-06	4.649e-03	1.110e-08	12	288
485		27856.85	1.359e-06	4.649e-03	1.110e-08	12	288
486		27918.27	1.359e-06	4.649e-03	1.110e-08	12	288
487		27971.09	1.355e-06	4.649e-03	1.522e-08	12	288
488		28030.25	1.354e-06	4.649e-03	1.583e-08	12	288
489		28081.74	1.351e-06	4.608e-03	1.844e-08	12	288
490		28136.76	1.348e-06	4.608e-03	2.060e-08	12	288
491		28197.20	1.347e-06	4.608e-03	2.160e-08	12	288
492		28248.80	1.344e-06	4.608e-03	2.284e-08	12	288
493		28307.53	1.342e-06	4.642e-03	2.483e-08	12	288
494		28356.51	1.340e-06	4.642e-03	2.578e-08	12	288
495		28409.58	1.339e-06	4.642e-03	2.612e-08	12	288
496		28461.96	1.339e-06	4.642e-03	2.455e-08	12	288
497		28514.44	1.339e-06	4.672e-03	2.455e-08	12	288
498		28571.36	1.339e-06	4.672e-03	2.447e-08	12	288
499		28623.99	1.339e-06	4.672e-03	2.054e-08	12	288
500		28681.66	1.338e-06	4.672e-03	2.152e-08	12	288
501		28725.95	1.338e-06	4.672e-03	2.152e-08	12	288
502		28785.02	1.338e-06	4.672e-03	1.740e-08	12	288
503		28842.53	1.338e-06	4.672e-03	1.581e-08	12	288
504		28894.42	1.337e-06	4.672e-03	1.369e-08	12	288
505		28957.00	1.337e-06	4.672e-03	1.111e-08	12	288
506		29012.13	1.337e-06	4.672e-03	9.839e-09	12	288
507		29071.75	1.337e-06	4.672e-03	7.540e-09	12	288
508		29124.00	1.336e-06	4.672e-03	6.148e-09	12	288
509		29178.35	1.336e-06	4.672e-03	3.799e-09	12	288
510		29228.85	1.336e-06	4.672e-03	3.462e-09	12	288
511		29283.44	1.336e-06	4.672e-03	3.565e-09	12	288
512		29342.50	1.336e-06	4.672e-03	3.565e-09	12	288
513		29393.80	1.336e-06	4.672e-03	3.098e-09	12	288
514		29449.51	1.334e-06	4.672e-03	4.649e-09	12	288
515		29507.06	1.334e-06	4.672e-03	3.662e-09	12	288
516		29560.87	1.334e-06	4.672e-03	3.662e-09	12	288
517		29618.00	1.334e-06	4.672e-03	3.662e-09	12	288
518		29663.01	1.333e-06	4.672e-03	4.582e-09	12	288
519		29696.56	1.331e-06	4.672e-03	6.008e-09	12	288
520		29730.40	1.331e-06	4.672e-03	5.650e-09	12	288
521		29765.16	1.331e-06	4.672e-03	5.427e-09	12	288
522		29799.31	1.331e-06	4.672e-03	5.175e-09	12	288
523		29833.75	1.331e-06	4.672e-03	4.988e-09	12	288
524		29867.61	1.330e-06	4.672e-03	5.735e-09	12	288
525		29902.67	1.330e-06	4.672e-03	5.735e-09	12	288
526		29936.32	1.330e-06	4.672e-03	5.632e-09	12	288
527		29970.77	1.330e-06	4.672e-03	5.783e-09	12	288
528		30002.80	1.329e-06	4.672e-03	6.636e-09	12	288
529		30035.24	1.329e-06	4.672e-03	5.307e-09	12	288
530		30071.83	1.329e-06	4.672e-03	5.307e-09	12	288
531		30106.88	1.329e-06	4.672e-03	5.405e-09	12	288
532		30142.14	1.328e-06	4.672e-03	5.900e-09	12	288
533		30176.98	1.328e-06	4.672e-03	5.057e-09	12	288
534		30210.34	1.328e-06	4.672e-03	3.135e-09	12	288
535		30245.30	1.328e-06	4.672e-03	3.167e-09	12	288
536		30279.75	1.328e-06	4.672e-03	3.771e-09	12	288
537		30312.89	1.327e-06	4.672e-03	4.322e-09	12	288
538		30343.12	1.327e-06	4.672e-03	4.099e-09	12	288
539		30379.18	1.325e-06	4.672e-03	4.932e-09	12	288
540		30410.51	1.324e-06	4.672e-03	6.678e-09	12	288
541		30440.93	1.317e-06	4.672e-03	1.289e-08	12	288
542		30473.27	1.313e-06	4.672e-03	1.706e-08	12	288
543		30505.89	1.295e-06	4.672e-03	3.383e-08	12	288
544		30540.64	1.275e-06	4.672e-03	5.362e-08	12	288
545		30574.60	1.253e-06	4.667e-03	7.588e-08	12	288
546		30610.37	1.249e-06	4.667e-03	8.001e-08	12	288
547		30646.63	1.249e-06	4.667e-03	7.951e-08	12	288
548		30682.30	1.242e-06	4.667e-03	8.602e-08	12	288
549		30718.37	1.242e-06	4.667e-03	8.668e-08	12	288
550		30753.33	1.241e-06	4.667e-03	8.675e-08	12	288
551		30789.60	1.241e-06	4.667e-03	8.615e-08	12	288
552		30825.05	1.239e-06	4.667e-03	8.816e-08	12	288
553		30862.34	1.239e-06	4.670e-03	8.797e-08	12	288
554		30898.69	1.239e-06	4.670e-03	8.639e-08	12	288
555		30936.46	1.239e-06	4.670e-03	8.464e-08	12	288
556		30971.90	1.238e-06	4.670e-03	7.975e-08	12	288
557		31006.74	1.237e-06	4.670e-03	7.598e-08	12	288
558		31040.59	1.234e-06	4.670e-03	6.181e-08	12	288
559		31075.33	1.233e-06	4.670e-03	4.190e-08	12	288
560		31110.53	1.231e-06	4.670e-03	2.220e-08	12	288
561		31144.68	1.230e-06	4.670e-03	1.889e-08	12	288
562		31180.14	1.223e-06	4.670e-03	2.631e-08	12	288
563		31216.13	1.219e-06	4.670e-03	2.302e-08	12	288
564		31256.45	1.219e-06	4.670e-03	2.234e-08	12	288
565		31292.79	1.219e-06	4.670e-03	2.263e-08	12	288
566		31329.68	1.218e-06	4.670e-03	2.305e-08	12	288
567		31369.49	1.218e-06	4.670e-03	2.050e-08	12	288
568		31405.14	1.218e-06	4.670e-03	2.062e-08	12	288
569		31440.10	1.218e-06	4.358e-03	2.087e-08	12	288
570		31475.27	1.218e-06	4.042e-03	2.093e-08	12	288
571		31509.91	1.218e-06	4.672e-03	1.961e-08	12	288
572		31546.40	1.218e-06	4.672e-03	1.916e-08	12	288
573		31582.56	1.218e-06	4.672e-03	1.569e-08	12	288
574		31619.32	1.218e-06	4.672e-03	1.572e-08	12	288
575		31656.12	1.218e-06	4.672e-03	1.316e-08	12	288
576		31691.21	1.218e-06	4.672e-03	1.224e-08	12	288
577		31727.51	1.218e-06	4.672e-03	4.823e-09	12	288
578		31762.07	1.218e-06	4.672e-03	1.508e-09	12	288
579		31799.43	1.218e-06	4.672e-03	1.508e-09	12	288
580		31836.21	1.218e-06	4.672e-03	1.076e-09	12	288
581		31874.03	1.218e-06	4.672e-03	6.539e-10	12	288
582		31907.60	1.218e-06	4.672e-03	6.444e-10	12	288
583		31942.49	1.218e-06	4.672e-03	5.303e-10	12	288
584		31978.50	1.218e-06	4.672e-03	2.747e-10	12	288
585		32015.78	1.218e-06	4.672e-03	2.184e-10	12	288
586		32051.84	1.218e-06	4.672e-03	2.184e-10	12	288
587		32088.00	1.218e-06	4.672e-03	1.202e-10	12	288
588		32122.57	1.218e-06	4.672e-03	1.202e-10	12	288
589		32157.41	1.218e-06	4.672e-03	1.658e-12	12	288
590		32193.10	1.218e-06	4.672e-03	1.658e-12	12	288
591		32228.05	1.218e-06	4.672e-03	1.658e-12	12	288
592		32264.32	1.218e-06	4.672e-03	1.658e-12	12	288
593		32300.32	1.218e-06	4.672e-03	1.658e-12	12	288
594		32335.89	1.218e-06	4.672e-03	1.658e-12	12	288
595		32372.59	1.218e-06	4.672e-03	1.658e-12	12	288
596		32408.14	1.218e-06	4.672e-03	1.658e-12	12	288
597		32443.86	1.161e-06	4.672e-03	5.640e-08	12	288
598		32479.44	1.161e-06	4.672e-03	5.640e-08	12	288
599		32514.92	1.161e-06	4.672e-03	5.639e-08	12	288
600		32550.41	1.161e-06	4.672e-03	5.639e-08	12	288
601		32585.87	1.161e-06	4.672e-03	5.639e-08	12	288
602		32622.26	1.161e-06	4.391e-03	5.639e-08	12	288
603		32657.43	1.161e-06	4.391e-03	5.639e-08	12	288
604		32692.70	1.161e-06	4.391e-03	5.639e-08	12	288
605		32728.08	1.161e-06	4.391e-03	5.639e-08	12	288
606		32765.42	1.161e-06	4.391e-03	5.639e-08	12	288
607		32800.20	1.159e-06	4.391e-03	5.897e-08	12	288
608		32834.26	1.159e-06	4.391e-03	5.897e-08	12	288
609		32868.51	1.159e-06	4.391e-03	5.897e-08	12	288
610		32903.48	1.159e-06	4.391e-03	5.897e-08	12	288
611		32940.75	1.155e-06	4.658e-03	6.256e-08	12	288
612		32975.59	1.155e-06	4.658e-03	6.161e-09	12	288
613		33011.94	1.155e-06	4.658e-03	6.161e-09	12	288
614		33047.19	1.155e-06	4.658e-03	6.161e-09	12	288
615		33082.44	1.155e-06	4.658e-03	6.161e-09	12	288
616		33118.89	1.147e-06	4.658e-03	1.425e-08	12	288
617		33153.65	1.147e-06	4.658e-03	1.425e-08	12	288
618		33186.89	1.147e-06	4.658e-03	1.425e-08	12	288
619		33221.14	1.138e-06	4.658e-03	2.367e-08	12	288
620		33257.91	1.132e-06	4.658e-03	2.918e-08	12	288
621		33292.27	1.129e-06	4.658e-03	3.186e-08	12	288
622		33327.22	1.129e-06	4.391e-03	2.929e-08	12	288
623		33362.98	1.129e-06	4.391e-03	2.929e-08	12	288
624		33397.96	1.129e-06	4.391e-03	2.929e-08	12	288
625		33432.85	1.129e-06	4.391e-03	2.992e-08	12	288
626		33468.68	1.127e-06	4.391e-03	2.861e-08	12	288
627		33504.04	1.127e-06	2.452e-03	2.861e-08	12	288
628		33539.92	1.127e-06	2.452e-03	2.861e-08	12	288
629		33576.18	1.127e-06	2.452e-03	2.861e-08	12	288
630		33612.37	1.127e-06	2.452e-03	2.861e-08	12	288
631		33646.42	1.123e-06	2.452e-03	2.443e-08	12	288
632		33680.58	1.123e-06	2.452e-03	2.443e-08	12	288
633		33716.02	1.123e-06	4.665e-03	2.443e-08	12	288
634		33750.69	1.123e-06	4.665e-03	1.501e-08	12	288
635		33786.68	1.123e-06	4.665e-03	9.502e-09	12	288
636		33823.15	1.123e-06	4.665e-03	6.821e-09	12	288
637		33858.73	1.123e-06	4.666e-03	6.821e-09	12	288
638		33891.25	1.122e-06	3.553e-03	7.568e-09	12	288
639		33924.18	1.122e-06	3.553e-03	7.568e-09	12	288
640		33957.43	1.122e-06	3.553e-03	6.931e-09	12	288
641		33993.29	1.122e-06	3.553e-03	4.658e-09	12	288
642		34029.55	1.122e-06	3.553e-03	4.658e-09	12	288
643		34065.60	1.122e-06	2.073e-03	4.943e-09	12	288
644		34099.76	1.121e-06	2.073e-03	5.370e-09	12	288
645		34135.46	1.120e-06	1.686e-03	6.271e-09	12	288
646		34169.31	1.120e-06	4.627e-03	2.360e-09	12	288
647		34203.87	1.120e-06	4.627e-03	2.880e-09	12	288
648		34239.44	1.119e-06	4.627e-03	3.420e-09	12	288
649		34274.41	1.119e-06	4.627e-03	4.048e-09	12	288
650		34307.24	1.119e-06	4.627e-03	4.048e-09	12	288
651		34342.20	1.118e-06	4.627e-03	4.822e-09	12	288
652		34374.42	1.118e-06	4.627e-03	4.822e-09	12	288
653		34407.05	1.117e-06	4.627e-03	4.445e-09	12	288
654		34441.03	1.117e-06	4.627e-03	5.273e-09	12	288
655		34471.74	1.115e-06	4.627e-03	7.215e-09	12	288
656		34507.61	1.115e-06	4.627e-03	7.215e-09	12	288
657		34539.76	1.114e-06	4.627e-03	8.024e-09	12	288
658		34573.46	1.112e-06	4.627e-03	9.192e-09	12	288
659		34607.74	1.112e-06	4.627e-03	8.765e-09	12	288
660		34642.35	1.111e-06	4.627e-03	9.102e-09	12	288
661		34675.70	1.110e-06	4.627e-03	1.016e-08	12	288
662		34713.67	1.109e-06	4.627e-03	1.061e-08	12	288
663		34748.86	1.109e-06	4.627e-03	1.052e-08	12	288
664		34783.13	1.106e-06	4.627e-03	1.217e-08	12	288
665		34815.86	1.106e-06	8.449e-04	1.227e-08	12	288
666		34849.81	1.106e-06	8.449e-04	1.150e-08	12	288
667		34882.56	1.106e-06	8.449e-04	1.183e-08	12	288
668		34917.92	1.106e-06	9.766e-04	1.146e-08	12	288
669		34950.86	1.106e-06	5.796e-04	1.063e-08	12	288
670		34985.82	1.105e-06	5.796e-04	9.277e-09	12	288
671		35018.96	1.105e-06	5.796e-04	9.460e-09	12	288
672		35053.10	1.105e-06	2.251e-03	8.651e-09	12	288
673		35088.26	1.105e-06	2.251e-03	7.198e-09	12	288
674		35123.76	1.105e-06	2.251e-03	7.198e-09	12	288
675		35158.42	1.105e-06	3.998e-03	5.960e-09	12	288
676		35193.58	1.105e-06	3.998e-03	4.912e-09	12	288
677		35228.18	1.105e-06	3.998e-03	3.938e-09	12	288
678		35264.24	1.105e-06	3.998e-03	3.544e-09	12	288
679		35299.40	1.105e-06	2.495e-03	1.261e-09	12	288
680		35334.15	1.105e-06	2.495e-03	1.159e-09	12	288
681		35367.60	1.105e-06	2.495e-03	1.159e-09	12	288
682		35401.66	1.105e-06	2.495e-03	8.266e-10	12	288
683		35437.82	1.105e-06	2.693e-03	8.266e-10	12	288
684		35473.07	1.105e-06	2.693e-03	8.266e-10	12	288
685		35508.64	1.105e-06	2.693e-03	2.411e-10	12	288
686		35544.80	1.105e-06	4.585e-03	5.828e-11	12	288
687		35577.88	1.105e-06	4.585e-03	5.828e-11	12	288
688		35611.94	1.105e-06	4.585e-03	5.828e-11	12	288
689		35646.69	1.105e-06	4.585e-03	5.828e-11	12	288
690		35680.22	1.105e-06	4.585e-03	5.828e-11	12	288
691		35714.69	1.105e-06	2.693e-03	5.299e-11	12	288
692		35748.35	1.105e-06	3.241e-03	5.299e-11	12	288
693		35782.07	1.105e-06	3.241e-03	0.000e+00	12	288
694		35812.61	1.105e-06	3.241e-03	0.000e+00	12	288
695		35848.49	1.105e-06	3.241e-03	0.000e+00	12	288
696		35882.33	1.105e-06	3.241e-03	0.000e+00	12	288
697		35915.88	1.105e-06	1.619e-03	0.000e+00	12	288
698		35951.49	1.105e-06	1.619e-03	0.000e+00	12	288
699		35985.14	1.105e-06	1.619e-03	0.000e+00	12	288
700		36016.08	1.105e-06	1.619e-03	0.000e+00	12	288
A	 = 2.20e+12,
C0	 = 1.0,0.0,
Cpa	 = 1528.174267872947,1819.0709401662004,
E	 = 1.74e+05,
Hp	 = 100074.49624957348,
K	 = 16992.737246578003,100000000.0,
Value	 = 1.1051803078795053e-06,
Xi	 = 0.7338086749851456,
eps	 = 0.8514494352134359,0.7454074455640333,
ka	 = 0.31993233091827067,0.25844964388525205,
n	 = 0.9000317231560168,
nO2	 = 0.0,
rho	 = 1683.0,1235.0,
Results saved to D:\workspace\JENSENHUGHES\optimization\optimizationPaper\config\E_Glass\hybrid\../../../results/E_Glass/hybrid/E_GlassOldConstWideHybrid_solution.txt
