C:\projects\materialOptimizationNIJ\E_Glass_linear_tga_M\E_Glass_linear_tga_M/E_Glass_linear_tga_M Log file
!!python/object/apply:collections.defaultdict
args:
- &id001 !!python/name:builtins.bool ''
dictitems:
  Duraboard:
    CprampF:
    - 1.0
    - 1.0
    CprampT:
    - 0
    - 5000
    eps: 0.8
    krampF:
    - 0.075932
    - 0.090229
    - 0.104522
    - 0.122143
    - 0.14158
    - 0.163436
    - 0.190738
    - 0.221975
    krampT:
    - 203.035
    - 317.4028
    - 426.9164
    - 536.4182
    - 647.3003
    - 757.4803
    - 867.6409
    - 981.2546
    rho: 258
    thickness: 0.0254
  XiState:
  - unknowable
  assumeVolumeConservation: true
  cone:
    Tinit: 25
    activePhaseVars:
    - C0
    - rho
    - ka
    - kb
    - kc
    - kd
    - ke
    - Cpa
    - Cpb
    - Cpc
    - Cpd
    - Cpe
    - eps
    - K
    activeReactionVars:
    - A
    - E
    - n
    - Hp
    - nO2
    - Xi
    allowIgnition: false
    backBoundaryConditions:
      Tamb: 25
      htc: Auto
      type: INSULATED
    frontBoundaryConditions:
      Tamb: 25
      htc: Auto
    ignitionHeatFlux: 20
    ignitionThreshold: 0.0032
    weight: 1.0
  cone1: !!python/object/apply:collections.defaultdict
    args:
    - *id001
    dictitems:
      Tinit: 25
      activePhaseVars:
      - C0
      - rho
      - ka
      - kb
      - kc
      - kd
      - ke
      - Cpa
      - Cpb
      - Cpc
      - Cpd
      - Cpe
      - eps
      - K
      activeReactionVars:
      - A
      - E
      - n
      - Hp
      - nO2
      - Xi
      backBoundaryConditions: !!python/object/apply:collections.defaultdict
        args:
        - *id001
        dictitems:
          Tamb: 25
          htc: Auto
          type: INSULATED
      columns:
      - 1
      depths:
      - 0
      file: E_GlassLinearVirtual.csv
      finalThickness: false
      frontBoundaryConditions: !!python/object/apply:collections.defaultdict
        args:
        - *id001
        dictitems:
          Tamb: 25
          heatFlux: 25
          htc: 15
      ignitionHeatFlux: 20.0
      ignitionThreshold: 0.0032
      initialThickness: 0.008
      names:
      - Mass
      time: 0
      types:
      - 1
      weight: 1.0
      weights:
      - 1
      width1: 0.1016
      width2: 0.1016
  configDir: C:\projects\materialOptimizationNIJ\E_Glass_linear_tga_M\
  dataSources:
    names:
    - cone1
    types:
    - cone
  dsc:
    activePhaseVars:
    - C0
    - Cpa
    - Cpb
    - Cpc
    - Cpd
    - Cpe
    activeReactionVars:
    - A
    - E
    - n
    - Hp
    dscO2: None
    weight: 1.0
  fdsPath: C:\Program Files\FDS\FDS6\bin
  keepTemporaryFiles: false
  name: E_Glass_linear_tga_M
  optimizeParams:
    absErr: 1e-7
    absRelErr: 5e-7
    elimThresh: 1e-2
    maxIter: 1000
    maxTime: 60000
    minIter: 5
    minP: 2
    opAlpha: 57
    opBeta: 1
    opP: 29
    opQ: 15
    opS: 29
    relErr: 1e-12
    relIter: 15
  outputParams:
    saveAllSamples: true
  phaseParams:
    C0:
    - - 1
      - 0
      - 1
    - - 0
      - 1189
      - 1189
    Cpa:
    - - None
      - 270
      - 4320
    - - None
      - 260.25
      - 4164
    Cpb:
    - - None
      - 0.0113
      - 0.1808
    - - None
      - 0.06475
      - 1.036
    Cpc:
    - - 0.0
      - 0.0
      - 0.0
    - - 0.0
      - 0.0
      - 0.0
    Cpd:
    - - 0.0
      - 0.0
      - 0.0
    - - 0.0
      - 0.0
      - 0.0
    Cpe:
    - &id002
      - 0
      - 0
      - 1
    - *id002
    K:
    - - None
      - 2500
      - 40000
    - - 1e8
      - 1189
      - 1189
    eps:
    - - None
      - 0.235
      - 1.0
    - - 0.94
      - 0.235
      - 1.0
    ka:
    - - None
      - 0.078
      - 1.248
    - - None
      - 0.023725
      - 0.3796
    kb:
    - - None
      - 1.1013e-05
      - 0.0001762
    - - None
      - 7.075e-05
      - 0.001132
    kc:
    - - 0.0
      - 0.0
      - 0.0
    - - 0.0
      - 0.0
      - 0.0
    kd:
    - - 0.0
      - 0.0
      - 0.0
    - - 0.0
      - 0.0
      - 0.0
    ke:
    - &id003
      - 0
      - 0
      - 1
    - *id003
    nO2:
    - - 0
      - 0
      - 1
    - - 0
      - 1189
      - 1189
    phases:
    - virgin
    - char
    rho:
    - - 1683
      - 1189
      - 1189
    - - 1235
      - 1189
      - 1189
  processParams:
    maxProcesses: 8
    multiprocess: true
  reactionParams:
    A:
    - - None
      - 2.1096e12
      - 2.5784e12
    E:
    - - None
      - 1.629e5
      - 1.991e5
    Hp:
    - - None
      - 2.5e4
      - 4e5
    Xi:
    - - None
      - 0
      - 1
    n:
    - - None
      - 0.9
      - 1.1
    nO2:
    - - 0
      - 0
      - 1
    prodState:
    - 1
    reacState:
    - 0
    typeState:
    - 3
  reinitializeComplex: true
  restart: false
  resultsDir: E_Glass_linear_tga_M/
  systemDir: C:\projects\materialOptimizationNIJ\optimizationpython\src
  tga:
    activePhaseVars:
    - C0
    - rho
    activeReactionVars:
    - A
    - E
    - n
    tgaO2: None
    tgaOpt: 1
    weight: 1.0
  thermalPropertyUnits: K
  virtualExperiment: false
Loop	t (s)	Error Min	Error Max	ErrorRel	Comp	Samples
0		405.78	2.985e-05	5.093e-03	1.000e+00	29	841
1		839.63	2.904e-05	5.090e-03	1.000e+00	29	841
2		1292.15	1.345e-05	5.011e-03	1.000e+00	29	841
3		1735.47	1.340e-05	5.079e-03	1.000e+00	29	841
4		2203.52	1.079e-05	4.082e-03	1.000e+00	29	841
5		2664.75	7.657e-06	3.648e-03	1.000e+00	29	841
6		3160.38	6.693e-06	5.093e-03	1.000e+00	29	841
7		3642.38	5.659e-06	5.085e-03	1.000e+00	29	841
8		4185.60	5.579e-06	5.085e-03	1.000e+00	29	841
9		4732.55	5.534e-06	5.093e-03	1.000e+00	29	841
10		5295.13	5.504e-06	5.072e-03	1.000e+00	29	841
11		5830.13	5.499e-06	3.894e-03	1.000e+00	29	841
12		6367.81	5.494e-06	4.908e-03	1.000e+00	29	841
13		6895.05	5.488e-06	5.089e-03	1.000e+00	29	841
14		7430.41	5.485e-06	5.093e-03	1.000e+00	29	841
15		7956.72	5.476e-06	5.091e-03	1.000e+00	29	841
16		8510.47	5.457e-06	5.093e-03	2.359e-05	29	841
17		9047.82	5.439e-06	5.093e-03	8.007e-06	29	841
18		9615.46	5.436e-06	4.980e-03	7.966e-06	29	841
19		10154.81	5.423e-06	5.051e-03	5.363e-06	29	841
20		10710.88	5.421e-06	5.044e-03	2.236e-06	29	841
21		11246.88	5.414e-06	5.093e-03	1.278e-06	29	841
22		11787.29	5.410e-06	5.093e-03	2.493e-07	29	841
23		12309.61	5.409e-06	5.085e-03	1.706e-07	29	841
24		12836.39	5.408e-06	5.093e-03	1.264e-07	29	841
25		13362.96	5.407e-06	5.093e-03	9.668e-08	29	841
26		13885.51	5.406e-06	5.089e-03	9.301e-08	29	841
27		14404.73	5.406e-06	5.093e-03	8.860e-08	29	841
28		14933.07	5.406e-06	5.040e-03	8.201e-08	29	841
29		15462.06	5.405e-06	5.093e-03	7.935e-08	29	841
30		15968.72	5.405e-06	3.451e-03	7.102e-08	29	841
31		16476.73	5.405e-06	4.253e-03	5.164e-08	29	841
32		16981.02	5.404e-06	5.062e-03	3.504e-08	29	841
33		17488.83	5.404e-06	5.085e-03	3.275e-08	29	841
34		17971.02	5.403e-06	4.432e-03	1.927e-08	29	841
35		18469.21	5.403e-06	3.929e-03	1.880e-08	29	841
36		18961.81	5.402e-06	5.013e-03	1.246e-08	29	841
37		19450.98	5.402e-06	5.081e-03	7.948e-09	29	841
Reinitializing complex 5, running simulations.
Complex 5 with parameter deviation 8.90e-03 replaced with parameter deviation 1.76
38		19949.61	5.401e-06	1.290e-02	8.161e-09	29	841
39		20494.53	5.399e-06	5.093e-03	8.638e-09	29	841
Reinitializing complex 5, running simulations.
Complex 5 with parameter deviation 5.24e-03 replaced with parameter deviation 1.62
40		21022.49	5.398e-06	1.085e-02	9.131e-09	29	841
Reinitializing complex 5, running simulations.
Complex 5 with parameter deviation 4.07e-03 replaced with parameter deviation 1.54
41		21553.46	5.396e-06	1.154e-02	9.865e-09	29	841
42		22068.03	5.396e-06	5.091e-03	9.846e-09	29	841
43		22607.17	5.396e-06	5.093e-03	9.870e-09	29	841
44		23124.17	5.394e-06	5.093e-03	1.098e-08	29	841
45		23658.55	5.393e-06	3.927e-03	1.217e-08	29	841
46		24188.41	5.392e-06	5.032e-03	1.266e-08	29	841
47		24738.60	5.392e-06	5.093e-03	1.225e-08	29	841
48		25261.21	5.391e-06	5.093e-03	1.259e-08	29	841
49		25801.85	5.390e-06	5.093e-03	1.305e-08	29	841
50		26323.43	5.387e-06	5.093e-03	1.536e-08	29	841
51		26858.94	5.386e-06	5.090e-03	1.545e-08	29	841
52		27403.63	5.384e-06	5.093e-03	1.741e-08	29	841
53		27955.90	5.384e-06	5.093e-03	1.686e-08	29	841
54		28487.53	5.383e-06	4.894e-03	1.658e-08	29	841
55		29029.80	5.382e-06	5.093e-03	1.603e-08	29	841
56		29570.47	5.382e-06	5.093e-03	1.471e-08	29	841
57		30111.86	5.382e-06	5.093e-03	1.432e-08	29	841
58		30645.03	5.382e-06	5.093e-03	1.409e-08	29	841
59		31186.75	5.382e-06	5.093e-03	1.280e-08	29	841
60		31722.37	5.382e-06	5.093e-03	1.150e-08	29	841
Reinitializing complex 1, running simulations.
Complex 1 with parameter deviation 8.92e-03 replaced with parameter deviation 1.56
61		32273.53	5.382e-06	1.273e-02	1.073e-08	29	841
Reinitializing complex 1, running simulations.
Complex 1 with parameter deviation 6.57e-03 replaced with parameter deviation 1.72
62		32798.96	5.382e-06	9.513e-03	1.054e-08	29	841
63		33329.07	5.382e-06	4.678e-03	9.583e-09	29	841
Reinitializing complex 1, running simulations.
Complex 1 with parameter deviation 8.28e-03 replaced with parameter deviation 1.52
64		33840.76	5.382e-06	1.300e-02	8.778e-09	29	841
65		34356.88	5.382e-06	4.811e-03	5.774e-09	29	841
Reinitializing complex 1, running simulations.
Complex 1 with parameter deviation 7.93e-03 replaced with parameter deviation 1.74
66		34856.07	5.382e-06	1.270e-02	4.739e-09	29	841
67		35360.93	5.382e-06	5.092e-03	2.631e-09	29	841
68		35855.29	5.382e-06	4.860e-03	2.136e-09	29	841
69		36362.54	5.382e-06	5.093e-03	1.346e-09	29	841
70		36849.37	5.382e-06	4.500e-03	4.695e-10	29	841
71		37350.12	5.382e-06	4.659e-03	2.119e-10	29	841
72		37842.22	5.382e-06	4.849e-03	1.400e-10	29	841
73		38328.70	5.382e-06	4.253e-03	1.031e-10	29	841
74		38805.66	5.382e-06	5.088e-03	5.312e-11	29	841
75		39305.26	5.382e-06	2.842e-03	1.765e-11	29	841
76		39782.64	5.380e-06	4.174e-03	1.565e-09	29	841
77		40273.37	5.375e-06	5.093e-03	6.441e-09	29	841
78		40750.72	5.373e-06	4.805e-03	8.248e-09	29	841
79		41241.59	5.371e-06	4.725e-03	1.078e-08	29	841
80		41729.21	5.368e-06	5.068e-03	1.373e-08	29	841
81		42219.10	5.360e-06	5.052e-03	2.112e-08	29	841
82		42715.30	5.356e-06	5.090e-03	2.532e-08	29	841
83		43219.31	5.352e-06	5.093e-03	2.993e-08	29	841
84		43728.21	5.351e-06	5.092e-03	3.060e-08	29	841
85		44247.19	5.350e-06	5.093e-03	3.171e-08	29	841
86		44749.63	5.346e-06	5.092e-03	3.523e-08	29	841
87		45254.98	5.344e-06	3.676e-03	3.753e-08	29	841
88		45755.36	5.342e-06	5.093e-03	3.905e-08	29	841
89		46270.06	5.340e-06	5.092e-03	4.156e-08	29	841
90		46776.84	5.339e-06	5.092e-03	4.288e-08	29	841
91		47286.14	5.336e-06	3.264e-03	4.402e-08	29	841
92		47791.77	5.335e-06	3.612e-03	4.005e-08	29	841
93		48292.29	5.333e-06	5.093e-03	3.983e-08	29	841
94		48780.70	5.332e-06	5.093e-03	3.831e-08	29	841
95		49272.45	5.332e-06	5.089e-03	3.557e-08	29	841
96		49764.68	5.331e-06	4.873e-03	2.905e-08	29	841
97		50281.40	5.331e-06	3.271e-03	2.508e-08	29	841
98		50776.31	5.331e-06	2.373e-03	2.071e-08	29	841
99		51295.10	5.331e-06	9.476e-04	2.015e-08	29	841
100		51798.06	5.331e-06	1.484e-03	1.917e-08	29	841
101		52300.40	5.330e-06	4.522e-03	1.581e-08	29	841
102		52793.83	5.330e-06	2.656e-03	1.370e-08	29	841
103		53279.84	5.330e-06	2.898e-03	1.230e-08	29	841
104		53769.92	5.330e-06	2.052e-03	9.848e-09	29	841
105		54265.11	5.330e-06	4.442e-03	8.633e-09	29	841
106		54758.70	5.330e-06	5.093e-03	6.029e-09	29	841
107		55264.88	5.330e-06	4.388e-03	5.349e-09	29	841
108		55781.88	5.330e-06	5.093e-03	3.853e-09	29	841
109		56290.88	5.330e-06	5.093e-03	2.880e-09	29	841
110		56806.69	5.329e-06	5.080e-03	2.789e-09	29	841
111		57328.90	5.329e-06	5.091e-03	2.093e-09	29	841
112		57851.04	5.329e-06	5.093e-03	2.006e-09	29	841
113		58383.30	5.329e-06	4.656e-03	1.890e-09	29	841
114		58904.76	5.329e-06	5.033e-03	1.929e-09	29	841
115		59469.41	5.329e-06	5.093e-03	1.825e-09	29	841
116		60039.55	5.329e-06	5.093e-03	1.670e-09	29	841
A	 = 2.41e+12,
C0	 = 1.0,0.0,
Cpa	 = 1114.96083912,440.887779518,
Cpb	 = 0.0855539659409,1.00394122442,
E	 = 1.82e+05,
Hp	 = 102452.575562,
K	 = 38288.4453994,100000000.0,
Value	 = 5.32879660768e-06,
Xi	 = 0.733808674985,
eps	 = 0.989299940151,0.94,
ka	 = 0.313419464155,0.0363391558271,
kb	 = 8.9752159968e-05,0.000383380680272,
n	 = 1.01678263763,
nO2	 = 0.0,
rho	 = 1683.0,1235.0,
Results saved to C:\projects\materialOptimizationNIJ\E_Glass_linear_tga_M\E_Glass_linear_tga_M/E_Glass_linear_tga_M_solution.txt
