C:\Users\Fyang\Workspace\optimization\optimizationPaper\config\multiReactionCharring\2Reactions\1mass\../../../../results/multiReactionCharring/2Reactions/charLinear2Reac1Mass Log file
!!python/object/apply:collections.defaultdict
args:
- &id001 !!python/name:builtins.bool ''
dictitems:
  Duraboard:
    CprampF:
    - 1.0
    - 1.0
    CprampT:
    - 0
    - 5000
    eps: 0.8
    krampF:
    - 0.075932
    - 0.090229
    - 0.104522
    - 0.122143
    - 0.14158
    - 0.163436
    - 0.190738
    - 0.221975
    krampT:
    - 203.035
    - 317.4028
    - 426.9164
    - 536.4182
    - 647.3003
    - 757.4803
    - 867.6409
    - 981.2546
    rho: 258
    thickness: 0.0254
  XiState:
  - unknown
  - unknown
  assumeVolumeConservation: false
  cone:
    Tinit: 25
    activePhaseVars:
    - C0
    - rho
    - ka
    - kb
    - kc
    - kd
    - ke
    - Cpa
    - Cpb
    - Cpc
    - Cpd
    - Cpe
    - eps
    - K
    activeReactionVars:
    - A
    - E
    - n
    - Hp
    - nO2
    - Xi
    - qIgn
    backBoundaryConditions:
      Tamb: 25
      htc: Auto
      type: INSULATED
    frontBoundaryConditions:
      Tamb: 25
      htc: Auto
    ignition:
      allowIgnition: false
      criticalMassFlux: 0.0032
      ignitionCriteria: critical mass flux
      ignitionHeatFlux: 20
      ignitionTime: 30
      optimizedHeatFlux: false
    weight: 1.0
  cone1: !!python/object/apply:collections.defaultdict
    args:
    - *id001
    dictitems:
      Tinit: 25
      activePhaseVars:
      - C0
      - rho
      - ka
      - kb
      - kc
      - kd
      - ke
      - Cpa
      - Cpb
      - Cpc
      - Cpd
      - Cpe
      - eps
      - K
      activeReactionVars:
      - A
      - E
      - n
      - Hp
      - nO2
      - Xi
      backBoundaryConditions: !!python/object/apply:collections.defaultdict
        args:
        - *id001
        dictitems:
          Tamb: 25
          htc: Auto
          type: INSULATED
      columns:
      - 1
      depths:
      - 0
      file: ../../../../data/multiReactionCharring/multiReactionCharringLinearNominal_0_cone_Mass.csv
      finalThickness: false
      frontBoundaryConditions: !!python/object/apply:collections.defaultdict
        args:
        - *id001
        dictitems:
          Tamb: 25
          heatFlux: 25
          htc: 15
      ignition: !!python/object/apply:collections.defaultdict
        args:
        - *id001
        dictitems:
          allowIgnition: false
          criticalMassFlux: 0.0032
          ignitionCriteria: critical mass flux
          ignitionHeatFlux: 20
          ignitionTime: 30
          optimizedHeatFlux: false
          timeToIgnition: false
      initialThickness: 0.008
      names:
      - Mass
      time: 0
      types:
      - 1
      weight: 1.0
      weights:
      - 1
      width1: 0.1016
      width2: 0.1016
  configDir: C:\Users\Fyang\Workspace\optimization\optimizationPaper\config\multiReactionCharring\2Reactions\1mass\
  dataSources:
    names:
    - cone1
    types:
    - cone
  dsc:
    activePhaseVars:
    - C0
    - Cpa
    - Cpb
    - Cpc
    - Cpd
    - Cpe
    activeReactionVars:
    - A
    - E
    - n
    - Hp
    - Xi
    dscO2: None
    weight: 1.0
  fdsPath: C:\Program Files\FDS\FDS6\bin
  keepTemporaryFiles: false
  name: charLinear2Reac1Mass
  optimizeParams:
    absErr: 1e-7
    absRelErr: 1e-7
    elimThresh: 1e-2
    maxIter: 200
    maxTime: 600000
    minIter: 5
    minP: 21
    opAlpha: 41
    opBeta: 1
    opP: 21
    opQ: 21
    opS: 41
    relErr: 1e-12
    relIter: 15
  outputParams:
    saveAllSamples: false
  phaseParams:
    C0:
    - - 1
      - 0
      - 1
    - - 0
      - 1189
      - 1189
    Cpa:
    - - None
      - 270
      - 4320
    - - None
      - 260.25
      - 4164
    Cpb:
    - - None
      - 0.0113
      - 0.1808
    - - None
      - 0.06475
      - 1.036
    Cpc:
    - - 0.0
      - 0.0
      - 0.0
    - - 0.0
      - 0.0
      - 0.0
    Cpd:
    - - 0.0
      - 0.0
      - 0.0
    - - 0.0
      - 0.0
      - 0.0
    Cpe:
    - &id002
      - 0
      - 0
      - 1
    - *id002
    K:
    - - None
      - 2500
      - 40000
    - - 1e8
      - 1189
      - 1189
    eps:
    - - None
      - 0.235
      - 1.0
    - - 0.94
      - 0.235
      - 1.0
    ka:
    - - None
      - 0.078
      - 1.248
    - - None
      - 0.023725
      - 0.3796
    kb:
    - - None
      - 1.1013e-05
      - 0.0001762
    - - None
      - 7.075e-05
      - 0.001132
    kc:
    - - 0.0
      - 0.0
      - 0.0
    - - 0.0
      - 0.0
      - 0.0
    kd:
    - - 0.0
      - 0.0
      - 0.0
    - - 0.0
      - 0.0
      - 0.0
    ke:
    - &id003
      - 0
      - 0
      - 1
    - *id003
    nO2:
    - - 0
      - 0
      - 1
    - - 0
      - 1189
      - 1189
    phases:
    - virgin
    - char
    rho:
    - - 1683
      - 1189
      - 1189
    - - 1235
      - 1189
      - 1189
  processParams:
    maxProcesses: 4
    multiprocess: true
  reactionParams:
    A:
    - - None
      - 5.86e11
      - 9.376e12
    - - None
      - 1.875e13
      - 3e14
    E:
    - - None
      - 4.525e4
      - 7.24e5
    - - None
      - 4.825e4
      - 7.72e5
    Hp:
    - - None
      - 2.5e4
      - 4e5
    - - None
      - 5e4
      - 8e5
    Xi:
    - - None
      - 0.1875
      - 1
    - - None
      - 0.125
      - 1
    n:
    - - None
      - 0.25
      - 4.0
    - - None
      - 0.375
      - 6.0
    nO2:
    - &id004
      - 0
      - 0
      - 1
    - *id004
    prodState:
    - 1
    - 1
    qIgn:
    - &id005
      - None
      - 15
      - 25
    - *id005
    reacState:
    - 0
    - 0
    typeState:
    - 3
    - 3
  reinitializeComplex: false
  restart: false
  resultsDir: ../../../../results/multiReactionCharring/2Reactions/
  systemDir: C:\Users\Fyang\Workspace\optimization\sourceCode\optimizationpython\src
  tga:
    activePhaseVars:
    - C0
    - rho
    activeReactionVars:
    - A
    - E
    - n
    - Xi
    tgaO2: None
    tgaOpt: 1
    weight: 1.0
  thermalPropertyUnits: K
  virtualExperiment: false
Loop	t (s)	Error Min	Error Max	ErrorRel	Comp	Samples
0		187.40	5.087e-04	1.565e-02	1.000e+00	21	861
1		442.89	4.411e-04	1.435e-02	1.000e+00	21	861
2		720.85	4.411e-04	1.063e-02	1.000e+00	21	861
3		1022.89	4.105e-04	1.591e-02	1.000e+00	21	861
4		1340.87	3.554e-04	1.419e-02	1.000e+00	21	861
5		1664.80	3.062e-04	1.260e-02	1.000e+00	21	861
6		1970.29	3.062e-04	1.448e-02	1.000e+00	21	861
7		2308.99	2.100e-04	1.347e-02	1.000e+00	21	861
8		2636.42	2.100e-04	1.383e-02	1.000e+00	21	861
9		2981.15	1.855e-04	1.383e-02	1.000e+00	21	861
10		3310.30	1.690e-04	1.004e-02	1.000e+00	21	861
11		3645.55	5.288e-05	8.631e-03	1.000e+00	21	861
12		3989.75	5.288e-05	9.246e-03	1.000e+00	21	861
13		4319.69	5.288e-05	8.631e-03	1.000e+00	21	861
14		4640.81	5.288e-05	8.631e-03	1.000e+00	21	861
15		4952.82	5.288e-05	8.631e-03	1.000e+00	21	861
16		5239.04	4.933e-05	8.631e-03	3.917e-04	21	861
17		5544.78	4.489e-05	8.631e-03	3.962e-04	21	861
18		5877.67	3.889e-05	8.631e-03	3.717e-04	21	861
19		6201.41	3.346e-05	5.811e-03	3.220e-04	21	861
20		6506.61	3.178e-05	8.175e-03	2.744e-04	21	861
21		6771.17	2.315e-05	8.631e-03	2.830e-04	21	861
22		6998.15	1.737e-05	8.631e-03	1.927e-04	21	861
23		7251.52	1.421e-05	3.271e-03	1.958e-04	21	861
24		7537.92	1.291e-05	1.792e-03	1.726e-04	21	861
25		7809.15	1.253e-05	9.314e-04	1.565e-04	21	861
26		8134.19	1.246e-05	4.592e-04	4.043e-05	21	861
27		8463.61	1.208e-05	2.389e-04	4.081e-05	21	861
28		8787.75	1.198e-05	2.389e-04	4.090e-05	21	861
29		9083.84	1.175e-05	6.093e-05	4.113e-05	21	861
30		9325.92	1.139e-05	1.857e-05	4.149e-05	21	861
31		9535.09	1.062e-05	1.773e-05	3.871e-05	21	861
32		9778.12	1.022e-05	1.773e-05	3.467e-05	21	861
33		10038.80	9.841e-06	1.201e-05	2.905e-05	21	861
34		10321.66	9.617e-06	1.151e-05	2.384e-05	21	861
35		10605.06	9.350e-06	1.078e-05	2.243e-05	21	861
36		10879.62	8.726e-06	1.060e-05	1.443e-05	21	861
37		11139.33	8.281e-06	1.035e-05	9.087e-06	21	861
38		11418.78	7.376e-06	1.024e-05	6.832e-06	21	861
39		11687.30	6.655e-06	1.006e-05	6.253e-06	21	861
40		11968.25	6.135e-06	9.220e-06	6.391e-06	21	861
41		12249.98	5.537e-06	9.067e-06	6.921e-06	21	861
42		12525.52	5.227e-06	7.703e-06	6.850e-06	21	861
43		12797.28	4.999e-06	7.550e-06	6.980e-06	21	861
44		13091.18	4.692e-06	7.538e-06	7.060e-06	21	861
45		13368.35	4.273e-06	6.357e-06	7.119e-06	21	861
46		13630.32	3.981e-06	5.744e-06	6.636e-06	21	861
47		13913.07	3.791e-06	5.531e-06	6.429e-06	21	861
48		14199.10	3.492e-06	4.978e-06	6.349e-06	21	861
49		14483.23	3.332e-06	4.978e-06	6.285e-06	21	861
50		14733.69	2.913e-06	4.531e-06	6.437e-06	21	861
51		14969.29	2.578e-06	4.472e-06	6.148e-06	21	861
52		15203.74	2.486e-06	3.967e-06	5.795e-06	21	861
53		15427.46	2.328e-06	3.556e-06	5.048e-06	21	861
54		15669.04	2.328e-06	3.556e-06	4.327e-06	21	861
55		15923.12	2.328e-06	2.961e-06	3.807e-06	21	861
56		16172.84	2.299e-06	2.626e-06	3.238e-06	21	861
57		16401.59	2.282e-06	2.597e-06	2.945e-06	21	861
58		16624.44	2.270e-06	2.526e-06	2.729e-06	21	861
59		16852.59	2.252e-06	2.373e-06	2.440e-06	21	861
60		17083.38	2.213e-06	2.364e-06	2.060e-06	21	861
61		17330.61	2.197e-06	2.312e-06	1.784e-06	21	861
62		17527.42	2.065e-06	2.308e-06	1.726e-06	21	861
63		17729.98	1.870e-06	2.282e-06	1.623e-06	21	861
64		17979.81	1.676e-06	2.232e-06	1.656e-06	21	861
65		18234.19	1.542e-06	2.145e-06	1.371e-06	21	861
66		18503.95	1.289e-06	1.985e-06	1.289e-06	21	861
67		18773.84	1.254e-06	1.985e-06	1.232e-06	21	861
68		19021.28	1.101e-06	1.890e-06	1.227e-06	21	861
69		19280.40	1.059e-06	1.744e-06	1.269e-06	21	861
70		19567.26	1.051e-06	1.639e-06	1.277e-06	21	861
71		19864.07	1.042e-06	1.312e-06	1.258e-06	21	861
72		20166.25	1.022e-06	1.258e-06	1.260e-06	21	861
73		20467.26	1.016e-06	1.250e-06	1.254e-06	21	861
74		20748.13	1.009e-06	1.241e-06	1.244e-06	21	861
75		20987.89	9.852e-07	1.241e-06	1.227e-06	21	861
76		21233.96	9.679e-07	8.631e-03	1.229e-06	21	861
77		21479.75	9.474e-07	8.631e-03	1.118e-06	21	861
78		21709.66	9.317e-07	8.631e-03	9.380e-07	21	861
79		21933.82	9.139e-07	8.631e-03	7.623e-07	21	861
80		22151.82	8.912e-07	8.437e-03	6.508e-07	21	861
81		22371.73	8.627e-07	8.437e-03	4.261e-07	21	861
82		22603.56	8.444e-07	4.237e-03	4.092e-07	21	861
83		22872.45	8.424e-07	1.060e-03	2.586e-07	21	861
84		23142.71	8.424e-07	1.060e-03	2.171e-07	21	861
85		23398.61	8.404e-07	5.155e-04	2.109e-07	21	861
86		23645.48	8.392e-07	5.155e-04	2.024e-07	21	861
87		23894.15	8.384e-07	8.631e-03	1.834e-07	21	861
88		24141.53	8.370e-07	8.625e-03	1.785e-07	21	861
89		24376.08	8.354e-07	6.766e-03	1.732e-07	21	861
90		24609.81	8.301e-07	8.631e-03	1.551e-07	21	861
91		24842.93	8.281e-07	7.198e-03	1.398e-07	21	861
92		25069.98	8.253e-07	1.474e-03	1.221e-07	21	861
93		25289.38	8.232e-07	6.571e-04	1.085e-07	21	861
94		25514.00	8.185e-07	1.698e-04	9.541e-08	21	861
95		25755.80	8.175e-07	4.367e-05	7.374e-08	21	861
96		26057.44	8.168e-07	1.195e-05	4.589e-08	21	861
97		26348.63	8.162e-07	6.747e-06	2.816e-08	21	861
98		26593.71	8.156e-07	2.760e-06	2.671e-08	21	861
99		26890.28	8.154e-07	9.167e-07	2.693e-08	21	861
100		27182.85	8.148e-07	8.631e-03	2.559e-08	21	861
101		27441.12	8.143e-07	8.631e-03	2.488e-08	21	861
102		27694.49	8.132e-07	8.491e-03	2.522e-08	21	861
103		27963.78	8.126e-07	2.892e-03	2.437e-08	21	861
104		28243.80	8.121e-07	8.631e-03	2.333e-08	21	861
105		28523.12	8.120e-07	8.631e-03	1.816e-08	21	861
106		28764.31	8.112e-07	8.631e-03	1.685e-08	21	861
107		28997.68	8.108e-07	8.631e-03	1.446e-08	21	861
108		29240.71	8.108e-07	8.631e-03	1.237e-08	21	861
109		29499.80	8.106e-07	8.631e-03	7.828e-09	21	861
110		29771.40	8.105e-07	9.818e-03	7.021e-09	21	861
111		29996.59	8.099e-07	9.818e-03	6.933e-09	21	861
112		30214.78	8.092e-07	9.818e-03	7.073e-09	21	861
113		30433.23	8.089e-07	8.631e-03	6.729e-09	21	861
114		30661.86	8.088e-07	8.631e-03	6.580e-09	21	861
115		30893.93	8.087e-07	8.631e-03	6.112e-09	21	861
116		31125.06	8.086e-07	8.631e-03	5.772e-09	21	861
117		31352.31	8.085e-07	8.631e-03	4.707e-09	21	861
118		31578.49	8.083e-07	1.277e-02	4.308e-09	21	861
119		31818.98	8.083e-07	1.181e-02	3.825e-09	21	861
120		32065.38	8.083e-07	1.025e-02	3.722e-09	21	861
121		32295.44	8.081e-07	1.025e-02	3.139e-09	21	861
122		32526.79	8.080e-07	8.631e-03	2.841e-09	21	861
123		32760.24	8.078e-07	8.631e-03	3.031e-09	21	861
124		33010.80	8.076e-07	8.631e-03	3.049e-09	21	861
125		33284.19	8.074e-07	8.631e-03	3.050e-09	21	861
126		33585.76	8.073e-07	1.522e-02	2.556e-09	21	861
127		33869.18	8.073e-07	1.522e-02	1.880e-09	21	861
128		34123.93	8.072e-07	1.522e-02	1.732e-09	21	861
129		34390.11	8.071e-07	1.522e-02	1.779e-09	21	861
130		34641.75	8.068e-07	8.631e-03	1.939e-09	21	861
131		34887.52	8.059e-07	8.631e-03	2.704e-09	21	861
132		35137.41	8.054e-07	8.631e-03	3.080e-09	21	861
133		35429.98	8.052e-07	8.631e-03	3.108e-09	21	861
134		35673.36	8.043e-07	8.631e-03	3.940e-09	21	861
135		35902.92	8.019e-07	8.631e-03	6.339e-09	21	861
136		36140.10	8.001e-07	8.631e-03	7.983e-09	21	861
137		36402.21	7.983e-07	8.176e-03	9.713e-09	21	861
138		36672.82	7.975e-07	2.634e-03	1.025e-08	21	861
139		36945.41	7.967e-07	8.660e-04	1.092e-08	21	861
140		37193.62	7.948e-07	2.977e-04	1.260e-08	21	861
141		37445.31	7.921e-07	1.051e-04	1.521e-08	21	861
142		37709.80	7.898e-07	6.368e-05	1.745e-08	21	861
143		37949.09	7.861e-07	4.986e-05	2.111e-08	21	861
144		38212.91	7.835e-07	2.427e-05	2.356e-08	21	861
145		38497.42	7.803e-07	4.394e-06	2.651e-08	21	861
146		38782.20	7.783e-07	1.398e-06	2.761e-08	21	861
147		39069.39	7.763e-07	1.059e-06	2.916e-08	21	861
148		39355.20	7.750e-07	7.967e-07	3.020e-08	21	861
149		39623.27	7.724e-07	8.631e-03	3.190e-08	21	861
150		39883.22	7.701e-07	8.629e-03	3.185e-08	21	861
151		40148.21	7.683e-07	8.631e-03	3.179e-08	21	861
152		40410.55	7.665e-07	8.631e-03	3.177e-08	21	861
153		40672.78	7.636e-07	7.760e-03	3.395e-08	21	861
154		40950.33	7.613e-07	1.873e-03	3.532e-08	21	861
155		41212.64	7.597e-07	8.631e-03	3.513e-08	21	861
156		41474.07	7.568e-07	4.491e-03	3.531e-08	21	861
157		41740.87	7.543e-07	2.143e-03	3.554e-08	21	861
158		42012.19	7.534e-07	6.376e-05	3.270e-08	21	861
159		42282.47	7.512e-07	3.002e-05	3.233e-08	21	861
160		42552.65	7.497e-07	8.631e-03	3.054e-08	21	861
161		42819.86	7.470e-07	3.852e-03	3.124e-08	21	861
162		43082.90	7.447e-07	1.803e-03	3.156e-08	21	861
163		43336.35	7.410e-07	8.683e-04	3.395e-08	21	861
164		43597.99	7.384e-07	1.054e-04	3.403e-08	21	861
165		43868.52	7.366e-07	1.052e-04	3.344e-08	21	861
166		44140.64	7.324e-07	5.289e-05	3.585e-08	21	861
167		44403.09	7.283e-07	6.931e-06	3.822e-08	21	861
168		44659.61	7.254e-07	6.931e-06	3.818e-08	21	861
169		44940.19	7.235e-07	8.631e-03	3.781e-08	21	861
170		45223.47	7.216e-07	1.693e-03	3.811e-08	21	861
171		45502.90	7.194e-07	4.727e-04	3.742e-08	21	861
172		45776.60	7.183e-07	3.238e-05	3.605e-08	21	861
173		46034.84	7.165e-07	3.238e-05	3.690e-08	21	861
174		46290.99	7.155e-07	1.701e-05	3.563e-08	21	861
175		46544.15	7.147e-07	8.017e-06	3.502e-08	21	861
176		46786.69	7.140e-07	8.017e-06	3.306e-08	21	861
177		47018.40	7.125e-07	4.037e-06	3.220e-08	21	861
178		47259.10	7.114e-07	1.241e-06	2.967e-08	21	861
179		47555.62	7.108e-07	8.631e-03	2.758e-08	21	861
180		47860.57	7.102e-07	8.631e-03	2.640e-08	21	861
181		48152.36	7.095e-07	8.631e-03	2.298e-08	21	861
182		48408.75	7.082e-07	8.631e-03	2.009e-08	21	861
183		48650.00	7.068e-07	8.631e-03	1.858e-08	21	861
184		48892.18	7.050e-07	8.631e-03	1.849e-08	21	861
185		49124.84	7.028e-07	7.789e-03	1.877e-08	21	861
186		49382.52	6.988e-07	7.789e-03	2.060e-08	21	861
187		49654.83	6.962e-07	2.372e-03	2.204e-08	21	861
188		49805.74	6.949e-07	1.109e-03	2.160e-08	21	861
189		49933.40	6.911e-07	5.346e-04	2.448e-08	21	861
190		50051.60	6.890e-07	1.302e-04	2.574e-08	21	861
191		50182.09	6.872e-07	1.302e-04	2.676e-08	21	861
192		50318.06	6.869e-07	3.211e-05	2.564e-08	21	861
193		50448.85	6.851e-07	3.211e-05	2.629e-08	21	861
194		50568.46	6.832e-07	8.004e-06	2.761e-08	21	861
195		50687.74	6.815e-07	2.127e-06	2.876e-08	21	861
196		50810.12	6.795e-07	2.083e-06	2.999e-08	21	861
197		50930.49	6.772e-07	8.362e-07	3.096e-08	21	861
198		51052.04	6.726e-07	6.874e-07	3.425e-08	21	861
199		51170.92	6.648e-07	6.874e-07	4.023e-08	21	861
A	 = 4.71e+12,4.58e+13,
C0	 = 1.0,0.0,
Cpa	 = 1209.5632731025744,1088.4656434686467,
Cpb	 = 0.07046636552206019,0.0734344312820931,
E	 = 1.76e+05,2.06e+05,
Hp	 = 169073.51132048445,532915.7915587295,
K	 = 29509.822723785408,100000000.0,
Value	 = 6.64797382927625e-07,
Xi	 = 0.5834673986435914,0.4627258823251137,
eps	 = 0.9992670296175534,0.94,
ka	 = 0.34327551949623136,0.21117526288512678,
kb	 = 7.993607779992586e-05,8.319672305008853e-05,
n	 = 1.2474747731138707,3.2412919120663632,
nO2	 = 0.0,0.0,
qIgn	 = 21.10336561403913,22.41241255889915,
rho	 = 1683.0,1235.0,
Results saved to C:\Users\Fyang\Workspace\optimization\optimizationPaper\config\multiReactionCharring\2Reactions\1mass\../../../../results/multiReactionCharring/2Reactions/charLinear2Reac1Mass_solution.txt
