C:\Users\Fyang\Workspace\optimization\optimizationPaper\config\multiReactionCharring\2massTGA\../../../results/multiReactionCharring/2Reactions/CharLinear2Reac2MassTGA Log file
!!python/object/apply:collections.defaultdict
args:
- &id001 !!python/name:builtins.bool ''
dictitems:
  Duraboard:
    CprampF:
    - 1.0
    - 1.0
    CprampT:
    - 0
    - 5000
    eps: 0.8
    krampF:
    - 0.075932
    - 0.090229
    - 0.104522
    - 0.122143
    - 0.14158
    - 0.163436
    - 0.190738
    - 0.221975
    krampT:
    - 203.035
    - 317.4028
    - 426.9164
    - 536.4182
    - 647.3003
    - 757.4803
    - 867.6409
    - 981.2546
    rho: 258
    thickness: 0.0254
  XiState:
  - unknown
  - unknown
  assumeVolumeConservation: false
  cone:
    Tinit: 25
    activePhaseVars:
    - C0
    - rho
    - ka
    - kb
    - kc
    - kd
    - ke
    - Cpa
    - Cpb
    - Cpc
    - Cpd
    - Cpe
    - eps
    - K
    activeReactionVars:
    - A
    - E
    - n
    - Hp
    - nO2
    - Xi
    allowIgnition: false
    backBoundaryConditions:
      Tamb: 25
      htc: Auto
      type: INSULATED
    frontBoundaryConditions:
      Tamb: 25
      htc: Auto
    ignitionHeatFlux: 20
    ignitionThreshold: 0.0032
    weight: 1.0
  cone1: !!python/object/apply:collections.defaultdict
    args:
    - *id001
    dictitems:
      Tinit: 25
      activePhaseVars:
      - C0
      - rho
      - ka
      - kb
      - kc
      - kd
      - ke
      - Cpa
      - Cpb
      - Cpc
      - Cpd
      - Cpe
      - eps
      - K
      activeReactionVars:
      - A
      - E
      - n
      - Hp
      - nO2
      - Xi
      backBoundaryConditions: !!python/object/apply:collections.defaultdict
        args:
        - *id001
        dictitems:
          Tamb: 25
          htc: Auto
          type: INSULATED
      columns:
      - 1
      depths:
      - 0
      file: ../../../data/multiReactionCharring/multiReactionCharringLinearNominal_0_cone_Mass.csv
      finalThickness: false
      frontBoundaryConditions: !!python/object/apply:collections.defaultdict
        args:
        - *id001
        dictitems:
          Tamb: 25
          heatFlux: 25
          htc: 15
      ignitionHeatFlux: 20.0
      ignitionThreshold: 0.0032
      initialThickness: 0.008
      names:
      - Mass
      time: 0
      types:
      - 1
      weight: 1.0
      weights:
      - 1
      width1: 0.1016
      width2: 0.1016
  cone2: !!python/object/apply:collections.defaultdict
    args:
    - *id001
    dictitems:
      Tinit: 25
      activePhaseVars:
      - C0
      - rho
      - ka
      - kb
      - kc
      - kd
      - ke
      - Cpa
      - Cpb
      - Cpc
      - Cpd
      - Cpe
      - eps
      - K
      activeReactionVars:
      - A
      - E
      - n
      - Hp
      - nO2
      - Xi
      backBoundaryConditions: !!python/object/apply:collections.defaultdict
        args:
        - *id001
        dictitems:
          Tamb: 25
          htc: Auto
          type: INSULATED
      columns:
      - 1
      depths:
      - 0
      file: ../../../data/multiReactionCharring/multiReacCharLinearNominal50KW_0_cone_Mass.csv
      finalThickness: 0.0063100001
      frontBoundaryConditions: !!python/object/apply:collections.defaultdict
        args:
        - *id001
        dictitems:
          Tamb: 25
          heatFlux: 50
          htc: 15
      ignitionHeatFlux: 20.0
      ignitionThreshold: 0.0032
      initialThickness: 0.008
      names:
      - Mass
      time: 0
      types:
      - 1
      weight: 1.0
      weights:
      - 1
      width1: 0.1016
      width2: 0.1016
  configDir: C:\Users\Fyang\Workspace\optimization\optimizationPaper\config\multiReactionCharring\2massTGA\
  dataSources:
    names:
    - cone1
    - cone2
    types:
    - cone
    - cone
  dsc:
    activePhaseVars:
    - C0
    - Cpa
    - Cpb
    - Cpc
    - Cpd
    - Cpe
    activeReactionVars:
    - A
    - E
    - n
    - Hp
    dscO2: None
    weight: 1.0
  fdsPath: C:\Program Files\FDS\FDS6\bin
  keepTemporaryFiles: false
  name: CharLinear2Reac2MassTGA
  optimizeParams:
    absErr: 1e-7
    absRelErr: 1e-7
    elimThresh: 1e-2
    maxIter: 200
    maxTime: 600000
    minIter: 5
    minP: 21
    opAlpha: 41
    opBeta: 1
    opP: 21
    opQ: 21
    opS: 41
    relErr: 1e-12
    relIter: 15
  outputParams:
    saveAllSamples: false
  phaseParams:
    C0:
    - - 1
      - 0
      - 1
    - - 0
      - 1189
      - 1189
    Cpa:
    - - None
      - 270
      - 4320
    - - None
      - 260.25
      - 4164
    Cpb:
    - - None
      - 0.0113
      - 0.1808
    - - None
      - 0.06475
      - 1.036
    Cpc:
    - - 0.0
      - 0.0
      - 0.0
    - - 0.0
      - 0.0
      - 0.0
    Cpd:
    - - 0.0
      - 0.0
      - 0.0
    - - 0.0
      - 0.0
      - 0.0
    Cpe:
    - &id002
      - 0
      - 0
      - 1
    - *id002
    K:
    - - None
      - 2500
      - 40000
    - - 1e8
      - 1189
      - 1189
    eps:
    - - None
      - 0.235
      - 1.0
    - - 0.94
      - 0.235
      - 1.0
    ka:
    - - None
      - 0.078
      - 1.248
    - - None
      - 0.023725
      - 0.3796
    kb:
    - - None
      - 1.1013e-05
      - 0.0001762
    - - None
      - 7.075e-05
      - 0.001132
    kc:
    - - 0.0
      - 0.0
      - 0.0
    - - 0.0
      - 0.0
      - 0.0
    kd:
    - - 0.0
      - 0.0
      - 0.0
    - - 0.0
      - 0.0
      - 0.0
    ke:
    - &id003
      - 0
      - 0
      - 1
    - *id003
    nO2:
    - - 0
      - 0
      - 1
    - - 0
      - 1189
      - 1189
    phases:
    - virgin
    - char
    rho:
    - - 1683
      - 1189
      - 1189
    - - 1235
      - 1189
      - 1189
  processParams:
    maxProcesses: 8
    multiprocess: true
  reactionParams:
    A:
    - - None
      - 2.106e12
      - 2.574e12
    - - None
      - 6.75e13
      - 8.25e13
    E:
    - - None
      - 1.629e5
      - 1.991e5
    - - None
      - 1.737e5
      - 2.123e5
    Hp:
    - - None
      - 2.5e4
      - 4e5
    - - None
      - 5e4
      - 8e5
    Xi:
    - - None
      - 0.675
      - 0.825
    - - None
      - 0.45
      - 0.55
    n:
    - - None
      - 0.9
      - 1.1
    - - None
      - 1.35
      - 1.65
    nO2:
    - &id004
      - 0
      - 0
      - 1
    - *id004
    prodState:
    - 1
    - 1
    reacState:
    - 0
    - 0
    typeState:
    - 3
    - 3
  reinitializeComplex: false
  restart: false
  resultsDir: ../../../results/multiReactionCharring/2Reactions/
  systemDir: C:\Users\Fyang\Workspace\optimization\sourceCode\optimizationpython\src
  tga:
    activePhaseVars:
    - C0
    - rho
    activeReactionVars:
    - A
    - E
    - n
    tgaO2: None
    tgaOpt: 1
    weight: 1.0
  thermalPropertyUnits: K
  virtualExperiment: false
Loop	t (s)	Error Min	Error Max	ErrorRel	Comp	Samples
0		173.32	1.273e-03	1.730e-01	1.000e+00	21	861
1		355.09	1.101e-03	1.730e-01	1.000e+00	21	861
2		537.13	1.101e-03	1.730e-01	1.000e+00	21	861
3		716.79	7.790e-04	1.730e-01	1.000e+00	21	861
4		900.51	4.050e-04	1.730e-01	1.000e+00	21	861
5		1098.08	2.682e-04	4.058e-02	1.000e+00	21	861
6		1304.43	2.100e-04	6.512e-02	1.000e+00	21	861
7		1508.14	1.403e-04	6.070e-02	1.000e+00	21	861
8		1715.18	7.436e-05	4.954e-02	1.000e+00	21	861
9		1924.24	7.436e-05	4.890e-02	1.000e+00	21	861
10		2138.47	6.722e-05	1.609e-01	1.000e+00	21	861
11		2340.61	5.637e-05	1.723e-01	1.000e+00	21	861
12		2550.56	5.079e-05	1.492e-01	1.000e+00	21	861
13		2755.78	5.065e-05	1.038e-01	1.000e+00	21	861
14		2967.02	4.873e-05	1.647e-01	1.000e+00	21	861
15		3170.23	4.664e-05	1.152e-01	1.000e+00	21	861
16		3374.48	4.434e-05	1.152e-01	1.056e-03	21	861
17		3578.36	4.211e-05	1.299e-01	1.058e-03	21	861
18		3785.97	3.984e-05	1.633e-01	7.392e-04	21	861
19		3997.32	3.893e-05	1.666e-01	3.661e-04	21	861
20		4208.16	3.837e-05	1.682e-01	2.298e-04	21	861
21		4420.32	3.644e-05	1.643e-01	1.735e-04	21	861
22		4634.35	3.431e-05	1.262e-01	1.060e-04	21	861
23		4849.51	3.362e-05	1.214e-01	4.074e-05	21	861
24		5065.06	3.220e-05	1.332e-01	4.216e-05	21	861
25		5280.32	3.207e-05	1.131e-01	3.514e-05	21	861
26		5496.06	3.112e-05	1.535e-01	2.525e-05	21	861
27		5704.69	3.112e-05	1.518e-01	1.967e-05	21	861
28		5925.92	3.090e-05	1.518e-01	1.974e-05	21	861
29		6142.27	3.090e-05	1.316e-01	1.783e-05	21	861
30		6359.43	3.090e-05	1.149e-01	1.573e-05	21	861
31		6575.98	3.043e-05	1.615e-01	1.391e-05	21	861
32		6791.78	2.971e-05	1.474e-01	1.240e-05	21	861
33		7012.42	2.971e-05	1.524e-01	1.013e-05	21	861
34		7232.10	2.925e-05	1.524e-01	9.682e-06	21	861
35		7454.62	2.925e-05	1.004e-01	9.125e-06	21	861
36		7681.28	2.925e-05	1.528e-01	7.195e-06	21	861
37		7899.39	2.925e-05	1.528e-01	5.063e-06	21	861
38		8122.36	2.925e-05	1.528e-01	4.375e-06	21	861
39		8339.37	2.917e-05	1.608e-01	3.033e-06	21	861
40		8560.47	2.904e-05	1.636e-01	3.032e-06	21	861
41		8780.44	2.904e-05	1.248e-01	2.084e-06	21	861
42		9000.63	2.902e-05	1.693e-01	2.105e-06	21	861
43		9220.81	2.902e-05	1.532e-01	1.883e-06	21	861
44		9444.96	2.901e-05	1.532e-01	1.892e-06	21	861
45		9666.39	2.901e-05	1.474e-01	1.892e-06	21	861
46		9885.24	2.901e-05	1.700e-01	1.420e-06	21	861
47		10106.51	2.901e-05	1.675e-01	7.016e-07	21	861
48		10319.48	2.900e-05	1.515e-01	7.138e-07	21	861
49		10536.06	2.900e-05	1.558e-01	2.517e-07	21	861
50		10754.60	2.898e-05	1.781e-01	2.661e-07	21	861
51		10973.78	2.898e-05	1.490e-01	2.661e-07	21	861
52		11193.22	2.898e-05	1.610e-01	2.661e-07	21	861
53		11412.18	2.898e-05	8.773e-02	2.728e-07	21	861
54		11627.61	2.898e-05	1.247e-01	1.893e-07	21	861
55		11842.95	2.898e-05	1.275e-01	6.291e-08	21	861
56		12067.04	2.898e-05	1.602e-01	6.291e-08	21	861
57		12281.02	2.898e-05	1.602e-01	4.256e-08	21	861
58		12498.77	2.898e-05	1.249e-01	4.256e-08	21	861
59		12716.93	2.898e-05	1.450e-01	3.334e-08	21	861
60		12928.93	2.898e-05	1.388e-01	3.334e-08	21	861
61		13143.10	2.893e-05	1.246e-01	8.095e-08	21	861
62		13355.61	2.893e-05	1.386e-01	8.095e-08	21	861
63		13567.63	2.893e-05	1.489e-01	6.875e-08	21	861
64		13779.56	2.884e-05	1.489e-01	1.580e-07	21	861
65		13998.19	2.884e-05	1.731e-01	1.435e-07	21	861
66		14213.53	2.884e-05	1.208e-01	1.435e-07	21	861
67		14424.57	2.884e-05	1.319e-01	1.435e-07	21	861
68		14639.58	2.884e-05	1.213e-01	1.368e-07	21	861
69		14859.43	2.884e-05	1.297e-01	1.368e-07	21	861
70		15079.98	2.884e-05	1.632e-01	1.368e-07	21	861
71		15302.45	2.884e-05	1.721e-01	1.368e-07	21	861
72		15520.07	2.884e-05	1.667e-01	1.368e-07	21	861
73		15744.37	2.884e-05	1.366e-01	1.368e-07	21	861
74		15964.03	2.884e-05	1.629e-01	1.368e-07	21	861
75		16193.03	2.884e-05	1.275e-01	1.368e-07	21	861
76		16411.96	2.884e-05	1.727e-01	8.923e-08	21	861
77		16637.06	2.884e-05	1.591e-01	8.923e-08	21	861
78		16858.16	2.884e-05	1.591e-01	8.923e-08	21	861
79		17078.56	2.884e-05	1.488e-01	0.000e+00	21	861
80		17299.59	2.884e-05	1.556e-01	0.000e+00	21	861
81		17518.25	2.884e-05	1.547e-01	0.000e+00	21	861
82		17733.70	2.884e-05	1.469e-01	0.000e+00	21	861
83		17951.90	2.884e-05	1.778e-01	0.000e+00	21	861
84		18171.26	2.884e-05	1.732e-01	0.000e+00	21	861
85		18392.14	2.884e-05	1.672e-01	0.000e+00	21	861
86		18617.11	2.884e-05	1.025e-01	0.000e+00	21	861
87		18836.43	2.884e-05	1.460e-01	0.000e+00	21	861
88		19053.34	2.884e-05	1.651e-01	0.000e+00	21	861
89		19271.89	2.884e-05	1.640e-01	0.000e+00	21	861
90		19485.01	2.884e-05	1.393e-01	0.000e+00	21	861
91		19708.93	2.884e-05	1.756e-01	0.000e+00	21	861
92		19933.60	2.884e-05	1.756e-01	0.000e+00	21	861
93		20154.80	2.884e-05	1.721e-01	0.000e+00	21	861
94		20379.31	2.884e-05	1.267e-01	0.000e+00	21	861
95		20597.35	2.884e-05	1.455e-01	0.000e+00	21	861
96		20814.24	2.884e-05	1.673e-01	0.000e+00	21	861
97		21035.34	2.884e-05	1.698e-01	0.000e+00	21	861
98		21251.63	2.884e-05	1.572e-01	0.000e+00	21	861
99		21470.34	2.884e-05	1.737e-01	0.000e+00	21	861
100		21691.80	2.884e-05	1.540e-01	0.000e+00	21	861
101		21909.15	2.884e-05	1.373e-01	0.000e+00	21	861
102		22124.49	2.884e-05	1.336e-01	0.000e+00	21	861
103		22343.44	2.884e-05	1.736e-01	0.000e+00	21	861
104		22563.40	2.884e-05	1.736e-01	0.000e+00	21	861
105		22787.56	2.884e-05	1.467e-01	0.000e+00	21	861
106		23011.31	2.884e-05	1.537e-01	0.000e+00	21	861
107		23230.80	2.884e-05	1.653e-01	0.000e+00	21	861
108		23453.96	2.884e-05	1.205e-01	0.000e+00	21	861
109		23672.55	2.884e-05	1.266e-01	0.000e+00	21	861
110		23889.38	2.884e-05	1.266e-01	0.000e+00	21	861
111		24112.90	2.884e-05	1.753e-01	0.000e+00	21	861
112		24332.10	2.884e-05	1.705e-01	0.000e+00	21	861
113		24548.36	2.884e-05	1.729e-01	0.000e+00	21	861
114		24769.52	2.884e-05	1.464e-01	0.000e+00	21	861
115		24985.77	2.884e-05	1.381e-01	0.000e+00	21	861
116		25204.60	2.884e-05	1.279e-01	0.000e+00	21	861
117		25424.47	2.884e-05	1.558e-01	0.000e+00	21	861
118		25639.83	2.884e-05	1.556e-01	0.000e+00	21	861
119		25858.14	2.884e-05	1.696e-01	0.000e+00	21	861
120		26074.69	2.884e-05	1.331e-01	0.000e+00	21	861
121		26292.52	2.884e-05	1.499e-01	0.000e+00	21	861
122		26509.17	2.884e-05	1.313e-01	0.000e+00	21	861
123		26717.74	2.884e-05	1.760e-01	0.000e+00	21	861
124		26935.92	2.884e-05	1.539e-01	0.000e+00	21	861
125		27153.19	2.884e-05	1.481e-01	0.000e+00	21	861
126		27367.83	2.884e-05	1.607e-01	0.000e+00	21	861
127		27585.70	2.884e-05	1.579e-01	0.000e+00	21	861
128		27799.87	2.884e-05	1.543e-01	0.000e+00	21	861
129		28018.82	2.884e-05	1.727e-01	0.000e+00	21	861
130		28231.15	2.884e-05	1.727e-01	0.000e+00	21	861
131		28442.37	2.884e-05	1.421e-01	0.000e+00	21	861
132		28654.29	2.884e-05	9.998e-02	0.000e+00	21	861
133		28869.06	2.884e-05	1.323e-01	0.000e+00	21	861
134		29082.40	2.884e-05	1.562e-01	0.000e+00	21	861
135		29298.94	2.884e-05	1.286e-01	0.000e+00	21	861
136		29513.54	2.884e-05	1.769e-01	0.000e+00	21	861
137		29725.70	2.884e-05	1.527e-01	0.000e+00	21	861
138		29939.52	2.884e-05	1.527e-01	0.000e+00	21	861
139		30154.06	2.884e-05	1.634e-01	0.000e+00	21	861
140		30367.12	2.884e-05	1.524e-01	0.000e+00	21	861
141		30585.54	2.884e-05	1.526e-01	0.000e+00	21	861
142		30802.29	2.884e-05	1.598e-01	0.000e+00	21	861
143		31018.47	2.884e-05	1.488e-01	0.000e+00	21	861
144		31238.88	2.884e-05	1.152e-01	0.000e+00	21	861
145		31454.31	2.884e-05	1.511e-01	0.000e+00	21	861
146		31671.42	2.884e-05	1.598e-01	0.000e+00	21	861
147		31889.19	2.884e-05	1.359e-01	0.000e+00	21	861
148		32106.19	2.884e-05	1.249e-01	0.000e+00	21	861
149		32332.54	2.884e-05	1.736e-01	0.000e+00	21	861
150		32556.66	2.884e-05	1.736e-01	0.000e+00	21	861
151		32775.08	2.884e-05	1.604e-01	0.000e+00	21	861
152		32994.48	2.884e-05	1.596e-01	0.000e+00	21	861
153		33214.20	2.884e-05	1.707e-01	0.000e+00	21	861
154		33434.46	2.884e-05	1.597e-01	0.000e+00	21	861
155		33649.68	2.884e-05	1.629e-01	0.000e+00	21	861
156		33867.90	2.884e-05	1.324e-01	0.000e+00	21	861
157		34091.84	2.884e-05	1.655e-01	0.000e+00	21	861
158		34309.55	2.884e-05	1.338e-01	0.000e+00	21	861
159		34531.39	2.884e-05	1.281e-01	0.000e+00	21	861
160		34749.54	2.884e-05	1.172e-01	0.000e+00	21	861
161		34968.53	2.884e-05	1.433e-01	0.000e+00	21	861
162		35197.60	2.884e-05	1.721e-01	0.000e+00	21	861
163		35409.19	2.884e-05	1.305e-01	0.000e+00	21	861
164		35622.45	2.884e-05	1.707e-01	0.000e+00	21	861
165		35836.34	2.884e-05	1.305e-01	0.000e+00	21	861
166		36052.87	2.884e-05	1.706e-01	0.000e+00	21	861
167		36270.06	2.884e-05	1.220e-01	0.000e+00	21	861
168		36486.84	2.884e-05	1.265e-01	0.000e+00	21	861
169		36702.94	2.884e-05	1.620e-01	0.000e+00	21	861
170		36925.96	2.884e-05	1.353e-01	0.000e+00	21	861
171		37141.51	2.884e-05	1.311e-01	0.000e+00	21	861
172		37363.25	2.884e-05	1.140e-01	0.000e+00	21	861
173		37579.89	2.884e-05	1.724e-01	0.000e+00	21	861
174		37795.61	2.884e-05	1.496e-01	0.000e+00	21	861
175		38009.89	2.884e-05	1.346e-01	0.000e+00	21	861
176		38232.53	2.884e-05	1.441e-01	0.000e+00	21	861
177		38447.93	2.884e-05	1.442e-01	0.000e+00	21	861
178		38667.98	2.884e-05	1.619e-01	0.000e+00	21	861
179		38890.13	2.884e-05	1.682e-01	0.000e+00	21	861
180		39113.92	2.884e-05	1.520e-01	0.000e+00	21	861
181		39337.81	2.884e-05	1.717e-01	0.000e+00	21	861
182		39555.31	2.884e-05	1.800e-01	0.000e+00	21	861
183		39773.33	2.884e-05	1.561e-01	0.000e+00	21	861
184		39986.42	2.884e-05	1.778e-01	0.000e+00	21	861
185		40204.11	2.884e-05	1.280e-01	0.000e+00	21	861
186		40427.30	2.884e-05	1.834e-01	0.000e+00	21	861
187		40647.69	2.884e-05	1.408e-01	0.000e+00	21	861
188		40870.07	2.884e-05	1.414e-01	0.000e+00	21	861
189		41090.99	2.884e-05	8.781e-02	0.000e+00	21	861
190		41310.19	2.884e-05	1.571e-01	0.000e+00	21	861
191		41530.55	2.884e-05	1.338e-01	0.000e+00	21	861
192		41748.72	2.884e-05	1.004e-01	0.000e+00	21	861
193		41965.62	2.884e-05	1.649e-01	0.000e+00	21	861
194		42189.28	2.884e-05	1.649e-01	0.000e+00	21	861
195		42414.93	2.884e-05	1.649e-01	0.000e+00	21	861
196		42635.78	2.884e-05	1.624e-01	0.000e+00	21	861
197		42853.18	2.884e-05	1.325e-01	0.000e+00	21	861
198		43074.46	2.884e-05	1.247e-01	0.000e+00	21	861
199		43296.53	2.884e-05	1.128e-01	0.000e+00	21	861
A	 = 2.34e+12,7.42e+13,
C0	 = 1.0,0.0,
Cpa	 = 1125.3690761671442,2041.8702207658264,
Cpb	 = 0.11138111583706342,0.5866377804583482,
E	 = 1.78e+05,1.89e+05,
Hp	 = 237945.86434115737,178233.029267329,
K	 = 23390.991901978938,100000000.0,
Value	 = 2.883961345989175e-05,
Xi	 = 0.7470491103318281,0.5135459068817781,
eps	 = 0.9374188871706074,0.94,
ka	 = 0.30787049133350175,0.1375080919357705,
kb	 = 7.371397553773611e-05,0.0004907457715763938,
n	 = 1.0297003671921412,1.4971990936607058,
nO2	 = 0.0,0.0,
rho	 = 1683.0,1235.0,
Results saved to C:\Users\Fyang\Workspace\optimization\optimizationPaper\config\multiReactionCharring\2massTGA\../../../results/multiReactionCharring/2Reactions/CharLinear2Reac2MassTGA_solution.txt
