C:\Users\Fyang\Workspace\optimization\optimizationPaper\config\multiReactionCharring\2Reactions\1mass_TGA_DSC\../../../../results/multiReactionCharring/2Reactions/charLinear2ReacTGADSC Log file
!!python/object/apply:collections.defaultdict
args:
- &id001 !!python/name:builtins.bool ''
dictitems:
  Duraboard:
    CprampF:
    - 1.0
    - 1.0
    CprampT:
    - 0
    - 5000
    eps: 0.8
    krampF:
    - 0.075932
    - 0.090229
    - 0.104522
    - 0.122143
    - 0.14158
    - 0.163436
    - 0.190738
    - 0.221975
    krampT:
    - 203.035
    - 317.4028
    - 426.9164
    - 536.4182
    - 647.3003
    - 757.4803
    - 867.6409
    - 981.2546
    rho: 258
    thickness: 0.0254
  XiState:
  - unknown
  - unknown
  assumeVolumeConservation: false
  cone:
    Tinit: 25
    activePhaseVars:
    - C0
    - rho
    - ka
    - kb
    - kc
    - kd
    - ke
    - Cpa
    - Cpb
    - Cpc
    - Cpd
    - Cpe
    - eps
    - K
    activeReactionVars:
    - A
    - E
    - n
    - Hp
    - nO2
    - Xi
    allowIgnition: false
    backBoundaryConditions:
      Tamb: 25
      htc: Auto
      type: INSULATED
    frontBoundaryConditions:
      Tamb: 25
      htc: Auto
    ignitionHeatFlux: 20
    ignitionThreshold: 0.0032
    weight: 1.0
  cone1: !!python/object/apply:collections.defaultdict
    args:
    - *id001
    dictitems:
      Tinit: 25
      activePhaseVars:
      - C0
      - rho
      - ka
      - kb
      - kc
      - kd
      - ke
      - Cpa
      - Cpb
      - Cpc
      - Cpd
      - Cpe
      - eps
      - K
      activeReactionVars:
      - A
      - E
      - n
      - Hp
      - nO2
      - Xi
      backBoundaryConditions: !!python/object/apply:collections.defaultdict
        args:
        - *id001
        dictitems:
          Tamb: 25
          htc: Auto
          type: INSULATED
      columns:
      - 1
      depths:
      - 0
      file: ../../../../data/multiReactionCharring/charLinear2ReacNominal25kW_0_cone_Mass.csv
      finalThickness: false
      frontBoundaryConditions: !!python/object/apply:collections.defaultdict
        args:
        - *id001
        dictitems:
          Tamb: 25
          heatFlux: 25
          htc: 15
      ignitionHeatFlux: 20.0
      ignitionThreshold: 0.0032
      initialThickness: 0.008
      names:
      - Mass
      time: 0
      types:
      - 1
      weight: 1.0
      weights:
      - 1
      width1: 0.1016
      width2: 0.1016
  configDir: C:\Users\Fyang\Workspace\optimization\optimizationPaper\config\multiReactionCharring\2Reactions\1mass_TGA_DSC\
  dataSources:
    names:
    - cone1
    types:
    - cone
  dsc:
    activePhaseVars:
    - C0
    - Cpa
    - Cpb
    - Cpc
    - Cpd
    - Cpe
    activeReactionVars:
    - A
    - E
    - n
    - Hp
    dscO2: None
    weight: 1.0
  fdsPath: C:\Program Files\FDS\FDS6\bin
  keepTemporaryFiles: false
  name: charLinear2ReacTGADSC
  optimizeParams:
    absErr: 1e-7
    absRelErr: 1e-7
    elimThresh: 1e-2
    maxIter: 200
    maxTime: 600000
    minIter: 5
    minP: 21
    opAlpha: 41
    opBeta: 1
    opP: 21
    opQ: 21
    opS: 41
    relErr: 1e-12
    relIter: 15
  outputParams:
    saveAllSamples: false
  phaseParams:
    C0:
    - - 1
      - 0
      - 1
    - - 0
      - 1189
      - 1189
    Cpa:
    - - None
      - 972
      - 1188
    - - None
      - 260.25
      - 4164
    Cpb:
    - - None
      - 0.04068
      - 0.04972
    - - None
      - 0.06475
      - 1.036
    Cpc:
    - - 0.0
      - 0.0
      - 0.0
    - - 0.0
      - 0.0
      - 0.0
    Cpd:
    - - 0.0
      - 0.0
      - 0.0
    - - 0.0
      - 0.0
      - 0.0
    Cpe:
    - &id002
      - 0
      - 0
      - 1
    - *id002
    K:
    - - None
      - 2500
      - 40000
    - - 1e8
      - 1189
      - 1189
    eps:
    - - None
      - 0.235
      - 1.0
    - - 0.94
      - 0.235
      - 1.0
    ka:
    - - None
      - 0.078
      - 1.248
    - - None
      - 0.023725
      - 0.3796
    kb:
    - - None
      - 1.1013e-05
      - 0.0001762
    - - None
      - 7.075e-05
      - 0.001132
    kc:
    - - 0.0
      - 0.0
      - 0.0
    - - 0.0
      - 0.0
      - 0.0
    kd:
    - - 0.0
      - 0.0
      - 0.0
    - - 0.0
      - 0.0
      - 0.0
    ke:
    - &id003
      - 0
      - 0
      - 1
    - *id003
    nO2:
    - - 0
      - 0
      - 1
    - - 0
      - 1189
      - 1189
    phases:
    - virgin
    - char
    rho:
    - - 1683
      - 1189
      - 1189
    - - 1235
      - 1189
      - 1189
  processParams:
    maxProcesses: 4
    multiprocess: true
  reactionParams:
    A:
    - - None
      - 2.106e12
      - 2.574e12
    - - None
      - 6.75e13
      - 8.25e13
    E:
    - - None
      - 1.629e5
      - 1.991e5
    - - None
      - 1.737e5
      - 2.123e5
    Hp:
    - - None
      - 2.5e4
      - 4e5
    - - None
      - 5e4
      - 8e5
    Xi:
    - - None
      - 0.675
      - 0.825
    - - None
      - 0.45
      - 0.55
    n:
    - - None
      - 0.9
      - 1.1
    - - None
      - 1.35
      - 1.65
    nO2:
    - &id004
      - 0
      - 0
      - 1
    - *id004
    prodState:
    - 1
    - 1
    reacState:
    - 0
    - 0
    typeState:
    - 3
    - 3
  reinitializeComplex: false
  restart: false
  resultsDir: ../../../../results/multiReactionCharring/2Reactions/
  systemDir: C:\Users\Fyang\Workspace\optimization\sourceCode\optimizationpython\src
  tga:
    activePhaseVars:
    - C0
    - rho
    activeReactionVars:
    - A
    - E
    - n
    tgaO2: None
    tgaOpt: 1
    weight: 1.0
  thermalPropertyUnits: K
  virtualExperiment: false
Loop	t (s)	Error Min	Error Max	ErrorRel	Comp	Samples
0		151.35	3.407e-04	8.631e-03	1.000e+00	21	861
1		325.60	3.131e-04	8.631e-03	1.000e+00	21	861
2		518.82	1.859e-04	8.628e-03	1.000e+00	21	861
3		728.12	9.312e-05	3.907e-03	1.000e+00	21	861
4		952.19	9.312e-05	3.907e-03	1.000e+00	21	861
5		1179.68	8.392e-05	1.192e-03	1.000e+00	21	861
6		1411.66	8.392e-05	7.928e-04	1.000e+00	21	861
7		1637.87	8.392e-05	2.285e-03	1.000e+00	21	861
8		1861.82	7.330e-05	2.285e-03	1.000e+00	21	861
9		2081.52	6.713e-05	2.285e-03	1.000e+00	21	861
10		2268.78	4.351e-05	3.358e-04	1.000e+00	21	861
11		2435.49	2.756e-05	1.080e-03	1.000e+00	21	861
12		2657.47	2.484e-05	6.097e-04	1.000e+00	21	861
13		2886.91	2.484e-05	1.963e-04	1.000e+00	21	861
14		3106.51	2.183e-05	1.448e-04	1.000e+00	21	861
15		3317.09	2.031e-05	8.530e-05	1.000e+00	21	861
16		3489.52	1.232e-05	5.441e-05	3.008e-04	21	861
17		3674.72	8.640e-06	2.873e-05	1.772e-04	21	861
18		3880.73	7.481e-06	2.834e-05	8.563e-05	21	861
19		4102.20	7.481e-06	2.834e-05	8.563e-05	21	861
20		4338.12	7.216e-06	2.198e-05	7.670e-05	21	861
21		4577.57	7.038e-06	1.638e-05	7.688e-05	21	861
22		4806.56	6.991e-06	1.638e-05	7.693e-05	21	861
23		5031.32	6.893e-06	9.768e-06	6.641e-05	21	861
24		5227.21	6.761e-06	9.635e-06	6.037e-05	21	861
25		5386.88	6.444e-06	8.400e-06	3.707e-05	21	861
26		5550.26	5.945e-06	7.526e-06	2.162e-05	21	861
27		5739.56	5.499e-06	7.102e-06	1.934e-05	21	861
28		5925.48	5.130e-06	6.885e-06	1.971e-05	21	861
29		6111.52	4.363e-06	6.617e-06	1.747e-05	21	861
30		6307.31	4.246e-06	6.373e-06	1.607e-05	21	861
31		6522.92	3.942e-06	6.373e-06	8.379e-06	21	861
32		6746.88	3.788e-06	6.173e-06	4.852e-06	21	861
33		6970.24	3.704e-06	6.173e-06	3.777e-06	21	861
34		7201.66	3.665e-06	7.974e-03	3.816e-06	21	861
35		7434.58	3.643e-06	4.231e-03	3.572e-06	21	861
36		7674.29	3.596e-06	4.231e-03	3.442e-06	21	861
37		7894.69	3.565e-06	4.578e-03	3.426e-06	21	861
38		8107.69	3.510e-06	2.400e-03	3.383e-06	21	861
39		8309.68	3.341e-06	2.400e-03	3.419e-06	21	861
40		8466.03	2.800e-06	2.004e-03	3.644e-06	21	861
41		8645.84	2.570e-06	1.672e-03	3.375e-06	21	861
42		8839.78	2.504e-06	2.317e-04	2.995e-06	21	861
43		9045.19	2.341e-06	3.373e-05	2.789e-06	21	861
44		9234.49	2.241e-06	1.699e-05	2.122e-06	21	861
45		9408.34	2.089e-06	1.699e-05	2.156e-06	21	861
46		9610.07	2.023e-06	4.776e-06	1.919e-06	21	861
47		9812.76	1.967e-06	2.645e-06	1.821e-06	21	861
48		9995.64	1.826e-06	2.255e-06	1.878e-06	21	861
49		10173.84	1.630e-06	2.255e-06	2.035e-06	21	861
50		10335.70	1.444e-06	2.232e-06	2.200e-06	21	861
51		10519.87	1.273e-06	2.031e-06	2.324e-06	21	861
52		10707.77	1.119e-06	1.869e-06	2.446e-06	21	861
53		10905.88	1.079e-06	1.811e-06	2.431e-06	21	861
54		11103.39	9.984e-07	1.696e-06	2.343e-06	21	861
55		11287.42	9.186e-07	1.345e-06	1.882e-06	21	861
56		11464.56	8.548e-07	1.343e-06	1.715e-06	21	861
57		11645.70	8.459e-07	1.292e-06	1.658e-06	21	861
58		11830.39	8.376e-07	1.142e-06	1.503e-06	21	861
59		12003.64	8.250e-07	1.006e-06	1.416e-06	21	861
60		12170.33	8.150e-07	1.006e-06	1.274e-06	21	861
61		12340.80	7.937e-07	8.632e-07	1.230e-06	21	861
62		12506.87	7.781e-07	8.580e-07	1.189e-06	21	861
63		12688.43	7.630e-07	8.491e-07	1.063e-06	21	861
64		12870.04	7.261e-07	8.355e-07	9.034e-07	21	861
65		13037.54	7.076e-07	8.242e-07	7.362e-07	21	861
66		13211.74	7.025e-07	8.242e-07	5.701e-07	21	861
67		13430.85	6.977e-07	7.534e-07	4.217e-07	21	861
68		13635.96	6.944e-07	7.429e-07	3.845e-07	21	861
69		13831.62	6.942e-07	7.338e-07	3.042e-07	21	861
70		14040.02	6.933e-07	7.140e-07	2.252e-07	21	861
71		14238.24	6.914e-07	7.133e-07	1.634e-07	21	861
72		14404.04	6.879e-07	7.049e-07	1.579e-07	21	861
73		14560.79	6.811e-07	6.983e-07	1.565e-07	21	861
74		14714.74	6.651e-07	6.966e-07	1.599e-07	21	861
75		14886.95	6.548e-07	6.911e-07	1.602e-07	21	861
76		15058.84	6.446e-07	7.913e-03	1.491e-07	21	861
77		15224.50	6.394e-07	3.204e-03	1.387e-07	21	861
78		15402.64	6.343e-07	3.204e-03	1.287e-07	21	861
79		15561.59	6.260e-07	3.662e-04	1.001e-07	21	861
80		15719.68	6.201e-07	1.568e-04	8.753e-08	21	861
81		15877.42	6.103e-07	4.511e-05	9.214e-08	21	861
82		16053.35	6.050e-07	2.325e-05	9.269e-08	21	861
83		16237.05	5.971e-07	3.988e-06	9.733e-08	21	861
84		16412.29	5.882e-07	3.988e-06	1.060e-07	21	861
85		16595.69	5.799e-07	1.475e-06	1.135e-07	21	861
86		16803.97	5.728e-07	8.661e-07	1.186e-07	21	861
87		17005.32	5.653e-07	5.979e-07	1.226e-07	21	861
88		17174.81	5.545e-07	5.953e-07	1.266e-07	21	861
89		17334.00	5.509e-07	5.891e-07	1.142e-07	21	861
90		17500.20	5.496e-07	5.727e-07	1.051e-07	21	861
91		17661.96	5.483e-07	5.713e-07	9.631e-08	21	861
92		17830.18	5.455e-07	5.713e-07	9.392e-08	21	861
93		17979.84	5.411e-07	5.557e-07	9.318e-08	21	861
94		18132.33	5.386e-07	5.547e-07	8.738e-08	21	861
95		18282.19	5.359e-07	5.531e-07	8.423e-08	21	861
96		18432.78	5.342e-07	5.472e-07	7.610e-08	21	861
97		18592.48	5.330e-07	5.459e-07	7.204e-08	21	861
98		18755.88	5.319e-07	5.425e-07	6.525e-08	21	861
99		18932.71	5.314e-07	5.375e-07	5.681e-08	21	861
100		19090.79	5.293e-07	5.353e-07	5.056e-08	21	861
101		19240.59	5.248e-07	5.345e-07	4.795e-08	21	861
102		19394.51	5.168e-07	5.345e-07	4.847e-08	21	861
103		19564.58	5.114e-07	5.333e-07	4.308e-08	21	861
104		19758.12	5.059e-07	5.313e-07	4.507e-08	21	861
105		19923.45	5.009e-07	5.253e-07	4.878e-08	21	861
106		20096.53	4.982e-07	5.201e-07	5.016e-08	21	861
107		20286.49	4.951e-07	5.167e-07	5.037e-08	21	861
108		20472.24	4.921e-07	5.075e-07	4.900e-08	21	861
109		20645.43	4.882e-07	5.075e-07	5.044e-08	21	861
110		20812.81	4.800e-07	5.029e-07	5.588e-08	21	861
111		20964.65	4.637e-07	5.003e-07	7.055e-08	21	861
112		21127.66	4.441e-07	5.003e-07	8.889e-08	21	861
113		21280.44	4.317e-07	4.942e-07	1.002e-07	21	861
114		21444.23	4.267e-07	4.869e-07	1.046e-07	21	861
115		21608.59	4.239e-07	4.626e-07	1.054e-07	21	861
116		21787.17	4.219e-07	4.594e-07	1.029e-07	21	861
117		21951.11	4.204e-07	4.480e-07	9.640e-08	21	861
118		22122.59	4.193e-07	4.401e-07	9.210e-08	21	861
119		22279.15	4.180e-07	4.401e-07	8.786e-08	21	861
120		22441.35	4.169e-07	4.401e-07	8.391e-08	21	861
121		22595.78	4.154e-07	4.240e-07	8.273e-08	21	861
122		22753.13	4.146e-07	6.685e-03	8.055e-08	21	861
123		22901.38	4.128e-07	1.335e-03	7.931e-08	21	861
124		23055.84	4.103e-07	1.101e-03	7.784e-08	21	861
125		23207.52	4.082e-07	7.102e-04	7.181e-08	21	861
126		23375.20	4.046e-07	2.034e-04	5.907e-08	21	861
127		23522.96	3.998e-07	1.032e-04	4.433e-08	21	861
128		23680.39	3.970e-07	5.197e-05	3.468e-08	21	861
129		23837.85	3.955e-07	1.303e-05	3.117e-08	21	861
130		24016.92	3.955e-07	2.847e-03	2.836e-08	21	861
131		24184.28	3.950e-07	8.481e-03	2.694e-08	21	861
132		24361.64	3.945e-07	8.616e-03	2.593e-08	21	861
133		24521.29	3.937e-07	8.529e-03	2.563e-08	21	861
134		24690.00	3.932e-07	8.631e-03	2.480e-08	21	861
135		24856.20	3.928e-07	8.631e-03	2.414e-08	21	861
136		25031.01	3.923e-07	8.156e-03	2.317e-08	21	861
137		25200.92	3.917e-07	8.595e-03	2.293e-08	21	861
138		25372.63	3.911e-07	7.463e-03	2.164e-08	21	861
139		25545.23	3.906e-07	5.364e-03	1.975e-08	21	861
140		25712.70	3.903e-07	2.829e-03	1.785e-08	21	861
141		25908.89	3.902e-07	6.677e-03	1.444e-08	21	861
142		26101.72	3.900e-07	8.596e-03	9.752e-09	21	861
143		26292.77	3.899e-07	8.618e-03	7.061e-09	21	861
144		26486.88	3.898e-07	8.618e-03	5.758e-09	21	861
145		26673.88	3.897e-07	8.570e-03	5.840e-09	21	861
146		26868.62	3.897e-07	8.629e-03	5.272e-09	21	861
147		27056.21	3.897e-07	8.629e-03	4.808e-09	21	861
148		27247.50	3.897e-07	8.629e-03	4.000e-09	21	861
149		27430.73	3.897e-07	8.629e-03	3.567e-09	21	861
150		27624.69	3.896e-07	8.581e-03	3.178e-09	21	861
151		27818.43	3.896e-07	8.581e-03	2.641e-09	21	861
152		28016.77	3.896e-07	8.592e-03	2.099e-09	21	861
153		28211.29	3.896e-07	8.614e-03	1.574e-09	21	861
154		28396.91	3.896e-07	8.529e-03	1.019e-09	21	861
155		28594.15	3.896e-07	8.149e-03	7.733e-10	21	861
156		28780.44	3.896e-07	8.631e-03	6.021e-10	21	861
157		28974.04	3.896e-07	8.629e-03	4.441e-10	21	861
158		29160.20	3.896e-07	8.629e-03	3.646e-10	21	861
159		29353.17	3.895e-07	8.454e-03	2.452e-10	21	861
160		29540.76	3.895e-07	8.559e-03	1.873e-10	21	861
161		29737.17	3.895e-07	8.617e-03	1.873e-10	21	861
162		29927.55	3.895e-07	8.618e-03	1.873e-10	21	861
163		30116.00	3.895e-07	8.627e-03	1.531e-10	21	861
164		30299.60	3.895e-07	8.627e-03	1.315e-10	21	861
165		30494.23	3.895e-07	8.601e-03	1.387e-10	21	861
166		30685.24	3.895e-07	8.625e-03	1.391e-10	21	861
167		30878.93	3.895e-07	7.609e-03	7.514e-11	21	861
168		31068.52	3.895e-07	8.627e-03	7.514e-11	21	861
169		31258.43	3.895e-07	8.620e-03	1.045e-10	21	861
170		31446.11	3.895e-07	8.606e-03	1.045e-10	21	861
171		31626.47	3.895e-07	8.619e-03	1.045e-10	21	861
172		31818.67	3.894e-07	8.508e-03	1.147e-10	21	861
173		32001.44	3.894e-07	8.544e-03	1.147e-10	21	861
174		32194.96	3.894e-07	8.465e-03	1.008e-10	21	861
175		32377.29	3.894e-07	8.629e-03	1.082e-10	21	861
176		32566.82	3.894e-07	7.934e-03	1.082e-10	21	861
177		32752.53	3.894e-07	8.631e-03	1.082e-10	21	861
178		32940.53	3.894e-07	8.631e-03	1.082e-10	21	861
179		33118.58	3.894e-07	8.162e-03	1.260e-10	21	861
180		33308.03	3.894e-07	8.605e-03	9.513e-11	21	861
181		33487.58	3.894e-07	8.628e-03	9.321e-11	21	861
182		33675.98	3.894e-07	8.564e-03	9.321e-11	21	861
183		33857.88	3.894e-07	8.510e-03	9.321e-11	21	861
184		34045.26	3.894e-07	8.403e-03	6.380e-11	21	861
185		34229.51	3.894e-07	8.609e-03	6.380e-11	21	861
186		34421.92	3.894e-07	8.623e-03	6.380e-11	21	861
187		34609.04	3.894e-07	8.630e-03	4.885e-11	21	861
188		34796.31	3.894e-07	8.623e-03	4.885e-11	21	861
189		34982.95	3.894e-07	8.621e-03	4.885e-11	21	861
190		35169.62	3.894e-07	8.499e-03	1.782e-11	21	861
191		35358.96	3.894e-07	8.499e-03	1.782e-11	21	861
192		35538.44	3.894e-07	8.590e-03	1.782e-11	21	861
193		35727.10	3.894e-07	8.624e-03	1.782e-11	21	861
194		35901.74	3.894e-07	8.630e-03	0.000e+00	21	861
195		36090.03	3.894e-07	8.630e-03	0.000e+00	21	861
196		36274.12	3.894e-07	8.435e-03	0.000e+00	21	861
197		36475.32	3.894e-07	8.533e-03	0.000e+00	21	861
198		36654.63	3.894e-07	8.630e-03	0.000e+00	21	861
199		36838.51	3.894e-07	8.613e-03	0.000e+00	21	861
A	 = 2.57e+12,7.66e+13,
C0	 = 1.0,0.0,
Cpa	 = 1172.599229076397,878.804361544545,
Cpb	 = 0.04962168817110422,1.034807692105491,
E	 = 1.78e+05,1.88e+05,
Hp	 = 113536.03122101226,211441.69543396932,
K	 = 39983.595564421514,100000000.0,
Value	 = 3.893947244869437e-07,
Xi	 = 0.7321449106837268,0.5214479142490842,
eps	 = 0.9323068929352949,0.94,
ka	 = 0.26727313053237917,0.11913139462367454,
kb	 = 0.0001761927356238994,0.0002719227540579017,
n	 = 1.0090933062273542,1.4415055191512254,
nO2	 = 0.0,0.0,
rho	 = 1683.0,1235.0,
Results saved to C:\Users\Fyang\Workspace\optimization\optimizationPaper\config\multiReactionCharring\2Reactions\1mass_TGA_DSC\../../../../results/multiReactionCharring/2Reactions/charLinear2ReacTGADSC_solution.txt
