C:\Users\Fyang\Workspace\optimization\optimizationPaper\config\multiReactionCharring\2Reactions\3mass\../../../../results/multiReactionCharring/2Reactions/charLinear2Reac3Mass Log file
!!python/object/apply:collections.defaultdict
args:
- &id001 !!python/name:builtins.bool ''
dictitems:
  Duraboard:
    CprampF:
    - 1.0
    - 1.0
    CprampT:
    - 0
    - 5000
    eps: 0.8
    krampF:
    - 0.075932
    - 0.090229
    - 0.104522
    - 0.122143
    - 0.14158
    - 0.163436
    - 0.190738
    - 0.221975
    krampT:
    - 203.035
    - 317.4028
    - 426.9164
    - 536.4182
    - 647.3003
    - 757.4803
    - 867.6409
    - 981.2546
    rho: 258
    thickness: 0.0254
  XiState:
  - unknown
  - unknown
  assumeVolumeConservation: false
  cone:
    Tinit: 25
    activePhaseVars:
    - C0
    - rho
    - ka
    - kb
    - kc
    - kd
    - ke
    - Cpa
    - Cpb
    - Cpc
    - Cpd
    - Cpe
    - eps
    - K
    activeReactionVars:
    - A
    - E
    - n
    - Hp
    - nO2
    - Xi
    allowIgnition: false
    backBoundaryConditions:
      Tamb: 25
      htc: Auto
      type: INSULATED
    frontBoundaryConditions:
      Tamb: 25
      htc: Auto
    ignitionHeatFlux: 20
    ignitionThreshold: 0.0032
    weight: 1.0
  cone1: !!python/object/apply:collections.defaultdict
    args:
    - *id001
    dictitems:
      Tinit: 25
      activePhaseVars:
      - C0
      - rho
      - ka
      - kb
      - kc
      - kd
      - ke
      - Cpa
      - Cpb
      - Cpc
      - Cpd
      - Cpe
      - eps
      - K
      activeReactionVars:
      - A
      - E
      - n
      - Hp
      - nO2
      - Xi
      backBoundaryConditions: !!python/object/apply:collections.defaultdict
        args:
        - *id001
        dictitems:
          Tamb: 25
          htc: Auto
          type: INSULATED
      columns:
      - 1
      depths:
      - 0
      file: ../../../../data/multiReactionCharring/multiReactionCharringLinearNominal_0_cone_Mass.csv
      finalThickness: false
      frontBoundaryConditions: !!python/object/apply:collections.defaultdict
        args:
        - *id001
        dictitems:
          Tamb: 25
          heatFlux: 25
          htc: 15
      ignitionHeatFlux: 20.0
      ignitionThreshold: 0.0032
      initialThickness: 0.008
      names:
      - Mass
      time: 0
      types:
      - 1
      weight: 1.0
      weights:
      - 1
      width1: 0.1016
      width2: 0.1016
  cone2: !!python/object/apply:collections.defaultdict
    args:
    - *id001
    dictitems:
      Tinit: 25
      activePhaseVars:
      - C0
      - rho
      - ka
      - kb
      - kc
      - kd
      - ke
      - Cpa
      - Cpb
      - Cpc
      - Cpd
      - Cpe
      - eps
      - K
      activeReactionVars:
      - A
      - E
      - n
      - Hp
      - nO2
      - Xi
      backBoundaryConditions: !!python/object/apply:collections.defaultdict
        args:
        - *id001
        dictitems:
          Tamb: 25
          htc: Auto
          type: INSULATED
      columns:
      - 1
      depths:
      - 0
      file: ../../../../data/multiReactionCharring/multiReacCharLinearNominal50KW_0_cone_Mass.csv
      finalThickness: false
      frontBoundaryConditions: !!python/object/apply:collections.defaultdict
        args:
        - *id001
        dictitems:
          Tamb: 25
          heatFlux: 50
          htc: 15
      ignitionHeatFlux: 20.0
      ignitionThreshold: 0.0032
      initialThickness: 0.008
      names:
      - Mass
      time: 0
      types:
      - 1
      weight: 1.0
      weights:
      - 1
      width1: 0.1016
      width2: 0.1016
  cone3: !!python/object/apply:collections.defaultdict
    args:
    - *id001
    dictitems:
      Tinit: 25
      activePhaseVars:
      - C0
      - rho
      - ka
      - kb
      - kc
      - kd
      - ke
      - Cpa
      - Cpb
      - Cpc
      - Cpd
      - Cpe
      - eps
      - K
      activeReactionVars:
      - A
      - E
      - n
      - Hp
      - nO2
      - Xi
      backBoundaryConditions: !!python/object/apply:collections.defaultdict
        args:
        - *id001
        dictitems:
          Tamb: 25
          htc: Auto
          type: INSULATED
      columns:
      - 1
      depths:
      - 0
      file: ../../../../data/multiReactionCharring/multiReacCharLinearNominal75KW_0_cone_Mass.csv
      finalThickness: false
      frontBoundaryConditions: !!python/object/apply:collections.defaultdict
        args:
        - *id001
        dictitems:
          Tamb: 25
          heatFlux: 75
          htc: 15
      ignitionHeatFlux: 20.0
      ignitionThreshold: 0.0032
      initialThickness: 0.008
      names:
      - Mass
      time: 0
      types:
      - 1
      weight: 1.0
      weights:
      - 1
      width1: 0.1016
      width2: 0.1016
  configDir: C:\Users\Fyang\Workspace\optimization\optimizationPaper\config\multiReactionCharring\2Reactions\3mass\
  dataSources:
    names:
    - cone1
    - cone2
    - cone3
    types:
    - cone
    - cone
    - cone
  dsc:
    activePhaseVars:
    - C0
    - Cpa
    - Cpb
    - Cpc
    - Cpd
    - Cpe
    activeReactionVars:
    - A
    - E
    - n
    - Hp
    dscO2: None
    weight: 1.0
  fdsPath: C:\Program Files\FDS\FDS6\bin
  keepTemporaryFiles: false
  name: charLinear2Reac3Mass
  optimizeParams:
    absErr: 1e-7
    absRelErr: 1e-7
    elimThresh: 1e-2
    maxIter: 200
    maxTime: 600000
    minIter: 5
    minP: 21
    opAlpha: 41
    opBeta: 1
    opP: 21
    opQ: 21
    opS: 41
    relErr: 1e-12
    relIter: 15
  outputParams:
    saveAllSamples: false
  phaseParams:
    C0:
    - - 1
      - 0
      - 1
    - - 0
      - 1189
      - 1189
    Cpa:
    - - None
      - 270
      - 4320
    - - None
      - 260.25
      - 4164
    Cpb:
    - - None
      - 0.0113
      - 0.1808
    - - None
      - 0.06475
      - 1.036
    Cpc:
    - - 0.0
      - 0.0
      - 0.0
    - - 0.0
      - 0.0
      - 0.0
    Cpd:
    - - 0.0
      - 0.0
      - 0.0
    - - 0.0
      - 0.0
      - 0.0
    Cpe:
    - &id002
      - 0
      - 0
      - 1
    - *id002
    K:
    - - None
      - 2500
      - 40000
    - - 1e8
      - 1189
      - 1189
    eps:
    - - None
      - 0.235
      - 1.0
    - - 0.94
      - 0.235
      - 1.0
    ka:
    - - None
      - 0.078
      - 1.248
    - - None
      - 0.023725
      - 0.3796
    kb:
    - - None
      - 1.1013e-05
      - 0.0001762
    - - None
      - 7.075e-05
      - 0.001132
    kc:
    - - 0.0
      - 0.0
      - 0.0
    - - 0.0
      - 0.0
      - 0.0
    kd:
    - - 0.0
      - 0.0
      - 0.0
    - - 0.0
      - 0.0
      - 0.0
    ke:
    - &id003
      - 0
      - 0
      - 1
    - *id003
    nO2:
    - - 0
      - 0
      - 1
    - - 0
      - 1189
      - 1189
    phases:
    - virgin
    - char
    rho:
    - - 1683
      - 1189
      - 1189
    - - 1235
      - 1189
      - 1189
  processParams:
    maxProcesses: 4
    multiprocess: true
  reactionParams:
    A:
    - - None
      - 5.86e11
      - 9.376e12
    - - None
      - 1.875e13
      - 3e14
    E:
    - - None
      - 4.525e4
      - 7.24e5
    - - None
      - 4.825e4
      - 7.72e5
    Hp:
    - - None
      - 2.5e4
      - 4e5
    - - None
      - 5e4
      - 8e5
    Xi:
    - - None
      - 0.1875
      - 1
    - - None
      - 0.125
      - 1
    n:
    - - None
      - 0.25
      - 4.0
    - - None
      - 0.375
      - 6.0
    nO2:
    - &id004
      - 0
      - 0
      - 1
    - *id004
    prodState:
    - 1
    - 1
    reacState:
    - 0
    - 0
    typeState:
    - 3
    - 3
  reinitializeComplex: false
  restart: false
  resultsDir: ../../../../results/multiReactionCharring/2Reactions/
  systemDir: C:\Users\Fyang\Workspace\optimization\sourceCode\optimizationpython\src
  tga:
    activePhaseVars:
    - C0
    - rho
    activeReactionVars:
    - A
    - E
    - n
    tgaO2: None
    tgaOpt: 1
    weight: 1.0
  thermalPropertyUnits: K
  virtualExperiment: false
Loop	t (s)	Error Min	Error Max	ErrorRel	Comp	Samples
0		377.37	2.245e-03	5.626e-02	1.000e+00	21	861
1		831.19	1.946e-03	5.626e-02	1.000e+00	21	861
2		1354.12	1.193e-03	5.352e-02	1.000e+00	21	861
3		1872.41	1.193e-03	4.724e-02	1.000e+00	21	861
4		2413.65	1.193e-03	4.701e-02	1.000e+00	21	861
5		2977.31	1.193e-03	4.790e-02	1.000e+00	21	861
6		3557.34	9.245e-04	4.328e-02	1.000e+00	21	861
7		4122.53	9.245e-04	4.159e-02	1.000e+00	21	861
8		4695.75	9.245e-04	3.512e-02	1.000e+00	21	861
9		5271.03	9.245e-04	4.696e-02	1.000e+00	21	861
10		5832.66	8.915e-04	3.512e-02	1.000e+00	21	861
11		6417.68	8.915e-04	3.664e-02	1.000e+00	21	861
12		7029.90	8.661e-04	4.614e-02	1.000e+00	21	861
13		7645.98	8.661e-04	3.817e-02	1.000e+00	21	861
14		8259.16	8.244e-04	4.490e-02	1.000e+00	21	861
15		8889.76	8.068e-04	4.438e-02	1.000e+00	21	861
16		9494.12	7.509e-04	5.153e-02	1.195e-03	21	861
17		10092.13	7.509e-04	4.290e-02	4.418e-04	21	861
18		10698.24	7.509e-04	4.058e-02	4.418e-04	21	861
19		11295.83	6.766e-04	3.512e-02	5.162e-04	21	861
20		11868.39	6.262e-04	3.512e-02	5.666e-04	21	861
21		12370.94	5.341e-04	3.512e-02	3.904e-04	21	861
22		12827.35	4.348e-04	3.507e-02	4.897e-04	21	861
23		13380.71	4.224e-04	3.192e-02	5.021e-04	21	861
24		13956.03	4.049e-04	1.309e-02	5.196e-04	21	861
25		14490.86	3.855e-04	1.063e-02	5.060e-04	21	861
26		14981.04	3.703e-04	8.560e-03	5.212e-04	21	861
27		15413.61	3.247e-04	1.405e-03	5.413e-04	21	861
28		15825.19	2.809e-04	1.405e-03	5.851e-04	21	861
29		16245.22	2.493e-04	6.195e-04	5.751e-04	21	861
30		16705.22	2.276e-04	5.865e-04	5.792e-04	21	861
31		17204.67	2.180e-04	3.768e-04	5.329e-04	21	861
32		17689.10	1.826e-04	3.205e-04	5.683e-04	21	861
33		18093.14	1.624e-04	2.895e-04	5.885e-04	21	861
34		18511.15	1.439e-04	2.624e-04	5.327e-04	21	861
35		18949.20	1.392e-04	2.372e-04	4.870e-04	21	861
36		19404.47	1.335e-04	2.262e-04	4.005e-04	21	861
37		19853.09	1.308e-04	2.235e-04	3.040e-04	21	861
38		20340.22	1.306e-04	2.008e-04	2.918e-04	21	861
39		20862.48	1.295e-04	1.974e-04	2.754e-04	21	861
40		21396.45	1.292e-04	1.535e-04	2.563e-04	21	861
41		21928.88	1.286e-04	1.393e-04	2.417e-04	21	861
42		22447.08	1.283e-04	1.393e-04	1.964e-04	21	861
43		22899.21	1.275e-04	1.346e-04	1.534e-04	21	861
44		23281.71	1.260e-04	1.317e-04	1.233e-04	21	861
45		23672.65	1.225e-04	1.317e-04	1.051e-04	21	861
46		24127.82	1.208e-04	1.285e-04	9.719e-05	21	861
47		24634.77	1.195e-04	1.275e-04	6.304e-05	21	861
48		25125.66	1.194e-04	1.270e-04	4.298e-05	21	861
49		25589.85	1.183e-04	1.231e-04	2.565e-05	21	861
50		26031.78	1.170e-04	1.222e-04	2.222e-05	21	861
