D:\workspace\JENSENHUGHES\optimization\optimizationPaper\config\multiReactionCharring\2Reactions\2mass\../../../../results/multiReactionCharring/2Reactions/charLinear2Reac2Mass Log file
!!python/object/apply:collections.defaultdict
args:
- &id001 !!python/name:builtins.bool ''
dictitems:
  Duraboard:
    CprampF:
    - 1.0
    - 1.0
    CprampT:
    - 0
    - 5000
    eps: 0.8
    krampF:
    - 0.075932
    - 0.090229
    - 0.104522
    - 0.122143
    - 0.14158
    - 0.163436
    - 0.190738
    - 0.221975
    krampT:
    - 203.035
    - 317.4028
    - 426.9164
    - 536.4182
    - 647.3003
    - 757.4803
    - 867.6409
    - 981.2546
    rho: 258
    thickness: 0.0254
  XiState:
  - unknown
  - unknown
  assumeVolumeConservation: false
  cone:
    Tinit: 25
    activePhaseVars:
    - C0
    - rho
    - ka
    - kb
    - kc
    - kd
    - ke
    - Cpa
    - Cpb
    - Cpc
    - Cpd
    - Cpe
    - eps
    - K
    activeReactionVars:
    - A
    - E
    - n
    - Hp
    - nO2
    - Xi
    allowIgnition: false
    backBoundaryConditions:
      Tamb: 25
      htc: Auto
      type: INSULATED
    frontBoundaryConditions:
      Tamb: 25
      htc: Auto
    ignitionHeatFlux: 20
    ignitionThreshold: 0.0032
    weight: 1.0
  cone1: !!python/object/apply:collections.defaultdict
    args:
    - *id001
    dictitems:
      Tinit: 25
      activePhaseVars:
      - C0
      - rho
      - ka
      - kb
      - kc
      - kd
      - ke
      - Cpa
      - Cpb
      - Cpc
      - Cpd
      - Cpe
      - eps
      - K
      activeReactionVars:
      - A
      - E
      - n
      - Hp
      - nO2
      - Xi
      backBoundaryConditions: !!python/object/apply:collections.defaultdict
        args:
        - *id001
        dictitems:
          Tamb: 25
          htc: Auto
          type: INSULATED
      columns:
      - 1
      depths:
      - 0
      file: ../../../../data/multiReactionCharring/multiReactionCharringLinearNominal_0_cone_Mass.csv
      finalThickness: false
      frontBoundaryConditions: !!python/object/apply:collections.defaultdict
        args:
        - *id001
        dictitems:
          Tamb: 25
          heatFlux: 25
          htc: 15
      ignitionHeatFlux: 20.0
      ignitionThreshold: 0.0032
      initialThickness: 0.008
      names:
      - Mass
      time: 0
      types:
      - 1
      weight: 1.0
      weights:
      - 1
      width1: 0.1016
      width2: 0.1016
  cone2: !!python/object/apply:collections.defaultdict
    args:
    - *id001
    dictitems:
      Tinit: 25
      activePhaseVars:
      - C0
      - rho
      - ka
      - kb
      - kc
      - kd
      - ke
      - Cpa
      - Cpb
      - Cpc
      - Cpd
      - Cpe
      - eps
      - K
      activeReactionVars:
      - A
      - E
      - n
      - Hp
      - nO2
      - Xi
      backBoundaryConditions: !!python/object/apply:collections.defaultdict
        args:
        - *id001
        dictitems:
          Tamb: 25
          htc: Auto
          type: INSULATED
      columns:
      - 1
      depths:
      - 0
      file: ../../../../data/multiReactionCharring/multiReacCharLinearNominal50KW_0_cone_Mass.csv
      finalThickness: false
      frontBoundaryConditions: !!python/object/apply:collections.defaultdict
        args:
        - *id001
        dictitems:
          Tamb: 25
          heatFlux: 50
          htc: 15
      ignitionHeatFlux: 20.0
      ignitionThreshold: 0.0032
      initialThickness: 0.008
      names:
      - Mass
      time: 0
      types:
      - 1
      weight: 1.0
      weights:
      - 1
      width1: 0.1016
      width2: 0.1016
  configDir: D:\workspace\JENSENHUGHES\optimization\optimizationPaper\config\multiReactionCharring\2Reactions\2mass\
  dataSources:
    names:
    - cone1
    - cone2
    types:
    - cone
    - cone
  dsc:
    activePhaseVars:
    - C0
    - Cpa
    - Cpb
    - Cpc
    - Cpd
    - Cpe
    activeReactionVars:
    - A
    - E
    - n
    - Hp
    dscO2: None
    weight: 1.0
  fdsPath: C:\Program Files\FDS\FDS6\bin
  keepTemporaryFiles: false
  name: charLinear2Reac2Mass
  optimizeParams:
    absErr: 1e-7
    absRelErr: 1e-7
    elimThresh: 1e-2
    maxIter: 200
    maxTime: 600000
    minIter: 5
    minP: 21
    opAlpha: 41
    opBeta: 1
    opP: 21
    opQ: 21
    opS: 41
    relErr: 1e-12
    relIter: 15
  outputParams:
    saveAllSamples: false
  phaseParams:
    C0:
    - - 1
      - 0
      - 1
    - - 0
      - 1189
      - 1189
    Cpa:
    - - None
      - 270
      - 4320
    - - None
      - 260.25
      - 4164
    Cpb:
    - - None
      - 0.0113
      - 0.1808
    - - None
      - 0.06475
      - 1.036
    Cpc:
    - - 0.0
      - 0.0
      - 0.0
    - - 0.0
      - 0.0
      - 0.0
    Cpd:
    - - 0.0
      - 0.0
      - 0.0
    - - 0.0
      - 0.0
      - 0.0
    Cpe:
    - &id002
      - 0
      - 0
      - 1
    - *id002
    K:
    - - None
      - 2500
      - 40000
    - - 1e8
      - 1189
      - 1189
    eps:
    - - None
      - 0.235
      - 1.0
    - - 0.94
      - 0.235
      - 1.0
    ka:
    - - None
      - 0.078
      - 1.248
    - - None
      - 0.023725
      - 0.3796
    kb:
    - - None
      - 1.1013e-05
      - 0.0001762
    - - None
      - 7.075e-05
      - 0.001132
    kc:
    - - 0.0
      - 0.0
      - 0.0
    - - 0.0
      - 0.0
      - 0.0
    kd:
    - - 0.0
      - 0.0
      - 0.0
    - - 0.0
      - 0.0
      - 0.0
    ke:
    - &id003
      - 0
      - 0
      - 1
    - *id003
    nO2:
    - - 0
      - 0
      - 1
    - - 0
      - 1189
      - 1189
    phases:
    - virgin
    - char
    rho:
    - - 1683
      - 1189
      - 1189
    - - 1235
      - 1189
      - 1189
  processParams:
    maxProcesses: 4
    multiprocess: true
  reactionParams:
    A:
    - - None
      - 5.86e11
      - 9.376e12
    - - None
      - 1.875e13
      - 3e14
    E:
    - - None
      - 4.525e4
      - 7.24e5
    - - None
      - 4.825e4
      - 7.72e5
    Hp:
    - - None
      - 2.5e4
      - 4e5
    - - None
      - 5e4
      - 8e5
    Xi:
    - - None
      - 0.1875
      - 1
    - - None
      - 0.125
      - 1
    n:
    - - None
      - 0.25
      - 4.0
    - - None
      - 0.375
      - 6.0
    nO2:
    - &id004
      - 0
      - 0
      - 1
    - *id004
    prodState:
    - 1
    - 1
    reacState:
    - 0
    - 0
    typeState:
    - 3
    - 3
  reinitializeComplex: false
  restart: false
  resultsDir: ../../../../results/multiReactionCharring/2Reactions/
  systemDir: D:\workspace\JENSENHUGHES\optimization\sourceCode\optimizationpython\src
  tga:
    activePhaseVars:
    - C0
    - rho
    activeReactionVars:
    - A
    - E
    - n
    tgaO2: None
    tgaOpt: 1
    weight: 1.0
  thermalPropertyUnits: K
  virtualExperiment: false
Loop	t (s)	Error Min	Error Max	ErrorRel	Comp	Samples
0		357.70	1.057e-03	2.678e-02	1.000e+00	21	861
1		711.16	1.057e-03	2.039e-02	1.000e+00	21	861
2		1067.37	9.277e-04	2.019e-02	1.000e+00	21	861
3		1431.48	9.277e-04	2.410e-02	1.000e+00	21	861
4		1786.65	9.277e-04	2.529e-02	1.000e+00	21	861
5		2141.20	9.277e-04	2.477e-02	1.000e+00	21	861
6		2494.87	9.277e-04	2.481e-02	1.000e+00	21	861
7		2857.43	9.277e-04	2.833e-02	1.000e+00	21	861
8		3218.01	4.511e-04	1.938e-02	1.000e+00	21	861
9		3580.71	4.511e-04	2.998e-02	1.000e+00	21	861
10		3944.72	4.511e-04	2.998e-02	1.000e+00	21	861
11		4318.44	4.511e-04	2.252e-02	1.000e+00	21	861
12		4679.42	4.511e-04	1.982e-02	1.000e+00	21	861
13		5053.77	4.511e-04	1.982e-02	1.000e+00	21	861
14		5428.74	4.511e-04	2.073e-02	1.000e+00	21	861
15		5799.38	4.511e-04	2.873e-02	1.000e+00	21	861
16		6174.93	4.511e-04	2.300e-02	6.056e-04	21	861
17		6555.59	4.511e-04	2.247e-02	4.766e-04	21	861
18		6939.94	4.511e-04	3.193e-02	4.766e-04	21	861
19		7325.69	4.511e-04	2.663e-02	4.766e-04	21	861
20		7712.35	4.511e-04	2.315e-02	4.766e-04	21	861
21		8097.59	4.511e-04	2.525e-02	4.766e-04	21	861
22		8497.61	4.511e-04	2.411e-02	4.766e-04	21	861
23		8888.23	4.511e-04	2.629e-02	0.000e+00	21	861
24		9272.16	4.511e-04	2.504e-02	0.000e+00	21	861
25		9666.21	4.511e-04	2.829e-02	0.000e+00	21	861
26		10060.01	4.511e-04	2.892e-02	0.000e+00	21	861
27		10464.89	4.511e-04	2.256e-02	0.000e+00	21	861
28		10863.05	4.511e-04	2.780e-02	0.000e+00	21	861
29		11276.54	4.511e-04	2.221e-02	0.000e+00	21	861
30		11668.88	4.511e-04	2.964e-02	0.000e+00	21	861
31		12075.55	4.511e-04	2.547e-02	0.000e+00	21	861
32		12466.37	4.511e-04	2.381e-02	0.000e+00	21	861
33		12869.25	4.511e-04	2.915e-02	0.000e+00	21	861
34		13257.48	4.406e-04	2.292e-02	1.043e-05	21	861
35		13652.87	4.406e-04	2.557e-02	1.043e-05	21	861
36		14050.27	4.406e-04	2.853e-02	1.043e-05	21	861
37		14440.33	4.406e-04	2.853e-02	1.043e-05	21	861
38		14844.93	4.406e-04	2.853e-02	1.043e-05	21	861
39		15250.11	4.406e-04	2.853e-02	1.043e-05	21	861
40		15610.53	4.406e-04	2.353e-02	1.043e-05	21	861
41		15951.31	4.406e-04	3.236e-02	1.043e-05	21	861
42		16284.52	4.406e-04	3.236e-02	1.043e-05	21	861
43		16611.89	4.406e-04	1.969e-02	1.043e-05	21	861
44		16951.10	4.406e-04	2.623e-02	1.043e-05	21	861
45		17274.75	4.406e-04	2.362e-02	1.043e-05	21	861
46		17598.73	4.406e-04	2.362e-02	1.043e-05	21	861
47		17921.71	4.406e-04	2.541e-02	1.043e-05	21	861
48		18235.07	4.406e-04	1.995e-02	1.043e-05	21	861
49		18561.97	4.298e-04	2.346e-02	1.085e-05	21	861
50		18878.75	4.298e-04	2.592e-02	1.085e-05	21	861
51		19204.82	4.298e-04	2.255e-02	1.085e-05	21	861
52		19524.59	4.298e-04	2.116e-02	1.085e-05	21	861
53		19854.24	4.298e-04	2.358e-02	1.085e-05	21	861
54		20173.80	4.298e-04	2.595e-02	1.085e-05	21	861
55		20504.18	4.298e-04	2.540e-02	1.085e-05	21	861
56		20827.95	4.298e-04	2.424e-02	1.085e-05	21	861
57		21150.52	4.298e-04	2.307e-02	1.085e-05	21	861
58		21466.86	4.298e-04	2.148e-02	1.085e-05	21	861
59		21792.82	4.298e-04	2.657e-02	1.085e-05	21	861
60		22121.31	4.298e-04	2.657e-02	1.085e-05	21	861
61		22451.45	4.298e-04	2.639e-02	1.085e-05	21	861
62		22771.12	4.252e-04	1.938e-02	1.547e-05	21	861
63		23087.36	4.252e-04	1.938e-02	1.547e-05	21	861
64		23403.31	4.252e-04	2.684e-02	4.624e-06	21	861
65		23716.39	4.252e-04	2.631e-02	4.624e-06	21	861
66		24029.83	4.103e-04	2.755e-02	1.951e-05	21	861
67		24347.77	3.767e-04	2.893e-02	5.310e-05	21	861
68		24672.64	3.722e-04	2.269e-02	5.762e-05	21	861
69		24997.20	3.661e-04	3.045e-02	6.369e-05	21	861
70		25315.37	2.480e-04	2.427e-02	1.818e-04	21	861
71		25625.33	2.196e-04	2.700e-02	2.101e-04	21	861
72		25951.71	1.670e-04	2.700e-02	2.627e-04	21	861
73		26269.79	1.547e-04	2.484e-02	2.751e-04	21	861
74		26590.84	1.468e-04	2.630e-02	2.830e-04	21	861
75		26915.61	1.376e-04	2.250e-02	2.922e-04	21	861
76		27241.90	1.354e-04	2.232e-02	2.944e-04	21	861
77		27559.76	1.331e-04	2.337e-02	2.921e-04	21	861
78		27874.52	1.296e-04	2.525e-02	2.956e-04	21	861
79		28188.96	1.247e-04	2.406e-02	3.004e-04	21	861
80		28492.38	1.129e-04	2.289e-02	3.123e-04	21	861
81		28802.65	1.055e-04	2.289e-02	3.047e-04	21	861
82		29117.10	1.016e-04	2.395e-02	2.751e-04	21	861
83		29430.57	9.551e-05	2.870e-02	2.766e-04	21	861
84		29747.93	9.028e-05	2.870e-02	2.758e-04	21	861
85		30063.08	8.729e-05	3.030e-02	1.607e-04	21	861
86		30370.32	8.249e-05	2.022e-02	1.371e-04	21	861
87		30685.16	7.935e-05	2.610e-02	8.770e-05	21	861
88		30995.79	7.929e-05	2.445e-02	7.537e-05	21	861
89		31311.95	7.863e-05	2.759e-02	6.816e-05	21	861
90		31628.92	7.842e-05	2.759e-02	5.914e-05	21	861
91		31951.58	7.811e-05	2.643e-02	5.725e-05	21	861
92		32268.55	7.758e-05	2.354e-02	5.548e-05	21	861
93		32592.43	7.518e-05	2.405e-02	5.439e-05	21	861
94		32907.18	7.434e-05	2.613e-02	5.040e-05	21	861
95		33222.65	7.342e-05	2.388e-02	3.945e-05	21	861
96		33537.62	7.296e-05	2.428e-02	3.258e-05	21	861
97		33850.88	7.280e-05	2.809e-02	2.877e-05	21	861
98		34166.26	7.275e-05	2.110e-02	2.276e-05	21	861
99		34476.63	7.275e-05	2.793e-02	1.753e-05	21	861
100		34783.98	7.272e-05	2.480e-02	1.456e-05	21	861
101		35092.13	7.271e-05	2.480e-02	9.782e-06	21	861
102		35405.51	7.261e-05	2.843e-02	6.743e-06	21	861
103		35732.04	7.254e-05	2.916e-02	6.754e-06	21	861
104		36046.31	7.245e-05	2.170e-02	6.176e-06	21	861
105		36362.32	7.235e-05	2.287e-02	6.072e-06	21	861
106		36662.72	7.212e-05	2.569e-02	5.994e-06	21	861
107		36974.40	7.205e-05	2.569e-02	5.526e-06	21	861
108		37286.13	7.199e-05	2.243e-02	3.194e-06	21	861
109		37599.11	7.189e-05	2.553e-02	2.456e-06	21	861
110		37907.51	7.166e-05	1.981e-02	1.761e-06	21	861
111		38219.07	7.158e-05	2.674e-02	1.379e-06	21	861
112		38531.42	7.148e-05	1.938e-02	1.324e-06	21	861
113		38832.96	7.133e-05	2.552e-02	1.421e-06	21	861
114		39123.49	7.095e-05	2.687e-02	1.792e-06	21	861
115		39421.44	7.057e-05	1.938e-02	2.149e-06	21	861
116		39732.49	7.057e-05	2.219e-02	2.142e-06	21	861
117		40032.33	7.050e-05	2.407e-02	2.106e-06	21	861
118		40344.08	7.048e-05	2.097e-02	2.056e-06	21	861
119		40634.89	7.048e-05	2.129e-02	1.969e-06	21	861
120		40939.94	7.048e-05	1.938e-02	1.866e-06	21	861
121		41242.67	7.047e-05	2.745e-02	1.650e-06	21	861
122		41552.43	7.046e-05	2.045e-02	1.592e-06	21	861
123		41847.84	7.045e-05	2.045e-02	1.542e-06	21	861
124		42149.88	7.041e-05	2.363e-02	1.482e-06	21	861
125		42446.40	7.035e-05	2.781e-02	1.318e-06	21	861
126		42758.32	7.034e-05	1.938e-02	1.240e-06	21	861
127		43190.01	7.034e-05	1.938e-02	1.134e-06	21	861
128		43554.27	7.034e-05	1.938e-02	9.870e-07	21	861
129		43928.89	7.034e-05	1.938e-02	6.167e-07	21	861
130		44312.78	7.034e-05	1.938e-02	2.364e-07	21	861
131		44694.15	6.921e-05	1.938e-02	1.361e-06	21	861
132		45081.02	6.717e-05	2.643e-02	3.333e-06	21	861
133		45461.06	6.642e-05	2.475e-02	4.064e-06	21	861
134		45846.50	6.642e-05	2.220e-02	4.064e-06	21	861
135		46240.54	6.435e-05	2.607e-02	6.127e-06	21	861
136		46621.28	6.291e-05	2.355e-02	7.559e-06	21	861
137		47009.77	6.256e-05	1.938e-02	7.904e-06	21	861
138		47422.31	6.210e-05	2.562e-02	8.343e-06	21	861
139		47816.11	6.124e-05	1.938e-02	9.165e-06	21	861
140		48205.07	6.015e-05	2.347e-02	1.020e-05	21	861
141		48585.97	5.948e-05	3.150e-02	1.086e-05	21	861
142		48970.35	5.879e-05	2.182e-02	1.155e-05	21	861
143		49343.08	5.715e-05	2.010e-02	1.319e-05	21	861
144		49716.28	5.675e-05	2.631e-02	1.359e-05	21	861
145		50082.94	5.620e-05	1.938e-02	1.413e-05	21	861
146		50473.92	5.494e-05	1.938e-02	1.427e-05	21	861
147		50843.28	5.301e-05	2.257e-02	1.416e-05	21	861
148		51218.38	4.922e-05	2.339e-02	1.720e-05	21	861
149		51565.14	4.788e-05	2.339e-02	1.854e-05	21	861
150		51923.25	4.642e-05	2.339e-02	1.793e-05	21	861
151		52278.27	4.631e-05	2.166e-02	1.661e-05	21	861
152		52639.58	4.576e-05	2.301e-02	1.680e-05	21	861
153		53010.48	4.564e-05	1.938e-02	1.646e-05	21	861
154		53379.49	4.541e-05	1.938e-02	1.584e-05	21	861
155		53735.75	4.499e-05	1.938e-02	1.515e-05	21	861
156		54084.63	4.476e-05	1.938e-02	1.472e-05	21	861
157		54438.37	4.463e-05	2.431e-02	1.416e-05	21	861
158		54790.88	4.459e-05	2.431e-02	1.256e-05	21	861
159		55145.74	4.459e-05	1.938e-02	1.216e-05	21	861
160		55514.74	4.459e-05	1.938e-02	1.161e-05	21	861
161		55883.41	4.459e-05	1.938e-02	1.035e-05	21	861
162		56264.16	4.379e-05	2.201e-02	9.214e-06	21	861
163		56630.46	4.368e-05	2.691e-02	5.536e-06	21	861
164		56996.02	4.341e-05	1.938e-02	4.465e-06	21	861
165		57360.54	4.302e-05	1.938e-02	3.402e-06	21	861
166		57723.64	4.288e-05	1.938e-02	3.430e-06	21	861
167		58088.44	4.273e-05	1.938e-02	3.036e-06	21	861
168		58448.22	4.261e-05	2.669e-02	3.028e-06	21	861
169		58815.88	4.243e-05	1.938e-02	2.975e-06	21	861
170		59175.64	4.237e-05	2.666e-02	2.623e-06	21	861
171		59542.38	4.234e-05	1.938e-02	2.424e-06	21	861
172		59911.77	4.233e-05	1.938e-02	2.306e-06	21	861
173		60300.69	4.231e-05	2.494e-02	2.282e-06	21	861
174		60681.39	4.230e-05	2.829e-02	2.292e-06	21	861
175		61064.58	4.230e-05	2.829e-02	2.292e-06	21	861
176		61452.03	4.226e-05	2.829e-02	2.326e-06	21	861
177		61843.64	4.217e-05	2.856e-02	1.625e-06	21	861
178		62226.57	4.210e-05	2.856e-02	1.581e-06	21	861
179		62610.46	4.201e-05	2.252e-02	1.402e-06	21	861
180		62985.42	4.190e-05	2.193e-02	1.127e-06	21	861
181		63364.12	4.185e-05	2.361e-02	1.021e-06	21	861
182		63757.95	4.184e-05	1.957e-02	8.844e-07	21	861
183		64127.54	4.175e-05	2.064e-02	8.611e-07	21	861
184		64504.05	4.160e-05	2.310e-02	8.300e-07	21	861
185		64879.52	4.151e-05	2.572e-02	8.596e-07	21	861
186		65256.90	4.138e-05	2.102e-02	9.570e-07	21	861
187		65649.75	4.138e-05	1.938e-02	9.437e-07	21	861
188		66046.82	4.136e-05	1.949e-02	9.544e-07	21	861
189		66425.31	4.131e-05	2.306e-02	9.931e-07	21	861
190		66809.55	4.118e-05	1.938e-02	1.120e-06	21	861
191		67203.26	4.115e-05	1.938e-02	1.113e-06	21	861
192		67591.66	4.112e-05	1.938e-02	1.051e-06	21	861
193		67981.42	4.111e-05	2.457e-02	9.925e-07	21	861
194		68384.40	4.110e-05	2.457e-02	9.080e-07	21	861
195		68790.57	4.110e-05	2.725e-02	7.947e-07	21	861
196		69186.83	4.110e-05	1.938e-02	7.527e-07	21	861
197		69581.84	4.110e-05	2.108e-02	7.442e-07	21	861
198		69997.00	4.109e-05	1.971e-02	6.589e-07	21	861
199		70409.55	4.108e-05	1.938e-02	5.190e-07	21	861
A	 = 4.13e+12,1.34e+14,
C0	 = 1.0,0.0,
Cpa	 = 1005.4626459774886,1457.8783441804012,
Cpb	 = 0.12169687505495844,0.2736302739694986,
E	 = 1.79e+05,2.09e+05,
Hp	 = 148078.21845629724,370852.46234945185,
K	 = 2500.57429270953,100000000.0,
Value	 = 4.108155692288546e-05,
Xi	 = 0.5885549726705601,0.36251733130405805,
eps	 = 0.9480824788890605,0.94,
ka	 = 0.29980188938270097,0.10222717900047777,
kb	 = 3.698090700876518e-05,0.0003149343529780336,
n	 = 1.1309798929367951,2.914382667418974,
nO2	 = 0.0,0.0,
rho	 = 1683.0,1235.0,
Results saved to D:\workspace\JENSENHUGHES\optimization\optimizationPaper\config\multiReactionCharring\2Reactions\2mass\../../../../results/multiReactionCharring/2Reactions/charLinear2Reac2Mass_solution.txt
