C:\Users\Fyang\Workspace\optimization\optimizationPaper\config\multiReactionCharring\2Reactions\1mass_TGA_BT\../../../../results/multiReactionCharring/2Reactions/charLinear2ReacTGABT Log file
!!python/object/apply:collections.defaultdict
args:
- &id001 !!python/name:builtins.bool ''
dictitems:
  Duraboard:
    CprampF:
    - 1.0
    - 1.0
    CprampT:
    - 0
    - 5000
    eps: 0.8
    krampF:
    - 0.075932
    - 0.090229
    - 0.104522
    - 0.122143
    - 0.14158
    - 0.163436
    - 0.190738
    - 0.221975
    krampT:
    - 203.035
    - 317.4028
    - 426.9164
    - 536.4182
    - 647.3003
    - 757.4803
    - 867.6409
    - 981.2546
    rho: 258
    thickness: 0.0254
  XiState:
  - unknown
  - unknown
  assumeVolumeConservation: false
  cone:
    Tinit: 25
    activePhaseVars:
    - C0
    - rho
    - ka
    - kb
    - kc
    - kd
    - ke
    - Cpa
    - Cpb
    - Cpc
    - Cpd
    - Cpe
    - eps
    - K
    activeReactionVars:
    - A
    - E
    - n
    - Hp
    - nO2
    - Xi
    allowIgnition: false
    backBoundaryConditions:
      Tamb: 25
      htc: Auto
      type: INSULATED
    frontBoundaryConditions:
      Tamb: 25
      htc: Auto
    ignitionHeatFlux: 20
    ignitionThreshold: 0.0032
    weight: 1.0
  cone1: !!python/object/apply:collections.defaultdict
    args:
    - *id001
    dictitems:
      Tinit: 25
      activePhaseVars:
      - C0
      - rho
      - ka
      - kb
      - kc
      - kd
      - ke
      - Cpa
      - Cpb
      - Cpc
      - Cpd
      - Cpe
      - eps
      - K
      activeReactionVars:
      - A
      - E
      - n
      - Hp
      - nO2
      - Xi
      backBoundaryConditions: !!python/object/apply:collections.defaultdict
        args:
        - *id001
        dictitems:
          Tamb: 25
          htc: Auto
          type: INSULATED
      columns:
      - 1
      - 3
      depths:
      - 0
      - 0.008
      file: ../../../../data/multiReactionCharring/multiReactionCharringLinearNominalVirtual.csv
      finalThickness: false
      frontBoundaryConditions: !!python/object/apply:collections.defaultdict
        args:
        - *id001
        dictitems:
          Tamb: 25
          heatFlux: 25
          htc: 15
      ignitionHeatFlux: 20.0
      ignitionThreshold: 0.0032
      initialThickness: 0.008
      names:
      - Mass
      - Temperature
      time: 0
      types:
      - 1
      - 3
      weight: 1.0
      weights:
      - 1
      - 1
      width1: 0.1016
      width2: 0.1016
  configDir: C:\Users\Fyang\Workspace\optimization\optimizationPaper\config\multiReactionCharring\2Reactions\1mass_TGA_BT\
  dataSources:
    names:
    - cone1
    types:
    - cone
  dsc:
    activePhaseVars:
    - C0
    - Cpa
    - Cpb
    - Cpc
    - Cpd
    - Cpe
    activeReactionVars:
    - A
    - E
    - n
    - Hp
    dscO2: None
    weight: 1.0
  fdsPath: C:\Program Files\FDS\FDS6\bin
  keepTemporaryFiles: false
  name: charLinear2ReacTGABT
  optimizeParams:
    absErr: 1e-7
    absRelErr: 1e-7
    elimThresh: 1e-2
    maxIter: 200
    maxTime: 600000
    minIter: 5
    minP: 21
    opAlpha: 41
    opBeta: 1
    opP: 21
    opQ: 21
    opS: 41
    relErr: 1e-12
    relIter: 15
  outputParams:
    saveAllSamples: false
  phaseParams:
    C0:
    - - 1
      - 0
      - 1
    - - 0
      - 1189
      - 1189
    Cpa:
    - - None
      - 270
      - 4320
    - - None
      - 260.25
      - 4164
    Cpb:
    - - None
      - 0.0113
      - 0.1808
    - - None
      - 0.06475
      - 1.036
    Cpc:
    - - 0.0
      - 0.0
      - 0.0
    - - 0.0
      - 0.0
      - 0.0
    Cpd:
    - - 0.0
      - 0.0
      - 0.0
    - - 0.0
      - 0.0
      - 0.0
    Cpe:
    - &id002
      - 0
      - 0
      - 1
    - *id002
    K:
    - - None
      - 2500
      - 40000
    - - 1e8
      - 1189
      - 1189
    eps:
    - - None
      - 0.235
      - 1.0
    - - 0.94
      - 0.235
      - 1.0
    ka:
    - - None
      - 0.078
      - 1.248
    - - None
      - 0.023725
      - 0.3796
    kb:
    - - None
      - 1.1013e-05
      - 0.0001762
    - - None
      - 7.075e-05
      - 0.001132
    kc:
    - - 0.0
      - 0.0
      - 0.0
    - - 0.0
      - 0.0
      - 0.0
    kd:
    - - 0.0
      - 0.0
      - 0.0
    - - 0.0
      - 0.0
      - 0.0
    ke:
    - &id003
      - 0
      - 0
      - 1
    - *id003
    nO2:
    - - 0
      - 0
      - 1
    - - 0
      - 1189
      - 1189
    phases:
    - virgin
    - char
    rho:
    - - 1683
      - 1189
      - 1189
    - - 1235
      - 1189
      - 1189
  processParams:
    maxProcesses: 4
    multiprocess: true
  reactionParams:
    A:
    - - None
      - 2.106e12
      - 2.574e12
    - - None
      - 6.75e13
      - 8.25e13
    E:
    - - None
      - 1.629e5
      - 1.991e5
    - - None
      - 1.737e5
      - 2.123e5
    Hp:
    - - None
      - 2.5e4
      - 4e5
    - - None
      - 5e4
      - 8e5
    Xi:
    - - None
      - 0.675
      - 0.825
    - - None
      - 0.45
      - 0.55
    n:
    - - None
      - 0.9
      - 1.1
    - - None
      - 1.35
      - 1.65
    nO2:
    - &id004
      - 0
      - 0
      - 1
    - *id004
    prodState:
    - 1
    - 1
    reacState:
    - 0
    - 0
    typeState:
    - 3
    - 3
  reinitializeComplex: false
  restart: false
  resultsDir: ../../../../results/multiReactionCharring/2Reactions/
  systemDir: C:\Users\Fyang\Workspace\optimization\sourceCode\optimizationpython\src
  tga:
    activePhaseVars:
    - C0
    - rho
    activeReactionVars:
    - A
    - E
    - n
    tgaO2: None
    tgaOpt: 1
    weight: 1.0
  thermalPropertyUnits: K
  virtualExperiment: false
Loop	t (s)	Error Min	Error Max	ErrorRel	Comp	Samples
0		158.78	9.988e-04	2.739e-02	1.000e+00	21	861
1		304.45	9.988e-04	2.438e-02	1.000e+00	21	861
2		460.15	7.476e-04	2.377e-02	1.000e+00	21	861
3		617.77	5.564e-04	2.259e-02	1.000e+00	21	861
4		774.37	4.766e-04	2.094e-02	1.000e+00	21	861
5		936.91	4.010e-04	2.094e-02	1.000e+00	21	861
6		1102.60	2.435e-04	2.094e-02	1.000e+00	21	861
7		1266.81	1.969e-04	2.028e-02	1.000e+00	21	861
8		1433.70	1.510e-04	2.028e-02	1.000e+00	21	861
9		1607.34	1.467e-04	2.028e-02	1.000e+00	21	861
10		1781.60	1.290e-04	2.028e-02	1.000e+00	21	861
11		1958.31	1.254e-04	2.492e-02	1.000e+00	21	861
12		2139.12	1.142e-04	2.005e-02	1.000e+00	21	861
13		2319.81	1.097e-04	2.005e-02	1.000e+00	21	861
14		2503.45	1.024e-04	2.005e-02	1.000e+00	21	861
15		2686.26	9.196e-05	8.993e-03	1.000e+00	21	861
16		2870.42	7.690e-05	7.702e-03	9.219e-04	21	861
17		3056.66	6.938e-05	6.282e-03	6.782e-04	21	861
18		3239.07	5.267e-05	3.671e-03	5.037e-04	21	861
19		3434.29	5.191e-05	2.917e-03	4.247e-04	21	861
20		3627.67	4.952e-05	1.643e-02	3.515e-04	21	861
21		3818.39	4.687e-05	2.504e-02	1.966e-04	21	861
22		4012.34	4.547e-05	1.387e-02	1.514e-04	21	861
23		4204.20	4.428e-05	1.196e-02	1.067e-04	21	861
24		4397.91	4.171e-05	1.308e-02	1.050e-04	21	861
25		4587.79	3.869e-05	1.299e-02	9.031e-05	21	861
26		4779.27	3.704e-05	2.209e-02	8.836e-05	21	861
27		4971.29	3.478e-05	2.042e-02	7.939e-05	21	861
28		5168.50	3.359e-05	2.665e-02	7.611e-05	21	861
29		5367.42	3.329e-05	2.665e-02	6.906e-05	21	861
30		5549.70	3.176e-05	1.904e-02	6.019e-05	21	861
31		5736.71	3.125e-05	1.022e-02	4.565e-05	21	861
32		5931.86	3.087e-05	1.366e-02	3.851e-05	21	861
33		6124.99	3.047e-05	8.691e-03	2.219e-05	21	861
34		6319.87	2.993e-05	7.852e-03	2.199e-05	21	861
35		6519.25	2.939e-05	1.703e-02	2.014e-05	21	861
36		6712.70	2.850e-05	1.829e-02	1.837e-05	21	861
37		6900.18	2.763e-05	2.476e-02	1.784e-05	21	861
38		7085.36	2.676e-05	3.311e-03	1.752e-05	21	861
39		7265.10	2.626e-05	7.864e-03	1.545e-05	21	861
40		7453.11	2.619e-05	1.343e-02	1.251e-05	21	861
41		7635.58	2.593e-05	2.541e-02	1.111e-05	21	861
42		7823.98	2.577e-05	1.905e-02	9.009e-06	21	861
43		8013.23	2.571e-05	1.825e-02	7.877e-06	21	861
44		8202.12	2.567e-05	1.872e-02	7.628e-06	21	861
45		8394.86	2.557e-05	1.228e-02	6.189e-06	21	861
46		8586.05	2.553e-05	1.473e-02	5.720e-06	21	861
47		8785.58	2.552e-05	2.403e-02	5.355e-06	21	861
48		8983.40	2.551e-05	2.403e-02	4.966e-06	21	861
49		9175.38	2.549e-05	2.316e-02	4.441e-06	21	861
50		9364.01	2.546e-05	2.220e-02	3.921e-06	21	861
51		9557.45	2.544e-05	2.446e-02	3.058e-06	21	861
52		9749.48	2.543e-05	2.292e-02	2.195e-06	21	861
53		9933.06	2.542e-05	2.525e-02	1.336e-06	21	861
54		10119.25	2.542e-05	2.597e-02	8.408e-07	21	861
55		10311.51	2.541e-05	2.443e-02	7.735e-07	21	861
56		10512.17	2.540e-05	2.373e-02	5.283e-07	21	861
57		10705.33	2.540e-05	2.551e-02	3.747e-07	21	861
58		10897.67	2.538e-05	2.438e-02	3.291e-07	21	861
59		11092.72	2.538e-05	2.516e-02	2.825e-07	21	861
60		11283.88	2.537e-05	2.716e-02	2.023e-07	21	861
61		11475.97	2.537e-05	2.716e-02	1.608e-07	21	861
62		11667.94	2.536e-05	1.262e-02	1.606e-07	21	861
63		11853.30	2.533e-05	1.262e-02	1.759e-07	21	861
64		12032.51	2.532e-05	8.598e-03	1.655e-07	21	861
65		12213.90	2.532e-05	1.076e-02	1.451e-07	21	861
66		12398.35	2.532e-05	7.390e-03	1.269e-07	21	861
67		12576.33	2.531e-05	2.286e-02	1.249e-07	21	861
68		12753.90	2.530e-05	9.349e-03	1.212e-07	21	861
69		12945.67	2.530e-05	1.139e-02	1.216e-07	21	861
70		13136.53	2.529e-05	1.443e-02	1.248e-07	21	861
71		13323.66	2.529e-05	7.844e-03	1.148e-07	21	861
72		13514.18	2.529e-05	2.162e-02	1.078e-07	21	861
73		13708.36	2.528e-05	1.810e-02	1.025e-07	21	861
74		13899.58	2.528e-05	1.878e-02	1.047e-07	21	861
75		14094.78	2.527e-05	2.009e-02	9.729e-08	21	861
76		14289.44	2.527e-05	2.653e-02	9.385e-08	21	861
77		14482.15	2.527e-05	1.878e-02	8.542e-08	21	861
78		14675.74	2.527e-05	1.113e-02	6.521e-08	21	861
79		14870.51	2.527e-05	2.287e-02	5.638e-08	21	861
80		15067.95	2.526e-05	2.287e-02	5.530e-08	21	861
81		15270.14	2.526e-05	2.106e-02	5.462e-08	21	861
82		15467.46	2.526e-05	2.659e-02	4.956e-08	21	861
83		15662.15	2.526e-05	2.659e-02	4.307e-08	21	861
84		15859.84	2.526e-05	2.678e-02	4.118e-08	21	861
85		16052.68	2.525e-05	1.263e-02	3.872e-08	21	861
86		16242.75	2.525e-05	1.235e-02	3.888e-08	21	861
87		16432.48	2.525e-05	1.713e-02	3.729e-08	21	861
88		16625.55	2.525e-05	2.388e-02	3.159e-08	21	861
89		16820.44	2.525e-05	2.558e-02	2.866e-08	21	861
90		17017.79	2.525e-05	2.521e-02	2.650e-08	21	861
91		17215.48	2.525e-05	2.519e-02	2.435e-08	21	861
92		17407.85	2.525e-05	2.235e-02	2.392e-08	21	861
93		17609.46	2.524e-05	1.851e-02	2.329e-08	21	861
94		17801.48	2.524e-05	2.442e-02	2.307e-08	21	861
95		17998.26	2.524e-05	2.506e-02	2.144e-08	21	861
96		18192.47	2.524e-05	2.260e-02	2.011e-08	21	861
97		18382.31	2.524e-05	2.571e-02	1.951e-08	21	861
98		18571.89	2.524e-05	2.513e-02	1.830e-08	21	861
99		18757.81	2.524e-05	2.513e-02	1.800e-08	21	861
100		18952.06	2.524e-05	2.443e-02	1.452e-08	21	861
101		19152.86	2.523e-05	2.551e-02	1.720e-08	21	861
102		19345.37	2.523e-05	2.365e-02	1.963e-08	21	861
103		19541.21	2.523e-05	2.238e-02	2.320e-08	21	861
104		19726.54	2.522e-05	2.490e-02	2.457e-08	21	861
105		19927.43	2.522e-05	2.696e-02	2.627e-08	21	861
106		20116.09	2.522e-05	2.110e-02	3.221e-08	21	861
107		20302.15	2.521e-05	2.110e-02	3.571e-08	21	861
108		20482.70	2.521e-05	2.514e-02	3.735e-08	21	861
109		20674.08	2.521e-05	2.514e-02	3.761e-08	21	861
110		20864.34	2.520e-05	1.972e-02	3.921e-08	21	861
111		21055.08	2.520e-05	1.638e-02	4.142e-08	21	861
112		21252.26	2.520e-05	1.932e-02	4.296e-08	21	861
113		21448.96	2.520e-05	1.987e-02	4.365e-08	21	861
114		21636.95	2.519e-05	2.162e-02	4.701e-08	21	861
115		21827.40	2.519e-05	2.355e-02	5.111e-08	21	861
116		22013.34	2.519e-05	2.539e-02	4.828e-08	21	861
117		22213.72	2.518e-05	2.539e-02	4.701e-08	21	861
118		22408.66	2.518e-05	2.319e-02	4.480e-08	21	861
119		22597.01	2.518e-05	2.479e-02	4.452e-08	21	861
120		22785.40	2.518e-05	2.390e-02	4.410e-08	21	861
121		22975.59	2.517e-05	2.099e-02	4.049e-08	21	861
122		23164.51	2.517e-05	2.553e-02	3.752e-08	21	861
123		23353.41	2.517e-05	2.558e-02	3.720e-08	21	861
124		23546.18	2.517e-05	2.553e-02	3.736e-08	21	861
125		23734.15	2.517e-05	2.241e-02	3.660e-08	21	861
126		23919.50	2.517e-05	2.443e-02	3.316e-08	21	861
127		24102.55	2.517e-05	2.665e-02	3.152e-08	21	861
128		24286.83	2.517e-05	2.381e-02	2.983e-08	21	861
129		24478.35	2.517e-05	2.309e-02	2.513e-08	21	861
130		24667.84	2.516e-05	2.152e-02	2.058e-08	21	861
131		24865.51	2.516e-05	2.701e-02	2.091e-08	21	861
132		25067.19	2.516e-05	2.743e-02	1.935e-08	21	861
133		25267.92	2.516e-05	2.462e-02	1.726e-08	21	861
134		25477.26	2.516e-05	2.446e-02	1.600e-08	21	861
135		25681.86	2.516e-05	2.617e-02	1.425e-08	21	861
136		25888.68	2.516e-05	2.595e-02	1.161e-08	21	861
137		26090.81	2.516e-05	2.476e-02	1.069e-08	21	861
138		26289.54	2.516e-05	2.441e-02	8.175e-09	21	861
139		26490.26	2.516e-05	2.362e-02	6.465e-09	21	861
140		26694.45	2.516e-05	2.639e-02	5.208e-09	21	861
141		26902.47	2.516e-05	2.450e-02	4.945e-09	21	861
142		27113.12	2.516e-05	2.450e-02	4.949e-09	21	861
143		27320.34	2.516e-05	1.922e-02	5.084e-09	21	861
144		27524.28	2.516e-05	2.194e-02	4.861e-09	21	861
145		27727.11	2.516e-05	2.088e-02	4.256e-09	21	861
146		27932.14	2.516e-05	7.076e-03	4.006e-09	21	861
147		28138.68	2.516e-05	2.193e-02	3.818e-09	21	861
148		28349.88	2.516e-05	2.299e-02	3.835e-09	21	861
149		28558.76	2.516e-05	2.644e-02	3.631e-09	21	861
150		28754.11	2.516e-05	2.544e-02	3.126e-09	21	861
151		28964.12	2.516e-05	2.508e-02	2.875e-09	21	861
152		29164.95	2.516e-05	2.602e-02	1.732e-09	21	861
153		29326.91	2.516e-05	2.605e-02	1.732e-09	21	861
154		29461.40	2.516e-05	2.605e-02	1.732e-09	21	861
155		29599.48	2.516e-05	2.568e-02	1.687e-09	21	861
156		29736.04	2.516e-05	2.568e-02	1.608e-09	21	861
157		29875.71	2.516e-05	1.767e-02	1.099e-09	21	861
158		30011.85	2.516e-05	1.953e-02	7.479e-10	21	861
159		30149.12	2.516e-05	7.282e-03	4.181e-10	21	861
160		30283.09	2.516e-05	2.262e-02	2.548e-10	21	861
161		30423.83	2.516e-05	2.315e-02	1.737e-10	21	861
162		30560.70	2.516e-05	2.296e-02	1.517e-10	21	861
163		30696.67	2.516e-05	2.296e-02	8.847e-11	21	861
164		30833.04	2.516e-05	2.298e-02	7.769e-11	21	861
165		30970.02	2.516e-05	2.040e-02	5.369e-11	21	861
166		31106.92	2.516e-05	2.265e-02	5.369e-11	21	861
167		31244.78	2.516e-05	1.974e-02	5.369e-11	21	861
168		31387.37	2.516e-05	2.559e-02	5.369e-11	21	861
169		31526.55	2.516e-05	2.610e-02	5.369e-11	21	861
170		31665.53	2.516e-05	2.409e-02	5.369e-11	21	861
171		31804.39	2.516e-05	2.494e-02	1.738e-10	21	861
172		31941.99	2.516e-05	2.093e-02	1.738e-10	21	861
173		32076.29	2.516e-05	2.520e-02	2.457e-10	21	861
174		32212.03	2.516e-05	2.508e-02	3.214e-10	21	861
175		32351.19	2.516e-05	2.491e-02	3.742e-10	21	861
176		32488.26	2.516e-05	2.536e-02	4.100e-10	21	861
177		32624.64	2.516e-05	2.641e-02	4.680e-10	21	861
178		32763.82	2.516e-05	2.450e-02	4.839e-10	21	861
179		32902.79	2.516e-05	2.345e-02	5.311e-10	21	861
180		33041.07	2.516e-05	2.435e-02	5.311e-10	21	861
181		33177.76	2.516e-05	2.247e-02	6.579e-10	21	861
182		33313.94	2.516e-05	2.670e-02	6.779e-10	21	861
183		33453.62	2.516e-05	2.263e-02	7.560e-10	21	861
184		33591.86	2.516e-05	2.502e-02	7.560e-10	21	861
185		33734.62	2.516e-05	2.516e-02	7.751e-10	21	861
186		33877.15	2.516e-05	2.520e-02	6.684e-10	21	861
187		34013.99	2.516e-05	2.491e-02	6.850e-10	21	861
188		34151.86	2.516e-05	2.291e-02	6.132e-10	21	861
189		34290.16	2.516e-05	2.583e-02	5.457e-10	21	861
190		34434.64	2.516e-05	2.740e-02	5.053e-10	21	861
191		34572.39	2.516e-05	2.559e-02	4.758e-10	21	861
192		34707.04	2.516e-05	2.585e-02	4.221e-10	21	861
193		34843.10	2.516e-05	2.635e-02	4.062e-10	21	861
194		34981.74	2.516e-05	2.711e-02	3.591e-10	21	861
195		35120.79	2.516e-05	1.970e-02	3.638e-10	21	861
196		35257.82	2.516e-05	2.337e-02	2.370e-10	21	861
197		35389.49	2.516e-05	2.679e-02	2.169e-10	21	861
198		35524.52	2.516e-05	2.506e-02	1.471e-10	21	861
199		35666.81	2.516e-05	2.563e-02	1.471e-10	21	861
A	 = 2.49e+12,6.96e+13,
C0	 = 1.0,0.0,
Cpa	 = 1097.85123741713,615.3233548845562,
Cpb	 = 0.03642235852683545,0.8411616535203509,
E	 = 1.80e+05,1.93e+05,
Hp	 = 146090.36046512268,183230.7871446222,
K	 = 9769.351919212539,100000000.0,
Value	 = 2.5159455202511123e-05,
Xi	 = 0.680272257284753,0.5177354409938972,
eps	 = 0.9487475930322462,0.94,
ka	 = 0.3169399845876105,0.13237998685479274,
kb	 = 4.4308517494376e-05,0.00022732613528601402,
n	 = 1.0999960255593197,1.4638595854786853,
nO2	 = 0.0,0.0,
rho	 = 1683.0,1235.0,
Results saved to C:\Users\Fyang\Workspace\optimization\optimizationPaper\config\multiReactionCharring\2Reactions\1mass_TGA_BT\../../../../results/multiReactionCharring/2Reactions/charLinear2ReacTGABT_solution.txt
