C:\Users\Fyang\Workspace\optimization\optimizationPaper\config\multiReactionCharring\2Reactions\2mass\../../../../results/multiReactionCharring/2Reactions/charLinear2Reac2MassRun1 Log file
!!python/object/apply:collections.defaultdict
args:
- &id001 !!python/name:builtins.bool ''
dictitems:
  Duraboard:
    CprampF:
    - 1.0
    - 1.0
    CprampT:
    - 0
    - 5000
    eps: 0.8
    krampF:
    - 0.075932
    - 0.090229
    - 0.104522
    - 0.122143
    - 0.14158
    - 0.163436
    - 0.190738
    - 0.221975
    krampT:
    - 203.035
    - 317.4028
    - 426.9164
    - 536.4182
    - 647.3003
    - 757.4803
    - 867.6409
    - 981.2546
    rho: 258
    thickness: 0.0254
  XiState:
  - unknown
  - unknown
  assumeVolumeConservation: false
  cone:
    Tinit: 25
    activePhaseVars:
    - C0
    - rho
    - ka
    - kb
    - kc
    - kd
    - ke
    - Cpa
    - Cpb
    - Cpc
    - Cpd
    - Cpe
    - eps
    - K
    activeReactionVars:
    - A
    - E
    - n
    - Hp
    - nO2
    - Xi
    allowIgnition: false
    backBoundaryConditions:
      Tamb: 25
      htc: Auto
      type: INSULATED
    frontBoundaryConditions:
      Tamb: 25
      htc: Auto
    ignitionHeatFlux: 20
    ignitionThreshold: 0.0032
    weight: 1.0
  cone1: !!python/object/apply:collections.defaultdict
    args:
    - *id001
    dictitems:
      Tinit: 25
      activePhaseVars:
      - C0
      - rho
      - ka
      - kb
      - kc
      - kd
      - ke
      - Cpa
      - Cpb
      - Cpc
      - Cpd
      - Cpe
      - eps
      - K
      activeReactionVars:
      - A
      - E
      - n
      - Hp
      - nO2
      - Xi
      backBoundaryConditions: !!python/object/apply:collections.defaultdict
        args:
        - *id001
        dictitems:
          Tamb: 25
          htc: Auto
          type: INSULATED
      columns:
      - 1
      depths:
      - 0
      file: ../../../../data/multiReactionCharring/multiReactionCharringLinearNominal_0_cone_Mass.csv
      finalThickness: false
      frontBoundaryConditions: !!python/object/apply:collections.defaultdict
        args:
        - *id001
        dictitems:
          Tamb: 25
          heatFlux: 25
          htc: 15
      ignitionHeatFlux: 20.0
      ignitionThreshold: 0.0032
      initialThickness: 0.008
      names:
      - Mass
      time: 0
      types:
      - 1
      weight: 1.0
      weights:
      - 1
      width1: 0.1016
      width2: 0.1016
  cone2: !!python/object/apply:collections.defaultdict
    args:
    - *id001
    dictitems:
      Tinit: 25
      activePhaseVars:
      - C0
      - rho
      - ka
      - kb
      - kc
      - kd
      - ke
      - Cpa
      - Cpb
      - Cpc
      - Cpd
      - Cpe
      - eps
      - K
      activeReactionVars:
      - A
      - E
      - n
      - Hp
      - nO2
      - Xi
      backBoundaryConditions: !!python/object/apply:collections.defaultdict
        args:
        - *id001
        dictitems:
          Tamb: 25
          htc: Auto
          type: INSULATED
      columns:
      - 1
      depths:
      - 0
      file: ../../../../data/multiReactionCharring/multiReacCharLinearNominal50KW_0_cone_Mass.csv
      finalThickness: false
      frontBoundaryConditions: !!python/object/apply:collections.defaultdict
        args:
        - *id001
        dictitems:
          Tamb: 25
          heatFlux: 50
          htc: 15
      ignitionHeatFlux: 20.0
      ignitionThreshold: 0.0032
      initialThickness: 0.008
      names:
      - Mass
      time: 0
      types:
      - 1
      weight: 1.0
      weights:
      - 1
      width1: 0.1016
      width2: 0.1016
  configDir: C:\Users\Fyang\Workspace\optimization\optimizationPaper\config\multiReactionCharring\2Reactions\2mass\
  dataSources:
    names:
    - cone1
    - cone2
    types:
    - cone
    - cone
  dsc:
    activePhaseVars:
    - C0
    - Cpa
    - Cpb
    - Cpc
    - Cpd
    - Cpe
    activeReactionVars:
    - A
    - E
    - n
    - Hp
    dscO2: None
    weight: 1.0
  fdsPath: C:\Program Files\FDS\FDS6\bin
  keepTemporaryFiles: false
  name: charLinear2Reac2MassRun1
  optimizeParams:
    absErr: 1e-7
    absRelErr: 1e-7
    elimThresh: 1e-2
    maxIter: 200
    maxTime: 600000
    minIter: 5
    minP: 21
    opAlpha: 41
    opBeta: 1
    opP: 21
    opQ: 21
    opS: 41
    relErr: 1e-12
    relIter: 15
  outputParams:
    saveAllSamples: false
  phaseParams:
    C0:
    - - 1
      - 0
      - 1
    - - 0
      - 1189
      - 1189
    Cpa:
    - - None
      - 270
      - 4320
    - - None
      - 260.25
      - 4164
    Cpb:
    - - None
      - 0.0113
      - 0.1808
    - - None
      - 0.06475
      - 1.036
    Cpc:
    - - 0.0
      - 0.0
      - 0.0
    - - 0.0
      - 0.0
      - 0.0
    Cpd:
    - - 0.0
      - 0.0
      - 0.0
    - - 0.0
      - 0.0
      - 0.0
    Cpe:
    - &id002
      - 0
      - 0
      - 1
    - *id002
    K:
    - - None
      - 2500
      - 40000
    - - 1e8
      - 1189
      - 1189
    eps:
    - - None
      - 0.235
      - 1.0
    - - 0.94
      - 0.235
      - 1.0
    ka:
    - - None
      - 0.078
      - 1.248
    - - None
      - 0.023725
      - 0.3796
    kb:
    - - None
      - 1.1013e-05
      - 0.0001762
    - - None
      - 7.075e-05
      - 0.001132
    kc:
    - - 0.0
      - 0.0
      - 0.0
    - - 0.0
      - 0.0
      - 0.0
    kd:
    - - 0.0
      - 0.0
      - 0.0
    - - 0.0
      - 0.0
      - 0.0
    ke:
    - &id003
      - 0
      - 0
      - 1
    - *id003
    nO2:
    - - 0
      - 0
      - 1
    - - 0
      - 1189
      - 1189
    phases:
    - virgin
    - char
    rho:
    - - 1683
      - 1189
      - 1189
    - - 1235
      - 1189
      - 1189
  processParams:
    maxProcesses: 4
    multiprocess: true
  reactionParams:
    A:
    - - None
      - 5.86e11
      - 9.376e12
    - - None
      - 1.875e13
      - 3e14
    E:
    - - None
      - 4.525e4
      - 7.24e5
    - - None
      - 4.825e4
      - 7.72e5
    Hp:
    - - None
      - 2.5e4
      - 4e5
    - - None
      - 5e4
      - 8e5
    Xi:
    - - None
      - 0.1875
      - 1
    - - None
      - 0.125
      - 1
    n:
    - - None
      - 0.25
      - 4.0
    - - None
      - 0.375
      - 6.0
    nO2:
    - &id004
      - 0
      - 0
      - 1
    - *id004
    prodState:
    - 1
    - 1
    reacState:
    - 0
    - 0
    typeState:
    - 3
    - 3
  reinitializeComplex: false
  restart: false
  resultsDir: ../../../../results/multiReactionCharring/2Reactions/
  systemDir: C:\Users\Fyang\Workspace\optimization\sourceCode\optimizationpython\src
  tga:
    activePhaseVars:
    - C0
    - rho
    activeReactionVars:
    - A
    - E
    - n
    tgaO2: None
    tgaOpt: 1
    weight: 1.0
  thermalPropertyUnits: K
  virtualExperiment: false
Loop	t (s)	Error Min	Error Max	ErrorRel	Comp	Samples
0		235.38	1.785e-03	2.435e-02	1.000e+00	21	861
1		478.78	1.161e-03	2.435e-02	1.000e+00	21	861
2		740.86	7.463e-04	2.720e-02	1.000e+00	21	861
3		1004.56	7.463e-04	2.720e-02	1.000e+00	21	861
4		1280.36	7.463e-04	2.477e-02	1.000e+00	21	861
5		1550.84	7.463e-04	2.510e-02	1.000e+00	21	861
6		1820.23	7.463e-04	2.234e-02	1.000e+00	21	861
7		2097.31	7.463e-04	2.131e-02	1.000e+00	21	861
8		2380.02	6.987e-04	2.331e-02	1.000e+00	21	861
9		2667.29	6.771e-04	2.888e-02	1.000e+00	21	861
10		2945.96	5.901e-04	2.770e-02	1.000e+00	21	861
11		3226.03	4.008e-04	2.214e-02	1.000e+00	21	861
12		3500.73	4.008e-04	2.107e-02	1.000e+00	21	861
13		3780.01	1.955e-04	2.413e-02	1.000e+00	21	861
14		4064.18	1.955e-04	2.816e-02	1.000e+00	21	861
15		4348.37	1.955e-04	2.699e-02	1.000e+00	21	861
16		4627.57	1.745e-04	2.699e-02	9.867e-04	21	861
17		4910.35	1.563e-04	2.720e-02	5.901e-04	21	861
18		5196.43	1.454e-04	2.526e-02	6.009e-04	21	861
19		5482.78	1.405e-04	1.983e-02	6.058e-04	21	861
20		5761.36	1.362e-04	1.938e-02	6.102e-04	21	861
21		6037.63	1.278e-04	2.389e-02	6.186e-04	21	861
22		6314.20	1.217e-04	3.081e-02	6.246e-04	21	861
23		6582.28	1.118e-04	2.584e-02	5.869e-04	21	861
24		6844.98	1.043e-04	2.584e-02	5.727e-04	21	861
25		7109.95	9.604e-05	1.938e-02	4.941e-04	21	861
26		7388.94	9.269e-05	1.938e-02	3.081e-04	21	861
27		7652.23	8.906e-05	2.207e-02	3.117e-04	21	861
28		7923.31	8.511e-05	2.530e-02	1.104e-04	21	861
29		8191.76	8.444e-05	2.433e-02	1.111e-04	21	861
30		8455.13	8.127e-05	2.463e-02	1.142e-04	21	861
31		8722.40	8.012e-05	1.938e-02	9.434e-05	21	861
32		8989.18	7.849e-05	2.444e-02	7.780e-05	21	861
33		9256.06	7.788e-05	2.303e-02	6.753e-05	21	861
34		9527.33	7.687e-05	1.938e-02	6.367e-05	21	861
35		9804.90	7.584e-05	2.535e-02	6.036e-05	21	861
36		10070.99	7.508e-05	2.418e-02	5.269e-05	21	861
37		10326.86	7.357e-05	2.757e-02	4.814e-05	21	861
38		10581.94	7.123e-05	2.009e-02	4.061e-05	21	861
39		10840.12	6.881e-05	1.824e-02	3.551e-05	21	861
40		11097.40	6.731e-05	1.938e-02	2.873e-05	21	861
41		11365.48	6.481e-05	1.938e-02	2.788e-05	21	861
42		11622.63	6.292e-05	1.938e-02	2.615e-05	21	861
43		11872.41	6.122e-05	1.938e-02	2.389e-05	21	861
44		12124.09	6.023e-05	1.938e-02	2.421e-05	21	861
45		12374.47	6.001e-05	1.938e-02	2.126e-05	21	861
46		12630.55	5.933e-05	1.938e-02	2.080e-05	21	861
47		12883.35	5.925e-05	1.938e-02	1.925e-05	21	861
48		13132.63	5.903e-05	3.539e-03	1.885e-05	21	861
49		13382.61	5.898e-05	5.317e-04	1.788e-05	21	861
50		13628.87	5.871e-05	3.958e-04	1.713e-05	21	861
51		13863.07	5.826e-05	3.743e-04	1.681e-05	21	861
52		14093.66	5.767e-05	3.657e-04	1.589e-05	21	861
53		14326.03	5.738e-05	3.152e-04	1.385e-05	21	861
54		14556.61	5.710e-05	3.152e-04	1.171e-05	21	861
55		14777.68	5.688e-05	2.856e-04	1.042e-05	21	861
56		15012.87	5.664e-05	2.659e-04	8.168e-06	21	861
57		15251.53	5.629e-05	2.224e-04	6.628e-06	21	861
58		15482.89	5.584e-05	2.216e-04	5.380e-06	21	861
59		15718.07	5.574e-05	2.004e-04	4.492e-06	21	861
60		15950.46	5.564e-05	1.956e-04	4.375e-06	21	861
61		16164.43	5.538e-05	1.899e-04	3.948e-06	21	861
62		16385.61	5.524e-05	1.837e-04	4.011e-06	21	861
63		16612.17	5.513e-05	1.837e-04	3.898e-06	21	861
64		16841.27	5.501e-05	1.643e-04	3.975e-06	21	861
65		17064.37	5.471e-05	1.484e-04	3.999e-06	21	861
66		17291.26	5.453e-05	1.480e-04	3.734e-06	21	861
67		17521.83	5.434e-05	1.364e-04	3.329e-06	21	861
68		17759.53	5.427e-05	1.346e-04	3.114e-06	21	861
69		17995.08	5.421e-05	1.323e-04	2.889e-06	21	861
70		18233.04	5.413e-05	1.306e-04	2.757e-06	21	861
71		18456.13	5.405e-05	1.462e-02	2.597e-06	21	861
72		18680.01	5.398e-05	6.785e-03	2.306e-06	21	861
73		18913.59	5.393e-05	1.938e-02	1.905e-06	21	861
74		19145.59	5.390e-05	1.938e-02	1.838e-06	21	861
75		19380.08	5.382e-05	1.938e-02	1.819e-06	21	861
76		19620.60	5.371e-05	1.938e-02	1.664e-06	21	861
77		19857.45	5.371e-05	1.938e-02	1.526e-06	21	861
78		20094.40	5.367e-05	1.938e-02	1.462e-06	21	861
79		20332.16	5.365e-05	1.938e-02	1.364e-06	21	861
80		20566.96	5.363e-05	2.087e-02	1.083e-06	21	861
81		20801.13	5.361e-05	1.938e-02	9.162e-07	21	861
82		21025.98	5.357e-05	1.938e-02	7.761e-07	21	861
83		21272.74	5.354e-05	1.938e-02	7.280e-07	21	861
84		21506.08	5.352e-05	1.938e-02	6.920e-07	21	861
85		21736.05	5.350e-05	1.938e-02	6.290e-07	21	861
86		21958.94	5.347e-05	1.938e-02	5.716e-07	21	861
87		22191.52	5.345e-05	1.938e-02	5.327e-07	21	861
88		22416.22	5.343e-05	1.938e-02	5.033e-07	21	861
89		22643.90	5.339e-05	1.938e-02	5.089e-07	21	861
90		22868.88	5.335e-05	1.938e-02	4.696e-07	21	861
91		23098.77	5.329e-05	1.938e-02	4.232e-07	21	861
92		23335.06	5.321e-05	1.938e-02	5.009e-07	21	861
93		23573.13	5.313e-05	1.938e-02	5.433e-07	21	861
94		23820.50	5.304e-05	1.938e-02	6.095e-07	21	861
95		24076.49	5.293e-05	2.497e-02	6.985e-07	21	861
96		24318.59	5.286e-05	1.938e-02	7.477e-07	21	861
97		24561.97	5.284e-05	1.938e-02	7.318e-07	21	861
98		24815.24	5.284e-05	1.938e-02	7.061e-07	21	861
99		25069.81	5.280e-05	2.816e-02	7.163e-07	21	861
100		25320.99	5.275e-05	2.587e-02	7.458e-07	21	861
101		25579.47	5.270e-05	1.938e-02	7.733e-07	21	861
102		25839.83	5.267e-05	1.972e-02	7.790e-07	21	861
103		26105.31	5.266e-05	1.938e-02	7.731e-07	21	861
104		26372.89	5.260e-05	1.938e-02	7.859e-07	21	861
105		26635.28	5.256e-05	2.073e-02	7.847e-07	21	861
106		26904.65	5.255e-05	2.065e-02	7.415e-07	21	861
107		27180.55	5.252e-05	2.966e-02	6.938e-07	21	861
108		27450.95	5.244e-05	1.938e-02	6.903e-07	21	861
109		27710.27	5.232e-05	1.968e-02	7.204e-07	21	861
110		27968.13	5.219e-05	1.968e-02	7.392e-07	21	861
111		28242.79	5.219e-05	1.938e-02	6.734e-07	21	861
112		28512.20	5.219e-05	1.942e-02	6.453e-07	21	861
113		28772.27	5.219e-05	1.942e-02	6.453e-07	21	861
114		29033.58	5.219e-05	1.938e-02	6.112e-07	21	861
115		29295.65	5.219e-05	1.938e-02	5.624e-07	21	861
116		29553.98	5.219e-05	1.938e-02	5.106e-07	21	861
117		29822.95	5.219e-05	2.613e-02	4.830e-07	21	861
118		30081.73	5.219e-05	1.988e-02	4.657e-07	21	861
119		30343.42	5.219e-05	1.988e-02	4.129e-07	21	861
120		30609.82	5.219e-05	1.938e-02	3.726e-07	21	861
121		30868.39	5.219e-05	1.938e-02	3.590e-07	21	861
122		31131.33	5.219e-05	1.938e-02	3.250e-07	21	861
123		31390.41	5.219e-05	1.938e-02	2.495e-07	21	861
124		31655.78	5.219e-05	1.938e-02	1.260e-07	21	861
125		31923.94	5.219e-05	1.938e-02	9.425e-10	21	861
126		32190.04	5.219e-05	1.938e-02	9.425e-10	21	861
127		32449.43	5.219e-05	1.938e-02	9.425e-10	21	861
128		32708.65	5.219e-05	1.938e-02	9.425e-10	21	861
129		32968.12	5.219e-05	1.938e-02	9.425e-10	21	861
130		33226.76	5.219e-05	1.938e-02	9.425e-10	21	861
131		33489.45	5.219e-05	1.938e-02	9.425e-10	21	861
132		33749.63	5.219e-05	2.485e-02	9.425e-10	21	861
133		34011.40	5.219e-05	2.550e-02	9.425e-10	21	861
134		34269.88	5.219e-05	1.938e-02	9.425e-10	21	861
135		34530.27	5.219e-05	1.938e-02	9.425e-10	21	861
136		34788.25	5.219e-05	1.938e-02	9.425e-10	21	861
137		35052.73	5.219e-05	1.938e-02	9.425e-10	21	861
138		35307.39	5.219e-05	1.938e-02	0.000e+00	21	861
139		35566.67	5.219e-05	1.938e-02	0.000e+00	21	861
140		35823.67	5.219e-05	1.938e-02	0.000e+00	21	861
141		36079.14	5.219e-05	1.938e-02	0.000e+00	21	861
142		36347.01	5.219e-05	2.047e-02	0.000e+00	21	861
143		36605.98	5.219e-05	1.938e-02	0.000e+00	21	861
144		36866.08	5.219e-05	1.938e-02	0.000e+00	21	861
145		37125.07	5.219e-05	1.938e-02	0.000e+00	21	861
146		37394.67	5.219e-05	1.938e-02	0.000e+00	21	861
147		37666.17	5.219e-05	1.938e-02	0.000e+00	21	861
148		37928.26	5.219e-05	1.938e-02	0.000e+00	21	861
149		38187.55	5.219e-05	1.938e-02	0.000e+00	21	861
150		38439.40	5.219e-05	1.938e-02	0.000e+00	21	861
151		38699.25	5.219e-05	1.938e-02	0.000e+00	21	861
152		38966.00	5.219e-05	1.938e-02	0.000e+00	21	861
153		39232.69	5.219e-05	1.938e-02	0.000e+00	21	861
154		39498.55	5.219e-05	2.493e-02	0.000e+00	21	861
155		39763.03	5.219e-05	2.141e-02	0.000e+00	21	861
156		40026.13	5.219e-05	2.436e-02	0.000e+00	21	861
157		40287.71	5.219e-05	1.938e-02	0.000e+00	21	861
158		40546.18	5.219e-05	1.938e-02	0.000e+00	21	861
159		40803.66	5.219e-05	2.528e-02	0.000e+00	21	861
160		41058.25	5.219e-05	2.528e-02	0.000e+00	21	861
161		41320.72	5.219e-05	1.938e-02	0.000e+00	21	861
162		41574.60	5.219e-05	1.938e-02	0.000e+00	21	861
163		41838.67	5.219e-05	1.938e-02	0.000e+00	21	861
164		42107.36	5.219e-05	1.938e-02	0.000e+00	21	861
165		42363.14	5.219e-05	2.077e-02	0.000e+00	21	861
166		42621.83	5.219e-05	2.077e-02	0.000e+00	21	861
167		42882.31	5.219e-05	2.592e-02	0.000e+00	21	861
168		43150.68	5.219e-05	1.938e-02	0.000e+00	21	861
169		43416.91	5.219e-05	2.519e-02	0.000e+00	21	861
170		43673.16	5.217e-05	2.278e-02	2.393e-08	21	861
171		43941.24	5.207e-05	2.772e-02	1.225e-07	21	861
172		44209.63	5.207e-05	2.185e-02	1.225e-07	21	861
173		44468.39	5.207e-05	2.288e-02	1.225e-07	21	861
174		44734.55	5.207e-05	1.938e-02	1.225e-07	21	861
175		45000.53	5.207e-05	2.242e-02	1.225e-07	21	861
176		45265.61	5.207e-05	2.288e-02	1.225e-07	21	861
177		45537.10	5.207e-05	2.129e-02	1.225e-07	21	861
178		45808.67	5.207e-05	1.938e-02	1.225e-07	21	861
179		46074.34	5.207e-05	1.938e-02	1.225e-07	21	861
180		46343.25	5.207e-05	1.938e-02	1.225e-07	21	861
181		46606.02	5.207e-05	1.938e-02	1.225e-07	21	861
182		46869.99	5.207e-05	2.254e-02	1.225e-07	21	861
183		47142.47	5.207e-05	2.254e-02	1.225e-07	21	861
184		47403.66	5.205e-05	1.952e-02	1.381e-07	21	861
185		47668.54	5.205e-05	1.938e-02	1.142e-07	21	861
186		47932.81	5.205e-05	2.604e-02	1.562e-08	21	861
187		48202.30	5.205e-05	1.938e-02	1.562e-08	21	861
188		48463.27	5.205e-05	1.938e-02	1.562e-08	21	861
189		48729.96	5.205e-05	1.938e-02	1.562e-08	21	861
190		48996.53	5.203e-05	2.792e-02	3.554e-08	21	861
191		49259.92	5.203e-05	1.938e-02	3.554e-08	21	861
192		49520.92	5.203e-05	1.938e-02	3.554e-08	21	861
193		49783.51	5.203e-05	1.938e-02	3.554e-08	21	861
194		50045.18	5.203e-05	2.248e-02	3.554e-08	21	861
195		50308.26	5.203e-05	1.938e-02	3.554e-08	21	861
196		50581.34	5.203e-05	1.938e-02	3.875e-08	21	861
197		50857.49	5.203e-05	1.938e-02	3.875e-08	21	861
198		51120.96	5.203e-05	2.656e-02	3.875e-08	21	861
199		51386.34	5.202e-05	1.971e-02	3.468e-08	21	861
A	 = 4.05e+12,4.02e+13,
C0	 = 1.0,0.0,
Cpa	 = 1099.3777431063213,262.2730076217689,
Cpb	 = 0.10352271239397917,0.0708597169771762,
E	 = 1.70e+05,3.50e+05,
Hp	 = 167766.17948531552,389742.65400293993,
K	 = 28167.481766546167,100000000.0,
Value	 = 5.2016479049119964e-05,
Xi	 = 0.5789305595420886,0.5689688668153816,
eps	 = 0.861418477746647,0.94,
ka	 = 0.2876884833683225,0.09940738711713298,
kb	 = 7.133932681006629e-05,0.00020201662962355865,
n	 = 2.288111236562336,4.105054644428499,
nO2	 = 0.0,0.0,
rho	 = 1683.0,1235.0,
Results saved to C:\Users\Fyang\Workspace\optimization\optimizationPaper\config\multiReactionCharring\2Reactions\2mass\../../../../results/multiReactionCharring/2Reactions/charLinear2Reac2MassRun1_solution.txt
