C:\Users\Fyang\Workspace\optimization\optimizationPaper\config\multiReactionCharring\2Reactions\1mass_TGA\../../../../results/multiReactionCharring/2Reactions/charLinear2ReacTGA Log file
!!python/object/apply:collections.defaultdict
args:
- &id001 !!python/name:builtins.bool ''
dictitems:
  Duraboard:
    CprampF:
    - 1.0
    - 1.0
    CprampT:
    - 0
    - 5000
    eps: 0.8
    krampF:
    - 0.075932
    - 0.090229
    - 0.104522
    - 0.122143
    - 0.14158
    - 0.163436
    - 0.190738
    - 0.221975
    krampT:
    - 203.035
    - 317.4028
    - 426.9164
    - 536.4182
    - 647.3003
    - 757.4803
    - 867.6409
    - 981.2546
    rho: 258
    thickness: 0.0254
  XiState:
  - unknown
  - unknown
  assumeVolumeConservation: false
  cone:
    Tinit: 25
    activePhaseVars:
    - C0
    - rho
    - ka
    - kb
    - kc
    - kd
    - ke
    - Cpa
    - Cpb
    - Cpc
    - Cpd
    - Cpe
    - eps
    - K
    activeReactionVars:
    - A
    - E
    - n
    - Hp
    - nO2
    - Xi
    allowIgnition: false
    backBoundaryConditions:
      Tamb: 25
      htc: Auto
      type: INSULATED
    frontBoundaryConditions:
      Tamb: 25
      htc: Auto
    ignitionHeatFlux: 20
    ignitionThreshold: 0.0032
    weight: 1.0
  cone1: !!python/object/apply:collections.defaultdict
    args:
    - *id001
    dictitems:
      Tinit: 25
      activePhaseVars:
      - C0
      - rho
      - ka
      - kb
      - kc
      - kd
      - ke
      - Cpa
      - Cpb
      - Cpc
      - Cpd
      - Cpe
      - eps
      - K
      activeReactionVars:
      - A
      - E
      - n
      - Hp
      - nO2
      - Xi
      backBoundaryConditions: !!python/object/apply:collections.defaultdict
        args:
        - *id001
        dictitems:
          Tamb: 25
          htc: Auto
          type: INSULATED
      columns:
      - 1
      depths:
      - 0
      file: ../../../../data/multiReactionCharring/multiReactionCharringLinearNominalVirtual.csv
      finalThickness: false
      frontBoundaryConditions: !!python/object/apply:collections.defaultdict
        args:
        - *id001
        dictitems:
          Tamb: 25
          heatFlux: 25
          htc: 15
      ignitionHeatFlux: 20.0
      ignitionThreshold: 0.0032
      initialThickness: 0.008
      names:
      - Mass
      time: 0
      types:
      - 1
      weight: 1.0
      weights:
      - 1
      width1: 0.1016
      width2: 0.1016
  configDir: C:\Users\Fyang\Workspace\optimization\optimizationPaper\config\multiReactionCharring\2Reactions\1mass_TGA\
  dataSources:
    names:
    - cone1
    types:
    - cone
  dsc:
    activePhaseVars:
    - C0
    - Cpa
    - Cpb
    - Cpc
    - Cpd
    - Cpe
    activeReactionVars:
    - A
    - E
    - n
    - Hp
    dscO2: None
    weight: 1.0
  fdsPath: C:\Program Files\FDS\FDS6\bin
  keepTemporaryFiles: false
  name: charLinear2ReacTGA
  optimizeParams:
    absErr: 1e-7
    absRelErr: 1e-7
    elimThresh: 1e-2
    maxIter: 200
    maxTime: 600000
    minIter: 5
    minP: 21
    opAlpha: 41
    opBeta: 1
    opP: 21
    opQ: 21
    opS: 41
    relErr: 1e-12
    relIter: 15
  outputParams:
    saveAllSamples: false
  phaseParams:
    C0:
    - - 1
      - 0
      - 1
    - - 0
      - 1189
      - 1189
    Cpa:
    - - None
      - 270
      - 4320
    - - None
      - 260.25
      - 4164
    Cpb:
    - - None
      - 0.0113
      - 0.1808
    - - None
      - 0.06475
      - 1.036
    Cpc:
    - - 0.0
      - 0.0
      - 0.0
    - - 0.0
      - 0.0
      - 0.0
    Cpd:
    - - 0.0
      - 0.0
      - 0.0
    - - 0.0
      - 0.0
      - 0.0
    Cpe:
    - &id002
      - 0
      - 0
      - 1
    - *id002
    K:
    - - None
      - 2500
      - 40000
    - - 1e8
      - 1189
      - 1189
    eps:
    - - None
      - 0.235
      - 1.0
    - - 0.94
      - 0.235
      - 1.0
    ka:
    - - None
      - 0.078
      - 1.248
    - - None
      - 0.023725
      - 0.3796
    kb:
    - - None
      - 1.1013e-05
      - 0.0001762
    - - None
      - 7.075e-05
      - 0.001132
    kc:
    - - 0.0
      - 0.0
      - 0.0
    - - 0.0
      - 0.0
      - 0.0
    kd:
    - - 0.0
      - 0.0
      - 0.0
    - - 0.0
      - 0.0
      - 0.0
    ke:
    - &id003
      - 0
      - 0
      - 1
    - *id003
    nO2:
    - - 0
      - 0
      - 1
    - - 0
      - 1189
      - 1189
    phases:
    - virgin
    - char
    rho:
    - - 1683
      - 1189
      - 1189
    - - 1235
      - 1189
      - 1189
  processParams:
    maxProcesses: 4
    multiprocess: true
  reactionParams:
    A:
    - - None
      - 2.106e12
      - 2.574e12
    - - None
      - 6.75e13
      - 8.25e13
    E:
    - - None
      - 1.629e5
      - 1.991e5
    - - None
      - 1.737e5
      - 2.123e5
    Hp:
    - - None
      - 2.5e4
      - 4e5
    - - None
      - 5e4
      - 8e5
    Xi:
    - - None
      - 0.675
      - 0.825
    - - None
      - 0.45
      - 0.55
    n:
    - - None
      - 0.9
      - 1.1
    - - None
      - 1.35
      - 1.65
    nO2:
    - &id004
      - 0
      - 0
      - 1
    - *id004
    prodState:
    - 1
    - 1
    reacState:
    - 0
    - 0
    typeState:
    - 3
    - 3
  reinitializeComplex: false
  restart: false
  resultsDir: ../../../../results/multiReactionCharring/2Reactions/
  systemDir: C:\Users\Fyang\Workspace\optimization\sourceCode\optimizationpython\src
  tga:
    activePhaseVars:
    - C0
    - rho
    activeReactionVars:
    - A
    - E
    - n
    tgaO2: None
    tgaOpt: 1
    weight: 1.0
  thermalPropertyUnits: K
  virtualExperiment: false
Loop	t (s)	Error Min	Error Max	ErrorRel	Comp	Samples
0		180.33	3.547e-04	8.636e-03	1.000e+00	21	861
1		425.62	3.547e-04	8.636e-03	1.000e+00	21	861
2		686.76	3.547e-04	7.689e-03	1.000e+00	21	861
3		965.68	3.547e-04	6.597e-03	1.000e+00	21	861
4		1261.13	2.935e-04	5.357e-03	1.000e+00	21	861
5		1563.42	1.064e-04	5.357e-03	1.000e+00	21	861
6		1879.65	1.064e-04	2.565e-03	1.000e+00	21	861
7		2168.12	9.240e-05	2.347e-03	1.000e+00	21	861
8		2462.82	9.240e-05	2.347e-03	1.000e+00	21	861
9		2756.43	7.751e-05	2.347e-03	1.000e+00	21	861
10		3051.25	6.977e-05	3.313e-04	1.000e+00	21	861
11		3358.54	5.800e-05	3.189e-04	1.000e+00	21	861
12		3632.38	4.650e-05	2.937e-04	1.000e+00	21	861
13		3826.09	2.594e-05	1.435e-04	1.000e+00	21	861
14		4104.46	2.594e-05	1.435e-04	1.000e+00	21	861
15		4452.32	2.594e-05	9.694e-05	1.000e+00	21	861
16		4772.74	2.499e-05	6.527e-05	3.297e-04	21	861
17		5044.03	2.268e-05	4.580e-05	3.320e-04	21	861
18		5269.85	1.765e-05	3.784e-05	3.370e-04	21	861
19		5512.80	1.207e-05	3.299e-05	2.814e-04	21	861
20		5750.14	1.061e-05	3.299e-05	9.576e-05	21	861
21		6033.99	1.032e-05	3.021e-05	9.606e-05	21	861
22		6351.15	1.012e-05	2.986e-05	8.228e-05	21	861
23		6692.10	9.942e-06	1.747e-05	8.246e-05	21	861
24		7022.76	9.808e-06	1.747e-05	6.770e-05	21	861
25		7335.27	9.729e-06	1.697e-05	6.004e-05	21	861
26		7614.75	9.678e-06	4.689e-03	4.833e-05	21	861
27		7856.49	9.544e-06	6.739e-03	3.695e-05	21	861
28		8103.22	9.151e-06	1.713e-03	1.679e-05	21	861
29		8299.41	8.787e-06	5.330e-04	1.715e-05	21	861
30		8553.34	8.503e-06	5.330e-04	1.743e-05	21	861
31		8807.82	8.186e-06	2.744e-04	1.680e-05	21	861
32		9058.54	8.072e-06	2.744e-04	1.461e-05	21	861
33		9335.01	8.047e-06	3.642e-03	9.606e-06	21	861
34		9665.44	8.028e-06	8.435e-04	4.041e-06	21	861
35		9966.67	8.014e-06	4.019e-04	2.595e-06	21	861
36		10257.90	8.014e-06	2.025e-04	2.303e-06	21	861
37		10535.13	8.004e-06	2.025e-04	2.116e-06	21	861
38		10801.83	7.999e-06	2.025e-04	1.943e-06	21	861
39		11075.20	7.979e-06	1.981e-04	1.829e-06	21	861
40		11287.90	7.946e-06	1.981e-04	1.783e-06	21	861
41		11513.58	7.869e-06	8.636e-03	1.810e-06	21	861
42		11774.67	7.639e-06	8.636e-03	1.905e-06	21	861
43		11976.68	7.535e-06	8.636e-03	1.616e-06	21	861
44		12189.94	7.474e-06	7.775e-03	1.313e-06	21	861
45		12461.33	7.440e-06	8.636e-03	1.063e-06	21	861
46		12715.96	7.400e-06	8.636e-03	7.863e-07	21	861
47		12963.40	7.390e-06	8.630e-03	6.812e-07	21	861
48		13243.38	7.382e-06	6.479e-03	6.655e-07	21	861
49		13485.38	7.359e-06	4.489e-03	6.688e-07	21	861
50		13701.35	7.348e-06	2.855e-03	6.663e-07	21	861
51		13953.17	7.319e-06	2.270e-03	6.953e-07	21	861
52		14141.39	7.311e-06	1.144e-03	6.934e-07	21	861
53		14401.55	7.296e-06	5.724e-04	7.025e-07	21	861
54		14626.83	7.279e-06	2.856e-04	7.003e-07	21	861
55		14832.34	7.252e-06	3.777e-05	6.938e-07	21	861
56		15076.57	7.216e-06	3.777e-05	6.524e-07	21	861
57		15315.18	7.199e-06	1.905e-05	4.401e-07	21	861
58		15589.27	7.184e-06	1.180e-05	3.505e-07	21	861
59		15862.56	7.174e-06	7.552e-06	3.001e-07	21	861
60		16109.29	7.160e-06	7.240e-06	2.800e-07	21	861
61		16369.34	7.142e-06	7.212e-06	2.578e-07	21	861
62		16634.03	7.126e-06	7.212e-06	2.646e-07	21	861
63		16889.21	7.120e-06	7.199e-06	2.616e-07	21	861
64		17157.82	7.117e-06	7.177e-06	2.421e-07	21	861
65		17472.81	7.116e-06	7.177e-06	2.324e-07	21	861
66		17739.88	7.111e-06	7.177e-06	2.080e-07	21	861
67		17984.64	7.110e-06	7.133e-06	2.010e-07	21	861
68		18221.87	7.107e-06	7.126e-06	1.893e-07	21	861
69		18482.28	7.102e-06	5.310e-03	1.767e-07	21	861
70		18673.12	7.092e-06	7.477e-03	1.603e-07	21	861
71		18884.23	7.066e-06	7.477e-03	1.503e-07	21	861
72		19139.96	7.031e-06	7.477e-03	1.677e-07	21	861
73		19361.75	7.002e-06	1.098e-03	1.820e-07	21	861
74		19598.38	6.991e-06	1.342e-04	1.829e-07	21	861
75		19831.75	6.971e-06	3.427e-05	1.889e-07	21	861
76		20024.88	6.934e-06	3.427e-05	2.082e-07	21	861
77		20271.22	6.929e-06	1.826e-05	1.972e-07	21	861
78		20482.09	6.922e-06	8.028e-06	1.977e-07	21	861
79		20689.78	6.922e-06	8.635e-03	1.944e-07	21	861
80		20941.51	6.921e-06	6.970e-03	1.942e-07	21	861
81		21162.21	6.921e-06	4.784e-03	1.896e-07	21	861
82		21369.54	6.920e-06	8.632e-03	1.897e-07	21	861
83		21616.17	6.919e-06	8.632e-03	1.875e-07	21	861
84		21818.87	6.918e-06	6.542e-03	1.836e-07	21	861
85		22045.95	6.918e-06	8.562e-03	1.745e-07	21	861
86		22303.06	6.917e-06	4.196e-03	1.489e-07	21	861
87		22544.49	6.917e-06	8.633e-03	1.145e-07	21	861
88		22782.46	6.916e-06	8.636e-03	8.608e-08	21	861
89		23044.24	6.916e-06	8.636e-03	7.472e-08	21	861
90		23256.19	6.915e-06	8.589e-03	5.584e-08	21	861
91		23480.03	6.914e-06	8.589e-03	1.908e-08	21	861
92		23711.68	6.913e-06	8.514e-03	1.545e-08	21	861
93		23913.06	6.912e-06	4.035e-03	1.027e-08	21	861
94		24186.03	6.911e-06	1.029e-03	1.119e-08	21	861
95		24407.14	6.909e-06	2.549e-04	1.205e-08	21	861
96		24605.14	6.908e-06	1.274e-04	1.367e-08	21	861
97		24894.22	6.908e-06	1.274e-04	1.280e-08	21	861
98		25172.31	6.907e-06	8.636e-03	1.214e-08	21	861
99		25433.49	6.907e-06	8.636e-03	1.142e-08	21	861
100		25659.79	6.907e-06	8.636e-03	1.085e-08	21	861
101		25923.21	6.906e-06	8.636e-03	1.068e-08	21	861
102		26154.50	6.906e-06	8.629e-03	1.048e-08	21	861
103		26372.54	6.906e-06	8.629e-03	1.012e-08	21	861
104		26630.40	6.906e-06	3.357e-03	1.020e-08	21	861
105		26854.06	6.905e-06	1.654e-03	1.004e-08	21	861
106		27052.56	6.905e-06	5.627e-03	9.397e-09	21	861
107		27308.46	6.905e-06	2.337e-03	8.440e-09	21	861
108		27515.83	6.905e-06	4.970e-04	7.504e-09	21	861
109		27761.48	6.904e-06	2.415e-04	6.637e-09	21	861
110		28039.93	6.904e-06	8.636e-03	5.044e-09	21	861
111		28267.82	6.904e-06	3.793e-03	3.448e-09	21	861
112		28492.37	6.904e-06	2.290e-04	3.754e-09	21	861
113		28750.71	6.903e-06	1.577e-05	4.402e-09	21	861
114		28958.59	6.901e-06	9.941e-06	5.901e-09	21	861
115		29201.59	6.900e-06	6.981e-06	6.283e-09	21	861
116		29456.52	6.899e-06	3.128e-03	7.430e-09	21	861
117		29663.28	6.897e-06	3.328e-04	8.962e-09	21	861
118		29910.58	6.896e-06	4.058e-05	9.630e-09	21	861
119		30127.48	6.896e-06	4.058e-05	9.663e-09	21	861
120		30337.09	6.896e-06	4.058e-05	9.605e-09	21	861
121		30585.18	6.896e-06	2.107e-05	9.531e-09	21	861
122		30793.87	6.895e-06	1.212e-05	9.451e-09	21	861
123		30998.00	6.895e-06	7.357e-06	9.505e-09	21	861
124		31238.20	6.895e-06	6.937e-06	9.732e-09	21	861
125		31430.80	6.894e-06	6.902e-06	9.978e-09	21	861
126		31631.07	6.894e-06	6.897e-06	1.060e-08	21	861
127		31871.62	6.892e-06	6.897e-06	1.135e-08	21	861
128		32082.64	6.892e-06	6.897e-06	1.120e-08	21	861
129		32288.90	6.890e-06	6.895e-06	1.103e-08	21	861
130		32543.94	6.888e-06	6.894e-06	1.275e-08	21	861
131		32751.40	6.886e-06	6.893e-06	1.243e-08	21	861
132		32975.30	6.886e-06	6.891e-06	1.124e-08	21	861
133		33175.35	6.885e-06	6.891e-06	1.142e-08	21	861
134		33343.87	6.883e-06	6.891e-06	1.300e-08	21	861
135		33506.77	6.880e-06	6.888e-06	1.629e-08	21	861
136		33663.54	6.876e-06	6.888e-06	1.941e-08	21	861
137		33837.82	6.873e-06	6.886e-06	2.252e-08	21	861
138		34017.85	6.870e-06	6.886e-06	2.533e-08	21	861
139		34176.60	6.866e-06	6.885e-06	2.847e-08	21	861
140		34342.52	6.864e-06	6.885e-06	3.049e-08	21	861
141		34511.43	6.864e-06	6.885e-06	3.000e-08	21	861
142		34664.57	6.863e-06	6.872e-06	2.977e-08	21	861
143		34833.64	6.863e-06	6.870e-06	2.905e-08	21	861
144		34998.19	6.862e-06	6.868e-06	2.775e-08	21	861
145		35153.60	6.862e-06	6.866e-06	2.568e-08	21	861
146		35316.24	6.862e-06	6.864e-06	2.482e-08	21	861
147		35471.82	6.861e-06	6.864e-06	2.470e-08	21	861
148		35624.45	6.860e-06	6.864e-06	2.451e-08	21	861
149		35763.04	6.860e-06	6.864e-06	2.331e-08	21	861
150		35922.35	6.858e-06	6.862e-06	2.144e-08	21	861
151		36075.98	6.855e-06	6.861e-06	2.119e-08	21	861
152		36226.15	6.851e-06	6.861e-06	2.190e-08	21	861
153		36368.62	6.845e-06	6.860e-06	2.520e-08	21	861
154		36525.34	6.840e-06	6.858e-06	2.636e-08	21	861
155		36685.76	6.836e-06	6.858e-06	2.825e-08	21	861
156		36828.98	6.834e-06	6.858e-06	2.990e-08	21	861
157		36987.04	6.832e-06	6.858e-06	3.093e-08	21	861
158		37146.29	6.831e-06	6.844e-06	3.119e-08	21	861
159		37301.86	6.830e-06	6.842e-06	3.181e-08	21	861
160		37452.51	6.829e-06	6.842e-06	3.257e-08	21	861
161		37617.64	6.829e-06	6.835e-06	3.254e-08	21	861
162		37780.06	6.829e-06	6.833e-06	3.230e-08	21	861
163		37933.00	6.829e-06	6.833e-06	3.162e-08	21	861
164		38090.93	6.829e-06	6.830e-06	3.111e-08	21	861
165		38247.03	6.828e-06	6.830e-06	2.967e-08	21	861
166		38384.16	6.828e-06	6.829e-06	2.698e-08	21	861
167		38536.70	6.828e-06	6.829e-06	2.307e-08	21	861
168		38688.11	6.827e-06	6.829e-06	1.717e-08	21	861
169		38839.29	6.827e-06	6.829e-06	1.286e-08	21	861
170		38972.08	6.827e-06	6.828e-06	9.006e-09	21	861
171		39121.98	6.826e-06	6.828e-06	7.687e-09	21	861
172		39274.20	6.826e-06	6.828e-06	6.222e-09	21	861
173		39432.09	6.824e-06	6.828e-06	6.967e-09	21	861
174		39567.49	6.823e-06	6.827e-06	6.984e-09	21	861
175		39717.58	6.823e-06	6.827e-06	6.204e-09	21	861
176		39869.19	6.823e-06	6.826e-06	5.899e-09	21	861
177		40026.38	6.823e-06	6.826e-06	5.990e-09	21	861
178		40171.51	6.823e-06	6.826e-06	5.806e-09	21	861
179		40341.27	6.823e-06	8.635e-03	5.691e-09	21	861
180		40523.82	6.823e-06	8.636e-03	5.531e-09	21	861
181		40689.19	6.823e-06	8.636e-03	5.066e-09	21	861
182		40853.04	6.823e-06	8.636e-03	4.904e-09	21	861
183		41021.14	6.823e-06	8.635e-03	4.515e-09	21	861
184		41198.35	6.823e-06	8.636e-03	4.147e-09	21	861
185		41369.34	6.823e-06	8.636e-03	3.742e-09	21	861
186		41545.79	6.823e-06	8.636e-03	3.133e-09	21	861
187		41724.71	6.823e-06	8.636e-03	2.707e-09	21	861
188		41886.51	6.823e-06	8.636e-03	1.669e-09	21	861
189		42060.79	6.823e-06	8.635e-03	6.934e-10	21	861
190		42238.90	6.823e-06	8.636e-03	4.198e-10	21	861
191		42405.37	6.823e-06	8.636e-03	3.548e-10	21	861
192		42582.38	6.823e-06	8.636e-03	2.189e-10	21	861
193		42758.30	6.823e-06	8.636e-03	2.345e-10	21	861
194		42925.49	6.823e-06	8.636e-03	2.263e-10	21	861
195		43088.74	6.823e-06	8.636e-03	2.015e-10	21	861
196		43251.59	6.823e-06	7.211e-03	3.392e-10	21	861
197		43411.53	6.822e-06	7.211e-03	4.126e-10	21	861
198		43597.74	6.822e-06	8.636e-03	4.201e-10	21	861
199		43803.18	6.822e-06	8.626e-03	4.238e-10	21	861
A	 = 2.35e+12,6.75e+13,
C0	 = 1.0,0.0,
Cpa	 = 1205.4872630406785,1273.6579100278336,
Cpb	 = 0.01133315934151485,0.07824989359536508,
E	 = 1.81e+05,1.91e+05,
Hp	 = 25011.34102814892,222439.15323865094,
K	 = 29800.688148193385,100000000.0,
Value	 = 6.822463890859587e-06,
Xi	 = 0.6770431422494257,0.5435949248579287,
eps	 = 0.9999809746819336,0.94,
ka	 = 0.3321550209029729,0.03153635339367477,
kb	 = 8.803951822916318e-05,0.00039275647770263956,
n	 = 1.0480052783859954,1.6499945664166429,
nO2	 = 0.0,0.0,
rho	 = 1683.0,1235.0,
Results saved to C:\Users\Fyang\Workspace\optimization\optimizationPaper\config\multiReactionCharring\2Reactions\1mass_TGA\../../../../results/multiReactionCharring/2Reactions/charLinear2ReacTGA_solution.txt
