C:\Users\Fyang\Workspace\optimization\optimizationPaper\config\multiReactionCharring\2Reactions\1mass_BT\../../../../results/multiReactionCharring/2Reactions/charLinear2ReacBT Log file
!!python/object/apply:collections.defaultdict
args:
- &id001 !!python/name:builtins.bool ''
dictitems:
  Duraboard:
    CprampF:
    - 1.0
    - 1.0
    CprampT:
    - 0
    - 5000
    eps: 0.8
    krampF:
    - 0.075932
    - 0.090229
    - 0.104522
    - 0.122143
    - 0.14158
    - 0.163436
    - 0.190738
    - 0.221975
    krampT:
    - 203.035
    - 317.4028
    - 426.9164
    - 536.4182
    - 647.3003
    - 757.4803
    - 867.6409
    - 981.2546
    rho: 258
    thickness: 0.0254
  XiState:
  - unknown
  - unknown
  assumeVolumeConservation: false
  cone:
    Tinit: 25
    activePhaseVars:
    - C0
    - rho
    - ka
    - kb
    - kc
    - kd
    - ke
    - Cpa
    - Cpb
    - Cpc
    - Cpd
    - Cpe
    - eps
    - K
    activeReactionVars:
    - A
    - E
    - n
    - Hp
    - nO2
    - Xi
    allowIgnition: false
    backBoundaryConditions:
      Tamb: 25
      htc: Auto
      type: INSULATED
    frontBoundaryConditions:
      Tamb: 25
      htc: Auto
    ignitionHeatFlux: 20
    ignitionThreshold: 0.0032
    weight: 1.0
  cone1: !!python/object/apply:collections.defaultdict
    args:
    - *id001
    dictitems:
      Tinit: 25
      activePhaseVars:
      - C0
      - rho
      - ka
      - kb
      - kc
      - kd
      - ke
      - Cpa
      - Cpb
      - Cpc
      - Cpd
      - Cpe
      - eps
      - K
      activeReactionVars:
      - A
      - E
      - n
      - Hp
      - nO2
      - Xi
      backBoundaryConditions: !!python/object/apply:collections.defaultdict
        args:
        - *id001
        dictitems:
          Tamb: 25
          htc: Auto
          type: INSULATED
      columns:
      - 1
      - 3
      depths:
      - 0
      - 0.008
      file: ../../../../data/multiReactionCharring/multiReactionCharringLinearNominalVirtual.csv
      finalThickness: false
      frontBoundaryConditions: !!python/object/apply:collections.defaultdict
        args:
        - *id001
        dictitems:
          Tamb: 25
          heatFlux: 25
          htc: 15
      ignitionHeatFlux: 20.0
      ignitionThreshold: 0.0032
      initialThickness: 0.008
      names:
      - Mass
      - Temperature
      time: 0
      types:
      - 1
      - 3
      weight: 1.0
      weights:
      - 1
      - 1
      width1: 0.1016
      width2: 0.1016
  configDir: C:\Users\Fyang\Workspace\optimization\optimizationPaper\config\multiReactionCharring\2Reactions\1mass_BT\
  dataSources:
    names:
    - cone1
    types:
    - cone
  dsc:
    activePhaseVars:
    - C0
    - Cpa
    - Cpb
    - Cpc
    - Cpd
    - Cpe
    activeReactionVars:
    - A
    - E
    - n
    - Hp
    dscO2: None
    weight: 1.0
  fdsPath: C:\Program Files\FDS\FDS6\bin
  keepTemporaryFiles: false
  name: charLinear2ReacBT
  optimizeParams:
    absErr: 1e-7
    absRelErr: 5e-7
    elimThresh: 1e-2
    maxIter: 200
    maxTime: 600000
    minIter: 5
    minP: 21
    opAlpha: 41
    opBeta: 1
    opP: 21
    opQ: 21
    opS: 41
    relErr: 1e-12
    relIter: 15
  outputParams:
    saveAllSamples: false
  phaseParams:
    C0:
    - - 1
      - 0
      - 1
    - - 0
      - 1189
      - 1189
    Cpa:
    - - None
      - 270
      - 4320
    - - None
      - 260.25
      - 4164
    Cpb:
    - - None
      - 0.0113
      - 0.1808
    - - None
      - 0.06475
      - 1.036
    Cpc:
    - - 0.0
      - 0.0
      - 0.0
    - - 0.0
      - 0.0
      - 0.0
    Cpd:
    - - 0.0
      - 0.0
      - 0.0
    - - 0.0
      - 0.0
      - 0.0
    Cpe:
    - &id002
      - 0
      - 0
      - 1
    - *id002
    K:
    - - None
      - 2500
      - 40000
    - - 1e8
      - 1189
      - 1189
    eps:
    - - None
      - 0.235
      - 1.0
    - - 0.94
      - 0.235
      - 1.0
    ka:
    - - None
      - 0.078
      - 1.248
    - - None
      - 0.023725
      - 0.3796
    kb:
    - - None
      - 1.1013e-05
      - 0.0001762
    - - None
      - 7.075e-05
      - 0.001132
    kc:
    - - 0.0
      - 0.0
      - 0.0
    - - 0.0
      - 0.0
      - 0.0
    kd:
    - - 0.0
      - 0.0
      - 0.0
    - - 0.0
      - 0.0
      - 0.0
    ke:
    - &id003
      - 0
      - 0
      - 1
    - *id003
    nO2:
    - - 0
      - 0
      - 1
    - - 0
      - 1189
      - 1189
    phases:
    - virgin
    - char
    rho:
    - - 1683
      - 1189
      - 1189
    - - 1235
      - 1189
      - 1189
  processParams:
    maxProcesses: 4
    multiprocess: true
  reactionParams:
    A:
    - - None
      - 5.86e11
      - 9.376e12
    - - None
      - 1.875e13
      - 3e14
    E:
    - - None
      - 4.525e4
      - 7.24e5
    - - None
      - 4.825e4
      - 7.72e5
    Hp:
    - - None
      - 2.5e4
      - 4e5
    - - None
      - 5e4
      - 8e5
    Xi:
    - - None
      - 0.1875
      - 1
    - - None
      - 0.125
      - 1
    n:
    - - None
      - 0.25
      - 4.0
    - - None
      - 0.375
      - 6.0
    nO2:
    - &id004
      - 0
      - 0
      - 1
    - *id004
    prodState:
    - 1
    - 1
    reacState:
    - 0
    - 0
    typeState:
    - 3
    - 3
  reinitializeComplex: false
  restart: false
  resultsDir: ../../../../results/multiReactionCharring/2Reactions/
  systemDir: C:\Users\Fyang\Workspace\optimization\sourceCode\optimizationpython\src
  tga:
    activePhaseVars:
    - C0
    - rho
    activeReactionVars:
    - A
    - E
    - n
    tgaO2: None
    tgaOpt: 1
    weight: 1.0
  thermalPropertyUnits: K
  virtualExperiment: false
Loop	t (s)	Error Min	Error Max	ErrorRel	Comp	Samples
0		157.26	3.335e-03	2.742e-02	1.000e+00	21	861
1		333.78	2.551e-03	2.723e-02	1.000e+00	21	861
2		532.18	1.363e-03	2.569e-02	1.000e+00	21	861
3		739.54	1.363e-03	2.538e-02	1.000e+00	21	861
4		925.13	1.363e-03	2.650e-02	1.000e+00	21	861
5		1134.17	1.148e-03	2.629e-02	1.000e+00	21	861
6		1353.35	1.148e-03	2.599e-02	1.000e+00	21	861
7		1583.41	1.148e-03	2.338e-02	1.000e+00	21	861
8		1811.45	1.062e-03	2.291e-02	1.000e+00	21	861
9		2025.33	8.764e-04	1.549e-02	1.000e+00	21	861
10		2237.00	7.822e-04	1.254e-02	1.000e+00	21	861
11		2440.56	7.187e-04	1.254e-02	1.000e+00	21	861
12		2657.58	5.813e-04	8.543e-03	1.000e+00	21	861
13		2843.98	4.199e-04	4.123e-03	1.000e+00	21	861
14		3010.91	3.793e-04	2.525e-03	1.000e+00	21	861
15		3219.56	3.537e-04	1.447e-03	1.000e+00	21	861
16		3427.22	3.101e-04	8.719e-04	2.241e-03	21	861
17		3623.47	2.596e-04	8.719e-04	1.104e-03	21	861
18		3822.61	2.118e-04	5.737e-04	1.152e-03	21	861
19		4012.12	1.360e-04	5.585e-04	1.227e-03	21	861
20		4196.21	1.041e-04	5.585e-04	1.044e-03	21	861
21		4394.17	8.804e-05	3.944e-04	1.060e-03	21	861
22		4619.46	7.707e-05	2.966e-04	1.071e-03	21	861
23		4841.12	6.854e-05	2.236e-04	9.935e-04	21	861
24		5065.06	6.477e-05	2.236e-04	8.116e-04	21	861
25		5296.58	6.235e-05	2.153e-04	7.198e-04	21	861
26		5522.49	5.971e-05	1.308e-04	6.590e-04	21	861
27		5717.76	5.642e-05	1.308e-04	5.249e-04	21	861
28		5889.82	5.160e-05	1.308e-04	3.683e-04	21	861
29		6041.65	4.314e-05	1.308e-04	3.362e-04	21	861
30		6225.71	3.344e-05	1.266e-04	3.202e-04	21	861
31		6411.88	2.976e-05	1.151e-04	2.803e-04	21	861
32		6611.40	2.976e-05	5.558e-05	2.298e-04	21	861
33		6839.50	2.962e-05	4.924e-05	1.821e-04	21	861
34		7062.78	2.887e-05	4.286e-05	1.071e-04	21	861
35		7282.81	2.863e-05	4.286e-05	7.547e-05	21	861
36		7505.28	2.841e-05	3.558e-05	5.964e-05	21	861
37		7711.99	2.814e-05	3.341e-05	4.893e-05	21	861
38		7878.23	2.762e-05	2.988e-05	4.092e-05	21	861
39		8039.69	2.694e-05	2.893e-05	3.783e-05	21	861
40		8210.19	2.665e-05	2.842e-05	3.570e-05	21	861
41		8430.94	2.654e-05	2.842e-05	3.317e-05	21	861
42		8653.72	2.651e-05	2.842e-05	2.991e-05	21	861
43		8881.33	2.648e-05	2.758e-05	2.512e-05	21	861
44		9099.75	2.647e-05	2.700e-05	1.667e-05	21	861
45		9308.47	2.643e-05	2.666e-05	7.009e-06	21	861
46		9489.74	2.640e-05	2.654e-05	3.351e-06	21	861
47		9648.19	2.634e-05	2.651e-05	3.413e-06	21	861
48		9825.58	2.631e-05	2.650e-05	3.310e-06	21	861
49		10028.84	2.630e-05	2.649e-05	2.576e-06	21	861
50		10233.84	2.629e-05	2.649e-05	2.334e-06	21	861
51		10459.80	2.629e-05	2.641e-05	2.113e-06	21	861
52		10680.66	2.629e-05	2.641e-05	1.853e-06	21	861
53		10880.28	2.629e-05	2.126e-02	1.333e-06	21	861
54		11064.11	2.628e-05	1.220e-02	6.579e-07	21	861
55		11214.48	2.625e-05	1.390e-02	3.950e-07	21	861
56		11385.26	2.622e-05	1.390e-02	3.253e-07	21	861
57		11572.16	2.620e-05	1.390e-02	3.047e-07	21	861
58		11757.60	2.618e-05	1.390e-02	2.960e-07	21	861
59		11947.08	2.617e-05	1.067e-02	2.932e-07	21	861
60		12159.56	2.617e-05	1.067e-02	2.685e-07	21	861
61		12377.88	2.616e-05	7.837e-03	2.407e-07	21	861
62		12579.14	2.616e-05	2.866e-03	1.851e-07	21	861
63		12774.47	2.615e-05	4.648e-04	1.527e-07	21	861
64		12965.83	2.615e-05	4.552e-04	1.484e-07	21	861
65		13160.36	2.615e-05	2.038e-02	1.451e-07	21	861
66		13329.28	2.614e-05	2.038e-02	1.535e-07	21	861
67		13491.36	2.612e-05	1.376e-02	1.671e-07	21	861
68		13661.46	2.611e-05	1.376e-02	1.769e-07	21	861
69		13829.89	2.609e-05	1.376e-02	1.841e-07	21	861
70		14007.62	2.607e-05	8.017e-03	1.808e-07	21	861
71		14180.04	2.605e-05	4.547e-03	1.666e-07	21	861
72		14367.64	2.604e-05	5.563e-04	1.580e-07	21	861
73		14554.33	2.603e-05	1.423e-04	1.507e-07	21	861
74		14736.86	2.602e-05	4.493e-05	1.534e-07	21	861
75		14927.90	2.601e-05	2.775e-05	1.581e-07	21	861
76		15107.55	2.599e-05	2.643e-05	1.695e-07	21	861
77		15301.82	2.598e-05	2.604e-05	1.726e-07	21	861
78		15499.13	2.598e-05	2.604e-05	1.754e-07	21	861
79		15692.93	2.597e-05	2.602e-05	1.769e-07	21	861
80		15888.38	2.597e-05	2.600e-05	1.783e-07	21	861
81		16072.09	2.597e-05	2.599e-05	1.735e-07	21	861
82		16261.28	2.596e-05	2.599e-05	1.642e-07	21	861
83		16435.71	2.595e-05	2.599e-05	1.563e-07	21	861
84		16621.37	2.595e-05	2.597e-05	1.478e-07	21	861
85		16789.04	2.593e-05	2.597e-05	1.427e-07	21	861
86		16960.00	2.591e-05	2.596e-05	1.401e-07	21	861
87		17112.89	2.587e-05	2.596e-05	1.769e-07	21	861
88		17293.01	2.583e-05	2.596e-05	2.020e-07	21	861
89		17478.99	2.581e-05	2.595e-05	2.134e-07	21	861
90		17665.76	2.577e-05	2.589e-05	2.329e-07	21	861
91		17846.23	2.575e-05	2.586e-05	2.462e-07	21	861
92		18020.88	2.572e-05	2.584e-05	2.605e-07	21	861
93		18201.54	2.571e-05	2.583e-05	2.718e-07	21	861
94		18379.03	2.570e-05	2.582e-05	2.750e-07	21	861
95		18546.90	2.569e-05	2.578e-05	2.757e-07	21	861
96		18714.58	2.569e-05	2.575e-05	2.774e-07	21	861
97		18878.67	2.568e-05	2.574e-05	2.778e-07	21	861
98		19033.05	2.567e-05	2.571e-05	2.795e-07	21	861
99		19189.84	2.567e-05	2.571e-05	2.786e-07	21	861
100		19360.54	2.566e-05	2.570e-05	2.684e-07	21	861
101		19522.03	2.565e-05	2.569e-05	2.580e-07	21	861
102		19683.09	2.565e-05	2.568e-05	2.184e-07	21	861
103		19852.11	2.564e-05	2.568e-05	1.891e-07	21	861
104		20018.74	2.563e-05	2.567e-05	1.767e-07	21	861
105		20177.99	2.561e-05	2.565e-05	1.623e-07	21	861
106		20348.99	2.559e-05	2.565e-05	1.549e-07	21	861
107		20526.15	2.558e-05	2.564e-05	1.476e-07	21	861
108		20696.07	2.555e-05	2.564e-05	1.562e-07	21	861
109		20880.50	2.552e-05	2.564e-05	1.811e-07	21	861
110		21069.22	2.550e-05	2.561e-05	1.958e-07	21	861
111		21266.65	2.548e-05	2.561e-05	2.045e-07	21	861
112		21461.89	2.547e-05	2.556e-05	2.129e-07	21	861
113		21643.62	2.544e-05	2.554e-05	2.335e-07	21	861
114		21828.37	2.543e-05	2.550e-05	2.387e-07	21	861
115		22019.21	2.542e-05	2.549e-05	2.411e-07	21	861
116		22207.21	2.542e-05	2.549e-05	2.360e-07	21	861
117		22396.63	2.542e-05	2.547e-05	2.311e-07	21	861
118		22588.09	2.542e-05	2.547e-05	2.249e-07	21	861
119		22770.17	2.542e-05	2.544e-05	2.144e-07	21	861
120		22945.51	2.541e-05	2.544e-05	1.974e-07	21	861
121		23121.67	2.541e-05	2.542e-05	1.787e-07	21	861
122		23292.33	2.541e-05	2.542e-05	1.630e-07	21	861
123		23475.21	2.541e-05	2.324e-02	1.366e-07	21	861
124		23645.83	2.541e-05	2.324e-02	1.033e-07	21	861
125		23825.41	2.541e-05	1.448e-02	8.429e-08	21	861
126		24014.19	2.541e-05	1.448e-02	7.047e-08	21	861
127		24195.32	2.541e-05	1.448e-02	5.521e-08	21	861
128		24369.53	2.541e-05	7.131e-03	2.853e-08	21	861
129		24522.22	2.541e-05	2.522e-03	1.747e-08	21	861
130		24687.01	2.541e-05	1.253e-03	1.202e-08	21	861
131		24843.01	2.541e-05	1.253e-03	1.072e-08	21	861
132		24992.65	2.541e-05	2.386e-04	1.016e-08	21	861
133		25165.83	2.541e-05	1.238e-04	9.642e-09	21	861
134		25326.58	2.540e-05	6.702e-05	1.070e-08	21	861
135		25500.97	2.540e-05	4.127e-05	1.045e-08	21	861
136		25697.40	2.540e-05	3.084e-05	1.054e-08	21	861
137		25873.15	2.540e-05	2.581e-05	1.053e-08	21	861
138		26036.92	2.540e-05	2.546e-05	1.074e-08	21	861
139		26211.71	2.540e-05	2.542e-05	1.106e-08	21	861
140		26380.60	2.540e-05	2.542e-05	1.132e-08	21	861
141		26539.53	2.540e-05	2.540e-05	1.230e-08	21	861
142		26703.39	2.540e-05	2.540e-05	1.358e-08	21	861
143		26861.99	2.540e-05	2.540e-05	1.515e-08	21	861
144		27019.01	2.539e-05	2.540e-05	1.876e-08	21	861
145		27184.11	2.539e-05	2.540e-05	2.268e-08	21	861
146		27350.28	2.539e-05	2.540e-05	2.238e-08	21	861
147		27526.49	2.538e-05	2.540e-05	2.431e-08	21	861
148		27697.38	2.538e-05	2.539e-05	2.718e-08	21	861
149		27858.54	2.538e-05	2.539e-05	2.902e-08	21	861
150		28039.99	2.537e-05	2.539e-05	2.986e-08	21	861
151		28219.21	2.537e-05	2.539e-05	3.028e-08	21	861
152		28401.47	2.537e-05	2.538e-05	3.039e-08	21	861
153		28568.70	2.537e-05	2.538e-05	3.048e-08	21	861
154		28734.74	2.537e-05	2.538e-05	3.011e-08	21	861
155		28904.66	2.537e-05	2.538e-05	3.001e-08	21	861
156		29063.59	2.537e-05	2.537e-05	2.887e-08	21	861
157		29223.72	2.537e-05	2.537e-05	2.753e-08	21	861
158		29377.35	2.537e-05	2.537e-05	2.494e-08	21	861
159		29526.58	2.537e-05	2.537e-05	2.100e-08	21	861
160		29681.82	2.537e-05	2.537e-05	1.654e-08	21	861
161		29831.36	2.537e-05	2.537e-05	1.578e-08	21	861
162		29993.93	2.537e-05	2.537e-05	1.297e-08	21	861
163		30150.62	2.537e-05	2.537e-05	1.143e-08	21	861
164		30310.78	2.537e-05	2.537e-05	1.035e-08	21	861
165		30484.28	2.536e-05	2.537e-05	1.065e-08	21	861
166		30653.93	2.536e-05	2.537e-05	1.150e-08	21	861
167		30830.20	2.536e-05	2.537e-05	1.337e-08	21	861
168		31010.54	2.536e-05	2.537e-05	1.494e-08	21	861
169		31177.18	2.535e-05	2.536e-05	1.921e-08	21	861
170		31350.21	2.535e-05	2.536e-05	2.057e-08	21	861
171		31522.65	2.535e-05	2.536e-05	2.199e-08	21	861
172		31706.12	2.535e-05	2.536e-05	2.192e-08	21	861
173		31870.54	2.535e-05	2.536e-05	2.252e-08	21	861
174		32034.92	2.535e-05	2.535e-05	2.306e-08	21	861
175		32200.83	2.535e-05	2.535e-05	2.301e-08	21	861
176		32361.38	2.535e-05	2.535e-05	2.232e-08	21	861
177		32518.07	2.535e-05	2.535e-05	2.201e-08	21	861
178		32679.37	2.535e-05	2.535e-05	2.030e-08	21	861
179		32835.25	2.535e-05	2.535e-05	1.889e-08	21	861
180		32994.88	2.535e-05	2.535e-05	1.775e-08	21	861
181		33154.06	2.535e-05	2.535e-05	1.652e-08	21	861
182		33326.29	2.534e-05	1.827e-02	1.478e-08	21	861
183		33526.43	2.534e-05	2.589e-02	1.299e-08	21	861
184		33734.76	2.534e-05	2.502e-02	8.878e-09	21	861
185		33936.41	2.534e-05	2.142e-02	7.381e-09	21	861
186		34132.13	2.534e-05	2.317e-02	5.912e-09	21	861
187		34311.68	2.534e-05	1.400e-02	5.766e-09	21	861
188		34498.26	2.534e-05	1.935e-02	5.131e-09	21	861
189		34667.09	2.534e-05	1.935e-02	4.531e-09	21	861
190		34834.68	2.534e-05	1.082e-02	4.548e-09	21	861
191		34998.57	2.534e-05	1.082e-02	4.876e-09	21	861
192		35159.71	2.534e-05	5.913e-03	5.330e-09	21	861
193		35319.50	2.534e-05	7.779e-04	6.046e-09	21	861
194		35473.17	2.534e-05	3.890e-04	6.263e-09	21	861
195		35627.62	2.534e-05	1.957e-04	6.664e-09	21	861
196		35783.43	2.534e-05	3.441e-05	8.448e-09	21	861
197		35947.60	2.534e-05	2.709e-05	9.046e-09	21	861
198		36122.37	2.533e-05	2.709e-05	1.027e-08	21	861
199		36292.79	2.533e-05	2.680e-05	1.198e-08	21	861
A	 = 5.81e+12,1.21e+14,
C0	 = 1.0,0.0,
Cpa	 = 1154.5175950268656,741.7049198537009,
Cpb	 = 0.01131357786700967,0.6771999329617627,
E	 = 1.78e+05,4.89e+05,
Hp	 = 165915.51947469945,452698.8011958437,
K	 = 5866.990647245892,100000000.0,
Value	 = 2.5332260535488004e-05,
Xi	 = 0.5820489323430613,0.6797516075085901,
eps	 = 0.976450140002215,0.94,
ka	 = 0.3289224286281942,0.023820384572425198,
kb	 = 5.288213694731317e-05,0.00038133190023949086,
n	 = 1.2434529159167071,5.988641252742619,
nO2	 = 0.0,0.0,
rho	 = 1683.0,1235.0,
Results saved to C:\Users\Fyang\Workspace\optimization\optimizationPaper\config\multiReactionCharring\2Reactions\1mass_BT\../../../../results/multiReactionCharring/2Reactions/charLinear2ReacBT_solution.txt
