C:\Users\Fyang\Workspace\optimization\optimizationPaper\config\multiReactionCharring\2Reactions\2mass_TGA\../../../../results/multiReactionCharring/2Reactions/charLinear2Reac2MassTGA Log file
!!python/object/apply:collections.defaultdict
args:
- &id001 !!python/name:builtins.bool ''
dictitems:
  Duraboard:
    CprampF:
    - 1.0
    - 1.0
    CprampT:
    - 0
    - 5000
    eps: 0.8
    krampF:
    - 0.075932
    - 0.090229
    - 0.104522
    - 0.122143
    - 0.14158
    - 0.163436
    - 0.190738
    - 0.221975
    krampT:
    - 203.035
    - 317.4028
    - 426.9164
    - 536.4182
    - 647.3003
    - 757.4803
    - 867.6409
    - 981.2546
    rho: 258
    thickness: 0.0254
  XiState:
  - unknown
  - unknown
  assumeVolumeConservation: false
  cone:
    Tinit: 25
    activePhaseVars:
    - C0
    - rho
    - ka
    - kb
    - kc
    - kd
    - ke
    - Cpa
    - Cpb
    - Cpc
    - Cpd
    - Cpe
    - eps
    - K
    activeReactionVars:
    - A
    - E
    - n
    - Hp
    - nO2
    - Xi
    allowIgnition: false
    backBoundaryConditions:
      Tamb: 25
      htc: Auto
      type: INSULATED
    frontBoundaryConditions:
      Tamb: 25
      htc: Auto
    ignitionHeatFlux: 20
    ignitionThreshold: 0.0032
    weight: 1.0
  cone1: !!python/object/apply:collections.defaultdict
    args:
    - *id001
    dictitems:
      Tinit: 25
      activePhaseVars:
      - C0
      - rho
      - ka
      - kb
      - kc
      - kd
      - ke
      - Cpa
      - Cpb
      - Cpc
      - Cpd
      - Cpe
      - eps
      - K
      activeReactionVars:
      - A
      - E
      - n
      - Hp
      - nO2
      - Xi
      backBoundaryConditions: !!python/object/apply:collections.defaultdict
        args:
        - *id001
        dictitems:
          Tamb: 25
          htc: Auto
          type: INSULATED
      columns:
      - 1
      depths:
      - 0
      file: ../../../../data/multiReactionCharring/multiReactionCharringLinearNominal_0_cone_Mass.csv
      finalThickness: false
      frontBoundaryConditions: !!python/object/apply:collections.defaultdict
        args:
        - *id001
        dictitems:
          Tamb: 25
          heatFlux: 25
          htc: 15
      ignitionHeatFlux: 20.0
      ignitionThreshold: 0.0032
      initialThickness: 0.008
      names:
      - Mass
      time: 0
      types:
      - 1
      weight: 1.0
      weights:
      - 1
      width1: 0.1016
      width2: 0.1016
  cone2: !!python/object/apply:collections.defaultdict
    args:
    - *id001
    dictitems:
      Tinit: 25
      activePhaseVars:
      - C0
      - rho
      - ka
      - kb
      - kc
      - kd
      - ke
      - Cpa
      - Cpb
      - Cpc
      - Cpd
      - Cpe
      - eps
      - K
      activeReactionVars:
      - A
      - E
      - n
      - Hp
      - nO2
      - Xi
      backBoundaryConditions: !!python/object/apply:collections.defaultdict
        args:
        - *id001
        dictitems:
          Tamb: 25
          htc: Auto
          type: INSULATED
      columns:
      - 1
      depths:
      - 0
      file: ../../../../data/multiReactionCharring/multiReacCharLinearNominal50KW_0_cone_Mass.csv
      finalThickness: false
      frontBoundaryConditions: !!python/object/apply:collections.defaultdict
        args:
        - *id001
        dictitems:
          Tamb: 25
          heatFlux: 50
          htc: 15
      ignitionHeatFlux: 20.0
      ignitionThreshold: 0.0032
      initialThickness: 0.008
      names:
      - Mass
      time: 0
      types:
      - 1
      weight: 1.0
      weights:
      - 1
      width1: 0.1016
      width2: 0.1016
  configDir: C:\Users\Fyang\Workspace\optimization\optimizationPaper\config\multiReactionCharring\2Reactions\2mass_TGA\
  dataSources:
    names:
    - cone1
    - cone2
    types:
    - cone
    - cone
  dsc:
    activePhaseVars:
    - C0
    - Cpa
    - Cpb
    - Cpc
    - Cpd
    - Cpe
    activeReactionVars:
    - A
    - E
    - n
    - Hp
    dscO2: None
    weight: 1.0
  fdsPath: C:\Program Files\FDS\FDS6\bin
  keepTemporaryFiles: false
  name: charLinear2Reac2MassTGA
  optimizeParams:
    absErr: 1e-7
    absRelErr: 1e-7
    elimThresh: 1e-2
    maxIter: 200
    maxTime: 600000
    minIter: 5
    minP: 21
    opAlpha: 41
    opBeta: 1
    opP: 21
    opQ: 21
    opS: 41
    relErr: 1e-12
    relIter: 15
  outputParams:
    saveAllSamples: false
  phaseParams:
    C0:
    - - 1
      - 0
      - 1
    - - 0
      - 1189
      - 1189
    Cpa:
    - - None
      - 270
      - 4320
    - - None
      - 260.25
      - 4164
    Cpb:
    - - None
      - 0.0113
      - 0.1808
    - - None
      - 0.06475
      - 1.036
    Cpc:
    - - 0.0
      - 0.0
      - 0.0
    - - 0.0
      - 0.0
      - 0.0
    Cpd:
    - - 0.0
      - 0.0
      - 0.0
    - - 0.0
      - 0.0
      - 0.0
    Cpe:
    - &id002
      - 0
      - 0
      - 1
    - *id002
    K:
    - - None
      - 2500
      - 40000
    - - 1e8
      - 1189
      - 1189
    eps:
    - - None
      - 0.235
      - 1.0
    - - 0.94
      - 0.235
      - 1.0
    ka:
    - - None
      - 0.078
      - 1.248
    - - None
      - 0.023725
      - 0.3796
    kb:
    - - None
      - 1.1013e-05
      - 0.0001762
    - - None
      - 7.075e-05
      - 0.001132
    kc:
    - - 0.0
      - 0.0
      - 0.0
    - - 0.0
      - 0.0
      - 0.0
    kd:
    - - 0.0
      - 0.0
      - 0.0
    - - 0.0
      - 0.0
      - 0.0
    ke:
    - &id003
      - 0
      - 0
      - 1
    - *id003
    nO2:
    - - 0
      - 0
      - 1
    - - 0
      - 1189
      - 1189
    phases:
    - virgin
    - char
    rho:
    - - 1683
      - 1189
      - 1189
    - - 1235
      - 1189
      - 1189
  processParams:
    maxProcesses: 4
    multiprocess: true
  reactionParams:
    A:
    - - None
      - 2.106e12
      - 2.574e12
    - - None
      - 6.75e13
      - 8.25e13
    E:
    - - None
      - 1.629e5
      - 1.991e5
    - - None
      - 1.737e5
      - 2.123e5
    Hp:
    - - None
      - 2.5e4
      - 4e5
    - - None
      - 5e4
      - 8e5
    Xi:
    - - None
      - 0.675
      - 0.825
    - - None
      - 0.45
      - 0.55
    n:
    - - None
      - 0.9
      - 1.1
    - - None
      - 1.35
      - 1.65
    nO2:
    - &id004
      - 0
      - 0
      - 1
    - *id004
    prodState:
    - 1
    - 1
    reacState:
    - 0
    - 0
    typeState:
    - 3
    - 3
  reinitializeComplex: false
  restart: false
  resultsDir: ../../../../results/multiReactionCharring/2Reactions/
  systemDir: C:\Users\Fyang\Workspace\optimization\sourceCode\optimizationpython\src
  tga:
    activePhaseVars:
    - C0
    - rho
    activeReactionVars:
    - A
    - E
    - n
    tgaO2: None
    tgaOpt: 1
    weight: 1.0
  thermalPropertyUnits: K
  virtualExperiment: false
Loop	t (s)	Error Min	Error Max	ErrorRel	Comp	Samples
0		274.08	1.022e-03	1.937e-02	1.000e+00	21	861
1		554.20	1.022e-03	1.804e-02	1.000e+00	21	861
2		915.51	9.088e-04	1.180e-02	1.000e+00	21	861
3		1330.31	5.916e-04	5.965e-03	1.000e+00	21	861
4		1733.71	5.916e-04	3.864e-03	1.000e+00	21	861
5		2134.03	4.903e-04	1.583e-02	1.000e+00	21	861
6		2540.13	4.058e-04	2.305e-03	1.000e+00	21	861
7		2944.88	2.925e-04	2.305e-03	1.000e+00	21	861
8		3372.23	1.579e-04	2.305e-03	1.000e+00	21	861
9		3770.29	1.155e-04	1.347e-03	1.000e+00	21	861
10		4186.63	9.820e-05	1.061e-03	1.000e+00	21	861
11		4650.35	7.596e-05	6.133e-04	1.000e+00	21	861
12		5114.07	6.668e-05	4.585e-04	1.000e+00	21	861
13		5584.13	5.687e-05	4.055e-04	1.000e+00	21	861
14		6046.28	5.379e-05	1.851e-04	1.000e+00	21	861
15		6493.58	5.258e-05	1.648e-04	1.000e+00	21	861
16		6890.00	5.068e-05	9.429e-05	9.715e-04	21	861
17		7268.80	4.750e-05	8.749e-05	8.613e-04	21	861
18		7595.59	4.168e-05	6.619e-05	5.499e-04	21	861
19		7906.43	3.642e-05	6.619e-05	5.551e-04	21	861
20		8273.52	3.394e-05	5.525e-05	4.564e-04	21	861
21		8642.51	3.144e-05	4.719e-05	3.743e-04	21	861
22		9006.79	2.976e-05	4.444e-05	2.628e-04	21	861
23		9352.85	2.779e-05	4.444e-05	1.301e-04	21	861
24		9705.68	2.616e-05	4.444e-05	8.932e-05	21	861
25		10062.75	2.550e-05	3.487e-05	7.270e-05	21	861
26		10483.08	2.506e-05	3.465e-05	5.091e-05	21	861
27		10884.08	2.439e-05	3.465e-05	4.229e-05	21	861
28		11220.94	2.346e-05	2.782e-05	3.341e-05	21	861
29		11513.39	1.999e-05	2.679e-05	3.379e-05	21	861
30		11814.82	1.596e-05	2.547e-05	3.662e-05	21	861
31		12148.30	1.205e-05	2.547e-05	3.863e-05	21	861
32		12497.33	1.036e-05	2.547e-05	3.713e-05	21	861
33		12871.09	8.994e-06	2.079e-05	3.269e-05	21	861
34		13255.51	7.417e-06	2.079e-05	2.900e-05	21	861
35		13616.33	6.818e-06	1.566e-05	2.712e-05	21	861
36		13975.27	6.354e-06	1.310e-05	2.508e-05	21	861
37		14360.15	5.956e-06	1.310e-05	2.380e-05	21	861
38		14756.08	5.756e-06	1.256e-05	2.204e-05	21	861
39		15193.61	5.629e-06	1.256e-05	2.053e-05	21	861
40		15623.82	5.529e-06	1.200e-05	1.997e-05	21	861
41		16007.90	5.403e-06	1.200e-05	1.965e-05	21	861
42		16328.04	5.257e-06	7.841e-06	1.913e-05	21	861
43		16618.41	4.910e-06	5.718e-06	1.855e-05	21	861
44		16951.57	4.730e-06	5.718e-06	1.527e-05	21	861
45		17322.28	4.609e-06	5.718e-06	1.136e-05	21	861
46		17662.17	4.376e-06	5.498e-06	7.669e-06	21	861
47		17981.31	3.687e-06	5.498e-06	6.677e-06	21	861
48		18298.52	3.226e-06	5.279e-06	5.769e-06	21	861
49		18631.29	2.364e-06	4.821e-06	5.053e-06	21	861
50		19005.85	2.325e-06	4.467e-06	4.493e-06	21	861
51		19382.80	2.121e-06	4.280e-06	4.232e-06	21	861
52		19761.83	2.115e-06	3.756e-06	3.841e-06	21	861
53		20162.23	2.039e-06	3.172e-06	3.718e-06	21	861
54		20556.97	2.003e-06	3.060e-06	3.626e-06	21	861
55		20935.13	1.942e-06	2.711e-06	3.587e-06	21	861
56		21298.08	1.882e-06	1.159e-02	3.521e-06	21	861
57		21643.96	1.813e-06	1.462e-02	3.444e-06	21	861
58		21958.97	1.706e-06	1.070e-02	3.204e-06	21	861
59		22264.31	1.526e-06	1.260e-03	3.204e-06	21	861
60		22574.95	1.343e-06	9.033e-04	3.266e-06	21	861
61		22892.60	1.198e-06	4.493e-04	3.179e-06	21	861
62		23301.11	1.173e-06	3.240e-04	2.514e-06	21	861
63		23730.57	1.158e-06	1.509e-02	2.067e-06	21	861
64		24149.72	1.149e-06	1.599e-02	1.214e-06	21	861
65		24555.35	1.145e-06	1.666e-02	1.180e-06	21	861
66		24963.11	1.138e-06	1.933e-02	9.838e-07	21	861
67		25348.71	1.130e-06	1.938e-02	9.850e-07	21	861
68		25785.30	1.130e-06	1.938e-02	9.083e-07	21	861
69		26254.80	1.130e-06	1.905e-02	8.725e-07	21	861
70		26719.89	1.130e-06	1.905e-02	8.116e-07	21	861
71		27178.45	1.130e-06	1.687e-02	7.515e-07	21	861
72		27604.83	1.129e-06	1.851e-02	6.840e-07	21	861
73		28029.47	1.128e-06	1.419e-02	5.783e-07	21	861
74		28416.59	1.124e-06	1.521e-02	4.020e-07	21	861
75		28793.62	1.121e-06	1.890e-02	2.213e-07	21	861
76		29153.25	1.110e-06	1.697e-02	8.767e-08	21	861
77		29499.64	1.096e-06	1.284e-02	7.679e-08	21	861
78		29829.67	1.073e-06	2.196e-03	8.486e-08	21	861
79		30146.24	1.053e-06	1.817e-03	9.628e-08	21	861
80		30454.84	1.038e-06	1.115e-03	1.071e-07	21	861
81		30763.87	1.023e-06	1.115e-03	1.143e-07	21	861
82		31094.38	1.018e-06	1.115e-03	1.126e-07	21	861
83		31411.05	9.959e-07	1.115e-03	1.346e-07	21	861
84		31732.01	9.747e-07	2.782e-04	1.558e-07	21	861
85		32100.54	9.609e-07	1.375e-04	1.695e-07	21	861
86		32473.56	9.443e-07	3.397e-05	1.862e-07	21	861
87		32829.87	9.219e-07	1.703e-05	2.076e-07	21	861
88		33176.58	8.988e-07	6.336e-06	2.290e-07	21	861
89		33519.78	8.832e-07	6.130e-06	2.409e-07	21	861
90		33873.56	8.640e-07	1.723e-06	2.574e-07	21	861
91		34229.38	8.158e-07	1.580e-06	2.943e-07	21	861
92		34549.28	7.695e-07	1.513e-06	3.266e-07	21	861
93		34898.93	7.271e-07	1.066e-06	3.461e-07	21	861
94		35281.44	6.713e-07	9.997e-07	3.818e-07	21	861
95		35653.87	6.501e-07	8.546e-07	3.878e-07	21	861
96		36030.17	6.165e-07	8.183e-07	4.067e-07	21	861
97		36407.55	6.015e-07	8.183e-07	4.164e-07	21	861
98		36801.67	5.875e-07	7.266e-07	4.083e-07	21	861
99		37184.87	5.607e-07	6.924e-07	4.140e-07	21	861
100		37545.76	5.509e-07	6.924e-07	4.100e-07	21	861
101		37918.03	5.454e-07	6.650e-07	3.989e-07	21	861
102		38327.03	5.423e-07	6.068e-07	3.795e-07	21	861
103		38746.04	5.379e-07	5.907e-07	3.609e-07	21	861
104		39164.46	5.342e-07	5.766e-07	3.490e-07	21	861
105		39544.05	5.320e-07	1.629e-03	3.320e-07	21	861
106		39929.36	5.293e-07	1.294e-02	2.865e-07	21	861
107		40297.16	5.239e-07	6.750e-03	2.456e-07	21	861
108		40630.09	5.070e-07	4.371e-03	2.201e-07	21	861
109		40942.18	4.811e-07	1.886e-03	1.902e-07	21	861
110		41245.26	4.733e-07	1.886e-03	1.768e-07	21	861
111		41559.57	4.705e-07	1.338e-02	1.460e-07	21	861
112		41883.09	4.690e-07	1.587e-02	1.325e-07	21	861
113		42203.01	4.640e-07	1.583e-02	1.235e-07	21	861
114		42527.31	4.604e-07	1.786e-02	1.004e-07	21	861
115		42843.13	4.594e-07	1.570e-02	9.151e-08	21	861
116		43165.23	4.497e-07	1.782e-02	9.571e-08	21	861
117		43474.97	4.358e-07	1.135e-02	1.065e-07	21	861
118		43772.28	4.191e-07	3.003e-03	1.188e-07	21	861
119		44081.87	4.131e-07	1.520e-03	1.210e-07	21	861
120		44416.59	4.069e-07	1.172e-02	1.251e-07	21	861
121		44746.41	3.990e-07	1.742e-02	1.303e-07	21	861
122		45063.65	3.842e-07	1.780e-02	1.397e-07	21	861
123		45375.67	3.715e-07	1.765e-02	1.354e-07	21	861
124		45696.02	3.593e-07	1.053e-02	1.218e-07	21	861
125		46015.85	3.402e-07	1.352e-02	1.331e-07	21	861
126		46332.68	3.277e-07	7.884e-03	1.428e-07	21	861
127		46676.34	3.012e-07	4.376e-03	1.678e-07	21	861
128		46996.44	2.618e-07	7.055e-04	2.022e-07	21	861
129		47339.51	2.429e-07	4.299e-04	2.175e-07	21	861
130		47721.28	2.287e-07	2.382e-04	2.307e-07	21	861
131		48135.81	2.227e-07	2.382e-04	2.269e-07	21	861
132		48562.98	2.146e-07	6.732e-05	2.212e-07	21	861
133		48998.98	2.121e-07	1.751e-05	2.070e-07	21	861
134		49435.19	2.096e-07	7.598e-03	2.035e-07	21	861
135		49860.45	2.087e-07	1.657e-02	1.981e-07	21	861
136		50297.42	2.069e-07	1.888e-02	1.921e-07	21	861
137		50730.38	2.069e-07	1.938e-02	1.773e-07	21	861
138		51133.51	2.066e-07	1.922e-02	1.649e-07	21	861
139		51555.07	2.066e-07	1.932e-02	1.527e-07	21	861
140		51997.21	2.066e-07	1.867e-02	1.336e-07	21	861
141		52460.26	2.066e-07	1.549e-02	1.211e-07	21	861
142		52903.02	2.066e-07	1.937e-02	9.459e-08	21	861
143		53366.46	2.066e-07	1.938e-02	5.521e-08	21	861
144		53814.59	2.066e-07	1.900e-02	3.626e-08	21	861
145		54246.60	2.066e-07	1.938e-02	2.204e-08	21	861
146		54693.89	2.066e-07	1.807e-02	1.610e-08	21	861
147		55145.97	2.066e-07	1.853e-02	7.970e-09	21	861
148		55609.27	2.066e-07	1.938e-02	5.428e-09	21	861
149		56070.41	2.066e-07	1.938e-02	2.965e-09	21	861
150		56522.44	2.066e-07	1.938e-02	2.089e-09	21	861
151		56969.36	2.066e-07	1.934e-02	2.271e-10	21	861
152		57426.54	2.066e-07	1.938e-02	2.689e-10	21	861
153		57880.54	2.066e-07	1.938e-02	4.181e-11	21	861
154		58318.50	2.066e-07	1.938e-02	4.181e-11	21	861
155		58779.65	2.066e-07	1.938e-02	4.181e-11	21	861
156		59260.59	2.066e-07	1.938e-02	4.699e-11	21	861
157		59734.13	2.065e-07	1.935e-02	7.837e-11	21	861
158		60174.72	2.065e-07	1.938e-02	1.554e-10	21	861
159		60634.80	2.065e-07	1.935e-02	1.554e-10	21	861
160		61078.22	2.065e-07	1.937e-02	1.554e-10	21	861
161		61538.01	2.065e-07	1.818e-02	1.554e-10	21	861
162		62003.35	2.064e-07	1.818e-02	1.856e-10	21	861
163		62570.88	2.064e-07	1.937e-02	1.856e-10	21	861
164		63234.85	2.064e-07	1.932e-02	1.856e-10	21	861
165		63850.26	2.064e-07	1.900e-02	1.856e-10	21	861
166		64525.77	2.064e-07	1.938e-02	1.856e-10	21	861
167		65152.29	2.064e-07	1.766e-02	1.438e-10	21	861
168		65804.91	2.064e-07	1.817e-02	1.438e-10	21	861
169		66455.13	2.064e-07	1.663e-02	1.942e-10	21	861
170		67061.22	2.064e-07	1.769e-02	1.942e-10	21	861
171		67702.70	2.064e-07	1.748e-02	1.890e-10	21	861
172		68354.52	2.064e-07	1.925e-02	1.577e-10	21	861
173		68955.12	2.064e-07	1.938e-02	8.065e-11	21	861
174		69629.66	2.064e-07	1.827e-02	8.065e-11	21	861
175		70271.42	2.064e-07	1.613e-02	8.065e-11	21	861
176		70920.66	2.064e-07	1.886e-02	8.065e-11	21	861
177		71578.59	2.064e-07	1.937e-02	5.044e-11	21	861
178		72177.06	2.064e-07	1.938e-02	5.044e-11	21	861
179		72824.62	2.064e-07	1.938e-02	5.044e-11	21	861
180		73493.25	2.064e-07	1.843e-02	5.044e-11	21	861
181		74110.29	2.064e-07	1.734e-02	5.044e-11	21	861
182		74780.44	2.064e-07	1.873e-02	5.044e-11	21	861
183		75415.52	2.064e-07	1.839e-02	5.044e-11	21	861
184		76032.48	2.064e-07	1.727e-02	0.000e+00	21	861
185		76670.78	2.064e-07	1.781e-02	0.000e+00	21	861
186		77305.73	2.064e-07	1.743e-02	0.000e+00	21	861
187		77989.60	2.064e-07	1.861e-02	0.000e+00	21	861
188		78671.44	2.064e-07	1.934e-02	0.000e+00	21	861
189		79300.93	2.064e-07	1.934e-02	0.000e+00	21	861
190		79883.20	2.064e-07	1.934e-02	0.000e+00	21	861
191		80511.63	2.064e-07	1.934e-02	0.000e+00	21	861
192		81135.72	2.064e-07	1.859e-02	0.000e+00	21	861
193		81776.83	2.064e-07	1.903e-02	0.000e+00	21	861
194		82434.06	2.064e-07	1.778e-02	0.000e+00	21	861
195		83047.05	2.064e-07	1.901e-02	3.118e-13	21	861
196		83652.71	2.064e-07	1.931e-02	3.118e-13	21	861
197		84235.42	2.064e-07	1.854e-02	3.118e-13	21	861
198		84887.07	2.064e-07	1.917e-02	3.118e-13	21	861
199		85501.89	2.064e-07	1.917e-02	3.118e-13	21	861
A	 = 2.46e+12,8.24e+13,
C0	 = 1.0,0.0,
Cpa	 = 1045.1947971126856,1210.327349002808,
Cpb	 = 0.12683263382918947,0.06688549925177445,
E	 = 1.81e+05,1.93e+05,
Hp	 = 96403.6153252267,200413.1990902794,
K	 = 19609.958765470597,100000000.0,
Value	 = 2.0639153660625494e-07,
Xi	 = 0.7541863088393448,0.5020905192658744,
eps	 = 0.9414093366477918,0.94,
ka	 = 0.30117843639589803,0.08037720484541794,
kb	 = 6.956077329071196e-05,0.00030820975406120035,
n	 = 0.9948468720930448,1.4790909023456462,
nO2	 = 0.0,0.0,
rho	 = 1683.0,1235.0,
Results saved to C:\Users\Fyang\Workspace\optimization\optimizationPaper\config\multiReactionCharring\2Reactions\2mass_TGA\../../../../results/multiReactionCharring/2Reactions/charLinear2Reac2MassTGA_solution.txt
