C:\Users\Fyang\Workspace\optimization\optimizationPaper\config\multiReactionCharring\2Reactions\1mass_FT_BT\../../../../results/multiReactionCharring/2Reactions/charLinear2ReacFTBT Log file
!!python/object/apply:collections.defaultdict
args:
- &id001 !!python/name:builtins.bool ''
dictitems:
  Duraboard:
    CprampF:
    - 1.0
    - 1.0
    CprampT:
    - 0
    - 5000
    eps: 0.8
    krampF:
    - 0.075932
    - 0.090229
    - 0.104522
    - 0.122143
    - 0.14158
    - 0.163436
    - 0.190738
    - 0.221975
    krampT:
    - 203.035
    - 317.4028
    - 426.9164
    - 536.4182
    - 647.3003
    - 757.4803
    - 867.6409
    - 981.2546
    rho: 258
    thickness: 0.0254
  XiState:
  - unknown
  - unknown
  assumeVolumeConservation: false
  cone:
    Tinit: 25
    activePhaseVars:
    - C0
    - rho
    - ka
    - kb
    - kc
    - kd
    - ke
    - Cpa
    - Cpb
    - Cpc
    - Cpd
    - Cpe
    - eps
    - K
    activeReactionVars:
    - A
    - E
    - n
    - Hp
    - nO2
    - Xi
    allowIgnition: false
    backBoundaryConditions:
      Tamb: 25
      htc: Auto
      type: INSULATED
    frontBoundaryConditions:
      Tamb: 25
      htc: Auto
    ignitionHeatFlux: 20
    ignitionThreshold: 0.0032
    weight: 1.0
  cone1: !!python/object/apply:collections.defaultdict
    args:
    - *id001
    dictitems:
      Tinit: 25
      activePhaseVars:
      - C0
      - rho
      - ka
      - kb
      - kc
      - kd
      - ke
      - Cpa
      - Cpb
      - Cpc
      - Cpd
      - Cpe
      - eps
      - K
      activeReactionVars:
      - A
      - E
      - n
      - Hp
      - nO2
      - Xi
      backBoundaryConditions: !!python/object/apply:collections.defaultdict
        args:
        - *id001
        dictitems:
          Tamb: 25
          htc: Auto
          type: INSULATED
      columns:
      - 1
      - 2
      - 3
      depths:
      - 0
      - 0
      - 0.008
      file: ../../../../data/multiReactionCharring/multiReactionCharringLinearNominalVirtual.csv
      finalThickness: false
      frontBoundaryConditions: !!python/object/apply:collections.defaultdict
        args:
        - *id001
        dictitems:
          Tamb: 25
          heatFlux: 25
          htc: 15
      ignitionHeatFlux: 20.0
      ignitionThreshold: 0.0032
      initialThickness: 0.008
      names:
      - Mass
      - Temperature
      - Temperature
      time: 0
      types:
      - 1
      - 3
      - 3
      weight: 1.0
      weights:
      - 1
      - 1
      - 1
      width1: 0.1016
      width2: 0.1016
  configDir: C:\Users\Fyang\Workspace\optimization\optimizationPaper\config\multiReactionCharring\2Reactions\1mass_FT_BT\
  dataSources:
    names:
    - cone1
    types:
    - cone
  dsc:
    activePhaseVars:
    - C0
    - Cpa
    - Cpb
    - Cpc
    - Cpd
    - Cpe
    activeReactionVars:
    - A
    - E
    - n
    - Hp
    dscO2: None
    weight: 1.0
  fdsPath: C:\Program Files\FDS\FDS6\bin
  keepTemporaryFiles: false
  name: charLinear2ReacFTBT
  optimizeParams:
    absErr: 1e-7
    absRelErr: 5e-7
    elimThresh: 1e-2
    maxIter: 200
    maxTime: 600000
    minIter: 5
    minP: 21
    opAlpha: 41
    opBeta: 1
    opP: 21
    opQ: 21
    opS: 41
    relErr: 1e-12
    relIter: 15
  outputParams:
    saveAllSamples: false
  phaseParams:
    C0:
    - - 1
      - 0
      - 1
    - - 0
      - 1189
      - 1189
    Cpa:
    - - None
      - 270
      - 4320
    - - None
      - 260.25
      - 4164
    Cpb:
    - - None
      - 0.0113
      - 0.1808
    - - None
      - 0.06475
      - 1.036
    Cpc:
    - - 0.0
      - 0.0
      - 0.0
    - - 0.0
      - 0.0
      - 0.0
    Cpd:
    - - 0.0
      - 0.0
      - 0.0
    - - 0.0
      - 0.0
      - 0.0
    Cpe:
    - &id002
      - 0
      - 0
      - 1
    - *id002
    K:
    - - None
      - 2500
      - 40000
    - - 1e8
      - 1189
      - 1189
    eps:
    - - None
      - 0.235
      - 1.0
    - - 0.94
      - 0.235
      - 1.0
    ka:
    - - None
      - 0.078
      - 1.248
    - - None
      - 0.023725
      - 0.3796
    kb:
    - - None
      - 1.1013e-05
      - 0.0001762
    - - None
      - 7.075e-05
      - 0.001132
    kc:
    - - 0.0
      - 0.0
      - 0.0
    - - 0.0
      - 0.0
      - 0.0
    kd:
    - - 0.0
      - 0.0
      - 0.0
    - - 0.0
      - 0.0
      - 0.0
    ke:
    - &id003
      - 0
      - 0
      - 1
    - *id003
    nO2:
    - - 0
      - 0
      - 1
    - - 0
      - 1189
      - 1189
    phases:
    - virgin
    - char
    rho:
    - - 1683
      - 1189
      - 1189
    - - 1235
      - 1189
      - 1189
  processParams:
    maxProcesses: 4
    multiprocess: true
  reactionParams:
    A:
    - - None
      - 5.86e11
      - 9.376e12
    - - None
      - 1.875e13
      - 3e14
    E:
    - - None
      - 4.525e4
      - 7.24e5
    - - None
      - 4.825e4
      - 7.72e5
    Hp:
    - - None
      - 2.5e4
      - 4e5
    - - None
      - 5e4
      - 8e5
    Xi:
    - - None
      - 0.1875
      - 1
    - - None
      - 0.125
      - 1
    n:
    - - None
      - 0.25
      - 4.0
    - - None
      - 0.375
      - 6.0
    nO2:
    - &id004
      - 0
      - 0
      - 1
    - *id004
    prodState:
    - 1
    - 1
    reacState:
    - 0
    - 0
    typeState:
    - 3
    - 3
  reinitializeComplex: false
  restart: false
  resultsDir: ../../../../results/multiReactionCharring/2Reactions/
  systemDir: C:\Users\Fyang\Workspace\optimization\sourceCode\optimizationpython\src
  tga:
    activePhaseVars:
    - C0
    - rho
    activeReactionVars:
    - A
    - E
    - n
    tgaO2: None
    tgaOpt: 1
    weight: 1.0
  thermalPropertyUnits: K
  virtualExperiment: false
Loop	t (s)	Error Min	Error Max	ErrorRel	Comp	Samples
0		152.33	3.073e-03	4.365e-02	1.000e+00	21	861
1		324.58	3.073e-03	4.134e-02	1.000e+00	21	861
2		518.13	2.310e-03	4.134e-02	1.000e+00	21	861
3		726.24	1.785e-03	4.216e-02	1.000e+00	21	861
4		928.12	1.785e-03	3.900e-02	1.000e+00	21	861
5		1154.82	1.785e-03	3.384e-02	1.000e+00	21	861
6		1389.54	1.720e-03	3.476e-02	1.000e+00	21	861
7		1614.43	1.235e-03	3.476e-02	1.000e+00	21	861
8		1833.00	1.093e-03	2.181e-02	1.000e+00	21	861
9		2045.61	1.062e-03	1.454e-02	1.000e+00	21	861
10		2270.30	9.299e-04	1.454e-02	1.000e+00	21	861
11		2497.36	8.462e-04	1.112e-02	1.000e+00	21	861
12		2713.56	7.619e-04	8.973e-03	1.000e+00	21	861
13		2915.73	6.824e-04	8.973e-03	1.000e+00	21	861
14		3091.28	5.114e-04	1.825e-03	1.000e+00	21	861
15		3266.45	4.275e-04	1.722e-03	1.000e+00	21	861
16		3443.09	2.784e-04	1.013e-03	2.795e-03	21	861
17		3652.10	2.537e-04	8.525e-04	2.056e-03	21	861
18		3862.70	2.093e-04	8.393e-04	1.575e-03	21	861
19		4072.60	1.481e-04	6.958e-04	1.637e-03	21	861
20		4289.05	1.417e-04	4.946e-04	1.643e-03	21	861
21		4514.31	1.322e-04	3.724e-04	1.588e-03	21	861
22		4751.24	1.242e-04	3.724e-04	1.111e-03	21	861
23		4988.54	1.200e-04	2.619e-04	9.731e-04	21	861
24		5218.63	1.183e-04	2.587e-04	9.438e-04	21	861
25		5427.31	1.153e-04	1.843e-04	8.146e-04	21	861
26		5617.08	1.101e-04	1.843e-04	7.361e-04	21	861
27		5769.23	9.919e-05	1.338e-04	6.627e-04	21	861
28		5923.47	8.236e-05	1.324e-04	6.000e-04	21	861
29		6100.74	6.972e-05	1.166e-04	4.417e-04	21	861
30		6262.42	5.719e-05	1.166e-04	3.703e-04	21	861
31		6444.12	5.475e-05	1.015e-04	2.236e-04	21	861
32		6664.82	5.221e-05	1.015e-04	2.015e-04	21	861
33		6878.32	5.190e-05	1.015e-04	1.574e-04	21	861
34		7109.11	5.138e-05	7.349e-05	9.677e-05	21	861
35		7340.85	5.109e-05	6.522e-05	9.057e-05	21	861
36		7582.14	5.093e-05	6.522e-05	8.132e-05	21	861
37		7833.35	5.089e-05	5.515e-05	7.335e-05	21	861
38		8075.80	5.085e-05	5.272e-05	6.915e-05	21	861
39		8311.05	5.084e-05	5.272e-05	6.742e-05	21	861
40		8555.08	5.083e-05	4.021e-02	6.443e-05	21	861
41		8773.50	5.083e-05	4.105e-02	5.930e-05	21	861
42		9003.65	5.083e-05	3.963e-02	4.836e-05	21	861
43		9243.73	5.083e-05	3.310e-02	3.153e-05	21	861
44		9487.79	5.083e-05	3.989e-02	1.889e-05	21	861
45		9722.32	5.083e-05	4.178e-02	6.367e-06	21	861
46		9949.77	5.082e-05	4.178e-02	3.931e-06	21	861
47		10161.45	5.081e-05	4.178e-02	1.399e-06	21	861
48		10366.65	5.080e-05	3.747e-02	1.102e-06	21	861
49		10562.79	5.076e-05	3.747e-02	6.281e-07	21	861
50		10754.17	5.072e-05	3.030e-02	3.750e-07	21	861
51		10925.79	5.060e-05	3.067e-02	3.262e-07	21	861
52		11101.19	5.048e-05	1.894e-02	4.026e-07	21	861
53		11283.71	5.028e-05	2.580e-02	5.656e-07	21	861
54		11448.82	5.012e-05	1.272e-02	7.256e-07	21	861
55		11626.99	4.997e-05	8.846e-03	8.590e-07	21	861
56		11809.42	4.985e-05	8.846e-03	9.805e-07	21	861
57		11975.39	4.953e-05	4.640e-03	1.301e-06	21	861
58		12135.18	4.899e-05	4.640e-03	1.839e-06	21	861
59		12309.21	4.839e-05	4.640e-03	2.436e-06	21	861
60		12467.91	4.752e-05	4.640e-03	3.310e-06	21	861
61		12634.07	4.632e-05	1.204e-03	4.506e-06	21	861
62		12816.99	4.601e-05	3.049e-04	4.806e-06	21	861
63		13023.31	4.594e-05	3.049e-04	4.855e-06	21	861
64		13241.53	4.582e-05	9.111e-05	4.933e-06	21	861
65		13462.88	4.574e-05	5.777e-05	4.976e-06	21	861
66		13696.64	4.573e-05	5.734e-05	4.869e-06	21	861
67		13927.58	4.571e-05	4.676e-05	4.774e-06	21	861
68		14157.69	4.571e-05	4.632e-05	4.572e-06	21	861
69		14383.33	4.570e-05	4.585e-05	4.420e-06	21	861
70		14607.53	4.569e-05	4.585e-05	4.280e-06	21	861
71		14841.37	4.569e-05	4.585e-05	4.158e-06	21	861
72		15088.19	4.569e-05	4.585e-05	3.839e-06	21	861
73		15316.17	4.568e-05	4.585e-05	3.304e-06	21	861
74		15517.05	4.567e-05	4.574e-05	2.717e-06	21	861
75		15709.29	4.566e-05	4.570e-05	1.852e-06	21	861
76		15892.19	4.565e-05	4.570e-05	6.699e-07	21	861
77		16079.19	4.562e-05	4.568e-05	3.810e-07	21	861
78		16263.92	4.558e-05	4.568e-05	3.619e-07	21	861
79		16455.13	4.555e-05	4.567e-05	2.690e-07	21	861
80		16673.82	4.554e-05	4.566e-05	2.047e-07	21	861
81		16894.14	4.552e-05	4.564e-05	2.140e-07	21	861
82		17107.54	4.550e-05	4.563e-05	2.064e-07	21	861
83		17316.34	4.549e-05	4.557e-05	2.237e-07	21	861
84		17539.19	4.547e-05	4.557e-05	2.301e-07	21	861
85		17754.48	4.546e-05	4.552e-05	2.245e-07	21	861
86		17959.71	4.545e-05	4.552e-05	2.366e-07	21	861
87		18169.42	4.544e-05	4.549e-05	2.451e-07	21	861
88		18378.99	4.543e-05	4.549e-05	2.517e-07	21	861
89		18566.82	4.542e-05	4.549e-05	2.575e-07	21	861
90		18773.84	4.540e-05	4.546e-05	2.598e-07	21	861
91		18977.66	4.539e-05	1.739e-02	2.551e-07	21	861
92		19195.32	4.539e-05	1.739e-02	2.383e-07	21	861
93		19412.65	4.538e-05	1.592e-02	2.001e-07	21	861
94		19621.76	4.538e-05	1.306e-02	1.783e-07	21	861
95		19837.29	4.537e-05	2.582e-02	1.640e-07	21	861
96		20067.93	4.537e-05	3.533e-02	1.527e-07	21	861
97		20284.65	4.536e-05	3.167e-02	1.394e-07	21	861
98		20502.73	4.536e-05	4.153e-02	1.235e-07	21	861
99		20725.60	4.536e-05	4.350e-02	1.071e-07	21	861
100		20939.53	4.536e-05	3.591e-02	1.074e-07	21	861
101		21135.84	4.535e-05	2.777e-02	9.894e-08	21	861
102		21320.02	4.535e-05	2.155e-02	9.416e-08	21	861
103		21512.39	4.534e-05	1.165e-02	9.084e-08	21	861
104		21691.58	4.533e-05	9.762e-03	8.471e-08	21	861
105		21878.47	4.533e-05	8.446e-03	7.598e-08	21	861
106		22062.90	4.532e-05	8.446e-03	6.624e-08	21	861
107		22261.12	4.532e-05	7.251e-03	6.395e-08	21	861
108		22471.82	4.532e-05	2.292e-03	6.107e-08	21	861
109		22663.25	4.532e-05	1.184e-03	5.815e-08	21	861
110		22844.64	4.531e-05	1.184e-03	5.936e-08	21	861
111		23040.19	4.531e-05	6.017e-04	6.224e-08	21	861
112		23231.26	4.530e-05	3.084e-04	6.784e-08	21	861
113		23432.11	4.528e-05	7.300e-05	8.637e-08	21	861
114		23623.75	4.524e-05	5.121e-05	1.172e-07	21	861
115		23839.14	4.522e-05	4.615e-05	1.403e-07	21	861
116		24073.13	4.521e-05	4.615e-05	1.429e-07	21	861
117		24291.06	4.520e-05	4.530e-05	1.480e-07	21	861
118		24493.77	4.519e-05	4.525e-05	1.483e-07	21	861
119		24693.10	4.519e-05	4.522e-05	1.440e-07	21	861
120		24881.30	4.518e-05	4.522e-05	1.441e-07	21	861
121		25078.50	4.518e-05	4.521e-05	1.476e-07	21	861
122		25267.38	4.517e-05	4.520e-05	1.480e-07	21	861
123		25464.34	4.517e-05	4.519e-05	1.503e-07	21	861
124		25666.00	4.517e-05	4.519e-05	1.508e-07	21	861
125		25864.94	4.516e-05	4.518e-05	1.525e-07	21	861
126		26065.70	4.515e-05	4.518e-05	1.550e-07	21	861
127		26271.91	4.514e-05	4.517e-05	1.523e-07	21	861
128		26490.32	4.514e-05	4.517e-05	1.384e-07	21	861
129		26701.95	4.513e-05	4.516e-05	1.107e-07	21	861
130		26921.36	4.513e-05	4.516e-05	9.091e-08	21	861
131		27135.14	4.512e-05	4.516e-05	8.543e-08	21	861
132		27352.66	4.512e-05	4.515e-05	7.954e-08	21	861
133		27566.41	4.512e-05	4.514e-05	7.656e-08	21	861
134		27783.88	4.511e-05	3.057e-02	7.371e-08	21	861
135		28002.93	4.511e-05	2.692e-02	7.293e-08	21	861
136		28220.37	4.511e-05	3.872e-02	6.948e-08	21	861
137		28438.92	4.511e-05	3.872e-02	6.917e-08	21	861
138		28661.29	4.510e-05	3.979e-02	6.548e-08	21	861
139		28879.52	4.510e-05	3.799e-02	6.289e-08	21	861
140		29109.27	4.510e-05	4.234e-02	5.780e-08	21	861
141		29335.45	4.510e-05	3.716e-02	4.953e-08	21	861
142		29574.15	4.510e-05	3.711e-02	4.438e-08	21	861
143		29818.20	4.510e-05	3.409e-02	3.899e-08	21	861
144		30038.73	4.510e-05	2.908e-02	3.512e-08	21	861
145		30245.99	4.509e-05	2.448e-02	3.234e-08	21	861
146		30441.98	4.509e-05	2.448e-02	3.648e-08	21	861
147		30633.93	4.508e-05	1.303e-02	3.592e-08	21	861
148		30847.04	4.508e-05	1.303e-02	3.847e-08	21	861
149		31041.35	4.507e-05	9.778e-03	4.006e-08	21	861
150		31242.57	4.507e-05	5.893e-03	4.212e-08	21	861
151		31427.64	4.506e-05	5.893e-03	4.607e-08	21	861
152		31617.85	4.506e-05	3.226e-03	4.593e-08	21	861
153		31817.80	4.506e-05	1.678e-03	4.936e-08	21	861
154		32001.30	4.505e-05	1.678e-03	5.008e-08	21	861
155		32180.04	4.505e-05	8.551e-04	5.299e-08	21	861
156		32363.78	4.505e-05	4.348e-04	5.358e-08	21	861
157		32556.45	4.504e-05	4.348e-04	5.655e-08	21	861
158		32747.17	4.504e-05	4.347e-04	5.837e-08	21	861
159		32937.89	4.504e-05	2.235e-04	6.084e-08	21	861
160		33136.57	4.503e-05	1.206e-04	6.213e-08	21	861
161		33338.19	4.503e-05	4.594e-05	5.811e-08	21	861
162		33539.26	4.503e-05	4.594e-05	5.721e-08	21	861
163		33756.22	4.502e-05	4.527e-05	5.249e-08	21	861
164		33966.16	4.502e-05	4.504e-05	5.239e-08	21	861
165		34169.50	4.502e-05	4.504e-05	5.051e-08	21	861
166		34376.85	4.502e-05	4.503e-05	4.581e-08	21	861
167		34580.40	4.501e-05	4.503e-05	4.862e-08	21	861
168		34781.40	4.501e-05	4.502e-05	4.691e-08	21	861
169		34977.29	4.500e-05	4.502e-05	5.341e-08	21	861
170		35181.45	4.499e-05	4.502e-05	5.498e-08	21	861
171		35391.33	4.498e-05	4.502e-05	6.212e-08	21	861
172		35611.59	4.498e-05	4.501e-05	6.359e-08	21	861
173		35843.15	4.497e-05	4.501e-05	6.649e-08	21	861
174		36065.89	4.497e-05	4.500e-05	6.689e-08	21	861
175		36287.89	4.496e-05	4.499e-05	7.006e-08	21	861
176		36504.23	4.496e-05	4.499e-05	7.318e-08	21	861
177		36720.81	4.495e-05	4.499e-05	7.751e-08	21	861
178		36942.57	4.494e-05	4.499e-05	8.308e-08	21	861
179		37160.83	4.493e-05	9.370e-03	8.807e-08	21	861
180		37384.15	4.493e-05	1.430e-03	8.897e-08	21	861
181		37599.77	4.492e-05	7.068e-04	9.341e-08	21	861
182		37809.04	4.492e-05	3.595e-04	9.486e-08	21	861
183		38024.06	4.491e-05	4.127e-02	9.969e-08	21	861
184		38235.35	4.491e-05	2.421e-02	9.308e-08	21	861
185		38442.17	4.490e-05	1.281e-02	9.018e-08	21	861
186		38636.22	4.490e-05	2.368e-02	8.470e-08	21	861
187		38844.95	4.490e-05	6.465e-03	8.119e-08	21	861
188		39045.56	4.490e-05	2.628e-02	7.775e-08	21	861
189		39223.37	4.489e-05	3.377e-02	7.590e-08	21	861
190		39398.08	4.489e-05	2.662e-02	6.908e-08	21	861
191		39567.29	4.489e-05	3.823e-02	6.459e-08	21	861
192		39736.69	4.489e-05	2.596e-02	5.933e-08	21	861
193		39927.51	4.489e-05	2.463e-02	5.199e-08	21	861
194		40126.28	4.489e-05	3.552e-02	4.467e-08	21	861
195		40318.49	4.489e-05	3.680e-02	4.193e-08	21	861
196		40514.08	4.489e-05	3.865e-02	3.572e-08	21	861
197		40698.63	4.489e-05	2.111e-02	3.026e-08	21	861
198		40878.31	4.489e-05	1.598e-02	2.363e-08	21	861
199		41063.88	4.488e-05	1.111e-02	2.301e-08	21	861
A	 = 8.15e+12,1.92e+13,
C0	 = 1.0,0.0,
Cpa	 = 1093.942990600604,994.8984885461416,
Cpb	 = 0.055615764850180896,0.31884937221317744,
E	 = 1.80e+05,6.57e+05,
Hp	 = 166722.1874483881,101551.7785672479,
K	 = 10889.736411811786,100000000.0,
Value	 = 4.4883839009159135e-05,
Xi	 = 0.5820763562506771,0.9745928237499227,
eps	 = 0.9528977696666519,0.94,
ka	 = 0.3143825838198805,0.11579110135034186,
kb	 = 5.282023607439931e-05,0.0002521034131602717,
n	 = 1.2398121202661798,3.082586976510523,
nO2	 = 0.0,0.0,
rho	 = 1683.0,1235.0,
Results saved to C:\Users\Fyang\Workspace\optimization\optimizationPaper\config\multiReactionCharring\2Reactions\1mass_FT_BT\../../../../results/multiReactionCharring/2Reactions/charLinear2ReacFTBT_solution.txt
