D:\workspace\JENSENHUGHES\optimization\optimizationPaper\config\E_Glass\../../results/E_Glass/E_GlassConstTight Log file
!!python/object/apply:collections.defaultdict
args:
- &id001 !!python/name:builtins.bool ''
dictitems:
  Duraboard:
    CprampF:
    - 1.0
    - 1.0
    CprampT:
    - 0
    - 5000
    eps: 0.8
    krampF:
    - 0.075932
    - 0.090229
    - 0.104522
    - 0.122143
    - 0.14158
    - 0.163436
    - 0.190738
    - 0.221975
    krampT:
    - 203.035
    - 317.4028
    - 426.9164
    - 536.4182
    - 647.3003
    - 757.4803
    - 867.6409
    - 981.2546
    rho: 258
    thickness: 0.0254
  XiState:
  - unknowable
  cone:
    Tinit: 25
    activePhaseVars:
    - C0
    - rho
    - ka
    - kb
    - kc
    - kd
    - ke
    - Cpa
    - Cpb
    - Cpc
    - Cpd
    - Cpe
    - eps
    - K
    activeReactionVars:
    - A
    - E
    - n
    - Hp
    - nO2
    - Xi
    backBoundaryConditions:
      Tamb: 25
      htc: Auto
      type: INSULATED
    frontBoundaryConditions:
      Tamb: 25
      htc: Auto
    weight: 1.0
  cone1: !!python/object/apply:collections.defaultdict
    args:
    - *id001
    dictitems:
      Tinit: 25
      activePhaseVars:
      - C0
      - rho
      - ka
      - kb
      - kc
      - kd
      - ke
      - Cpa
      - Cpb
      - Cpc
      - Cpd
      - Cpe
      - eps
      - K
      activeReactionVars:
      - A
      - E
      - n
      - Hp
      - nO2
      - Xi
      backBoundaryConditions: !!python/object/apply:collections.defaultdict
        args:
        - *id001
        dictitems:
          Tamb: 25
          htc: Auto
          type: INSULATED
      columns:
      - 1
      depths:
      - 0
      file: ../../data/E_Glass/E_GlassConstNominal_0_cone_Mass.csv
      finalThickness: false
      frontBoundaryConditions: !!python/object/apply:collections.defaultdict
        args:
        - *id001
        dictitems:
          Tamb: 25
          heatFlux: 25
          htc: 15
      heatFlux: 20
      initialThickness: 0.008
      names:
      - Mass
      time: 0
      types:
      - 1
      weight: 1.0
      weights:
      - 1
      width1: 0.1016
      width2: 0.1016
  configDir: D:\workspace\JENSENHUGHES\optimization\optimizationPaper\config\E_Glass\
  dataSources:
    names:
    - cone1
    types:
    - cone
  dsc:
    activePhaseVars:
    - C0
    - Cpa
    - Cpb
    - Cpc
    - Cpd
    - Cpe
    activeReactionVars:
    - A
    - E
    - n
    - Hp
    dscO2: None
    weight: 1.0
  fdsPath: C:\Program Files\FDS\FDS6\bin
  name: E_GlassConstTight
  optimizeParams:
    absErr: 1e-7
    absRelErr: 1e-6
    elimThresh: 1e-2
    maxIter: 1000
    maxTime: 36000
    minIter: 5
    minP: 2
    opAlpha: 3
    opBeta: 3
    opP: 12
    opQ: 6
    opS: 24
    relErr: 1e-12
    relIter: 15
  outputParams:
    saveAllSamples: true
  phaseParams:
    C0:
    - - 1
      - 0
      - 1
    - - 0
      - 1189
      - 1189
    Cpa:
    - - None
      - 872
      - 1308
    - - None
      - 920
      - 1380
    Cpb:
    - - 0.0
      - 0.0
      - 0.0
    - - 0.0
      - 1189
      - 1189
    Cpc:
    - - 0.0
      - 0.0
      - 0.0
    - - 0.0
      - 0.0
      - 0.0
    Cpd:
    - - 0.0
      - 0.0
      - 0.0
    - - 0.0
      - 0.0
      - 0.0
    Cpe:
    - &id002
      - 0
      - 0
      - 1
    - *id002
    K:
    - - None
      - 8000
      - 12000
    - - 0
      - 1189
      - 1189
    eps:
    - - None
      - 0.752
      - 1.0
    - - None
      - 0.752
      - 1.0
    ka:
    - - None
      - 0.24
      - 0.36
    - - None
      - 0.16
      - 0.24
    kb:
    - - 0.0
      - 0.0
      - 0.0
    - - 0.0
      - 0.0
      - 0.0
    kc:
    - - 0.0
      - 0.0
      - 0.0
    - - 0.0
      - 0.0
      - 0.0
    kd:
    - - 0.0
      - 0.0
      - 0.0
    - - 0.0
      - 0.0
      - 0.0
    ke:
    - &id003
      - 0
      - 0
      - 1
    - *id003
    nO2:
    - - 0
      - 0
      - 1
    - - 0
      - 1189
      - 1189
    phases:
    - virgin
    - char
    rho:
    - - 1683
      - 1189
      - 1189
    - - 1235
      - 1189
      - 1189
  processParams:
    maxProcesses: 4
    multiprocess: true
  reactionParams:
    A:
    - - None
      - 2704000000000000.0
      - 4056000000000000.0
    E:
    - - None
      - 170400.0
      - 255600.0
    Hp:
    - - None
      - 4.76e5
      - 7.14e5
    Xi:
    - - None
      - 0
      - 1
    n:
    - - None
      - 1.2
      - 1.8
    nO2:
    - - 0
      - 0
      - 1
    prodState:
    - 1
    reacState:
    - 0
    typeState:
    - 3
  reinitializeComplex: false
  restart: false
  resultsDir: ../../results/E_Glass/
  systemDir: D:\workspace\JENSENHUGHES\optimization\sourceCode\optimizationpython\src
  tga:
    activePhaseVars:
    - C0
    - rho
    activeReactionVars:
    - A
    - E
    - n
    tgaO2: None
    tgaOpt: 1
    weight: 1.0
  virtualExperiment: false
Loop	t (s)	Error Min	Error Max	ErrorRel	Comp	Samples
0		35.87	4.511e-05	3.534e-03	1.000e+00	12	288
1		74.09	3.215e-05	3.534e-03	1.000e+00	12	288
2		116.54	1.656e-05	3.534e-03	1.000e+00	12	288
3		159.47	1.197e-05	3.534e-03	1.000e+00	12	288
4		205.30	1.048e-05	3.534e-03	1.000e+00	12	288
5		252.54	6.868e-06	3.534e-03	1.000e+00	12	288
6		297.06	6.498e-06	3.222e-03	1.000e+00	12	288
7		342.86	2.508e-06	3.168e-03	1.000e+00	12	288
8		391.40	2.508e-06	3.168e-03	1.000e+00	12	288
9		439.04	1.838e-06	3.168e-03	1.000e+00	12	288
10		487.46	1.560e-06	3.168e-03	1.000e+00	12	288
11		536.50	7.479e-07	3.168e-03	1.000e+00	12	288
12		585.66	7.479e-07	3.168e-03	1.000e+00	12	288
13		637.42	7.479e-07	3.168e-03	1.000e+00	12	288
14		693.31	7.479e-07	3.168e-03	1.000e+00	12	288
15		744.50	7.479e-07	3.168e-03	1.000e+00	12	288
16		801.58	7.479e-07	3.168e-03	3.140e-05	12	288
17		852.44	7.479e-07	3.168e-03	1.581e-05	12	288
18		906.61	7.479e-07	2.575e-03	1.123e-05	12	288
19		957.18	5.738e-07	2.575e-03	9.902e-06	12	288
20		1008.25	5.738e-07	2.575e-03	6.294e-06	12	288
21		1058.99	3.951e-07	2.575e-03	6.103e-06	12	288
22		1110.67	3.454e-07	2.575e-03	2.163e-06	12	288
23		1160.64	2.995e-07	2.575e-03	2.209e-06	12	288
24		1215.40	2.869e-07	3.050e-03	1.551e-06	12	288
25		1269.00	2.682e-07	3.050e-03	1.292e-06	12	288
26		1320.79	2.477e-07	3.050e-03	5.002e-07	12	288
27		1377.17	2.477e-07	3.575e-03	5.002e-07	12	288
28		1428.76	2.405e-07	3.575e-03	5.073e-07	12	288
29		1478.28	2.385e-07	3.575e-03	5.094e-07	12	288
30		1528.80	2.334e-07	3.575e-03	5.145e-07	12	288
31		1581.13	2.326e-07	3.575e-03	5.152e-07	12	288
32		1629.17	2.268e-07	3.575e-03	5.211e-07	12	288
33		1681.95	2.268e-07	3.575e-03	5.211e-07	12	288
34		1733.17	2.258e-07	3.575e-03	3.479e-07	12	288
35		1784.82	2.255e-07	3.575e-03	3.483e-07	12	288
36		1837.58	2.230e-07	3.575e-03	1.721e-07	12	288
37		1892.93	2.230e-07	3.575e-03	1.224e-07	12	288
38		1944.97	2.127e-07	3.575e-03	8.686e-08	12	288
39		1997.50	2.084e-07	3.575e-03	7.848e-08	12	288
40		2052.44	2.084e-07	3.575e-03	5.987e-08	12	288
41		2108.69	2.084e-07	3.575e-03	3.929e-08	12	288
42		2145.54	2.053e-07	3.575e-03	4.239e-08	12	288
43		2182.20	2.033e-07	3.575e-03	3.724e-08	12	288
44		2217.96	1.991e-07	3.575e-03	3.942e-08	12	288
45		2257.71	1.935e-07	3.575e-03	3.988e-08	12	288
46		2292.55	1.928e-07	3.575e-03	3.987e-08	12	288
47		2328.20	1.926e-07	3.575e-03	3.423e-08	12	288
48		2364.55	1.910e-07	3.575e-03	3.586e-08	12	288
49		2399.09	1.908e-07	3.575e-03	3.502e-08	12	288
50		2433.92	1.870e-07	3.575e-03	3.844e-08	12	288
51		2468.66	1.865e-07	3.575e-03	3.645e-08	12	288
52		2502.71	1.785e-07	3.575e-03	4.445e-08	12	288
53		2538.17	1.729e-07	3.575e-03	3.976e-08	12	288
54		2573.04	1.728e-07	3.575e-03	3.557e-08	12	288
55		2609.30	1.718e-07	3.575e-03	3.652e-08	12	288
56		2646.16	1.659e-07	3.575e-03	4.244e-08	12	288
57		2679.80	1.596e-07	3.575e-03	4.566e-08	12	288
58		2716.24	1.487e-07	3.575e-03	5.461e-08	12	288
59		2749.90	1.477e-07	3.575e-03	5.139e-08	12	288
60		2784.75	1.477e-07	3.575e-03	4.586e-08	12	288
61		2819.43	1.435e-07	9.601e-04	4.931e-08	12	288
62		2853.97	1.429e-07	9.601e-04	4.971e-08	12	288
63		2886.32	1.404e-07	9.601e-04	5.055e-08	12	288
64		2921.47	1.399e-07	9.601e-04	5.095e-08	12	288
65		2954.80	1.388e-07	9.601e-04	4.821e-08	12	288
66		2990.36	1.383e-07	9.601e-04	4.821e-08	12	288
67		3027.71	1.382e-07	9.601e-04	4.036e-08	12	288
68		3060.96	1.368e-07	5.006e-04	3.614e-08	12	288
69		3096.92	1.341e-07	5.006e-04	3.868e-08	12	288
70		3130.86	1.341e-07	9.198e-04	3.773e-08	12	288
71		3165.29	1.324e-07	9.198e-04	3.351e-08	12	288
72		3203.34	1.324e-07	9.198e-04	2.720e-08	12	288
73		3240.41	1.319e-07	9.198e-04	1.684e-08	12	288
74		3273.76	1.312e-07	9.198e-04	1.649e-08	12	288
75		3307.89	1.299e-07	9.198e-04	1.780e-08	12	288
76		3345.53	1.299e-07	9.198e-04	1.357e-08	12	288
77		3379.78	1.274e-07	1.678e-03	1.548e-08	12	288
78		3414.44	1.273e-07	1.678e-03	1.310e-08	12	288
79		3446.88	1.253e-07	1.678e-03	1.459e-08	12	288
80		3482.22	1.252e-07	1.678e-03	1.359e-08	12	288
81		3519.87	1.228e-07	1.678e-03	1.557e-08	12	288
82		3554.81	1.228e-07	1.678e-03	1.542e-08	12	288
83		3590.25	1.228e-07	1.678e-03	1.401e-08	12	288
84		3625.11	1.220e-07	1.252e-03	1.212e-08	12	288
85		3661.45	1.206e-07	1.252e-03	1.351e-08	12	288
86		3698.40	1.197e-07	1.252e-03	1.270e-08	12	288
87		3732.05	1.197e-07	1.252e-03	1.272e-08	12	288
88		3767.10	1.188e-07	1.014e-03	1.301e-08	12	288
89		3800.93	1.188e-07	1.014e-03	1.236e-08	12	288
90		3834.27	1.185e-07	1.014e-03	1.134e-08	12	288
91		3868.12	1.178e-07	1.014e-03	1.213e-08	12	288
92		3901.27	1.168e-07	1.014e-03	1.056e-08	12	288
93		3935.22	1.150e-07	1.014e-03	1.230e-08	12	288
94		3970.47	1.138e-07	1.014e-03	1.146e-08	12	288
95		4004.12	1.129e-07	1.014e-03	1.231e-08	12	288
96		4037.47	1.119e-07	1.014e-03	1.082e-08	12	288
97		4072.92	1.119e-07	1.014e-03	1.082e-08	12	288
98		4106.27	1.119e-07	1.014e-03	1.082e-08	12	288
Complex 1 eliminated with parameter deviation 9.19e-03
99		4140.59	1.119e-07	7.373e-07	1.005e-08	11	264
Complex 1 eliminated with parameter deviation 8.50e-03
100		4173.34	1.111e-07	2.055e-07	9.499e-09	10	240
101		4201.66	1.104e-07	8.644e-05	9.355e-09	10	240
102		4231.39	1.103e-07	3.388e-04	9.407e-09	10	240
103		4260.63	1.097e-07	3.388e-04	9.168e-09	10	240
104		4290.55	1.097e-07	9.112e-04	9.168e-09	10	240
105		4323.39	1.095e-07	9.112e-04	9.061e-09	10	240
106		4357.34	1.095e-07	1.628e-03	8.269e-09	10	240
107		4389.28	1.094e-07	1.628e-03	7.435e-09	10	240
108		4421.71	1.085e-07	1.628e-03	6.503e-09	10	240
109		4453.34	1.083e-07	1.628e-03	5.497e-09	10	240
110		4484.57	1.073e-07	1.628e-03	5.666e-09	10	240
111		4514.68	1.073e-07	1.477e-03	4.685e-09	10	240
112		4546.91	1.070e-07	1.477e-03	4.914e-09	10	240
113		4576.53	1.070e-07	1.477e-03	4.914e-09	10	240
114		4607.26	1.067e-07	1.477e-03	5.213e-09	10	240
115		4639.48	1.067e-07	1.477e-03	4.394e-09	10	240
116		4669.40	1.063e-07	1.477e-03	4.085e-09	10	240
117		4699.03	1.062e-07	1.477e-03	4.061e-09	10	240
118		4730.56	1.051e-07	1.477e-03	4.541e-09	10	240
119		4761.88	1.037e-07	1.477e-03	5.979e-09	10	240
120		4793.91	1.037e-07	1.477e-03	5.790e-09	10	240
121		4824.04	1.037e-07	1.477e-03	5.790e-09	10	240
122		4854.97	1.033e-07	1.477e-03	6.047e-09	10	240
123		4884.80	1.029e-07	1.477e-03	5.611e-09	10	240
124		4914.93	1.027e-07	1.477e-03	5.582e-09	10	240
125		4944.66	1.027e-07	1.477e-03	4.510e-09	10	240
126		4975.48	1.026e-07	1.477e-03	4.695e-09	10	240
127		5007.73	1.026e-07	1.306e-03	4.465e-09	10	240
128		5039.77	1.026e-07	1.306e-03	4.467e-09	10	240
129		5071.71	1.019e-07	1.306e-03	4.805e-09	10	240
130		5100.55	1.011e-07	1.306e-03	5.622e-09	10	240
131		5133.58	1.004e-07	1.306e-03	5.843e-09	10	240
132		5165.41	1.004e-07	1.306e-03	5.794e-09	10	240
133		5194.84	1.004e-07	8.370e-04	4.716e-09	10	240
134		5225.47	9.913e-08	8.370e-04	4.570e-09	10	240
A	 = 3.00e+15,
C0	 = 1.0,0.0,
Cpa	 = 1044.2214108733858,1138.032917473111,
E	 = 2.09e+05,
Hp	 = 555471.9022198282,
K	 = 10427.493194849081,0.0,
Value	 = 9.912733238092857e-08,
Xi	 = 0.7338086749851456,
eps	 = 0.866087519033732,0.867325196869314,
ka	 = 0.28522057581963844,0.173054246331372,
n	 = 1.5319466011335563,
nO2	 = 0.0,
rho	 = 1683.0,1235.0,
Results saved to D:\workspace\JENSENHUGHES\optimization\optimizationPaper\config\E_Glass\../../results/E_Glass/E_GlassConstTight_solution.txt
