C:\Users\Fyang\Workspace\optimization\optimizationPaper\config\multiReactionCharring\1Reactions\1mass_TGA_BT\../../../../results/multiReactionCharring/1Reactions/charLinear1ReacTGABTRun1 Log file
!!python/object/apply:collections.defaultdict
args:
- &id001 !!python/name:builtins.bool ''
dictitems:
  Duraboard:
    CprampF:
    - 1.0
    - 1.0
    CprampT:
    - 0
    - 5000
    eps: 0.8
    krampF:
    - 0.075932
    - 0.090229
    - 0.104522
    - 0.122143
    - 0.14158
    - 0.163436
    - 0.190738
    - 0.221975
    krampT:
    - 203.035
    - 317.4028
    - 426.9164
    - 536.4182
    - 647.3003
    - 757.4803
    - 867.6409
    - 981.2546
    rho: 258
    thickness: 0.0254
  XiState:
  - unknowable
  assumeVolumeConservation: true
  cone:
    Tinit: 25
    activePhaseVars:
    - C0
    - rho
    - ka
    - kb
    - kc
    - kd
    - ke
    - Cpa
    - Cpb
    - Cpc
    - Cpd
    - Cpe
    - eps
    - K
    activeReactionVars:
    - A
    - E
    - n
    - Hp
    - nO2
    - Xi
    - qIgn
    backBoundaryConditions:
      Tamb: 25
      htc: Auto
      type: INSULATED
    frontBoundaryConditions:
      Tamb: 25
      htc: Auto
    ignition:
      allowIgnition: false
      criticalMassFlux: 0.0032
      ignitionCriteria: critical mass flux
      ignitionHeatFlux: 20
      ignitionTime: 30
      optimizedHeatFlux: false
    weight: 1.0
  cone1: !!python/object/apply:collections.defaultdict
    args:
    - *id001
    dictitems:
      Tinit: 25
      activePhaseVars:
      - C0
      - rho
      - ka
      - kb
      - kc
      - kd
      - ke
      - Cpa
      - Cpb
      - Cpc
      - Cpd
      - Cpe
      - eps
      - K
      activeReactionVars:
      - A
      - E
      - n
      - Hp
      - nO2
      - Xi
      backBoundaryConditions: !!python/object/apply:collections.defaultdict
        args:
        - *id001
        dictitems:
          Tamb: 25
          htc: Auto
          type: INSULATED
      columns:
      - 1
      - 3
      depths:
      - 0
      - 0.008
      file: ../../../../data/multiReactionCharring/charLinear1ReacNominalVirtual.csv
      finalThickness: false
      frontBoundaryConditions: !!python/object/apply:collections.defaultdict
        args:
        - *id001
        dictitems:
          Tamb: 25
          heatFlux: 25
          htc: 15
      ignition: !!python/object/apply:collections.defaultdict
        args:
        - *id001
        dictitems:
          allowIgnition: false
          criticalMassFlux: 0.0032
          ignitionCriteria: critical mass flux
          ignitionHeatFlux: 20
          ignitionTime: 30
          optimizedHeatFlux: false
          timeToIgnition: false
      initialThickness: 0.008
      names:
      - Mass
      - Back_Temperature
      time: 0
      types:
      - 1
      - 3
      weight: 1.0
      weights:
      - 1
      - 1
      width1: 0.1016
      width2: 0.1016
  configDir: C:\Users\Fyang\Workspace\optimization\optimizationPaper\config\multiReactionCharring\1Reactions\1mass_TGA_BT\
  dataSources:
    names:
    - cone1
    types:
    - cone
  dsc:
    activePhaseVars:
    - C0
    - Cpa
    - Cpb
    - Cpc
    - Cpd
    - Cpe
    activeReactionVars:
    - A
    - E
    - n
    - Hp
    - Xi
    dscO2: None
    weight: 1.0
  fdsPath: C:\Program Files\FDS\FDS6\bin
  keepTemporaryFiles: false
  name: charLinear1ReacTGABTRun1
  optimizeParams:
    absErr: 1e-7
    absRelErr: 1e-7
    elimThresh: 1e-2
    maxIter: 200
    maxTime: 600000
    minIter: 5
    minP: 15
    opAlpha: 29
    opBeta: 1
    opP: 15
    opQ: 15
    opS: 29
    relErr: 1e-12
    relIter: 15
  outputParams:
    saveAllSamples: true
  phaseParams:
    C0:
    - - 1
      - 0
      - 1
    - - 0
      - 1189
      - 1189
    Cpa:
    - - None
      - 270
      - 4320
    - - None
      - 260.25
      - 4164
    Cpb:
    - - None
      - 0.0113
      - 0.1808
    - - None
      - 0.06475
      - 1.036
    Cpc:
    - - 0.0
      - 0.0
      - 0.0
    - - 0.0
      - 0.0
      - 0.0
    Cpd:
    - - 0.0
      - 0.0
      - 0.0
    - - 0.0
      - 0.0
      - 0.0
    Cpe:
    - &id002
      - 0
      - 0
      - 1
    - *id002
    K:
    - - None
      - 2500
      - 40000
    - - 1e8
      - 1189
      - 1189
    eps:
    - - None
      - 0.235
      - 1.0
    - - 0.94
      - 0.235
      - 1.0
    ka:
    - - None
      - 0.078
      - 1.248
    - - None
      - 0.023725
      - 0.3796
    kb:
    - - None
      - 1.1013e-05
      - 0.0001762
    - - None
      - 7.075e-05
      - 0.001132
    kc:
    - - 0.0
      - 0.0
      - 0.0
    - - 0.0
      - 0.0
      - 0.0
    kd:
    - - 0.0
      - 0.0
      - 0.0
    - - 0.0
      - 0.0
      - 0.0
    ke:
    - &id003
      - 0
      - 0
      - 1
    - *id003
    nO2:
    - - 0
      - 0
      - 1
    - - 0
      - 1189
      - 1189
    phases:
    - virgin
    - char
    rho:
    - - 1683
      - 1189
      - 1189
    - - 1235
      - 1189
      - 1189
  processParams:
    maxProcesses: 4
    multiprocess: true
  reactionParams:
    A:
    - - None
      - 2.106e12
      - 2.574e12
    E:
    - - None
      - 1.629e5
      - 1.991e5
    Hp:
    - - None
      - 2.5e4
      - 4e5
    Xi:
    - - None
      - 0
      - 1
    n:
    - - None
      - 0.9
      - 1.1
    nO2:
    - - 0
      - 0
      - 1
    prodState:
    - 1
    qIgn:
    - - None
      - 15
      - 25
    reacState:
    - 0
    typeState:
    - 3
  reinitializeComplex: false
  restart: false
  resultsDir: ../../../../results/multiReactionCharring/1Reactions/
  systemDir: C:\Users\Fyang\Workspace\optimization\sourceCode\optimizationpython\src
  tga:
    activePhaseVars:
    - C0
    - rho
    activeReactionVars:
    - A
    - E
    - n
    - Xi
    tgaO2: None
    tgaOpt: 1
    weight: 1.0
  thermalPropertyUnits: K
  virtualExperiment: false
Loop	t (s)	Error Min	Error Max	ErrorRel	Comp	Samples
0		47.59	1.112e-03	2.333e-02	1.000e+00	15	435
1		99.20	1.112e-03	1.957e-02	1.000e+00	15	435
2		164.72	1.010e-03	1.471e-02	1.000e+00	15	435
3		231.56	9.058e-04	1.471e-02	1.000e+00	15	435
4		297.17	5.418e-04	8.805e-03	1.000e+00	15	435
5		371.46	5.418e-04	8.805e-03	1.000e+00	15	435
6		444.71	5.089e-04	8.805e-03	1.000e+00	15	435
7		516.13	3.603e-04	8.805e-03	1.000e+00	15	435
8		586.11	1.801e-04	2.376e-03	1.000e+00	15	435
9		658.01	1.493e-04	2.376e-03	1.000e+00	15	435
10		730.73	1.301e-04	2.376e-03	1.000e+00	15	435
11		806.48	1.060e-04	2.376e-03	1.000e+00	15	435
12		884.96	8.152e-05	4.697e-04	1.000e+00	15	435
13		965.99	7.751e-05	4.697e-04	1.000e+00	15	435
14		1045.02	7.604e-05	4.594e-04	1.000e+00	15	435
15		1118.65	7.137e-05	1.686e-04	1.000e+00	15	435
16		1195.49	6.922e-05	1.686e-04	1.043e-03	15	435
17		1266.41	6.486e-05	9.924e-05	9.450e-04	15	435
18		1326.53	5.897e-05	7.855e-05	8.468e-04	15	435
19		1383.68	4.908e-05	7.742e-05	4.927e-04	15	435
20		1452.36	4.044e-05	1.513e-02	5.014e-04	15	435
21		1519.89	3.889e-05	2.152e-02	4.700e-04	15	435
22		1589.40	3.459e-05	2.226e-02	3.258e-04	15	435
23		1662.33	3.065e-05	2.329e-02	1.495e-04	15	435
24		1735.95	2.907e-05	2.184e-02	1.203e-04	15	435
25		1807.46	2.772e-05	2.157e-02	1.023e-04	15	435
26		1886.08	2.678e-05	1.131e-02	7.926e-05	15	435
27		1966.03	2.669e-05	4.750e-03	5.483e-05	15	435
28		2046.41	2.642e-05	2.799e-03	5.109e-05	15	435
29		2122.94	2.642e-05	1.033e-03	4.962e-05	15	435
30		2197.63	2.626e-05	5.158e-04	4.511e-05	15	435
31		2263.67	2.610e-05	2.599e-04	4.313e-05	15	435
32		2331.41	2.609e-05	1.463e-04	3.877e-05	15	435
33		2413.24	2.607e-05	7.048e-05	3.290e-05	15	435
34		2487.66	2.605e-05	4.178e-05	2.303e-05	15	435
35		2563.78	2.605e-05	3.078e-05	1.439e-05	15	435
36		2635.89	2.604e-05	2.691e-05	1.285e-05	15	435
37		2705.53	2.604e-05	2.683e-05	8.554e-06	15	435
38		2784.15	2.604e-05	2.633e-05	4.616e-06	15	435
39		2862.36	2.604e-05	2.608e-05	3.037e-06	15	435
40		2940.04	2.603e-05	2.605e-05	1.682e-06	15	435
41		3004.97	2.603e-05	2.604e-05	7.416e-07	15	435
42		3060.40	2.603e-05	2.604e-05	6.595e-07	15	435
43		3112.70	2.603e-05	2.604e-05	3.962e-07	15	435
44		3167.62	2.602e-05	2.604e-05	3.971e-07	15	435
45		3228.83	2.602e-05	2.603e-05	2.394e-07	15	435
46		3293.27	2.601e-05	2.603e-05	8.231e-08	15	435
47		3356.08	2.601e-05	2.603e-05	7.280e-08	15	435
48		3424.90	2.601e-05	2.602e-05	5.861e-08	15	435
49		3503.41	2.601e-05	2.602e-05	4.051e-08	15	435
50		3579.84	2.601e-05	2.602e-05	3.571e-08	15	435
51		3649.55	2.601e-05	2.601e-05	2.773e-08	15	435
52		3705.97	2.601e-05	2.601e-05	2.843e-08	15	435
53		3756.51	2.601e-05	2.601e-05	2.968e-08	15	435
54		3809.12	2.600e-05	2.601e-05	3.147e-08	15	435
55		3866.73	2.600e-05	2.601e-05	3.258e-08	15	435
56		3932.55	2.600e-05	2.601e-05	3.267e-08	15	435
57		4003.88	2.600e-05	2.601e-05	3.115e-08	15	435
58		4082.29	2.600e-05	2.601e-05	2.568e-08	15	435
59		4156.00	2.600e-05	2.601e-05	2.056e-08	15	435
60		4236.90	2.600e-05	2.600e-05	1.779e-08	15	435
61		4314.01	2.600e-05	2.600e-05	1.352e-08	15	435
62		4389.03	2.600e-05	1.952e-02	1.185e-08	15	435
63		4466.35	2.600e-05	2.395e-02	1.092e-08	15	435
64		4545.68	2.600e-05	2.462e-02	1.018e-08	15	435
65		4625.96	2.600e-05	2.462e-02	9.913e-09	15	435
66		4702.48	2.600e-05	2.462e-02	9.327e-09	15	435
67		4781.78	2.600e-05	2.462e-02	7.910e-09	15	435
68		4859.09	2.600e-05	1.757e-02	5.985e-09	15	435
69		4938.58	2.600e-05	1.947e-02	3.541e-09	15	435
70		5014.99	2.600e-05	2.409e-02	1.548e-09	15	435
71		5094.08	2.600e-05	2.409e-02	8.108e-10	15	435
72		5177.91	2.600e-05	2.409e-02	3.153e-10	15	435
73		5256.93	2.600e-05	2.113e-02	2.767e-10	15	435
74		5333.96	2.600e-05	2.190e-02	1.760e-10	15	435
75		5415.07	2.600e-05	2.375e-02	1.074e-10	15	435
76		5491.60	2.600e-05	2.375e-02	8.430e-11	15	435
77		5571.21	2.600e-05	2.260e-02	6.482e-11	15	435
78		5646.51	2.600e-05	1.572e-02	3.487e-11	15	435
79		5725.51	2.600e-05	2.078e-02	1.543e-11	15	435
80		5802.41	2.600e-05	1.996e-02	1.543e-11	15	435
81		5877.92	2.600e-05	2.322e-02	3.236e-11	15	435
82		5955.65	2.600e-05	2.322e-02	3.236e-11	15	435
83		6033.27	2.600e-05	2.101e-02	3.236e-11	15	435
84		6111.46	2.600e-05	2.227e-02	3.236e-11	15	435
85		6188.66	2.600e-05	2.227e-02	3.629e-11	15	435
86		6271.46	2.600e-05	2.053e-02	3.629e-11	15	435
87		6352.47	2.600e-05	2.288e-02	2.197e-11	15	435
88		6428.38	2.600e-05	2.288e-02	2.755e-11	15	435
89		6507.44	2.600e-05	2.306e-02	2.755e-11	15	435
90		6584.64	2.600e-05	1.684e-02	2.644e-11	15	435
91		6661.73	2.600e-05	2.075e-02	7.067e-11	15	435
92		6742.14	2.600e-05	2.283e-02	7.067e-11	15	435
93		6818.15	2.600e-05	2.248e-02	7.067e-11	15	435
94		6895.35	2.600e-05	2.240e-02	1.144e-10	15	435
95		6975.33	2.600e-05	2.213e-02	1.144e-10	15	435
96		7048.04	2.600e-05	2.121e-02	1.269e-10	15	435
97		7120.25	2.600e-05	1.466e-02	1.285e-10	15	435
98		7186.88	2.600e-05	9.969e-03	2.345e-10	15	435
99		7248.60	2.600e-05	6.745e-03	3.983e-10	15	435
100		7311.83	2.600e-05	2.249e-03	4.871e-10	15	435
101		7369.83	2.600e-05	8.561e-04	7.454e-10	15	435
102		7425.33	2.600e-05	4.300e-04	1.171e-09	15	435
103		7480.15	2.600e-05	6.003e-05	1.565e-09	15	435
104		7542.56	2.600e-05	5.084e-05	1.936e-09	15	435
105		7601.78	2.600e-05	5.084e-05	2.128e-09	15	435
106		7663.91	2.600e-05	3.398e-05	2.432e-09	15	435
107		7727.88	2.600e-05	2.939e-05	2.719e-09	15	435
108		7789.79	2.600e-05	2.821e-05	2.897e-09	15	435
109		7852.21	2.600e-05	2.623e-05	2.970e-09	15	435
110		7926.63	2.600e-05	2.614e-05	2.995e-09	15	435
111		8004.34	2.600e-05	2.614e-05	3.013e-09	15	435
112		8071.85	2.600e-05	1.287e-02	3.041e-09	15	435
113		8142.37	2.600e-05	2.095e-02	2.960e-09	15	435
114		8213.08	2.600e-05	2.048e-02	2.826e-09	15	435
115		8287.51	2.600e-05	2.261e-02	2.754e-09	15	435
116		8367.79	2.600e-05	2.440e-02	2.497e-09	15	435
117		8448.78	2.600e-05	2.281e-02	2.072e-09	15	435
118		8531.93	2.600e-05	2.186e-02	1.672e-09	15	435
119		8610.03	2.600e-05	1.499e-02	1.301e-09	15	435
120		8687.66	2.600e-05	1.392e-02	1.109e-09	15	435
121		8764.99	2.600e-05	1.615e-02	7.608e-10	15	435
122		8845.70	2.600e-05	1.565e-02	4.738e-10	15	435
123		8927.51	2.600e-05	2.216e-02	2.957e-10	15	435
124		9009.22	2.600e-05	2.353e-02	1.795e-10	15	435
125		9089.03	2.600e-05	2.314e-02	1.546e-10	15	435
126		9170.45	2.600e-05	2.111e-02	1.064e-10	15	435
127		9251.66	2.600e-05	2.229e-02	7.673e-11	15	435
128		9332.64	2.600e-05	1.976e-02	5.237e-11	15	435
129		9414.09	2.600e-05	2.034e-02	2.198e-11	15	435
130		9493.39	2.600e-05	1.946e-02	2.030e-12	15	435
131		9576.15	2.600e-05	2.029e-02	0.000e+00	15	435
132		9663.57	2.600e-05	2.330e-02	0.000e+00	15	435
133		9744.48	2.600e-05	2.169e-02	0.000e+00	15	435
134		9823.10	2.600e-05	2.185e-02	0.000e+00	15	435
135		9904.93	2.600e-05	2.166e-02	0.000e+00	15	435
136		9985.54	2.600e-05	1.905e-02	0.000e+00	15	435
137		10068.95	2.600e-05	2.023e-02	0.000e+00	15	435
138		10150.56	2.600e-05	2.331e-02	0.000e+00	15	435
139		10235.27	2.600e-05	2.171e-02	0.000e+00	15	435
140		10314.39	2.600e-05	2.260e-02	0.000e+00	15	435
141		10396.12	2.600e-05	2.365e-02	0.000e+00	15	435
142		10474.04	2.600e-05	2.023e-02	0.000e+00	15	435
143		10556.25	2.600e-05	2.232e-02	3.845e-12	15	435
144		10641.07	2.600e-05	2.233e-02	3.845e-12	15	435
145		10724.28	2.600e-05	2.193e-02	3.845e-12	15	435
146		10804.11	2.600e-05	1.891e-02	3.845e-12	15	435
147		10888.43	2.600e-05	2.214e-02	3.845e-12	15	435
148		10970.06	2.600e-05	2.315e-02	3.845e-12	15	435
149		11052.36	2.600e-05	2.315e-02	3.845e-12	15	435
150		11129.86	2.600e-05	2.154e-02	3.845e-12	15	435
151		11210.18	2.600e-05	2.147e-02	3.845e-12	15	435
152		11290.71	2.600e-05	2.220e-02	3.845e-12	15	435
153		11375.71	2.600e-05	2.367e-02	3.845e-12	15	435
154		11455.02	2.600e-05	2.343e-02	3.845e-12	15	435
155		11531.92	2.600e-05	1.993e-02	3.845e-12	15	435
156		11613.53	2.600e-05	2.064e-02	3.845e-12	15	435
157		11695.62	2.600e-05	2.348e-02	3.845e-12	15	435
158		11774.82	2.600e-05	2.221e-02	0.000e+00	15	435
159		11854.73	2.600e-05	2.175e-02	0.000e+00	15	435
160		11933.78	2.600e-05	2.344e-02	0.000e+00	15	435
161		12017.18	2.600e-05	2.417e-02	0.000e+00	15	435
162		12100.10	2.600e-05	1.814e-02	0.000e+00	15	435
163		12179.22	2.600e-05	2.051e-02	0.000e+00	15	435
164		12257.83	2.600e-05	2.159e-02	2.187e-12	15	435
165		12340.15	2.600e-05	2.268e-02	2.187e-12	15	435
166		12419.82	2.600e-05	1.879e-02	2.187e-12	15	435
167		12500.23	2.600e-05	2.435e-02	2.187e-12	15	435
168		12581.66	2.600e-05	2.294e-02	2.187e-12	15	435
169		12662.06	2.600e-05	2.468e-02	2.187e-12	15	435
170		12742.46	2.600e-05	2.468e-02	2.247e-12	15	435
171		12822.08	2.600e-05	2.468e-02	2.247e-12	15	435
172		12907.81	2.600e-05	2.468e-02	2.247e-12	15	435
173		12998.90	2.600e-05	2.294e-02	2.247e-12	15	435
174		13096.72	2.600e-05	1.886e-02	2.247e-12	15	435
175		13189.03	2.600e-05	2.329e-02	2.247e-12	15	435
176		13280.28	2.600e-05	2.039e-02	2.247e-12	15	435
177		13379.38	2.600e-05	2.161e-02	2.247e-12	15	435
178		13479.82	2.600e-05	2.274e-02	2.247e-12	15	435
179		13577.76	2.600e-05	2.161e-02	6.058e-14	15	435
180		13676.01	2.600e-05	1.594e-02	6.058e-14	15	435
181		13775.01	2.600e-05	2.127e-02	6.058e-14	15	435
182		13872.24	2.600e-05	2.004e-02	6.058e-14	15	435
183		13969.97	2.600e-05	2.004e-02	6.058e-14	15	435
184		14067.89	2.600e-05	2.188e-02	6.058e-14	15	435
185		14167.42	2.600e-05	1.757e-02	0.000e+00	15	435
186		14274.44	2.600e-05	2.428e-02	0.000e+00	15	435
187		14381.40	2.600e-05	2.317e-02	0.000e+00	15	435
188		14489.71	2.600e-05	2.013e-02	0.000e+00	15	435
189		14597.86	2.600e-05	2.173e-02	0.000e+00	15	435
190		14707.45	2.600e-05	2.102e-02	0.000e+00	15	435
191		14820.95	2.600e-05	2.102e-02	0.000e+00	15	435
192		14934.64	2.600e-05	2.000e-02	0.000e+00	15	435
193		15046.71	2.600e-05	2.313e-02	0.000e+00	15	435
194		15160.38	2.600e-05	1.498e-02	0.000e+00	15	435
195		15275.58	2.600e-05	2.301e-02	0.000e+00	15	435
196		15394.67	2.600e-05	2.375e-02	0.000e+00	15	435
197		15517.63	2.600e-05	2.375e-02	0.000e+00	15	435
198		15637.17	2.600e-05	2.069e-02	0.000e+00	15	435
199		15759.25	2.600e-05	1.858e-02	0.000e+00	15	435
A	 = 2.53e+12,
C0	 = 1.0,0.0,
Cpa	 = 1045.2294881569933,964.8818534361308,
Cpb	 = 0.08691720863961015,0.34664786022813154,
E	 = 1.81e+05,
Hp	 = 100326.79841892298,
K	 = 25704.736427549964,100000000.0,
Value	 = 2.5997056863624068e-05,
Xi	 = 0.7338086749851456,
eps	 = 0.9314267938724996,0.94,
ka	 = 0.30255677436612655,0.1872084239240926,
kb	 = 5.290166824993202e-05,0.0001455032547864243,
n	 = 1.0005818132347102,
nO2	 = 0.0,
qIgn	 = 18.98966872079581,
rho	 = 1683.0,1235.0,
Results saved to C:\Users\Fyang\Workspace\optimization\optimizationPaper\config\multiReactionCharring\1Reactions\1mass_TGA_BT\../../../../results/multiReactionCharring/1Reactions/charLinear1ReacTGABTRun1_solution.txt
