D:\workspace\JENSENHUGHES\optimization\optimizationPaper\config\multiReactionCharring\1Reactions\2mass_TGA\../../../../results/multiReactionCharring/1Reactions/charLinear1Reac2MassTGA Log file
!!python/object/apply:collections.defaultdict
args:
- &id001 !!python/name:builtins.bool ''
dictitems:
  Duraboard:
    CprampF:
    - 1.0
    - 1.0
    CprampT:
    - 0
    - 5000
    eps: 0.8
    krampF:
    - 0.075932
    - 0.090229
    - 0.104522
    - 0.122143
    - 0.14158
    - 0.163436
    - 0.190738
    - 0.221975
    krampT:
    - 203.035
    - 317.4028
    - 426.9164
    - 536.4182
    - 647.3003
    - 757.4803
    - 867.6409
    - 981.2546
    rho: 258
    thickness: 0.0254
  XiState:
  - unknowable
  assumeVolumeConservation: true
  cone:
    Tinit: 25
    activePhaseVars:
    - C0
    - rho
    - ka
    - kb
    - kc
    - kd
    - ke
    - Cpa
    - Cpb
    - Cpc
    - Cpd
    - Cpe
    - eps
    - K
    activeReactionVars:
    - A
    - E
    - n
    - Hp
    - nO2
    - Xi
    allowIgnition: false
    backBoundaryConditions:
      Tamb: 25
      htc: Auto
      type: INSULATED
    frontBoundaryConditions:
      Tamb: 25
      htc: Auto
    ignitionHeatFlux: 20
    ignitionThreshold: 0.0032
    weight: 1.0
  cone1: !!python/object/apply:collections.defaultdict
    args:
    - *id001
    dictitems:
      Tinit: 25
      activePhaseVars:
      - C0
      - rho
      - ka
      - kb
      - kc
      - kd
      - ke
      - Cpa
      - Cpb
      - Cpc
      - Cpd
      - Cpe
      - eps
      - K
      activeReactionVars:
      - A
      - E
      - n
      - Hp
      - nO2
      - Xi
      backBoundaryConditions: !!python/object/apply:collections.defaultdict
        args:
        - *id001
        dictitems:
          Tamb: 25
          htc: Auto
          type: INSULATED
      columns:
      - 1
      depths:
      - 0
      file: ../../../../data/multiReactionCharring/charLinear1ReacNominal25kW_0_cone_Mass.csv
      finalThickness: false
      frontBoundaryConditions: !!python/object/apply:collections.defaultdict
        args:
        - *id001
        dictitems:
          Tamb: 25
          heatFlux: 25
          htc: 15
      ignitionHeatFlux: 20.0
      ignitionThreshold: 0.0032
      initialThickness: 0.008
      names:
      - Mass
      time: 0
      types:
      - 1
      weight: 1.0
      weights:
      - 1
      width1: 0.1016
      width2: 0.1016
  cone2: !!python/object/apply:collections.defaultdict
    args:
    - *id001
    dictitems:
      Tinit: 25
      activePhaseVars:
      - C0
      - rho
      - ka
      - kb
      - kc
      - kd
      - ke
      - Cpa
      - Cpb
      - Cpc
      - Cpd
      - Cpe
      - eps
      - K
      activeReactionVars:
      - A
      - E
      - n
      - Hp
      - nO2
      - Xi
      backBoundaryConditions: !!python/object/apply:collections.defaultdict
        args:
        - *id001
        dictitems:
          Tamb: 25
          htc: Auto
          type: INSULATED
      columns:
      - 1
      depths:
      - 0
      file: ../../../../data/multiReactionCharring/charLinear1ReacNominal50kW_0_cone_Mass.csv
      finalThickness: false
      frontBoundaryConditions: !!python/object/apply:collections.defaultdict
        args:
        - *id001
        dictitems:
          Tamb: 25
          heatFlux: 50
          htc: 15
      ignitionHeatFlux: 20.0
      ignitionThreshold: 0.0032
      initialThickness: 0.008
      names:
      - Mass
      time: 0
      types:
      - 1
      weight: 1.0
      weights:
      - 1
      width1: 0.1016
      width2: 0.1016
  configDir: D:\workspace\JENSENHUGHES\optimization\optimizationPaper\config\multiReactionCharring\1Reactions\2mass_TGA\
  dataSources:
    names:
    - cone1
    - cone2
    types:
    - cone
    - cone
  dsc:
    activePhaseVars:
    - C0
    - Cpa
    - Cpb
    - Cpc
    - Cpd
    - Cpe
    activeReactionVars:
    - A
    - E
    - n
    - Hp
    dscO2: None
    weight: 1.0
  fdsPath: C:\Program Files\FDS\FDS6\bin
  keepTemporaryFiles: false
  name: charLinear1Reac2MassTGA
  optimizeParams:
    absErr: 1e-7
    absRelErr: 1e-7
    elimThresh: 1e-2
    maxIter: 200
    maxTime: 600000
    minIter: 5
    minP: 15
    opAlpha: 29
    opBeta: 1
    opP: 15
    opQ: 15
    opS: 29
    relErr: 1e-12
    relIter: 15
  outputParams:
    saveAllSamples: false
  phaseParams:
    C0:
    - - 1
      - 0
      - 1
    - - 0
      - 1189
      - 1189
    Cpa:
    - - None
      - 270
      - 4320
    - - None
      - 260.25
      - 4164
    Cpb:
    - - None
      - 0.0113
      - 0.1808
    - - None
      - 0.06475
      - 1.036
    Cpc:
    - - 0.0
      - 0.0
      - 0.0
    - - 0.0
      - 0.0
      - 0.0
    Cpd:
    - - 0.0
      - 0.0
      - 0.0
    - - 0.0
      - 0.0
      - 0.0
    Cpe:
    - &id002
      - 0
      - 0
      - 1
    - *id002
    K:
    - - None
      - 2500
      - 40000
    - - 1e8
      - 1189
      - 1189
    eps:
    - - None
      - 0.235
      - 1.0
    - - 0.94
      - 0.235
      - 1.0
    ka:
    - - None
      - 0.078
      - 1.248
    - - None
      - 0.023725
      - 0.3796
    kb:
    - - None
      - 1.1013e-05
      - 0.0001762
    - - None
      - 7.075e-05
      - 0.001132
    kc:
    - - 0.0
      - 0.0
      - 0.0
    - - 0.0
      - 0.0
      - 0.0
    kd:
    - - 0.0
      - 0.0
      - 0.0
    - - 0.0
      - 0.0
      - 0.0
    ke:
    - &id003
      - 0
      - 0
      - 1
    - *id003
    nO2:
    - - 0
      - 0
      - 1
    - - 0
      - 1189
      - 1189
    phases:
    - virgin
    - char
    rho:
    - - 1683
      - 1189
      - 1189
    - - 1235
      - 1189
      - 1189
  processParams:
    maxProcesses: 4
    multiprocess: true
  reactionParams:
    A:
    - - None
      - 2.106e12
      - 2.574e12
    E:
    - - None
      - 1.629e5
      - 1.991e5
    Hp:
    - - None
      - 2.5e4
      - 4e5
    Xi:
    - - None
      - 0
      - 1
    n:
    - - None
      - 0.9
      - 1.1
    nO2:
    - - 0
      - 0
      - 1
    prodState:
    - 1
    reacState:
    - 0
    typeState:
    - 3
  reinitializeComplex: false
  restart: false
  resultsDir: ../../../../results/multiReactionCharring/1Reactions/
  systemDir: D:\workspace\JENSENHUGHES\optimization\sourceCode\optimizationpython\src
  tga:
    activePhaseVars:
    - C0
    - rho
    activeReactionVars:
    - A
    - E
    - n
    tgaO2: None
    tgaOpt: 1
    weight: 1.0
  thermalPropertyUnits: K
  virtualExperiment: false
Loop	t (s)	Error Min	Error Max	ErrorRel	Comp	Samples
0		105.18	3.691e-04	1.212e-02	1.000e+00	15	435
1		217.17	3.691e-04	1.212e-02	1.000e+00	15	435
2		368.42	3.691e-04	9.067e-03	1.000e+00	15	435
3		529.58	2.843e-04	6.252e-03	1.000e+00	15	435
4		688.45	1.925e-04	7.772e-03	1.000e+00	15	435
5		842.80	1.480e-04	3.935e-03	1.000e+00	15	435
6		997.15	7.906e-05	3.163e-03	1.000e+00	15	435
7		1150.92	7.606e-05	2.309e-03	1.000e+00	15	435
8		1312.90	6.140e-05	2.309e-03	1.000e+00	15	435
9		1481.25	5.161e-05	2.309e-03	1.000e+00	15	435
10		1646.32	4.850e-05	1.201e-03	1.000e+00	15	435
11		1812.69	4.137e-05	8.274e-04	1.000e+00	15	435
12		1971.58	3.695e-05	4.264e-04	1.000e+00	15	435
13		2111.81	2.879e-05	1.522e-04	1.000e+00	15	435
14		2240.93	2.462e-05	8.715e-05	1.000e+00	15	435
15		2386.97	2.284e-05	8.067e-05	1.000e+00	15	435
16		2541.81	2.269e-05	4.188e-05	3.464e-04	15	435
17		2699.68	2.235e-05	4.038e-05	3.468e-04	15	435
18		2864.08	2.177e-05	3.007e-05	2.625e-04	15	435
19		3023.64	2.126e-05	2.816e-05	1.712e-04	15	435
20		3166.27	2.067e-05	2.816e-05	1.274e-04	15	435
21		3280.16	1.857e-05	2.380e-05	6.049e-05	15	435
22		3400.88	1.599e-05	2.267e-05	6.007e-05	15	435
23		3525.50	1.347e-05	2.267e-05	4.793e-05	15	435
24		3651.02	1.068e-05	2.130e-05	4.093e-05	15	435
25		3778.15	9.285e-06	2.130e-05	3.921e-05	15	435
26		3898.87	7.940e-06	1.768e-05	3.343e-05	15	435
27		4017.37	6.774e-06	1.317e-05	3.018e-05	15	435
28		4136.98	6.366e-06	1.182e-05	2.242e-05	15	435
29		4262.71	5.293e-06	1.182e-05	1.933e-05	15	435
30		4391.81	4.671e-06	9.757e-06	1.817e-05	15	435
31		4536.74	3.773e-06	9.757e-06	1.892e-05	15	435
32		4681.90	3.623e-06	6.611e-06	1.873e-05	15	435
33		4837.32	3.431e-06	5.945e-06	1.833e-05	15	435
34		4993.28	3.022e-06	5.097e-06	1.824e-05	15	435
35		5133.02	2.437e-06	4.839e-06	1.823e-05	15	435
36		5263.16	1.904e-06	3.864e-06	1.666e-05	15	435
37		5376.25	1.263e-06	3.750e-06	1.472e-05	15	435
38		5483.64	9.267e-07	3.063e-06	1.254e-05	15	435
39		5605.53	7.063e-07	3.063e-06	9.977e-06	15	435
40		5758.39	7.063e-07	3.063e-06	8.579e-06	15	435
41		5913.03	6.437e-07	3.038e-06	7.296e-06	15	435
42		6069.88	6.327e-07	1.750e-06	6.141e-06	15	435
43		6237.36	6.118e-07	1.518e-06	5.754e-06	15	435
44		6394.01	5.960e-07	1.054e-06	4.697e-06	15	435
45		6542.85	5.821e-07	1.054e-06	4.089e-06	15	435
46		6676.36	5.708e-07	9.709e-07	3.202e-06	15	435
47		6813.39	5.672e-07	6.781e-07	3.056e-06	15	435
48		6962.53	5.642e-07	5.945e-07	2.867e-06	15	435
49		7110.96	5.593e-07	5.893e-07	2.463e-06	15	435
50		7247.98	5.560e-07	5.845e-07	1.881e-06	15	435
51		7367.60	5.413e-07	5.842e-07	1.363e-06	15	435
52		7478.69	5.033e-07	5.682e-07	7.595e-07	15	435
53		7613.92	4.953e-07	5.677e-07	4.314e-07	15	435
54		7746.04	4.743e-07	5.596e-07	2.320e-07	15	435
55		7873.55	4.464e-07	5.485e-07	2.599e-07	15	435
56		7999.78	4.069e-07	5.129e-07	2.368e-07	15	435
57		8122.47	3.367e-07	5.053e-07	2.960e-07	15	435
58		8254.31	2.950e-07	4.650e-07	3.168e-07	15	435
59		8397.34	2.734e-07	4.642e-07	3.225e-07	15	435
60		8539.47	2.383e-07	4.141e-07	3.439e-07	15	435
61		8687.33	2.265e-07	3.689e-07	3.443e-07	15	435
62		8852.30	2.261e-07	3.689e-07	3.412e-07	15	435
63		9012.48	2.243e-07	2.794e-07	3.399e-07	15	435
64		9173.77	2.223e-07	2.764e-07	3.370e-07	15	435
65		9338.22	2.216e-07	2.764e-07	3.344e-07	15	435
66		9490.78	2.208e-07	2.764e-07	3.205e-07	15	435
67		9634.82	2.192e-07	2.764e-07	2.841e-07	15	435
68		9752.22	2.169e-07	2.764e-07	2.785e-07	15	435
69		9862.42	2.067e-07	2.338e-07	2.676e-07	15	435
70		9981.96	1.959e-07	2.310e-07	2.505e-07	15	435
71		10114.99	1.875e-07	2.189e-07	2.193e-07	15	435
72		10239.20	1.729e-07	2.074e-07	1.639e-07	15	435
73		10367.42	1.602e-07	2.058e-07	1.348e-07	15	435
74		10511.45	1.386e-07	2.046e-07	1.348e-07	15	435
75		10653.30	1.271e-07	2.019e-07	1.112e-07	15	435
76		10790.93	1.069e-07	1.709e-07	1.196e-07	15	435
77		10933.36	9.430e-08	1.650e-07	1.318e-07	15	435
A	 = 2.43e+12,
C0	 = 1.0,0.0,
Cpa	 = 1074.1475584989025,1118.3154061172554,
Cpb	 = 0.06879845081400955,0.20221659568958766,
E	 = 1.81e+05,
Hp	 = 100728.01230253815,
K	 = 10974.532802515494,100000000.0,
Value	 = 9.429535780953903e-08,
Xi	 = 0.7338086749851456,
eps	 = 0.9400914388059787,0.94,
ka	 = 0.3031494940627837,0.06933654807215994,
kb	 = 6.310258551209185e-05,0.0003254029463477429,
n	 = 0.996923169465241,
nO2	 = 0.0,
rho	 = 1683.0,1235.0,
Results saved to D:\workspace\JENSENHUGHES\optimization\optimizationPaper\config\multiReactionCharring\1Reactions\2mass_TGA\../../../../results/multiReactionCharring/1Reactions/charLinear1Reac2MassTGA_solution.txt
