D:\workspace\JENSENHUGHES\optimization\optimizationPaper\config\multiReactionCharring\1Reactions\1mass_BT\../../../../results/multiReactionCharring/1Reactions/charLinear1ReacBT Log file
!!python/object/apply:collections.defaultdict
args:
- &id001 !!python/name:builtins.bool ''
dictitems:
  Duraboard:
    CprampF:
    - 1.0
    - 1.0
    CprampT:
    - 0
    - 5000
    eps: 0.8
    krampF:
    - 0.075932
    - 0.090229
    - 0.104522
    - 0.122143
    - 0.14158
    - 0.163436
    - 0.190738
    - 0.221975
    krampT:
    - 203.035
    - 317.4028
    - 426.9164
    - 536.4182
    - 647.3003
    - 757.4803
    - 867.6409
    - 981.2546
    rho: 258
    thickness: 0.0254
  XiState:
  - unknowable
  assumeVolumeConservation: true
  cone:
    Tinit: 25
    activePhaseVars:
    - C0
    - rho
    - ka
    - kb
    - kc
    - kd
    - ke
    - Cpa
    - Cpb
    - Cpc
    - Cpd
    - Cpe
    - eps
    - K
    activeReactionVars:
    - A
    - E
    - n
    - Hp
    - nO2
    - Xi
    allowIgnition: false
    backBoundaryConditions:
      Tamb: 25
      htc: Auto
      type: INSULATED
    frontBoundaryConditions:
      Tamb: 25
      htc: Auto
    ignitionHeatFlux: 20
    ignitionThreshold: 0.0032
    weight: 1.0
  cone1: !!python/object/apply:collections.defaultdict
    args:
    - *id001
    dictitems:
      Tinit: 25
      activePhaseVars:
      - C0
      - rho
      - ka
      - kb
      - kc
      - kd
      - ke
      - Cpa
      - Cpb
      - Cpc
      - Cpd
      - Cpe
      - eps
      - K
      activeReactionVars:
      - A
      - E
      - n
      - Hp
      - nO2
      - Xi
      backBoundaryConditions: !!python/object/apply:collections.defaultdict
        args:
        - *id001
        dictitems:
          Tamb: 25
          htc: Auto
          type: INSULATED
      columns:
      - 1
      - 3
      depths:
      - 0
      - 0.008
      file: ../../../../data/multiReactionCharring/charLinear1ReacNominalVirtual.csv
      finalThickness: false
      frontBoundaryConditions: !!python/object/apply:collections.defaultdict
        args:
        - *id001
        dictitems:
          Tamb: 25
          heatFlux: 25
          htc: 15
      ignitionHeatFlux: 20.0
      ignitionThreshold: 0.0032
      initialThickness: 0.008
      names:
      - Mass
      - Back_Temperature
      time: 0
      types:
      - 1
      - 3
      weight: 1.0
      weights:
      - 1
      - 1
      width1: 0.1016
      width2: 0.1016
  configDir: D:\workspace\JENSENHUGHES\optimization\optimizationPaper\config\multiReactionCharring\1Reactions\1mass_BT\
  dataSources:
    names:
    - cone1
    types:
    - cone
  dsc:
    activePhaseVars:
    - C0
    - Cpa
    - Cpb
    - Cpc
    - Cpd
    - Cpe
    activeReactionVars:
    - A
    - E
    - n
    - Hp
    dscO2: None
    weight: 1.0
  fdsPath: C:\Program Files\FDS\FDS6\bin
  keepTemporaryFiles: false
  name: charLinear1ReacBT
  optimizeParams:
    absErr: 1e-7
    absRelErr: 1e-7
    elimThresh: 1e-2
    maxIter: 200
    maxTime: 600000
    minIter: 5
    minP: 15
    opAlpha: 29
    opBeta: 1
    opP: 15
    opQ: 15
    opS: 29
    relErr: 1e-12
    relIter: 15
  outputParams:
    saveAllSamples: false
  phaseParams:
    C0:
    - - 1
      - 0
      - 1
    - - 0
      - 1189
      - 1189
    Cpa:
    - - None
      - 270
      - 4320
    - - None
      - 260.25
      - 4164
    Cpb:
    - - None
      - 0.0113
      - 0.1808
    - - None
      - 0.06475
      - 1.036
    Cpc:
    - - 0.0
      - 0.0
      - 0.0
    - - 0.0
      - 0.0
      - 0.0
    Cpd:
    - - 0.0
      - 0.0
      - 0.0
    - - 0.0
      - 0.0
      - 0.0
    Cpe:
    - &id002
      - 0
      - 0
      - 1
    - *id002
    K:
    - - None
      - 2500
      - 40000
    - - 1e8
      - 1189
      - 1189
    eps:
    - - None
      - 0.235
      - 1.0
    - - 0.94
      - 0.235
      - 1.0
    ka:
    - - None
      - 0.078
      - 1.248
    - - None
      - 0.023725
      - 0.3796
    kb:
    - - None
      - 1.1013e-05
      - 0.0001762
    - - None
      - 7.075e-05
      - 0.001132
    kc:
    - - 0.0
      - 0.0
      - 0.0
    - - 0.0
      - 0.0
      - 0.0
    kd:
    - - 0.0
      - 0.0
      - 0.0
    - - 0.0
      - 0.0
      - 0.0
    ke:
    - &id003
      - 0
      - 0
      - 1
    - *id003
    nO2:
    - - 0
      - 0
      - 1
    - - 0
      - 1189
      - 1189
    phases:
    - virgin
    - char
    rho:
    - - 1683
      - 1189
      - 1189
    - - 1235
      - 1189
      - 1189
  processParams:
    maxProcesses: 4
    multiprocess: true
  reactionParams:
    A:
    - - None
      - 5.86e11
      - 9.376e12
    E:
    - - None
      - 4.525e4
      - 7.24e5
    Hp:
    - - None
      - 2.5e4
      - 4e5
    Xi:
    - - None
      - 0
      - 1
    n:
    - - None
      - 0.25
      - 4.0
    nO2:
    - - 0
      - 0
      - 1
    prodState:
    - 1
    reacState:
    - 0
    typeState:
    - 3
  reinitializeComplex: false
  restart: false
  resultsDir: ../../../../results/multiReactionCharring/1Reactions/
  systemDir: D:\workspace\JENSENHUGHES\optimization\sourceCode\optimizationpython\src
  tga:
    activePhaseVars:
    - C0
    - rho
    activeReactionVars:
    - A
    - E
    - n
    tgaO2: None
    tgaOpt: 1
    weight: 1.0
  thermalPropertyUnits: K
  virtualExperiment: false
Loop	t (s)	Error Min	Error Max	ErrorRel	Comp	Samples
0		56.19	3.034e-03	2.325e-02	1.000e+00	15	435
1		125.99	1.835e-03	2.325e-02	1.000e+00	15	435
2		202.42	1.479e-03	2.270e-02	1.000e+00	15	435
3		289.36	1.088e-03	2.271e-02	1.000e+00	15	435
4		371.89	1.088e-03	2.258e-02	1.000e+00	15	435
5		459.49	9.635e-04	2.258e-02	1.000e+00	15	435
6		542.82	9.635e-04	1.462e-02	1.000e+00	15	435
7		619.73	9.304e-04	1.210e-02	1.000e+00	15	435
8		701.25	8.508e-04	7.753e-03	1.000e+00	15	435
9		788.73	7.241e-04	6.935e-03	1.000e+00	15	435
10		874.39	6.484e-04	6.502e-03	1.000e+00	15	435
11		953.03	5.769e-04	6.502e-03	1.000e+00	15	435
12		1027.16	4.792e-04	6.502e-03	1.000e+00	15	435
13		1089.96	3.719e-04	6.502e-03	1.000e+00	15	435
14		1157.04	3.178e-04	6.502e-03	1.000e+00	15	435
15		1223.76	2.947e-04	3.858e-03	1.000e+00	15	435
16		1289.84	2.570e-04	2.210e-03	1.578e-03	15	435
17		1362.14	2.019e-04	1.246e-03	1.277e-03	15	435
18		1437.96	1.650e-04	7.076e-04	9.231e-04	15	435
19		1511.68	1.033e-04	4.300e-04	9.848e-04	15	435
20		1590.52	1.006e-04	4.300e-04	8.629e-04	15	435
21		1671.46	9.972e-05	2.214e-04	8.638e-04	15	435
22		1757.38	9.002e-05	2.214e-04	8.404e-04	15	435
23		1837.05	8.587e-05	2.214e-04	7.650e-04	15	435
24		1916.11	8.533e-05	1.553e-04	6.388e-04	15	435
25		1992.86	8.231e-05	1.553e-04	5.661e-04	15	435
26		2064.40	7.833e-05	1.553e-04	4.985e-04	15	435
27		2130.74	7.264e-05	1.221e-04	4.066e-04	15	435
28		2202.59	6.693e-05	8.533e-05	3.049e-04	15	435
29		2272.76	5.748e-05	8.256e-05	2.603e-04	15	435
30		2347.24	5.040e-05	8.256e-05	2.443e-04	15	435
31		2427.44	4.465e-05	7.669e-05	2.123e-04	15	435
32		2504.85	4.208e-05	7.669e-05	1.598e-04	15	435
33		2576.18	3.837e-05	7.539e-05	1.267e-04	15	435
34		2647.90	3.804e-05	6.023e-05	6.527e-05	15	435
35		2717.31	3.717e-05	5.539e-05	6.346e-05	15	435
36		2783.44	3.570e-05	5.055e-05	6.403e-05	15	435
37		2850.54	3.334e-05	4.512e-05	5.668e-05	15	435
38		2913.31	3.261e-05	3.897e-05	5.326e-05	15	435
39		2984.51	3.063e-05	3.713e-05	5.469e-05	15	435
40		3057.39	2.968e-05	3.630e-05	5.263e-05	15	435
41		3130.04	2.788e-05	3.630e-05	5.045e-05	15	435
42		3202.64	2.719e-05	3.630e-05	4.545e-05	15	435
43		3287.50	2.719e-05	3.630e-05	3.974e-05	15	435
44		3376.78	2.702e-05	2.969e-05	3.046e-05	15	435
45		3459.98	2.676e-05	2.969e-05	2.364e-05	15	435
46		3540.23	2.637e-05	2.809e-05	1.828e-05	15	435
47		3619.72	2.626e-05	2.809e-05	1.582e-05	15	435
48		3704.74	2.623e-05	2.736e-05	1.215e-05	15	435
49		3800.52	2.619e-05	2.682e-05	1.185e-05	15	435
50		3893.92	2.618e-05	2.676e-05	1.098e-05	15	435
51		3984.31	2.618e-05	2.642e-05	9.519e-06	15	435
52		4074.43	2.617e-05	2.633e-05	7.170e-06	15	435
53		4158.26	2.616e-05	2.629e-05	6.446e-06	15	435
54		4252.11	2.616e-05	2.629e-05	4.473e-06	15	435
55		4346.52	2.616e-05	2.627e-05	3.516e-06	15	435
56		4439.94	2.616e-05	2.626e-05	1.723e-06	15	435
57		4534.42	2.616e-05	2.617e-05	1.030e-06	15	435
58		4622.36	2.616e-05	2.617e-05	1.031e-06	15	435
59		4703.65	2.615e-05	2.617e-05	8.666e-07	15	435
60		4771.66	2.614e-05	2.617e-05	6.156e-07	15	435
61		4837.97	2.614e-05	2.616e-05	2.325e-07	15	435
62		4910.95	2.613e-05	2.616e-05	1.337e-07	15	435
63		4984.29	2.612e-05	2.615e-05	1.056e-07	15	435
64		5064.49	2.612e-05	2.614e-05	7.680e-08	15	435
65		5144.87	2.612e-05	2.614e-05	6.847e-08	15	435
66		5223.82	2.611e-05	2.613e-05	6.611e-08	15	435
67		5303.36	2.611e-05	2.613e-05	5.819e-08	15	435
68		5382.31	2.611e-05	2.612e-05	5.923e-08	15	435
69		5459.56	2.610e-05	2.612e-05	5.985e-08	15	435
70		5542.01	2.610e-05	2.612e-05	6.040e-08	15	435
71		5620.58	2.610e-05	2.611e-05	6.103e-08	15	435
72		5696.70	2.610e-05	2.611e-05	6.054e-08	15	435
73		5770.64	2.609e-05	2.610e-05	6.333e-08	15	435
74		5837.33	2.609e-05	2.610e-05	6.254e-08	15	435
75		5914.81	2.609e-05	2.610e-05	5.202e-08	15	435
76		5999.76	2.609e-05	2.610e-05	4.693e-08	15	435
77		6087.06	2.609e-05	2.610e-05	4.007e-08	15	435
78		6185.37	2.609e-05	2.610e-05	3.567e-08	15	435
79		6270.21	2.609e-05	2.609e-05	2.917e-08	15	435
80		6353.35	2.609e-05	2.609e-05	2.858e-08	15	435
81		6433.40	2.609e-05	2.609e-05	2.528e-08	15	435
82		6511.53	2.609e-05	2.609e-05	2.380e-08	15	435
83		6581.95	2.608e-05	2.609e-05	2.137e-08	15	435
84		6659.88	2.608e-05	2.609e-05	1.896e-08	15	435
85		6738.59	2.608e-05	2.609e-05	1.841e-08	15	435
86		6812.15	2.608e-05	2.608e-05	1.762e-08	15	435
87		6885.37	2.608e-05	2.608e-05	1.815e-08	15	435
88		6963.22	2.608e-05	2.608e-05	1.467e-08	15	435
89		7043.56	2.608e-05	2.608e-05	1.348e-08	15	435
90		7124.41	2.608e-05	2.608e-05	1.426e-08	15	435
91		7204.87	2.608e-05	2.608e-05	1.406e-08	15	435
92		7286.76	2.607e-05	2.608e-05	1.449e-08	15	435
93		7371.61	2.607e-05	2.608e-05	1.477e-08	15	435
94		7457.15	2.607e-05	2.608e-05	1.512e-08	15	435
95		7532.75	2.607e-05	2.608e-05	1.543e-08	15	435
96		7602.22	2.607e-05	2.607e-05	1.650e-08	15	435
97		7671.19	2.607e-05	2.607e-05	1.711e-08	15	435
98		7742.75	2.607e-05	2.607e-05	1.771e-08	15	435
99		7814.93	2.607e-05	2.607e-05	1.794e-08	15	435
100		7885.10	2.606e-05	2.607e-05	1.755e-08	15	435
101		7958.67	2.606e-05	2.607e-05	1.693e-08	15	435
102		8031.24	2.606e-05	2.607e-05	1.685e-08	15	435
103		8102.00	2.606e-05	2.607e-05	1.745e-08	15	435
104		8171.46	2.606e-05	2.607e-05	1.754e-08	15	435
105		8243.15	2.606e-05	2.607e-05	1.698e-08	15	435
106		8314.71	2.606e-05	2.606e-05	1.779e-08	15	435
107		8386.46	2.606e-05	2.606e-05	1.770e-08	15	435
108		8459.85	2.605e-05	2.606e-05	1.783e-08	15	435
109		8532.80	2.605e-05	2.606e-05	1.801e-08	15	435
110		8606.36	2.605e-05	2.606e-05	1.810e-08	15	435
111		8679.72	2.605e-05	2.606e-05	1.756e-08	15	435
112		8750.28	2.605e-05	2.606e-05	1.686e-08	15	435
113		8823.35	2.605e-05	2.606e-05	1.598e-08	15	435
114		8895.93	2.605e-05	2.605e-05	1.562e-08	15	435
115		8968.71	2.605e-05	2.605e-05	1.527e-08	15	435
116		9040.21	2.605e-05	2.605e-05	1.523e-08	15	435
117		9112.16	2.605e-05	2.605e-05	1.452e-08	15	435
118		9180.50	2.605e-05	2.605e-05	1.402e-08	15	435
119		9242.42	2.605e-05	2.605e-05	1.409e-08	15	435
120		9304.34	2.605e-05	2.605e-05	1.371e-08	15	435
121		9364.66	2.604e-05	2.605e-05	1.385e-08	15	435
122		9427.00	2.604e-05	2.605e-05	1.355e-08	15	435
123		9506.14	2.604e-05	2.605e-05	1.297e-08	15	435
124		9593.30	2.604e-05	2.605e-05	1.217e-08	15	435
125		9678.96	2.604e-05	2.604e-05	1.130e-08	15	435
126		9763.02	2.604e-05	2.604e-05	1.045e-08	15	435
127		9846.57	2.604e-05	2.604e-05	9.496e-09	15	435
128		9932.02	2.604e-05	2.604e-05	8.570e-09	15	435
129		10013.38	2.604e-05	2.183e-02	8.171e-09	15	435
130		10089.72	2.604e-05	1.966e-02	7.547e-09	15	435
131		10158.05	2.604e-05	1.892e-02	6.884e-09	15	435
132		10222.77	2.604e-05	2.209e-02	6.178e-09	15	435
133		10288.69	2.604e-05	2.274e-02	5.643e-09	15	435
134		10352.42	2.604e-05	2.220e-02	4.354e-09	15	435
135		10416.86	2.604e-05	1.422e-02	3.895e-09	15	435
136		10484.69	2.604e-05	1.688e-02	2.557e-09	15	435
137		10557.43	2.604e-05	8.772e-03	1.672e-09	15	435
138		10628.05	2.604e-05	5.270e-03	1.390e-09	15	435
139		10695.99	2.604e-05	5.270e-03	1.351e-09	15	435
140		10762.65	2.604e-05	4.901e-03	1.471e-09	15	435
141		10829.17	2.604e-05	2.591e-03	1.582e-09	15	435
142		10896.00	2.604e-05	2.591e-03	1.933e-09	15	435
143		10965.64	2.604e-05	1.319e-03	2.078e-09	15	435
144		11039.80	2.604e-05	1.295e-03	2.190e-09	15	435
145		11116.05	2.604e-05	6.493e-04	2.294e-09	15	435
146		11186.98	2.604e-05	6.493e-04	2.427e-09	15	435
147		11256.40	2.604e-05	3.255e-04	2.638e-09	15	435
148		11324.14	2.604e-05	3.255e-04	2.977e-09	15	435
149		11395.18	2.604e-05	1.644e-04	3.262e-09	15	435
150		11463.21	2.604e-05	1.644e-04	3.500e-09	15	435
151		11532.13	2.604e-05	8.557e-05	3.745e-09	15	435
152		11601.37	2.604e-05	3.350e-05	3.912e-09	15	435
153		11672.81	2.604e-05	2.816e-05	3.939e-09	15	435
154		11746.05	2.604e-05	2.604e-05	4.243e-09	15	435
155		11816.38	2.604e-05	2.604e-05	4.191e-09	15	435
156		11882.81	2.604e-05	2.604e-05	4.347e-09	15	435
157		11956.06	2.604e-05	2.604e-05	4.138e-09	15	435
158		12028.29	2.604e-05	2.604e-05	4.204e-09	15	435
159		12096.22	2.603e-05	2.604e-05	4.326e-09	15	435
160		12162.66	2.603e-05	2.604e-05	4.410e-09	15	435
161		12232.80	2.603e-05	2.604e-05	4.533e-09	15	435
162		12305.34	2.603e-05	2.604e-05	4.544e-09	15	435
163		12373.78	2.603e-05	2.604e-05	4.496e-09	15	435
164		12440.42	2.603e-05	2.604e-05	4.358e-09	15	435
165		12513.07	2.603e-05	2.603e-05	4.351e-09	15	435
166		12587.01	2.603e-05	2.603e-05	4.054e-09	15	435
167		12657.33	2.603e-05	2.603e-05	3.969e-09	15	435
168		12729.46	2.603e-05	2.603e-05	3.818e-09	15	435
169		12802.90	2.603e-05	2.603e-05	3.660e-09	15	435
170		12875.35	2.603e-05	2.603e-05	3.584e-09	15	435
171		12942.28	2.603e-05	2.603e-05	3.480e-09	15	435
172		13010.31	2.603e-05	2.603e-05	3.508e-09	15	435
173		13079.14	2.603e-05	2.603e-05	3.528e-09	15	435
174		13154.28	2.603e-05	2.603e-05	3.431e-09	15	435
175		13224.82	2.603e-05	2.603e-05	3.431e-09	15	435
176		13290.84	2.603e-05	2.603e-05	3.421e-09	15	435
177		13363.18	2.603e-05	2.603e-05	3.421e-09	15	435
178		13439.29	2.603e-05	2.603e-05	3.287e-09	15	435
179		13512.22	2.603e-05	2.603e-05	3.217e-09	15	435
180		13584.86	2.603e-05	1.440e-02	3.178e-09	15	435
181		13659.92	2.603e-05	1.839e-02	3.390e-09	15	435
182		13732.15	2.603e-05	2.143e-02	3.327e-09	15	435
183		13802.09	2.603e-05	1.339e-02	3.375e-09	15	435
184		13873.03	2.603e-05	2.114e-02	3.334e-09	15	435
185		13943.87	2.603e-05	6.981e-03	3.218e-09	15	435
186		14018.61	2.603e-05	6.981e-03	3.146e-09	15	435
187		14091.05	2.603e-05	6.981e-03	3.019e-09	15	435
188		14158.57	2.603e-05	2.255e-03	2.775e-09	15	435
189		14226.71	2.603e-05	1.497e-03	2.726e-09	15	435
190		14295.74	2.603e-05	6.076e-04	2.630e-09	15	435
191		14366.37	2.603e-05	1.025e-02	2.471e-09	15	435
192		14436.82	2.603e-05	1.016e-02	2.447e-09	15	435
193		14504.75	2.603e-05	7.670e-03	2.357e-09	15	435
194		14576.19	2.603e-05	3.938e-03	2.335e-09	15	435
195		14647.22	2.603e-05	2.464e-03	2.277e-09	15	435
196		14718.77	2.603e-05	1.225e-03	2.175e-09	15	435
197		14786.70	2.603e-05	6.313e-04	2.193e-09	15	435
198		14856.55	2.603e-05	8.599e-05	2.218e-09	15	435
199		14926.07	2.603e-05	5.575e-05	2.335e-09	15	435
A	 = 2.02e+12,
C0	 = 1.0,0.0,
Cpa	 = 1068.9740135264014,920.908680957193,
Cpb	 = 0.07125121858506264,0.42388119206426816,
E	 = 1.80e+05,
Hp	 = 100492.25675696143,
K	 = 17717.70797112448,100000000.0,
Value	 = 2.6027064271159697e-05,
Xi	 = 0.7338086749851456,
eps	 = 0.9400537600495145,0.94,
ka	 = 0.3118641399148602,0.14186248952602548,
kb	 = 4.502718554709734e-05,0.00021118276976906443,
n	 = 0.9967140024656915,
nO2	 = 0.0,
rho	 = 1683.0,1235.0,
Results saved to D:\workspace\JENSENHUGHES\optimization\optimizationPaper\config\multiReactionCharring\1Reactions\1mass_BT\../../../../results/multiReactionCharring/1Reactions/charLinear1ReacBT_solution.txt
