D:\workspace\JENSENHUGHES\optimization\optimizationPaper\config\multiReactionCharring\1Reactions\3mass\../../../../results/multiReactionCharring/1Reactions/charLinear1Reac3Mass Log file
!!python/object/apply:collections.defaultdict
args:
- &id001 !!python/name:builtins.bool ''
dictitems:
  Duraboard:
    CprampF:
    - 1.0
    - 1.0
    CprampT:
    - 0
    - 5000
    eps: 0.8
    krampF:
    - 0.075932
    - 0.090229
    - 0.104522
    - 0.122143
    - 0.14158
    - 0.163436
    - 0.190738
    - 0.221975
    krampT:
    - 203.035
    - 317.4028
    - 426.9164
    - 536.4182
    - 647.3003
    - 757.4803
    - 867.6409
    - 981.2546
    rho: 258
    thickness: 0.0254
  XiState:
  - unknowable
  assumeVolumeConservation: true
  cone:
    Tinit: 25
    activePhaseVars:
    - C0
    - rho
    - ka
    - kb
    - kc
    - kd
    - ke
    - Cpa
    - Cpb
    - Cpc
    - Cpd
    - Cpe
    - eps
    - K
    activeReactionVars:
    - A
    - E
    - n
    - Hp
    - nO2
    - Xi
    allowIgnition: false
    backBoundaryConditions:
      Tamb: 25
      htc: Auto
      type: INSULATED
    frontBoundaryConditions:
      Tamb: 25
      htc: Auto
    ignitionHeatFlux: 20
    ignitionThreshold: 0.0032
    weight: 1.0
  cone1: !!python/object/apply:collections.defaultdict
    args:
    - *id001
    dictitems:
      Tinit: 25
      activePhaseVars:
      - C0
      - rho
      - ka
      - kb
      - kc
      - kd
      - ke
      - Cpa
      - Cpb
      - Cpc
      - Cpd
      - Cpe
      - eps
      - K
      activeReactionVars:
      - A
      - E
      - n
      - Hp
      - nO2
      - Xi
      backBoundaryConditions: !!python/object/apply:collections.defaultdict
        args:
        - *id001
        dictitems:
          Tamb: 25
          htc: Auto
          type: INSULATED
      columns:
      - 1
      depths:
      - 0
      file: ../../../../data/multiReactionCharring/charLinear1ReacNominal25kW_0_cone_Mass.csv
      finalThickness: false
      frontBoundaryConditions: !!python/object/apply:collections.defaultdict
        args:
        - *id001
        dictitems:
          Tamb: 25
          heatFlux: 25
          htc: 15
      ignitionHeatFlux: 20.0
      ignitionThreshold: 0.0032
      initialThickness: 0.008
      names:
      - Mass
      time: 0
      types:
      - 1
      weight: 1.0
      weights:
      - 1
      width1: 0.1016
      width2: 0.1016
  cone2: !!python/object/apply:collections.defaultdict
    args:
    - *id001
    dictitems:
      Tinit: 25
      activePhaseVars:
      - C0
      - rho
      - ka
      - kb
      - kc
      - kd
      - ke
      - Cpa
      - Cpb
      - Cpc
      - Cpd
      - Cpe
      - eps
      - K
      activeReactionVars:
      - A
      - E
      - n
      - Hp
      - nO2
      - Xi
      backBoundaryConditions: !!python/object/apply:collections.defaultdict
        args:
        - *id001
        dictitems:
          Tamb: 25
          htc: Auto
          type: INSULATED
      columns:
      - 1
      depths:
      - 0
      file: ../../../../data/multiReactionCharring/charLinear1ReacNominal50kW_0_cone_Mass.csv
      finalThickness: false
      frontBoundaryConditions: !!python/object/apply:collections.defaultdict
        args:
        - *id001
        dictitems:
          Tamb: 25
          heatFlux: 50
          htc: 15
      ignitionHeatFlux: 20.0
      ignitionThreshold: 0.0032
      initialThickness: 0.008
      names:
      - Mass
      time: 0
      types:
      - 1
      weight: 1.0
      weights:
      - 1
      width1: 0.1016
      width2: 0.1016
  cone3: !!python/object/apply:collections.defaultdict
    args:
    - *id001
    dictitems:
      Tinit: 25
      activePhaseVars:
      - C0
      - rho
      - ka
      - kb
      - kc
      - kd
      - ke
      - Cpa
      - Cpb
      - Cpc
      - Cpd
      - Cpe
      - eps
      - K
      activeReactionVars:
      - A
      - E
      - n
      - Hp
      - nO2
      - Xi
      backBoundaryConditions: !!python/object/apply:collections.defaultdict
        args:
        - *id001
        dictitems:
          Tamb: 25
          htc: Auto
          type: INSULATED
      columns:
      - 1
      depths:
      - 0
      file: ../../../../data/multiReactionCharring/charLinear1ReacNominal75kW_0_cone_Mass.csv
      finalThickness: false
      frontBoundaryConditions: !!python/object/apply:collections.defaultdict
        args:
        - *id001
        dictitems:
          Tamb: 25
          heatFlux: 75
          htc: 15
      ignitionHeatFlux: 20.0
      ignitionThreshold: 0.0032
      initialThickness: 0.008
      names:
      - Mass
      time: 0
      types:
      - 1
      weight: 1.0
      weights:
      - 1
      width1: 0.1016
      width2: 0.1016
  configDir: D:\workspace\JENSENHUGHES\optimization\optimizationPaper\config\multiReactionCharring\1Reactions\3mass\
  dataSources:
    names:
    - cone1
    - cone2
    - cone3
    types:
    - cone
    - cone
    - cone
  dsc:
    activePhaseVars:
    - C0
    - Cpa
    - Cpb
    - Cpc
    - Cpd
    - Cpe
    activeReactionVars:
    - A
    - E
    - n
    - Hp
    dscO2: None
    weight: 1.0
  fdsPath: C:\Program Files\FDS\FDS6\bin
  keepTemporaryFiles: false
  name: charLinear1Reac3Mass
  optimizeParams:
    absErr: 1e-7
    absRelErr: 1e-7
    elimThresh: 1e-2
    maxIter: 200
    maxTime: 600000
    minIter: 5
    minP: 15
    opAlpha: 29
    opBeta: 1
    opP: 15
    opQ: 15
    opS: 29
    relErr: 1e-12
    relIter: 15
  outputParams:
    saveAllSamples: false
  phaseParams:
    C0:
    - - 1
      - 0
      - 1
    - - 0
      - 1189
      - 1189
    Cpa:
    - - None
      - 270
      - 4320
    - - None
      - 260.25
      - 4164
    Cpb:
    - - None
      - 0.0113
      - 0.1808
    - - None
      - 0.06475
      - 1.036
    Cpc:
    - - 0.0
      - 0.0
      - 0.0
    - - 0.0
      - 0.0
      - 0.0
    Cpd:
    - - 0.0
      - 0.0
      - 0.0
    - - 0.0
      - 0.0
      - 0.0
    Cpe:
    - &id002
      - 0
      - 0
      - 1
    - *id002
    K:
    - - None
      - 2500
      - 40000
    - - 1e8
      - 1189
      - 1189
    eps:
    - - None
      - 0.235
      - 1.0
    - - 0.94
      - 0.235
      - 1.0
    ka:
    - - None
      - 0.078
      - 1.248
    - - None
      - 0.023725
      - 0.3796
    kb:
    - - None
      - 1.1013e-05
      - 0.0001762
    - - None
      - 7.075e-05
      - 0.001132
    kc:
    - - 0.0
      - 0.0
      - 0.0
    - - 0.0
      - 0.0
      - 0.0
    kd:
    - - 0.0
      - 0.0
      - 0.0
    - - 0.0
      - 0.0
      - 0.0
    ke:
    - &id003
      - 0
      - 0
      - 1
    - *id003
    nO2:
    - - 0
      - 0
      - 1
    - - 0
      - 1189
      - 1189
    phases:
    - virgin
    - char
    rho:
    - - 1683
      - 1189
      - 1189
    - - 1235
      - 1189
      - 1189
  processParams:
    maxProcesses: 4
    multiprocess: true
  reactionParams:
    A:
    - - None
      - 5.86e11
      - 9.376e12
    E:
    - - None
      - 4.525e4
      - 7.24e5
    Hp:
    - - None
      - 2.5e4
      - 4e5
    Xi:
    - - None
      - 0
      - 1
    n:
    - - None
      - 0.25
      - 4.0
    nO2:
    - - 0
      - 0
      - 1
    prodState:
    - 1
    reacState:
    - 0
    typeState:
    - 3
  reinitializeComplex: false
  restart: false
  resultsDir: ../../../../results/multiReactionCharring/1Reactions/
  systemDir: D:\workspace\JENSENHUGHES\optimization\sourceCode\optimizationpython\src
  tga:
    activePhaseVars:
    - C0
    - rho
    activeReactionVars:
    - A
    - E
    - n
    tgaO2: None
    tgaOpt: 1
    weight: 1.0
  thermalPropertyUnits: K
  virtualExperiment: false
Loop	t (s)	Error Min	Error Max	ErrorRel	Comp	Samples
0		166.06	4.377e-04	1.916e-02	1.000e+00	15	435
1		366.29	4.377e-04	1.916e-02	1.000e+00	15	435
2		586.90	4.377e-04	1.916e-02	1.000e+00	15	435
3		839.83	4.377e-04	1.916e-02	1.000e+00	15	435
4		1100.55	4.377e-04	1.916e-02	1.000e+00	15	435
5		1358.44	2.621e-04	1.916e-02	1.000e+00	15	435
6		1617.18	2.621e-04	1.575e-02	1.000e+00	15	435
7		1869.47	2.312e-04	9.867e-03	1.000e+00	15	435
8		2110.57	1.961e-04	3.737e-03	1.000e+00	15	435
9		2338.31	1.748e-04	3.737e-03	1.000e+00	15	435
10		2565.29	1.499e-04	8.799e-04	1.000e+00	15	435
11		2818.37	1.499e-04	5.089e-04	1.000e+00	15	435
12		3059.75	1.419e-04	4.877e-04	1.000e+00	15	435
13		3291.29	1.259e-04	4.482e-04	1.000e+00	15	435
14		3505.02	1.110e-04	2.109e-04	1.000e+00	15	435
15		3712.74	9.504e-05	2.109e-04	1.000e+00	15	435
16		3912.78	7.970e-05	1.499e-04	3.580e-04	15	435
17		4101.40	6.025e-05	1.319e-04	3.774e-04	15	435
18		4298.68	4.477e-05	1.319e-04	3.929e-04	15	435
19		4498.98	2.880e-05	9.568e-05	4.089e-04	15	435
20		4712.01	2.529e-05	9.007e-05	2.368e-04	15	435
21		4942.15	1.683e-05	6.436e-05	2.452e-04	15	435
22		5181.39	1.417e-05	1.916e-02	2.171e-04	15	435
23		5427.26	1.244e-05	1.843e-02	1.837e-04	15	435
24		5668.05	1.091e-05	1.916e-02	1.639e-04	15	435
25		5912.22	1.010e-05	1.916e-02	1.398e-04	15	435
26		6149.40	9.933e-06	1.916e-02	1.400e-04	15	435
27		6383.37	9.158e-06	1.899e-02	1.328e-04	15	435
28		6605.10	8.624e-06	1.899e-02	1.172e-04	15	435
29		6801.43	7.931e-06	1.899e-02	1.031e-04	15	435
30		6992.42	6.988e-06	1.899e-02	8.806e-05	15	435
31		7192.53	5.565e-06	7.855e-03	7.413e-05	15	435
32		7388.86	4.056e-06	4.948e-03	5.620e-05	15	435
33		7601.11	2.592e-06	4.948e-03	4.217e-05	15	435
34		7830.70	2.374e-06	1.607e-03	2.643e-05	15	435
35		8052.42	1.886e-06	1.607e-03	2.341e-05	15	435
36		8273.05	1.628e-06	2.113e-04	1.520e-05	15	435
37		8507.90	1.397e-06	2.654e-05	1.277e-05	15	435
38		8751.96	1.261e-06	8.903e-06	1.118e-05	15	435
39		8993.03	1.223e-06	6.185e-06	9.682e-06	15	435
40		9231.21	1.168e-06	6.185e-06	8.934e-06	15	435
41		9452.25	1.083e-06	4.810e-06	8.850e-06	15	435
42		9645.04	9.367e-07	2.708e-06	8.222e-06	15	435
43		9828.43	8.080e-07	1.688e-06	7.816e-06	15	435
44		10016.72	6.820e-07	1.397e-06	7.249e-06	15	435
45		10231.39	6.507e-07	1.089e-06	6.337e-06	15	435
46		10467.76	6.439e-07	9.760e-07	4.921e-06	15	435
47		10717.93	6.321e-07	9.760e-07	3.424e-06	15	435
48		10970.19	6.259e-07	9.349e-07	1.966e-06	15	435
49		11208.55	6.178e-07	8.098e-07	1.756e-06	15	435
50		11429.39	6.107e-07	8.098e-07	1.275e-06	15	435
51		11607.97	5.946e-07	7.072e-07	1.033e-06	15	435
52		11773.03	5.587e-07	6.382e-07	8.386e-07	15	435
53		11953.42	4.641e-07	6.327e-07	7.966e-07	15	435
54		12127.19	3.574e-07	6.207e-07	8.656e-07	15	435
55		12316.69	2.829e-07	6.207e-07	8.850e-07	15	435
56		12544.33	2.547e-07	5.169e-07	8.285e-07	15	435
57		12787.01	2.392e-07	4.532e-07	6.975e-07	15	435
58		13036.57	2.110e-07	3.838e-07	5.970e-07	15	435
59		13298.16	2.027e-07	3.495e-07	4.793e-07	15	435
60		13565.82	1.989e-07	2.827e-07	4.518e-07	15	435
61		13846.47	1.960e-07	2.488e-07	4.478e-07	15	435
62		14118.35	1.950e-07	2.393e-07	4.371e-07	15	435
63		14382.28	1.944e-07	2.299e-07	4.315e-07	15	435
64		14634.77	1.939e-07	2.084e-07	4.239e-07	15	435
65		14874.34	1.933e-07	1.906e-02	4.174e-07	15	435
66		15085.87	1.910e-07	1.248e-02	4.036e-07	15	435
67		15294.07	1.885e-07	1.248e-02	3.702e-07	15	435
68		15509.09	1.847e-07	1.248e-02	2.795e-07	15	435
69		15715.83	1.780e-07	2.687e-03	1.794e-07	15	435
70		15912.61	1.725e-07	1.464e-03	1.104e-07	15	435
71		16116.54	1.688e-07	7.638e-04	8.591e-08	15	435
72		16325.35	1.593e-07	3.749e-04	7.987e-08	15	435
73		16532.79	1.533e-07	1.703e-04	5.770e-08	15	435
74		16742.26	1.448e-07	4.987e-05	5.789e-08	15	435
75		16951.82	1.316e-07	4.959e-05	6.726e-08	15	435
76		17171.45	1.307e-07	6.204e-06	6.534e-08	15	435
77		17419.84	1.282e-07	3.097e-06	6.677e-08	15	435
78		17671.67	1.251e-07	1.555e-06	6.936e-08	15	435
79		17916.40	1.229e-07	4.104e-07	7.098e-08	15	435
80		18131.36	1.218e-07	1.677e-07	7.151e-08	15	435
81		18386.29	1.216e-07	1.597e-07	6.944e-08	15	435
82		18655.65	1.214e-07	1.916e-02	6.703e-08	15	435
83		18920.53	1.210e-07	1.916e-02	6.369e-08	15	435
84		19187.79	1.208e-07	1.916e-02	5.721e-08	15	435
85		19446.65	1.208e-07	1.916e-02	5.171e-08	15	435
86		19726.05	1.207e-07	1.916e-02	4.808e-08	15	435
87		20006.03	1.206e-07	1.916e-02	3.871e-08	15	435
88		20294.11	1.206e-07	1.916e-02	3.265e-08	15	435
89		20591.88	1.206e-07	1.916e-02	2.419e-08	15	435
90		20880.72	1.206e-07	1.916e-02	1.106e-08	15	435
91		21157.40	1.205e-07	1.868e-02	1.015e-08	15	435
92		21437.17	1.205e-07	1.916e-02	7.715e-09	15	435
93		21727.41	1.205e-07	1.916e-02	4.532e-09	15	435
94		22007.87	1.204e-07	1.916e-02	2.469e-09	15	435
95		22295.21	1.204e-07	1.916e-02	1.354e-09	15	435
96		22578.97	1.204e-07	1.916e-02	1.117e-09	15	435
97		22853.60	1.204e-07	1.916e-02	9.806e-10	15	435
98		23133.41	1.204e-07	1.916e-02	5.230e-10	15	435
99		23427.35	1.204e-07	1.916e-02	4.045e-10	15	435
100		23728.65	1.204e-07	1.916e-02	3.859e-10	15	435
101		24004.14	1.204e-07	1.916e-02	3.179e-10	15	435
102		24271.93	1.203e-07	1.916e-02	2.651e-10	15	435
103		24534.25	1.203e-07	1.916e-02	2.651e-10	15	435
104		24812.02	1.203e-07	1.916e-02	2.283e-10	15	435
105		25079.42	1.203e-07	1.916e-02	2.283e-10	15	435
106		25349.73	1.203e-07	1.916e-02	2.229e-10	15	435
107		25615.56	1.203e-07	1.916e-02	2.229e-10	15	435
108		25887.08	1.203e-07	1.916e-02	2.229e-10	15	435
109		26153.18	1.203e-07	1.916e-02	1.618e-10	15	435
110		26415.54	1.203e-07	1.916e-02	1.618e-10	15	435
111		26690.96	1.203e-07	1.916e-02	1.618e-10	15	435
112		26949.57	1.203e-07	1.916e-02	1.618e-10	15	435
113		27210.87	1.202e-07	1.916e-02	2.013e-10	15	435
114		27469.53	1.202e-07	1.916e-02	1.931e-10	15	435
115		27730.71	1.202e-07	1.916e-02	1.931e-10	15	435
116		28002.32	1.202e-07	1.916e-02	1.157e-10	15	435
117		28253.91	1.202e-07	1.916e-02	1.040e-10	15	435
118		28530.29	1.202e-07	1.916e-02	1.040e-10	15	435
119		28793.46	1.202e-07	1.916e-02	1.235e-10	15	435
120		29073.38	1.202e-07	1.916e-02	1.235e-10	15	435
121		29367.86	1.202e-07	1.916e-02	8.571e-11	15	435
122		29658.23	1.202e-07	1.916e-02	8.571e-11	15	435
123		29920.71	1.202e-07	1.916e-02	8.571e-11	15	435
124		30187.40	1.202e-07	1.916e-02	5.891e-11	15	435
125		30451.38	1.202e-07	1.916e-02	5.891e-11	15	435
126		30721.55	1.202e-07	1.916e-02	8.338e-11	15	435
127		30986.36	1.202e-07	1.916e-02	8.338e-11	15	435
128		31265.47	1.202e-07	1.916e-02	4.390e-11	15	435
129		31533.20	1.202e-07	1.916e-02	4.390e-11	15	435
130		31800.02	1.202e-07	1.916e-02	4.390e-11	15	435
131		32063.37	1.201e-07	1.916e-02	1.166e-10	15	435
132		32320.56	1.201e-07	1.916e-02	1.166e-10	15	435
133		32578.47	1.201e-07	1.916e-02	1.166e-10	15	435
134		32839.17	1.201e-07	1.916e-02	9.721e-11	15	435
135		33085.84	1.201e-07	1.916e-02	9.721e-11	15	435
136		33344.93	1.201e-07	1.916e-02	9.721e-11	15	435
137		33605.11	1.201e-07	1.916e-02	1.181e-10	15	435
138		33862.00	1.201e-07	1.916e-02	1.181e-10	15	435
139		34123.89	1.201e-07	1.916e-02	1.181e-10	15	435
140		34387.19	1.201e-07	1.916e-02	1.181e-10	15	435
141		34651.60	1.201e-07	1.916e-02	9.367e-11	15	435
142		34898.17	1.201e-07	1.916e-02	9.367e-11	15	435
143		35166.50	1.201e-07	1.916e-02	9.367e-11	15	435
144		35432.91	1.201e-07	1.916e-02	9.367e-11	15	435
145		35691.12	1.201e-07	1.916e-02	9.367e-11	15	435
146		35947.10	1.201e-07	1.916e-02	2.092e-11	15	435
147		36211.69	1.201e-07	1.916e-02	2.159e-11	15	435
148		36466.98	1.201e-07	1.916e-02	2.159e-11	15	435
149		36732.50	1.201e-07	1.916e-02	2.159e-11	15	435
150		36989.80	1.201e-07	1.916e-02	2.159e-11	15	435
151		37248.31	1.201e-07	1.916e-02	2.159e-11	15	435
152		37506.19	1.201e-07	1.916e-02	6.681e-13	15	435
153		37761.67	1.201e-07	1.916e-02	6.681e-13	15	435
154		38009.05	1.201e-07	1.916e-02	6.681e-13	15	435
155		38264.26	1.201e-07	1.916e-02	6.681e-13	15	435
156		38522.13	1.201e-07	1.916e-02	6.681e-13	15	435
157		38786.25	1.201e-07	1.916e-02	7.486e-12	15	435
158		39044.56	1.201e-07	1.916e-02	7.486e-12	15	435
159		39302.83	1.201e-07	1.916e-02	7.486e-12	15	435
160		39564.12	1.201e-07	1.916e-02	7.486e-12	15	435
161		39823.30	1.201e-07	1.916e-02	7.486e-12	15	435
162		40083.10	1.201e-07	1.916e-02	1.568e-11	15	435
163		40342.79	1.201e-07	1.916e-02	1.568e-11	15	435
164		40601.38	1.201e-07	1.916e-02	1.568e-11	15	435
165		40865.57	1.201e-07	1.916e-02	1.568e-11	15	435
166		41128.06	1.201e-07	1.916e-02	1.568e-11	15	435
167		41378.93	1.201e-07	1.916e-02	2.702e-11	15	435
168		41635.60	1.201e-07	1.916e-02	2.702e-11	15	435
169		41894.13	1.201e-07	1.916e-02	2.702e-11	15	435
170		42160.72	1.201e-07	1.916e-02	2.702e-11	15	435
171		42419.83	1.201e-07	1.916e-02	2.702e-11	15	435
172		42675.30	1.201e-07	1.916e-02	2.020e-11	15	435
173		42940.40	1.201e-07	1.916e-02	2.477e-11	15	435
174		43199.08	1.201e-07	1.916e-02	2.477e-11	15	435
175		43453.26	1.200e-07	1.916e-02	5.162e-11	15	435
176		43714.14	1.200e-07	1.916e-02	5.162e-11	15	435
177		43974.54	1.200e-07	1.916e-02	4.276e-11	15	435
178		44230.34	1.200e-07	1.916e-02	4.276e-11	15	435
179		44485.07	1.200e-07	1.916e-02	4.276e-11	15	435
180		44745.77	1.200e-07	1.916e-02	4.276e-11	15	435
181		45009.28	1.200e-07	1.916e-02	4.276e-11	15	435
182		45271.86	1.200e-07	1.916e-02	3.143e-11	15	435
183		45519.24	1.200e-07	1.916e-02	3.608e-11	15	435
184		45781.24	1.200e-07	1.916e-02	3.608e-11	15	435
185		46036.74	1.200e-07	1.916e-02	3.608e-11	15	435
186		46296.53	1.200e-07	1.916e-02	3.608e-11	15	435
187		46554.41	1.200e-07	1.916e-02	3.608e-11	15	435
188		46822.74	1.200e-07	1.916e-02	3.151e-11	15	435
189		47080.22	1.200e-07	1.916e-02	3.151e-11	15	435
190		47332.41	1.200e-07	1.916e-02	4.657e-12	15	435
191		47600.24	1.200e-07	1.916e-02	4.657e-12	15	435
192		47857.30	1.200e-07	1.916e-02	4.657e-12	15	435
193		48112.98	1.200e-07	1.916e-02	4.657e-12	15	435
194		48380.81	1.200e-07	1.916e-02	4.657e-12	15	435
195		48640.20	1.200e-07	1.916e-02	4.657e-12	15	435
196		48900.78	1.200e-07	1.916e-02	4.657e-12	15	435
197		49160.17	1.200e-07	1.916e-02	4.657e-12	15	435
198		49413.98	1.200e-07	1.916e-02	0.000e+00	15	435
199		49670.46	1.200e-07	1.916e-02	0.000e+00	15	435
A	 = 2.57e+12,
C0	 = 1.0,0.0,
Cpa	 = 1065.1235652753148,952.5867600617357,
Cpb	 = 0.07989688230900585,0.37409047511539506,
E	 = 1.81e+05,
Hp	 = 100200.05109119327,
K	 = 15892.979282931643,100000000.0,
Value	 = 1.200420165916237e-07,
Xi	 = 0.7338086749851456,
eps	 = 0.9408629117072178,0.94,
ka	 = 0.3093407678734783,0.08859808111648104,
kb	 = 5.165823019269158e-05,0.00029170267091336677,
n	 = 1.0056277301697167,
nO2	 = 0.0,
rho	 = 1683.0,1235.0,
Results saved to D:\workspace\JENSENHUGHES\optimization\optimizationPaper\config\multiReactionCharring\1Reactions\3mass\../../../../results/multiReactionCharring/1Reactions/charLinear1Reac3Mass_solution.txt
