D:\FengchangWorkspace\optimizationPaper\config\multiReactionCharring\1Reactions\1mass_TGA_BT\../../../../results/multiReactionCharring/1Reactions/charLinear1ReacTGABT Log file
!!python/object/apply:collections.defaultdict
args:
- &id001 !!python/name:builtins.bool ''
dictitems:
  Duraboard:
    CprampF:
    - 1.0
    - 1.0
    CprampT:
    - 0
    - 5000
    eps: 0.8
    krampF:
    - 0.075932
    - 0.090229
    - 0.104522
    - 0.122143
    - 0.14158
    - 0.163436
    - 0.190738
    - 0.221975
    krampT:
    - 203.035
    - 317.4028
    - 426.9164
    - 536.4182
    - 647.3003
    - 757.4803
    - 867.6409
    - 981.2546
    rho: 258
    thickness: 0.0254
  XiState:
  - unknowable
  assumeVolumeConservation: true
  cone:
    Tinit: 25
    activePhaseVars:
    - C0
    - rho
    - ka
    - kb
    - kc
    - kd
    - ke
    - Cpa
    - Cpb
    - Cpc
    - Cpd
    - Cpe
    - eps
    - K
    activeReactionVars:
    - A
    - E
    - n
    - Hp
    - nO2
    - Xi
    allowIgnition: false
    backBoundaryConditions:
      Tamb: 25
      htc: Auto
      type: INSULATED
    frontBoundaryConditions:
      Tamb: 25
      htc: Auto
    ignitionHeatFlux: 20
    ignitionThreshold: 0.0032
    weight: 1.0
  cone1: !!python/object/apply:collections.defaultdict
    args:
    - *id001
    dictitems:
      Tinit: 25
      activePhaseVars:
      - C0
      - rho
      - ka
      - kb
      - kc
      - kd
      - ke
      - Cpa
      - Cpb
      - Cpc
      - Cpd
      - Cpe
      - eps
      - K
      activeReactionVars:
      - A
      - E
      - n
      - Hp
      - nO2
      - Xi
      backBoundaryConditions: !!python/object/apply:collections.defaultdict
        args:
        - *id001
        dictitems:
          Tamb: 25
          htc: Auto
          type: INSULATED
      columns:
      - 1
      - 3
      depths:
      - 0
      - 0.008
      file: ../../../../data/multiReactionCharring/charLinear1ReacNominalVirtual.csv
      finalThickness: false
      frontBoundaryConditions: !!python/object/apply:collections.defaultdict
        args:
        - *id001
        dictitems:
          Tamb: 25
          heatFlux: 25
          htc: 15
      ignitionHeatFlux: 20.0
      ignitionThreshold: 0.0032
      initialThickness: 0.008
      names:
      - Mass
      - Back_Temperature
      time: 0
      types:
      - 1
      - 3
      weight: 1.0
      weights:
      - 1
      - 1
      width1: 0.1016
      width2: 0.1016
  configDir: D:\FengchangWorkspace\optimizationPaper\config\multiReactionCharring\1Reactions\1mass_TGA_BT\
  dataSources:
    names:
    - cone1
    types:
    - cone
  dsc:
    activePhaseVars:
    - C0
    - Cpa
    - Cpb
    - Cpc
    - Cpd
    - Cpe
    activeReactionVars:
    - A
    - E
    - n
    - Hp
    dscO2: None
    weight: 1.0
  fdsPath: C:\Program Files\FDS\FDS6\bin
  keepTemporaryFiles: false
  name: charLinear1ReacTGABT
  optimizeParams:
    absErr: 1e-7
    absRelErr: 1e-7
    elimThresh: 1e-2
    maxIter: 200
    maxTime: 600000
    minIter: 5
    minP: 15
    opAlpha: 29
    opBeta: 1
    opP: 15
    opQ: 15
    opS: 29
    relErr: 1e-12
    relIter: 15
  outputParams:
    saveAllSamples: false
  phaseParams:
    C0:
    - - 1
      - 0
      - 1
    - - 0
      - 1189
      - 1189
    Cpa:
    - - None
      - 270
      - 4320
    - - None
      - 260.25
      - 4164
    Cpb:
    - - None
      - 0.0113
      - 0.1808
    - - None
      - 0.06475
      - 1.036
    Cpc:
    - - 0.0
      - 0.0
      - 0.0
    - - 0.0
      - 0.0
      - 0.0
    Cpd:
    - - 0.0
      - 0.0
      - 0.0
    - - 0.0
      - 0.0
      - 0.0
    Cpe:
    - &id002
      - 0
      - 0
      - 1
    - *id002
    K:
    - - None
      - 2500
      - 40000
    - - 1e8
      - 1189
      - 1189
    eps:
    - - None
      - 0.235
      - 1.0
    - - 0.94
      - 0.235
      - 1.0
    ka:
    - - None
      - 0.078
      - 1.248
    - - None
      - 0.023725
      - 0.3796
    kb:
    - - None
      - 1.1013e-05
      - 0.0001762
    - - None
      - 7.075e-05
      - 0.001132
    kc:
    - - 0.0
      - 0.0
      - 0.0
    - - 0.0
      - 0.0
      - 0.0
    kd:
    - - 0.0
      - 0.0
      - 0.0
    - - 0.0
      - 0.0
      - 0.0
    ke:
    - &id003
      - 0
      - 0
      - 1
    - *id003
    nO2:
    - - 0
      - 0
      - 1
    - - 0
      - 1189
      - 1189
    phases:
    - virgin
    - char
    rho:
    - - 1683
      - 1189
      - 1189
    - - 1235
      - 1189
      - 1189
  processParams:
    maxProcesses: 4
    multiprocess: true
  reactionParams:
    A:
    - - None
      - 2.106e12
      - 2.574e12
    E:
    - - None
      - 1.629e5
      - 1.991e5
    Hp:
    - - None
      - 2.5e4
      - 4e5
    Xi:
    - - None
      - 0
      - 1
    n:
    - - None
      - 0.9
      - 1.1
    nO2:
    - - 0
      - 0
      - 1
    prodState:
    - 1
    reacState:
    - 0
    typeState:
    - 3
  reinitializeComplex: false
  restart: false
  resultsDir: ../../../../results/multiReactionCharring/1Reactions/
  systemDir: D:\FengchangWorkspace\optimizationpython\src
  tga:
    activePhaseVars:
    - C0
    - rho
    activeReactionVars:
    - A
    - E
    - n
    tgaO2: None
    tgaOpt: 1
    weight: 1.0
  thermalPropertyUnits: K
  virtualExperiment: false
Loop	t (s)	Error Min	Error Max	ErrorRel	Comp	Samples
0		164.67	1.609e-03	2.370e-02	1.000e+00	15	435
1		342.04	1.609e-03	2.370e-02	1.000e+00	15	435
2		508.95	6.745e-04	1.593e-02	1.000e+00	15	435
3		695.63	5.960e-04	1.096e-02	1.000e+00	15	435
4		884.81	5.960e-04	6.752e-03	1.000e+00	15	435
5		1100.72	5.722e-04	3.570e-03	1.000e+00	15	435
6		1312.61	4.357e-04	3.522e-03	1.000e+00	15	435
7		1525.61	3.258e-04	3.461e-03	1.000e+00	15	435
8		1752.41	2.163e-04	3.304e-03	1.000e+00	15	435
9		2028.08	1.795e-04	1.689e-03	1.000e+00	15	435
10		2334.52	1.434e-04	1.689e-03	1.000e+00	15	435
11		2647.20	1.125e-04	5.066e-04	1.000e+00	15	435
12		2967.08	1.125e-04	3.613e-04	1.000e+00	15	435
13		3315.96	1.125e-04	3.613e-04	1.000e+00	15	435
14		3658.28	1.091e-04	3.613e-04	1.000e+00	15	435
15		4013.87	1.072e-04	3.613e-04	1.000e+00	15	435
16		4337.77	1.050e-04	3.613e-04	1.504e-03	15	435
17		4619.78	1.028e-04	1.974e-04	5.717e-04	15	435
18		4900.98	1.009e-04	1.172e-04	4.951e-04	15	435
19		5168.93	1.008e-04	1.098e-04	4.953e-04	15	435
20		5411.56	9.737e-05	1.071e-04	4.749e-04	15	435
21		5644.25	9.546e-05	1.059e-04	3.402e-04	15	435
22		5878.37	9.385e-05	1.059e-04	2.319e-04	15	435
23		6135.06	9.302e-05	1.009e-04	1.233e-04	15	435
24		6390.63	9.257e-05	1.001e-04	8.692e-05	15	435
25		6621.97	9.101e-05	1.001e-04	5.241e-05	15	435
26		6855.23	8.867e-05	1.001e-04	2.385e-05	15	435
27		7141.48	8.698e-05	9.443e-05	2.554e-05	15	435
28		7425.72	8.436e-05	9.417e-05	2.815e-05	15	435
29		7699.80	8.005e-05	9.193e-05	2.900e-05	15	435
30		8012.36	7.747e-05	9.073e-05	2.974e-05	15	435
31		8335.90	7.483e-05	8.680e-05	3.014e-05	15	435
32		8638.47	7.207e-05	8.680e-05	3.070e-05	15	435
33		8956.82	7.149e-05	9.449e-03	2.943e-05	15	435
34		9304.31	7.010e-05	1.821e-02	3.067e-05	15	435
35		9680.96	6.969e-05	2.152e-02	2.768e-05	15	435
36		10019.70	6.760e-05	2.376e-02	2.786e-05	15	435
37		10376.79	6.760e-05	2.376e-02	2.625e-05	15	435
38		10759.34	6.760e-05	2.296e-02	2.542e-05	15	435
39		11152.19	6.760e-05	2.417e-02	2.497e-05	15	435
40		11530.52	6.760e-05	2.417e-02	2.341e-05	15	435
41		11908.43	6.760e-05	2.259e-02	2.107e-05	15	435
42		12299.02	6.760e-05	2.238e-02	1.938e-05	15	435
43		12678.23	6.702e-05	2.343e-02	1.734e-05	15	435
44		13029.54	6.702e-05	2.204e-02	1.303e-05	15	435
45		13415.54	6.702e-05	2.168e-02	1.044e-05	15	435
46		13784.20	6.702e-05	2.296e-02	7.808e-06	15	435
47		14168.64	6.702e-05	2.054e-02	5.047e-06	15	435
48		14557.74	6.702e-05	2.284e-02	4.472e-06	15	435
49		14931.68	6.702e-05	2.319e-02	3.079e-06	15	435
50		15311.17	6.702e-05	2.295e-02	2.669e-06	15	435
51		15684.96	6.702e-05	1.895e-02	5.784e-07	15	435
52		16107.94	6.702e-05	2.260e-02	5.784e-07	15	435
53		16489.78	6.702e-05	2.191e-02	5.784e-07	15	435
54		16854.69	6.702e-05	2.351e-02	5.784e-07	15	435
55		17217.98	6.702e-05	2.264e-02	5.784e-07	15	435
56		17605.77	6.702e-05	2.308e-02	5.784e-07	15	435
57		17978.31	6.702e-05	2.308e-02	5.784e-07	15	435
58		18355.76	6.702e-05	2.392e-02	0.000e+00	15	435
59		18722.68	6.702e-05	2.392e-02	0.000e+00	15	435
60		19111.15	6.702e-05	2.392e-02	0.000e+00	15	435
61		19494.30	6.702e-05	2.275e-02	0.000e+00	15	435
62		19876.37	6.702e-05	2.305e-02	0.000e+00	15	435
63		20240.82	6.702e-05	2.290e-02	0.000e+00	15	435
64		20619.59	6.702e-05	2.388e-02	0.000e+00	15	435
65		21019.41	6.702e-05	2.305e-02	0.000e+00	15	435
66		21420.48	6.702e-05	2.411e-02	0.000e+00	15	435
67		21809.60	6.702e-05	2.411e-02	0.000e+00	15	435
68		22181.56	6.702e-05	2.156e-02	0.000e+00	15	435
69		22560.30	6.702e-05	2.038e-02	0.000e+00	15	435
70		22947.02	6.702e-05	2.281e-02	0.000e+00	15	435
71		23327.62	6.702e-05	2.281e-02	0.000e+00	15	435
72		23709.48	6.702e-05	2.151e-02	0.000e+00	15	435
73		24108.12	6.702e-05	2.355e-02	0.000e+00	15	435
74		24494.16	6.702e-05	2.355e-02	0.000e+00	15	435
75		24896.55	6.702e-05	2.173e-02	0.000e+00	15	435
76		25290.19	6.702e-05	2.315e-02	0.000e+00	15	435
77		25667.38	6.702e-05	2.225e-02	0.000e+00	15	435
78		26038.45	6.702e-05	2.225e-02	0.000e+00	15	435
79		26415.96	6.702e-05	2.284e-02	0.000e+00	15	435
80		26802.22	6.702e-05	2.278e-02	0.000e+00	15	435
81		27175.97	6.702e-05	2.265e-02	0.000e+00	15	435
82		27564.05	6.702e-05	2.265e-02	0.000e+00	15	435
83		27962.53	6.702e-05	2.266e-02	0.000e+00	15	435
84		28345.48	6.702e-05	2.237e-02	0.000e+00	15	435
85		28721.56	6.702e-05	2.289e-02	0.000e+00	15	435
86		29099.79	6.702e-05	2.254e-02	0.000e+00	15	435
87		29488.19	6.702e-05	2.228e-02	0.000e+00	15	435
88		29867.94	6.702e-05	2.380e-02	0.000e+00	15	435
89		30254.18	6.702e-05	2.054e-02	0.000e+00	15	435
90		30644.04	6.702e-05	2.387e-02	0.000e+00	15	435
91		31032.33	6.702e-05	2.168e-02	0.000e+00	15	435
92		31414.70	6.702e-05	2.264e-02	0.000e+00	15	435
93		31788.66	6.702e-05	2.124e-02	0.000e+00	15	435
94		32174.84	6.702e-05	2.334e-02	0.000e+00	15	435
95		32554.10	6.702e-05	2.357e-02	0.000e+00	15	435
96		32927.69	6.702e-05	2.286e-02	0.000e+00	15	435
97		33302.10	6.702e-05	2.286e-02	0.000e+00	15	435
98		33689.12	6.702e-05	2.286e-02	0.000e+00	15	435
99		34097.60	6.702e-05	2.469e-02	0.000e+00	15	435
100		34476.20	6.702e-05	2.290e-02	0.000e+00	15	435
101		34871.07	6.702e-05	2.208e-02	0.000e+00	15	435
102		35275.01	6.702e-05	2.059e-02	0.000e+00	15	435
103		35642.37	6.702e-05	2.050e-02	0.000e+00	15	435
104		36019.56	6.702e-05	2.290e-02	0.000e+00	15	435
105		36433.34	6.702e-05	2.159e-02	0.000e+00	15	435
106		36815.48	6.702e-05	2.064e-02	0.000e+00	15	435
107		37182.38	6.702e-05	2.493e-02	0.000e+00	15	435
108		37569.89	6.702e-05	2.378e-02	0.000e+00	15	435
109		37943.64	6.702e-05	2.275e-02	0.000e+00	15	435
110		38328.25	6.702e-05	2.345e-02	0.000e+00	15	435
111		38713.17	6.702e-05	2.319e-02	0.000e+00	15	435
112		39110.79	6.702e-05	2.175e-02	0.000e+00	15	435
113		39499.07	6.702e-05	2.245e-02	0.000e+00	15	435
114		39876.85	6.702e-05	2.246e-02	0.000e+00	15	435
115		40253.62	6.702e-05	2.223e-02	0.000e+00	15	435
116		40663.50	6.702e-05	2.320e-02	0.000e+00	15	435
117		41044.47	6.702e-05	2.321e-02	0.000e+00	15	435
118		41429.86	6.702e-05	2.321e-02	0.000e+00	15	435
119		41802.56	6.702e-05	2.180e-02	0.000e+00	15	435
120		42184.13	6.702e-05	2.172e-02	0.000e+00	15	435
121		42581.21	6.702e-05	2.211e-02	0.000e+00	15	435
122		42971.82	6.702e-05	2.206e-02	0.000e+00	15	435
123		43352.32	6.702e-05	2.154e-02	0.000e+00	15	435
124		43736.43	6.702e-05	2.140e-02	0.000e+00	15	435
125		44121.47	6.702e-05	2.330e-02	0.000e+00	15	435
126		44511.39	6.702e-05	2.330e-02	0.000e+00	15	435
127		44896.15	6.702e-05	2.131e-02	0.000e+00	15	435
128		45275.07	6.702e-05	2.201e-02	0.000e+00	15	435
129		45666.98	6.702e-05	2.263e-02	0.000e+00	15	435
130		46065.91	6.702e-05	2.091e-02	0.000e+00	15	435
131		46452.69	6.702e-05	2.091e-02	0.000e+00	15	435
132		46843.33	6.702e-05	2.159e-02	0.000e+00	15	435
133		47213.98	6.702e-05	2.311e-02	0.000e+00	15	435
134		47601.29	6.702e-05	2.311e-02	0.000e+00	15	435
135		47996.81	6.702e-05	2.311e-02	0.000e+00	15	435
136		48381.51	6.702e-05	2.191e-02	0.000e+00	15	435
137		48763.03	6.702e-05	2.251e-02	0.000e+00	15	435
138		49135.38	6.702e-05	2.431e-02	0.000e+00	15	435
139		49525.12	6.702e-05	2.248e-02	0.000e+00	15	435
140		49910.04	6.702e-05	2.187e-02	0.000e+00	15	435
141		50299.83	6.702e-05	2.089e-02	0.000e+00	15	435
142		50649.41	6.702e-05	2.252e-02	0.000e+00	15	435
143		51031.24	6.702e-05	2.135e-02	0.000e+00	15	435
144		51450.36	6.702e-05	2.294e-02	0.000e+00	15	435
145		51838.32	6.702e-05	2.153e-02	0.000e+00	15	435
146		52224.79	6.702e-05	2.284e-02	0.000e+00	15	435
147		52585.50	6.702e-05	2.157e-02	0.000e+00	15	435
148		52981.50	6.702e-05	2.354e-02	0.000e+00	15	435
149		53375.83	6.702e-05	2.354e-02	0.000e+00	15	435
150		53758.11	6.702e-05	2.346e-02	0.000e+00	15	435
151		54135.24	6.702e-05	2.293e-02	0.000e+00	15	435
152		54534.64	6.702e-05	2.299e-02	0.000e+00	15	435
153		54919.76	6.702e-05	2.274e-02	0.000e+00	15	435
154		55298.66	6.702e-05	2.169e-02	0.000e+00	15	435
155		55671.10	6.702e-05	2.362e-02	0.000e+00	15	435
156		56052.95	6.702e-05	2.256e-02	0.000e+00	15	435
157		56449.97	6.702e-05	2.140e-02	0.000e+00	15	435
158		56856.34	6.702e-05	2.384e-02	0.000e+00	15	435
159		57229.05	6.702e-05	2.228e-02	0.000e+00	15	435
160		57619.45	6.702e-05	2.264e-02	0.000e+00	15	435
161		58007.52	6.702e-05	2.240e-02	0.000e+00	15	435
162		58404.15	6.702e-05	2.388e-02	0.000e+00	15	435
163		58793.65	6.702e-05	2.129e-02	0.000e+00	15	435
164		59231.00	6.702e-05	2.275e-02	0.000e+00	15	435
165		59623.52	6.702e-05	2.364e-02	0.000e+00	15	435
166		60004.88	6.702e-05	2.453e-02	0.000e+00	15	435
167		60392.54	6.702e-05	2.319e-02	0.000e+00	15	435
168		60772.02	6.702e-05	2.256e-02	0.000e+00	15	435
169		61157.78	6.702e-05	2.256e-02	0.000e+00	15	435
170		61533.38	6.702e-05	2.342e-02	0.000e+00	15	435
171		61938.40	6.702e-05	2.304e-02	0.000e+00	15	435
172		62336.12	6.702e-05	2.266e-02	0.000e+00	15	435
173		62718.03	6.702e-05	2.266e-02	0.000e+00	15	435
174		63090.71	6.702e-05	2.049e-02	0.000e+00	15	435
175		63479.68	6.702e-05	2.094e-02	0.000e+00	15	435
176		63869.98	6.702e-05	2.313e-02	0.000e+00	15	435
177		64262.12	6.702e-05	2.173e-02	0.000e+00	15	435
178		64659.04	6.702e-05	2.281e-02	0.000e+00	15	435
179		65043.56	6.702e-05	2.201e-02	0.000e+00	15	435
180		65421.63	6.702e-05	1.909e-02	0.000e+00	15	435
181		65829.99	6.702e-05	2.153e-02	0.000e+00	15	435
182		66211.03	6.702e-05	2.245e-02	0.000e+00	15	435
183		66613.84	6.702e-05	2.406e-02	0.000e+00	15	435
184		66984.90	6.702e-05	2.199e-02	0.000e+00	15	435
185		67374.39	6.702e-05	1.943e-02	0.000e+00	15	435
186		67769.44	6.702e-05	2.278e-02	0.000e+00	15	435
187		68143.13	6.702e-05	2.380e-02	0.000e+00	15	435
188		68537.05	6.702e-05	2.226e-02	0.000e+00	15	435
189		68925.24	6.702e-05	2.247e-02	0.000e+00	15	435
190		69286.36	6.702e-05	2.221e-02	0.000e+00	15	435
191		69660.23	6.702e-05	2.312e-02	0.000e+00	15	435
192		70051.42	6.702e-05	2.219e-02	0.000e+00	15	435
193		70448.15	6.702e-05	2.164e-02	0.000e+00	15	435
194		70845.90	6.702e-05	2.388e-02	0.000e+00	15	435
195		71244.39	6.702e-05	2.388e-02	0.000e+00	15	435
196		71603.29	6.702e-05	2.448e-02	0.000e+00	15	435
197		71987.49	6.702e-05	2.281e-02	0.000e+00	15	435
198		72390.04	6.702e-05	2.281e-02	0.000e+00	15	435
199		72776.32	6.702e-05	2.137e-02	0.000e+00	15	435
A	 = 2.21e+12,
C0	 = 1.0,0.0,
Cpa	 = 1128.990898666855,1344.188382858611,
Cpb	 = 0.020034093035614084,0.09639168368287498,
E	 = 1.81e+05,
Hp	 = 114431.97801522558,
K	 = 2623.3628071519893,100000000.0,
Value	 = 6.702198310578517e-05,
Xi	 = 0.7338086749851456,
eps	 = 0.9946309786762813,0.94,
ka	 = 0.27076427489202437,0.10261013595859936,
kb	 = 0.00016190043658636437,0.0005109021052268569,
n	 = 0.9477434258596644,
nO2	 = 0.0,
rho	 = 1683.0,1235.0,
Results saved to D:\FengchangWorkspace\optimizationPaper\config\multiReactionCharring\1Reactions\1mass_TGA_BT\../../../../results/multiReactionCharring/1Reactions/charLinear1ReacTGABT_solution.txt
