D:\workspace\JENSENHUGHES\optimization\optimizationPaper\config\multiReactionCharring\1Reactions\1mass\../../../../results/multiReactionCharring/1Reactions/charLinear1Reac Log file
!!python/object/apply:collections.defaultdict
args:
- &id001 !!python/name:builtins.bool ''
dictitems:
  Duraboard:
    CprampF:
    - 1.0
    - 1.0
    CprampT:
    - 0
    - 5000
    eps: 0.8
    krampF:
    - 0.075932
    - 0.090229
    - 0.104522
    - 0.122143
    - 0.14158
    - 0.163436
    - 0.190738
    - 0.221975
    krampT:
    - 203.035
    - 317.4028
    - 426.9164
    - 536.4182
    - 647.3003
    - 757.4803
    - 867.6409
    - 981.2546
    rho: 258
    thickness: 0.0254
  XiState:
  - unknowable
  assumeVolumeConservation: true
  cone:
    Tinit: 25
    activePhaseVars:
    - C0
    - rho
    - ka
    - kb
    - kc
    - kd
    - ke
    - Cpa
    - Cpb
    - Cpc
    - Cpd
    - Cpe
    - eps
    - K
    activeReactionVars:
    - A
    - E
    - n
    - Hp
    - nO2
    - Xi
    allowIgnition: false
    backBoundaryConditions:
      Tamb: 25
      htc: Auto
      type: INSULATED
    frontBoundaryConditions:
      Tamb: 25
      htc: Auto
    ignitionHeatFlux: 20
    ignitionThreshold: 0.0032
    weight: 1.0
  cone1: !!python/object/apply:collections.defaultdict
    args:
    - *id001
    dictitems:
      Tinit: 25
      activePhaseVars:
      - C0
      - rho
      - ka
      - kb
      - kc
      - kd
      - ke
      - Cpa
      - Cpb
      - Cpc
      - Cpd
      - Cpe
      - eps
      - K
      activeReactionVars:
      - A
      - E
      - n
      - Hp
      - nO2
      - Xi
      backBoundaryConditions: !!python/object/apply:collections.defaultdict
        args:
        - *id001
        dictitems:
          Tamb: 25
          htc: Auto
          type: INSULATED
      columns:
      - 1
      depths:
      - 0
      file: ../../../../data/multiReactionCharring/charLinear1ReacNominal25kW_0_cone_Mass.csv
      finalThickness: false
      frontBoundaryConditions: !!python/object/apply:collections.defaultdict
        args:
        - *id001
        dictitems:
          Tamb: 25
          heatFlux: 25
          htc: 15
      ignitionHeatFlux: 20.0
      ignitionThreshold: 0.0032
      initialThickness: 0.008
      names:
      - Mass
      time: 0
      types:
      - 1
      weight: 1.0
      weights:
      - 1
      width1: 0.1016
      width2: 0.1016
  configDir: D:\workspace\JENSENHUGHES\optimization\optimizationPaper\config\multiReactionCharring\1Reactions\1mass\
  dataSources:
    names:
    - cone1
    types:
    - cone
  dsc:
    activePhaseVars:
    - C0
    - Cpa
    - Cpb
    - Cpc
    - Cpd
    - Cpe
    activeReactionVars:
    - A
    - E
    - n
    - Hp
    dscO2: None
    weight: 1.0
  fdsPath: C:\Program Files\FDS\FDS6\bin
  keepTemporaryFiles: false
  name: charLinear1Reac
  optimizeParams:
    absErr: 1e-7
    absRelErr: 1e-7
    elimThresh: 1e-2
    maxIter: 200
    maxTime: 600000
    minIter: 5
    minP: 15
    opAlpha: 29
    opBeta: 1
    opP: 15
    opQ: 15
    opS: 29
    relErr: 1e-12
    relIter: 15
  outputParams:
    saveAllSamples: false
  phaseParams:
    C0:
    - - 1
      - 0
      - 1
    - - 0
      - 1189
      - 1189
    Cpa:
    - - None
      - 270
      - 4320
    - - None
      - 260.25
      - 4164
    Cpb:
    - - None
      - 0.0113
      - 0.1808
    - - None
      - 0.06475
      - 1.036
    Cpc:
    - - 0.0
      - 0.0
      - 0.0
    - - 0.0
      - 0.0
      - 0.0
    Cpd:
    - - 0.0
      - 0.0
      - 0.0
    - - 0.0
      - 0.0
      - 0.0
    Cpe:
    - &id002
      - 0
      - 0
      - 1
    - *id002
    K:
    - - None
      - 2500
      - 40000
    - - 1e8
      - 1189
      - 1189
    eps:
    - - None
      - 0.235
      - 1.0
    - - 0.94
      - 0.235
      - 1.0
    ka:
    - - None
      - 0.078
      - 1.248
    - - None
      - 0.023725
      - 0.3796
    kb:
    - - None
      - 1.1013e-05
      - 0.0001762
    - - None
      - 7.075e-05
      - 0.001132
    kc:
    - - 0.0
      - 0.0
      - 0.0
    - - 0.0
      - 0.0
      - 0.0
    kd:
    - - 0.0
      - 0.0
      - 0.0
    - - 0.0
      - 0.0
      - 0.0
    ke:
    - &id003
      - 0
      - 0
      - 1
    - *id003
    nO2:
    - - 0
      - 0
      - 1
    - - 0
      - 1189
      - 1189
    phases:
    - virgin
    - char
    rho:
    - - 1683
      - 1189
      - 1189
    - - 1235
      - 1189
      - 1189
  processParams:
    maxProcesses: 4
    multiprocess: true
  reactionParams:
    A:
    - - None
      - 5.86e11
      - 9.376e12
    E:
    - - None
      - 4.525e4
      - 7.24e5
    Hp:
    - - None
      - 2.5e4
      - 4e5
    Xi:
    - - None
      - 0
      - 1
    n:
    - - None
      - 0.25
      - 4.0
    nO2:
    - - 0
      - 0
      - 1
    prodState:
    - 1
    reacState:
    - 0
    typeState:
    - 3
  reinitializeComplex: false
  restart: false
  resultsDir: ../../../../results/multiReactionCharring/1Reactions/
  systemDir: D:\workspace\JENSENHUGHES\optimization\sourceCode\optimizationpython\src
  tga:
    activePhaseVars:
    - C0
    - rho
    activeReactionVars:
    - A
    - E
    - n
    tgaO2: None
    tgaOpt: 1
    weight: 1.0
  thermalPropertyUnits: K
  virtualExperiment: false
Loop	t (s)	Error Min	Error Max	ErrorRel	Comp	Samples
0		54.03	2.279e-04	5.382e-03	1.000e+00	15	435
1		115.00	2.279e-04	5.382e-03	1.000e+00	15	435
2		190.41	1.313e-04	5.382e-03	1.000e+00	15	435
3		273.03	1.313e-04	5.382e-03	1.000e+00	15	435
4		360.37	1.313e-04	4.997e-03	1.000e+00	15	435
5		450.04	1.222e-04	3.510e-03	1.000e+00	15	435
6		537.19	7.817e-05	2.216e-03	1.000e+00	15	435
7		620.95	3.127e-05	5.382e-03	1.000e+00	15	435
8		702.89	1.606e-05	5.382e-03	1.000e+00	15	435
9		783.54	1.606e-05	5.041e-03	1.000e+00	15	435
10		867.80	1.193e-05	1.247e-03	1.000e+00	15	435
11		948.26	1.193e-05	3.900e-04	1.000e+00	15	435
12		1029.80	1.167e-05	1.653e-04	1.000e+00	15	435
13		1110.43	1.142e-05	1.653e-04	1.000e+00	15	435
14		1199.32	1.082e-05	1.093e-04	1.000e+00	15	435
15		1282.57	1.041e-05	1.093e-04	1.000e+00	15	435
16		1364.92	1.002e-05	1.074e-04	2.178e-04	15	435
17		1439.56	9.695e-06	5.421e-05	1.216e-04	15	435
18		1508.30	9.277e-06	1.244e-05	1.220e-04	15	435
19		1572.93	8.939e-06	1.118e-05	1.224e-04	15	435
20		1639.07	7.993e-06	1.116e-05	1.142e-04	15	435
21		1706.91	7.398e-06	1.038e-05	7.078e-05	15	435
22		1785.65	7.080e-06	5.382e-03	2.419e-05	15	435
23		1858.41	6.697e-06	4.881e-03	9.364e-06	15	435
24		1928.45	6.627e-06	1.132e-03	9.434e-06	15	435
25		2000.72	6.627e-06	2.968e-04	5.305e-06	15	435
26		2069.47	6.581e-06	7.476e-05	5.351e-06	15	435
27		2136.30	6.564e-06	3.750e-05	5.103e-06	15	435
28		2201.23	6.546e-06	1.119e-05	4.871e-06	15	435
29		2263.36	6.526e-06	1.119e-05	4.291e-06	15	435
30		2321.78	6.493e-06	7.961e-06	3.920e-06	15	435
31		2379.91	6.469e-06	6.627e-06	3.547e-06	15	435
32		2448.85	6.453e-06	6.560e-06	3.242e-06	15	435
33		2512.78	6.410e-06	6.548e-06	2.867e-06	15	435
34		2573.80	6.360e-06	6.548e-06	2.579e-06	15	435
35		2636.32	6.223e-06	6.470e-06	1.770e-06	15	435
36		2703.66	5.934e-06	6.455e-06	1.464e-06	15	435
37		2770.91	5.593e-06	6.409e-06	1.487e-06	15	435
38		2839.04	5.371e-06	6.409e-06	1.326e-06	15	435
39		2906.17	5.298e-06	6.233e-06	1.329e-06	15	435
40		2968.29	5.211e-06	6.233e-06	1.415e-06	15	435
41		3027.82	5.067e-06	5.931e-06	1.514e-06	15	435
42		3085.94	4.961e-06	5.552e-06	1.603e-06	15	435
43		3145.06	4.948e-06	5.340e-06	1.598e-06	15	435
44		3203.89	4.827e-06	5.315e-06	1.699e-06	15	435
45		3260.20	4.751e-06	5.233e-06	1.742e-06	15	435
46		3315.01	4.418e-06	5.075e-06	2.051e-06	15	435
47		3381.75	3.849e-06	5.021e-06	2.604e-06	15	435
48		3453.38	3.588e-06	5.000e-06	2.822e-06	15	435
49		3522.12	3.326e-06	4.914e-06	3.033e-06	15	435
50		3591.86	3.114e-06	4.423e-06	3.108e-06	15	435
51		3656.79	3.054e-06	4.053e-06	2.880e-06	15	435
52		3723.13	3.017e-06	4.053e-06	2.576e-06	15	435
53		3787.96	2.972e-06	3.448e-06	2.399e-06	15	435
54		3853.48	2.949e-06	3.310e-06	2.348e-06	15	435
55		3919.92	2.945e-06	3.150e-06	2.267e-06	15	435
56		3987.05	2.917e-06	3.108e-06	2.150e-06	15	435
57		4049.67	2.858e-06	3.032e-06	2.103e-06	15	435
58		4110.70	2.806e-06	2.993e-06	2.142e-06	15	435
59		4172.33	2.696e-06	2.949e-06	2.131e-06	15	435
60		4240.37	2.654e-06	2.930e-06	2.097e-06	15	435
61		4305.13	2.556e-06	2.863e-06	1.861e-06	15	435
62		4371.86	2.507e-06	2.859e-06	1.342e-06	15	435
63		4435.19	2.419e-06	2.857e-06	1.168e-06	15	435
64		4497.21	2.419e-06	2.742e-06	9.070e-07	15	435
65		4556.83	2.401e-06	2.627e-06	7.129e-07	15	435
66		4616.54	2.377e-06	2.560e-06	6.772e-07	15	435
67		4672.76	2.324e-06	2.467e-06	6.933e-07	15	435
68		4730.88	2.317e-06	2.467e-06	6.551e-07	15	435
69		4799.82	2.300e-06	2.420e-06	6.494e-07	15	435
70		4869.05	2.285e-06	2.420e-06	6.593e-07	15	435
71		4936.18	2.259e-06	2.386e-06	6.584e-07	15	435
72		5006.22	2.253e-06	2.347e-06	6.052e-07	15	435
73		5071.76	2.240e-06	2.327e-06	5.666e-07	15	435
74		5131.59	2.229e-06	2.288e-06	4.667e-07	15	435
75		5188.50	2.214e-06	2.288e-06	4.403e-07	15	435
76		5244.42	2.207e-06	2.249e-06	3.495e-07	15	435
77		5303.95	2.194e-06	2.249e-06	3.127e-07	15	435
78		5366.79	2.184e-06	2.234e-06	2.353e-07	15	435
79		5428.62	2.173e-06	2.223e-06	2.461e-07	15	435
80		5488.85	2.168e-06	2.220e-06	2.332e-07	15	435
81		5546.77	2.162e-06	2.206e-06	2.147e-07	15	435
82		5604.99	2.158e-06	2.189e-06	1.663e-07	15	435
83		5659.83	2.150e-06	2.183e-06	1.671e-07	15	435
84		5713.74	2.123e-06	2.183e-06	1.766e-07	15	435
85		5771.16	2.107e-06	2.168e-06	1.784e-07	15	435
86		5835.89	2.088e-06	2.162e-06	1.705e-07	15	435
87		5904.03	2.068e-06	2.141e-06	1.848e-07	15	435
88		5973.18	2.050e-06	2.140e-06	1.896e-07	15	435
89		6043.42	2.024e-06	2.140e-06	2.051e-07	15	435
90		6110.86	1.999e-06	2.098e-06	2.149e-07	15	435
91		6181.90	1.978e-06	2.086e-06	2.286e-07	15	435
92		6254.44	1.946e-06	2.045e-06	2.482e-07	15	435
93		6326.90	1.927e-06	2.043e-06	2.573e-07	15	435
94		6398.33	1.905e-06	2.043e-06	2.686e-07	15	435
95		6462.86	1.893e-06	1.992e-06	2.755e-07	15	435
96		6526.29	1.887e-06	1.964e-06	2.755e-07	15	435
97		6590.71	1.874e-06	1.936e-06	2.835e-07	15	435
98		6657.74	1.866e-06	1.936e-06	2.841e-07	15	435
99		6727.08	1.852e-06	1.901e-06	2.716e-07	15	435
100		6796.42	1.849e-06	1.901e-06	2.582e-07	15	435
101		6864.56	1.841e-06	1.885e-06	2.474e-07	15	435
102		6931.70	1.831e-06	1.869e-06	2.378e-07	15	435
103		7001.13	1.827e-06	1.866e-06	2.230e-07	15	435
104		7069.67	1.820e-06	1.866e-06	2.038e-07	15	435
105		7137.20	1.818e-06	1.866e-06	1.804e-07	15	435
106		7203.82	1.815e-06	1.840e-06	1.631e-07	15	435
107		7273.58	1.812e-06	1.831e-06	1.347e-07	15	435
108		7337.90	1.804e-06	1.831e-06	1.225e-07	15	435
109		7405.34	1.804e-06	1.823e-06	1.009e-07	15	435
110		7472.87	1.800e-06	1.815e-06	9.319e-08	15	435
111		7537.10	1.796e-06	1.811e-06	9.087e-08	15	435
112		7604.43	1.790e-06	1.808e-06	8.463e-08	15	435
113		7669.27	1.779e-06	1.804e-06	8.693e-08	15	435
114		7727.90	1.773e-06	1.800e-06	7.883e-08	15	435
115		7785.21	1.772e-06	1.798e-06	7.629e-08	15	435
116		7845.34	1.771e-06	1.795e-06	6.969e-08	15	435
117		7903.37	1.770e-06	1.782e-06	6.037e-08	15	435
118		7961.39	1.769e-06	1.782e-06	5.850e-08	15	435
119		8015.52	1.767e-06	1.777e-06	5.373e-08	15	435
120		8069.23	1.764e-06	1.775e-06	5.435e-08	15	435
121		8122.77	1.761e-06	1.772e-06	5.406e-08	15	435
122		8178.30	1.759e-06	1.772e-06	5.231e-08	15	435
123		8236.33	1.756e-06	1.769e-06	4.828e-08	15	435
124		8295.05	1.754e-06	1.765e-06	4.956e-08	15	435
125		8358.39	1.752e-06	1.763e-06	4.724e-08	15	435
126		8421.41	1.752e-06	1.762e-06	4.378e-08	15	435
127		8482.04	1.750e-06	1.759e-06	3.986e-08	15	435
128		8540.56	1.749e-06	1.755e-06	3.035e-08	15	435
129		8596.67	1.745e-06	1.753e-06	2.823e-08	15	435
130		8651.49	1.737e-06	1.752e-06	3.528e-08	15	435
131		8705.01	1.731e-06	1.752e-06	4.031e-08	15	435
132		8762.02	1.725e-06	1.750e-06	4.528e-08	15	435
133		8821.85	1.718e-06	1.746e-06	5.066e-08	15	435
134		8879.57	1.708e-06	1.740e-06	5.872e-08	15	435
135		8938.90	1.703e-06	1.738e-06	6.085e-08	15	435
136		8999.22	1.695e-06	1.723e-06	6.613e-08	15	435
137		9056.04	1.694e-06	1.718e-06	6.505e-08	15	435
138		9113.05	1.693e-06	1.715e-06	6.311e-08	15	435
139		9169.68	1.692e-06	1.715e-06	6.188e-08	15	435
140		9226.81	1.692e-06	1.707e-06	6.058e-08	15	435
141		9285.93	1.692e-06	1.700e-06	6.041e-08	15	435
142		9343.65	1.691e-06	1.697e-06	5.836e-08	15	435
143		9402.88	1.691e-06	1.696e-06	5.731e-08	15	435
144		9460.80	1.691e-06	1.693e-06	5.382e-08	15	435
145		9516.72	1.691e-06	1.693e-06	4.650e-08	15	435
146		9572.93	1.690e-06	1.692e-06	4.027e-08	15	435
147		9626.65	1.690e-06	1.691e-06	3.480e-08	15	435
148		9679.75	1.690e-06	1.691e-06	2.807e-08	15	435
149		9732.57	1.690e-06	1.691e-06	1.812e-08	15	435
150		9792.19	1.690e-06	1.691e-06	1.338e-08	15	435
151		9861.73	1.690e-06	1.691e-06	5.375e-09	15	435
152		9932.06	1.690e-06	1.690e-06	4.621e-09	15	435
153		10001.19	1.690e-06	5.382e-03	3.335e-09	15	435
154		10068.84	1.690e-06	5.382e-03	2.656e-09	15	435
155		10139.27	1.690e-06	5.382e-03	2.233e-09	15	435
156		10202.30	1.690e-06	5.382e-03	1.995e-09	15	435
157		10259.82	1.690e-06	5.382e-03	1.896e-09	15	435
158		10317.14	1.690e-06	5.382e-03	1.659e-09	15	435
159		10378.47	1.690e-06	5.382e-03	1.363e-09	15	435
160		10442.51	1.690e-06	5.382e-03	1.131e-09	15	435
161		10516.06	1.690e-06	5.382e-03	8.808e-10	15	435
162		10588.31	1.690e-06	5.382e-03	6.469e-10	15	435
163		10654.85	1.690e-06	5.382e-03	3.859e-10	15	435
164		10717.67	1.690e-06	5.382e-03	1.547e-10	15	435
165		10780.20	1.690e-06	5.382e-03	1.064e-10	15	435
166		10842.32	1.690e-06	5.382e-03	4.569e-11	15	435
167		10908.55	1.690e-06	5.382e-03	3.558e-11	15	435
168		10978.69	1.690e-06	5.382e-03	2.361e-11	15	435
169		11046.45	1.690e-06	5.382e-03	1.630e-11	15	435
170		11112.87	1.690e-06	5.382e-03	1.630e-11	15	435
171		11172.80	1.690e-06	5.382e-03	1.630e-11	15	435
172		11233.52	1.690e-06	5.382e-03	1.630e-11	15	435
173		11298.45	1.690e-06	5.382e-03	1.630e-11	15	435
174		11364.38	1.690e-06	5.382e-03	1.907e-11	15	435
175		11430.40	1.690e-06	5.382e-03	1.801e-11	15	435
176		11498.04	1.690e-06	5.382e-03	1.801e-11	15	435
177		11565.33	1.690e-06	5.382e-03	1.801e-11	15	435
178		11630.18	1.690e-06	5.382e-03	9.830e-12	15	435
179		11695.91	1.690e-06	5.382e-03	9.830e-12	15	435
180		11762.75	1.690e-06	5.382e-03	9.830e-12	15	435
181		11830.37	1.690e-06	5.382e-03	9.830e-12	15	435
182		11896.94	1.690e-06	5.382e-03	9.830e-12	15	435
183		11963.53	1.690e-06	5.382e-03	2.767e-12	15	435
184		12026.93	1.690e-06	5.382e-03	2.767e-12	15	435
185		12089.53	1.690e-06	5.382e-03	2.767e-12	15	435
186		12153.32	1.690e-06	5.382e-03	2.767e-12	15	435
187		12220.32	1.690e-06	5.382e-03	2.767e-12	15	435
188		12288.32	1.690e-06	5.382e-03	2.767e-12	15	435
189		12355.92	1.690e-06	5.382e-03	0.000e+00	15	435
190		12422.66	1.690e-06	5.382e-03	0.000e+00	15	435
191		12489.34	1.690e-06	5.382e-03	0.000e+00	15	435
192		12553.09	1.690e-06	5.382e-03	0.000e+00	15	435
193		12619.79	1.690e-06	5.382e-03	2.395e-12	15	435
194		12688.62	1.690e-06	5.382e-03	2.395e-12	15	435
195		12758.38	1.690e-06	5.382e-03	2.395e-12	15	435
196		12829.05	1.690e-06	5.382e-03	2.395e-12	15	435
197		12901.76	1.690e-06	5.382e-03	6.294e-12	15	435
198		12967.76	1.690e-06	5.382e-03	6.294e-12	15	435
199		13033.36	1.690e-06	5.382e-03	6.294e-12	15	435
A	 = 9.71e+11,
C0	 = 1.0,0.0,
Cpa	 = 4090.3619438706746,941.3074630144604,
Cpb	 = 0.17822945651702324,0.06484536572927335,
E	 = 1.24e+05,
Hp	 = 208087.10266455406,
K	 = 31974.795782041794,100000000.0,
Value	 = 1.6895242742658623e-06,
Xi	 = 0.7338086749851456,
eps	 = 0.9999996590916317,0.94,
ka	 = 1.097326500641875,0.17496955159590544,
kb	 = 0.00017150372088250114,7.077077758558377e-05,
n	 = 1.9238395340953696,
nO2	 = 0.0,
rho	 = 1683.0,1235.0,
Results saved to D:\workspace\JENSENHUGHES\optimization\optimizationPaper\config\multiReactionCharring\1Reactions\1mass\../../../../results/multiReactionCharring/1Reactions/charLinear1Reac_solution.txt
