D:\workspace\JENSENHUGHES\optimization\optimizationPaper\config\multiReactionCharring\1Reactions\1mass_FT_BT\../../../../results/multiReactionCharring/1Reactions/charLinear1ReacFTBT Log file
!!python/object/apply:collections.defaultdict
args:
- &id001 !!python/name:builtins.bool ''
dictitems:
  Duraboard:
    CprampF:
    - 1.0
    - 1.0
    CprampT:
    - 0
    - 5000
    eps: 0.8
    krampF:
    - 0.075932
    - 0.090229
    - 0.104522
    - 0.122143
    - 0.14158
    - 0.163436
    - 0.190738
    - 0.221975
    krampT:
    - 203.035
    - 317.4028
    - 426.9164
    - 536.4182
    - 647.3003
    - 757.4803
    - 867.6409
    - 981.2546
    rho: 258
    thickness: 0.0254
  XiState:
  - unknowable
  assumeVolumeConservation: true
  cone:
    Tinit: 25
    activePhaseVars:
    - C0
    - rho
    - ka
    - kb
    - kc
    - kd
    - ke
    - Cpa
    - Cpb
    - Cpc
    - Cpd
    - Cpe
    - eps
    - K
    activeReactionVars:
    - A
    - E
    - n
    - Hp
    - nO2
    - Xi
    allowIgnition: false
    backBoundaryConditions:
      Tamb: 25
      htc: Auto
      type: INSULATED
    frontBoundaryConditions:
      Tamb: 25
      htc: Auto
    ignitionHeatFlux: 20
    ignitionThreshold: 0.0032
    weight: 1.0
  cone1: !!python/object/apply:collections.defaultdict
    args:
    - *id001
    dictitems:
      Tinit: 25
      activePhaseVars:
      - C0
      - rho
      - ka
      - kb
      - kc
      - kd
      - ke
      - Cpa
      - Cpb
      - Cpc
      - Cpd
      - Cpe
      - eps
      - K
      activeReactionVars:
      - A
      - E
      - n
      - Hp
      - nO2
      - Xi
      backBoundaryConditions: !!python/object/apply:collections.defaultdict
        args:
        - *id001
        dictitems:
          Tamb: 25
          htc: Auto
          type: INSULATED
      columns:
      - 1
      - 2
      - 3
      depths:
      - 0
      - 0
      - 0.008
      file: ../../../../data/multiReactionCharring/charLinear1ReacNominalVirtual.csv
      finalThickness: false
      frontBoundaryConditions: !!python/object/apply:collections.defaultdict
        args:
        - *id001
        dictitems:
          Tamb: 25
          heatFlux: 25
          htc: 15
      ignitionHeatFlux: 20.0
      ignitionThreshold: 0.0032
      initialThickness: 0.008
      names:
      - Mass
      - Front_Temperature
      - Back_Temperature
      time: 0
      types:
      - 1
      - 3
      - 3
      weight: 1.0
      weights:
      - 1
      - 1
      - 1
      width1: 0.1016
      width2: 0.1016
  configDir: D:\workspace\JENSENHUGHES\optimization\optimizationPaper\config\multiReactionCharring\1Reactions\1mass_FT_BT\
  dataSources:
    names:
    - cone1
    types:
    - cone
  dsc:
    activePhaseVars:
    - C0
    - Cpa
    - Cpb
    - Cpc
    - Cpd
    - Cpe
    activeReactionVars:
    - A
    - E
    - n
    - Hp
    dscO2: None
    weight: 1.0
  fdsPath: C:\Program Files\FDS\FDS6\bin
  keepTemporaryFiles: false
  name: charLinear1ReacFTBT
  optimizeParams:
    absErr: 1e-7
    absRelErr: 1e-7
    elimThresh: 1e-2
    maxIter: 200
    maxTime: 600000
    minIter: 5
    minP: 15
    opAlpha: 29
    opBeta: 1
    opP: 15
    opQ: 15
    opS: 29
    relErr: 1e-12
    relIter: 15
  outputParams:
    saveAllSamples: false
  phaseParams:
    C0:
    - - 1
      - 0
      - 1
    - - 0
      - 1189
      - 1189
    Cpa:
    - - None
      - 270
      - 4320
    - - None
      - 260.25
      - 4164
    Cpb:
    - - None
      - 0.0113
      - 0.1808
    - - None
      - 0.06475
      - 1.036
    Cpc:
    - - 0.0
      - 0.0
      - 0.0
    - - 0.0
      - 0.0
      - 0.0
    Cpd:
    - - 0.0
      - 0.0
      - 0.0
    - - 0.0
      - 0.0
      - 0.0
    Cpe:
    - &id002
      - 0
      - 0
      - 1
    - *id002
    K:
    - - None
      - 2500
      - 40000
    - - 1e8
      - 1189
      - 1189
    eps:
    - - None
      - 0.235
      - 1.0
    - - 0.94
      - 0.235
      - 1.0
    ka:
    - - None
      - 0.078
      - 1.248
    - - None
      - 0.023725
      - 0.3796
    kb:
    - - None
      - 1.1013e-05
      - 0.0001762
    - - None
      - 7.075e-05
      - 0.001132
    kc:
    - - 0.0
      - 0.0
      - 0.0
    - - 0.0
      - 0.0
      - 0.0
    kd:
    - - 0.0
      - 0.0
      - 0.0
    - - 0.0
      - 0.0
      - 0.0
    ke:
    - &id003
      - 0
      - 0
      - 1
    - *id003
    nO2:
    - - 0
      - 0
      - 1
    - - 0
      - 1189
      - 1189
    phases:
    - virgin
    - char
    rho:
    - - 1683
      - 1189
      - 1189
    - - 1235
      - 1189
      - 1189
  processParams:
    maxProcesses: 4
    multiprocess: true
  reactionParams:
    A:
    - - None
      - 5.86e11
      - 9.376e12
    E:
    - - None
      - 4.525e4
      - 7.24e5
    Hp:
    - - None
      - 2.5e4
      - 4e5
    Xi:
    - - None
      - 0
      - 1
    n:
    - - None
      - 0.25
      - 4.0
    nO2:
    - - 0
      - 0
      - 1
    prodState:
    - 1
    reacState:
    - 0
    typeState:
    - 3
  reinitializeComplex: false
  restart: false
  resultsDir: ../../../../results/multiReactionCharring/1Reactions/
  systemDir: D:\workspace\JENSENHUGHES\optimization\sourceCode\optimizationpython\src
  tga:
    activePhaseVars:
    - C0
    - rho
    activeReactionVars:
    - A
    - E
    - n
    tgaO2: None
    tgaOpt: 1
    weight: 1.0
  thermalPropertyUnits: K
  virtualExperiment: false
Loop	t (s)	Error Min	Error Max	ErrorRel	Comp	Samples
0		55.21	4.352e-03	3.953e-02	1.000e+00	15	435
1		119.44	2.802e-03	4.089e-02	1.000e+00	15	435
2		193.48	2.486e-03	4.089e-02	1.000e+00	15	435
3		270.34	2.126e-03	3.820e-02	1.000e+00	15	435
4		349.28	2.126e-03	3.792e-02	1.000e+00	15	435
5		431.13	2.126e-03	3.792e-02	1.000e+00	15	435
6		510.67	1.058e-03	2.311e-02	1.000e+00	15	435
7		587.72	1.058e-03	2.297e-02	1.000e+00	15	435
8		669.67	1.029e-03	1.275e-02	1.000e+00	15	435
9		755.72	8.888e-04	1.275e-02	1.000e+00	15	435
10		840.89	7.655e-04	9.739e-03	1.000e+00	15	435
11		920.75	6.287e-04	8.353e-03	1.000e+00	15	435
12		990.97	4.295e-04	6.544e-03	1.000e+00	15	435
13		1055.90	2.879e-04	1.815e-03	1.000e+00	15	435
14		1132.34	2.283e-04	1.134e-03	1.000e+00	15	435
15		1215.69	2.013e-04	1.053e-03	1.000e+00	15	435
16		1300.74	1.524e-04	5.827e-04	2.650e-03	15	435
17		1384.49	1.290e-04	5.560e-04	2.357e-03	15	435
18		1459.33	1.124e-04	2.990e-04	2.014e-03	15	435
19		1535.98	9.980e-05	2.990e-04	2.026e-03	15	435
20		1619.94	9.581e-05	1.327e-02	2.030e-03	15	435
21		1702.70	9.284e-05	1.335e-02	9.651e-04	15	435
22		1776.94	8.256e-05	1.898e-02	9.753e-04	15	435
23		1843.76	6.826e-05	1.898e-02	9.611e-04	15	435
24		1905.99	5.685e-05	9.817e-03	8.319e-04	15	435
25		1974.73	5.272e-05	9.817e-03	7.128e-04	15	435
26		2052.07	5.058e-05	4.973e-03	5.781e-04	15	435
27		2130.92	5.044e-05	1.300e-03	3.791e-04	15	435
28		2216.06	4.950e-05	6.454e-04	2.384e-04	15	435
29		2300.90	4.916e-05	1.672e-04	1.791e-04	15	435
30		2389.78	4.898e-05	1.672e-04	1.523e-04	15	435
31		2478.34	4.892e-05	1.672e-04	1.035e-04	15	435
32		2560.49	4.889e-05	1.657e-04	8.006e-05	15	435
33		2637.24	4.881e-05	1.657e-04	6.363e-05	15	435
34		2700.56	4.866e-05	9.422e-05	5.114e-05	15	435
35		2759.09	4.854e-05	9.422e-05	4.727e-05	15	435
36		2820.31	4.841e-05	4.969e-05	4.443e-05	15	435
37		2894.04	4.831e-05	4.889e-05	3.425e-05	15	435
38		2961.47	4.819e-05	4.880e-05	2.007e-05	15	435
39		3023.60	4.796e-05	4.865e-05	8.893e-06	15	435
40		3088.82	4.776e-05	4.847e-05	4.964e-06	15	435
41		3161.56	4.771e-05	4.827e-05	2.875e-06	15	435
42		3234.89	4.770e-05	4.817e-05	2.745e-06	15	435
43		3313.03	4.766e-05	4.803e-05	1.839e-06	15	435
44		3393.50	4.764e-05	4.791e-05	1.519e-06	15	435
45		3472.05	4.764e-05	4.791e-05	1.343e-06	15	435
46		3546.39	4.761e-05	4.783e-05	1.315e-06	15	435
47		3613.82	4.759e-05	4.771e-05	1.298e-06	15	435
48		3672.44	4.752e-05	4.766e-05	1.293e-06	15	435
49		3737.87	4.743e-05	4.765e-05	1.232e-06	15	435
50		3805.00	4.732e-05	4.763e-05	1.218e-06	15	435
51		3865.22	4.696e-05	4.763e-05	1.453e-06	15	435
52		3920.93	4.667e-05	4.754e-05	1.640e-06	15	435
53		3978.66	4.648e-05	4.754e-05	1.705e-06	15	435
54		4038.89	4.616e-05	4.729e-05	1.797e-06	15	435
55		4101.82	4.598e-05	4.723e-05	1.775e-06	15	435
56		4173.76	4.583e-05	4.705e-05	1.872e-06	15	435
57		4257.51	4.573e-05	4.705e-05	1.965e-06	15	435
58		4341.97	4.571e-05	4.634e-05	1.946e-06	15	435
59		4424.92	4.571e-05	4.634e-05	1.930e-06	15	435
60		4509.46	4.570e-05	4.634e-05	1.941e-06	15	435
61		4595.52	4.569e-05	4.594e-05	1.918e-06	15	435
62		4678.38	4.569e-05	4.576e-05	1.906e-06	15	435
63		4766.54	4.477e-05	4.575e-05	2.750e-06	15	435
64		4848.39	4.477e-05	4.575e-05	2.657e-06	15	435
65		4932.95	4.472e-05	4.571e-05	2.601e-06	15	435
66		5015.00	4.472e-05	4.571e-05	2.233e-06	15	435
67		5089.93	4.472e-05	4.568e-05	1.946e-06	15	435
68		5158.85	4.459e-05	4.568e-05	1.888e-06	15	435
69		5218.36	4.459e-05	4.568e-05	1.567e-06	15	435
70		5285.00	4.459e-05	4.567e-05	1.388e-06	15	435
71		5351.54	4.459e-05	4.567e-05	1.240e-06	15	435
72		5421.80	4.459e-05	4.564e-05	1.140e-06	15	435
73		5492.84	4.459e-05	4.564e-05	1.120e-06	15	435
74		5561.41	4.459e-05	4.563e-05	1.118e-06	15	435
75		5626.94	4.459e-05	4.560e-05	1.104e-06	15	435
76		5700.69	4.459e-05	4.559e-05	1.096e-06	15	435
77		5778.63	4.459e-05	3.383e-02	1.093e-06	15	435
78		5852.67	4.459e-05	3.851e-02	1.775e-07	15	435
79		5927.91	4.459e-05	2.419e-02	1.775e-07	15	435
80		6007.17	4.459e-05	3.801e-02	1.289e-07	15	435
81		6086.61	4.459e-05	3.408e-02	1.289e-07	15	435
82		6164.46	4.459e-05	2.584e-02	1.289e-07	15	435
83		6246.92	4.459e-05	3.739e-02	0.000e+00	15	435
84		6329.87	4.459e-05	3.696e-02	0.000e+00	15	435
85		6417.35	4.459e-05	3.214e-02	0.000e+00	15	435
86		6505.82	4.459e-05	3.214e-02	0.000e+00	15	435
87		6591.89	4.459e-05	3.175e-02	0.000e+00	15	435
88		6679.74	4.459e-05	3.178e-02	0.000e+00	15	435
89		6765.00	4.459e-05	3.248e-02	0.000e+00	15	435
90		6849.75	4.459e-05	2.790e-02	0.000e+00	15	435
91		6935.52	4.459e-05	3.441e-02	0.000e+00	15	435
92		7022.90	4.459e-05	3.716e-02	0.000e+00	15	435
93		7111.68	4.459e-05	3.844e-02	0.000e+00	15	435
94		7200.75	4.459e-05	3.288e-02	0.000e+00	15	435
95		7291.40	4.459e-05	3.670e-02	0.000e+00	15	435
96		7382.28	4.459e-05	3.670e-02	0.000e+00	15	435
97		7472.63	4.459e-05	3.670e-02	0.000e+00	15	435
98		7563.61	4.459e-05	3.883e-02	0.000e+00	15	435
99		7653.26	4.459e-05	3.421e-02	0.000e+00	15	435
100		7745.82	4.459e-05	3.747e-02	0.000e+00	15	435
101		7834.98	4.459e-05	3.972e-02	0.000e+00	15	435
102		7924.65	4.459e-05	3.972e-02	0.000e+00	15	435
103		8013.32	4.459e-05	3.939e-02	0.000e+00	15	435
104		8099.88	4.459e-05	3.518e-02	0.000e+00	15	435
105		8186.84	4.459e-05	3.876e-02	0.000e+00	15	435
106		8276.11	4.459e-05	3.097e-02	0.000e+00	15	435
107		8366.97	4.459e-05	3.392e-02	0.000e+00	15	435
108		8454.94	4.459e-05	3.575e-02	0.000e+00	15	435
109		8543.00	4.459e-05	3.392e-02	0.000e+00	15	435
110		8630.74	4.459e-05	3.790e-02	0.000e+00	15	435
111		8720.40	4.459e-05	4.089e-02	0.000e+00	15	435
112		8812.07	4.459e-05	4.089e-02	0.000e+00	15	435
113		8902.84	4.459e-05	3.134e-02	0.000e+00	15	435
114		8990.20	4.459e-05	3.526e-02	0.000e+00	15	435
115		9081.98	4.459e-05	3.796e-02	0.000e+00	15	435
116		9172.23	4.459e-05	3.037e-02	0.000e+00	15	435
117		9265.69	4.459e-05	4.001e-02	0.000e+00	15	435
118		9361.26	4.459e-05	3.432e-02	0.000e+00	15	435
119		9452.73	4.459e-05	2.344e-02	0.000e+00	15	435
120		9544.31	4.459e-05	3.344e-02	0.000e+00	15	435
121		9634.45	4.459e-05	3.617e-02	0.000e+00	15	435
122		9720.21	4.459e-05	4.013e-02	0.000e+00	15	435
123		9808.06	4.459e-05	3.292e-02	0.000e+00	15	435
124		9898.33	4.459e-05	3.761e-02	0.000e+00	15	435
125		9990.38	4.459e-05	4.034e-02	0.000e+00	15	435
126		10081.75	4.459e-05	3.665e-02	0.000e+00	15	435
127		10176.12	4.459e-05	3.430e-02	0.000e+00	15	435
128		10270.69	4.459e-05	3.786e-02	0.000e+00	15	435
129		10362.04	4.459e-05	3.471e-02	0.000e+00	15	435
130		10453.41	4.459e-05	3.536e-02	0.000e+00	15	435
131		10545.08	4.459e-05	3.231e-02	0.000e+00	15	435
132		10639.44	4.459e-05	3.244e-02	0.000e+00	15	435
133		10733.61	4.459e-05	3.262e-02	0.000e+00	15	435
134		10826.78	4.459e-05	3.529e-02	0.000e+00	15	435
135		10920.55	4.459e-05	3.527e-02	0.000e+00	15	435
136		11015.41	4.459e-05	3.797e-02	0.000e+00	15	435
137		11109.07	4.459e-05	3.169e-02	0.000e+00	15	435
138		11202.15	4.459e-05	3.770e-02	0.000e+00	15	435
139		11298.01	4.459e-05	3.309e-02	0.000e+00	15	435
140		11394.98	4.459e-05	3.673e-02	0.000e+00	15	435
141		11490.55	4.459e-05	3.635e-02	0.000e+00	15	435
142		11584.02	4.459e-05	3.961e-02	0.000e+00	15	435
143		11680.81	4.459e-05	3.609e-02	0.000e+00	15	435
144		11776.79	4.459e-05	3.925e-02	0.000e+00	15	435
145		11872.28	4.459e-05	3.897e-02	0.000e+00	15	435
146		11969.16	4.459e-05	3.187e-02	0.000e+00	15	435
147		12064.33	4.459e-05	2.674e-02	0.000e+00	15	435
148		12157.20	4.459e-05	4.116e-02	0.000e+00	15	435
149		12254.39	4.459e-05	3.208e-02	0.000e+00	15	435
150		12349.95	4.459e-05	4.183e-02	0.000e+00	15	435
151		12445.51	4.459e-05	3.378e-02	0.000e+00	15	435
152		12544.39	4.459e-05	3.672e-02	0.000e+00	15	435
153		12639.75	4.459e-05	3.904e-02	0.000e+00	15	435
154		12735.14	4.459e-05	3.904e-02	0.000e+00	15	435
155		12830.62	4.459e-05	3.563e-02	0.000e+00	15	435
156		12925.70	4.459e-05	4.009e-02	0.000e+00	15	435
157		13024.16	4.459e-05	2.754e-02	0.000e+00	15	435
158		13122.24	4.459e-05	3.710e-02	0.000e+00	15	435
159		13218.92	4.459e-05	3.740e-02	0.000e+00	15	435
160		13313.28	4.459e-05	3.642e-02	0.000e+00	15	435
161		13410.95	4.459e-05	3.712e-02	0.000e+00	15	435
162		13509.42	4.459e-05	3.859e-02	0.000e+00	15	435
163		13606.60	4.459e-05	3.031e-02	0.000e+00	15	435
164		13703.06	4.459e-05	3.674e-02	0.000e+00	15	435
165		13802.04	4.459e-05	3.874e-02	0.000e+00	15	435
166		13898.62	4.459e-05	3.789e-02	0.000e+00	15	435
167		13997.49	4.459e-05	3.083e-02	0.000e+00	15	435
168		14094.97	4.459e-05	3.733e-02	0.000e+00	15	435
169		14187.73	4.459e-05	3.844e-02	0.000e+00	15	435
170		14282.50	4.459e-05	3.572e-02	0.000e+00	15	435
171		14381.18	4.459e-05	3.599e-02	0.000e+00	15	435
172		14480.85	4.459e-05	3.810e-02	0.000e+00	15	435
173		14577.44	4.459e-05	3.572e-02	0.000e+00	15	435
174		14674.71	4.459e-05	3.572e-02	0.000e+00	15	435
175		14771.68	4.459e-05	2.749e-02	0.000e+00	15	435
176		14870.35	4.459e-05	4.017e-02	0.000e+00	15	435
177		14968.44	4.459e-05	3.478e-02	0.000e+00	15	435
178		15064.52	4.459e-05	3.730e-02	0.000e+00	15	435
179		15162.88	4.459e-05	3.812e-02	0.000e+00	15	435
180		15258.86	4.459e-05	3.642e-02	0.000e+00	15	435
181		15356.33	4.459e-05	3.462e-02	0.000e+00	15	435
182		15453.80	4.459e-05	3.752e-02	0.000e+00	15	435
183		15549.97	4.459e-05	3.609e-02	0.000e+00	15	435
184		15650.25	4.459e-05	3.927e-02	0.000e+00	15	435
185		15747.02	4.459e-05	3.669e-02	0.000e+00	15	435
186		15847.49	4.459e-05	3.669e-02	0.000e+00	15	435
187		15944.65	4.459e-05	4.030e-02	0.000e+00	15	435
188		16039.72	4.459e-05	4.030e-02	0.000e+00	15	435
189		16135.59	4.459e-05	3.577e-02	0.000e+00	15	435
190		16233.76	4.459e-05	3.832e-02	0.000e+00	15	435
191		16332.04	4.459e-05	3.807e-02	0.000e+00	15	435
192		16431.52	4.459e-05	3.913e-02	0.000e+00	15	435
193		16528.19	4.459e-05	3.892e-02	0.000e+00	15	435
194		16624.36	4.459e-05	2.968e-02	0.000e+00	15	435
195		16725.24	4.459e-05	3.550e-02	0.000e+00	15	435
196		16823.93	4.459e-05	3.746e-02	4.768e-09	15	435
197		16922.90	4.459e-05	3.953e-02	4.768e-09	15	435
198		17018.98	4.459e-05	3.953e-02	4.768e-09	15	435
199		17116.06	4.459e-05	3.120e-02	4.768e-09	15	435
A	 = 4.40e+12,
C0	 = 1.0,0.0,
Cpa	 = 1077.8177460276381,1009.583324861379,
Cpb	 = 0.052054366355489844,0.28285904584292676,
E	 = 1.84e+05,
Hp	 = 99562.87306714285,
K	 = 12010.324184917157,100000000.0,
Value	 = 4.458982922339648e-05,
Xi	 = 0.7338086749851456,
eps	 = 0.9413345875244689,0.94,
ka	 = 0.31669855221272153,0.1440446091040905,
kb	 = 3.1934037914023466e-05,0.00020180138431297564,
n	 = 1.0137845297363584,
nO2	 = 0.0,
rho	 = 1683.0,1235.0,
Results saved to D:\workspace\JENSENHUGHES\optimization\optimizationPaper\config\multiReactionCharring\1Reactions\1mass_FT_BT\../../../../results/multiReactionCharring/1Reactions/charLinear1ReacFTBT_solution.txt
