D:\workspace\JENSENHUGHES\optimization\optimizationPaper\config\multiReactionCharring\1Reactions\2mass\../../../../results/multiReactionCharring/1Reactions/charLinear1Reac2Mass Log file
!!python/object/apply:collections.defaultdict
args:
- &id001 !!python/name:builtins.bool ''
dictitems:
  Duraboard:
    CprampF:
    - 1.0
    - 1.0
    CprampT:
    - 0
    - 5000
    eps: 0.8
    krampF:
    - 0.075932
    - 0.090229
    - 0.104522
    - 0.122143
    - 0.14158
    - 0.163436
    - 0.190738
    - 0.221975
    krampT:
    - 203.035
    - 317.4028
    - 426.9164
    - 536.4182
    - 647.3003
    - 757.4803
    - 867.6409
    - 981.2546
    rho: 258
    thickness: 0.0254
  XiState:
  - unknowable
  assumeVolumeConservation: true
  cone:
    Tinit: 25
    activePhaseVars:
    - C0
    - rho
    - ka
    - kb
    - kc
    - kd
    - ke
    - Cpa
    - Cpb
    - Cpc
    - Cpd
    - Cpe
    - eps
    - K
    activeReactionVars:
    - A
    - E
    - n
    - Hp
    - nO2
    - Xi
    allowIgnition: false
    backBoundaryConditions:
      Tamb: 25
      htc: Auto
      type: INSULATED
    frontBoundaryConditions:
      Tamb: 25
      htc: Auto
    ignitionHeatFlux: 20
    ignitionThreshold: 0.0032
    weight: 1.0
  cone1: !!python/object/apply:collections.defaultdict
    args:
    - *id001
    dictitems:
      Tinit: 25
      activePhaseVars:
      - C0
      - rho
      - ka
      - kb
      - kc
      - kd
      - ke
      - Cpa
      - Cpb
      - Cpc
      - Cpd
      - Cpe
      - eps
      - K
      activeReactionVars:
      - A
      - E
      - n
      - Hp
      - nO2
      - Xi
      backBoundaryConditions: !!python/object/apply:collections.defaultdict
        args:
        - *id001
        dictitems:
          Tamb: 25
          htc: Auto
          type: INSULATED
      columns:
      - 1
      depths:
      - 0
      file: ../../../../data/multiReactionCharring/charLinear1ReacNominal25kW_0_cone_Mass.csv
      finalThickness: false
      frontBoundaryConditions: !!python/object/apply:collections.defaultdict
        args:
        - *id001
        dictitems:
          Tamb: 25
          heatFlux: 25
          htc: 15
      ignitionHeatFlux: 20.0
      ignitionThreshold: 0.0032
      initialThickness: 0.008
      names:
      - Mass
      time: 0
      types:
      - 1
      weight: 1.0
      weights:
      - 1
      width1: 0.1016
      width2: 0.1016
  cone2: !!python/object/apply:collections.defaultdict
    args:
    - *id001
    dictitems:
      Tinit: 25
      activePhaseVars:
      - C0
      - rho
      - ka
      - kb
      - kc
      - kd
      - ke
      - Cpa
      - Cpb
      - Cpc
      - Cpd
      - Cpe
      - eps
      - K
      activeReactionVars:
      - A
      - E
      - n
      - Hp
      - nO2
      - Xi
      backBoundaryConditions: !!python/object/apply:collections.defaultdict
        args:
        - *id001
        dictitems:
          Tamb: 25
          htc: Auto
          type: INSULATED
      columns:
      - 1
      depths:
      - 0
      file: ../../../../data/multiReactionCharring/charLinear1ReacNominal50kW_0_cone_Mass.csv
      finalThickness: false
      frontBoundaryConditions: !!python/object/apply:collections.defaultdict
        args:
        - *id001
        dictitems:
          Tamb: 25
          heatFlux: 50
          htc: 15
      ignitionHeatFlux: 20.0
      ignitionThreshold: 0.0032
      initialThickness: 0.008
      names:
      - Mass
      time: 0
      types:
      - 1
      weight: 1.0
      weights:
      - 1
      width1: 0.1016
      width2: 0.1016
  configDir: D:\workspace\JENSENHUGHES\optimization\optimizationPaper\config\multiReactionCharring\1Reactions\2mass\
  dataSources:
    names:
    - cone1
    - cone2
    types:
    - cone
    - cone
  dsc:
    activePhaseVars:
    - C0
    - Cpa
    - Cpb
    - Cpc
    - Cpd
    - Cpe
    activeReactionVars:
    - A
    - E
    - n
    - Hp
    dscO2: None
    weight: 1.0
  fdsPath: C:\Program Files\FDS\FDS6\bin
  keepTemporaryFiles: false
  name: charLinear1Reac2Mass
  optimizeParams:
    absErr: 1e-7
    absRelErr: 1e-7
    elimThresh: 1e-2
    maxIter: 200
    maxTime: 600000
    minIter: 5
    minP: 15
    opAlpha: 29
    opBeta: 1
    opP: 15
    opQ: 15
    opS: 29
    relErr: 1e-12
    relIter: 15
  outputParams:
    saveAllSamples: false
  phaseParams:
    C0:
    - - 1
      - 0
      - 1
    - - 0
      - 1189
      - 1189
    Cpa:
    - - None
      - 270
      - 4320
    - - None
      - 260.25
      - 4164
    Cpb:
    - - None
      - 0.0113
      - 0.1808
    - - None
      - 0.06475
      - 1.036
    Cpc:
    - - 0.0
      - 0.0
      - 0.0
    - - 0.0
      - 0.0
      - 0.0
    Cpd:
    - - 0.0
      - 0.0
      - 0.0
    - - 0.0
      - 0.0
      - 0.0
    Cpe:
    - &id002
      - 0
      - 0
      - 1
    - *id002
    K:
    - - None
      - 2500
      - 40000
    - - 1e8
      - 1189
      - 1189
    eps:
    - - None
      - 0.235
      - 1.0
    - - 0.94
      - 0.235
      - 1.0
    ka:
    - - None
      - 0.078
      - 1.248
    - - None
      - 0.023725
      - 0.3796
    kb:
    - - None
      - 1.1013e-05
      - 0.0001762
    - - None
      - 7.075e-05
      - 0.001132
    kc:
    - - 0.0
      - 0.0
      - 0.0
    - - 0.0
      - 0.0
      - 0.0
    kd:
    - - 0.0
      - 0.0
      - 0.0
    - - 0.0
      - 0.0
      - 0.0
    ke:
    - &id003
      - 0
      - 0
      - 1
    - *id003
    nO2:
    - - 0
      - 0
      - 1
    - - 0
      - 1189
      - 1189
    phases:
    - virgin
    - char
    rho:
    - - 1683
      - 1189
      - 1189
    - - 1235
      - 1189
      - 1189
  processParams:
    maxProcesses: 4
    multiprocess: true
  reactionParams:
    A:
    - - None
      - 5.86e11
      - 9.376e12
    E:
    - - None
      - 4.525e4
      - 7.24e5
    Hp:
    - - None
      - 2.5e4
      - 4e5
    Xi:
    - - None
      - 0
      - 1
    n:
    - - None
      - 0.25
      - 4.0
    nO2:
    - - 0
      - 0
      - 1
    prodState:
    - 1
    reacState:
    - 0
    typeState:
    - 3
  reinitializeComplex: false
  restart: false
  resultsDir: ../../../../results/multiReactionCharring/1Reactions/
  systemDir: D:\workspace\JENSENHUGHES\optimization\sourceCode\optimizationpython\src
  tga:
    activePhaseVars:
    - C0
    - rho
    activeReactionVars:
    - A
    - E
    - n
    tgaO2: None
    tgaOpt: 1
    weight: 1.0
  thermalPropertyUnits: K
  virtualExperiment: false
Loop	t (s)	Error Min	Error Max	ErrorRel	Comp	Samples
0		107.67	4.633e-04	1.212e-02	1.000e+00	15	435
1		237.99	4.633e-04	1.212e-02	1.000e+00	15	435
2		381.42	4.633e-04	1.212e-02	1.000e+00	15	435
3		550.51	4.633e-04	1.212e-02	1.000e+00	15	435
4		725.88	4.633e-04	1.208e-02	1.000e+00	15	435
5		892.25	2.546e-04	1.114e-02	1.000e+00	15	435
6		1063.53	2.546e-04	4.058e-03	1.000e+00	15	435
7		1224.19	2.255e-04	4.058e-03	1.000e+00	15	435
8		1376.64	1.580e-04	1.132e-03	1.000e+00	15	435
9		1529.98	1.307e-04	1.132e-03	1.000e+00	15	435
10		1679.92	9.291e-05	6.766e-04	1.000e+00	15	435
11		1834.97	8.149e-05	3.006e-04	1.000e+00	15	435
12		2005.94	7.724e-05	2.931e-04	1.000e+00	15	435
13		2174.13	7.435e-05	2.242e-04	1.000e+00	15	435
14		2338.11	6.625e-05	1.607e-04	1.000e+00	15	435
15		2487.95	6.260e-05	1.590e-04	1.000e+00	15	435
16		2622.79	5.531e-05	1.590e-04	4.080e-04	15	435
17		2748.71	4.910e-05	1.487e-04	4.142e-04	15	435
18		2896.78	4.456e-05	1.487e-04	4.187e-04	15	435
19		3039.22	3.649e-05	7.489e-05	4.268e-04	15	435
20		3178.04	2.843e-05	7.489e-05	2.261e-04	15	435
21		3323.39	1.585e-05	5.858e-05	2.387e-04	15	435
22		3475.14	1.157e-05	5.057e-05	2.139e-04	15	435
23		3630.09	1.157e-05	3.666e-05	1.465e-04	15	435
24		3786.15	1.049e-05	2.776e-05	1.202e-04	15	435
25		3941.21	6.707e-06	2.424e-05	8.621e-05	15	435
26		4090.96	5.137e-06	2.244e-05	7.636e-05	15	435
27		4232.41	3.666e-06	1.689e-05	7.357e-05	15	435
28		4390.27	3.246e-06	1.396e-05	7.111e-05	15	435
29		4546.12	2.348e-06	1.118e-05	6.390e-05	15	435
30		4706.77	2.287e-06	8.957e-06	6.031e-05	15	435
31		4866.33	2.036e-06	7.007e-06	5.327e-05	15	435
32		5036.51	1.897e-06	5.021e-06	4.721e-05	15	435
33		5203.96	1.821e-06	3.575e-06	4.274e-05	15	435
34		5361.92	1.787e-06	2.550e-06	3.470e-05	15	435
35		5512.86	1.713e-06	2.132e-06	2.672e-05	15	435
36		5640.18	1.627e-06	2.047e-06	1.423e-05	15	435
37		5764.98	1.573e-06	2.013e-06	9.999e-06	15	435
38		5908.52	1.538e-06	1.860e-06	1.003e-05	15	435
39		6056.58	1.517e-06	1.803e-06	8.970e-06	15	435
40		6213.93	1.511e-06	1.803e-06	5.196e-06	15	435
41		6381.10	1.506e-06	1.663e-06	3.631e-06	15	435
42		6531.74	1.493e-06	1.663e-06	2.174e-06	15	435
43		6661.15	1.478e-06	1.547e-06	1.768e-06	15	435
44		6768.83	1.429e-06	1.518e-06	9.187e-07	15	435
45		6883.74	1.320e-06	1.510e-06	9.665e-07	15	435
46		7012.95	1.225e-06	1.493e-06	8.109e-07	15	435
47		7132.77	1.059e-06	1.477e-06	8.378e-07	15	435
48		7251.06	9.222e-07	1.447e-06	8.991e-07	15	435
49		7376.45	8.529e-07	1.397e-06	9.340e-07	15	435
50		7505.97	7.999e-07	1.272e-06	9.129e-07	15	435
51		7631.09	7.837e-07	1.272e-06	8.434e-07	15	435
52		7756.61	7.654e-07	1.024e-06	8.079e-07	15	435
53		7876.31	7.457e-07	9.183e-07	7.921e-07	15	435
54		7995.13	7.235e-07	9.183e-07	7.931e-07	15	435
55		8111.66	7.045e-07	8.066e-07	8.069e-07	15	435
56		8231.07	6.997e-07	8.066e-07	8.060e-07	15	435
57		8358.20	6.847e-07	7.541e-07	8.081e-07	15	435
58		8482.41	6.688e-07	7.454e-07	8.091e-07	15	435
59		8605.20	6.410e-07	7.308e-07	7.881e-07	15	435
60		8724.40	6.031e-07	7.029e-07	7.174e-07	15	435
61		8839.79	5.106e-07	6.986e-07	7.147e-07	15	435
62		8963.31	4.700e-07	6.771e-07	5.890e-07	15	435
63		9097.63	3.954e-07	6.771e-07	5.268e-07	15	435
64		9229.46	3.909e-07	6.091e-07	4.619e-07	15	435
65		9372.60	3.759e-07	5.491e-07	4.240e-07	15	435
66		9526.14	3.745e-07	5.166e-07	4.093e-07	15	435
67		9687.10	3.717e-07	5.166e-07	3.937e-07	15	435
68		9841.06	3.685e-07	4.203e-07	3.772e-07	15	435
69		9994.21	3.658e-07	4.203e-07	3.577e-07	15	435
70		10133.13	3.622e-07	4.100e-07	3.422e-07	15	435
71		10248.92	3.573e-07	3.792e-07	3.423e-07	15	435
72		10367.44	3.437e-07	3.722e-07	3.410e-07	15	435
73		10489.96	3.243e-07	3.663e-07	3.445e-07	15	435
74		10622.98	3.123e-07	3.663e-07	3.287e-07	15	435
75		10759.00	2.975e-07	3.663e-07	3.056e-07	15	435
76		10894.73	2.811e-07	3.466e-07	2.295e-07	15	435
77		11029.15	2.627e-07	3.311e-07	2.074e-07	15	435
78		11168.28	2.464e-07	3.311e-07	1.489e-07	15	435
79		11320.55	2.449e-07	3.152e-07	1.461e-07	15	435
80		11474.39	2.366e-07	2.970e-07	1.393e-07	15	435
81		11625.43	2.331e-07	2.750e-07	1.414e-07	15	435
82		11776.98	2.297e-07	2.562e-07	1.420e-07	15	435
83		11929.01	2.280e-07	2.478e-07	1.404e-07	15	435
84		12082.95	2.253e-07	2.478e-07	1.405e-07	15	435
85		12240.01	2.246e-07	2.478e-07	1.376e-07	15	435
86		12393.46	2.225e-07	2.478e-07	1.348e-07	15	435
87		12539.11	2.203e-07	2.311e-07	1.233e-07	15	435
88		12681.06	2.171e-07	2.311e-07	1.072e-07	15	435
89		12812.69	2.126e-07	2.274e-07	9.975e-08	15	435
90		12935.01	2.097e-07	2.241e-07	8.775e-08	15	435
91		13067.83	2.044e-07	2.200e-07	7.673e-08	15	435
92		13198.46	2.010e-07	2.190e-07	6.166e-08	15	435
93		13323.86	1.967e-07	2.160e-07	4.968e-08	15	435
94		13448.58	1.932e-07	2.160e-07	5.166e-08	15	435
95		13565.06	1.909e-07	2.126e-07	4.567e-08	15	435
96		13683.77	1.860e-07	2.031e-07	4.708e-08	15	435
97		13813.49	1.795e-07	2.005e-07	5.024e-08	15	435
98		13943.81	1.771e-07	1.999e-07	5.098e-08	15	435
99		14071.12	1.706e-07	1.984e-07	5.469e-08	15	435
100		14196.83	1.645e-07	1.886e-07	6.009e-08	15	435
101		14327.14	1.590e-07	1.828e-07	6.348e-08	15	435
102		14465.58	1.509e-07	1.828e-07	6.946e-08	15	435
103		14611.92	1.440e-07	1.700e-07	7.315e-08	15	435
104		14750.45	1.368e-07	1.700e-07	7.580e-08	15	435
105		14884.19	1.291e-07	1.678e-07	8.063e-08	15	435
106		15019.30	1.204e-07	1.585e-07	8.398e-08	15	435
107		15151.91	1.112e-07	1.544e-07	8.979e-08	15	435
108		15293.65	1.048e-07	1.363e-07	9.198e-08	15	435
109		15448.94	9.795e-08	1.363e-07	9.524e-08	15	435
A	 = 3.08e+12,
C0	 = 1.0,0.0,
Cpa	 = 1038.6092755651398,926.9997848771063,
Cpb	 = 0.1483556218078595,0.45094504569241084,
E	 = 1.82e+05,
Hp	 = 100813.87591058842,
K	 = 39430.365871088565,100000000.0,
Value	 = 9.794917750442853e-08,
Xi	 = 0.7338086749851456,
eps	 = 0.9425015348075743,0.94,
ka	 = 0.2989964267137014,0.06043988519518638,
kb	 = 7.647488005591086e-05,0.0003365972912593837,
n	 = 1.007386056058921,
nO2	 = 0.0,
rho	 = 1683.0,1235.0,
Results saved to D:\workspace\JENSENHUGHES\optimization\optimizationPaper\config\multiReactionCharring\1Reactions\2mass\../../../../results/multiReactionCharring/1Reactions/charLinear1Reac2Mass_solution.txt
