D:\workspace\JENSENHUGHES\optimization\optimizationPaper\config\multiReactionCharring\hybrid\../../../results/multiReactionCharring/hybrid/multiReacLinearHybrid Log file
!!python/object/apply:collections.defaultdict
args:
- &id001 !!python/name:builtins.bool ''
dictitems:
  Duraboard:
    CprampF:
    - 1.0
    - 1.0
    CprampT:
    - 0
    - 5000
    eps: 0.8
    krampF:
    - 0.075932
    - 0.090229
    - 0.104522
    - 0.122143
    - 0.14158
    - 0.163436
    - 0.190738
    - 0.221975
    krampT:
    - 203.035
    - 317.4028
    - 426.9164
    - 536.4182
    - 647.3003
    - 757.4803
    - 867.6409
    - 981.2546
    rho: 258
    thickness: 0.0254
  XiState:
  - unknown
  - unknown
  cone:
    Tinit: 25
    activePhaseVars:
    - C0
    - rho
    - ka
    - kb
    - kc
    - kd
    - ke
    - Cpa
    - Cpb
    - Cpc
    - Cpd
    - Cpe
    - eps
    - K
    activeReactionVars:
    - A
    - E
    - n
    - Hp
    - nO2
    - Xi
    backBoundaryConditions:
      Tamb: 25
      htc: Auto
      type: INSULATED
    frontBoundaryConditions:
      Tamb: 25
      htc: Auto
    weight: 1.0
  cone1: !!python/object/apply:collections.defaultdict
    args:
    - *id001
    dictitems:
      Tinit: 25
      activePhaseVars:
      - C0
      - rho
      - ka
      - kb
      - kc
      - kd
      - ke
      - Cpa
      - Cpb
      - Cpc
      - Cpd
      - Cpe
      - eps
      - K
      activeReactionVars:
      - A
      - E
      - n
      - Hp
      - nO2
      - Xi
      backBoundaryConditions: !!python/object/apply:collections.defaultdict
        args:
        - *id001
        dictitems:
          Tamb: 25
          htc: Auto
          type: INSULATED
      columns:
      - 1
      depths:
      - 0
      file: ../../../data/multiReactionCharring/multiReactionCharringLinearNominal_0_cone_Mass.csv
      finalThickness: 0.0063498751
      frontBoundaryConditions: !!python/object/apply:collections.defaultdict
        args:
        - *id001
        dictitems:
          Tamb: 25
          heatFlux: 25
          htc: 15
      initialThickness: 0.008
      names:
      - Mass
      time: 0
      types:
      - 1
      weight: 1.0
      weights:
      - 1
      width1: 0.1016
      width2: 0.1016
  configDir: D:\workspace\JENSENHUGHES\optimization\optimizationPaper\config\multiReactionCharring\hybrid\
  dataSources:
    names:
    - cone1
    types:
    - cone
  dsc:
    activePhaseVars:
    - C0
    - Cpa
    - Cpb
    - Cpc
    - Cpd
    - Cpe
    activeReactionVars:
    - A
    - E
    - n
    - Hp
    dscO2: None
    weight: 1.0
  fdsPath: C:\Program Files\FDS\FDS6\bin
  keepTemporaryFiles: true
  name: multiReacLinearHybrid
  optimizeParams:
    absErr: 1e-7
    absRelErr: 5e-7
    elimThresh: 1e-2
    maxIter: 1000
    maxTime: 60000
    minIter: 5
    minP: 21
    opAlpha: 1
    opBeta: 41
    opP: 41
    opQ: 21
    opS: 41
    relErr: 1e-12
    relIter: 15
  outputParams:
    saveAllSamples: false
  phaseParams:
    C0:
    - - 1
      - 0
      - 1
    - - 0
      - 1189
      - 1189
    Cpa:
    - - None
      - 972
      - 1188
    - - None
      - 260.25
      - 4164
    Cpb:
    - - None
      - 0.04068
      - 0.04972
    - - None
      - 0.06475
      - 1.036
    Cpc:
    - - 0.0
      - 0.0
      - 0.0
    - - 0.0
      - 0.0
      - 0.0
    Cpd:
    - - 0.0
      - 0.0
      - 0.0
    - - 0.0
      - 0.0
      - 0.0
    Cpe:
    - &id002
      - 0
      - 0
      - 1
    - *id002
    K:
    - - None
      - 2500
      - 40000
    - - 1e8
      - 1189
      - 1189
    eps:
    - - None
      - 0.235
      - 1.0
    - - 0.94
      - 0.235
      - 1.0
    ka:
    - - None
      - 0.078
      - 1.248
    - - None
      - 0.023725
      - 0.3796
    kb:
    - - None
      - 1.1013e-05
      - 0.0001762
    - - None
      - 7.075e-05
      - 0.001132
    kc:
    - - 0.0
      - 0.0
      - 0.0
    - - 0.0
      - 0.0
      - 0.0
    kd:
    - - 0.0
      - 0.0
      - 0.0
    - - 0.0
      - 0.0
      - 0.0
    ke:
    - &id003
      - 0
      - 0
      - 1
    - *id003
    nO2:
    - - 0
      - 0
      - 1
    - - 0
      - 1189
      - 1189
    phases:
    - virgin
    - char
    rho:
    - - 1683
      - 1189
      - 1189
    - - 1235
      - 1189
      - 1189
  processParams:
    maxProcesses: 4
    multiprocess: true
  reactionParams:
    A:
    - - None
      - 2.106e12
      - 2.574e12
    - - None
      - 6.75e13
      - 8.25e13
    E:
    - - None
      - 1.629e5
      - 1.991e5
    - - None
      - 1.737e5
      - 2.123e5
    Hp:
    - - None
      - 2.5e4
      - 4e5
    - - None
      - 5e4
      - 8e5
    Xi:
    - - None
      - 0.675
      - 0.825
    - - None
      - 0.45
      - 0.55
    n:
    - - None
      - 0.9
      - 1.1
    - - None
      - 1.35
      - 1.65
    nO2:
    - &id004
      - 0
      - 0
      - 1
    - *id004
    prodState:
    - 1
    - 1
    reacState:
    - 0
    - 0
    typeState:
    - 3
    - 3
  reinitializeComplex: false
  restart: false
  resultsDir: ../../../results/multiReactionCharring/hybrid/
  systemDir: D:\workspace\JENSENHUGHES\optimization\sourceCode\optimizationpython\src
  tga:
    activePhaseVars:
    - C0
    - rho
    activeReactionVars:
    - A
    - E
    - n
    tgaO2: None
    tgaOpt: 1
    weight: 1.0
  thermalPropertyUnits: K
  virtualExperiment: false
Loop	t (s)	Error Min	Error Max	ErrorRel	Comp	Samples
0		268.25	1.296e-03	1.683e-01	1.000e+00	41	1681
1		572.07	3.446e-04	1.683e-01	1.000e+00	41	1681
2		895.97	3.446e-04	1.683e-01	1.000e+00	41	1681
3		1235.19	1.778e-04	1.683e-01	1.000e+00	41	1681
4		1584.51	1.491e-04	1.683e-01	1.000e+00	41	1681
5		1939.08	1.123e-04	1.683e-01	1.000e+00	41	1681
6		2301.86	9.314e-05	1.683e-01	1.000e+00	41	1681
7		2658.24	8.298e-05	1.683e-01	1.000e+00	41	1681
8		3019.55	8.053e-05	1.683e-01	1.000e+00	41	1681
9		3389.05	7.959e-05	1.683e-01	1.000e+00	41	1681
10		3752.75	7.693e-05	1.683e-01	1.000e+00	41	1681
11		4116.95	7.497e-05	1.683e-01	1.000e+00	41	1681
12		4474.81	7.176e-05	1.683e-01	1.000e+00	41	1681
13		4830.90	5.774e-05	1.683e-01	1.000e+00	41	1681
14		5191.67	5.488e-05	1.683e-01	1.000e+00	41	1681
15		5546.73	4.928e-05	1.683e-01	1.000e+00	41	1681
16		5902.20	4.858e-05	1.683e-01	2.960e-04	41	1681
17		6259.89	4.858e-05	1.683e-01	2.960e-04	41	1681
18		6610.97	4.858e-05	1.683e-01	1.293e-04	41	1681
19		6958.83	4.858e-05	1.683e-01	1.006e-04	41	1681
20		7319.33	4.773e-05	1.683e-01	6.455e-05	41	1681
21		7656.29	4.773e-05	1.683e-01	4.541e-05	41	1681
22		8002.66	4.723e-05	1.683e-01	3.575e-05	41	1681
23		8348.15	4.723e-05	1.683e-01	3.330e-05	41	1681
24		8682.99	4.723e-05	1.683e-01	3.236e-05	41	1681
25		9004.93	4.723e-05	1.683e-01	2.970e-05	41	1681
26		9338.30	4.723e-05	1.683e-01	2.774e-05	41	1681
27		9657.13	4.723e-05	1.683e-01	2.453e-05	41	1681
28		9981.58	4.723e-05	1.683e-01	1.051e-05	41	1681
29		10298.34	4.575e-05	1.683e-01	9.130e-06	41	1681
30		10618.97	4.575e-05	1.683e-01	3.528e-06	41	1681
31		10941.02	4.422e-05	1.683e-01	4.361e-06	41	1681
32		11256.26	4.293e-05	1.683e-01	5.655e-06	41	1681
33		11559.50	3.672e-05	1.683e-01	1.186e-05	41	1681
34		11870.25	3.450e-05	1.683e-01	1.408e-05	41	1681
35		12176.68	3.034e-05	1.683e-01	1.740e-05	41	1681
36		12481.54	2.680e-05	1.683e-01	2.093e-05	41	1681
37		12784.25	2.123e-05	1.683e-01	2.600e-05	41	1681
38		13098.80	1.353e-05	1.683e-01	3.370e-05	41	1681
39		13420.66	1.351e-05	1.683e-01	3.372e-05	41	1681
40		13736.59	1.305e-05	1.412e-01	3.418e-05	41	1681
41		14054.14	1.225e-05	1.412e-01	3.498e-05	41	1681
42		14384.10	1.225e-05	1.412e-01	3.498e-05	41	1681
43		14697.93	1.225e-05	1.412e-01	3.498e-05	41	1681
44		15017.37	1.225e-05	1.412e-01	3.350e-05	41	1681
45		15361.56	1.202e-05	1.412e-01	3.374e-05	41	1681
46		15710.86	1.202e-05	1.412e-01	3.220e-05	41	1681
47		16068.57	1.196e-05	1.412e-01	3.096e-05	41	1681
48		16432.18	1.172e-05	1.412e-01	2.500e-05	41	1681
49		16790.96	1.068e-05	1.412e-01	2.383e-05	41	1681
50		17160.07	1.020e-05	1.412e-01	2.013e-05	41	1681
51		17538.00	1.020e-05	1.412e-01	1.660e-05	41	1681
52		17911.80	1.020e-05	1.358e-01	1.103e-05	41	1681
53		18277.30	1.020e-05	1.358e-01	3.332e-06	41	1681
54		18640.79	1.020e-05	1.636e-01	3.310e-06	41	1681
55		18996.76	1.020e-05	1.636e-01	2.853e-06	41	1681
56		19362.57	1.020e-05	1.636e-01	2.053e-06	41	1681
57		19716.57	1.020e-05	1.636e-01	2.053e-06	41	1681
58		20079.88	1.020e-05	1.636e-01	2.053e-06	41	1681
59		20440.17	1.016e-05	1.636e-01	2.095e-06	41	1681
60		20802.96	1.016e-05	1.453e-01	1.858e-06	41	1681
61		21162.86	1.016e-05	1.453e-01	1.858e-06	41	1681
62		21512.75	1.016e-05	1.453e-01	1.806e-06	41	1681
63		21862.84	1.016e-05	1.453e-01	1.560e-06	41	1681
64		22210.30	1.016e-05	1.453e-01	5.178e-07	41	1681
65		22547.86	1.016e-05	1.453e-01	4.240e-08	41	1681
66		22874.82	1.016e-05	1.453e-01	4.240e-08	41	1681
67		23208.69	1.016e-05	1.453e-01	4.240e-08	41	1681
68		23534.94	1.016e-05	1.453e-01	4.240e-08	41	1681
69		23860.77	1.016e-05	1.453e-01	4.240e-08	41	1681
70		24193.15	1.016e-05	1.453e-01	4.240e-08	41	1681
71		24524.01	1.010e-05	1.453e-01	9.543e-08	41	1681
72		24867.18	1.010e-05	1.453e-01	9.543e-08	41	1681
73		25203.55	1.010e-05	1.453e-01	9.543e-08	41	1681
74		25546.53	1.010e-05	1.453e-01	5.303e-08	41	1681
75		25886.50	1.010e-05	1.453e-01	5.303e-08	41	1681
76		26222.14	1.010e-05	1.453e-01	5.303e-08	41	1681
77		26562.91	1.010e-05	1.453e-01	5.303e-08	41	1681
78		26907.67	1.010e-05	1.453e-01	5.303e-08	41	1681
79		27249.85	1.010e-05	1.453e-01	5.303e-08	41	1681
80		27608.34	1.010e-05	1.453e-01	5.303e-08	41	1681
81		27957.42	1.010e-05	1.453e-01	5.303e-08	41	1681
82		28315.69	1.010e-05	1.453e-01	5.303e-08	41	1681
83		28667.89	1.010e-05	1.453e-01	5.303e-08	41	1681
84		29018.75	1.010e-05	1.453e-01	5.303e-08	41	1681
85		29361.52	1.010e-05	1.453e-01	5.303e-08	41	1681
86		29710.80	1.010e-05	1.453e-01	0.000e+00	41	1681
87		30057.59	1.010e-05	1.453e-01	0.000e+00	41	1681
88		30406.17	1.010e-05	1.453e-01	0.000e+00	41	1681
89		30748.56	1.010e-05	1.453e-01	0.000e+00	41	1681
90		31087.84	1.010e-05	1.453e-01	0.000e+00	41	1681
91		31428.40	1.010e-05	1.453e-01	0.000e+00	41	1681
92		31765.95	1.010e-05	1.453e-01	0.000e+00	41	1681
93		32116.72	1.010e-05	1.453e-01	0.000e+00	41	1681
94		32455.51	1.010e-05	1.453e-01	0.000e+00	41	1681
95		32793.28	1.010e-05	1.453e-01	0.000e+00	41	1681
96		33128.63	1.010e-05	1.453e-01	0.000e+00	41	1681
97		33450.05	1.010e-05	1.453e-01	0.000e+00	41	1681
98		33782.59	1.010e-05	1.453e-01	0.000e+00	41	1681
99		34101.74	1.010e-05	1.453e-01	0.000e+00	41	1681
100		34417.67	1.010e-05	1.453e-01	0.000e+00	41	1681
101		34745.42	1.010e-05	1.324e-01	0.000e+00	41	1681
102		35065.06	1.010e-05	1.324e-01	0.000e+00	41	1681
103		35395.42	1.010e-05	1.324e-01	0.000e+00	41	1681
104		35711.98	1.010e-05	1.044e-01	0.000e+00	41	1681
105		36036.43	1.010e-05	1.044e-01	0.000e+00	41	1681
106		36372.20	1.010e-05	1.044e-01	0.000e+00	41	1681
107		36701.66	1.010e-05	1.044e-01	0.000e+00	41	1681
108		37035.91	1.010e-05	1.044e-01	0.000e+00	41	1681
109		37385.30	1.010e-05	1.044e-01	0.000e+00	41	1681
110		37726.27	1.010e-05	1.044e-01	0.000e+00	41	1681
111		38090.28	1.010e-05	1.044e-01	0.000e+00	41	1681
112		38447.58	1.010e-05	1.044e-01	0.000e+00	41	1681
113		38806.07	1.010e-05	1.044e-01	0.000e+00	41	1681
114		39157.25	1.010e-05	1.044e-01	0.000e+00	41	1681
115		39524.65	1.010e-05	1.044e-01	0.000e+00	41	1681
116		39890.66	1.010e-05	1.044e-01	0.000e+00	41	1681
117		40252.75	1.010e-05	1.044e-01	2.666e-09	41	1681
118		40622.67	1.010e-05	1.044e-01	2.666e-09	41	1681
Complex 37 eliminated with parameter deviation 9.47e-03
119		40983.08	1.010e-05	9.155e-04	2.666e-09	40	1640
120		41335.96	1.010e-05	9.893e-02	2.666e-09	40	1640
Complex 36 eliminated with parameter deviation 8.43e-03
121		41682.94	1.010e-05	1.062e-04	2.666e-09	39	1599
122		42028.92	1.010e-05	2.291e-02	2.666e-09	39	1599
123		42378.49	1.010e-05	6.312e-02	2.666e-09	39	1599
124		42725.65	1.010e-05	1.115e-01	2.666e-09	39	1599
Complex 35 eliminated with parameter deviation 5.66e-03
Complex 34 eliminated with parameter deviation 8.46e-03
125		43073.86	1.010e-05	6.475e-05	2.666e-09	37	1517
Complex 35 eliminated with parameter deviation 7.89e-03
126		43414.23	1.010e-05	5.023e-02	2.666e-09	36	1476
Complex 35 eliminated with parameter deviation 8.46e-03
Complex 34 eliminated with parameter deviation 7.29e-03
127		43733.38	1.010e-05	1.508e-05	2.666e-09	34	1394
128		44043.72	1.010e-05	2.513e-02	2.666e-09	34	1394
129		44351.23	1.010e-05	3.479e-02	2.666e-09	34	1394
Complex 33 eliminated with parameter deviation 7.70e-03
130		44668.40	1.010e-05	1.072e-01	2.666e-09	33	1353
131		44981.26	1.010e-05	1.072e-01	2.666e-09	33	1353
132		45291.06	1.010e-05	1.072e-01	0.000e+00	33	1353
Complex 32 eliminated with parameter deviation 9.81e-03
133		45607.44	1.010e-05	1.072e-01	0.000e+00	32	1312
Complex 18 eliminated with parameter deviation 9.77e-03
134		45898.89	1.010e-05	1.233e-01	0.000e+00	31	1271
Complex 17 eliminated with parameter deviation 8.75e-03
135		46171.28	1.010e-05	1.233e-01	0.000e+00	30	1230
Complex 27 eliminated with parameter deviation 9.20e-03
Complex 23 eliminated with parameter deviation 9.63e-03
Complex 18 eliminated with parameter deviation 9.19e-03
Complex 16 eliminated with parameter deviation 9.50e-03
136		46447.16	1.010e-05	1.323e-05	0.000e+00	26	1066
Complex 18 eliminated with parameter deviation 6.84e-03
137		46687.71	1.010e-05	4.121e-02	0.000e+00	25	1025
Complex 18 eliminated with parameter deviation 8.01e-03
138		46926.07	1.010e-05	4.121e-02	0.000e+00	24	984
Complex 22 eliminated with parameter deviation 9.65e-03
139		47137.36	1.010e-05	4.121e-02	0.000e+00	23	943
Complex 16 eliminated with parameter deviation 8.97e-03
140		47343.24	1.010e-05	1.166e-01	0.000e+00	22	902
Complex 16 eliminated with parameter deviation 9.25e-03
141		47549.63	1.010e-05	1.166e-01	0.000e+00	21	861
142		47753.85	1.010e-05	1.166e-01	0.000e+00	21	861
143		47954.46	1.010e-05	1.166e-01	0.000e+00	21	861
144		48155.46	1.010e-05	1.166e-01	0.000e+00	21	861
145		48357.47	1.010e-05	1.166e-01	0.000e+00	21	861
146		48558.86	1.010e-05	1.166e-01	0.000e+00	21	861
147		48759.86	1.010e-05	1.166e-01	0.000e+00	21	861
148		48961.36	1.010e-05	1.166e-01	0.000e+00	21	861
149		49160.16	1.010e-05	1.166e-01	0.000e+00	21	861
150		49361.36	1.010e-05	1.166e-01	0.000e+00	21	861
151		49563.06	1.010e-05	1.166e-01	0.000e+00	21	861
152		49764.18	1.009e-05	1.166e-01	1.075e-08	21	861
153		49969.10	1.009e-05	1.166e-01	1.075e-08	21	861
154		50169.31	1.009e-05	1.166e-01	1.075e-08	21	861
155		50368.50	1.009e-05	1.166e-01	1.075e-08	21	861
156		50572.02	1.009e-05	1.166e-01	1.075e-08	21	861
157		50775.42	1.009e-05	1.166e-01	1.075e-08	21	861
158		50974.02	1.009e-05	1.166e-01	1.075e-08	21	861
159		51175.63	1.009e-05	1.166e-01	1.075e-08	21	861
160		51377.43	1.009e-05	1.166e-01	1.075e-08	21	861
161		51579.03	1.009e-05	1.166e-01	1.075e-08	21	861
162		51782.81	1.009e-05	1.166e-01	1.075e-08	21	861
163		51984.80	1.009e-05	1.166e-01	1.075e-08	21	861
164		52182.59	1.009e-05	1.166e-01	1.075e-08	21	861
165		52383.58	1.009e-05	1.166e-01	1.075e-08	21	861
166		52574.57	1.009e-05	1.166e-01	1.075e-08	21	861
167		52781.38	1.009e-05	1.166e-01	0.000e+00	21	861
168		52997.68	1.009e-05	1.166e-01	0.000e+00	21	861
169		53213.99	1.009e-05	1.166e-01	0.000e+00	21	861
170		53430.94	1.009e-05	1.166e-01	0.000e+00	21	861
171		53639.99	1.009e-05	1.166e-01	0.000e+00	21	861
172		53845.62	1.009e-05	1.166e-01	0.000e+00	21	861
173		54050.33	1.009e-05	1.166e-01	0.000e+00	21	861
174		54268.12	1.009e-05	1.166e-01	0.000e+00	21	861
175		54473.91	1.009e-05	1.166e-01	0.000e+00	21	861
176		54675.95	1.009e-05	1.166e-01	0.000e+00	21	861
177		54884.40	1.009e-05	1.166e-01	0.000e+00	21	861
178		55092.82	1.009e-05	1.166e-01	0.000e+00	21	861
179		55300.47	1.009e-05	1.166e-01	0.000e+00	21	861
180		55506.69	1.009e-05	1.166e-01	0.000e+00	21	861
181		55709.69	1.009e-05	1.166e-01	0.000e+00	21	861
182		55912.60	1.007e-05	1.166e-01	2.365e-08	21	861
183		56117.91	1.007e-05	1.300e-01	2.365e-08	21	861
184		56322.70	1.007e-05	1.300e-01	2.365e-08	21	861
185		56525.21	1.007e-05	1.300e-01	2.365e-08	21	861
186		56731.62	1.007e-05	1.300e-01	2.365e-08	21	861
187		56934.63	1.007e-05	1.300e-01	2.365e-08	21	861
188		57142.16	1.007e-05	1.300e-01	2.365e-08	21	861
189		57348.37	1.007e-05	1.300e-01	2.365e-08	21	861
190		57554.28	1.007e-05	1.300e-01	2.365e-08	21	861
191		57761.97	1.007e-05	1.300e-01	2.365e-08	21	861
192		57965.97	1.007e-05	1.300e-01	2.365e-08	21	861
193		58169.67	1.007e-05	1.300e-01	2.365e-08	21	861
194		58370.06	1.007e-05	1.300e-01	2.365e-08	21	861
195		58572.45	1.007e-05	1.300e-01	2.365e-08	21	861
196		58774.55	1.007e-05	1.300e-01	2.365e-08	21	861
197		58976.74	1.007e-05	1.300e-01	0.000e+00	21	861
198		59182.54	1.007e-05	1.300e-01	0.000e+00	21	861
199		59383.75	1.007e-05	1.300e-01	0.000e+00	21	861
200		59595.81	1.007e-05	1.300e-01	0.000e+00	21	861
201		59808.54	1.007e-05	1.300e-01	0.000e+00	21	861
202		60018.96	1.007e-05	1.300e-01	0.000e+00	21	861
A	 = 2.32e+12,7.29e+13,
C0	 = 1.0,0.0,
Cpa	 = 1045.0387861244424,2496.3638414277843,
Cpb	 = 0.04627657276890181,0.47861185826721725,
E	 = 1.74e+05,1.85e+05,
Hp	 = 120369.62084443012,263793.8565708782,
K	 = 23613.579573590272,100000000.0,
Value	 = 1.0067854220139595e-05,
Xi	 = 0.7359542189058876,0.5100891848742981,
eps	 = 0.8097676197460821,0.94,
ka	 = 0.3001293218128766,0.20070067877139536,
kb	 = 6.004369482205766e-05,0.000492771727871851,
n	 = 0.9943282063280539,1.5421734378409995,
nO2	 = 0.0,0.0,
rho	 = 1683.0,1235.0,
Results saved to D:\workspace\JENSENHUGHES\optimization\optimizationPaper\config\multiReactionCharring\hybrid\../../../results/multiReactionCharring/hybrid/multiReacLinearHybrid_solution.txt
