D:\workspace\JENSENHUGHES\optimization\optimizationPaper\config\multiReactionCharring\hybrid\../../../results/multiReactionCharring/hybrid/multiReacLinearTGA Log file
!!python/object/apply:collections.defaultdict
args:
- &id001 !!python/name:builtins.bool ''
dictitems:
  Duraboard:
    CprampF:
    - 1.0
    - 1.0
    CprampT:
    - 0
    - 5000
    eps: 0.8
    krampF:
    - 0.075932
    - 0.090229
    - 0.104522
    - 0.122143
    - 0.14158
    - 0.163436
    - 0.190738
    - 0.221975
    krampT:
    - 203.035
    - 317.4028
    - 426.9164
    - 536.4182
    - 647.3003
    - 757.4803
    - 867.6409
    - 981.2546
    rho: 258
    thickness: 0.0254
  XiState:
  - unknown
  - unknown
  cone:
    Tinit: 25
    activePhaseVars:
    - C0
    - rho
    - ka
    - kb
    - kc
    - kd
    - ke
    - Cpa
    - Cpb
    - Cpc
    - Cpd
    - Cpe
    - eps
    - K
    activeReactionVars:
    - A
    - E
    - n
    - Hp
    - nO2
    - Xi
    backBoundaryConditions:
      Tamb: 25
      htc: Auto
      type: INSULATED
    frontBoundaryConditions:
      Tamb: 25
      htc: Auto
    weight: 1.0
  cone1: !!python/object/apply:collections.defaultdict
    args:
    - *id001
    dictitems:
      Tinit: 25
      activePhaseVars:
      - C0
      - rho
      - ka
      - kb
      - kc
      - kd
      - ke
      - Cpa
      - Cpb
      - Cpc
      - Cpd
      - Cpe
      - eps
      - K
      activeReactionVars:
      - A
      - E
      - n
      - Hp
      - nO2
      - Xi
      backBoundaryConditions: !!python/object/apply:collections.defaultdict
        args:
        - *id001
        dictitems:
          Tamb: 25
          htc: Auto
          type: INSULATED
      columns:
      - 1
      depths:
      - 0
      file: ../../../data/multiReactionCharring/multiReactionCharringLinearNominal_0_cone_Mass.csv
      finalThickness: 0.0063498751
      frontBoundaryConditions: !!python/object/apply:collections.defaultdict
        args:
        - *id001
        dictitems:
          Tamb: 25
          heatFlux: 25
          htc: 15
      initialThickness: 0.008
      names:
      - Mass
      time: 0
      types:
      - 1
      weight: 1.0
      weights:
      - 1
      width1: 0.1016
      width2: 0.1016
  configDir: D:\workspace\JENSENHUGHES\optimization\optimizationPaper\config\multiReactionCharring\hybrid\
  dataSources:
    names:
    - cone1
    types:
    - cone
  dsc:
    activePhaseVars:
    - C0
    - Cpa
    - Cpb
    - Cpc
    - Cpd
    - Cpe
    activeReactionVars:
    - A
    - E
    - n
    - Hp
    dscO2: None
    weight: 1.0
  fdsPath: C:\Program Files\FDS\FDS6\bin
  keepTemporaryFiles: true
  name: multiReacLinearTGA
  optimizeParams:
    absErr: 1e-7
    absRelErr: 5e-7
    elimThresh: 1e-2
    maxIter: 200
    maxTime: 600000
    minIter: 5
    minP: 21
    opAlpha: 41
    opBeta: 1
    opP: 21
    opQ: 21
    opS: 41
    relErr: 1e-12
    relIter: 15
  outputParams:
    saveAllSamples: false
  phaseParams:
    C0:
    - - 1
      - 0
      - 1
    - - 0
      - 1189
      - 1189
    Cpa:
    - - None
      - 270
      - 4320
    - - None
      - 260.25
      - 4164
    Cpb:
    - - None
      - 0.0113
      - 0.1808
    - - None
      - 0.06475
      - 1.036
    Cpc:
    - - 0.0
      - 0.0
      - 0.0
    - - 0.0
      - 0.0
      - 0.0
    Cpd:
    - - 0.0
      - 0.0
      - 0.0
    - - 0.0
      - 0.0
      - 0.0
    Cpe:
    - &id002
      - 0
      - 0
      - 1
    - *id002
    K:
    - - None
      - 2500
      - 40000
    - - 1e8
      - 1189
      - 1189
    eps:
    - - None
      - 0.235
      - 1.0
    - - 0.94
      - 0.235
      - 1.0
    ka:
    - - None
      - 0.078
      - 1.248
    - - None
      - 0.023725
      - 0.3796
    kb:
    - - None
      - 1.1013e-05
      - 0.0001762
    - - None
      - 7.075e-05
      - 0.001132
    kc:
    - - 0.0
      - 0.0
      - 0.0
    - - 0.0
      - 0.0
      - 0.0
    kd:
    - - 0.0
      - 0.0
      - 0.0
    - - 0.0
      - 0.0
      - 0.0
    ke:
    - &id003
      - 0
      - 0
      - 1
    - *id003
    nO2:
    - - 0
      - 0
      - 1
    - - 0
      - 1189
      - 1189
    phases:
    - virgin
    - char
    rho:
    - - 1683
      - 1189
      - 1189
    - - 1235
      - 1189
      - 1189
  processParams:
    maxProcesses: 4
    multiprocess: true
  reactionParams:
    A:
    - - None
      - 2.106e12
      - 2.574e12
    - - None
      - 6.75e13
      - 8.25e13
    E:
    - - None
      - 1.629e5
      - 1.991e5
    - - None
      - 1.737e5
      - 2.123e5
    Hp:
    - - None
      - 2.5e4
      - 4e5
    - - None
      - 5e4
      - 8e5
    Xi:
    - - None
      - 0.675
      - 0.825
    - - None
      - 0.45
      - 0.55
    n:
    - - None
      - 0.9
      - 1.1
    - - None
      - 1.35
      - 1.65
    nO2:
    - &id004
      - 0
      - 0
      - 1
    - *id004
    prodState:
    - 1
    - 1
    reacState:
    - 0
    - 0
    typeState:
    - 3
    - 3
  reinitializeComplex: false
  restart: false
  resultsDir: ../../../results/multiReactionCharring/hybrid/
  systemDir: D:\workspace\JENSENHUGHES\optimization\sourceCode\optimizationpython\src
  tga:
    activePhaseVars:
    - C0
    - rho
    activeReactionVars:
    - A
    - E
    - n
    tgaO2: None
    tgaOpt: 1
    weight: 1.0
  thermalPropertyUnits: K
  virtualExperiment: false
Loop	t (s)	Error Min	Error Max	ErrorRel	Comp	Samples
0		198.69	1.108e-03	1.433e-01	1.000e+00	21	861
1		405.80	1.108e-03	1.412e-01	1.000e+00	21	861
2		627.90	1.108e-03	1.498e-01	1.000e+00	21	861
3		863.53	1.108e-03	1.133e-01	1.000e+00	21	861
4		1100.03	1.108e-03	1.241e-01	1.000e+00	21	861
5		1336.56	8.951e-04	1.506e-01	1.000e+00	21	861
6		1591.23	8.951e-04	1.506e-01	1.000e+00	21	861
7		1846.48	8.786e-04	1.398e-01	1.000e+00	21	861
8		2105.83	3.770e-04	1.436e-01	1.000e+00	21	861
9		2358.72	3.770e-04	1.338e-01	1.000e+00	21	861
10		2617.08	3.759e-04	1.349e-01	1.000e+00	21	861
11		2876.83	2.531e-04	1.518e-01	1.000e+00	21	861
12		3135.58	1.399e-04	1.575e-01	1.000e+00	21	861
13		3395.65	1.380e-04	1.575e-01	1.000e+00	21	861
14		3652.28	1.094e-04	1.677e-01	1.000e+00	21	861
15		3913.07	1.016e-04	1.634e-01	1.000e+00	21	861
16		4173.81	9.257e-05	1.286e-01	1.015e-03	21	861
17		4429.53	9.026e-05	1.561e-01	1.018e-03	21	861
18		4692.39	8.782e-05	1.561e-01	1.020e-03	21	861
19		4952.24	8.665e-05	1.259e-01	1.021e-03	21	861
20		5205.67	8.614e-05	1.481e-01	8.089e-04	21	861
21		5463.33	8.564e-05	1.611e-01	8.094e-04	21	861
22		5715.99	8.561e-05	1.443e-01	7.930e-04	21	861
23		5967.46	8.536e-05	1.690e-01	2.916e-04	21	861
24		6222.05	8.536e-05	1.215e-01	2.916e-04	21	861
25		6478.11	8.536e-05	1.493e-01	2.906e-04	21	861
26		6727.12	8.531e-05	1.638e-01	1.678e-04	21	861
27		6986.89	8.531e-05	1.320e-01	5.461e-05	21	861
28		7241.32	8.531e-05	1.269e-01	5.266e-05	21	861
29		7492.23	8.531e-05	1.321e-01	2.407e-05	21	861
30		7747.01	8.531e-05	1.514e-01	1.633e-05	21	861
31		7998.24	8.531e-05	1.514e-01	7.254e-06	21	861
32		8247.17	8.531e-05	1.446e-01	4.943e-06	21	861
33		8500.83	8.531e-05	1.495e-01	2.505e-06	21	861
34		8756.46	8.531e-05	1.495e-01	1.337e-06	21	861
35		9012.28	8.531e-05	1.314e-01	8.291e-07	21	861
36		9266.31	8.531e-05	1.233e-01	3.305e-07	21	861
37		9517.17	8.531e-05	1.476e-01	2.983e-07	21	861
38		9772.69	8.531e-05	1.177e-01	4.415e-08	21	861
39		10034.89	8.531e-05	1.612e-01	4.415e-08	21	861
40		10290.73	8.531e-05	1.549e-01	4.415e-08	21	861
41		10545.68	8.531e-05	1.261e-01	0.000e+00	21	861
42		10798.01	8.531e-05	1.512e-01	0.000e+00	21	861
43		11054.27	8.531e-05	1.570e-01	0.000e+00	21	861
44		11310.33	8.531e-05	1.514e-01	0.000e+00	21	861
45		11564.62	8.531e-05	1.498e-01	0.000e+00	21	861
46		11821.66	8.531e-05	1.498e-01	0.000e+00	21	861
47		12077.26	8.531e-05	1.345e-01	0.000e+00	21	861
48		12330.79	8.531e-05	1.587e-01	0.000e+00	21	861
49		12584.04	8.531e-05	1.410e-01	0.000e+00	21	861
50		12838.61	8.531e-05	1.417e-01	0.000e+00	21	861
51		13090.62	8.531e-05	1.271e-01	0.000e+00	21	861
52		13343.16	8.531e-05	1.279e-01	0.000e+00	21	861
53		13595.32	8.531e-05	1.633e-01	0.000e+00	21	861
54		13849.27	8.531e-05	1.189e-01	0.000e+00	21	861
55		14097.24	8.531e-05	1.488e-01	0.000e+00	21	861
56		14346.68	8.531e-05	1.232e-01	0.000e+00	21	861
57		14601.02	8.531e-05	1.558e-01	0.000e+00	21	861
58		14846.75	8.531e-05	1.546e-01	0.000e+00	21	861
59		15096.59	8.531e-05	1.214e-01	0.000e+00	21	861
60		15351.31	8.531e-05	1.260e-01	0.000e+00	21	861
61		15605.66	8.531e-05	1.481e-01	0.000e+00	21	861
62		15863.10	8.531e-05	1.575e-01	0.000e+00	21	861
63		16121.54	8.531e-05	1.575e-01	0.000e+00	21	861
64		16380.99	8.531e-05	1.673e-01	0.000e+00	21	861
65		16627.62	8.531e-05	1.555e-01	0.000e+00	21	861
66		16886.40	8.531e-05	1.182e-01	0.000e+00	21	861
67		17139.45	8.531e-05	1.508e-01	0.000e+00	21	861
68		17392.10	8.531e-05	1.421e-01	0.000e+00	21	861
69		17648.64	8.531e-05	1.280e-01	0.000e+00	21	861
70		17902.09	8.531e-05	1.535e-01	0.000e+00	21	861
71		18156.62	8.531e-05	1.355e-01	0.000e+00	21	861
72		18406.46	8.531e-05	1.340e-01	0.000e+00	21	861
73		18667.49	8.531e-05	1.423e-01	0.000e+00	21	861
74		18923.73	8.531e-05	1.524e-01	0.000e+00	21	861
75		19179.68	8.531e-05	1.524e-01	0.000e+00	21	861
76		19442.46	8.531e-05	1.657e-01	0.000e+00	21	861
77		19699.83	8.531e-05	1.456e-01	0.000e+00	21	861
78		19962.00	8.531e-05	1.374e-01	0.000e+00	21	861
79		20220.97	8.531e-05	1.500e-01	0.000e+00	21	861
80		20477.02	8.531e-05	1.591e-01	0.000e+00	21	861
81		20737.38	8.531e-05	1.570e-01	0.000e+00	21	861
82		20999.17	8.531e-05	1.301e-01	0.000e+00	21	861
83		21254.39	8.531e-05	1.399e-01	0.000e+00	21	861
84		21513.16	8.531e-05	1.233e-01	0.000e+00	21	861
85		21765.71	8.220e-05	1.469e-01	3.109e-06	21	861
86		22024.74	8.220e-05	1.667e-01	3.109e-06	21	861
87		22284.98	8.220e-05	1.516e-01	3.109e-06	21	861
88		22544.05	8.095e-05	1.653e-01	4.362e-06	21	861
89		22801.59	7.145e-05	1.633e-01	1.386e-05	21	861
90		23054.57	7.145e-05	1.419e-01	1.386e-05	21	861
91		23307.13	7.145e-05	1.681e-01	1.386e-05	21	861
92		23563.38	7.145e-05	1.119e-01	1.386e-05	21	861
93		23829.58	6.696e-05	1.469e-01	1.835e-05	21	861
94		24081.93	4.720e-05	1.478e-01	3.811e-05	21	861
95		24330.35	2.606e-05	1.260e-01	5.925e-05	21	861
96		24581.18	1.984e-05	1.175e-01	6.547e-05	21	861
97		24818.98	1.823e-05	1.262e-01	6.709e-05	21	861
98		25060.30	1.758e-05	1.239e-01	6.773e-05	21	861
99		25306.44	1.629e-05	1.326e-01	6.902e-05	21	861
100		25549.23	1.526e-05	1.239e-01	6.695e-05	21	861
101		25793.85	1.453e-05	1.239e-01	6.768e-05	21	861
102		26040.98	1.453e-05	1.318e-01	6.768e-05	21	861
103		26283.10	1.426e-05	1.269e-01	6.669e-05	21	861
104		26534.60	1.426e-05	1.176e-01	5.719e-05	21	861
105		26786.49	1.426e-05	1.208e-01	5.719e-05	21	861
106		27036.85	1.426e-05	1.134e-01	5.719e-05	21	861
107		27285.27	1.426e-05	1.217e-01	5.719e-05	21	861
108		27535.88	1.314e-05	1.200e-01	5.382e-05	21	861
109		27797.52	1.314e-05	1.324e-01	3.406e-05	21	861
110		28051.83	1.314e-05	1.261e-01	1.292e-05	21	861
111		28294.82	1.302e-05	1.121e-01	6.816e-06	21	861
112		28537.65	1.302e-05	1.214e-01	5.203e-06	21	861
113		28790.18	1.302e-05	1.394e-01	4.559e-06	21	861
114		29043.11	1.302e-05	1.406e-01	3.265e-06	21	861
115		29283.74	1.302e-05	1.290e-01	2.233e-06	21	861
116		29527.97	1.302e-05	1.255e-01	1.503e-06	21	861
117		29780.50	1.302e-05	1.563e-01	1.503e-06	21	861
118		30035.44	1.302e-05	1.600e-01	1.237e-06	21	861
119		30286.61	1.302e-05	1.370e-01	1.237e-06	21	861
120		30535.61	1.302e-05	1.384e-01	1.237e-06	21	861
121		30783.37	1.302e-05	1.264e-01	1.237e-06	21	861
122		31027.92	1.302e-05	1.118e-01	1.237e-06	21	861
123		31267.53	1.302e-05	1.360e-01	1.122e-07	21	861
124		31504.43	1.302e-05	1.170e-01	1.122e-07	21	861
125		31741.54	1.302e-05	1.210e-01	1.122e-07	21	861
126		31974.46	1.302e-05	1.118e-01	0.000e+00	21	861
127		32207.39	1.302e-05	1.278e-01	0.000e+00	21	861
128		32450.63	1.302e-05	1.118e-01	0.000e+00	21	861
129		32688.46	1.302e-05	1.588e-01	0.000e+00	21	861
130		32930.01	1.302e-05	1.588e-01	0.000e+00	21	861
131		33162.65	1.302e-05	1.393e-01	0.000e+00	21	861
132		33413.98	1.302e-05	1.393e-01	0.000e+00	21	861
133		33667.36	1.302e-05	1.387e-01	0.000e+00	21	861
134		33912.61	1.302e-05	1.624e-01	0.000e+00	21	861
135		34158.72	1.302e-05	1.218e-01	0.000e+00	21	861
136		34402.25	1.302e-05	1.450e-01	0.000e+00	21	861
137		34642.75	1.244e-05	1.117e-01	5.804e-07	21	861
138		34891.72	1.244e-05	1.408e-01	5.804e-07	21	861
139		35136.06	1.244e-05	1.149e-01	5.804e-07	21	861
140		35380.38	1.244e-05	1.118e-01	5.804e-07	21	861
141		35621.94	1.244e-05	1.118e-01	5.804e-07	21	861
142		35883.83	1.244e-05	1.118e-01	5.899e-07	21	861
143		36144.53	1.224e-05	1.422e-01	7.871e-07	21	861
144		36396.46	1.202e-05	1.422e-01	1.010e-06	21	861
145		36658.03	1.194e-05	1.300e-01	1.082e-06	21	861
146		36922.79	1.194e-05	1.141e-01	1.082e-06	21	861
147		37170.56	1.191e-05	1.627e-01	1.112e-06	21	861
148		37430.25	1.187e-05	1.195e-01	1.153e-06	21	861
149		37675.65	1.183e-05	1.178e-01	1.191e-06	21	861
150		37913.98	1.168e-05	1.248e-01	1.341e-06	21	861
151		38151.18	1.168e-05	1.380e-01	1.341e-06	21	861
152		38397.30	1.168e-05	1.118e-01	7.602e-07	21	861
153		38640.42	1.165e-05	1.332e-01	7.952e-07	21	861
154		38882.52	1.165e-05	1.115e-01	7.952e-07	21	861
155		39115.21	1.165e-05	1.498e-01	7.952e-07	21	861
156		39342.11	1.160e-05	1.118e-01	8.420e-07	21	861
157		39508.96	1.130e-05	1.117e-01	1.140e-06	21	861
158		39679.75	1.130e-05	1.118e-01	9.425e-07	21	861
159		39855.00	1.120e-05	1.118e-01	8.175e-07	21	861
160		40032.35	1.119e-05	1.382e-01	7.569e-07	21	861
161		40207.69	1.105e-05	1.317e-01	8.885e-07	21	861
162		40383.65	1.105e-05	1.330e-01	8.592e-07	21	861
163		40556.19	1.105e-05	1.330e-01	8.177e-07	21	861
164		40735.40	1.105e-05	1.117e-01	7.803e-07	21	861
165		40913.87	1.105e-05	1.544e-01	6.304e-07	21	861
166		41089.49	1.105e-05	1.343e-01	6.304e-07	21	861
167		41268.07	1.105e-05	1.343e-01	6.304e-07	21	861
168		41453.86	1.105e-05	1.236e-01	5.954e-07	21	861
169		41629.53	1.083e-05	1.118e-01	8.213e-07	21	861
170		41805.57	1.044e-05	1.117e-01	1.212e-06	21	861
171		41980.62	1.032e-05	1.118e-01	1.280e-06	21	861
172		42154.68	1.001e-05	1.118e-01	1.289e-06	21	861
173		42325.63	1.001e-05	1.182e-01	1.289e-06	21	861
174		42502.63	9.666e-06	1.118e-01	1.532e-06	21	861
175		42679.98	9.580e-06	1.244e-01	1.605e-06	21	861
176		42861.54	9.245e-06	1.154e-01	1.809e-06	21	861
177		43040.14	9.245e-06	1.484e-01	1.809e-06	21	861
178		43229.52	9.242e-06	1.118e-01	1.812e-06	21	861
179		43411.57	9.169e-06	1.118e-01	1.885e-06	21	861
180		43582.92	9.150e-06	1.166e-01	1.904e-06	21	861
181		43759.30	9.150e-06	1.173e-01	1.904e-06	21	861
182		43934.81	9.129e-06	1.137e-01	1.925e-06	21	861
183		44119.95	9.037e-06	1.260e-01	2.017e-06	21	861
184		44310.88	9.037e-06	1.167e-01	1.791e-06	21	861
185		44500.19	8.931e-06	1.185e-01	1.506e-06	21	861
186		44686.09	8.931e-06	1.122e-01	1.391e-06	21	861
187		44866.37	8.931e-06	1.189e-01	1.075e-06	21	861
188		45055.38	8.931e-06	1.243e-01	1.075e-06	21	861
189		45238.98	8.931e-06	1.440e-01	7.344e-07	21	861
190		45416.45	8.931e-06	1.118e-01	6.486e-07	21	861
191		45592.61	8.913e-06	1.118e-01	3.326e-07	21	861
192		45767.47	8.887e-06	1.214e-01	3.585e-07	21	861
193		45942.14	8.887e-06	1.551e-01	3.553e-07	21	861
194		46118.49	8.887e-06	1.490e-01	2.824e-07	21	861
195		46295.95	8.887e-06	1.545e-01	2.637e-07	21	861
196		46469.40	8.887e-06	1.679e-01	2.637e-07	21	861
197		46646.87	8.887e-06	1.271e-01	2.424e-07	21	861
198		46826.04	8.887e-06	1.271e-01	1.503e-07	21	861
199		47014.85	8.887e-06	1.358e-01	1.503e-07	21	861
A	 = 2.37e+12,7.48e+13,
C0	 = 1.0,0.0,
Cpa	 = 1270.3790202725631,2692.71181923187,
Cpb	 = 0.08660539996479359,0.7131388759537745,
E	 = 1.74e+05,1.83e+05,
Hp	 = 140255.39351787308,249845.7425657264,
K	 = 19186.8550057088,100000000.0,
Value	 = 8.886663375636908e-06,
Xi	 = 0.7222870001468018,0.5302383555908158,
eps	 = 0.932827296833048,0.94,
ka	 = 0.36602336238362493,0.16753571116485155,
kb	 = 7.808259715863572e-05,0.0005876209270269377,
n	 = 0.972073482238395,1.4936872567680903,
nO2	 = 0.0,0.0,
rho	 = 1683.0,1235.0,
Results saved to D:\workspace\JENSENHUGHES\optimization\optimizationPaper\config\multiReactionCharring\hybrid\../../../results/multiReactionCharring/hybrid/multiReacLinearTGA_solution.txt
