D:\workspace\JENSENHUGHES\optimization\optimizationPaper\config\multiReactionCharring\3Reactions\2mass\../../../../results/multiReactionCharring/3ReactionscharLinear3Reac2Mass Log file
!!python/object/apply:collections.defaultdict
args:
- &id001 !!python/name:builtins.bool ''
dictitems:
  Duraboard:
    CprampF:
    - 1.0
    - 1.0
    CprampT:
    - 0
    - 5000
    eps: 0.8
    krampF:
    - 0.075932
    - 0.090229
    - 0.104522
    - 0.122143
    - 0.14158
    - 0.163436
    - 0.190738
    - 0.221975
    krampT:
    - 203.035
    - 317.4028
    - 426.9164
    - 536.4182
    - 647.3003
    - 757.4803
    - 867.6409
    - 981.2546
    rho: 258
    thickness: 0.0254
  XiState:
  - unknown
  - unknown
  - unknown
  assumeVolumeConservation: false
  cone:
    Tinit: 25
    activePhaseVars:
    - C0
    - rho
    - ka
    - kb
    - kc
    - kd
    - ke
    - Cpa
    - Cpb
    - Cpc
    - Cpd
    - Cpe
    - eps
    - K
    activeReactionVars:
    - A
    - E
    - n
    - Hp
    - nO2
    - Xi
    allowIgnition: false
    backBoundaryConditions:
      Tamb: 25
      htc: Auto
      type: INSULATED
    frontBoundaryConditions:
      Tamb: 25
      htc: Auto
    ignitionHeatFlux: 20
    ignitionThreshold: 0.0032
    weight: 1.0
  cone1: !!python/object/apply:collections.defaultdict
    args:
    - *id001
    dictitems:
      Tinit: 25
      activePhaseVars:
      - C0
      - rho
      - ka
      - kb
      - kc
      - kd
      - ke
      - Cpa
      - Cpb
      - Cpc
      - Cpd
      - Cpe
      - eps
      - K
      activeReactionVars:
      - A
      - E
      - n
      - Hp
      - nO2
      - Xi
      backBoundaryConditions: !!python/object/apply:collections.defaultdict
        args:
        - *id001
        dictitems:
          Tamb: 25
          htc: Auto
          type: INSULATED
      columns:
      - 1
      depths:
      - 0
      file: ../../../../data/multiReactionCharring/charLinear3ReacNominal25kW_0_cone_Mass.csv
      finalThickness: false
      frontBoundaryConditions: !!python/object/apply:collections.defaultdict
        args:
        - *id001
        dictitems:
          Tamb: 25
          heatFlux: 25
          htc: 15
      ignitionHeatFlux: 20.0
      ignitionThreshold: 0.0032
      initialThickness: 0.008
      names:
      - Mass
      time: 0
      types:
      - 1
      weight: 1.0
      weights:
      - 1
      width1: 0.1016
      width2: 0.1016
  cone2: !!python/object/apply:collections.defaultdict
    args:
    - *id001
    dictitems:
      Tinit: 25
      activePhaseVars:
      - C0
      - rho
      - ka
      - kb
      - kc
      - kd
      - ke
      - Cpa
      - Cpb
      - Cpc
      - Cpd
      - Cpe
      - eps
      - K
      activeReactionVars:
      - A
      - E
      - n
      - Hp
      - nO2
      - Xi
      backBoundaryConditions: !!python/object/apply:collections.defaultdict
        args:
        - *id001
        dictitems:
          Tamb: 25
          htc: Auto
          type: INSULATED
      columns:
      - 1
      depths:
      - 0
      file: ../../../../data/multiReactionCharring/charLinear3ReacNominal50kW_0_cone_Mass.csv
      finalThickness: false
      frontBoundaryConditions: !!python/object/apply:collections.defaultdict
        args:
        - *id001
        dictitems:
          Tamb: 25
          heatFlux: 50
          htc: 15
      ignitionHeatFlux: 20.0
      ignitionThreshold: 0.0032
      initialThickness: 0.008
      names:
      - Mass
      time: 0
      types:
      - 1
      weight: 1.0
      weights:
      - 1
      width1: 0.1016
      width2: 0.1016
  configDir: D:\workspace\JENSENHUGHES\optimization\optimizationPaper\config\multiReactionCharring\3Reactions\2mass\
  dataSources:
    names:
    - cone1
    - cone2
    types:
    - cone
    - cone
  dsc:
    activePhaseVars:
    - C0
    - Cpa
    - Cpb
    - Cpc
    - Cpd
    - Cpe
    activeReactionVars:
    - A
    - E
    - n
    - Hp
    dscO2: None
    weight: 1.0
  fdsPath: C:\Program Files\FDS\FDS6\bin
  keepTemporaryFiles: false
  name: charLinear3Reac2Mass
  optimizeParams:
    absErr: 1e-7
    absRelErr: 5e-7
    elimThresh: 1e-2
    maxIter: 200
    maxTime: 600000
    minIter: 5
    minP: 26
    opAlpha: 51
    opBeta: 1
    opP: 26
    opQ: 26
    opS: 51
    relErr: 1e-12
    relIter: 15
  outputParams:
    saveAllSamples: false
  phaseParams:
    C0:
    - - 1
      - 0
      - 1
    - - 0
      - 1189
      - 1189
    Cpa:
    - - None
      - 270
      - 4320
    - - None
      - 260.25
      - 4164
    Cpb:
    - - None
      - 0.0113
      - 0.1808
    - - None
      - 0.06475
      - 1.036
    Cpc:
    - - 0.0
      - 0.0
      - 0.0
    - - 0.0
      - 0.0
      - 0.0
    Cpd:
    - - 0.0
      - 0.0
      - 0.0
    - - 0.0
      - 0.0
      - 0.0
    Cpe:
    - &id002
      - 0
      - 0
      - 1
    - *id002
    K:
    - - None
      - 2500
      - 40000
    - - 1e8
      - 1189
      - 1189
    eps:
    - - None
      - 0.235
      - 1.0
    - - 0.94
      - 0.235
      - 1.0
    ka:
    - - None
      - 0.078
      - 1.248
    - - None
      - 0.023725
      - 0.3796
    kb:
    - - None
      - 1.1013e-05
      - 0.0001762
    - - None
      - 7.075e-05
      - 0.001132
    kc:
    - - 0.0
      - 0.0
      - 0.0
    - - 0.0
      - 0.0
      - 0.0
    kd:
    - - 0.0
      - 0.0
      - 0.0
    - - 0.0
      - 0.0
      - 0.0
    ke:
    - &id003
      - 0
      - 0
      - 1
    - *id003
    nO2:
    - - 0
      - 0
      - 1
    - - 0
      - 1189
      - 1189
    phases:
    - virgin
    - char
    rho:
    - - 1683
      - 1189
      - 1189
    - - 1235
      - 1189
      - 1189
  processParams:
    maxProcesses: 8
    multiprocess: true
  reactionParams:
    A:
    - - None
      - 5.86e11
      - 9.376e12
    - - None
      - 1.875e13
      - 3e14
    - - None
      - 2.3e12
      - 3.68e13
    E:
    - - None
      - 4.525e4
      - 7.24e5
    - - None
      - 4.825e4
      - 7.72e5
    - - None
      - 4.375e4
      - 7e5
    Hp:
    - - None
      - 2.5e4
      - 4e5
    - - None
      - 5e4
      - 8e5
    - - None
      - 1e5
      - 1.6e6
    Xi:
    - - None
      - 0.1875
      - 1
    - - None
      - 0.125
      - 1
    - - None
      - 0.075
      - 1
    n:
    - - None
      - 0.25
      - 4.0
    - - None
      - 0.375
      - 6.0
    - - None
      - 0.75
      - 12
    nO2:
    - &id004
      - 0
      - 0
      - 1
    - *id004
    - *id004
    prodState:
    - 1
    - 1
    - 1
    reacState:
    - 0
    - 0
    - 0
    typeState:
    - 3
    - 3
    - 3
  reinitializeComplex: false
  restart: false
  resultsDir: ../../../../results/multiReactionCharring/3Reactions
  systemDir: D:\workspace\JENSENHUGHES\optimization\sourceCode\optimizationpython\src
  tga:
    activePhaseVars:
    - C0
    - rho
    activeReactionVars:
    - A
    - E
    - n
    tgaO2: None
    tgaOpt: 1
    weight: 1.0
  thermalPropertyUnits: K
  virtualExperiment: false
Loop	t (s)	Error Min	Error Max	ErrorRel	Comp	Samples
0		271.26	2.297e-03	3.256e-02	1.000e+00	26	1326
1		546.55	2.297e-03	3.479e-02	1.000e+00	26	1326
2		826.30	1.886e-03	3.063e-02	1.000e+00	26	1326
3		1107.02	1.886e-03	2.841e-02	1.000e+00	26	1326
4		1382.69	1.886e-03	2.951e-02	1.000e+00	26	1326
5		1654.94	1.886e-03	2.841e-02	1.000e+00	26	1326
6		1928.50	1.654e-03	3.191e-02	1.000e+00	26	1326
7		2197.81	1.330e-03	2.841e-02	1.000e+00	26	1326
8		2476.30	1.330e-03	2.841e-02	1.000e+00	26	1326
9		2752.25	1.330e-03	2.841e-02	1.000e+00	26	1326
10		3032.23	1.330e-03	3.416e-02	1.000e+00	26	1326
11		3307.41	1.330e-03	2.975e-02	1.000e+00	26	1326
12		3589.77	1.330e-03	2.841e-02	1.000e+00	26	1326
13		3869.21	1.330e-03	2.841e-02	1.000e+00	26	1326
14		4148.74	1.330e-03	3.134e-02	1.000e+00	26	1326
15		4430.09	1.330e-03	3.093e-02	1.000e+00	26	1326
16		4705.32	1.330e-03	3.106e-02	9.669e-04	26	1326
17		4985.68	1.330e-03	3.106e-02	5.565e-04	26	1326
18		5263.46	1.330e-03	3.095e-02	5.565e-04	26	1326
19		5541.35	1.330e-03	2.951e-02	5.565e-04	26	1326
20		5820.21	1.330e-03	3.308e-02	5.565e-04	26	1326
21		6099.99	1.330e-03	3.308e-02	3.244e-04	26	1326
22		6376.90	1.330e-03	3.203e-02	0.000e+00	26	1326
23		6651.06	1.330e-03	3.539e-02	0.000e+00	26	1326
24		6928.01	1.330e-03	3.248e-02	0.000e+00	26	1326
25		7205.12	1.330e-03	2.898e-02	0.000e+00	26	1326
26		7483.55	1.330e-03	3.443e-02	0.000e+00	26	1326
27		7764.90	1.120e-03	3.007e-02	2.101e-04	26	1326
28		8039.81	8.869e-04	2.886e-02	4.427e-04	26	1326
29		8320.87	8.869e-04	2.960e-02	4.427e-04	26	1326
30		8599.14	8.869e-04	2.841e-02	4.427e-04	26	1326
31		8875.84	8.869e-04	3.076e-02	4.427e-04	26	1326
32		9156.44	8.869e-04	3.357e-02	4.427e-04	26	1326
33		9436.49	8.869e-04	3.534e-02	4.427e-04	26	1326
34		9716.98	8.869e-04	3.534e-02	4.427e-04	26	1326
35		9997.86	8.869e-04	3.359e-02	4.427e-04	26	1326
36		10276.67	8.869e-04	3.219e-02	4.427e-04	26	1326
37		10560.42	8.869e-04	3.219e-02	4.427e-04	26	1326
38		10837.72	8.869e-04	3.050e-02	4.427e-04	26	1326
39		11114.28	8.869e-04	3.084e-02	4.427e-04	26	1326
40		11389.09	8.869e-04	3.188e-02	4.427e-04	26	1326
41		11667.47	8.869e-04	3.188e-02	4.427e-04	26	1326
42		11944.58	8.869e-04	3.057e-02	2.326e-04	26	1326
43		12222.47	8.869e-04	3.342e-02	0.000e+00	26	1326
44		12502.87	8.869e-04	3.342e-02	0.000e+00	26	1326
45		12780.42	8.869e-04	2.915e-02	0.000e+00	26	1326
46		13066.46	8.869e-04	2.915e-02	0.000e+00	26	1326
47		13345.48	8.869e-04	3.196e-02	0.000e+00	26	1326
48		13629.22	8.869e-04	2.841e-02	0.000e+00	26	1326
49		13915.03	8.869e-04	2.982e-02	0.000e+00	26	1326
50		14191.20	8.869e-04	2.866e-02	0.000e+00	26	1326
51		14475.92	8.869e-04	2.866e-02	0.000e+00	26	1326
52		14757.81	8.869e-04	3.525e-02	0.000e+00	26	1326
53		15037.10	8.869e-04	3.060e-02	0.000e+00	26	1326
54		15315.73	8.869e-04	2.842e-02	0.000e+00	26	1326
55		15589.35	8.869e-04	3.080e-02	0.000e+00	26	1326
56		15862.91	8.869e-04	3.262e-02	0.000e+00	26	1326
57		16138.21	8.784e-04	3.262e-02	8.534e-06	26	1326
58		16414.14	8.784e-04	3.048e-02	8.534e-06	26	1326
59		16688.70	8.052e-04	3.282e-02	8.168e-05	26	1326
60		16965.51	8.052e-04	3.301e-02	8.168e-05	26	1326
61		17242.50	8.052e-04	2.988e-02	8.168e-05	26	1326
62		17520.17	8.052e-04	3.621e-02	8.168e-05	26	1326
63		17801.40	8.052e-04	3.621e-02	8.168e-05	26	1326
64		18083.04	8.052e-04	2.841e-02	8.168e-05	26	1326
65		18365.61	8.052e-04	3.286e-02	8.168e-05	26	1326
66		18646.88	8.052e-04	3.286e-02	8.168e-05	26	1326
67		18927.49	8.052e-04	2.841e-02	8.168e-05	26	1326
68		19207.94	8.052e-04	3.695e-02	8.168e-05	26	1326
69		19485.00	8.052e-04	3.695e-02	8.168e-05	26	1326
70		19767.02	8.052e-04	2.981e-02	8.168e-05	26	1326
71		20049.36	8.052e-04	2.841e-02	8.168e-05	26	1326
72		20331.82	8.052e-04	3.663e-02	7.314e-05	26	1326
73		20615.63	8.052e-04	2.841e-02	7.314e-05	26	1326
74		20898.49	8.052e-04	2.841e-02	0.000e+00	26	1326
75		21181.36	8.052e-04	2.841e-02	0.000e+00	26	1326
76		21464.85	8.052e-04	2.841e-02	0.000e+00	26	1326
77		21744.49	8.052e-04	3.512e-02	0.000e+00	26	1326
78		22027.74	8.052e-04	3.631e-02	0.000e+00	26	1326
79		22307.72	8.052e-04	3.206e-02	0.000e+00	26	1326
80		22589.14	8.052e-04	3.407e-02	0.000e+00	26	1326
81		22874.25	8.052e-04	2.841e-02	0.000e+00	26	1326
82		23157.90	8.052e-04	3.068e-02	0.000e+00	26	1326
83		23442.61	8.052e-04	3.373e-02	0.000e+00	26	1326
84		23726.60	8.052e-04	3.072e-02	0.000e+00	26	1326
85		24002.32	8.052e-04	2.841e-02	0.000e+00	26	1326
86		24283.24	8.052e-04	3.310e-02	0.000e+00	26	1326
87		24558.34	8.052e-04	2.841e-02	0.000e+00	26	1326
88		24839.88	8.052e-04	2.841e-02	0.000e+00	26	1326
89		25122.90	8.052e-04	2.841e-02	0.000e+00	26	1326
90		25404.21	8.052e-04	3.412e-02	0.000e+00	26	1326
91		25685.13	8.052e-04	3.231e-02	0.000e+00	26	1326
92		25962.83	8.052e-04	2.841e-02	0.000e+00	26	1326
93		26255.21	8.052e-04	3.566e-02	0.000e+00	26	1326
94		26549.96	8.052e-04	2.841e-02	0.000e+00	26	1326
95		26837.14	8.052e-04	3.486e-02	0.000e+00	26	1326
96		27131.31	8.052e-04	3.109e-02	0.000e+00	26	1326
97		27418.23	8.052e-04	2.936e-02	0.000e+00	26	1326
98		27707.79	8.052e-04	3.117e-02	0.000e+00	26	1326
99		28003.46	8.052e-04	3.039e-02	0.000e+00	26	1326
100		28309.57	8.052e-04	2.925e-02	0.000e+00	26	1326
101		28616.96	8.052e-04	2.841e-02	0.000e+00	26	1326
102		28921.55	8.052e-04	3.057e-02	0.000e+00	26	1326
103		29224.99	8.052e-04	2.985e-02	0.000e+00	26	1326
104		29533.45	8.052e-04	2.841e-02	0.000e+00	26	1326
105		29840.38	8.052e-04	3.573e-02	0.000e+00	26	1326
106		30140.67	8.052e-04	3.022e-02	0.000e+00	26	1326
107		30455.65	8.052e-04	2.907e-02	0.000e+00	26	1326
108		30745.88	8.052e-04	3.068e-02	0.000e+00	26	1326
109		31049.19	8.052e-04	2.841e-02	0.000e+00	26	1326
110		31373.04	8.052e-04	3.411e-02	0.000e+00	26	1326
111		31698.24	8.052e-04	2.841e-02	0.000e+00	26	1326
112		32019.60	8.052e-04	2.923e-02	0.000e+00	26	1326
113		32339.18	8.052e-04	2.865e-02	0.000e+00	26	1326
114		32664.36	8.052e-04	3.416e-02	0.000e+00	26	1326
115		32986.87	8.052e-04	3.614e-02	0.000e+00	26	1326
116		33312.76	8.052e-04	2.935e-02	0.000e+00	26	1326
117		33640.00	8.052e-04	2.918e-02	0.000e+00	26	1326
118		33965.81	8.052e-04	3.678e-02	0.000e+00	26	1326
119		34290.62	8.052e-04	2.925e-02	0.000e+00	26	1326
120		34610.86	8.052e-04	2.841e-02	0.000e+00	26	1326
121		34922.50	8.052e-04	3.059e-02	0.000e+00	26	1326
122		35244.16	8.052e-04	2.841e-02	0.000e+00	26	1326
123		35575.10	8.052e-04	3.074e-02	0.000e+00	26	1326
124		35906.71	8.052e-04	3.371e-02	0.000e+00	26	1326
125		36238.43	8.052e-04	3.725e-02	0.000e+00	26	1326
126		36564.31	8.052e-04	2.841e-02	0.000e+00	26	1326
127		36897.17	8.052e-04	2.841e-02	0.000e+00	26	1326
128		37214.71	8.052e-04	3.296e-02	0.000e+00	26	1326
129		37539.94	8.052e-04	3.296e-02	0.000e+00	26	1326
130		37869.35	8.052e-04	3.370e-02	0.000e+00	26	1326
131		38186.65	8.052e-04	3.352e-02	0.000e+00	26	1326
132		38505.60	8.052e-04	2.993e-02	0.000e+00	26	1326
133		38827.13	8.052e-04	3.630e-02	0.000e+00	26	1326
134		39147.00	8.052e-04	2.841e-02	0.000e+00	26	1326
135		39467.30	8.052e-04	2.841e-02	0.000e+00	26	1326
136		39795.51	8.052e-04	3.481e-02	0.000e+00	26	1326
137		40122.80	8.052e-04	2.957e-02	0.000e+00	26	1326
138		40455.98	8.052e-04	2.841e-02	0.000e+00	26	1326
139		40784.21	8.052e-04	3.704e-02	0.000e+00	26	1326
140		41110.38	8.052e-04	3.094e-02	0.000e+00	26	1326
141		41438.75	8.052e-04	3.042e-02	0.000e+00	26	1326
142		41763.26	8.052e-04	3.145e-02	0.000e+00	26	1326
143		42085.73	8.052e-04	3.145e-02	0.000e+00	26	1326
144		42408.30	8.052e-04	3.535e-02	0.000e+00	26	1326
145		42731.80	8.052e-04	3.172e-02	0.000e+00	26	1326
146		43057.58	8.052e-04	3.132e-02	0.000e+00	26	1326
147		43376.97	8.052e-04	3.266e-02	0.000e+00	26	1326
148		43713.25	8.052e-04	2.841e-02	0.000e+00	26	1326
149		44045.76	8.052e-04	3.614e-02	0.000e+00	26	1326
150		44372.44	8.052e-04	3.536e-02	0.000e+00	26	1326
151		44700.05	8.052e-04	3.342e-02	0.000e+00	26	1326
152		45032.26	8.052e-04	3.342e-02	0.000e+00	26	1326
153		45355.40	8.052e-04	2.898e-02	0.000e+00	26	1326
154		45669.96	8.052e-04	2.841e-02	0.000e+00	26	1326
155		45993.53	8.052e-04	2.841e-02	0.000e+00	26	1326
156		46315.79	8.052e-04	2.877e-02	0.000e+00	26	1326
157		46640.77	8.052e-04	3.332e-02	0.000e+00	26	1326
158		46945.70	8.052e-04	3.198e-02	0.000e+00	26	1326
159		47234.16	8.052e-04	2.853e-02	0.000e+00	26	1326
160		47519.63	8.052e-04	3.313e-02	0.000e+00	26	1326
161		47809.11	8.052e-04	3.313e-02	0.000e+00	26	1326
162		48096.39	8.052e-04	3.220e-02	0.000e+00	26	1326
163		48382.05	8.052e-04	3.220e-02	0.000e+00	26	1326
164		48666.49	8.052e-04	3.220e-02	0.000e+00	26	1326
165		48956.19	8.052e-04	2.912e-02	0.000e+00	26	1326
166		49239.41	8.052e-04	3.231e-02	0.000e+00	26	1326
167		49523.51	8.052e-04	3.147e-02	0.000e+00	26	1326
168		49806.60	8.052e-04	3.457e-02	0.000e+00	26	1326
169		50086.08	8.052e-04	3.335e-02	0.000e+00	26	1326
170		50369.92	8.052e-04	2.984e-02	0.000e+00	26	1326
171		50648.56	8.052e-04	2.841e-02	0.000e+00	26	1326
172		50937.43	8.052e-04	2.841e-02	0.000e+00	26	1326
173		51224.52	8.052e-04	3.091e-02	0.000e+00	26	1326
174		51510.03	8.052e-04	3.317e-02	0.000e+00	26	1326
175		51792.84	8.052e-04	3.701e-02	0.000e+00	26	1326
176		52082.97	8.052e-04	3.701e-02	0.000e+00	26	1326
177		52365.25	8.052e-04	3.006e-02	0.000e+00	26	1326
178		52654.39	8.052e-04	3.115e-02	0.000e+00	26	1326
179		52939.95	8.052e-04	2.888e-02	0.000e+00	26	1326
180		53225.34	8.052e-04	2.841e-02	0.000e+00	26	1326
181		53509.84	8.052e-04	2.898e-02	0.000e+00	26	1326
182		53795.23	8.052e-04	2.880e-02	0.000e+00	26	1326
183		54075.65	8.052e-04	2.841e-02	0.000e+00	26	1326
184		54363.69	8.052e-04	3.230e-02	0.000e+00	26	1326
185		54652.26	8.052e-04	2.860e-02	0.000e+00	26	1326
186		54939.43	8.052e-04	3.408e-02	0.000e+00	26	1326
187		55219.46	8.052e-04	3.408e-02	0.000e+00	26	1326
188		55503.99	8.052e-04	3.096e-02	0.000e+00	26	1326
189		55790.56	8.052e-04	3.394e-02	0.000e+00	26	1326
190		56078.47	8.052e-04	3.209e-02	0.000e+00	26	1326
191		56370.18	8.052e-04	2.841e-02	0.000e+00	26	1326
192		56658.99	8.052e-04	3.799e-02	0.000e+00	26	1326
193		56949.58	8.052e-04	3.280e-02	0.000e+00	26	1326
194		57239.69	8.052e-04	3.111e-02	0.000e+00	26	1326
195		57528.30	8.052e-04	2.841e-02	0.000e+00	26	1326
196		57817.88	8.052e-04	2.841e-02	0.000e+00	26	1326
197		58105.71	8.052e-04	2.841e-02	0.000e+00	26	1326
198		58394.23	8.052e-04	2.878e-02	0.000e+00	26	1326
199		58681.18	8.052e-04	2.841e-02	0.000e+00	26	1326
A	 = 3.88e+12,9.95e+13,1.32e+13,
C0	 = 1.0,0.0,
Cpa	 = 1506.7845078188523,2638.3051014162506,
Cpb	 = 0.09294259851165523,0.5436823462762468,
E	 = 1.56e+05,1.49e+05,2.85e+05,
Hp	 = 272682.04094961577,473951.8093747279,831263.866686454,
K	 = 19298.56256172178,100000000.0,
Value	 = 0.0008052397334503619,
Xi	 = 0.498074999014984,0.4365266736803809,0.48859343360134266,
eps	 = 0.7046423108696742,0.94,
ka	 = 0.40604069410711074,0.16707434319306194,
kb	 = 7.127091159259057e-05,0.00047785583262650595,
n	 = 2.0200491410760177,2.709589861506955,7.2946553444013436,
nO2	 = 0.0,0.0,0.0,
rho	 = 1683.0,1235.0,
Results saved to D:\workspace\JENSENHUGHES\optimization\optimizationPaper\config\multiReactionCharring\3Reactions\2mass\../../../../results/multiReactionCharring/3ReactionscharLinear3Reac2Mass_solution.txt
