C:\Users\Fyang\Workspace\optimization\optimizationPaper\config\multiReactionCharring\3Reactions\1mass_TGA_DSC\../../../../results/multiReactionCharring/3Reactions/charLinear3ReacTGADSC Log file
!!python/object/apply:collections.defaultdict
args:
- &id001 !!python/name:builtins.bool ''
dictitems:
  Duraboard:
    CprampF:
    - 1.0
    - 1.0
    CprampT:
    - 0
    - 5000
    eps: 0.8
    krampF:
    - 0.075932
    - 0.090229
    - 0.104522
    - 0.122143
    - 0.14158
    - 0.163436
    - 0.190738
    - 0.221975
    krampT:
    - 203.035
    - 317.4028
    - 426.9164
    - 536.4182
    - 647.3003
    - 757.4803
    - 867.6409
    - 981.2546
    rho: 258
    thickness: 0.0254
  XiState:
  - unknown
  - unknown
  - unknown
  assumeVolumeConservation: false
  cone:
    Tinit: 25
    activePhaseVars:
    - C0
    - rho
    - ka
    - kb
    - kc
    - kd
    - ke
    - Cpa
    - Cpb
    - Cpc
    - Cpd
    - Cpe
    - eps
    - K
    activeReactionVars:
    - A
    - E
    - n
    - Hp
    - nO2
    - Xi
    allowIgnition: false
    backBoundaryConditions:
      Tamb: 25
      htc: Auto
      type: INSULATED
    frontBoundaryConditions:
      Tamb: 25
      htc: Auto
    ignitionHeatFlux: 20
    ignitionThreshold: 0.0032
    weight: 1.0
  cone1: !!python/object/apply:collections.defaultdict
    args:
    - *id001
    dictitems:
      Tinit: 25
      activePhaseVars:
      - C0
      - rho
      - ka
      - kb
      - kc
      - kd
      - ke
      - Cpa
      - Cpb
      - Cpc
      - Cpd
      - Cpe
      - eps
      - K
      activeReactionVars:
      - A
      - E
      - n
      - Hp
      - nO2
      - Xi
      backBoundaryConditions: !!python/object/apply:collections.defaultdict
        args:
        - *id001
        dictitems:
          Tamb: 25
          htc: Auto
          type: INSULATED
      columns:
      - 1
      depths:
      - 0
      file: ../../../../data/multiReactionCharring/charLinear3ReacNominal25kW_0_cone_Mass.csv
      finalThickness: false
      frontBoundaryConditions: !!python/object/apply:collections.defaultdict
        args:
        - *id001
        dictitems:
          Tamb: 25
          heatFlux: 25
          htc: 15
      ignitionHeatFlux: 20.0
      ignitionThreshold: 0.0032
      initialThickness: 0.008
      names:
      - Mass
      time: 0
      types:
      - 1
      weight: 1.0
      weights:
      - 1
      width1: 0.1016
      width2: 0.1016
  configDir: C:\Users\Fyang\Workspace\optimization\optimizationPaper\config\multiReactionCharring\3Reactions\1mass_TGA_DSC\
  dataSources:
    names:
    - cone1
    types:
    - cone
  dsc:
    activePhaseVars:
    - C0
    - Cpa
    - Cpb
    - Cpc
    - Cpd
    - Cpe
    activeReactionVars:
    - A
    - E
    - n
    - Hp
    dscO2: None
    weight: 1.0
  fdsPath: C:\Program Files\FDS\FDS6\bin
  keepTemporaryFiles: false
  name: charLinear3ReacTGADSC
  optimizeParams:
    absErr: 1e-7
    absRelErr: 5e-7
    elimThresh: 1e-2
    maxIter: 200
    maxTime: 600000
    minIter: 5
    minP: 26
    opAlpha: 51
    opBeta: 1
    opP: 26
    opQ: 26
    opS: 51
    relErr: 1e-12
    relIter: 15
  outputParams:
    saveAllSamples: false
  phaseParams:
    C0:
    - - 1
      - 0
      - 1
    - - 0
      - 1189
      - 1189
    Cpa:
    - - None
      - 972
      - 1188
    - - None
      - 260.25
      - 4164
    Cpb:
    - - None
      - 0.04068
      - 0.04972
    - - None
      - 0.06475
      - 1.036
    Cpc:
    - - 0.0
      - 0.0
      - 0.0
    - - 0.0
      - 0.0
      - 0.0
    Cpd:
    - - 0.0
      - 0.0
      - 0.0
    - - 0.0
      - 0.0
      - 0.0
    Cpe:
    - &id002
      - 0
      - 0
      - 1
    - *id002
    K:
    - - None
      - 2500
      - 40000
    - - 1e8
      - 1189
      - 1189
    eps:
    - - None
      - 0.235
      - 1.0
    - - 0.94
      - 0.235
      - 1.0
    ka:
    - - None
      - 0.078
      - 1.248
    - - None
      - 0.023725
      - 0.3796
    kb:
    - - None
      - 1.1013e-05
      - 0.0001762
    - - None
      - 7.075e-05
      - 0.001132
    kc:
    - - 0.0
      - 0.0
      - 0.0
    - - 0.0
      - 0.0
      - 0.0
    kd:
    - - 0.0
      - 0.0
      - 0.0
    - - 0.0
      - 0.0
      - 0.0
    ke:
    - &id003
      - 0
      - 0
      - 1
    - *id003
    nO2:
    - - 0
      - 0
      - 1
    - - 0
      - 1189
      - 1189
    phases:
    - virgin
    - char
    rho:
    - - 1683
      - 1189
      - 1189
    - - 1235
      - 1189
      - 1189
  processParams:
    maxProcesses: 4
    multiprocess: true
  reactionParams:
    A:
    - - None
      - 2.106e12
      - 2.574e12
    - - None
      - 6.75e13
      - 8.25e13
    - - None
      - 8.28e12
      - 1.012e13
    E:
    - - None
      - 1.629e5
      - 1.991e5
    - - None
      - 1.737e5
      - 2.123e5
    - - None
      - 1.575e5
      - 1.925e5
    Hp:
    - - None
      - 2.5e4
      - 4e5
    - - None
      - 5e4
      - 8e5
    - - None
      - 360000
      - 440000
    Xi:
    - - None
      - 0.675
      - 0.825
    - - None
      - 0.45
      - 0.55
    - - None
      - 0.27
      - 0.33
    n:
    - - None
      - 0.9
      - 1.1
    - - None
      - 1.35
      - 1.65
    - - None
      - 2.7
      - 3.3
    nO2:
    - &id004
      - 0
      - 0
      - 1
    - *id004
    - *id004
    prodState:
    - 1
    - 1
    - 1
    reacState:
    - 0
    - 0
    - 0
    typeState:
    - 3
    - 3
    - 3
  reinitializeComplex: false
  restart: false
  resultsDir: ../../../../results/multiReactionCharring/3Reactions/
  systemDir: C:\Users\Fyang\Workspace\optimization\sourceCode\optimizationpython\src
  tga:
    activePhaseVars:
    - C0
    - rho
    activeReactionVars:
    - A
    - E
    - n
    tgaO2: None
    tgaOpt: 1
    weight: 1.0
  thermalPropertyUnits: K
  virtualExperiment: false
Loop	t (s)	Error Min	Error Max	ErrorRel	Comp	Samples
0		210.86	2.582e-04	1.142e-02	1.000e+00	26	1326
1		453.51	1.910e-04	1.142e-02	1.000e+00	26	1326
2		732.46	1.910e-04	1.142e-02	1.000e+00	26	1326
3		1047.61	1.300e-04	7.820e-03	1.000e+00	26	1326
4		1375.93	1.300e-04	7.820e-03	1.000e+00	26	1326
5		1717.54	1.064e-04	9.357e-03	1.000e+00	26	1326
6		2020.09	9.749e-05	1.122e-02	1.000e+00	26	1326
7		2243.30	8.200e-05	5.247e-03	1.000e+00	26	1326
8		2440.77	5.347e-05	3.070e-03	1.000e+00	26	1326
9		2622.84	2.370e-05	2.495e-03	1.000e+00	26	1326
10		2835.33	2.149e-05	1.404e-03	1.000e+00	26	1326
11		3064.32	2.149e-05	5.186e-04	1.000e+00	26	1326
12		3305.10	2.002e-05	2.639e-04	1.000e+00	26	1326
13		3536.41	1.828e-05	2.294e-04	1.000e+00	26	1326
14		3776.25	1.802e-05	1.177e-04	1.000e+00	26	1326
15		4091.47	1.722e-05	9.447e-05	1.000e+00	26	1326
16		4367.91	1.629e-05	5.406e-05	1.747e-04	26	1326
17		4585.45	1.502e-05	5.406e-05	1.760e-04	26	1326
18		4814.40	1.274e-05	5.406e-05	1.173e-04	26	1326
19		5075.48	1.256e-05	4.033e-05	1.174e-04	26	1326
20		5383.03	1.237e-05	3.037e-05	9.401e-05	26	1326
21		5668.79	1.190e-05	1.899e-05	8.559e-05	26	1326
22		5876.13	1.039e-05	1.899e-05	7.161e-05	26	1326
23		6100.04	7.760e-06	1.707e-05	4.571e-05	26	1326
24		6362.89	5.855e-06	1.275e-05	1.784e-05	26	1326
25		6633.77	4.391e-06	1.141e-05	1.709e-05	26	1326
26		6920.18	3.034e-06	1.083e-05	1.845e-05	26	1326
27		7211.22	2.471e-06	1.070e-05	1.755e-05	26	1326
28		7503.25	1.446e-06	8.519e-06	1.683e-05	26	1326
29		7805.53	1.297e-06	6.046e-06	1.673e-05	26	1326
30		8144.43	1.250e-06	6.046e-06	1.597e-05	26	1326
31		8474.25	1.105e-06	5.797e-06	1.518e-05	26	1326
32		8813.93	1.024e-06	4.378e-06	1.400e-05	26	1326
33		9153.51	9.877e-07	2.485e-06	1.175e-05	26	1326
34		9507.03	9.712e-07	2.073e-06	1.159e-05	26	1326
35		9840.27	9.672e-07	1.131e-02	1.141e-05	26	1326
36		10171.50	9.670e-07	1.131e-02	1.093e-05	26	1326
37		10521.64	9.668e-07	1.142e-02	9.420e-06	26	1326
38		10873.25	9.666e-07	1.140e-02	6.793e-06	26	1326
39		11223.47	9.664e-07	1.134e-02	4.888e-06	26	1326
40		11585.56	9.663e-07	1.142e-02	3.425e-06	26	1326
41		11927.83	9.663e-07	1.116e-02	2.068e-06	26	1326
42		12292.60	9.663e-07	1.136e-02	1.504e-06	26	1326
43		12653.26	9.663e-07	1.127e-02	4.796e-07	26	1326
44		12998.48	9.662e-07	1.071e-02	3.307e-07	26	1326
45		13326.17	9.661e-07	1.045e-02	2.841e-07	26	1326
46		13664.06	9.661e-07	1.132e-02	1.389e-07	26	1326
47		13994.58	9.658e-07	1.126e-02	5.786e-08	26	1326
48		14331.97	9.657e-07	4.730e-03	2.206e-08	26	1326
49		14666.78	9.655e-07	2.025e-03	5.669e-09	26	1326
50		14980.00	9.652e-07	1.070e-03	2.059e-09	26	1326
51		15291.61	9.647e-07	3.580e-03	2.227e-09	26	1326
52		15575.34	9.635e-07	8.910e-04	3.343e-09	26	1326
53		15828.16	9.616e-07	5.050e-04	5.045e-09	26	1326
54		16047.35	9.545e-07	2.782e-04	1.194e-08	26	1326
55		16272.74	9.452e-07	7.903e-05	2.115e-08	26	1326
56		16512.47	9.417e-07	4.049e-05	2.468e-08	26	1326
57		16740.81	9.290e-07	1.672e-05	3.732e-08	26	1326
58		16982.88	9.230e-07	1.663e-05	4.337e-08	26	1326
59		17255.36	9.191e-07	5.172e-06	4.715e-08	26	1326
60		17507.73	9.105e-07	4.206e-06	5.559e-08	26	1326
61		17732.43	9.032e-07	4.206e-06	6.288e-08	26	1326
62		17972.49	8.909e-07	2.212e-06	7.488e-08	26	1326
63		18233.26	8.837e-07	1.340e-06	8.194e-08	26	1326
64		18484.78	8.755e-07	1.010e-06	8.994e-08	26	1326
65		18750.21	8.687e-07	9.178e-07	9.645e-08	26	1326
66		19025.43	8.630e-07	9.081e-07	1.017e-07	26	1326
67		19314.60	8.543e-07	9.030e-07	1.092e-07	26	1326
68		19590.49	8.468e-07	8.865e-07	1.148e-07	26	1326
69		19865.03	8.417e-07	8.865e-07	1.128e-07	26	1326
70		20150.96	8.392e-07	8.791e-07	1.060e-07	26	1326
71		20404.52	8.341e-07	8.755e-07	1.075e-07	26	1326
72		20666.26	8.304e-07	8.753e-07	9.862e-08	26	1326
73		20934.92	8.251e-07	8.603e-07	9.782e-08	26	1326
74		21163.37	8.115e-07	8.603e-07	1.075e-07	26	1326
75		21399.69	7.970e-07	8.444e-07	1.135e-07	26	1326
76		21662.07	7.889e-07	8.444e-07	1.143e-07	26	1326
77		21920.11	7.830e-07	8.341e-07	1.079e-07	26	1326
78		22220.64	7.830e-07	8.200e-07	1.007e-07	26	1326
79		22559.67	7.822e-07	8.200e-07	9.332e-08	26	1326
80		22878.94	7.819e-07	1.572e-03	8.679e-08	26	1326
81		23147.53	7.815e-07	6.333e-03	8.152e-08	26	1326
82		23434.77	7.813e-07	1.025e-03	7.299e-08	26	1326
83		23725.13	7.811e-07	8.479e-03	6.576e-08	26	1326
84		23970.74	7.808e-07	4.211e-03	6.095e-08	26	1326
85		24204.90	7.806e-07	9.048e-03	5.861e-08	26	1326
86		24500.10	7.805e-07	9.048e-03	5.364e-08	26	1326
87		24791.50	7.804e-07	1.112e-02	4.997e-08	26	1326
88		25097.89	7.804e-07	1.133e-02	4.478e-08	26	1326
89		25389.83	7.803e-07	1.140e-02	3.120e-08	26	1326
90		25703.03	7.803e-07	1.137e-02	1.677e-08	26	1326
91		26029.23	7.803e-07	1.129e-02	8.619e-09	26	1326
92		26363.46	7.803e-07	1.139e-02	2.727e-09	26	1326
93		26692.71	7.802e-07	1.117e-02	2.750e-09	26	1326
94		27029.68	7.802e-07	1.110e-02	2.001e-09	26	1326
95		27371.57	7.802e-07	1.103e-02	1.753e-09	26	1326
96		27713.11	7.802e-07	1.103e-02	1.320e-09	26	1326
97		28046.15	7.802e-07	1.103e-02	1.123e-09	26	1326
98		28365.27	7.802e-07	1.070e-02	8.800e-10	26	1326
99		28697.84	7.802e-07	1.142e-02	5.890e-10	26	1326
100		29035.92	7.802e-07	1.102e-02	4.073e-10	26	1326
101		29383.63	7.802e-07	1.136e-02	3.118e-10	26	1326
102		29754.88	7.802e-07	1.140e-02	2.710e-10	26	1326
103		30123.59	7.802e-07	1.123e-02	2.013e-10	26	1326
104		30482.33	7.802e-07	1.140e-02	1.818e-10	26	1326
105		30847.79	7.802e-07	1.139e-02	1.126e-10	26	1326
106		31217.02	7.802e-07	1.133e-02	1.126e-10	26	1326
107		31597.47	7.802e-07	1.112e-02	1.036e-10	26	1326
108		31975.50	7.802e-07	1.142e-02	8.297e-11	26	1326
109		32342.38	7.802e-07	1.133e-02	7.251e-11	26	1326
110		32722.45	7.802e-07	1.142e-02	4.090e-11	26	1326
111		33093.46	7.801e-07	1.136e-02	4.570e-11	26	1326
112		33467.01	7.801e-07	1.136e-02	2.280e-11	26	1326
113		33838.55	7.801e-07	1.142e-02	2.317e-11	26	1326
114		34211.56	7.801e-07	1.142e-02	2.708e-11	26	1326
115		34583.85	7.801e-07	1.135e-02	1.889e-11	26	1326
116		34959.79	7.801e-07	1.141e-02	1.916e-11	26	1326
117		35334.05	7.801e-07	1.139e-02	1.916e-11	26	1326
118		35709.87	7.801e-07	1.131e-02	1.916e-11	26	1326
119		36092.00	7.801e-07	1.119e-02	1.714e-11	26	1326
120		36467.42	7.801e-07	1.136e-02	1.796e-11	26	1326
121		36837.61	7.801e-07	1.135e-02	1.796e-11	26	1326
122		37212.73	7.801e-07	1.142e-02	1.796e-11	26	1326
123		37593.78	7.801e-07	1.125e-02	1.511e-11	26	1326
124		37966.74	7.801e-07	1.126e-02	1.511e-11	26	1326
125		38340.64	7.801e-07	1.141e-02	1.511e-11	26	1326
126		38711.69	7.801e-07	1.123e-02	1.031e-11	26	1326
127		39083.01	7.801e-07	1.124e-02	1.031e-11	26	1326
128		39457.78	7.801e-07	1.139e-02	9.933e-12	26	1326
129		39833.91	7.801e-07	1.133e-02	6.024e-12	26	1326
130		40207.38	7.801e-07	1.142e-02	6.024e-12	26	1326
131		40586.23	7.801e-07	1.126e-02	5.752e-12	26	1326
132		40957.79	7.801e-07	1.129e-02	5.752e-12	26	1326
133		41335.08	7.801e-07	1.128e-02	5.752e-12	26	1326
134		41708.18	7.801e-07	1.128e-02	5.752e-12	26	1326
135		42080.00	7.801e-07	1.109e-02	0.000e+00	26	1326
136		42448.80	7.801e-07	1.117e-02	0.000e+00	26	1326
137		42820.36	7.801e-07	1.120e-02	0.000e+00	26	1326
138		43198.30	7.801e-07	1.136e-02	0.000e+00	26	1326
139		43579.16	7.801e-07	1.142e-02	0.000e+00	26	1326
140		43959.35	7.801e-07	1.140e-02	0.000e+00	26	1326
141		44338.17	7.801e-07	1.136e-02	0.000e+00	26	1326
142		44720.68	7.801e-07	1.066e-02	0.000e+00	26	1326
143		45098.77	7.801e-07	1.142e-02	0.000e+00	26	1326
144		45480.60	7.801e-07	1.132e-02	0.000e+00	26	1326
145		45856.43	7.801e-07	1.106e-02	0.000e+00	26	1326
146		46224.72	7.801e-07	1.140e-02	0.000e+00	26	1326
147		46598.80	7.801e-07	1.107e-02	0.000e+00	26	1326
148		46980.22	7.801e-07	1.139e-02	0.000e+00	26	1326
149		47354.96	7.801e-07	1.139e-02	0.000e+00	26	1326
150		47735.77	7.801e-07	1.139e-02	0.000e+00	26	1326
151		48103.49	7.801e-07	1.126e-02	0.000e+00	26	1326
152		48477.40	7.801e-07	1.118e-02	0.000e+00	26	1326
153		48854.25	7.801e-07	1.141e-02	0.000e+00	26	1326
154		49231.47	7.801e-07	1.142e-02	0.000e+00	26	1326
155		49609.23	7.801e-07	1.140e-02	0.000e+00	26	1326
156		49984.27	7.801e-07	1.088e-02	0.000e+00	26	1326
157		50348.34	7.801e-07	1.088e-02	0.000e+00	26	1326
158		50726.64	7.801e-07	1.142e-02	0.000e+00	26	1326
159		51100.29	7.801e-07	1.141e-02	0.000e+00	26	1326
160		51482.88	7.801e-07	1.140e-02	0.000e+00	26	1326
161		51856.58	7.801e-07	1.136e-02	0.000e+00	26	1326
162		52224.36	7.801e-07	1.141e-02	0.000e+00	26	1326
163		52602.82	7.801e-07	1.141e-02	0.000e+00	26	1326
164		52993.47	7.801e-07	8.004e-03	0.000e+00	26	1326
165		53381.93	7.801e-07	1.129e-02	0.000e+00	26	1326
166		53753.35	7.801e-07	1.130e-02	0.000e+00	26	1326
167		54124.63	7.801e-07	1.141e-02	0.000e+00	26	1326
168		54496.75	7.801e-07	1.138e-02	0.000e+00	26	1326
169		54876.58	7.801e-07	1.140e-02	0.000e+00	26	1326
170		55249.33	7.801e-07	1.141e-02	0.000e+00	26	1326
171		55624.21	7.801e-07	1.140e-02	0.000e+00	26	1326
172		56008.65	7.801e-07	1.142e-02	0.000e+00	26	1326
173		56396.82	7.801e-07	1.139e-02	0.000e+00	26	1326
174		56766.47	7.801e-07	1.134e-02	0.000e+00	26	1326
175		57141.02	7.801e-07	1.128e-02	0.000e+00	26	1326
176		57515.13	7.801e-07	1.115e-02	0.000e+00	26	1326
177		57890.28	7.801e-07	1.142e-02	0.000e+00	26	1326
178		58264.23	7.801e-07	1.142e-02	0.000e+00	26	1326
179		58652.49	7.801e-07	1.132e-02	0.000e+00	26	1326
180		59025.69	7.801e-07	1.142e-02	0.000e+00	26	1326
181		59403.45	7.801e-07	1.142e-02	0.000e+00	26	1326
182		59774.76	7.801e-07	1.076e-02	0.000e+00	26	1326
183		60150.71	7.801e-07	1.140e-02	0.000e+00	26	1326
184		60534.28	7.801e-07	1.140e-02	0.000e+00	26	1326
185		60921.74	7.801e-07	1.136e-02	0.000e+00	26	1326
186		61300.42	7.801e-07	1.136e-02	0.000e+00	26	1326
187		61670.69	7.801e-07	1.125e-02	0.000e+00	26	1326
188		62046.08	7.801e-07	1.137e-02	0.000e+00	26	1326
189		62423.13	7.801e-07	1.141e-02	0.000e+00	26	1326
190		62797.90	7.801e-07	1.123e-02	0.000e+00	26	1326
191		63193.09	7.801e-07	1.141e-02	0.000e+00	26	1326
192		63563.84	7.801e-07	1.141e-02	0.000e+00	26	1326
193		63940.91	7.801e-07	1.137e-02	0.000e+00	26	1326
194		64306.65	7.801e-07	1.139e-02	0.000e+00	26	1326
195		64682.10	7.801e-07	1.139e-02	0.000e+00	26	1326
196		65068.61	7.801e-07	1.139e-02	0.000e+00	26	1326
197		65446.41	7.801e-07	1.137e-02	0.000e+00	26	1326
198		65822.10	7.801e-07	1.101e-02	0.000e+00	26	1326
199		66189.40	7.801e-07	1.132e-02	0.000e+00	26	1326
A	 = 2.25e+12,7.53e+13,9.12e+12,
C0	 = 1.0,0.0,
Cpa	 = 1046.4631913432213,1170.0025542636313,
Cpb	 = 0.04553904871810482,0.4538234768823984,
E	 = 1.80e+05,1.84e+05,1.71e+05,
Hp	 = 218012.15683976968,268134.3417018588,406661.163708349,
K	 = 19174.206376817092,100000000.0,
Value	 = 7.801370298080832e-07,
Xi	 = 0.751788336454069,0.4920990923143149,0.3056002718941164,
eps	 = 0.8453044989606804,0.94,
ka	 = 0.28546996877646846,0.09675292082559775,
kb	 = 6.684877534081108e-05,0.00030319267149325074,
n	 = 0.9600749708729368,1.4480217502659003,3.047890429433801,
nO2	 = 0.0,0.0,0.0,
rho	 = 1683.0,1235.0,
Results saved to C:\Users\Fyang\Workspace\optimization\optimizationPaper\config\multiReactionCharring\3Reactions\1mass_TGA_DSC\../../../../results/multiReactionCharring/3Reactions/charLinear3ReacTGADSC_solution.txt
