C:\Users\Fyang\Workspace\optimization\optimizationPaper\config\multiReactionCharring\3Reactions\1mass_BT\../../../../results/multiReactionCharring/3Reactions/charLinear3ReacBT Log file
!!python/object/apply:collections.defaultdict
args:
- &id001 !!python/name:builtins.bool ''
dictitems:
  Duraboard:
    CprampF:
    - 1.0
    - 1.0
    CprampT:
    - 0
    - 5000
    eps: 0.8
    krampF:
    - 0.075932
    - 0.090229
    - 0.104522
    - 0.122143
    - 0.14158
    - 0.163436
    - 0.190738
    - 0.221975
    krampT:
    - 203.035
    - 317.4028
    - 426.9164
    - 536.4182
    - 647.3003
    - 757.4803
    - 867.6409
    - 981.2546
    rho: 258
    thickness: 0.0254
  XiState:
  - unknown
  - unknown
  - unknown
  assumeVolumeConservation: false
  cone:
    Tinit: 25
    activePhaseVars:
    - C0
    - rho
    - ka
    - kb
    - kc
    - kd
    - ke
    - Cpa
    - Cpb
    - Cpc
    - Cpd
    - Cpe
    - eps
    - K
    activeReactionVars:
    - A
    - E
    - n
    - Hp
    - nO2
    - Xi
    allowIgnition: false
    backBoundaryConditions:
      Tamb: 25
      htc: Auto
      type: INSULATED
    frontBoundaryConditions:
      Tamb: 25
      htc: Auto
    ignitionHeatFlux: 20
    ignitionThreshold: 0.0032
    weight: 1.0
  cone1: !!python/object/apply:collections.defaultdict
    args:
    - *id001
    dictitems:
      Tinit: 25
      activePhaseVars:
      - C0
      - rho
      - ka
      - kb
      - kc
      - kd
      - ke
      - Cpa
      - Cpb
      - Cpc
      - Cpd
      - Cpe
      - eps
      - K
      activeReactionVars:
      - A
      - E
      - n
      - Hp
      - nO2
      - Xi
      backBoundaryConditions: !!python/object/apply:collections.defaultdict
        args:
        - *id001
        dictitems:
          Tamb: 25
          htc: Auto
          type: INSULATED
      columns:
      - 1
      - 3
      depths:
      - 0
      - 0.008
      file: ../../../../data/multiReactionCharring/charLinear3ReacNominal25kWVirtual.csv
      finalThickness: false
      frontBoundaryConditions: !!python/object/apply:collections.defaultdict
        args:
        - *id001
        dictitems:
          Tamb: 25
          heatFlux: 25
          htc: 15
      ignitionHeatFlux: 20.0
      ignitionThreshold: 0.0032
      initialThickness: 0.008
      names:
      - Mass
      - Temperature
      time: 0
      types:
      - 1
      - 3
      weight: 1.0
      weights:
      - 1
      - 1
      width1: 0.1016
      width2: 0.1016
  configDir: C:\Users\Fyang\Workspace\optimization\optimizationPaper\config\multiReactionCharring\3Reactions\1mass_BT\
  dataSources:
    names:
    - cone1
    types:
    - cone
  dsc:
    activePhaseVars:
    - C0
    - Cpa
    - Cpb
    - Cpc
    - Cpd
    - Cpe
    activeReactionVars:
    - A
    - E
    - n
    - Hp
    dscO2: None
    weight: 1.0
  fdsPath: C:\Program Files\FDS\FDS6\bin
  keepTemporaryFiles: false
  name: charLinear3ReacBT
  optimizeParams:
    absErr: 1e-7
    absRelErr: 5e-7
    elimThresh: 1e-2
    maxIter: 200
    maxTime: 600000
    minIter: 5
    minP: 26
    opAlpha: 51
    opBeta: 1
    opP: 26
    opQ: 26
    opS: 51
    relErr: 1e-12
    relIter: 15
  outputParams:
    saveAllSamples: false
  phaseParams:
    C0:
    - - 1
      - 0
      - 1
    - - 0
      - 1189
      - 1189
    Cpa:
    - - None
      - 270
      - 4320
    - - None
      - 260.25
      - 4164
    Cpb:
    - - None
      - 0.0113
      - 0.1808
    - - None
      - 0.06475
      - 1.036
    Cpc:
    - - 0.0
      - 0.0
      - 0.0
    - - 0.0
      - 0.0
      - 0.0
    Cpd:
    - - 0.0
      - 0.0
      - 0.0
    - - 0.0
      - 0.0
      - 0.0
    Cpe:
    - &id002
      - 0
      - 0
      - 1
    - *id002
    K:
    - - None
      - 2500
      - 40000
    - - 1e8
      - 1189
      - 1189
    eps:
    - - None
      - 0.235
      - 1.0
    - - 0.94
      - 0.235
      - 1.0
    ka:
    - - None
      - 0.078
      - 1.248
    - - None
      - 0.023725
      - 0.3796
    kb:
    - - None
      - 1.1013e-05
      - 0.0001762
    - - None
      - 7.075e-05
      - 0.001132
    kc:
    - - 0.0
      - 0.0
      - 0.0
    - - 0.0
      - 0.0
      - 0.0
    kd:
    - - 0.0
      - 0.0
      - 0.0
    - - 0.0
      - 0.0
      - 0.0
    ke:
    - &id003
      - 0
      - 0
      - 1
    - *id003
    nO2:
    - - 0
      - 0
      - 1
    - - 0
      - 1189
      - 1189
    phases:
    - virgin
    - char
    rho:
    - - 1683
      - 1189
      - 1189
    - - 1235
      - 1189
      - 1189
  processParams:
    maxProcesses: 4
    multiprocess: true
  reactionParams:
    A:
    - - None
      - 5.86e11
      - 9.376e12
    - - None
      - 1.875e13
      - 3e14
    - - None
      - 2.3e12
      - 3.68e13
    E:
    - - None
      - 4.525e4
      - 7.24e5
    - - None
      - 4.825e4
      - 7.72e5
    - - None
      - 4.375e4
      - 7e5
    Hp:
    - - None
      - 2.5e4
      - 4e5
    - - None
      - 5e4
      - 8e5
    - - None
      - 1e5
      - 1.6e6
    Xi:
    - - None
      - 0.1875
      - 1
    - - None
      - 0.125
      - 1
    - - None
      - 0.075
      - 1
    n:
    - - None
      - 0.25
      - 4.0
    - - None
      - 0.375
      - 6.0
    - - None
      - 0.75
      - 12
    nO2:
    - &id004
      - 0
      - 0
      - 1
    - *id004
    - *id004
    prodState:
    - 1
    - 1
    - 1
    reacState:
    - 0
    - 0
    - 0
    typeState:
    - 3
    - 3
    - 3
  reinitializeComplex: false
  restart: false
  resultsDir: ../../../../results/multiReactionCharring/3Reactions/
  systemDir: C:\Users\Fyang\Workspace\optimization\sourceCode\optimizationpython\src
  tga:
    activePhaseVars:
    - C0
    - rho
    activeReactionVars:
    - A
    - E
    - n
    tgaO2: None
    tgaOpt: 1
    weight: 1.0
  thermalPropertyUnits: K
  virtualExperiment: false
Loop	t (s)	Error Min	Error Max	ErrorRel	Comp	Samples
0		227.29	2.403e-03	2.902e-02	1.000e+00	26	1326
1		495.18	2.403e-03	2.762e-02	1.000e+00	26	1326
2		764.38	1.761e-03	2.754e-02	1.000e+00	26	1326
3		1037.46	1.737e-03	2.799e-02	1.000e+00	26	1326
4		1351.38	1.123e-03	2.693e-02	1.000e+00	26	1326
5		1691.75	1.123e-03	2.803e-02	1.000e+00	26	1326
6		2023.61	1.123e-03	2.737e-02	1.000e+00	26	1326
7		2365.94	1.123e-03	2.330e-02	1.000e+00	26	1326
8		2696.19	1.123e-03	2.438e-02	1.000e+00	26	1326
9		3012.77	9.743e-04	1.819e-02	1.000e+00	26	1326
10		3323.13	8.387e-04	2.336e-02	1.000e+00	26	1326
11		3606.75	7.475e-04	2.336e-02	1.000e+00	26	1326
12		3865.19	5.794e-04	1.463e-02	1.000e+00	26	1326
13		4120.49	3.158e-04	2.519e-02	1.000e+00	26	1326
14		4401.41	2.505e-04	1.302e-02	1.000e+00	26	1326
15		4723.74	2.437e-04	7.844e-03	1.000e+00	26	1326
16		5035.30	1.819e-04	4.460e-03	2.221e-03	26	1326
17		5326.02	1.301e-04	1.242e-03	1.631e-03	26	1326
18		5633.62	1.301e-04	6.096e-04	1.607e-03	26	1326
19		5951.36	1.023e-04	6.096e-04	1.021e-03	26	1326
20		6261.07	8.339e-05	6.096e-04	1.040e-03	26	1326
21		6559.17	6.906e-05	6.096e-04	1.054e-03	26	1326
22		6844.14	6.298e-05	1.990e-04	1.060e-03	26	1326
23		7161.57	6.179e-05	1.990e-04	1.061e-03	26	1326
24		7499.59	5.847e-05	1.990e-04	9.158e-04	26	1326
25		7841.62	5.710e-05	1.967e-04	7.816e-04	26	1326
26		8165.69	5.572e-05	1.943e-04	6.918e-04	26	1326
27		8455.40	5.457e-05	1.082e-04	5.248e-04	26	1326
28		8701.36	5.126e-05	6.443e-05	2.646e-04	26	1326
29		8922.59	4.598e-05	5.836e-05	2.045e-04	26	1326
30		9192.91	4.506e-05	5.686e-05	1.987e-04	26	1326
31		9495.57	4.503e-05	5.476e-05	1.368e-04	26	1326
32		9832.70	4.476e-05	5.211e-05	8.537e-05	26	1326
33		10178.08	4.461e-05	4.813e-05	8.551e-05	26	1326
34		10517.73	4.456e-05	4.687e-05	5.775e-05	26	1326
35		10856.61	4.453e-05	4.569e-05	3.887e-05	26	1326
36		11177.21	4.450e-05	4.520e-05	2.457e-05	26	1326
37		11451.13	4.443e-05	4.499e-05	1.856e-05	26	1326
38		11679.07	4.425e-05	4.499e-05	1.754e-05	26	1326
39		11898.83	4.366e-05	4.499e-05	1.480e-05	26	1326
40		12161.87	4.328e-05	4.463e-05	1.382e-05	26	1326
41		12438.85	4.296e-05	4.463e-05	1.276e-05	26	1326
42		12700.70	4.267e-05	4.409e-05	1.190e-05	26	1326
43		12958.88	4.221e-05	4.389e-05	9.045e-06	26	1326
44		13210.51	4.173e-05	4.371e-05	4.245e-06	26	1326
45		13491.88	4.148e-05	4.362e-05	3.575e-06	26	1326
46		13793.82	4.137e-05	4.322e-05	3.663e-06	26	1326
47		14094.58	4.120e-05	4.251e-05	3.554e-06	26	1326
48		14385.98	4.119e-05	4.249e-05	3.424e-06	26	1326
49		14701.34	4.116e-05	4.193e-05	3.406e-06	26	1326
50		15030.33	4.114e-05	4.163e-05	3.383e-06	26	1326
51		15353.07	4.113e-05	4.162e-05	3.363e-06	26	1326
52		15675.91	4.113e-05	2.263e-02	3.297e-06	26	1326
53		15989.88	4.113e-05	2.687e-02	3.121e-06	26	1326
54		16326.97	4.112e-05	2.873e-02	2.540e-06	26	1326
55		16679.45	4.112e-05	2.840e-02	2.158e-06	26	1326
56		17030.25	4.112e-05	2.745e-02	1.839e-06	26	1326
57		17369.64	4.111e-05	2.008e-02	1.556e-06	26	1326
58		17673.46	4.111e-05	2.008e-02	1.104e-06	26	1326
59		17954.82	4.109e-05	2.008e-02	6.424e-07	26	1326
60		18203.36	4.107e-05	2.008e-02	4.157e-07	26	1326
61		18442.40	4.101e-05	2.008e-02	3.570e-07	26	1326
62		18672.82	4.094e-05	2.008e-02	2.637e-07	26	1326
63		18907.64	4.091e-05	1.542e-02	2.831e-07	26	1326
64		19179.02	4.089e-05	1.178e-02	2.682e-07	26	1326
65		19459.65	4.086e-05	4.330e-03	2.851e-07	26	1326
66		19697.21	4.080e-05	5.932e-04	3.372e-07	26	1326
67		19943.95	4.071e-05	3.009e-04	4.223e-07	26	1326
68		20185.85	4.054e-05	6.738e-05	5.878e-07	26	1326
69		20441.87	4.015e-05	6.738e-05	9.743e-07	26	1326
70		20691.36	4.008e-05	4.892e-05	1.045e-06	26	1326
71		20965.40	3.998e-05	4.087e-05	1.143e-06	26	1326
72		21262.68	3.986e-05	4.087e-05	1.251e-06	26	1326
73		21556.73	3.981e-05	1.737e-02	1.293e-06	26	1326
74		21817.11	3.958e-05	2.681e-02	1.511e-06	26	1326
75		22086.37	3.951e-05	1.554e-02	1.560e-06	26	1326
76		22345.37	3.946e-05	1.622e-02	1.557e-06	26	1326
77		22614.70	3.941e-05	2.901e-02	1.530e-06	26	1326
78		22902.98	3.940e-05	2.845e-02	1.503e-06	26	1326
79		23220.61	3.940e-05	2.706e-02	1.485e-06	26	1326
80		23547.07	3.939e-05	2.798e-02	1.467e-06	26	1326
81		23835.61	3.937e-05	2.764e-02	1.425e-06	26	1326
82		24117.99	3.936e-05	2.764e-02	1.349e-06	26	1326
83		24381.85	3.934e-05	2.415e-02	1.203e-06	26	1326
84		24653.40	3.933e-05	2.457e-02	8.196e-07	26	1326
85		24934.77	3.932e-05	2.405e-02	7.589e-07	26	1326
86		25207.61	3.931e-05	2.222e-02	6.654e-07	26	1326
87		25479.58	3.930e-05	1.985e-02	5.635e-07	26	1326
88		25726.82	3.930e-05	1.348e-02	5.181e-07	26	1326
89		25984.00	3.929e-05	9.948e-03	2.886e-07	26	1326
90		26239.46	3.929e-05	2.529e-02	2.158e-07	26	1326
91		26486.84	3.929e-05	1.082e-02	1.676e-07	26	1326
92		26717.48	3.928e-05	2.631e-03	1.253e-07	26	1326
93		26952.39	3.928e-05	1.308e-03	1.245e-07	26	1326
94		27215.17	3.928e-05	1.308e-03	1.275e-07	26	1326
95		27513.13	3.928e-05	1.178e-03	1.169e-07	26	1326
96		27829.64	3.927e-05	5.865e-04	9.984e-08	26	1326
97		28137.62	3.927e-05	1.675e-04	8.749e-08	26	1326
98		28439.57	3.927e-05	1.675e-04	6.524e-08	26	1326
99		28727.89	3.927e-05	9.072e-05	5.930e-08	26	1326
100		28994.31	3.927e-05	9.072e-05	4.967e-08	26	1326
101		29230.08	3.926e-05	5.773e-05	4.795e-08	26	1326
102		29462.10	3.926e-05	4.062e-05	4.458e-08	26	1326
103		29690.06	3.924e-05	4.062e-05	5.379e-08	26	1326
104		29909.19	3.922e-05	3.956e-05	7.259e-08	26	1326
105		30139.12	3.919e-05	3.927e-05	9.945e-08	26	1326
106		30371.81	3.914e-05	3.926e-05	1.466e-07	26	1326
107		30592.27	3.904e-05	3.926e-05	2.485e-07	26	1326
108		30821.18	3.896e-05	3.924e-05	3.203e-07	26	1326
109		31058.71	3.887e-05	3.922e-05	4.093e-07	26	1326
110		31282.21	3.878e-05	3.922e-05	4.904e-07	26	1326
111		31505.35	3.873e-05	3.908e-05	5.384e-07	26	1326
112		31730.37	3.871e-05	3.899e-05	5.600e-07	26	1326
113		31972.28	3.870e-05	3.888e-05	5.736e-07	26	1326
114		32215.22	3.869e-05	3.882e-05	5.808e-07	26	1326
115		32461.04	3.868e-05	3.879e-05	5.857e-07	26	1326
116		32699.19	3.868e-05	3.879e-05	5.845e-07	26	1326
117		32942.59	3.868e-05	3.876e-05	5.804e-07	26	1326
118		33180.64	3.867e-05	3.871e-05	5.703e-07	26	1326
119		33425.09	3.867e-05	3.870e-05	5.507e-07	26	1326
120		33661.71	3.866e-05	3.869e-05	5.273e-07	26	1326
121		33919.65	3.866e-05	3.868e-05	4.821e-07	26	1326
122		34218.02	3.866e-05	3.868e-05	3.792e-07	26	1326
123		34527.71	3.865e-05	3.867e-05	3.049e-07	26	1326
124		34822.61	3.865e-05	3.867e-05	2.148e-07	26	1326
125		35111.30	3.865e-05	3.867e-05	1.361e-07	26	1326
126		35374.08	3.865e-05	3.866e-05	8.964e-08	26	1326
127		35618.71	3.864e-05	3.866e-05	7.202e-08	26	1326
128		35848.02	3.863e-05	3.866e-05	6.616e-08	26	1326
129		36081.51	3.862e-05	3.866e-05	6.878e-08	26	1326
130		36298.55	3.860e-05	3.865e-05	7.665e-08	26	1326
131		36531.18	3.860e-05	3.864e-05	7.932e-08	26	1326
132		36759.56	3.859e-05	3.864e-05	8.341e-08	26	1326
133		36983.48	3.859e-05	3.862e-05	8.567e-08	26	1326
134		37220.36	3.858e-05	3.862e-05	8.397e-08	26	1326
135		37457.44	3.858e-05	3.861e-05	8.145e-08	26	1326
136		37695.58	3.858e-05	3.861e-05	8.020e-08	26	1326
137		37951.55	3.858e-05	3.861e-05	7.961e-08	26	1326
138		38206.41	3.858e-05	3.859e-05	7.839e-08	26	1326
139		38464.13	3.858e-05	3.858e-05	7.765e-08	26	1326
140		38704.84	3.857e-05	3.858e-05	7.516e-08	26	1326
141		38933.60	3.857e-05	3.858e-05	7.583e-08	26	1326
142		39156.04	3.856e-05	3.858e-05	7.966e-08	26	1326
143		39386.63	3.855e-05	3.858e-05	8.046e-08	26	1326
144		39638.67	3.854e-05	3.857e-05	8.323e-08	26	1326
145		39883.08	3.852e-05	3.857e-05	8.008e-08	26	1326
146		40154.59	3.852e-05	3.856e-05	7.620e-08	26	1326
147		40416.18	3.851e-05	3.856e-05	8.232e-08	26	1326
148		40651.16	3.848e-05	3.856e-05	1.036e-07	26	1326
149		40886.96	3.848e-05	3.854e-05	1.078e-07	26	1326
150		41133.76	3.847e-05	3.853e-05	1.077e-07	26	1326
151		41381.96	3.847e-05	3.853e-05	1.059e-07	26	1326
152		41627.07	3.847e-05	3.852e-05	1.050e-07	26	1326
153		41869.32	3.847e-05	3.852e-05	1.055e-07	26	1326
154		42107.33	3.847e-05	3.849e-05	1.051e-07	26	1326
155		42348.65	3.847e-05	3.849e-05	1.040e-07	26	1326
156		42581.27	3.847e-05	3.848e-05	1.001e-07	26	1326
157		42822.40	3.847e-05	3.848e-05	9.126e-08	26	1326
158		43068.02	3.847e-05	3.848e-05	8.164e-08	26	1326
159		43307.21	3.847e-05	3.847e-05	6.774e-08	26	1326
160		43545.79	3.847e-05	3.847e-05	5.630e-08	26	1326
161		43793.24	3.847e-05	3.847e-05	5.385e-08	26	1326
162		44037.32	3.847e-05	3.847e-05	4.218e-08	26	1326
163		44304.75	3.847e-05	5.472e-03	1.561e-08	26	1326
164		44556.70	3.847e-05	3.528e-04	9.875e-09	26	1326
165		44795.97	3.847e-05	1.116e-02	7.069e-09	26	1326
166		45031.20	3.847e-05	2.370e-02	6.644e-09	26	1326
167		45266.23	3.847e-05	2.794e-02	5.236e-09	26	1326
168		45507.60	3.847e-05	2.630e-02	4.031e-09	26	1326
169		45734.16	3.847e-05	2.630e-02	3.614e-09	26	1326
170		45957.85	3.847e-05	3.034e-02	3.554e-09	26	1326
171		46184.71	3.846e-05	3.034e-02	4.618e-09	26	1326
172		46420.04	3.846e-05	1.513e-02	5.070e-09	26	1326
173		46641.87	3.846e-05	1.286e-02	6.600e-09	26	1326
174		46880.27	3.846e-05	4.359e-03	8.611e-09	26	1326
175		47110.16	3.846e-05	2.196e-03	9.769e-09	26	1326
176		47334.56	3.846e-05	2.196e-03	1.143e-08	26	1326
177		47557.52	3.846e-05	1.091e-03	1.200e-08	26	1326
178		47798.15	3.846e-05	1.091e-03	1.233e-08	26	1326
179		48032.85	3.845e-05	2.750e-04	1.292e-08	26	1326
180		48270.43	3.845e-05	1.425e-04	1.342e-08	26	1326
181		48555.48	3.845e-05	7.392e-05	1.362e-08	26	1326
182		48867.62	3.845e-05	1.878e-02	1.367e-08	26	1326
183		49176.81	3.845e-05	4.117e-03	1.422e-08	26	1326
184		49459.89	3.845e-05	1.130e-03	1.462e-08	26	1326
185		49689.99	3.845e-05	2.868e-04	1.525e-08	26	1326
186		49916.98	3.845e-05	1.477e-04	1.532e-08	26	1326
187		50146.75	3.845e-05	2.706e-02	1.546e-08	26	1326
188		50370.90	3.845e-05	2.706e-02	1.487e-08	26	1326
189		50597.38	3.845e-05	1.651e-02	1.310e-08	26	1326
190		50826.89	3.845e-05	1.651e-02	1.282e-08	26	1326
191		51061.16	3.844e-05	1.651e-02	1.207e-08	26	1326
192		51307.97	3.844e-05	1.987e-03	1.174e-08	26	1326
193		51560.22	3.844e-05	1.987e-03	1.157e-08	26	1326
194		51814.01	3.844e-05	1.987e-03	1.114e-08	26	1326
195		52052.18	3.844e-05	9.949e-04	1.072e-08	26	1326
196		52282.80	3.844e-05	7.527e-05	1.070e-08	26	1326
197		52512.04	3.844e-05	3.865e-05	1.086e-08	26	1326
198		52742.39	3.844e-05	3.865e-05	1.027e-08	26	1326
199		52980.50	3.844e-05	3.846e-05	9.833e-09	26	1326
A	 = 1.64e+12,1.73e+14,1.97e+13,
C0	 = 1.0,0.0,
Cpa	 = 774.6894018715363,529.4770210553424,
Cpb	 = 0.011501377230093264,0.9274754123175155,
E	 = 1.66e+05,7.72e+05,5.55e+05,
Hp	 = 280208.8297675434,799778.9444663075,1194104.977358595,
K	 = 29416.559183550635,100000000.0,
Value	 = 3.844195863014248e-05,
Xi	 = 0.4356299902691217,0.12500490233077405,0.4340024167811527,
eps	 = 0.7339676922047926,0.94,
ka	 = 0.2114812635386456,0.02372886213281773,
kb	 = 2.6132146223793876e-05,0.00039647431064262226,
n	 = 1.6160453297727306,4.978561905296264,6.7953428098908155,
nO2	 = 0.0,0.0,0.0,
rho	 = 1683.0,1235.0,
Results saved to C:\Users\Fyang\Workspace\optimization\optimizationPaper\config\multiReactionCharring\3Reactions\1mass_BT\../../../../results/multiReactionCharring/3Reactions/charLinear3ReacBT_solution.txt
