D:\workspace\JENSENHUGHES\optimization\optimizationPaper\config\multiReactionCharring\3Reactions\2mass_TGA\../../../../results/multiReactionCharring/3Reactions/charLinear3Reac2MassTGA Log file
!!python/object/apply:collections.defaultdict
args:
- &id001 !!python/name:builtins.bool ''
dictitems:
  Duraboard:
    CprampF:
    - 1.0
    - 1.0
    CprampT:
    - 0
    - 5000
    eps: 0.8
    krampF:
    - 0.075932
    - 0.090229
    - 0.104522
    - 0.122143
    - 0.14158
    - 0.163436
    - 0.190738
    - 0.221975
    krampT:
    - 203.035
    - 317.4028
    - 426.9164
    - 536.4182
    - 647.3003
    - 757.4803
    - 867.6409
    - 981.2546
    rho: 258
    thickness: 0.0254
  XiState:
  - unknown
  - unknown
  - unknown
  assumeVolumeConservation: false
  cone:
    Tinit: 25
    activePhaseVars:
    - C0
    - rho
    - ka
    - kb
    - kc
    - kd
    - ke
    - Cpa
    - Cpb
    - Cpc
    - Cpd
    - Cpe
    - eps
    - K
    activeReactionVars:
    - A
    - E
    - n
    - Hp
    - nO2
    - Xi
    allowIgnition: false
    backBoundaryConditions:
      Tamb: 25
      htc: Auto
      type: INSULATED
    frontBoundaryConditions:
      Tamb: 25
      htc: Auto
    ignitionHeatFlux: 20
    ignitionThreshold: 0.0032
    weight: 1.0
  cone1: !!python/object/apply:collections.defaultdict
    args:
    - *id001
    dictitems:
      Tinit: 25
      activePhaseVars:
      - C0
      - rho
      - ka
      - kb
      - kc
      - kd
      - ke
      - Cpa
      - Cpb
      - Cpc
      - Cpd
      - Cpe
      - eps
      - K
      activeReactionVars:
      - A
      - E
      - n
      - Hp
      - nO2
      - Xi
      backBoundaryConditions: !!python/object/apply:collections.defaultdict
        args:
        - *id001
        dictitems:
          Tamb: 25
          htc: Auto
          type: INSULATED
      columns:
      - 1
      depths:
      - 0
      file: ../../../../data/multiReactionCharring/charLinear3ReacNominal25kW_0_cone_Mass.csv
      finalThickness: false
      frontBoundaryConditions: !!python/object/apply:collections.defaultdict
        args:
        - *id001
        dictitems:
          Tamb: 25
          heatFlux: 25
          htc: 15
      ignitionHeatFlux: 20.0
      ignitionThreshold: 0.0032
      initialThickness: 0.008
      names:
      - Mass
      time: 0
      types:
      - 1
      weight: 1.0
      weights:
      - 1
      width1: 0.1016
      width2: 0.1016
  cone2: !!python/object/apply:collections.defaultdict
    args:
    - *id001
    dictitems:
      Tinit: 25
      activePhaseVars:
      - C0
      - rho
      - ka
      - kb
      - kc
      - kd
      - ke
      - Cpa
      - Cpb
      - Cpc
      - Cpd
      - Cpe
      - eps
      - K
      activeReactionVars:
      - A
      - E
      - n
      - Hp
      - nO2
      - Xi
      backBoundaryConditions: !!python/object/apply:collections.defaultdict
        args:
        - *id001
        dictitems:
          Tamb: 25
          htc: Auto
          type: INSULATED
      columns:
      - 1
      depths:
      - 0
      file: ../../../../data/multiReactionCharring/charLinear3ReacNominal50kW_0_cone_Mass.csv
      finalThickness: false
      frontBoundaryConditions: !!python/object/apply:collections.defaultdict
        args:
        - *id001
        dictitems:
          Tamb: 25
          heatFlux: 50
          htc: 15
      ignitionHeatFlux: 20.0
      ignitionThreshold: 0.0032
      initialThickness: 0.008
      names:
      - Mass
      time: 0
      types:
      - 1
      weight: 1.0
      weights:
      - 1
      width1: 0.1016
      width2: 0.1016
  configDir: D:\workspace\JENSENHUGHES\optimization\optimizationPaper\config\multiReactionCharring\3Reactions\2mass_TGA\
  dataSources:
    names:
    - cone1
    - cone2
    types:
    - cone
    - cone
  dsc:
    activePhaseVars:
    - C0
    - Cpa
    - Cpb
    - Cpc
    - Cpd
    - Cpe
    activeReactionVars:
    - A
    - E
    - n
    - Hp
    dscO2: None
    weight: 1.0
  fdsPath: C:\Program Files\FDS\FDS6\bin
  keepTemporaryFiles: false
  name: charLinear3Reac2MassTGA
  optimizeParams:
    absErr: 1e-7
    absRelErr: 1e-7
    elimThresh: 1e-2
    maxIter: 200
    maxTime: 600000
    minIter: 5
    minP: 26
    opAlpha: 51
    opBeta: 1
    opP: 26
    opQ: 26
    opS: 51
    relErr: 1e-12
    relIter: 15
  outputParams:
    saveAllSamples: false
  phaseParams:
    C0:
    - - 1
      - 0
      - 1
    - - 0
      - 1189
      - 1189
    Cpa:
    - - None
      - 270
      - 4320
    - - None
      - 260.25
      - 4164
    Cpb:
    - - None
      - 0.0113
      - 0.1808
    - - None
      - 0.06475
      - 1.036
    Cpc:
    - - 0.0
      - 0.0
      - 0.0
    - - 0.0
      - 0.0
      - 0.0
    Cpd:
    - - 0.0
      - 0.0
      - 0.0
    - - 0.0
      - 0.0
      - 0.0
    Cpe:
    - &id002
      - 0
      - 0
      - 1
    - *id002
    K:
    - - None
      - 2500
      - 40000
    - - 1e8
      - 1189
      - 1189
    eps:
    - - None
      - 0.235
      - 1.0
    - - 0.94
      - 0.235
      - 1.0
    ka:
    - - None
      - 0.078
      - 1.248
    - - None
      - 0.023725
      - 0.3796
    kb:
    - - None
      - 1.1013e-05
      - 0.0001762
    - - None
      - 7.075e-05
      - 0.001132
    kc:
    - - 0.0
      - 0.0
      - 0.0
    - - 0.0
      - 0.0
      - 0.0
    kd:
    - - 0.0
      - 0.0
      - 0.0
    - - 0.0
      - 0.0
      - 0.0
    ke:
    - &id003
      - 0
      - 0
      - 1
    - *id003
    nO2:
    - - 0
      - 0
      - 1
    - - 0
      - 1189
      - 1189
    phases:
    - virgin
    - char
    rho:
    - - 1683
      - 1189
      - 1189
    - - 1235
      - 1189
      - 1189
  processParams:
    maxProcesses: 4
    multiprocess: true
  reactionParams:
    A:
    - - None
      - 2.106e12
      - 2.574e12
    - - None
      - 6.75e13
      - 8.25e13
    - - None
      - 8.28e12
      - 1.012e13
    E:
    - - None
      - 1.629e5
      - 1.991e5
    - - None
      - 1.737e5
      - 2.123e5
    - - None
      - 1.575e5
      - 1.925e5
    Hp:
    - - None
      - 2.5e4
      - 4e5
    - - None
      - 5e4
      - 8e5
    - - None
      - 360000
      - 440000
    Xi:
    - - None
      - 0.675
      - 0.825
    - - None
      - 0.45
      - 0.55
    - - None
      - 0.27
      - 0.33
    n:
    - - None
      - 0.9
      - 1.1
    - - None
      - 1.35
      - 1.65
    - - None
      - 2.7
      - 3.3
    nO2:
    - &id004
      - 0
      - 0
      - 1
    - *id004
    - *id004
    prodState:
    - 1
    - 1
    - 1
    reacState:
    - 0
    - 0
    - 0
    typeState:
    - 3
    - 3
    - 3
  reinitializeComplex: false
  restart: false
  resultsDir: ../../../../results/multiReactionCharring/3Reactions/
  systemDir: D:\workspace\JENSENHUGHES\optimization\sourceCode\optimizationpython\src
  tga:
    activePhaseVars:
    - C0
    - rho
    activeReactionVars:
    - A
    - E
    - n
    tgaO2: None
    tgaOpt: 1
    weight: 1.0
  thermalPropertyUnits: K
  virtualExperiment: false
Loop	t (s)	Error Min	Error Max	ErrorRel	Comp	Samples
0		359.21	8.982e-04	2.841e-02	1.000e+00	26	1326
1		693.79	6.400e-04	2.841e-02	1.000e+00	26	1326
2		1041.83	5.165e-04	2.841e-02	1.000e+00	26	1326
3		1397.66	4.066e-04	2.841e-02	1.000e+00	26	1326
4		1772.02	2.242e-04	2.636e-02	1.000e+00	26	1326
5		2142.38	1.315e-04	2.687e-02	1.000e+00	26	1326
6		2514.26	1.237e-04	2.687e-02	1.000e+00	26	1326
7		2885.49	9.055e-05	2.222e-02	1.000e+00	26	1326
8		3267.74	7.507e-05	2.363e-02	1.000e+00	26	1326
9		3666.84	6.916e-05	1.211e-02	1.000e+00	26	1326
10		4073.80	5.708e-05	2.841e-02	1.000e+00	26	1326
11		4494.25	5.242e-05	2.840e-02	1.000e+00	26	1326
12		4931.47	5.202e-05	6.916e-03	1.000e+00	26	1326
13		5386.00	5.061e-05	6.463e-03	1.000e+00	26	1326
14		5831.62	5.018e-05	6.314e-03	1.000e+00	26	1326
15		6281.73	4.925e-05	6.205e-03	1.000e+00	26	1326
16		6721.46	4.683e-05	6.117e-03	5.932e-04	26	1326
17		7145.66	4.005e-05	1.565e-03	4.765e-04	26	1326
18		7576.33	3.627e-05	1.011e-03	3.703e-04	26	1326
19		7994.10	3.345e-05	8.140e-04	1.908e-04	26	1326
20		8409.74	3.130e-05	7.329e-04	1.002e-04	26	1326
21		8829.45	2.877e-05	7.035e-04	9.488e-05	26	1326
22		9237.58	2.710e-05	7.035e-04	6.345e-05	26	1326
23		9638.83	2.624e-05	6.891e-04	4.882e-05	26	1326
24		10049.02	2.559e-05	5.538e-04	4.357e-05	26	1326
25		10457.87	2.416e-05	3.673e-04	3.293e-05	26	1326
26		10863.35	2.071e-05	2.057e-04	3.171e-05	26	1326
27		11267.67	1.868e-05	1.530e-04	3.334e-05	26	1326
28		11659.50	1.501e-05	1.203e-04	3.560e-05	26	1326
29		12052.72	1.428e-05	9.223e-05	3.590e-05	26	1326
30		12441.41	1.391e-05	8.619e-05	3.534e-05	26	1326
31		12825.81	1.309e-05	8.460e-05	3.374e-05	26	1326
32		13226.71	1.282e-05	8.183e-05	2.723e-05	26	1326
33		13629.28	1.261e-05	8.183e-05	2.366e-05	26	1326
34		14020.01	1.234e-05	7.631e-05	2.112e-05	26	1326
35		14396.62	1.230e-05	7.518e-05	1.901e-05	26	1326
36		14771.92	1.222e-05	7.450e-05	1.655e-05	26	1326
37		15147.31	1.211e-05	7.433e-05	1.499e-05	26	1326
38		15523.57	1.188e-05	7.413e-05	1.436e-05	26	1326
39		15900.56	1.148e-05	7.399e-05	1.411e-05	26	1326
40		16265.99	1.135e-05	7.394e-05	1.281e-05	26	1326
41		16631.62	1.125e-05	7.386e-05	9.454e-06	26	1326
42		17006.22	1.120e-05	7.378e-05	7.478e-06	26	1326
43		17373.97	1.107e-05	7.353e-05	3.933e-06	26	1326
44		17745.74	1.101e-05	7.338e-05	3.269e-06	26	1326
45		18112.19	1.077e-05	2.479e-02	3.135e-06	26	1326
46		18490.77	1.067e-05	6.254e-03	2.420e-06	26	1326
47		18868.55	1.057e-05	2.775e-02	2.252e-06	26	1326
48		19274.91	1.053e-05	2.815e-02	2.079e-06	26	1326
49		19685.39	1.038e-05	2.841e-02	1.956e-06	26	1326
50		20087.52	1.038e-05	2.841e-02	1.915e-06	26	1326
51		20491.98	1.038e-05	2.841e-02	1.835e-06	26	1326
52		20914.87	1.038e-05	2.841e-02	1.732e-06	26	1326
53		21370.41	1.019e-05	2.841e-02	1.690e-06	26	1326
54		21805.98	1.008e-05	2.841e-02	1.403e-06	26	1326
55		22254.05	1.004e-05	2.841e-02	1.307e-06	26	1326
56		22695.18	1.004e-05	2.796e-02	1.213e-06	26	1326
57		23135.63	1.001e-05	2.841e-02	1.195e-06	26	1326
58		23573.96	9.989e-06	2.841e-02	1.084e-06	26	1326
59		24014.24	9.989e-06	2.838e-02	1.024e-06	26	1326
60		24456.08	9.985e-06	2.841e-02	7.857e-07	26	1326
61		24908.66	9.979e-06	2.841e-02	6.896e-07	26	1326
62		25362.07	9.978e-06	2.818e-02	5.928e-07	26	1326
63		25789.81	9.978e-06	2.824e-02	5.514e-07	26	1326
64		26202.27	9.977e-06	2.177e-02	4.053e-07	26	1326
65		26637.29	9.976e-06	2.754e-02	4.057e-07	26	1326
66		27067.37	9.976e-06	2.841e-02	4.061e-07	26	1326
67		27495.11	9.975e-06	2.841e-02	4.014e-07	26	1326
68		27916.33	9.975e-06	2.839e-02	2.192e-07	26	1326
69		28346.12	9.974e-06	2.841e-02	1.055e-07	26	1326
70		28769.04	9.973e-06	2.841e-02	7.127e-08	26	1326
71		29179.44	9.972e-06	2.841e-02	6.862e-08	26	1326
72		29595.68	9.972e-06	2.821e-02	3.323e-08	26	1326
73		30002.89	9.972e-06	2.839e-02	1.713e-08	26	1326
74		30395.91	9.971e-06	2.825e-02	1.801e-08	26	1326
75		30786.40	9.970e-06	2.841e-02	1.537e-08	26	1326
76		31177.89	9.969e-06	2.841e-02	1.015e-08	26	1326
77		31567.77	9.968e-06	2.841e-02	1.007e-08	26	1326
78		31944.83	9.967e-06	2.841e-02	1.021e-08	26	1326
79		32324.59	9.966e-06	2.799e-02	1.094e-08	26	1326
80		32710.67	9.962e-06	2.799e-02	1.476e-08	26	1326
81		33082.13	9.959e-06	2.822e-02	1.720e-08	26	1326
82		33465.99	9.957e-06	2.833e-02	1.822e-08	26	1326
83		33848.24	9.954e-06	2.833e-02	2.030e-08	26	1326
84		34228.12	9.952e-06	2.838e-02	2.207e-08	26	1326
85		34619.34	9.948e-06	2.841e-02	2.515e-08	26	1326
86		35010.82	9.947e-06	2.228e-02	2.476e-08	26	1326
87		35390.57	9.945e-06	2.812e-02	2.673e-08	26	1326
88		35762.31	9.942e-06	2.841e-02	2.973e-08	26	1326
89		36143.50	9.940e-06	2.837e-02	3.154e-08	26	1326
90		36537.01	9.934e-06	2.557e-02	3.579e-08	26	1326
91		36926.84	9.929e-06	2.841e-02	4.001e-08	26	1326
92		37321.03	9.925e-06	2.841e-02	4.312e-08	26	1326
93		37711.36	9.918e-06	2.529e-02	4.945e-08	26	1326
94		38100.83	9.913e-06	2.669e-02	5.316e-08	26	1326
95		38502.94	9.910e-06	2.837e-02	5.206e-08	26	1326
96		38914.16	9.908e-06	2.241e-02	5.119e-08	26	1326
97		39322.29	9.905e-06	2.733e-02	5.239e-08	26	1326
98		39732.26	9.904e-06	2.331e-02	5.079e-08	26	1326
99		40140.00	9.902e-06	2.823e-02	5.003e-08	26	1326
100		40534.63	9.900e-06	2.347e-02	4.819e-08	26	1326
101		40932.83	9.898e-06	2.274e-02	4.958e-08	26	1326
102		41329.16	9.894e-06	1.932e-02	5.119e-08	26	1326
103		41728.29	9.891e-06	2.840e-02	5.092e-08	26	1326
104		42130.85	9.891e-06	1.705e-02	4.897e-08	26	1326
105		42523.59	9.889e-06	1.978e-02	4.551e-08	26	1326
106		42932.82	9.888e-06	2.664e-02	4.124e-08	26	1326
107		43336.88	9.887e-06	2.612e-02	3.850e-08	26	1326
108		43746.56	9.886e-06	2.754e-02	3.155e-08	26	1326
109		44149.37	9.885e-06	1.905e-02	2.785e-08	26	1326
110		44552.60	9.885e-06	2.825e-02	2.474e-08	26	1326
111		44950.83	9.884e-06	2.054e-02	2.373e-08	26	1326
112		45357.03	9.882e-06	2.839e-02	2.221e-08	26	1326
113		45755.70	9.882e-06	2.841e-02	2.180e-08	26	1326
114		46157.98	9.881e-06	2.841e-02	2.132e-08	26	1326
115		46564.43	9.880e-06	2.832e-02	2.012e-08	26	1326
116		46978.70	9.880e-06	2.793e-02	1.779e-08	26	1326
117		47387.30	9.880e-06	2.841e-02	1.454e-08	26	1326
118		47795.33	9.879e-06	2.841e-02	1.235e-08	26	1326
119		48189.63	9.878e-06	2.841e-02	1.246e-08	26	1326
120		48590.82	9.878e-06	2.841e-02	1.075e-08	26	1326
121		48997.46	9.878e-06	2.700e-02	1.029e-08	26	1326
122		49408.85	9.877e-06	2.614e-02	9.333e-09	26	1326
123		49825.84	9.877e-06	2.840e-02	9.388e-09	26	1326
124		50227.19	9.876e-06	2.841e-02	8.680e-09	26	1326
125		50629.82	9.876e-06	2.841e-02	9.058e-09	26	1326
126		51037.54	9.875e-06	2.838e-02	8.959e-09	26	1326
127		51427.46	9.874e-06	1.903e-02	8.073e-09	26	1326
128		51809.07	9.874e-06	2.840e-02	7.616e-09	26	1326
129		52197.03	9.874e-06	2.839e-02	6.731e-09	26	1326
130		52585.98	9.874e-06	2.392e-02	6.256e-09	26	1326
131		52968.54	9.874e-06	2.750e-02	6.354e-09	26	1326
132		53363.10	9.873e-06	2.841e-02	6.562e-09	26	1326
133		53749.44	9.873e-06	2.840e-02	6.097e-09	26	1326
134		54139.43	9.872e-06	2.841e-02	5.634e-09	26	1326
135		54529.99	9.872e-06	2.841e-02	5.426e-09	26	1326
136		54925.59	9.872e-06	2.841e-02	5.208e-09	26	1326
137		55311.83	9.872e-06	2.841e-02	4.975e-09	26	1326
138		55724.92	9.872e-06	2.841e-02	4.695e-09	26	1326
139		56130.81	9.872e-06	2.841e-02	3.985e-09	26	1326
140		56537.92	9.872e-06	2.841e-02	3.607e-09	26	1326
141		56951.42	9.872e-06	2.841e-02	2.767e-09	26	1326
142		57363.08	9.872e-06	2.841e-02	2.287e-09	26	1326
143		57764.87	9.872e-06	2.839e-02	1.982e-09	26	1326
144		58181.26	9.872e-06	2.841e-02	1.880e-09	26	1326
145		58597.77	9.872e-06	2.841e-02	1.589e-09	26	1326
146		59004.44	9.872e-06	2.841e-02	1.402e-09	26	1326
147		59421.45	9.872e-06	2.841e-02	8.591e-10	26	1326
148		59836.27	9.872e-06	2.841e-02	7.476e-10	26	1326
149		60243.97	9.872e-06	2.841e-02	3.450e-10	26	1326
150		60657.54	9.872e-06	2.840e-02	3.322e-10	26	1326
151		61065.63	9.872e-06	2.841e-02	2.301e-10	26	1326
152		61482.43	9.872e-06	2.841e-02	1.903e-10	26	1326
153		61875.58	9.872e-06	2.438e-02	9.512e-11	26	1326
154		62281.55	9.872e-06	2.633e-02	9.512e-11	26	1326
155		62698.52	9.872e-06	2.841e-02	9.512e-11	26	1326
156		63104.52	9.872e-06	2.832e-02	0.000e+00	26	1326
157		63518.59	9.872e-06	2.760e-02	0.000e+00	26	1326
158		63931.37	9.872e-06	2.841e-02	0.000e+00	26	1326
159		64336.74	9.872e-06	2.841e-02	0.000e+00	26	1326
160		64752.03	9.872e-06	2.841e-02	0.000e+00	26	1326
161		65153.43	9.872e-06	2.841e-02	0.000e+00	26	1326
162		65564.83	9.872e-06	2.841e-02	0.000e+00	26	1326
163		65971.10	9.872e-06	2.841e-02	0.000e+00	26	1326
164		66379.58	9.872e-06	2.841e-02	0.000e+00	26	1326
165		66783.95	9.872e-06	2.841e-02	0.000e+00	26	1326
166		67194.52	9.872e-06	2.795e-02	0.000e+00	26	1326
167		67604.10	9.872e-06	2.841e-02	0.000e+00	26	1326
168		68010.78	9.872e-06	2.690e-02	0.000e+00	26	1326
169		68412.96	9.872e-06	2.573e-02	0.000e+00	26	1326
170		68824.62	9.872e-06	2.835e-02	0.000e+00	26	1326
171		69234.63	9.872e-06	2.840e-02	0.000e+00	26	1326
172		69653.02	9.872e-06	2.841e-02	0.000e+00	26	1326
173		70066.01	9.872e-06	2.839e-02	0.000e+00	26	1326
174		70492.03	9.872e-06	2.813e-02	0.000e+00	26	1326
175		70919.84	9.872e-06	2.841e-02	0.000e+00	26	1326
176		71343.14	9.872e-06	2.841e-02	0.000e+00	26	1326
177		71762.14	9.872e-06	2.841e-02	0.000e+00	26	1326
178		72180.03	9.872e-06	2.769e-02	0.000e+00	26	1326
179		72607.02	9.872e-06	2.841e-02	0.000e+00	26	1326
180		73034.34	9.872e-06	2.840e-02	0.000e+00	26	1326
181		73472.99	9.872e-06	2.841e-02	0.000e+00	26	1326
182		73894.79	9.872e-06	2.841e-02	0.000e+00	26	1326
183		74325.01	9.872e-06	2.803e-02	0.000e+00	26	1326
184		74755.43	9.872e-06	2.840e-02	0.000e+00	26	1326
185		75190.84	9.872e-06	2.841e-02	0.000e+00	26	1326
186		75629.57	9.872e-06	2.841e-02	0.000e+00	26	1326
187		76059.07	9.872e-06	2.841e-02	0.000e+00	26	1326
188		76469.29	9.872e-06	2.841e-02	0.000e+00	26	1326
189		76884.47	9.872e-06	2.826e-02	0.000e+00	26	1326
190		77320.63	9.872e-06	2.841e-02	0.000e+00	26	1326
191		77763.18	9.872e-06	2.841e-02	0.000e+00	26	1326
192		78193.59	9.872e-06	2.841e-02	0.000e+00	26	1326
193		78620.10	9.872e-06	2.841e-02	0.000e+00	26	1326
194		79054.42	9.872e-06	2.841e-02	0.000e+00	26	1326
195		79480.12	9.872e-06	2.841e-02	0.000e+00	26	1326
196		79918.55	9.872e-06	2.544e-02	0.000e+00	26	1326
197		80349.97	9.872e-06	2.357e-02	0.000e+00	26	1326
198		80771.47	9.872e-06	2.812e-02	0.000e+00	26	1326
199		81198.99	9.872e-06	2.434e-02	0.000e+00	26	1326
A	 = 2.11e+12,6.97e+13,9.45e+12,
C0	 = 1.0,0.0,
Cpa	 = 1049.1399813068765,745.7563352939627,
Cpb	 = 0.10367859569048063,0.12670806271304252,
E	 = 1.87e+05,1.89e+05,1.76e+05,
Hp	 = 399427.85430466884,228391.7806794155,390347.5437905524,
K	 = 17881.89803812772,100000000.0,
Value	 = 9.872111197151415e-06,
Xi	 = 0.6911129781254008,0.5262045168842829,0.2932557959394989,
eps	 = 0.9323463216121666,0.94,
ka	 = 0.3074386034590926,0.22329175500884504,
kb	 = 4.970280668929677e-05,9.856115501284497e-05,
n	 = 1.0369288526632245,1.4763151325684483,3.051939311125592,
nO2	 = 0.0,0.0,0.0,
rho	 = 1683.0,1235.0,
Results saved to D:\workspace\JENSENHUGHES\optimization\optimizationPaper\config\multiReactionCharring\3Reactions\2mass_TGA\../../../../results/multiReactionCharring/3Reactions/charLinear3Reac2MassTGA_solution.txt
