C:\Users\Fyang\Workspace\optimization\optimizationPaper\config\multiReactionCharring\3Reactions\1mass_TGA_BT\../../../../results/multiReactionCharring/3Reactions/charLinear3ReacTGABT Log file
!!python/object/apply:collections.defaultdict
args:
- &id001 !!python/name:builtins.bool ''
dictitems:
  Duraboard:
    CprampF:
    - 1.0
    - 1.0
    CprampT:
    - 0
    - 5000
    eps: 0.8
    krampF:
    - 0.075932
    - 0.090229
    - 0.104522
    - 0.122143
    - 0.14158
    - 0.163436
    - 0.190738
    - 0.221975
    krampT:
    - 203.035
    - 317.4028
    - 426.9164
    - 536.4182
    - 647.3003
    - 757.4803
    - 867.6409
    - 981.2546
    rho: 258
    thickness: 0.0254
  XiState:
  - unknown
  - unknown
  - unknown
  assumeVolumeConservation: false
  cone:
    Tinit: 25
    activePhaseVars:
    - C0
    - rho
    - ka
    - kb
    - kc
    - kd
    - ke
    - Cpa
    - Cpb
    - Cpc
    - Cpd
    - Cpe
    - eps
    - K
    activeReactionVars:
    - A
    - E
    - n
    - Hp
    - nO2
    - Xi
    allowIgnition: false
    backBoundaryConditions:
      Tamb: 25
      htc: Auto
      type: INSULATED
    frontBoundaryConditions:
      Tamb: 25
      htc: Auto
    ignitionHeatFlux: 20
    ignitionThreshold: 0.0032
    weight: 1.0
  cone1: !!python/object/apply:collections.defaultdict
    args:
    - *id001
    dictitems:
      Tinit: 25
      activePhaseVars:
      - C0
      - rho
      - ka
      - kb
      - kc
      - kd
      - ke
      - Cpa
      - Cpb
      - Cpc
      - Cpd
      - Cpe
      - eps
      - K
      activeReactionVars:
      - A
      - E
      - n
      - Hp
      - nO2
      - Xi
      backBoundaryConditions: !!python/object/apply:collections.defaultdict
        args:
        - *id001
        dictitems:
          Tamb: 25
          htc: Auto
          type: INSULATED
      columns:
      - 1
      - 3
      depths:
      - 0
      - 0.008
      file: ../../../../data/multiReactionCharring/charLinear3ReacNominal25kWVirtual.csv
      finalThickness: false
      frontBoundaryConditions: !!python/object/apply:collections.defaultdict
        args:
        - *id001
        dictitems:
          Tamb: 25
          heatFlux: 25
          htc: 15
      ignitionHeatFlux: 20.0
      ignitionThreshold: 0.0032
      initialThickness: 0.008
      names:
      - Mass
      - Temperature
      time: 0
      types:
      - 1
      - 3
      weight: 1.0
      weights:
      - 1
      - 1
      width1: 0.1016
      width2: 0.1016
  configDir: C:\Users\Fyang\Workspace\optimization\optimizationPaper\config\multiReactionCharring\3Reactions\1mass_TGA_BT\
  dataSources:
    names:
    - cone1
    types:
    - cone
  dsc:
    activePhaseVars:
    - C0
    - Cpa
    - Cpb
    - Cpc
    - Cpd
    - Cpe
    activeReactionVars:
    - A
    - E
    - n
    - Hp
    dscO2: None
    weight: 1.0
  fdsPath: C:\Program Files\FDS\FDS6\bin
  keepTemporaryFiles: false
  name: charLinear3ReacTGABT
  optimizeParams:
    absErr: 1e-7
    absRelErr: 1e-7
    elimThresh: 1e-2
    maxIter: 200
    maxTime: 600000
    minIter: 5
    minP: 26
    opAlpha: 51
    opBeta: 1
    opP: 26
    opQ: 26
    opS: 51
    relErr: 1e-12
    relIter: 15
  outputParams:
    saveAllSamples: false
  phaseParams:
    C0:
    - - 1
      - 0
      - 1
    - - 0
      - 1189
      - 1189
    Cpa:
    - - None
      - 270
      - 4320
    - - None
      - 260.25
      - 4164
    Cpb:
    - - None
      - 0.0113
      - 0.1808
    - - None
      - 0.06475
      - 1.036
    Cpc:
    - - 0.0
      - 0.0
      - 0.0
    - - 0.0
      - 0.0
      - 0.0
    Cpd:
    - - 0.0
      - 0.0
      - 0.0
    - - 0.0
      - 0.0
      - 0.0
    Cpe:
    - &id002
      - 0
      - 0
      - 1
    - *id002
    K:
    - - None
      - 2500
      - 40000
    - - 1e8
      - 1189
      - 1189
    eps:
    - - None
      - 0.235
      - 1.0
    - - 0.94
      - 0.235
      - 1.0
    ka:
    - - None
      - 0.078
      - 1.248
    - - None
      - 0.023725
      - 0.3796
    kb:
    - - None
      - 1.1013e-05
      - 0.0001762
    - - None
      - 7.075e-05
      - 0.001132
    kc:
    - - 0.0
      - 0.0
      - 0.0
    - - 0.0
      - 0.0
      - 0.0
    kd:
    - - 0.0
      - 0.0
      - 0.0
    - - 0.0
      - 0.0
      - 0.0
    ke:
    - &id003
      - 0
      - 0
      - 1
    - *id003
    nO2:
    - - 0
      - 0
      - 1
    - - 0
      - 1189
      - 1189
    phases:
    - virgin
    - char
    rho:
    - - 1683
      - 1189
      - 1189
    - - 1235
      - 1189
      - 1189
  processParams:
    maxProcesses: 4
    multiprocess: true
  reactionParams:
    A:
    - - None
      - 2.106e12
      - 2.574e12
    - - None
      - 6.75e13
      - 8.25e13
    - - None
      - 8.28e12
      - 1.012e13
    E:
    - - None
      - 1.629e5
      - 1.991e5
    - - None
      - 1.737e5
      - 2.123e5
    - - None
      - 1.575e5
      - 1.925e5
    Hp:
    - - None
      - 2.5e4
      - 4e5
    - - None
      - 5e4
      - 8e5
    - - None
      - 360000
      - 440000
    Xi:
    - - None
      - 0.675
      - 0.825
    - - None
      - 0.45
      - 0.55
    - - None
      - 0.27
      - 0.33
    n:
    - - None
      - 0.9
      - 1.1
    - - None
      - 1.35
      - 1.65
    - - None
      - 2.7
      - 3.3
    nO2:
    - &id004
      - 0
      - 0
      - 1
    - *id004
    - *id004
    prodState:
    - 1
    - 1
    - 1
    reacState:
    - 0
    - 0
    - 0
    typeState:
    - 3
    - 3
    - 3
  reinitializeComplex: false
  restart: false
  resultsDir: ../../../../results/multiReactionCharring/3Reactions/
  systemDir: C:\Users\Fyang\Workspace\optimization\sourceCode\optimizationpython\src
  tga:
    activePhaseVars:
    - C0
    - rho
    activeReactionVars:
    - A
    - E
    - n
    tgaO2: None
    tgaOpt: 1
    weight: 1.0
  thermalPropertyUnits: K
  virtualExperiment: false
Loop	t (s)	Error Min	Error Max	ErrorRel	Comp	Samples
0		153.76	1.061e-03	2.794e-02	1.000e+00	26	1326
1		309.83	9.527e-04	2.713e-02	1.000e+00	26	1326
2		476.20	7.093e-04	2.584e-02	1.000e+00	26	1326
3		643.53	4.796e-04	2.584e-02	1.000e+00	26	1326
4		811.30	4.000e-04	2.275e-02	1.000e+00	26	1326
5		988.69	2.815e-04	2.762e-02	1.000e+00	26	1326
6		1159.58	2.010e-04	2.762e-02	1.000e+00	26	1326
7		1333.98	1.467e-04	2.480e-02	1.000e+00	26	1326
8		1509.95	1.379e-04	2.637e-02	1.000e+00	26	1326
9		1692.04	1.151e-04	2.081e-02	1.000e+00	26	1326
10		1873.73	1.076e-04	2.419e-02	1.000e+00	26	1326
11		2057.82	1.011e-04	2.080e-02	1.000e+00	26	1326
12		2247.69	9.836e-05	2.639e-02	1.000e+00	26	1326
13		2436.96	9.498e-05	2.581e-02	1.000e+00	26	1326
14		2629.25	9.101e-05	1.580e-02	1.000e+00	26	1326
15		2823.33	8.436e-05	1.463e-02	1.000e+00	26	1326
16		3018.30	7.881e-05	1.225e-02	8.739e-04	26	1326
17		3211.78	7.475e-05	1.077e-02	6.346e-04	26	1326
18		3416.46	6.686e-05	7.506e-03	4.127e-04	26	1326
19		3618.89	6.360e-05	4.723e-03	3.364e-04	26	1326
20		3813.74	6.090e-05	3.672e-03	2.206e-04	26	1326
21		4008.74	5.709e-05	3.518e-03	1.439e-04	26	1326
22		4201.61	5.308e-05	2.776e-03	9.360e-05	26	1326
23		4393.99	4.946e-05	1.498e-03	8.848e-05	26	1326
24		4584.39	4.635e-05	1.303e-03	6.870e-05	26	1326
25		4775.87	4.409e-05	1.074e-03	6.355e-05	26	1326
26		4966.94	3.864e-05	9.055e-04	6.244e-05	26	1326
27		5162.12	3.629e-05	7.693e-04	6.207e-05	26	1326
28		5360.31	3.490e-05	7.693e-04	6.008e-05	26	1326
29		5553.41	3.381e-05	7.693e-04	5.720e-05	26	1326
30		5748.59	3.327e-05	5.191e-04	5.109e-05	26	1326
31		5945.56	3.315e-05	4.466e-03	4.566e-05	26	1326
32		6144.54	3.297e-05	4.466e-03	4.177e-05	26	1326
33		6337.61	3.279e-05	6.718e-04	3.407e-05	26	1326
34		6532.91	3.251e-05	6.483e-04	3.109e-05	26	1326
35		6728.41	3.222e-05	1.201e-04	2.867e-05	26	1326
36		6914.49	3.200e-05	1.159e-04	2.509e-05	26	1326
37		7102.66	3.167e-05	1.044e-04	2.140e-05	26	1326
38		7289.76	3.091e-05	8.716e-05	1.855e-05	26	1326
39		7472.67	3.007e-05	8.295e-05	1.628e-05	26	1326
40		7645.93	2.931e-05	7.977e-05	1.478e-05	26	1326
41		7828.72	2.882e-05	7.977e-05	9.817e-06	26	1326
42		8008.70	2.841e-05	7.580e-05	7.882e-06	26	1326
43		8189.26	2.814e-05	7.097e-05	6.763e-06	26	1326
44		8366.84	2.783e-05	7.039e-05	5.982e-06	26	1326
45		8545.22	2.753e-05	6.632e-05	5.740e-06	26	1326
46		8728.19	2.732e-05	6.278e-05	5.835e-06	26	1326
47		8911.86	2.722e-05	2.554e-02	5.751e-06	26	1326
48		9088.42	2.703e-05	6.869e-03	5.764e-06	26	1326
49		9267.78	2.690e-05	3.184e-03	5.614e-06	26	1326
50		9446.76	2.677e-05	3.746e-04	5.451e-06	26	1326
51		9626.01	2.669e-05	1.063e-04	5.306e-06	26	1326
52		9801.88	2.633e-05	1.060e-04	5.346e-06	26	1326
53		9988.64	2.610e-05	6.808e-05	4.811e-06	26	1326
54		10171.01	2.602e-05	5.347e-05	4.053e-06	26	1326
55		10350.05	2.597e-05	4.719e-05	3.337e-06	26	1326
56		10530.70	2.592e-05	4.719e-05	2.901e-06	26	1326
57		10716.09	2.592e-05	4.540e-05	2.496e-06	26	1326
58		10896.96	2.588e-05	4.505e-05	2.256e-06	26	1326
59		11078.40	2.587e-05	4.505e-05	1.959e-06	26	1326
60		11259.88	2.582e-05	4.388e-05	1.712e-06	26	1326
61		11440.97	2.580e-05	4.377e-05	1.516e-06	26	1326
62		11622.65	2.577e-05	4.377e-05	1.452e-06	26	1326
63		11804.21	2.575e-05	4.358e-05	1.272e-06	26	1326
64		11988.60	2.574e-05	6.900e-03	1.162e-06	26	1326
65		12166.67	2.571e-05	6.900e-03	1.064e-06	26	1326
66		12341.34	2.568e-05	6.900e-03	1.016e-06	26	1326
67		12516.13	2.567e-05	3.616e-03	6.576e-07	26	1326
68		12693.29	2.564e-05	9.117e-04	4.575e-07	26	1326
69		12866.27	2.561e-05	2.085e-02	4.063e-07	26	1326
70		13040.26	2.557e-05	3.897e-03	4.029e-07	26	1326
71		13217.54	2.552e-05	2.504e-04	3.990e-07	26	1326
72		13393.05	2.552e-05	7.501e-05	3.988e-07	26	1326
73		13561.41	2.549e-05	4.531e-05	3.907e-07	26	1326
74		13736.90	2.548e-05	1.532e-02	3.879e-07	26	1326
75		13912.19	2.548e-05	2.674e-02	3.415e-07	26	1326
76		14086.37	2.547e-05	2.447e-02	3.311e-07	26	1326
77		14259.85	2.547e-05	2.447e-02	3.025e-07	26	1326
78		14427.72	2.546e-05	2.430e-02	2.896e-07	26	1326
79		14599.70	2.546e-05	2.425e-02	2.757e-07	26	1326
80		14771.90	2.546e-05	2.299e-02	2.521e-07	26	1326
81		14946.07	2.545e-05	2.775e-02	2.263e-07	26	1326
82		15117.68	2.545e-05	2.713e-02	2.188e-07	26	1326
83		15295.07	2.545e-05	2.365e-02	1.920e-07	26	1326
84		15469.04	2.545e-05	2.233e-02	1.628e-07	26	1326
85		15647.09	2.545e-05	2.552e-02	1.206e-07	26	1326
86		15825.27	2.545e-05	2.403e-02	7.733e-08	26	1326
87		16001.32	2.544e-05	2.585e-02	7.228e-08	26	1326
88		16182.13	2.544e-05	2.526e-02	4.825e-08	26	1326
89		16363.97	2.544e-05	2.399e-02	4.126e-08	26	1326
90		16549.54	2.544e-05	2.819e-02	3.397e-08	26	1326
91		16727.44	2.544e-05	2.567e-02	3.107e-08	26	1326
92		16908.62	2.544e-05	2.651e-02	3.086e-08	26	1326
93		17086.12	2.544e-05	2.651e-02	2.700e-08	26	1326
94		17272.40	2.544e-05	2.702e-02	2.351e-08	26	1326
95		17454.81	2.544e-05	2.832e-02	2.080e-08	26	1326
96		17644.45	2.544e-05	2.661e-02	1.726e-08	26	1326
97		17830.08	2.543e-05	2.539e-02	1.632e-08	26	1326
98		18019.42	2.543e-05	2.899e-02	1.455e-08	26	1326
99		18213.40	2.543e-05	2.716e-02	1.246e-08	26	1326
100		18409.41	2.543e-05	2.524e-02	1.260e-08	26	1326
101		18604.21	2.543e-05	2.603e-02	1.195e-08	26	1326
102		18798.69	2.543e-05	2.722e-02	1.224e-08	26	1326
103		18992.21	2.543e-05	2.196e-02	1.213e-08	26	1326
104		19190.44	2.543e-05	2.692e-02	1.233e-08	26	1326
105		19379.80	2.543e-05	2.846e-02	1.161e-08	26	1326
106		19570.06	2.543e-05	2.846e-02	1.116e-08	26	1326
107		19759.98	2.543e-05	2.457e-02	1.071e-08	26	1326
108		19953.48	2.543e-05	2.664e-02	1.014e-08	26	1326
109		20148.29	2.543e-05	2.555e-02	1.025e-08	26	1326
110		20340.92	2.543e-05	2.809e-02	9.745e-09	26	1326
111		20535.85	2.543e-05	2.223e-02	9.210e-09	26	1326
112		20734.23	2.543e-05	2.779e-02	8.818e-09	26	1326
113		20926.81	2.543e-05	2.531e-02	8.786e-09	26	1326
114		21124.08	2.543e-05	2.330e-02	8.493e-09	26	1326
115		21319.77	2.542e-05	2.762e-02	9.900e-09	26	1326
116		21525.05	2.542e-05	2.683e-02	1.003e-08	26	1326
117		21729.62	2.542e-05	2.563e-02	1.124e-08	26	1326
118		21935.03	2.542e-05	2.799e-02	1.086e-08	26	1326
119		22137.33	2.542e-05	2.725e-02	1.147e-08	26	1326
120		22341.91	2.542e-05	2.725e-02	1.106e-08	26	1326
121		22550.39	2.542e-05	2.526e-02	9.804e-09	26	1326
122		22753.19	2.542e-05	2.795e-02	9.201e-09	26	1326
123		22961.39	2.542e-05	2.613e-02	9.056e-09	26	1326
124		23168.46	2.542e-05	2.690e-02	9.069e-09	26	1326
125		23372.46	2.542e-05	2.855e-02	9.516e-09	26	1326
126		23575.23	2.542e-05	2.026e-02	9.810e-09	26	1326
127		23782.01	2.542e-05	2.539e-02	9.946e-09	26	1326
128		23987.28	2.542e-05	2.459e-02	1.015e-08	26	1326
129		24193.25	2.542e-05	2.432e-02	1.029e-08	26	1326
130		24399.31	2.542e-05	2.432e-02	8.687e-09	26	1326
131		24601.31	2.542e-05	2.361e-02	8.035e-09	26	1326
132		24809.10	2.542e-05	2.523e-02	6.146e-09	26	1326
133		25013.68	2.541e-05	2.760e-02	5.944e-09	26	1326
134		25217.54	2.541e-05	2.636e-02	4.262e-09	26	1326
135		25422.92	2.541e-05	2.857e-02	3.554e-09	26	1326
136		25630.98	2.541e-05	2.833e-02	3.579e-09	26	1326
137		25835.76	2.541e-05	2.833e-02	3.288e-09	26	1326
138		26045.63	2.541e-05	2.763e-02	4.012e-09	26	1326
139		26257.33	2.541e-05	2.763e-02	3.858e-09	26	1326
140		26456.70	2.541e-05	2.337e-02	3.113e-09	26	1326
141		26656.28	2.541e-05	2.550e-02	3.075e-09	26	1326
142		26863.47	2.541e-05	1.636e-02	3.188e-09	26	1326
143		27069.56	2.541e-05	2.060e-02	3.106e-09	26	1326
144		27275.76	2.541e-05	2.341e-02	2.998e-09	26	1326
145		27482.25	2.541e-05	2.522e-02	2.950e-09	26	1326
146		27693.44	2.541e-05	2.582e-02	2.941e-09	26	1326
147		27909.21	2.541e-05	2.770e-02	2.850e-09	26	1326
148		28120.40	2.541e-05	2.227e-02	2.609e-09	26	1326
149		28336.44	2.541e-05	2.798e-02	2.616e-09	26	1326
150		28558.10	2.541e-05	2.169e-02	2.516e-09	26	1326
151		28774.59	2.541e-05	2.743e-02	2.472e-09	26	1326
152		28988.97	2.541e-05	2.670e-02	2.458e-09	26	1326
153		29202.22	2.541e-05	2.695e-02	1.339e-09	26	1326
154		29423.56	2.541e-05	2.751e-02	1.013e-09	26	1326
155		29638.23	2.541e-05	2.844e-02	1.016e-09	26	1326
156		29852.51	2.541e-05	2.630e-02	7.600e-10	26	1326
157		30066.50	2.541e-05	2.719e-02	4.401e-10	26	1326
158		30285.16	2.541e-05	2.666e-02	2.580e-10	26	1326
159		30498.37	2.541e-05	2.865e-02	1.862e-10	26	1326
160		30717.94	2.541e-05	2.794e-02	9.517e-11	26	1326
161		30931.01	2.541e-05	2.331e-02	1.894e-11	26	1326
162		31146.50	2.541e-05	2.841e-02	1.894e-11	26	1326
163		31356.68	2.541e-05	2.821e-02	1.894e-11	26	1326
164		31563.16	2.541e-05	2.734e-02	2.771e-12	26	1326
165		31776.65	2.541e-05	2.733e-02	2.771e-12	26	1326
166		31987.13	2.541e-05	2.733e-02	2.771e-12	26	1326
167		32202.86	2.541e-05	2.846e-02	2.771e-12	26	1326
168		32416.85	2.541e-05	2.765e-02	2.771e-12	26	1326
169		32627.24	2.541e-05	2.342e-02	2.771e-12	26	1326
170		32846.23	2.541e-05	2.631e-02	0.000e+00	26	1326
171		33060.14	2.541e-05	2.376e-02	0.000e+00	26	1326
172		33277.84	2.541e-05	2.382e-02	0.000e+00	26	1326
173		33490.10	2.541e-05	2.765e-02	0.000e+00	26	1326
174		33700.50	2.541e-05	2.777e-02	0.000e+00	26	1326
175		33911.41	2.541e-05	2.663e-02	0.000e+00	26	1326
176		34125.39	2.541e-05	2.831e-02	0.000e+00	26	1326
177		34339.96	2.541e-05	2.498e-02	0.000e+00	26	1326
178		34555.74	2.541e-05	2.892e-02	0.000e+00	26	1326
179		34770.32	2.541e-05	2.202e-02	0.000e+00	26	1326
180		34984.48	2.541e-05	2.694e-02	0.000e+00	26	1326
181		35197.86	2.541e-05	2.772e-02	0.000e+00	26	1326
182		35409.63	2.541e-05	2.735e-02	0.000e+00	26	1326
183		35620.51	2.541e-05	2.821e-02	0.000e+00	26	1326
184		35828.39	2.541e-05	2.751e-02	0.000e+00	26	1326
185		36044.67	2.541e-05	2.835e-02	0.000e+00	26	1326
186		36256.62	2.541e-05	2.838e-02	0.000e+00	26	1326
187		36481.62	2.541e-05	2.841e-02	0.000e+00	26	1326
188		36695.28	2.541e-05	2.627e-02	0.000e+00	26	1326
189		36907.46	2.541e-05	2.746e-02	0.000e+00	26	1326
190		37114.45	2.541e-05	2.876e-02	0.000e+00	26	1326
191		37333.15	2.541e-05	2.899e-02	6.717e-12	26	1326
192		37544.63	2.541e-05	2.779e-02	6.717e-12	26	1326
193		37757.22	2.541e-05	2.858e-02	6.717e-12	26	1326
194		37974.81	2.541e-05	2.788e-02	6.717e-12	26	1326
195		38191.16	2.541e-05	2.656e-02	6.717e-12	26	1326
196		38407.64	2.541e-05	2.849e-02	6.717e-12	26	1326
197		38621.83	2.541e-05	2.849e-02	6.717e-12	26	1326
198		38837.60	2.541e-05	2.684e-02	6.717e-12	26	1326
199		39049.22	2.541e-05	2.697e-02	6.717e-12	26	1326
A	 = 2.33e+12,7.22e+13,8.28e+12,
C0	 = 1.0,0.0,
Cpa	 = 1101.0333286243037,714.132455198321,
Cpb	 = 0.12172656819762759,0.7446407294677788,
E	 = 1.82e+05,1.94e+05,1.74e+05,
Hp	 = 90455.17934369021,201452.25661782827,389808.34204146615,
K	 = 25312.615881619015,100000000.0,
Value	 = 2.5412355083366647e-05,
Xi	 = 0.8162447885205819,0.4608601086660748,0.3274892193974846,
eps	 = 0.9759288724144353,0.94,
ka	 = 0.3182808658658872,0.07801197368487642,
kb	 = 7.147052677682896e-05,0.000338039920808998,
n	 = 0.9463658320898749,1.5081254610542034,2.8620358414719345,
nO2	 = 0.0,0.0,0.0,
rho	 = 1683.0,1235.0,
Results saved to C:\Users\Fyang\Workspace\optimization\optimizationPaper\config\multiReactionCharring\3Reactions\1mass_TGA_BT\../../../../results/multiReactionCharring/3Reactions/charLinear3ReacTGABT_solution.txt
