C:\Users\Fyang\Workspace\optimization\optimizationPaper\config\multiReactionCharring\3Reactions\1mass_FT_BT\../../../../results/multiReactionCharring/3Reactions/charLinear3ReacFTBT Log file
!!python/object/apply:collections.defaultdict
args:
- &id001 !!python/name:builtins.bool ''
dictitems:
  Duraboard:
    CprampF:
    - 1.0
    - 1.0
    CprampT:
    - 0
    - 5000
    eps: 0.8
    krampF:
    - 0.075932
    - 0.090229
    - 0.104522
    - 0.122143
    - 0.14158
    - 0.163436
    - 0.190738
    - 0.221975
    krampT:
    - 203.035
    - 317.4028
    - 426.9164
    - 536.4182
    - 647.3003
    - 757.4803
    - 867.6409
    - 981.2546
    rho: 258
    thickness: 0.0254
  XiState:
  - unknown
  - unknown
  - unknown
  assumeVolumeConservation: false
  cone:
    Tinit: 25
    activePhaseVars:
    - C0
    - rho
    - ka
    - kb
    - kc
    - kd
    - ke
    - Cpa
    - Cpb
    - Cpc
    - Cpd
    - Cpe
    - eps
    - K
    activeReactionVars:
    - A
    - E
    - n
    - Hp
    - nO2
    - Xi
    allowIgnition: false
    backBoundaryConditions:
      Tamb: 25
      htc: Auto
      type: INSULATED
    frontBoundaryConditions:
      Tamb: 25
      htc: Auto
    ignitionHeatFlux: 20
    ignitionThreshold: 0.0032
    weight: 1.0
  cone1: !!python/object/apply:collections.defaultdict
    args:
    - *id001
    dictitems:
      Tinit: 25
      activePhaseVars:
      - C0
      - rho
      - ka
      - kb
      - kc
      - kd
      - ke
      - Cpa
      - Cpb
      - Cpc
      - Cpd
      - Cpe
      - eps
      - K
      activeReactionVars:
      - A
      - E
      - n
      - Hp
      - nO2
      - Xi
      backBoundaryConditions: !!python/object/apply:collections.defaultdict
        args:
        - *id001
        dictitems:
          Tamb: 25
          htc: Auto
          type: INSULATED
      columns:
      - 1
      - 2
      - 3
      depths:
      - 0
      - 0
      - 0.008
      file: ../../../../data/multiReactionCharring/charLinear3ReacNominal25kWVirtual.csv
      finalThickness: false
      frontBoundaryConditions: !!python/object/apply:collections.defaultdict
        args:
        - *id001
        dictitems:
          Tamb: 25
          heatFlux: 25
          htc: 15
      ignitionHeatFlux: 20.0
      ignitionThreshold: 0.0032
      initialThickness: 0.008
      names:
      - Mass
      - Temperature
      - Temperature
      time: 0
      types:
      - 1
      - 3
      - 3
      weight: 1.0
      weights:
      - 1
      - 1
      - 1
      width1: 0.1016
      width2: 0.1016
  configDir: C:\Users\Fyang\Workspace\optimization\optimizationPaper\config\multiReactionCharring\3Reactions\1mass_FT_BT\
  dataSources:
    names:
    - cone1
    types:
    - cone
  dsc:
    activePhaseVars:
    - C0
    - Cpa
    - Cpb
    - Cpc
    - Cpd
    - Cpe
    activeReactionVars:
    - A
    - E
    - n
    - Hp
    dscO2: None
    weight: 1.0
  fdsPath: C:\Program Files\FDS\FDS6\bin
  keepTemporaryFiles: false
  name: charLinear3ReacFTBT
  optimizeParams:
    absErr: 1e-7
    absRelErr: 5e-7
    elimThresh: 1e-2
    maxIter: 200
    maxTime: 600000
    minIter: 5
    minP: 26
    opAlpha: 51
    opBeta: 1
    opP: 26
    opQ: 26
    opS: 51
    relErr: 1e-12
    relIter: 15
  outputParams:
    saveAllSamples: false
  phaseParams:
    C0:
    - - 1
      - 0
      - 1
    - - 0
      - 1189
      - 1189
    Cpa:
    - - None
      - 270
      - 4320
    - - None
      - 260.25
      - 4164
    Cpb:
    - - None
      - 0.0113
      - 0.1808
    - - None
      - 0.06475
      - 1.036
    Cpc:
    - - 0.0
      - 0.0
      - 0.0
    - - 0.0
      - 0.0
      - 0.0
    Cpd:
    - - 0.0
      - 0.0
      - 0.0
    - - 0.0
      - 0.0
      - 0.0
    Cpe:
    - &id002
      - 0
      - 0
      - 1
    - *id002
    K:
    - - None
      - 2500
      - 40000
    - - 1e8
      - 1189
      - 1189
    eps:
    - - None
      - 0.235
      - 1.0
    - - 0.94
      - 0.235
      - 1.0
    ka:
    - - None
      - 0.078
      - 1.248
    - - None
      - 0.023725
      - 0.3796
    kb:
    - - None
      - 1.1013e-05
      - 0.0001762
    - - None
      - 7.075e-05
      - 0.001132
    kc:
    - - 0.0
      - 0.0
      - 0.0
    - - 0.0
      - 0.0
      - 0.0
    kd:
    - - 0.0
      - 0.0
      - 0.0
    - - 0.0
      - 0.0
      - 0.0
    ke:
    - &id003
      - 0
      - 0
      - 1
    - *id003
    nO2:
    - - 0
      - 0
      - 1
    - - 0
      - 1189
      - 1189
    phases:
    - virgin
    - char
    rho:
    - - 1683
      - 1189
      - 1189
    - - 1235
      - 1189
      - 1189
  processParams:
    maxProcesses: 4
    multiprocess: true
  reactionParams:
    A:
    - - None
      - 5.86e11
      - 9.376e12
    - - None
      - 1.875e13
      - 3e14
    - - None
      - 2.3e12
      - 3.68e13
    E:
    - - None
      - 4.525e4
      - 7.24e5
    - - None
      - 4.825e4
      - 7.72e5
    - - None
      - 4.375e4
      - 7e5
    Hp:
    - - None
      - 2.5e4
      - 4e5
    - - None
      - 5e4
      - 8e5
    - - None
      - 1e5
      - 1.6e6
    Xi:
    - - None
      - 0.1875
      - 1
    - - None
      - 0.125
      - 1
    - - None
      - 0.075
      - 1
    n:
    - - None
      - 0.25
      - 4.0
    - - None
      - 0.375
      - 6.0
    - - None
      - 0.75
      - 12
    nO2:
    - &id004
      - 0
      - 0
      - 1
    - *id004
    - *id004
    prodState:
    - 1
    - 1
    - 1
    reacState:
    - 0
    - 0
    - 0
    typeState:
    - 3
    - 3
    - 3
  reinitializeComplex: false
  restart: false
  resultsDir: ../../../../results/multiReactionCharring/3Reactions/
  systemDir: C:\Users\Fyang\Workspace\optimization\sourceCode\optimizationpython\src
  tga:
    activePhaseVars:
    - C0
    - rho
    activeReactionVars:
    - A
    - E
    - n
    tgaO2: None
    tgaOpt: 1
    weight: 1.0
  thermalPropertyUnits: K
  virtualExperiment: false
Loop	t (s)	Error Min	Error Max	ErrorRel	Comp	Samples
0		175.27	4.620e-03	4.449e-02	1.000e+00	26	1326
1		355.84	4.620e-03	4.288e-02	1.000e+00	26	1326
2		536.11	4.591e-03	4.470e-02	1.000e+00	26	1326
3		719.27	4.510e-03	3.943e-02	1.000e+00	26	1326
4		903.84	4.250e-03	4.323e-02	1.000e+00	26	1326
5		1093.40	2.975e-03	4.195e-02	1.000e+00	26	1326
6		1280.77	1.423e-03	4.228e-02	1.000e+00	26	1326
7		1475.04	1.423e-03	4.426e-02	1.000e+00	26	1326
8		1670.18	1.423e-03	4.426e-02	1.000e+00	26	1326
9		1858.02	1.110e-03	4.050e-02	1.000e+00	26	1326
10		2042.41	9.437e-04	4.050e-02	1.000e+00	26	1326
11		2245.70	8.284e-04	4.273e-02	1.000e+00	26	1326
12		2445.98	7.267e-04	4.455e-02	1.000e+00	26	1326
13		2649.13	4.601e-04	4.467e-02	1.000e+00	26	1326
14		2840.00	4.504e-04	4.467e-02	1.000e+00	26	1326
15		3030.54	4.026e-04	4.432e-02	1.000e+00	26	1326
16		3218.01	3.774e-04	4.397e-02	4.242e-03	26	1326
17		3412.71	3.630e-04	4.279e-02	4.228e-03	26	1326
18		3600.28	3.369e-04	4.397e-02	4.173e-03	26	1326
19		3792.98	3.260e-04	4.320e-02	3.924e-03	26	1326
20		3981.25	2.932e-04	4.313e-02	2.682e-03	26	1326
21		4174.18	2.624e-04	4.322e-02	1.161e-03	26	1326
22		4363.47	2.182e-04	4.353e-02	1.205e-03	26	1326
23		4560.32	1.950e-04	4.246e-02	1.228e-03	26	1326
24		4745.51	1.897e-04	4.470e-02	9.205e-04	26	1326
25		4937.78	1.816e-04	4.470e-02	7.621e-04	26	1326
26		5123.74	1.778e-04	4.247e-02	6.507e-04	26	1326
27		5315.92	1.707e-04	3.957e-02	5.560e-04	26	1326
28		5499.91	1.595e-04	4.292e-02	3.005e-04	26	1326
29		5685.82	1.494e-04	4.130e-02	3.010e-04	26	1326
30		5861.22	1.400e-04	4.294e-02	2.626e-04	26	1326
31		6037.59	1.328e-04	4.263e-02	2.446e-04	26	1326
32		6215.86	1.328e-04	4.062e-02	2.303e-04	26	1326
33		6395.96	1.308e-04	4.170e-02	2.061e-04	26	1326
34		6572.08	1.282e-04	4.275e-02	1.979e-04	26	1326
35		6751.83	1.274e-04	4.342e-02	1.658e-04	26	1326
36		6931.92	1.262e-04	3.649e-02	1.362e-04	26	1326
37		7112.70	1.257e-04	4.378e-02	9.248e-05	26	1326
38		7298.38	1.253e-04	4.174e-02	6.968e-05	26	1326
39		7484.27	1.250e-04	4.103e-02	6.465e-05	26	1326
40		7663.44	1.241e-04	4.276e-02	5.756e-05	26	1326
41		7848.93	1.231e-04	4.229e-02	5.464e-05	26	1326
42		8044.08	1.218e-04	4.448e-02	4.893e-05	26	1326
43		8222.85	1.204e-04	4.333e-02	3.909e-05	26	1326
44		8415.34	1.176e-04	4.447e-02	3.186e-05	26	1326
45		8605.51	1.150e-04	4.447e-02	2.500e-05	26	1326
46		8801.59	1.119e-04	4.091e-02	2.085e-05	26	1326
47		8990.36	1.095e-04	4.480e-02	2.325e-05	26	1326
48		9183.56	1.080e-04	3.867e-02	2.287e-05	26	1326
49		9376.44	1.072e-04	3.785e-02	2.097e-05	26	1326
50		9560.61	1.054e-04	4.443e-02	2.197e-05	26	1326
51		9753.31	1.024e-04	4.443e-02	2.377e-05	26	1326
52		9941.83	1.005e-04	4.312e-02	2.520e-05	26	1326
53		10137.40	9.984e-05	4.277e-02	2.543e-05	26	1326
54		10331.59	9.756e-05	4.269e-02	2.748e-05	26	1326
55		10519.98	9.685e-05	4.214e-02	2.722e-05	26	1326
56		10700.47	9.654e-05	4.465e-02	2.658e-05	26	1326
57		10876.86	9.589e-05	4.176e-02	2.588e-05	26	1326
58		11062.72	9.577e-05	4.356e-02	2.468e-05	26	1326
59		11250.00	9.535e-05	4.356e-02	2.221e-05	26	1326
60		11449.57	9.511e-05	4.356e-02	1.989e-05	26	1326
61		11643.75	9.492e-05	4.371e-02	1.699e-05	26	1326
62		11836.61	9.480e-05	4.492e-02	1.471e-05	26	1326
63		12032.59	9.480e-05	4.418e-02	1.318e-05	26	1326
64		12229.18	9.472e-05	4.408e-02	1.249e-05	26	1326
65		12420.77	9.472e-05	4.076e-02	1.073e-05	26	1326
66		12614.26	9.464e-05	4.076e-02	7.780e-06	26	1326
67		12809.99	9.461e-05	4.371e-02	5.911e-06	26	1326
68		13002.24	9.458e-05	4.202e-02	5.259e-06	26	1326
69		13194.63	9.454e-05	4.244e-02	3.023e-06	26	1326
70		13392.39	9.451e-05	4.316e-02	2.349e-06	26	1326
71		13589.46	9.447e-05	3.967e-02	2.070e-06	26	1326
72		13782.81	9.445e-05	3.956e-02	1.440e-06	26	1326
73		13977.00	9.439e-05	4.202e-02	1.376e-06	26	1326
74		14168.06	9.435e-05	4.133e-02	1.002e-06	26	1326
75		14355.23	9.431e-05	4.426e-02	7.975e-07	26	1326
76		14541.71	9.429e-05	3.974e-02	6.352e-07	26	1326
77		14729.70	9.429e-05	4.441e-02	5.085e-07	26	1326
78		14915.38	9.428e-05	4.084e-02	5.177e-07	26	1326
79		15103.94	9.428e-05	3.237e-02	4.381e-07	26	1326
80		15295.83	9.427e-05	4.164e-02	4.482e-07	26	1326
81		15491.01	9.426e-05	4.153e-02	3.796e-07	26	1326
82		15685.78	9.423e-05	3.780e-02	3.862e-07	26	1326
83		15879.07	9.422e-05	3.405e-02	3.606e-07	26	1326
84		16071.29	9.417e-05	3.789e-02	3.658e-07	26	1326
85		16261.39	9.415e-05	4.292e-02	3.589e-07	26	1326
86		16453.33	9.407e-05	3.488e-02	3.920e-07	26	1326
87		16645.50	9.403e-05	4.367e-02	4.261e-07	26	1326
88		16842.67	9.398e-05	3.448e-02	4.091e-07	26	1326
89		17033.65	9.392e-05	4.178e-02	4.205e-07	26	1326
90		17222.92	9.389e-05	4.178e-02	4.291e-07	26	1326
91		17416.20	9.293e-05	3.883e-02	1.360e-06	26	1326
92		17602.48	9.155e-05	3.441e-02	2.742e-06	26	1326
93		17789.02	9.036e-05	3.863e-02	3.918e-06	26	1326
94		17975.22	9.005e-05	4.256e-02	4.224e-06	26	1326
95		18163.59	8.974e-05	4.256e-02	4.529e-06	26	1326
96		18351.68	8.974e-05	4.256e-02	4.523e-06	26	1326
97		18538.35	8.955e-05	4.311e-02	4.672e-06	26	1326
98		18728.04	8.948e-05	4.037e-02	4.742e-06	26	1326
99		18914.54	8.943e-05	4.238e-02	4.739e-06	26	1326
100		19108.31	8.940e-05	4.238e-02	4.746e-06	26	1326
101		19294.21	8.937e-05	4.087e-02	4.705e-06	26	1326
102		19485.17	8.934e-05	3.428e-02	4.682e-06	26	1326
103		19677.87	8.934e-05	4.105e-02	4.643e-06	26	1326
104		19873.91	8.932e-05	4.105e-02	4.603e-06	26	1326
105		20063.69	8.930e-05	2.778e-02	4.587e-06	26	1326
106		20245.96	8.925e-05	4.054e-02	3.680e-06	26	1326
107		20429.54	8.917e-05	4.419e-02	2.377e-06	26	1326
108		20614.41	8.902e-05	3.143e-02	1.346e-06	26	1326
109		20793.71	8.886e-05	3.390e-02	1.192e-06	26	1326
110		20977.71	8.878e-05	3.390e-02	9.601e-07	26	1326
111		21156.87	8.865e-05	3.723e-02	1.088e-06	26	1326
112		21347.36	8.852e-05	4.085e-02	1.032e-06	26	1326
113		21552.65	8.838e-05	3.990e-02	1.098e-06	26	1326
114		21742.90	8.818e-05	3.990e-02	1.250e-06	26	1326
115		21943.73	8.801e-05	4.161e-02	1.387e-06	26	1326
116		22142.23	8.789e-05	4.172e-02	1.480e-06	26	1326
117		22338.08	8.783e-05	4.377e-02	1.513e-06	26	1326
118		22538.68	8.779e-05	4.374e-02	1.546e-06	26	1326
119		22746.78	8.776e-05	3.925e-02	1.563e-06	26	1326
120		22949.28	8.767e-05	4.061e-02	1.629e-06	26	1326
121		23147.57	8.747e-05	4.359e-02	1.782e-06	26	1326
122		23356.21	8.747e-05	4.483e-02	1.702e-06	26	1326
123		23560.27	8.728e-05	4.167e-02	1.737e-06	26	1326
124		23761.57	8.694e-05	4.189e-02	1.923e-06	26	1326
125		23959.86	8.656e-05	4.098e-02	2.221e-06	26	1326
126		24164.54	8.640e-05	4.098e-02	2.257e-06	26	1326
127		24363.81	8.598e-05	4.098e-02	2.539e-06	26	1326
128		24567.79	8.566e-05	4.098e-02	2.719e-06	26	1326
129		24768.38	8.544e-05	3.667e-02	2.739e-06	26	1326
130		24964.84	8.539e-05	4.208e-02	2.627e-06	26	1326
131		25167.25	8.519e-05	3.689e-02	2.703e-06	26	1326
132		25361.72	8.514e-05	3.361e-02	2.686e-06	26	1326
133		25557.54	8.510e-05	4.207e-02	2.687e-06	26	1326
134		25747.82	8.506e-05	3.246e-02	2.698e-06	26	1326
135		25943.99	8.504e-05	4.391e-02	2.635e-06	26	1326
136		26140.95	8.499e-05	4.391e-02	2.475e-06	26	1326
137		26333.81	8.498e-05	4.043e-02	2.483e-06	26	1326
138		26529.19	8.497e-05	4.316e-02	2.313e-06	26	1326
139		26725.75	8.496e-05	3.876e-02	1.984e-06	26	1326
140		26914.62	8.493e-05	3.520e-02	1.632e-06	26	1326
141		27106.42	8.490e-05	3.935e-02	1.493e-06	26	1326
142		27293.58	8.488e-05	3.707e-02	1.103e-06	26	1326
143		27485.37	8.487e-05	3.707e-02	7.880e-07	26	1326
144		27678.92	8.486e-05	4.334e-02	5.781e-07	26	1326
145		27873.01	8.486e-05	4.358e-02	5.296e-07	26	1326
146		28072.48	8.485e-05	4.212e-02	3.329e-07	26	1326
147		28268.84	8.485e-05	3.988e-02	2.977e-07	26	1326
148		28467.82	8.484e-05	3.803e-02	2.628e-07	26	1326
149		28673.99	8.484e-05	3.959e-02	2.219e-07	26	1326
150		28875.47	8.484e-05	4.322e-02	1.971e-07	26	1326
151		29075.93	8.484e-05	3.807e-02	1.551e-07	26	1326
152		29272.56	8.483e-05	3.989e-02	1.511e-07	26	1326
153		29475.24	8.483e-05	3.825e-02	1.356e-07	26	1326
154		29675.89	8.483e-05	3.848e-02	1.287e-07	26	1326
155		29878.46	8.482e-05	3.943e-02	1.029e-07	26	1326
156		30079.03	8.482e-05	3.398e-02	8.413e-08	26	1326
157		30283.80	8.481e-05	4.143e-02	6.785e-08	26	1326
158		30484.29	8.481e-05	4.327e-02	6.513e-08	26	1326
159		30684.96	8.480e-05	3.136e-02	6.656e-08	26	1326
160		30878.94	8.479e-05	4.120e-02	6.707e-08	26	1326
161		31075.03	8.479e-05	3.846e-02	6.554e-08	26	1326
162		31272.43	8.479e-05	4.010e-02	6.061e-08	26	1326
163		31466.01	8.478e-05	3.559e-02	5.804e-08	26	1326
164		31659.69	8.478e-05	3.600e-02	5.605e-08	26	1326
165		31852.47	8.478e-05	4.219e-02	5.803e-08	26	1326
166		32044.54	8.478e-05	3.922e-02	5.571e-08	26	1326
167		32236.29	8.478e-05	3.924e-02	5.296e-08	26	1326
168		32427.96	8.478e-05	4.091e-02	5.101e-08	26	1326
169		32612.05	8.478e-05	4.081e-02	4.913e-08	26	1326
170		32802.09	8.478e-05	3.879e-02	4.695e-08	26	1326
171		32991.72	8.477e-05	3.743e-02	4.590e-08	26	1326
172		33187.10	8.477e-05	3.743e-02	4.118e-08	26	1326
173		33385.08	8.477e-05	4.398e-02	3.618e-08	26	1326
174		33582.15	8.477e-05	4.398e-02	2.792e-08	26	1326
175		33776.54	8.476e-05	4.398e-02	3.113e-08	26	1326
176		33971.13	8.476e-05	4.108e-02	3.200e-08	26	1326
177		34163.41	8.475e-05	4.108e-02	3.405e-08	26	1326
178		34358.37	8.475e-05	4.353e-02	3.257e-08	26	1326
179		34555.75	8.475e-05	3.226e-02	3.236e-08	26	1326
180		34750.01	8.475e-05	4.001e-02	3.168e-08	26	1326
181		34951.90	8.475e-05	3.846e-02	3.380e-08	26	1326
182		35146.58	8.474e-05	3.846e-02	3.862e-08	26	1326
183		35347.26	8.473e-05	4.202e-02	4.501e-08	26	1326
184		35543.66	8.473e-05	3.946e-02	4.592e-08	26	1326
185		35745.94	8.472e-05	3.981e-02	5.250e-08	26	1326
186		35949.42	8.472e-05	4.144e-02	5.247e-08	26	1326
187		36145.08	8.471e-05	3.990e-02	6.476e-08	26	1326
188		36344.16	8.470e-05	3.949e-02	7.069e-08	26	1326
189		36540.94	8.470e-05	3.931e-02	7.234e-08	26	1326
190		36745.72	8.470e-05	3.931e-02	6.249e-08	26	1326
191		36951.48	8.470e-05	4.330e-02	5.905e-08	26	1326
192		37148.36	8.469e-05	4.418e-02	6.095e-08	26	1326
193		37345.36	8.468e-05	4.163e-02	7.176e-08	26	1326
194		37549.81	8.467e-05	4.271e-02	7.916e-08	26	1326
195		37748.59	8.467e-05	3.696e-02	8.055e-08	26	1326
196		37951.17	8.466e-05	4.421e-02	8.157e-08	26	1326
197		38159.01	8.466e-05	4.395e-02	7.982e-08	26	1326
198		38360.31	8.466e-05	4.395e-02	7.393e-08	26	1326
199		38561.37	8.466e-05	3.771e-02	7.432e-08	26	1326
A	 = 4.01e+12,1.77e+14,1.96e+13,
C0	 = 1.0,0.0,
Cpa	 = 1013.5339590013176,552.6246902812634,
Cpb	 = 0.06770202827234313,0.8159114408793227,
E	 = 1.69e+05,2.43e+05,3.60e+05,
Hp	 = 294708.2767612064,50001.36581636293,862139.5761769547,
K	 = 8366.410472790347,100000000.0,
Value	 = 8.465768603685547e-05,
Xi	 = 0.43528006042701517,0.5929826552626858,0.4410801606353393,
eps	 = 0.897787815685543,0.94,
ka	 = 0.29456476876393467,0.17666609065567435,
kb	 = 4.239154485604412e-05,0.00018419021620349354,
n	 = 1.7860086118505367,3.233483787466155,11.865885069855537,
nO2	 = 0.0,0.0,0.0,
rho	 = 1683.0,1235.0,
Results saved to C:\Users\Fyang\Workspace\optimization\optimizationPaper\config\multiReactionCharring\3Reactions\1mass_FT_BT\../../../../results/multiReactionCharring/3Reactions/charLinear3ReacFTBT_solution.txt
