C:\Users\Fyang\Workspace\optimization\optimizationPaper\config\multiReactionCharring\3Reactions\3mass\../../../../results/multiReactionCharring/3Reactions/charLinear3Reac3Mass Log file
!!python/object/apply:collections.defaultdict
args:
- &id001 !!python/name:builtins.bool ''
dictitems:
  Duraboard:
    CprampF:
    - 1.0
    - 1.0
    CprampT:
    - 0
    - 5000
    eps: 0.8
    krampF:
    - 0.075932
    - 0.090229
    - 0.104522
    - 0.122143
    - 0.14158
    - 0.163436
    - 0.190738
    - 0.221975
    krampT:
    - 203.035
    - 317.4028
    - 426.9164
    - 536.4182
    - 647.3003
    - 757.4803
    - 867.6409
    - 981.2546
    rho: 258
    thickness: 0.0254
  XiState:
  - unknown
  - unknown
  - unknown
  assumeVolumeConservation: false
  cone:
    Tinit: 25
    activePhaseVars:
    - C0
    - rho
    - ka
    - kb
    - kc
    - kd
    - ke
    - Cpa
    - Cpb
    - Cpc
    - Cpd
    - Cpe
    - eps
    - K
    activeReactionVars:
    - A
    - E
    - n
    - Hp
    - nO2
    - Xi
    allowIgnition: false
    backBoundaryConditions:
      Tamb: 25
      htc: Auto
      type: INSULATED
    frontBoundaryConditions:
      Tamb: 25
      htc: Auto
    ignitionHeatFlux: 20
    ignitionThreshold: 0.0032
    weight: 1.0
  cone1: !!python/object/apply:collections.defaultdict
    args:
    - *id001
    dictitems:
      Tinit: 25
      activePhaseVars:
      - C0
      - rho
      - ka
      - kb
      - kc
      - kd
      - ke
      - Cpa
      - Cpb
      - Cpc
      - Cpd
      - Cpe
      - eps
      - K
      activeReactionVars:
      - A
      - E
      - n
      - Hp
      - nO2
      - Xi
      backBoundaryConditions: !!python/object/apply:collections.defaultdict
        args:
        - *id001
        dictitems:
          Tamb: 25
          htc: Auto
          type: INSULATED
      columns:
      - 1
      depths:
      - 0
      file: ../../../../data/multiReactionCharring/charLinear3ReacNominal25kW_0_cone_Mass.csv
      finalThickness: false
      frontBoundaryConditions: !!python/object/apply:collections.defaultdict
        args:
        - *id001
        dictitems:
          Tamb: 25
          heatFlux: 25
          htc: 15
      ignitionHeatFlux: 20.0
      ignitionThreshold: 0.0032
      initialThickness: 0.008
      names:
      - Mass
      time: 0
      types:
      - 1
      weight: 1.0
      weights:
      - 1
      width1: 0.1016
      width2: 0.1016
  cone2: !!python/object/apply:collections.defaultdict
    args:
    - *id001
    dictitems:
      Tinit: 25
      activePhaseVars:
      - C0
      - rho
      - ka
      - kb
      - kc
      - kd
      - ke
      - Cpa
      - Cpb
      - Cpc
      - Cpd
      - Cpe
      - eps
      - K
      activeReactionVars:
      - A
      - E
      - n
      - Hp
      - nO2
      - Xi
      backBoundaryConditions: !!python/object/apply:collections.defaultdict
        args:
        - *id001
        dictitems:
          Tamb: 25
          htc: Auto
          type: INSULATED
      columns:
      - 1
      depths:
      - 0
      file: ../../../../data/multiReactionCharring/charLinear3ReacNominal50kW_0_cone_Mass.csv
      finalThickness: false
      frontBoundaryConditions: !!python/object/apply:collections.defaultdict
        args:
        - *id001
        dictitems:
          Tamb: 25
          heatFlux: 50
          htc: 15
      ignitionHeatFlux: 20.0
      ignitionThreshold: 0.0032
      initialThickness: 0.008
      names:
      - Mass
      time: 0
      types:
      - 1
      weight: 1.0
      weights:
      - 1
      width1: 0.1016
      width2: 0.1016
  cone3: !!python/object/apply:collections.defaultdict
    args:
    - *id001
    dictitems:
      Tinit: 25
      activePhaseVars:
      - C0
      - rho
      - ka
      - kb
      - kc
      - kd
      - ke
      - Cpa
      - Cpb
      - Cpc
      - Cpd
      - Cpe
      - eps
      - K
      activeReactionVars:
      - A
      - E
      - n
      - Hp
      - nO2
      - Xi
      backBoundaryConditions: !!python/object/apply:collections.defaultdict
        args:
        - *id001
        dictitems:
          Tamb: 25
          htc: Auto
          type: INSULATED
      columns:
      - 1
      depths:
      - 0
      file: ../../../../data/multiReactionCharring/charLinear3ReacNominal75kW_0_cone_Mass.csv
      finalThickness: false
      frontBoundaryConditions: !!python/object/apply:collections.defaultdict
        args:
        - *id001
        dictitems:
          Tamb: 25
          heatFlux: 75
          htc: 15
      ignitionHeatFlux: 20.0
      ignitionThreshold: 0.0032
      initialThickness: 0.008
      names:
      - Mass
      time: 0
      types:
      - 1
      weight: 1.0
      weights:
      - 1
      width1: 0.1016
      width2: 0.1016
  configDir: C:\Users\Fyang\Workspace\optimization\optimizationPaper\config\multiReactionCharring\3Reactions\3mass\
  dataSources:
    names:
    - cone1
    - cone2
    - cone3
    types:
    - cone
    - cone
    - cone
  dsc:
    activePhaseVars:
    - C0
    - Cpa
    - Cpb
    - Cpc
    - Cpd
    - Cpe
    activeReactionVars:
    - A
    - E
    - n
    - Hp
    dscO2: None
    weight: 1.0
  fdsPath: C:\Program Files\FDS\FDS6\bin
  keepTemporaryFiles: false
  name: charLinear3Reac3Mass
  optimizeParams:
    absErr: 1e-7
    absRelErr: 3e-7
    elimThresh: 1e-2
    maxIter: 200
    maxTime: 600000
    minIter: 5
    minP: 26
    opAlpha: 51
    opBeta: 1
    opP: 26
    opQ: 26
    opS: 51
    relErr: 1e-12
    relIter: 15
  outputParams:
    saveAllSamples: false
  phaseParams:
    C0:
    - - 1
      - 0
      - 1
    - - 0
      - 1189
      - 1189
    Cpa:
    - - None
      - 270
      - 4320
    - - None
      - 260.25
      - 4164
    Cpb:
    - - None
      - 0.0113
      - 0.1808
    - - None
      - 0.06475
      - 1.036
    Cpc:
    - - 0.0
      - 0.0
      - 0.0
    - - 0.0
      - 0.0
      - 0.0
    Cpd:
    - - 0.0
      - 0.0
      - 0.0
    - - 0.0
      - 0.0
      - 0.0
    Cpe:
    - &id002
      - 0
      - 0
      - 1
    - *id002
    K:
    - - None
      - 2500
      - 40000
    - - 1e8
      - 1189
      - 1189
    eps:
    - - None
      - 0.235
      - 1.0
    - - 0.94
      - 0.235
      - 1.0
    ka:
    - - None
      - 0.078
      - 1.248
    - - None
      - 0.023725
      - 0.3796
    kb:
    - - None
      - 1.1013e-05
      - 0.0001762
    - - None
      - 7.075e-05
      - 0.001132
    kc:
    - - 0.0
      - 0.0
      - 0.0
    - - 0.0
      - 0.0
      - 0.0
    kd:
    - - 0.0
      - 0.0
      - 0.0
    - - 0.0
      - 0.0
      - 0.0
    ke:
    - &id003
      - 0
      - 0
      - 1
    - *id003
    nO2:
    - - 0
      - 0
      - 1
    - - 0
      - 1189
      - 1189
    phases:
    - virgin
    - char
    rho:
    - - 1683
      - 1189
      - 1189
    - - 1235
      - 1189
      - 1189
  processParams:
    maxProcesses: 8
    multiprocess: true
  reactionParams:
    A:
    - - None
      - 5.86e11
      - 9.376e12
    - - None
      - 1.875e13
      - 3e14
    - - None
      - 2.3e12
      - 3.68e13
    E:
    - - None
      - 4.525e4
      - 7.24e5
    - - None
      - 4.825e4
      - 7.72e5
    - - None
      - 4.375e4
      - 7e5
    Hp:
    - - None
      - 2.5e4
      - 4e5
    - - None
      - 5e4
      - 8e5
    - - None
      - 1e5
      - 1.6e6
    Xi:
    - - None
      - 0.1875
      - 1
    - - None
      - 0.125
      - 1
    - - None
      - 0.075
      - 1
    n:
    - - None
      - 0.25
      - 4.0
    - - None
      - 0.375
      - 6.0
    - - None
      - 0.75
      - 12
    nO2:
    - &id004
      - 0
      - 0
      - 1
    - *id004
    - *id004
    prodState:
    - 1
    - 1
    - 1
    reacState:
    - 0
    - 0
    - 0
    typeState:
    - 3
    - 3
    - 3
  reinitializeComplex: false
  restart: false
  resultsDir: ../../../../results/multiReactionCharring/3Reactions/
  systemDir: C:\Users\Fyang\Workspace\optimization\sourceCode\optimizationpython\src
  tga:
    activePhaseVars:
    - C0
    - rho
    activeReactionVars:
    - A
    - E
    - n
    tgaO2: None
    tgaOpt: 1
    weight: 1.0
  thermalPropertyUnits: K
  virtualExperiment: false
Loop	t (s)	Error Min	Error Max	ErrorRel	Comp	Samples
0		474.37	3.267e-03	5.393e-02	1.000e+00	26	1326
1		1074.65	1.985e-03	5.214e-02	1.000e+00	26	1326
2		1695.33	1.985e-03	5.966e-02	1.000e+00	26	1326
3		2319.42	1.985e-03	4.909e-02	1.000e+00	26	1326
4		2945.09	1.985e-03	5.713e-02	1.000e+00	26	1326
5		3568.33	1.985e-03	5.188e-02	1.000e+00	26	1326
6		4178.51	1.985e-03	5.188e-02	1.000e+00	26	1326
7		4797.79	1.985e-03	4.909e-02	1.000e+00	26	1326
8		5415.13	1.751e-03	4.909e-02	1.000e+00	26	1326
9		6040.88	1.751e-03	4.909e-02	1.000e+00	26	1326
10		6661.14	1.739e-03	5.161e-02	1.000e+00	26	1326
11		7283.30	1.454e-03	5.161e-02	1.000e+00	26	1326
12		7889.62	1.454e-03	5.718e-02	1.000e+00	26	1326
13		8509.59	1.454e-03	4.909e-02	1.000e+00	26	1326
14		9121.63	1.253e-03	5.923e-02	1.000e+00	26	1326
15		9748.75	1.253e-03	5.270e-02	1.000e+00	26	1326
16		10356.76	1.253e-03	4.909e-02	7.321e-04	26	1326
17		10974.98	1.253e-03	4.909e-02	7.321e-04	26	1326
18		11586.18	1.253e-03	5.937e-02	7.321e-04	26	1326
19		12201.11	1.253e-03	4.909e-02	7.321e-04	26	1326
20		12825.06	1.253e-03	4.909e-02	7.321e-04	26	1326
21		13454.22	1.253e-03	5.914e-02	7.321e-04	26	1326
22		14073.00	1.253e-03	4.909e-02	7.321e-04	26	1326
23		14695.89	1.198e-03	4.909e-02	5.520e-04	26	1326
24		15324.40	9.880e-04	4.909e-02	7.626e-04	26	1326
25		15956.77	7.584e-04	4.909e-02	9.810e-04	26	1326
26		16575.42	7.584e-04	5.048e-02	6.958e-04	26	1326
27		17197.57	7.584e-04	4.909e-02	6.958e-04	26	1326
28		17806.52	7.584e-04	4.909e-02	6.958e-04	26	1326
29		18387.87	7.584e-04	4.909e-02	4.948e-04	26	1326
30		18956.24	7.233e-04	4.909e-02	5.298e-04	26	1326
31		19540.27	7.233e-04	4.909e-02	5.298e-04	26	1326
32		20132.68	6.999e-04	4.909e-02	5.532e-04	26	1326
33		20741.17	6.601e-04	4.909e-02	5.930e-04	26	1326
34		21355.17	6.601e-04	4.909e-02	5.930e-04	26	1326
35		21962.55	6.318e-04	4.909e-02	6.213e-04	26	1326
36		22526.49	5.502e-04	4.909e-02	7.029e-04	26	1326
37		23024.86	4.671e-04	4.909e-02	7.860e-04	26	1326
38		23526.46	4.558e-04	3.654e-02	7.427e-04	26	1326
39		24114.11	4.503e-04	2.685e-02	5.377e-04	26	1326
40		24685.62	4.372e-04	2.685e-02	3.211e-04	26	1326
41		25250.24	4.305e-04	8.653e-03	3.278e-04	26	1326
42		25741.59	4.113e-04	4.409e-03	3.470e-04	26	1326
43		26152.95	3.748e-04	4.409e-03	3.835e-04	26	1326
44		26587.46	3.451e-04	2.300e-03	4.133e-04	26	1326
45		27071.74	3.318e-04	6.809e-04	3.915e-04	26	1326
46		27616.67	3.249e-04	5.852e-04	3.983e-04	26	1326
47		28108.38	3.127e-04	5.852e-04	3.872e-04	26	1326
48		28579.07	2.925e-04	3.774e-04	3.676e-04	26	1326
49		29055.03	2.723e-04	3.713e-04	3.878e-04	26	1326
50		29501.45	2.371e-04	3.341e-04	3.948e-04	26	1326
51		29963.96	2.208e-04	3.198e-04	3.294e-04	26	1326
52		30466.83	2.148e-04	2.993e-04	2.524e-04	26	1326
53		30970.15	1.952e-04	2.776e-04	2.606e-04	26	1326
54		31488.41	1.861e-04	2.663e-04	2.641e-04	26	1326
55		31938.34	1.659e-04	2.663e-04	2.713e-04	26	1326
56		32392.26	1.594e-04	2.663e-04	2.712e-04	26	1326
57		32931.99	1.548e-04	2.663e-04	2.566e-04	26	1326
58		33475.36	1.500e-04	2.663e-04	2.248e-04	26	1326
59		33955.08	1.453e-04	2.663e-04	1.997e-04	26	1326
60		34364.68	1.348e-04	1.813e-04	1.969e-04	26	1326
61		34790.20	1.147e-04	1.735e-04	2.102e-04	26	1326
62		35271.43	9.701e-05	1.634e-04	2.157e-04	26	1326
63		35752.90	8.886e-05	1.456e-04	2.037e-04	26	1326
64		36262.87	8.364e-05	1.456e-04	1.886e-04	26	1326
65		36798.16	7.909e-05	1.180e-04	1.580e-04	26	1326
66		37308.91	7.218e-05	1.125e-04	1.486e-04	26	1326
67		37782.26	6.970e-05	1.041e-04	1.451e-04	26	1326
68		38281.70	6.865e-05	8.904e-05	1.265e-04	26	1326
69		38812.61	6.743e-05	8.803e-05	1.187e-04	26	1326
70		39348.81	6.728e-05	7.873e-05	9.864e-05	26	1326
71		39884.69	6.650e-05	7.575e-05	9.287e-05	26	1326
72		40418.02	6.615e-05	7.278e-05	8.862e-05	26	1326
73		40918.89	6.612e-05	7.242e-05	8.391e-05	26	1326
74		41471.46	6.599e-05	4.909e-02	7.933e-05	26	1326
75		42010.21	6.599e-05	4.909e-02	6.885e-05	26	1326
76		42562.50	6.592e-05	4.909e-02	4.882e-05	26	1326
