C:\Users\Fyang\Workspace\optimization\optimizationPaper\config\multiReactionCharring\3Reactions\1mass_TGA\../../../../results/multiReactionCharring/3Reactions/charLinear3ReacTGA Log file
!!python/object/apply:collections.defaultdict
args:
- &id001 !!python/name:builtins.bool ''
dictitems:
  Duraboard:
    CprampF:
    - 1.0
    - 1.0
    CprampT:
    - 0
    - 5000
    eps: 0.8
    krampF:
    - 0.075932
    - 0.090229
    - 0.104522
    - 0.122143
    - 0.14158
    - 0.163436
    - 0.190738
    - 0.221975
    krampT:
    - 203.035
    - 317.4028
    - 426.9164
    - 536.4182
    - 647.3003
    - 757.4803
    - 867.6409
    - 981.2546
    rho: 258
    thickness: 0.0254
  XiState:
  - unknown
  - unknown
  - unknown
  assumeVolumeConservation: false
  cone:
    Tinit: 25
    activePhaseVars:
    - C0
    - rho
    - ka
    - kb
    - kc
    - kd
    - ke
    - Cpa
    - Cpb
    - Cpc
    - Cpd
    - Cpe
    - eps
    - K
    activeReactionVars:
    - A
    - E
    - n
    - Hp
    - nO2
    - Xi
    allowIgnition: false
    backBoundaryConditions:
      Tamb: 25
      htc: Auto
      type: INSULATED
    frontBoundaryConditions:
      Tamb: 25
      htc: Auto
    ignitionHeatFlux: 20
    ignitionThreshold: 0.0032
    weight: 1.0
  cone1: !!python/object/apply:collections.defaultdict
    args:
    - *id001
    dictitems:
      Tinit: 25
      activePhaseVars:
      - C0
      - rho
      - ka
      - kb
      - kc
      - kd
      - ke
      - Cpa
      - Cpb
      - Cpc
      - Cpd
      - Cpe
      - eps
      - K
      activeReactionVars:
      - A
      - E
      - n
      - Hp
      - nO2
      - Xi
      backBoundaryConditions: !!python/object/apply:collections.defaultdict
        args:
        - *id001
        dictitems:
          Tamb: 25
          htc: Auto
          type: INSULATED
      columns:
      - 1
      depths:
      - 0
      file: ../../../../data/multiReactionCharring/charLinear3ReacNominal25kW_0_cone_Mass.csv
      finalThickness: false
      frontBoundaryConditions: !!python/object/apply:collections.defaultdict
        args:
        - *id001
        dictitems:
          Tamb: 25
          heatFlux: 25
          htc: 15
      ignitionHeatFlux: 20.0
      ignitionThreshold: 0.0032
      initialThickness: 0.008
      names:
      - Mass
      time: 0
      types:
      - 1
      weight: 1.0
      weights:
      - 1
      width1: 0.1016
      width2: 0.1016
  configDir: C:\Users\Fyang\Workspace\optimization\optimizationPaper\config\multiReactionCharring\3Reactions\1mass_TGA\
  dataSources:
    names:
    - cone1
    types:
    - cone
  dsc:
    activePhaseVars:
    - C0
    - Cpa
    - Cpb
    - Cpc
    - Cpd
    - Cpe
    activeReactionVars:
    - A
    - E
    - n
    - Hp
    dscO2: None
    weight: 1.0
  fdsPath: C:\Program Files\FDS\FDS6\bin
  keepTemporaryFiles: false
  name: charLinear3ReacTGA
  optimizeParams:
    absErr: 1e-7
    absRelErr: 1e-7
    elimThresh: 1e-2
    maxIter: 200
    maxTime: 600000
    minIter: 5
    minP: 26
    opAlpha: 51
    opBeta: 1
    opP: 26
    opQ: 26
    opS: 51
    relErr: 1e-12
    relIter: 15
  outputParams:
    saveAllSamples: false
  phaseParams:
    C0:
    - - 1
      - 0
      - 1
    - - 0
      - 1189
      - 1189
    Cpa:
    - - None
      - 270
      - 4320
    - - None
      - 260.25
      - 4164
    Cpb:
    - - None
      - 0.0113
      - 0.1808
    - - None
      - 0.06475
      - 1.036
    Cpc:
    - - 0.0
      - 0.0
      - 0.0
    - - 0.0
      - 0.0
      - 0.0
    Cpd:
    - - 0.0
      - 0.0
      - 0.0
    - - 0.0
      - 0.0
      - 0.0
    Cpe:
    - &id002
      - 0
      - 0
      - 1
    - *id002
    K:
    - - None
      - 2500
      - 40000
    - - 1e8
      - 1189
      - 1189
    eps:
    - - None
      - 0.235
      - 1.0
    - - 0.94
      - 0.235
      - 1.0
    ka:
    - - None
      - 0.078
      - 1.248
    - - None
      - 0.023725
      - 0.3796
    kb:
    - - None
      - 1.1013e-05
      - 0.0001762
    - - None
      - 7.075e-05
      - 0.001132
    kc:
    - - 0.0
      - 0.0
      - 0.0
    - - 0.0
      - 0.0
      - 0.0
    kd:
    - - 0.0
      - 0.0
      - 0.0
    - - 0.0
      - 0.0
      - 0.0
    ke:
    - &id003
      - 0
      - 0
      - 1
    - *id003
    nO2:
    - - 0
      - 0
      - 1
    - - 0
      - 1189
      - 1189
    phases:
    - virgin
    - char
    rho:
    - - 1683
      - 1189
      - 1189
    - - 1235
      - 1189
      - 1189
  processParams:
    maxProcesses: 4
    multiprocess: true
  reactionParams:
    A:
    - - None
      - 2.106e12
      - 2.574e12
    - - None
      - 6.75e13
      - 8.25e13
    - - None
      - 8.28e12
      - 1.012e13
    E:
    - - None
      - 1.629e5
      - 1.991e5
    - - None
      - 1.737e5
      - 2.123e5
    - - None
      - 1.575e5
      - 1.925e5
    Hp:
    - - None
      - 2.5e4
      - 4e5
    - - None
      - 5e4
      - 8e5
    - - None
      - 360000
      - 440000
    Xi:
    - - None
      - 0.675
      - 0.825
    - - None
      - 0.45
      - 0.55
    - - None
      - 0.27
      - 0.33
    n:
    - - None
      - 0.9
      - 1.1
    - - None
      - 1.35
      - 1.65
    - - None
      - 2.7
      - 3.3
    nO2:
    - &id004
      - 0
      - 0
      - 1
    - *id004
    - *id004
    prodState:
    - 1
    - 1
    - 1
    reacState:
    - 0
    - 0
    - 0
    typeState:
    - 3
    - 3
    - 3
  reinitializeComplex: false
  restart: false
  resultsDir: ../../../../results/multiReactionCharring/3Reactions/
  systemDir: C:\Users\Fyang\Workspace\optimization\sourceCode\optimizationpython\src
  tga:
    activePhaseVars:
    - C0
    - rho
    activeReactionVars:
    - A
    - E
    - n
    tgaO2: None
    tgaOpt: 1
    weight: 1.0
  thermalPropertyUnits: K
  virtualExperiment: false
Loop	t (s)	Error Min	Error Max	ErrorRel	Comp	Samples
0		202.76	1.287e-04	1.142e-02	1.000e+00	26	1326
1		451.48	1.287e-04	1.142e-02	1.000e+00	26	1326
2		758.20	1.287e-04	1.115e-02	1.000e+00	26	1326
3		1082.01	1.287e-04	1.115e-02	1.000e+00	26	1326
4		1410.77	1.287e-04	6.640e-03	1.000e+00	26	1326
5		1742.31	1.287e-04	3.483e-03	1.000e+00	26	1326
6		2087.15	1.287e-04	9.006e-03	1.000e+00	26	1326
7		2426.78	1.139e-04	2.785e-03	1.000e+00	26	1326
8		2749.95	1.003e-04	1.873e-03	1.000e+00	26	1326
9		3062.84	8.195e-05	1.873e-03	1.000e+00	26	1326
10		3360.93	5.366e-05	1.777e-03	1.000e+00	26	1326
11		3621.36	2.640e-05	9.417e-04	1.000e+00	26	1326
12		3909.22	2.445e-05	4.748e-04	1.000e+00	26	1326
13		4253.45	2.445e-05	2.374e-04	1.000e+00	26	1326
14		4600.95	2.294e-05	1.708e-04	1.000e+00	26	1326
15		4947.53	2.182e-05	1.708e-04	1.000e+00	26	1326
16		5290.79	2.114e-05	9.026e-05	1.076e-04	26	1326
17		5620.14	2.063e-05	5.699e-05	1.081e-04	26	1326
18		5918.61	2.010e-05	4.977e-05	1.087e-04	26	1326
19		6172.66	1.864e-05	4.945e-05	1.101e-04	26	1326
20		6393.94	1.743e-05	2.939e-05	1.113e-04	26	1326
21		6652.05	1.703e-05	2.201e-05	1.117e-04	26	1326
22		6956.57	1.671e-05	2.091e-05	9.721e-05	26	1326
23		7250.83	1.641e-05	2.091e-05	8.387e-05	26	1326
24		7494.91	1.530e-05	2.059e-05	6.665e-05	26	1326
25		7717.98	1.226e-05	1.757e-05	4.140e-05	26	1326
26		7942.83	4.116e-06	1.753e-05	2.229e-05	26	1326
27		8252.86	3.289e-06	1.682e-05	2.116e-05	26	1326
28		8580.14	2.868e-06	1.610e-05	2.158e-05	26	1326
29		8896.57	2.484e-06	1.552e-05	2.045e-05	26	1326
30		9216.94	1.991e-06	1.552e-05	1.983e-05	26	1326
31		9551.44	1.955e-06	6.804e-06	1.919e-05	26	1326
32		9893.61	1.876e-06	6.579e-06	1.875e-05	26	1326
33		10236.89	1.849e-06	1.139e-02	1.825e-05	26	1326
34		10573.02	1.820e-06	1.142e-02	1.682e-05	26	1326
35		10896.86	1.814e-06	1.117e-02	1.561e-05	26	1326
36		11216.06	1.806e-06	1.084e-02	1.522e-05	26	1326
37		11533.73	1.791e-06	7.230e-03	1.492e-05	26	1326
38		11833.19	1.763e-06	9.703e-03	1.465e-05	26	1326
39		12102.36	1.737e-06	9.703e-03	1.357e-05	26	1326
40		12338.18	1.637e-06	7.344e-03	1.062e-05	26	1326
41		12573.16	1.473e-06	7.344e-03	2.643e-06	26	1326
42		12836.57	1.353e-06	2.211e-03	1.936e-06	26	1326
43		13086.73	1.054e-06	8.794e-04	1.813e-06	26	1326
44		13346.75	9.026e-07	8.794e-04	1.581e-06	26	1326
45		13641.69	7.998e-07	4.551e-04	1.191e-06	26	1326
46		13929.65	6.637e-07	2.313e-04	1.291e-06	26	1326
47		14210.61	5.805e-07	1.169e-04	1.295e-06	26	1326
48		14510.37	5.574e-07	2.972e-05	1.292e-06	26	1326
49		14826.25	5.295e-07	4.597e-06	1.291e-06	26	1326
50		15122.76	5.291e-07	2.331e-06	1.285e-06	26	1326
51		15434.78	5.170e-07	2.331e-06	1.289e-06	26	1326
52		15781.38	5.140e-07	2.056e-06	1.277e-06	26	1326
53		16110.49	5.131e-07	1.160e-04	1.250e-06	26	1326
54		16440.89	5.123e-07	1.140e-02	1.225e-06	26	1326
55		16769.14	5.110e-07	1.140e-02	1.126e-06	26	1326
56		17071.62	5.099e-07	9.939e-03	9.631e-07	26	1326
57		17364.17	5.071e-07	2.802e-03	8.460e-07	26	1326
58		17656.13	5.009e-07	1.750e-03	5.531e-07	26	1326
59		17917.18	4.892e-07	9.935e-04	4.134e-07	26	1326
60		18159.81	4.723e-07	6.181e-04	3.275e-07	26	1326
61		18418.96	4.593e-07	6.181e-04	2.044e-07	26	1326
62		18658.21	4.453e-07	1.534e-04	1.352e-07	26	1326
63		18933.19	4.432e-07	1.324e-04	1.143e-07	26	1326
64		19213.95	4.375e-07	1.324e-04	9.204e-08	26	1326
65		19485.71	4.341e-07	6.657e-05	9.498e-08	26	1326
66		19750.98	4.247e-07	1.676e-05	9.227e-08	26	1326
67		19992.01	4.148e-07	1.670e-05	9.918e-08	26	1326
68		20231.82	4.003e-07	1.670e-05	1.128e-07	26	1326
69		20512.20	3.963e-07	8.365e-06	1.159e-07	26	1326
70		20822.11	3.954e-07	1.119e-06	1.156e-07	26	1326
71		21116.58	3.926e-07	7.220e-07	1.173e-07	26	1326
72		21391.13	3.897e-07	7.058e-07	1.174e-07	26	1326
73		21671.20	3.868e-07	4.643e-07	1.141e-07	26	1326
74		21967.48	3.839e-07	4.080e-07	1.053e-07	26	1326
75		22248.26	3.777e-07	4.067e-07	9.466e-08	26	1326
76		22521.49	3.713e-07	3.937e-07	8.805e-08	26	1326
77		22795.57	3.634e-07	3.937e-07	8.185e-08	26	1326
78		23050.08	3.535e-07	4.779e-03	8.962e-08	26	1326
79		23317.74	3.420e-07	1.206e-03	9.552e-08	26	1326
80		23584.18	3.335e-07	5.894e-04	1.005e-07	26	1326
81		23850.11	3.238e-07	2.974e-04	1.009e-07	26	1326
82		24122.66	3.197e-07	1.500e-04	9.507e-08	26	1326
83		24417.22	3.128e-07	1.500e-04	8.753e-08	26	1326
84		24693.77	3.076e-07	7.398e-05	8.876e-08	26	1326
85		24947.68	2.977e-07	3.702e-05	9.777e-08	26	1326
86		25208.51	2.869e-07	3.702e-05	1.057e-07	26	1326
87		25470.24	2.730e-07	4.600e-06	1.167e-07	26	1326
88		25738.02	2.572e-07	2.350e-06	1.295e-07	26	1326
89		26014.56	2.430e-07	2.270e-06	1.409e-07	26	1326
90		26299.76	2.297e-07	5.862e-07	1.480e-07	26	1326
91		26585.19	2.217e-07	2.949e-07	1.496e-07	26	1326
92		26873.93	2.106e-07	2.701e-07	1.528e-07	26	1326
93		27148.70	1.982e-07	2.513e-07	1.554e-07	26	1326
94		27419.74	1.822e-07	2.378e-07	1.597e-07	26	1326
95		27704.48	1.786e-07	2.378e-07	1.550e-07	26	1326
96		28007.36	1.754e-07	9.580e-03	1.484e-07	26	1326
97		28330.78	1.744e-07	1.142e-02	1.453e-07	26	1326
98		28638.09	1.737e-07	1.142e-02	1.391e-07	26	1326
99		28946.42	1.734e-07	9.186e-03	1.342e-07	26	1326
100		29258.36	1.732e-07	1.142e-02	1.245e-07	26	1326
101		29570.18	1.728e-07	1.142e-02	1.141e-07	26	1326
102		29895.44	1.727e-07	1.142e-02	1.004e-07	26	1326
103		30233.02	1.726e-07	1.142e-02	8.465e-08	26	1326
104		30586.12	1.725e-07	1.142e-02	7.046e-08	26	1326
105		30940.93	1.725e-07	1.142e-02	5.717e-08	26	1326
106		31294.46	1.725e-07	1.141e-02	4.915e-08	26	1326
107		31645.79	1.725e-07	1.142e-02	3.809e-08	26	1326
108		31997.27	1.725e-07	1.141e-02	2.567e-08	26	1326
109		32351.48	1.725e-07	1.142e-02	9.727e-09	26	1326
110		32712.44	1.725e-07	1.142e-02	6.082e-09	26	1326
111		33070.70	1.725e-07	1.142e-02	2.911e-09	26	1326
112		33427.37	1.725e-07	1.142e-02	1.919e-09	26	1326
113		33780.98	1.725e-07	1.142e-02	1.190e-09	26	1326
114		34134.20	1.725e-07	1.142e-02	9.066e-10	26	1326
115		34472.50	1.725e-07	1.142e-02	6.685e-10	26	1326
116		34834.57	1.725e-07	1.142e-02	2.908e-10	26	1326
117		35192.74	1.725e-07	1.142e-02	1.609e-10	26	1326
118		35552.22	1.725e-07	1.142e-02	8.499e-11	26	1326
119		35905.06	1.725e-07	1.142e-02	5.274e-11	26	1326
120		36266.14	1.725e-07	1.142e-02	2.244e-11	26	1326
121		36624.31	1.725e-07	1.142e-02	2.244e-11	26	1326
122		36983.30	1.725e-07	1.142e-02	2.244e-11	26	1326
123		37336.33	1.725e-07	1.142e-02	2.244e-11	26	1326
124		37690.71	1.725e-07	1.142e-02	2.244e-11	26	1326
125		38050.03	1.725e-07	1.142e-02	3.663e-11	26	1326
126		38412.80	1.725e-07	1.142e-02	3.663e-11	26	1326
127		38771.98	1.725e-07	1.142e-02	2.491e-11	26	1326
128		39129.59	1.725e-07	1.142e-02	4.101e-11	26	1326
129		39484.84	1.725e-07	1.142e-02	4.101e-11	26	1326
130		39837.15	1.725e-07	1.142e-02	4.101e-11	26	1326
131		40195.81	1.725e-07	1.142e-02	4.101e-11	26	1326
132		40548.62	1.725e-07	1.142e-02	4.101e-11	26	1326
133		40903.07	1.725e-07	1.142e-02	4.101e-11	26	1326
134		41257.06	1.725e-07	1.142e-02	4.101e-11	26	1326
135		41616.91	1.725e-07	1.142e-02	3.029e-11	26	1326
136		41969.30	1.725e-07	1.142e-02	3.029e-11	26	1326
137		42323.74	1.725e-07	1.142e-02	3.029e-11	26	1326
138		42680.27	1.725e-07	1.142e-02	3.029e-11	26	1326
139		43043.94	1.725e-07	1.142e-02	3.029e-11	26	1326
140		43394.16	1.725e-07	1.142e-02	1.611e-11	26	1326
141		43752.12	1.725e-07	1.142e-02	1.611e-11	26	1326
142		44111.75	1.725e-07	1.142e-02	1.611e-11	26	1326
143		44467.71	1.725e-07	1.142e-02	0.000e+00	26	1326
144		44823.77	1.725e-07	1.142e-02	0.000e+00	26	1326
145		45177.42	1.725e-07	1.142e-02	0.000e+00	26	1326
146		45529.76	1.724e-07	1.142e-02	1.115e-11	26	1326
147		45888.70	1.724e-07	1.142e-02	1.115e-11	26	1326
148		46255.84	1.724e-07	1.142e-02	1.115e-11	26	1326
149		46605.58	1.724e-07	1.142e-02	1.115e-11	26	1326
150		46958.23	1.724e-07	1.142e-02	1.115e-11	26	1326
151		47311.87	1.724e-07	1.141e-02	1.115e-11	26	1326
152		47668.10	1.724e-07	1.142e-02	1.115e-11	26	1326
153		48038.07	1.724e-07	1.142e-02	1.115e-11	26	1326
154		48388.71	1.724e-07	1.142e-02	1.115e-11	26	1326
155		48739.05	1.724e-07	1.142e-02	1.115e-11	26	1326
156		49090.07	1.724e-07	1.142e-02	1.115e-11	26	1326
157		49455.36	1.724e-07	1.142e-02	1.115e-11	26	1326
158		49807.69	1.724e-07	1.142e-02	1.115e-11	26	1326
159		50155.64	1.724e-07	1.142e-02	1.115e-11	26	1326
160		50520.40	1.724e-07	1.142e-02	1.115e-11	26	1326
161		50878.52	1.724e-07	1.142e-02	0.000e+00	26	1326
162		51226.29	1.724e-07	1.142e-02	0.000e+00	26	1326
163		51574.18	1.724e-07	1.142e-02	0.000e+00	26	1326
164		51925.82	1.724e-07	1.142e-02	0.000e+00	26	1326
165		52282.46	1.724e-07	1.142e-02	0.000e+00	26	1326
166		52639.72	1.724e-07	1.142e-02	0.000e+00	26	1326
167		52990.24	1.724e-07	1.142e-02	0.000e+00	26	1326
168		53349.41	1.724e-07	1.142e-02	0.000e+00	26	1326
169		53709.73	1.724e-07	1.142e-02	0.000e+00	26	1326
170		54066.26	1.724e-07	1.142e-02	0.000e+00	26	1326
171		54429.31	1.724e-07	1.142e-02	0.000e+00	26	1326
172		54787.42	1.724e-07	1.142e-02	0.000e+00	26	1326
173		55156.64	1.724e-07	1.142e-02	0.000e+00	26	1326
174		55506.90	1.724e-07	1.142e-02	0.000e+00	26	1326
175		55856.83	1.724e-07	1.142e-02	0.000e+00	26	1326
176		56208.37	1.724e-07	1.142e-02	0.000e+00	26	1326
177		56562.37	1.724e-07	1.142e-02	0.000e+00	26	1326
178		56923.14	1.724e-07	1.142e-02	0.000e+00	26	1326
179		57282.38	1.724e-07	1.142e-02	0.000e+00	26	1326
180		57636.47	1.724e-07	1.142e-02	0.000e+00	26	1326
181		58006.32	1.724e-07	1.142e-02	0.000e+00	26	1326
182		58355.28	1.724e-07	1.142e-02	0.000e+00	26	1326
183		58707.03	1.724e-07	1.142e-02	0.000e+00	26	1326
184		59052.33	1.724e-07	1.141e-02	0.000e+00	26	1326
185		59400.51	1.724e-07	1.142e-02	0.000e+00	26	1326
186		59763.03	1.724e-07	1.142e-02	0.000e+00	26	1326
187		60125.15	1.724e-07	1.142e-02	0.000e+00	26	1326
188		60472.31	1.724e-07	1.142e-02	0.000e+00	26	1326
189		60818.06	1.724e-07	1.142e-02	0.000e+00	26	1326
190		61175.22	1.724e-07	1.141e-02	0.000e+00	26	1326
191		61529.40	1.724e-07	1.142e-02	0.000e+00	26	1326
192		61883.08	1.724e-07	1.142e-02	0.000e+00	26	1326
193		62236.06	1.724e-07	1.142e-02	0.000e+00	26	1326
194		62590.29	1.724e-07	1.142e-02	0.000e+00	26	1326
195		62947.15	1.724e-07	1.138e-02	0.000e+00	26	1326
196		63299.73	1.724e-07	1.135e-02	0.000e+00	26	1326
197		63654.80	1.724e-07	1.142e-02	0.000e+00	26	1326
198		64002.28	1.724e-07	1.142e-02	0.000e+00	26	1326
199		64352.66	1.724e-07	1.142e-02	0.000e+00	26	1326
A	 = 2.36e+12,7.44e+13,9.07e+12,
C0	 = 1.0,0.0,
Cpa	 = 1012.8214947737822,801.1226892558889,
Cpb	 = 0.12321945870261347,0.2969940778994655,
E	 = 1.83e+05,1.89e+05,1.76e+05,
Hp	 = 233709.9540643713,247905.97738544637,385090.3270148816,
K	 = 20363.52133291136,100000000.0,
Value	 = 1.7244024790409626e-07,
Xi	 = 0.7626849120887602,0.48862469149405885,0.2969364978189113,
eps	 = 0.9150218328761355,0.94,
ka	 = 0.2962757998204425,0.08994021399972375,
kb	 = 5.430963038583154e-05,0.0003095621393747513,
n	 = 1.0119567741467208,1.4994090871367958,2.9483204172917326,
nO2	 = 0.0,0.0,0.0,
rho	 = 1683.0,1235.0,
Results saved to C:\Users\Fyang\Workspace\optimization\optimizationPaper\config\multiReactionCharring\3Reactions\1mass_TGA\../../../../results/multiReactionCharring/3Reactions/charLinear3ReacTGA_solution.txt
