C:\Users\Fyang\Workspace\optimization\optimizationPaper\config\multiReactionCharring\3Reactions\4mass\../../../../results/multiReactionCharring/3Reactions/charLinear3Reac4Mass Log file
!!python/object/apply:collections.defaultdict
args:
- &id001 !!python/name:builtins.bool ''
dictitems:
  Duraboard:
    CprampF:
    - 1.0
    - 1.0
    CprampT:
    - 0
    - 5000
    eps: 0.8
    krampF:
    - 0.075932
    - 0.090229
    - 0.104522
    - 0.122143
    - 0.14158
    - 0.163436
    - 0.190738
    - 0.221975
    krampT:
    - 203.035
    - 317.4028
    - 426.9164
    - 536.4182
    - 647.3003
    - 757.4803
    - 867.6409
    - 981.2546
    rho: 258
    thickness: 0.0254
  XiState:
  - unknown
  - unknown
  - unknown
  assumeVolumeConservation: false
  cone:
    Tinit: 25
    activePhaseVars:
    - C0
    - rho
    - ka
    - kb
    - kc
    - kd
    - ke
    - Cpa
    - Cpb
    - Cpc
    - Cpd
    - Cpe
    - eps
    - K
    activeReactionVars:
    - A
    - E
    - n
    - Hp
    - nO2
    - Xi
    allowIgnition: false
    backBoundaryConditions:
      Tamb: 25
      htc: Auto
      type: INSULATED
    frontBoundaryConditions:
      Tamb: 25
      htc: Auto
    ignitionHeatFlux: 20
    ignitionThreshold: 0.0032
    weight: 1.0
  cone1: !!python/object/apply:collections.defaultdict
    args:
    - *id001
    dictitems:
      Tinit: 25
      activePhaseVars:
      - C0
      - rho
      - ka
      - kb
      - kc
      - kd
      - ke
      - Cpa
      - Cpb
      - Cpc
      - Cpd
      - Cpe
      - eps
      - K
      activeReactionVars:
      - A
      - E
      - n
      - Hp
      - nO2
      - Xi
      backBoundaryConditions: !!python/object/apply:collections.defaultdict
        args:
        - *id001
        dictitems:
          Tamb: 25
          htc: Auto
          type: INSULATED
      columns:
      - 1
      depths:
      - 0
      file: ../../../../data/multiReactionCharring/charLinear3ReacNominal25kW_0_cone_Mass.csv
      finalThickness: false
      frontBoundaryConditions: !!python/object/apply:collections.defaultdict
        args:
        - *id001
        dictitems:
          Tamb: 25
          heatFlux: 25
          htc: 15
      ignitionHeatFlux: 20.0
      ignitionThreshold: 0.0032
      initialThickness: 0.008
      names:
      - Mass
      time: 0
      types:
      - 1
      weight: 1.0
      weights:
      - 1
      width1: 0.1016
      width2: 0.1016
  cone2: !!python/object/apply:collections.defaultdict
    args:
    - *id001
    dictitems:
      Tinit: 25
      activePhaseVars:
      - C0
      - rho
      - ka
      - kb
      - kc
      - kd
      - ke
      - Cpa
      - Cpb
      - Cpc
      - Cpd
      - Cpe
      - eps
      - K
      activeReactionVars:
      - A
      - E
      - n
      - Hp
      - nO2
      - Xi
      backBoundaryConditions: !!python/object/apply:collections.defaultdict
        args:
        - *id001
        dictitems:
          Tamb: 25
          htc: Auto
          type: INSULATED
      columns:
      - 1
      depths:
      - 0
      file: ../../../../data/multiReactionCharring/charLinear3ReacNominal50kW_0_cone_Mass.csv
      finalThickness: false
      frontBoundaryConditions: !!python/object/apply:collections.defaultdict
        args:
        - *id001
        dictitems:
          Tamb: 25
          heatFlux: 50
          htc: 15
      ignitionHeatFlux: 20.0
      ignitionThreshold: 0.0032
      initialThickness: 0.008
      names:
      - Mass
      time: 0
      types:
      - 1
      weight: 1.0
      weights:
      - 1
      width1: 0.1016
      width2: 0.1016
  cone3: !!python/object/apply:collections.defaultdict
    args:
    - *id001
    dictitems:
      Tinit: 25
      activePhaseVars:
      - C0
      - rho
      - ka
      - kb
      - kc
      - kd
      - ke
      - Cpa
      - Cpb
      - Cpc
      - Cpd
      - Cpe
      - eps
      - K
      activeReactionVars:
      - A
      - E
      - n
      - Hp
      - nO2
      - Xi
      backBoundaryConditions: !!python/object/apply:collections.defaultdict
        args:
        - *id001
        dictitems:
          Tamb: 25
          htc: Auto
          type: INSULATED
      columns:
      - 1
      depths:
      - 0
      file: ../../../../data/multiReactionCharring/charLinear3ReacNominal75kW_0_cone_Mass.csv
      finalThickness: false
      frontBoundaryConditions: !!python/object/apply:collections.defaultdict
        args:
        - *id001
        dictitems:
          Tamb: 25
          heatFlux: 75
          htc: 15
      ignitionHeatFlux: 20.0
      ignitionThreshold: 0.0032
      initialThickness: 0.008
      names:
      - Mass
      time: 0
      types:
      - 1
      weight: 1.0
      weights:
      - 1
      width1: 0.1016
      width2: 0.1016
  cone4: !!python/object/apply:collections.defaultdict
    args:
    - *id001
    dictitems:
      Tinit: 25
      activePhaseVars:
      - C0
      - rho
      - ka
      - kb
      - kc
      - kd
      - ke
      - Cpa
      - Cpb
      - Cpc
      - Cpd
      - Cpe
      - eps
      - K
      activeReactionVars:
      - A
      - E
      - n
      - Hp
      - nO2
      - Xi
      backBoundaryConditions: !!python/object/apply:collections.defaultdict
        args:
        - *id001
        dictitems:
          Tamb: 25
          htc: Auto
          type: INSULATED
      columns:
      - 1
      depths:
      - 0
      file: ../../../../data/multiReactionCharring/charLinear3ReacNominal62_5kW_0_cone_Mass.csv
      finalThickness: false
      frontBoundaryConditions: !!python/object/apply:collections.defaultdict
        args:
        - *id001
        dictitems:
          Tamb: 25
          heatFlux: 62.5
          htc: 15
      ignitionHeatFlux: 20.0
      ignitionThreshold: 0.0032
      initialThickness: 0.008
      names:
      - Mass
      time: 0
      types:
      - 1
      weight: 1.0
      weights:
      - 1
      width1: 0.1016
      width2: 0.1016
  configDir: C:\Users\Fyang\Workspace\optimization\optimizationPaper\config\multiReactionCharring\3Reactions\4mass\
  dataSources:
    names:
    - cone1
    - cone2
    - cone3
    - cone4
    types:
    - cone
    - cone
    - cone
    - cone
  dsc:
    activePhaseVars:
    - C0
    - Cpa
    - Cpb
    - Cpc
    - Cpd
    - Cpe
    activeReactionVars:
    - A
    - E
    - n
    - Hp
    dscO2: None
    weight: 1.0
  fdsPath: C:\Program Files\FDS\FDS6\bin
  keepTemporaryFiles: false
  name: charLinear3Reac4Mass
  optimizeParams:
    absErr: 1e-7
    absRelErr: 1e-7
    elimThresh: 1e-2
    maxIter: 200
    maxTime: 600000
    minIter: 5
    minP: 26
    opAlpha: 51
    opBeta: 1
    opP: 26
    opQ: 26
    opS: 51
    relErr: 1e-12
    relIter: 15
  outputParams:
    saveAllSamples: false
  phaseParams:
    C0:
    - - 1
      - 0
      - 1
    - - 0
      - 1189
      - 1189
    Cpa:
    - - None
      - 270
      - 4320
    - - None
      - 260.25
      - 4164
    Cpb:
    - - None
      - 0.0113
      - 0.1808
    - - None
      - 0.06475
      - 1.036
    Cpc:
    - - 0.0
      - 0.0
      - 0.0
    - - 0.0
      - 0.0
      - 0.0
    Cpd:
    - - 0.0
      - 0.0
      - 0.0
    - - 0.0
      - 0.0
      - 0.0
    Cpe:
    - &id002
      - 0
      - 0
      - 1
    - *id002
    K:
    - - None
      - 2500
      - 40000
    - - 1e8
      - 1189
      - 1189
    eps:
    - - None
      - 0.235
      - 1.0
    - - 0.94
      - 0.235
      - 1.0
    ka:
    - - None
      - 0.078
      - 1.248
    - - None
      - 0.023725
      - 0.3796
    kb:
    - - None
      - 1.1013e-05
      - 0.0001762
    - - None
      - 7.075e-05
      - 0.001132
    kc:
    - - 0.0
      - 0.0
      - 0.0
    - - 0.0
      - 0.0
      - 0.0
    kd:
    - - 0.0
      - 0.0
      - 0.0
    - - 0.0
      - 0.0
      - 0.0
    ke:
    - &id003
      - 0
      - 0
      - 1
    - *id003
    nO2:
    - - 0
      - 0
      - 1
    - - 0
      - 1189
      - 1189
    phases:
    - virgin
    - char
    rho:
    - - 1683
      - 1189
      - 1189
    - - 1235
      - 1189
      - 1189
  processParams:
    maxProcesses: 4
    multiprocess: true
  reactionParams:
    A:
    - - None
      - 5.86e11
      - 9.376e12
    - - None
      - 1.875e13
      - 3e14
    - - None
      - 2.3e12
      - 3.68e13
    E:
    - - None
      - 4.525e4
      - 7.24e5
    - - None
      - 4.825e4
      - 7.72e5
    - - None
      - 4.375e4
      - 7e5
    Hp:
    - - None
      - 2.5e4
      - 4e5
    - - None
      - 5e4
      - 8e5
    - - None
      - 1e5
      - 1.6e6
    Xi:
    - - None
      - 0.1875
      - 1
    - - None
      - 0.125
      - 1
    - - None
      - 0.075
      - 1
    n:
    - - None
      - 0.25
      - 4.0
    - - None
      - 0.375
      - 6.0
    - - None
      - 0.75
      - 12
    nO2:
    - &id004
      - 0
      - 0
      - 1
    - *id004
    - *id004
    prodState:
    - 1
    - 1
    - 1
    reacState:
    - 0
    - 0
    - 0
    typeState:
    - 3
    - 3
    - 3
  reinitializeComplex: false
  restart: false
  resultsDir: ../../../../results/multiReactionCharring/3Reactions/
  systemDir: C:\Users\Fyang\Workspace\optimization\sourceCode\optimizationpython\src
  tga:
    activePhaseVars:
    - C0
    - rho
    activeReactionVars:
    - A
    - E
    - n
    tgaO2: None
    tgaOpt: 1
    weight: 1.0
  thermalPropertyUnits: K
  virtualExperiment: false
Loop	t (s)	Error Min	Error Max	ErrorRel	Comp	Samples
0		1068.01	4.530e-03	6.364e-02	1.000e+00	26	1326
1		2168.50	4.530e-03	6.364e-02	1.000e+00	26	1326
2		3294.81	3.455e-03	6.364e-02	1.000e+00	26	1326
3		4440.00	2.481e-03	6.525e-02	1.000e+00	26	1326
4		5606.47	2.481e-03	7.163e-02	1.000e+00	26	1326
5		6755.10	2.481e-03	7.163e-02	1.000e+00	26	1326
6		7911.04	2.481e-03	7.163e-02	1.000e+00	26	1326
7		9097.67	2.481e-03	7.163e-02	1.000e+00	26	1326
8		10277.52	2.481e-03	6.364e-02	1.000e+00	26	1326
9		11444.49	2.481e-03	6.364e-02	1.000e+00	26	1326
10		12587.58	2.481e-03	7.618e-02	1.000e+00	26	1326
11		13755.70	2.481e-03	6.364e-02	1.000e+00	26	1326
12		14945.52	2.481e-03	6.364e-02	1.000e+00	26	1326
13		16111.03	2.481e-03	6.364e-02	1.000e+00	26	1326
14		17251.70	2.195e-03	6.364e-02	1.000e+00	26	1326
15		18427.52	2.195e-03	6.364e-02	1.000e+00	26	1326
16		19616.94	2.157e-03	6.364e-02	2.373e-03	26	1326
17		20770.72	2.157e-03	6.364e-02	1.298e-03	26	1326
18		21937.48	2.157e-03	6.364e-02	3.242e-04	26	1326
19		23104.09	2.157e-03	6.364e-02	3.242e-04	26	1326
20		24279.43	2.157e-03	6.790e-02	3.242e-04	26	1326
21		25443.71	2.157e-03	7.723e-02	3.242e-04	26	1326
22		26595.63	2.157e-03	6.768e-02	3.242e-04	26	1326
23		27770.68	2.157e-03	6.364e-02	3.242e-04	26	1326
24		28938.64	2.157e-03	6.364e-02	3.242e-04	26	1326
25		30112.47	2.157e-03	6.543e-02	3.242e-04	26	1326
26		31269.24	2.157e-03	7.626e-02	3.242e-04	26	1326
27		32443.99	2.157e-03	6.364e-02	3.242e-04	26	1326
28		33605.65	2.157e-03	6.364e-02	3.242e-04	26	1326
29		34765.93	2.157e-03	6.803e-02	3.828e-05	26	1326
30		35918.26	2.157e-03	6.691e-02	3.828e-05	26	1326
31		37067.26	2.157e-03	6.364e-02	0.000e+00	26	1326
32		38213.71	2.157e-03	6.364e-02	0.000e+00	26	1326
33		39408.24	2.157e-03	7.623e-02	0.000e+00	26	1326
34		40595.90	2.157e-03	6.746e-02	0.000e+00	26	1326
35		41770.04	2.157e-03	6.464e-02	0.000e+00	26	1326
36		42947.54	2.157e-03	7.126e-02	0.000e+00	26	1326
37		44141.28	2.157e-03	7.126e-02	0.000e+00	26	1326
38		45307.54	2.157e-03	6.364e-02	0.000e+00	26	1326
39		46487.72	2.157e-03	6.364e-02	0.000e+00	26	1326
40		47655.55	1.721e-03	6.364e-02	4.357e-04	26	1326
41		48840.28	1.721e-03	6.364e-02	4.357e-04	26	1326
42		50033.33	1.721e-03	6.364e-02	4.357e-04	26	1326
43		51212.61	1.721e-03	6.364e-02	4.357e-04	26	1326
44		52382.94	1.721e-03	6.364e-02	4.357e-04	26	1326
45		53528.64	1.721e-03	6.635e-02	4.357e-04	26	1326
46		54767.76	1.721e-03	6.752e-02	4.357e-04	26	1326
47		55952.92	1.721e-03	6.364e-02	4.357e-04	26	1326
48		57116.37	1.721e-03	6.364e-02	4.357e-04	26	1326
49		58273.17	1.721e-03	6.407e-02	4.357e-04	26	1326
50		59446.61	1.721e-03	6.364e-02	4.357e-04	26	1326
51		60619.89	1.721e-03	6.364e-02	4.357e-04	26	1326
52		61778.89	1.721e-03	6.364e-02	4.357e-04	26	1326
53		62960.30	1.721e-03	6.364e-02	4.357e-04	26	1326
54		64137.47	1.721e-03	7.036e-02	4.357e-04	26	1326
55		65304.37	1.721e-03	6.364e-02	0.000e+00	26	1326
56		66480.31	1.721e-03	6.364e-02	0.000e+00	26	1326
57		67656.80	1.721e-03	6.364e-02	0.000e+00	26	1326
58		68833.80	1.721e-03	6.364e-02	0.000e+00	26	1326
59		70012.53	1.721e-03	7.143e-02	0.000e+00	26	1326
60		71185.19	1.721e-03	6.364e-02	0.000e+00	26	1326
61		72347.33	1.721e-03	6.805e-02	0.000e+00	26	1326
62		73510.96	1.721e-03	6.805e-02	0.000e+00	26	1326
63		74675.04	1.721e-03	7.235e-02	0.000e+00	26	1326
64		75834.72	1.721e-03	7.235e-02	0.000e+00	26	1326
65		77004.03	1.721e-03	6.364e-02	0.000e+00	26	1326
66		78147.79	1.721e-03	6.588e-02	0.000e+00	26	1326
67		79298.52	1.721e-03	6.364e-02	0.000e+00	26	1326
68		80481.51	1.721e-03	6.364e-02	0.000e+00	26	1326
69		81624.64	1.721e-03	6.498e-02	0.000e+00	26	1326
70		82805.85	1.721e-03	6.364e-02	0.000e+00	26	1326
71		83963.72	1.721e-03	6.364e-02	0.000e+00	26	1326
72		85176.98	1.721e-03	6.564e-02	0.000e+00	26	1326
73		86348.10	1.721e-03	6.364e-02	0.000e+00	26	1326
74		87503.11	1.721e-03	6.364e-02	0.000e+00	26	1326
75		88643.44	1.721e-03	6.364e-02	0.000e+00	26	1326
76		89827.15	1.721e-03	6.725e-02	0.000e+00	26	1326
77		91019.36	1.721e-03	6.725e-02	0.000e+00	26	1326
78		92172.70	1.721e-03	6.364e-02	0.000e+00	26	1326
79		93336.06	1.721e-03	6.364e-02	0.000e+00	26	1326
80		94520.45	1.721e-03	6.364e-02	0.000e+00	26	1326
81		95676.69	1.721e-03	6.639e-02	0.000e+00	26	1326
82		96833.78	1.721e-03	6.364e-02	0.000e+00	26	1326
83		98011.36	1.721e-03	6.364e-02	0.000e+00	26	1326
84		99166.61	1.721e-03	6.364e-02	0.000e+00	26	1326
85		100336.99	1.721e-03	6.364e-02	0.000e+00	26	1326
86		101496.46	1.721e-03	6.364e-02	0.000e+00	26	1326
87		102646.78	1.721e-03	6.364e-02	0.000e+00	26	1326
88		103809.41	1.721e-03	6.364e-02	0.000e+00	26	1326
89		104986.23	1.721e-03	6.878e-02	0.000e+00	26	1326
90		106139.42	1.721e-03	6.364e-02	0.000e+00	26	1326
91		107275.42	1.721e-03	6.364e-02	0.000e+00	26	1326
92		108460.00	1.175e-03	6.364e-02	5.457e-04	26	1326
93		109650.87	1.175e-03	6.364e-02	5.457e-04	26	1326
94		110796.65	1.175e-03	6.364e-02	5.457e-04	26	1326
95		111960.61	1.175e-03	6.364e-02	5.457e-04	26	1326
96		113112.54	1.175e-03	6.364e-02	5.457e-04	26	1326
97		114302.57	1.175e-03	6.364e-02	5.457e-04	26	1326
98		115475.18	1.175e-03	6.364e-02	5.457e-04	26	1326
99		116649.91	1.175e-03	6.613e-02	5.457e-04	26	1326
100		117799.84	1.175e-03	6.582e-02	5.457e-04	26	1326
101		118958.10	1.175e-03	6.560e-02	5.457e-04	26	1326
102		120152.07	1.175e-03	6.560e-02	5.457e-04	26	1326
103		121318.43	1.175e-03	6.364e-02	5.457e-04	26	1326
104		122485.45	1.175e-03	6.364e-02	5.457e-04	26	1326
105		123625.51	1.175e-03	6.364e-02	5.457e-04	26	1326
106		124816.31	1.175e-03	6.364e-02	5.457e-04	26	1326
107		125958.39	1.175e-03	6.417e-02	0.000e+00	26	1326
108		127139.75	1.175e-03	6.364e-02	0.000e+00	26	1326
109		128298.49	1.175e-03	6.364e-02	0.000e+00	26	1326
110		129467.75	1.175e-03	6.364e-02	0.000e+00	26	1326
111		130629.34	1.175e-03	6.364e-02	0.000e+00	26	1326
112		131794.58	1.175e-03	6.835e-02	0.000e+00	26	1326
113		132978.87	1.175e-03	6.364e-02	0.000e+00	26	1326
114		134179.28	1.175e-03	7.140e-02	0.000e+00	26	1326
115		135348.05	1.175e-03	6.364e-02	0.000e+00	26	1326
116		136544.48	1.175e-03	6.364e-02	0.000e+00	26	1326
117		137712.97	1.175e-03	6.364e-02	0.000e+00	26	1326
118		138869.16	1.175e-03	6.364e-02	0.000e+00	26	1326
119		140037.75	1.175e-03	7.524e-02	0.000e+00	26	1326
120		141209.21	1.175e-03	6.851e-02	0.000e+00	26	1326
121		142364.61	1.175e-03	6.867e-02	0.000e+00	26	1326
122		143524.91	1.175e-03	6.867e-02	0.000e+00	26	1326
123		144719.69	1.175e-03	6.364e-02	0.000e+00	26	1326
124		145862.28	1.175e-03	6.525e-02	0.000e+00	26	1326
125		147015.14	1.175e-03	6.364e-02	0.000e+00	26	1326
126		148197.22	1.175e-03	7.433e-02	0.000e+00	26	1326
127		149390.72	1.175e-03	6.754e-02	0.000e+00	26	1326
128		150587.94	1.175e-03	6.686e-02	0.000e+00	26	1326
129		151765.49	1.175e-03	6.364e-02	0.000e+00	26	1326
130		152945.22	1.175e-03	6.364e-02	0.000e+00	26	1326
131		154117.62	1.175e-03	6.364e-02	0.000e+00	26	1326
132		155315.42	1.175e-03	6.364e-02	0.000e+00	26	1326
133		156467.98	1.175e-03	6.364e-02	0.000e+00	26	1326
134		157624.23	1.175e-03	6.364e-02	0.000e+00	26	1326
135		158782.42	1.175e-03	6.364e-02	0.000e+00	26	1326
136		159971.09	1.175e-03	6.364e-02	0.000e+00	26	1326
137		161148.23	1.175e-03	6.364e-02	0.000e+00	26	1326
138		162322.49	1.175e-03	6.364e-02	0.000e+00	26	1326
139		163468.72	1.175e-03	6.364e-02	0.000e+00	26	1326
140		164633.98	1.175e-03	6.533e-02	0.000e+00	26	1326
141		165814.36	1.175e-03	6.364e-02	0.000e+00	26	1326
142		166949.92	1.175e-03	6.364e-02	0.000e+00	26	1326
143		168120.68	1.175e-03	6.783e-02	0.000e+00	26	1326
144		169265.95	1.175e-03	6.783e-02	0.000e+00	26	1326
145		170474.25	1.175e-03	7.700e-02	0.000e+00	26	1326
146		171566.28	1.175e-03	6.364e-02	0.000e+00	26	1326
147		172687.71	1.175e-03	7.184e-02	0.000e+00	26	1326
148		173818.43	1.175e-03	6.364e-02	0.000e+00	26	1326
149		174941.48	1.175e-03	6.364e-02	0.000e+00	26	1326
150		176073.07	1.175e-03	6.364e-02	0.000e+00	26	1326
151		177175.94	1.175e-03	6.364e-02	0.000e+00	26	1326
152		178296.45	1.175e-03	6.364e-02	0.000e+00	26	1326
153		179399.36	1.175e-03	6.364e-02	0.000e+00	26	1326
154		180584.32	1.175e-03	6.731e-02	0.000e+00	26	1326
155		181724.04	1.175e-03	6.731e-02	0.000e+00	26	1326
156		182865.22	1.175e-03	6.364e-02	0.000e+00	26	1326
157		183971.23	1.175e-03	6.364e-02	0.000e+00	26	1326
158		185122.98	1.175e-03	6.364e-02	0.000e+00	26	1326
159		186224.20	1.175e-03	6.407e-02	0.000e+00	26	1326
160		187356.20	1.175e-03	7.114e-02	0.000e+00	26	1326
161		188450.49	1.175e-03	6.364e-02	0.000e+00	26	1326
162		189557.36	1.175e-03	6.364e-02	0.000e+00	26	1326
163		190636.91	1.175e-03	6.364e-02	0.000e+00	26	1326
164		191716.76	1.175e-03	6.364e-02	0.000e+00	26	1326
165		192803.76	1.175e-03	6.364e-02	0.000e+00	26	1326
166		193913.72	1.175e-03	6.364e-02	0.000e+00	26	1326
167		195009.86	1.175e-03	7.160e-02	0.000e+00	26	1326
168		196097.53	1.175e-03	6.929e-02	0.000e+00	26	1326
169		197229.56	1.175e-03	6.929e-02	0.000e+00	26	1326
170		198285.94	1.175e-03	6.929e-02	0.000e+00	26	1326
171		199399.94	1.175e-03	6.364e-02	0.000e+00	26	1326
172		200492.97	1.175e-03	6.687e-02	0.000e+00	26	1326
173		201587.54	1.175e-03	6.364e-02	0.000e+00	26	1326
174		202653.82	1.175e-03	6.968e-02	0.000e+00	26	1326
175		203761.20	1.175e-03	6.364e-02	0.000e+00	26	1326
176		204866.09	1.175e-03	6.645e-02	0.000e+00	26	1326
177		206012.56	1.175e-03	6.364e-02	0.000e+00	26	1326
178		207160.72	1.175e-03	6.364e-02	0.000e+00	26	1326
179		208322.80	1.175e-03	6.592e-02	0.000e+00	26	1326
180		209495.51	1.175e-03	6.364e-02	0.000e+00	26	1326
181		210615.09	1.175e-03	6.364e-02	0.000e+00	26	1326
182		211761.68	1.175e-03	6.668e-02	0.000e+00	26	1326
183		212921.93	1.175e-03	7.089e-02	0.000e+00	26	1326
184		214095.43	1.175e-03	6.364e-02	0.000e+00	26	1326
185		215257.97	1.175e-03	6.364e-02	0.000e+00	26	1326
186		216402.38	1.175e-03	6.364e-02	0.000e+00	26	1326
187		217534.34	1.175e-03	6.364e-02	0.000e+00	26	1326
188		218705.57	1.175e-03	6.579e-02	0.000e+00	26	1326
189		219873.58	1.175e-03	6.895e-02	0.000e+00	26	1326
190		221017.84	1.175e-03	6.364e-02	0.000e+00	26	1326
191		222168.72	1.175e-03	6.364e-02	0.000e+00	26	1326
192		223336.01	1.175e-03	6.521e-02	0.000e+00	26	1326
193		224470.11	1.175e-03	6.364e-02	0.000e+00	26	1326
194		225632.88	1.175e-03	6.364e-02	0.000e+00	26	1326
195		226764.55	1.175e-03	6.364e-02	0.000e+00	26	1326
196		227939.98	1.175e-03	6.364e-02	0.000e+00	26	1326
197		229107.05	1.175e-03	7.498e-02	0.000e+00	26	1326
198		230259.92	1.175e-03	6.364e-02	0.000e+00	26	1326
199		231398.04	1.175e-03	6.750e-02	0.000e+00	26	1326
A	 = 2.11e+12,7.08e+13,9.62e+12,
C0	 = 1.0,0.0,
Cpa	 = 1362.3994865775212,2551.597205492698,
Cpb	 = 0.12466757763166524,0.4652300218298441,
E	 = 3.06e+05,1.59e+05,2.16e+05,
Hp	 = 208191.35615701147,342383.1838232073,1001190.4960897192,
K	 = 14034.317920851583,100000000.0,
Value	 = 0.0011754213273742747,
Xi	 = 0.597347901348867,0.44832877210258093,0.5200637670428173,
eps	 = 0.7760443211542665,0.94,
ka	 = 0.2795291222770434,0.08364959018944018,
kb	 = 7.608465348089342e-05,0.0006452623332495355,
n	 = 1.3033287241308285,2.9528384096193223,7.2206494255755915,
nO2	 = 0.0,0.0,0.0,
rho	 = 1683.0,1235.0,
Results saved to C:\Users\Fyang\Workspace\optimization\optimizationPaper\config\multiReactionCharring\3Reactions\4mass\../../../../results/multiReactionCharring/3Reactions/charLinear3Reac4Mass_solution.txt
