E:\projects\materialOptimizationNIJ\experiments\E_Glass_linear_M_FT/E_Glass_linear_M_FT Log file
!!python/object/apply:collections.defaultdict
args:
- &id001 !!python/name:builtins.bool ''
dictitems:
  Duraboard:
    CprampF:
    - 1.0
    - 1.0
    CprampT:
    - 0
    - 5000
    eps: 0.8
    krampF:
    - 0.075932
    - 0.090229
    - 0.104522
    - 0.122143
    - 0.14158
    - 0.163436
    - 0.190738
    - 0.221975
    krampT:
    - 203.035
    - 317.4028
    - 426.9164
    - 536.4182
    - 647.3003
    - 757.4803
    - 867.6409
    - 981.2546
    rho: 258
    thickness: 0.0254
  XiState:
  - unknowable
  assumeVolumeConservation: true
  cone:
    Tinit: 25
    activePhaseVars:
    - C0
    - rho
    - ka
    - kb
    - kc
    - kd
    - ke
    - Cpa
    - Cpb
    - Cpc
    - Cpd
    - Cpe
    - eps
    - K
    activeReactionVars:
    - A
    - E
    - n
    - Hp
    - nO2
    - Xi
    allowIgnition: false
    backBoundaryConditions:
      Tamb: 25
      htc: Auto
      type: INSULATED
    frontBoundaryConditions:
      Tamb: 25
      htc: Auto
    ignitionHeatFlux: 20
    ignitionThreshold: 0.0032
    weight: 1.0
  cone1: !!python/object/apply:collections.defaultdict
    args:
    - *id001
    dictitems:
      Tinit: 25
      activePhaseVars:
      - C0
      - rho
      - ka
      - kb
      - kc
      - kd
      - ke
      - Cpa
      - Cpb
      - Cpc
      - Cpd
      - Cpe
      - eps
      - K
      activeReactionVars:
      - A
      - E
      - n
      - Hp
      - nO2
      - Xi
      backBoundaryConditions: !!python/object/apply:collections.defaultdict
        args:
        - *id001
        dictitems:
          Tamb: 25
          htc: Auto
          type: INSULATED
      columns:
      - 1
      - 3
      depths:
      - 0
      - 0
      file: E_GlassLinearVirtual.csv
      finalThickness: false
      frontBoundaryConditions: !!python/object/apply:collections.defaultdict
        args:
        - *id001
        dictitems:
          Tamb: 25
          heatFlux: 25
          htc: 15
      ignitionHeatFlux: 20.0
      ignitionThreshold: 0.0032
      initialThickness: 0.008
      names:
      - Mass
      - Temperature
      time: 0
      types:
      - 1
      - 3
      weight: 1.0
      weights:
      - 1
      - 1
      width1: 0.1016
      width2: 0.1016
  configDir: E:\projects\materialOptimizationNIJ\experiments\
  dataSources:
    names:
    - cone1
    types:
    - cone
  dsc:
    activePhaseVars:
    - C0
    - Cpa
    - Cpb
    - Cpc
    - Cpd
    - Cpe
    activeReactionVars:
    - A
    - E
    - n
    - Hp
    dscO2: None
    weight: 1.0
  fdsPath: C:\Program Files\FDS\FDS6\bin
  keepTemporaryFiles: false
  name: E_Glass_linear_M_FT
  optimizeParams:
    absErr: 1e-7
    absRelErr: 5e-7
    elimThresh: 1e-2
    maxIter: 200
    maxTime: 200000
    minIter: 5
    minP: 15
    opAlpha: 29
    opBeta: 1
    opP: 15
    opQ: 15
    opS: 29
    relErr: 1e-12
    relIter: 15
  outputParams:
    saveAllSamples: true
  phaseParams:
    C0:
    - - 1
      - 0
      - 1
    - - 0
      - 1189
      - 1189
    Cpa:
    - - None
      - 270
      - 4320
    - - None
      - 260.25
      - 4164
    Cpb:
    - - None
      - 0.0113
      - 0.1808
    - - None
      - 0.06475
      - 1.036
    Cpc:
    - - 0.0
      - 0.0
      - 0.0
    - - 0.0
      - 0.0
      - 0.0
    Cpd:
    - - 0.0
      - 0.0
      - 0.0
    - - 0.0
      - 0.0
      - 0.0
    Cpe:
    - &id002
      - 0
      - 0
      - 1
    - *id002
    K:
    - - None
      - 2500
      - 40000
    - - 1e8
      - 1189
      - 1189
    eps:
    - - None
      - 0.235
      - 1.0
    - - 0.94
      - 0.235
      - 1.0
    ka:
    - - None
      - 0.078
      - 1.248
    - - None
      - 0.023725
      - 0.3796
    kb:
    - - None
      - 1.1013e-05
      - 0.0001762
    - - None
      - 7.075e-05
      - 0.001132
    kc:
    - - 0.0
      - 0.0
      - 0.0
    - - 0.0
      - 0.0
      - 0.0
    kd:
    - - 0.0
      - 0.0
      - 0.0
    - - 0.0
      - 0.0
      - 0.0
    ke:
    - &id003
      - 0
      - 0
      - 1
    - *id003
    nO2:
    - - 0
      - 0
      - 1
    - - 0
      - 1189
      - 1189
    phases:
    - virgin
    - char
    rho:
    - - 1683
      - 1189
      - 1189
    - - 1235
      - 1189
      - 1189
  processParams:
    maxProcesses: 8
    multiprocess: true
  reactionParams:
    A:
    - - None
      - 5.86e11
      - 9.376e12
    E:
    - - None
      - 4.525e4
      - 7.24e5
    Hp:
    - - None
      - 2.5e4
      - 4e5
    Xi:
    - - None
      - 0
      - 1
    n:
    - - None
      - 0.25
      - 4.0
    nO2:
    - - 0
      - 0
      - 1
    prodState:
    - 1
    reacState:
    - 0
    typeState:
    - 3
  reinitializeComplex: true
  restart: false
  resultsDir: E_Glass_linear_M_FT/
  systemDir: E:\projects\materialOptimizationNIJ\optimizationpython\src
  tga:
    activePhaseVars:
    - C0
    - rho
    activeReactionVars:
    - A
    - E
    - n
    tgaO2: None
    tgaOpt: 1
    weight: 1.0
  thermalPropertyUnits: K
  virtualExperiment: false
Loop	t (s)	Error Min	Error Max	ErrorRel	Comp	Samples
0		173.09	1.915e-03	1.917e-02	1.000e+00	15	435
1		346.82	1.415e-03	2.009e-02	1.000e+00	15	435
2		510.32	1.173e-03	2.044e-02	1.000e+00	15	435
3		677.31	9.934e-04	1.939e-02	1.000e+00	15	435
4		837.45	7.300e-04	1.714e-02	1.000e+00	15	435
5		986.31	3.389e-04	1.496e-02	1.000e+00	15	435
6		1132.14	2.744e-04	1.696e-02	1.000e+00	15	435
7		1311.28	1.662e-04	1.941e-02	1.000e+00	15	435
8		1491.49	1.209e-04	1.941e-02	1.000e+00	15	435
9		1669.91	1.024e-04	1.941e-02	1.000e+00	15	435
10		1842.91	7.860e-05	1.623e-02	1.000e+00	15	435
11		2023.95	6.790e-05	1.796e-02	1.000e+00	15	435
12		2189.35	5.448e-05	1.559e-02	1.000e+00	15	435
13		2356.34	4.430e-05	1.107e-02	1.000e+00	15	435
14		2524.94	3.304e-05	1.578e-02	1.000e+00	15	435
15		2706.56	3.304e-05	1.578e-02	1.000e+00	15	435
16		2873.12	3.138e-05	8.243e-03	1.384e-03	15	435
17		3047.76	3.009e-05	6.879e-03	1.143e-03	15	435
18		3226.32	2.938e-05	1.166e-02	9.641e-04	15	435
19		3428.16	2.886e-05	1.166e-02	7.011e-04	15	435
20		3647.19	2.829e-05	1.755e-02	3.106e-04	15	435
21		3843.42	2.714e-05	1.376e-02	2.472e-04	15	435
22		4027.59	2.390e-05	1.079e-02	1.423e-04	15	435
23		4200.27	2.109e-05	1.849e-02	9.984e-05	15	435
24		4364.10	1.913e-05	1.014e-02	8.330e-05	15	435
25		4529.61	1.799e-05	7.505e-03	6.061e-05	15	435
26		4702.44	1.441e-05	2.046e-02	5.350e-05	15	435
27		4869.58	1.213e-05	1.259e-02	4.235e-05	15	435
28		5053.54	1.140e-05	1.292e-02	3.290e-05	15	435
29		5221.18	7.682e-06	1.381e-02	2.536e-05	15	435
30		5390.52	7.682e-06	1.536e-02	2.536e-05	15	435
31		5551.35	6.192e-06	1.900e-02	2.519e-05	15	435
32		5724.69	5.975e-06	1.544e-02	2.411e-05	15	435
33		5896.73	5.440e-06	1.489e-02	2.394e-05	15	435
34		6075.94	4.925e-06	8.997e-03	2.394e-05	15	435
35		6246.68	4.701e-06	8.997e-03	2.359e-05	15	435
36		6412.94	4.203e-06	6.883e-03	2.294e-05	15	435
37		6577.59	3.769e-06	5.561e-03	2.013e-05	15	435
38		6741.71	3.293e-06	5.369e-03	1.780e-05	15	435
39		6914.40	3.172e-06	5.286e-03	1.596e-05	15	435
40		7088.00	3.042e-06	5.286e-03	1.495e-05	15	435
41		7255.61	2.989e-06	5.283e-03	1.142e-05	15	435
42		7426.62	2.961e-06	5.279e-03	9.174e-06	15	435
43		7595.24	2.936e-06	5.277e-03	8.463e-06	15	435
44		7750.25	2.912e-06	5.277e-03	4.771e-06	15	435
45		7898.23	2.877e-06	5.276e-03	4.805e-06	15	435
46		8048.39	2.837e-06	5.275e-03	3.355e-06	15	435
47		8194.93	2.730e-06	5.275e-03	3.245e-06	15	435
48		8345.05	2.646e-06	6.168e-03	2.793e-06	15	435
49		8501.79	2.535e-06	1.721e-02	2.390e-06	15	435
50		8660.44	2.505e-06	1.098e-02	2.196e-06	15	435
51		8822.61	2.484e-06	6.646e-03	1.719e-06	15	435
52		8967.59	2.468e-06	7.540e-03	1.301e-06	15	435
53		9113.97	2.423e-06	5.538e-03	8.705e-07	15	435
54		9276.64	2.374e-06	9.638e-03	7.982e-07	15	435
55		9435.07	2.368e-06	1.219e-02	6.734e-07	15	435
56		9602.95	2.286e-06	1.219e-02	7.030e-07	15	435
57		9760.05	2.254e-06	1.280e-02	7.064e-07	15	435
58		9928.61	2.233e-06	1.481e-02	7.025e-07	15	435
59		10092.91	2.205e-06	1.295e-02	7.070e-07	15	435
60		10243.63	2.187e-06	6.752e-03	6.902e-07	15	435
61		10401.64	2.141e-06	1.831e-02	6.959e-07	15	435
62		10554.08	2.124e-06	1.535e-02	6.057e-07	15	435
63		10714.14	2.097e-06	1.492e-02	5.492e-07	15	435
64		10885.82	2.081e-06	1.707e-02	4.542e-07	15	435
65		11050.07	2.074e-06	1.593e-02	4.309e-07	15	435
66		11212.06	2.067e-06	1.617e-02	4.173e-07	15	435
67		11373.24	2.065e-06	1.178e-02	4.025e-07	15	435
68		11542.01	2.063e-06	1.059e-02	3.600e-07	15	435
69		11701.98	2.060e-06	1.602e-02	3.144e-07	15	435
70		11858.06	2.056e-06	1.436e-02	3.125e-07	15	435
71		12017.93	2.051e-06	1.789e-02	2.352e-07	15	435
72		12173.72	2.048e-06	1.149e-02	2.065e-07	15	435
73		12334.44	2.045e-06	1.562e-02	1.880e-07	15	435
74		12491.62	2.045e-06	1.847e-02	1.602e-07	15	435
75		12662.22	2.042e-06	1.984e-02	1.454e-07	15	435
76		12824.34	2.040e-06	1.685e-02	1.011e-07	15	435
77		12984.31	2.039e-06	1.637e-02	8.593e-08	15	435
78		13142.44	2.037e-06	1.637e-02	6.002e-08	15	435
79		13297.51	2.035e-06	1.111e-02	4.628e-08	15	435
80		13461.48	2.032e-06	1.996e-02	4.219e-08	15	435
81		13624.28	2.027e-06	1.278e-02	3.954e-08	15	435
82		13789.98	2.024e-06	1.587e-02	4.182e-08	15	435
83		13954.12	2.020e-06	1.632e-02	4.293e-08	15	435
84		14116.69	2.017e-06	1.849e-02	4.296e-08	15	435
85		14276.88	2.014e-06	1.971e-02	4.155e-08	15	435
86		14442.08	2.010e-06	1.805e-02	4.041e-08	15	435
87		14608.49	2.006e-06	1.689e-02	4.209e-08	15	435
88		14771.20	2.005e-06	1.365e-02	4.059e-08	15	435
89		14929.93	2.004e-06	1.759e-02	4.091e-08	15	435
90		15090.47	2.002e-06	1.852e-02	3.991e-08	15	435
91		15249.06	2.001e-06	1.888e-02	3.926e-08	15	435
92		15406.77	2.000e-06	1.888e-02	3.836e-08	15	435
93		15565.19	2.000e-06	1.888e-02	3.700e-08	15	435
94		15729.54	2.000e-06	1.106e-02	3.499e-08	15	435
95		15891.49	1.997e-06	8.333e-03	3.496e-08	15	435
96		16065.12	1.997e-06	1.752e-02	3.082e-08	15	435
97		16236.37	1.996e-06	1.533e-02	2.753e-08	15	435
98		16407.46	1.996e-06	1.559e-02	2.411e-08	15	435
99		16570.75	1.995e-06	1.564e-02	2.163e-08	15	435
100		16739.87	1.994e-06	1.660e-02	1.970e-08	15	435
101		16916.42	1.993e-06	1.597e-02	1.675e-08	15	435
102		17102.50	1.993e-06	1.872e-02	1.262e-08	15	435
103		17284.92	1.993e-06	1.726e-02	1.211e-08	15	435
104		17464.63	1.992e-06	1.967e-02	1.165e-08	15	435
105		17644.74	1.991e-06	1.784e-02	1.018e-08	15	435
106		17816.57	1.991e-06	1.740e-02	9.777e-09	15	435
107		18007.10	1.991e-06	9.607e-03	9.588e-09	15	435
108		18188.64	1.990e-06	1.822e-02	9.899e-09	15	435
109		18372.73	1.989e-06	1.216e-02	1.088e-08	15	435
110		18555.07	1.988e-06	1.177e-02	8.932e-09	15	435
111		18744.00	1.986e-06	1.459e-02	1.062e-08	15	435
112		18926.33	1.985e-06	2.005e-02	1.152e-08	15	435
113		19107.86	1.984e-06	1.394e-02	1.202e-08	15	435
114		19290.90	1.983e-06	1.710e-02	1.236e-08	15	435
115		19483.71	1.982e-06	1.710e-02	1.195e-08	15	435
116		19662.55	1.982e-06	1.543e-02	1.126e-08	15	435
117		19862.05	1.982e-06	1.444e-02	1.121e-08	15	435
118		20060.79	1.982e-06	1.850e-02	1.115e-08	15	435
119		20240.96	1.981e-06	1.600e-02	1.068e-08	15	435
120		20419.23	1.981e-06	1.404e-02	9.975e-09	15	435
121		20605.89	1.981e-06	1.470e-02	9.708e-09	15	435
122		20787.49	1.981e-06	1.924e-02	9.366e-09	15	435
123		20970.50	1.981e-06	1.924e-02	8.899e-09	15	435
124		21155.54	1.981e-06	1.502e-02	7.593e-09	15	435
125		21271.55	1.981e-06	1.380e-02	6.732e-09	15	435
126		21355.30	1.981e-06	1.712e-02	4.986e-09	15	435
127		21445.76	1.981e-06	1.328e-02	3.557e-09	15	435
128		21532.88	1.981e-06	1.842e-02	2.610e-09	15	435
129		21622.55	1.981e-06	1.868e-02	1.729e-09	15	435
130		21711.94	1.981e-06	1.868e-02	1.376e-09	15	435
131		21799.36	1.981e-06	1.383e-02	1.173e-09	15	435
132		21883.90	1.981e-06	1.779e-02	9.644e-10	15	435
133		21970.90	1.980e-06	7.560e-03	1.400e-09	15	435
134		22055.66	1.979e-06	8.950e-03	2.261e-09	15	435
135		22136.93	1.978e-06	9.354e-03	3.271e-09	15	435
136		22218.79	1.978e-06	1.284e-02	3.220e-09	15	435
137		22301.81	1.978e-06	1.284e-02	3.190e-09	15	435
138		22384.62	1.978e-06	1.766e-02	3.264e-09	15	435
139		22467.01	1.978e-06	1.766e-02	3.335e-09	15	435
140		22552.37	1.978e-06	1.895e-02	3.369e-09	15	435
141		22636.98	1.978e-06	1.895e-02	3.294e-09	15	435
142		22718.07	1.978e-06	1.677e-02	3.308e-09	15	435
143		22802.97	1.978e-06	1.281e-02	3.391e-09	15	435
144		22888.27	1.978e-06	1.511e-02	3.469e-09	15	435
145		22972.15	1.978e-06	1.168e-02	3.469e-09	15	435
146		23060.49	1.978e-06	1.905e-02	3.499e-09	15	435
147		23145.86	1.978e-06	1.689e-02	3.381e-09	15	435
148		23232.73	1.978e-06	1.950e-02	2.713e-09	15	435
149		23316.71	1.978e-06	1.950e-02	1.691e-09	15	435
150		23401.66	1.978e-06	1.950e-02	6.819e-10	15	435
151		23486.95	1.978e-06	1.221e-02	6.171e-10	15	435
152		23573.97	1.978e-06	1.094e-02	4.814e-10	15	435
153		23662.79	1.978e-06	2.008e-02	4.070e-10	15	435
154		23748.57	1.978e-06	8.289e-03	3.540e-10	15	435
155		23836.41	1.978e-06	1.446e-02	3.205e-10	15	435
156		23922.38	1.978e-06	1.285e-02	2.340e-10	15	435
157		24011.28	1.978e-06	1.111e-02	2.201e-10	15	435
158		24101.09	1.978e-06	8.503e-03	1.372e-10	15	435
159		24187.87	1.978e-06	1.663e-02	5.902e-11	15	435
160		24272.15	1.977e-06	1.436e-02	8.179e-11	15	435
161		24358.76	1.977e-06	1.402e-02	4.097e-11	15	435
162		24441.00	1.977e-06	1.877e-02	4.097e-11	15	435
163		24528.16	1.977e-06	1.153e-02	4.097e-11	15	435
164		24614.61	1.977e-06	1.971e-02	4.097e-11	15	435
165		24701.27	1.977e-06	1.169e-02	5.093e-11	15	435
166		24789.47	1.977e-06	1.156e-02	5.093e-11	15	435
167		24878.66	1.977e-06	1.513e-02	5.093e-11	15	435
168		24968.98	1.977e-06	1.816e-02	5.093e-11	15	435
169		25055.26	1.977e-06	1.200e-02	3.274e-11	15	435
170		25143.00	1.977e-06	1.373e-02	3.274e-11	15	435
171		25227.88	1.977e-06	1.004e-02	3.274e-11	15	435
172		25317.72	1.977e-06	1.849e-02	3.274e-11	15	435
173		25401.83	1.977e-06	1.627e-02	3.274e-11	15	435
174		25486.70	1.977e-06	1.627e-02	3.274e-11	15	435
175		25577.17	1.977e-06	1.922e-02	9.970e-12	15	435
176		25662.79	1.977e-06	1.599e-02	1.380e-11	15	435
177		25748.36	1.977e-06	9.660e-03	1.380e-11	15	435
178		25836.31	1.977e-06	1.872e-02	1.380e-11	15	435
179		25921.39	1.977e-06	1.872e-02	1.380e-11	15	435
180		26007.93	1.977e-06	1.906e-02	3.831e-12	15	435
181		26092.63	1.977e-06	1.906e-02	3.831e-12	15	435
182		26182.99	1.977e-06	1.554e-02	3.831e-12	15	435
183		26266.22	1.977e-06	1.554e-02	3.831e-12	15	435
184		26355.49	1.977e-06	7.132e-03	3.831e-12	15	435
185		26443.88	1.977e-06	7.682e-03	3.831e-12	15	435
186		26533.03	1.977e-06	1.645e-02	3.831e-12	15	435
187		26623.35	1.977e-06	1.485e-02	3.831e-12	15	435
188		26711.04	1.977e-06	1.569e-02	3.831e-12	15	435
189		26802.58	1.977e-06	1.423e-02	3.831e-12	15	435
190		26886.14	1.977e-06	6.795e-03	3.831e-12	15	435
191		26983.31	1.977e-06	1.661e-02	0.000e+00	15	435
192		27069.22	1.977e-06	1.409e-02	0.000e+00	15	435
193		27158.53	1.977e-06	1.590e-02	0.000e+00	15	435
194		27249.43	1.977e-06	1.476e-02	0.000e+00	15	435
195		27331.56	1.977e-06	1.474e-02	0.000e+00	15	435
196		27420.60	1.977e-06	1.470e-02	0.000e+00	15	435
197		27512.23	1.977e-06	1.754e-02	0.000e+00	15	435
198		27602.76	1.977e-06	1.647e-02	0.000e+00	15	435
199		27693.69	1.977e-06	1.325e-02	0.000e+00	15	435
A	 = 2.79e+12,
C0	 = 1.0,0.0,
Cpa	 = 1028.59645407,1130.44944403,
Cpb	 = 0.137297540439,0.125650680331,
E	 = 1.82e+05,
Hp	 = 99213.5336862,
K	 = 10219.5247394,100000000.0,
Value	 = 1.97747675833e-06,
Xi	 = 0.733808674985,
eps	 = 0.935453746765,0.94,
ka	 = 0.312482542619,0.0237256509849,
kb	 = 4.15367989872e-05,0.000386506393305,
n	 = 1.00979161535,
nO2	 = 0.0,
rho	 = 1683.0,1235.0,
Results saved to E:\projects\materialOptimizationNIJ\experiments\E_Glass_linear_M_FT/E_Glass_linear_M_FT_solution.txt
