C:\Users\Fyang\Workspace\optimization\optimizationPaper\config\multiReactionCharring\1Reactions\validation\../../../../results/multiReactionCharring/1Reactions/validation/charLinear1Reac1Mass10kW Log file
!!python/object/apply:collections.defaultdict
args:
- &id001 !!python/name:builtins.bool ''
dictitems:
  Duraboard:
    CprampF:
    - 1.0
    - 1.0
    CprampT:
    - 0
    - 5000
    eps: 0.8
    krampF:
    - 0.075932
    - 0.090229
    - 0.104522
    - 0.122143
    - 0.14158
    - 0.163436
    - 0.190738
    - 0.221975
    krampT:
    - 203.035
    - 317.4028
    - 426.9164
    - 536.4182
    - 647.3003
    - 757.4803
    - 867.6409
    - 981.2546
    rho: 258
    thickness: 0.0254
  XiState:
  - known
  assumeVolumeConservation: true
  cone:
    Tinit: 25
    activePhaseVars:
    - C0
    - rho
    - ka
    - kb
    - kc
    - kd
    - ke
    - Cpa
    - Cpb
    - Cpc
    - Cpd
    - Cpe
    - eps
    - K
    activeReactionVars:
    - A
    - E
    - n
    - Hp
    - nO2
    - Xi
    allowIgnition: false
    backBoundaryConditions:
      Tamb: 25
      htc: Auto
      type: INSULATED
    frontBoundaryConditions:
      Tamb: 25
      htc: Auto
    ignitionHeatFlux: 20
    ignitionThreshold: 0.0032
    weight: 1.0
  cone1: !!python/object/apply:collections.defaultdict
    args:
    - *id001
    dictitems:
      Tinit: 25
      activePhaseVars:
      - C0
      - rho
      - ka
      - kb
      - kc
      - kd
      - ke
      - Cpa
      - Cpb
      - Cpc
      - Cpd
      - Cpe
      - eps
      - K
      activeReactionVars:
      - A
      - E
      - n
      - Hp
      - nO2
      - Xi
      backBoundaryConditions: !!python/object/apply:collections.defaultdict
        args:
        - *id001
        dictitems:
          Tamb: 25
          htc: Auto
          type: INSULATED
      columns:
      - 1
      depths:
      - 0
      file: C:/Users/Fyang/Workspace/optimization/optimizationPaper/data/multiReactionCharring/multiReactionCharringFake1.csv
      finalThickness: false
      frontBoundaryConditions: !!python/object/apply:collections.defaultdict
        args:
        - *id001
        dictitems:
          Tamb: 25
          heatFlux: 10.0
          htc: 15
      ignitionHeatFlux: 20.0
      ignitionThreshold: 0.0032
      initialThickness: 0.008
      names:
      - Mass
      time: 0
      types:
      - 1
      weight: 1.0
      weights:
      - 1
      width1: 0.1016
      width2: 0.1016
  configDir: C:\Users\Fyang\Workspace\optimization\optimizationPaper\config\multiReactionCharring\1Reactions\validation\
  dataSources:
    names:
    - cone1
    types:
    - cone
  dsc:
    activePhaseVars:
    - C0
    - Cpa
    - Cpb
    - Cpc
    - Cpd
    - Cpe
    activeReactionVars:
    - A
    - E
    - n
    - Hp
    dscO2: None
    weight: 1.0
  fdsPath: C:\Program Files\FDS\FDS6\bin
  keepTemporaryFiles: false
  name: charLinear1Reac1Mass10kW
  optimizeParams:
    absErr: 1e-9
    absRelErr: 1e-6
    elimThresh: 1e-2
    maxIter: -1
    maxTime: -1
    minIter: -1
    minP: 2
    opAlpha: 1
    opBeta: 1
    opP: 1
    opQ: 1
    opS: 1
    relErr: 1e-12
    relIter: 15
  outputParams:
    saveAllSamples: true
  phaseParams:
    C0:
    - - 1
      - 0
      - 1
    - - 0
      - 1189
      - 1189
    Cpa:
    - - !!python/object/apply:numpy.core.multiarray.scalar
        - &id002 !!python/object/apply:numpy.dtype
          args:
          - f8
          - 0
          - 1
          state: !!python/tuple
          - 3
          - <
          - null
          - null
          - null
          - -1
          - -1
          - 0
        - !!binary |
          Ev+0ULn0r0A=
      - 1000
      - 2800
    - - !!python/object/apply:numpy.core.multiarray.scalar
        - *id002
        - !!binary |
          sz4rr3VqjUA=
      - 1189
      - 1189
    Cpb:
    - - !!python/object/apply:numpy.core.multiarray.scalar
        - *id002
        - !!binary |
          /1R2CznQxj8=
      - 0.0
      - 0.0
    - - !!python/object/apply:numpy.core.multiarray.scalar
        - *id002
        - !!binary |
          MLkatbSZsD8=
      - 1189
      - 1189
    Cpc:
    - - 0.0
      - 0.0
      - 0.0
    - - 0.0
      - 0.0
      - 0.0
    Cpd:
    - - 0.0
      - 0.0
      - 0.0
    - - 0.0
      - 0.0
      - 0.0
    Cpe:
    - &id003
      - 0
      - 0
      - 1
    - *id003
    K:
    - - !!python/object/apply:numpy.core.multiarray.scalar
        - *id002
        - !!binary |
          Ec0X7rI530A=
      - 500
      - 3000
    - - 1e8
      - 1189
      - 1189
    eps:
    - - !!python/object/apply:numpy.core.multiarray.scalar
        - *id002
        - !!binary |
          Hun5SP//7z8=
      - 0.75
      - 1.0
    - - 0.94
      - 1189
      - 1189
    ka:
    - - !!python/object/apply:numpy.core.multiarray.scalar
        - *id002
        - !!binary |
          1qeUO6aO8T8=
      - 0.1
      - 0.3
    - - !!python/object/apply:numpy.core.multiarray.scalar
        - *id002
        - !!binary |
          tDnz+mZlxj8=
      - 1189
      - 1189
    kb:
    - - !!python/object/apply:numpy.core.multiarray.scalar
        - *id002
        - !!binary |
          vmKivrV6Jj8=
      - 0.0
      - 0.0
    - - !!python/object/apply:numpy.core.multiarray.scalar
        - *id002
        - !!binary |
          8Mlys1iNEj8=
      - 0.0
      - 0.0
    kc:
    - - 0.0
      - 0.0
      - 0.0
    - - 0.0
      - 0.0
      - 0.0
    kd:
    - - 0.0
      - 0.0
      - 0.0
    - - 0.0
      - 0.0
      - 0.0
    ke:
    - &id004
      - 0
      - 0
      - 1
    - *id004
    nO2:
    - - 0
      - 0
      - 1
    - - 0
      - 1189
      - 1189
    phases:
    - virgin
    - char
    rho:
    - - 1683
      - 1189
      - 1189
    - - 1235
      - 1189
      - 1189
  processParams:
    maxProcesses: 4
    multiprocess: true
  reactionParams:
    A:
    - - !!python/object/apply:numpy.core.multiarray.scalar
        - *id002
        - !!binary |
          AADAhYNCbEI=
      - 1e6
      - 1e14
    E:
    - - !!python/object/apply:numpy.core.multiarray.scalar
        - *id002
        - !!binary |
          AAAAAABG/kA=
      - 1.2e4
      - 2.0e5
    Hp:
    - - !!python/object/apply:numpy.core.multiarray.scalar
        - *id002
        - !!binary |
          MctB0rhmCUE=
      - 1e5
      - 1e7
    Xi:
    - - !!python/object/apply:numpy.core.multiarray.scalar
        - *id002
        - !!binary |
          JqKSVFx75z8=
      - 0
      - 1
    n:
    - - !!python/object/apply:numpy.core.multiarray.scalar
        - *id002
        - !!binary |
          VxCb9gvI/j8=
      - 5e-1
      - 4e0
    nO2:
    - - 0
      - 0
      - 1
    prodState:
    - 1
    reacState:
    - 0
    typeState:
    - 3
  reinitializeComplex: false
  restart: false
  resultsDir: ../../../../results/multiReactionCharring/1Reactions/validation/
  systemDir: C:\Users\Fyang\Workspace\optimization\sourceCode\optimizationPython\src
  tga:
    activePhaseVars:
    - C0
    - rho
    activeReactionVars:
    - A
    - E
    - n
    tgaO2: None
    tgaOpt: 1
    weight: 1.0
  thermalPropertyUnits: K
  virtualExperiment: true
Loop	t (s)	Error Min	Error Max	ErrorRel	Comp	Samples
A	 = 9.71e+11,
C0	 = 1.0,0.0,
Cpa	 = 4090.3619438706746,941.3074630144605,
Cpb	 = 0.17822945651702324,0.06484536572927335,
E	 = 1.24e+05,
Hp	 = 208087.10266455406,
K	 = 31974.795782041798,100000000.0,
Value	 = 0.04771947295394823,
Xi	 = 0.7338086749851456,
eps	 = 0.9999996590916316,0.94,
ka	 = 1.0973265006418749,0.17496955159590544,
kb	 = 0.00017150372088250114,7.077077758558376e-05,
n	 = 1.9238395340953696,
nO2	 = 0.0,
rho	 = 1683.0,1235.0,
Results saved to C:\Users\Fyang\Workspace\optimization\optimizationPaper\config\multiReactionCharring\1Reactions\validation\../../../../results/multiReactionCharring/1Reactions/validation/charLinear1Reac1Mass10kW_solution.txt
