
 Fire Dynamics Simulator

 Compilation Date : Sat, 11 Apr 2015
 Current Date     : July 10, 2018  14:37:35
 Version          : FDS 6.2.0
 SVN Revision No. : 22343

 MPI Enabled; Number of MPI Processes:     1
 OpenMP Enabled; Number of OpenMP Threads:   4

 Job TITLE        : FDS Analysis for Optimizing on Cone Calorimeter Data
 Job ID string    : multiReactionCharringLinearNominal_s0


 Grid Dimensions, Mesh     1

   Cells in the X Direction             3
   Cells in the Y Direction             3
   Cells in the Z Direction             3


 Physical Dimensions, Mesh     1

   Length (m)                       0.305
   Width  (m)                       0.305
   Height (m)                       0.305
   Initial Time Step (s)            1.000


 Miscellaneous Parameters

   Simulation Start Time (s)          0.0
   Simulation End Time (s)         2500.0
   LES Calculation
   Deardorff Model (C_DEARDORFF)     0.10
   Turbulent Prandtl Number          0.50
   Turbulent Schmidt Number          0.50
   Ambient Temperature (C)          25.00


 Mass Fraction Transformation Matrix to Convert Species Mixtures (Columns) to Primitive Species (Rows)

                         AIR       OFF_GAS 
   NITROGEN              0.783705  0.000000
   OXYGEN                0.208484  0.000000
   CARBON DIOXIDE        0.000591  0.000000
   WATER VAPOR           0.007221  0.000000
   OFF_GAS               0.000000  1.000000


 Primitive Species Information

   NITROGEN                                                    
   Gas Species
   Molecular Weight (g/mol)            28.01340
   Ambient Density (kg/m^3)            1.145
   Enthalpy of Formation (J/kg)        0.00E+00

   OXYGEN                                                      
   Gas Species
   Molecular Weight (g/mol)            31.99880
   Ambient Density (kg/m^3)            1.308
   Enthalpy of Formation (J/kg)        0.00E+00

   CARBON DIOXIDE                                              
   Gas Species
   Molecular Weight (g/mol)            44.00950
   Ambient Density (kg/m^3)            1.799
   Enthalpy of Formation (J/kg)       -8.94E+06

   WATER VAPOR                                                 
   Gas Species
   Molecular Weight (g/mol)            18.01528
   Ambient Density (kg/m^3)            0.736
   Enthalpy of Formation (J/kg)       -1.34E+07

   OFF_GAS                                                     
   Gas Species
   Molecular Weight (g/mol)            28.84852
   Ambient Density (kg/m^3)            1.179
   Enthalpy of Formation (J/kg)     not specified


 Tracked (Lumped) Species Information

   AIR                                                         
   Molecular Weight (g/mol)            28.64864
   Ambient Density (kg/m^3)            1.171
   Initial Mass Fraction               1.000
   Enthalpy of Formation (J/kg)     -1.02E+05

   Sub Species                    Mass Fraction     Mole Fraction
   NITROGEN                       7.837049E-01      8.014765E-01
   OXYGEN                         2.084836E-01      1.866562E-01
   CARBON DIOXIDE                 5.907036E-04      3.845274E-04
   WATER VAPOR                    7.220804E-03      1.148282E-02
 
   Viscosity (kg/m/s)   Ambient (293 K):  1.81E-05
                                  500 K:  2.59E-05
                                 1000 K:  4.10E-05
                                 1500 K:  5.34E-05
   Therm. Cond. (W/m/K) Ambient (293 K):  2.57E-02
                                  500 K:  3.79E-02
                                 1000 K:  6.61E-02
                                 1500 K:  9.19E-02
   Spec. Heat (J/kg/K)  Ambient (293 K):  1.02E+03
                                  500 K:  1.04E+03
                                 1000 K:  1.15E+03
                                 1500 K:  1.23E+03
   Diff. Coeff. (m^2/s) Ambient (293 K):  2.05E-05
                                  500 K:  4.96E-05
                                 1000 K:  1.58E-04
                                 1500 K:  3.09E-04

   OFF_GAS                                                     
   Molecular Weight (g/mol)            28.84852
   Ambient Density (kg/m^3)            1.179
   Initial Mass Fraction               0.000
   Enthalpy of Formation (J/kg)     -2.00E+23

   Sub Species                    Mass Fraction     Mole Fraction
   OFF_GAS                        1.000000E+00      1.000000E+00
 
   Viscosity (kg/m/s)   Ambient (293 K):  1.83E-05
                                  500 K:  2.63E-05
                                 1000 K:  4.14E-05
                                 1500 K:  5.38E-05
   Therm. Cond. (W/m/K) Ambient (293 K):  3.70E-02
                                  500 K:  5.30E-02
                                 1000 K:  8.35E-02
                                 1500 K:  1.09E-01
   Spec. Heat (J/kg/K)  Ambient (293 K):  1.01E+03
                                  500 K:  1.01E+03
                                 1000 K:  1.01E+03
                                 1500 K:  1.01E+03
   Diff. Coeff. (m^2/s) Ambient (293 K):  2.05E-05
                                  500 K:  4.97E-05
                                 1000 K:  1.58E-04
                                 1500 K:  3.10E-04


 Material Information

   1 PHASE_0                                                     
     Emissivity                      0.940
     Density (kg/m3)                1683.0
     Specific Heat (kJ/kg/K)          1.09
     Conductivity (W/m/K)           0.3251
     Absorption coefficient (1/m) 10000.00
     Reaction  1
        Residue: PHASE_1, Material Index:  2, Yield:  0.734
        Gaseous Yields:
        AIR                                                         :     0.00
        OFF_GAS                                                     :     0.27
        A (1/s)    :  2.34E+12
        E (kJ/kmol):  1.81E+05
        H_R (kJ/kg):  1.00E+02
        N_S        :     1.00
     Reaction  2
        Residue: PHASE_1, Material Index:  2, Yield:  0.500
        Gaseous Yields:
        AIR                                                         :     0.00
        OFF_GAS                                                     :     0.50
        A (1/s)    :  7.50E+13
        E (kJ/kmol):  1.93E+05
        H_R (kJ/kg):  2.00E+02
        N_S        :     1.50

   2 PHASE_1                                                     
     Emissivity                      0.940
     Density (kg/m3)                1235.0
     Specific Heat (kJ/kg/K)          1.12
     Conductivity (W/m/K)           0.1793


 Surface Conditions

   0 INERT (DEFAULT)

   1 AR
     Material List
          1  PHASE_0                                                     
          2  PHASE_1                                                     
     Layer  1
        Thickness   (m):  0.00800
        Density (kg/m3):  1683.00
        PHASE_0, Mass fraction:    1.00
     Total surface density    13.464 kg/m2
     Solid Phase Node, Layer, Coordinates(m):
                    0      1       0.0000000
                    1      1       0.0004000
                    2      1       0.0008000
                    3      1       0.0012000
                    4      1       0.0016000
                    5      1       0.0020000
                    6      1       0.0024000
                    7      1       0.0028000
                    8      1       0.0032000
                    9      1       0.0036000
                   10      1       0.0040000
                   11      1       0.0044000
                   12      1       0.0048000
                   13      1       0.0052000
                   14      1       0.0056000
                   15      1       0.0060000
                   16      1       0.0064000
                   17      1       0.0068000
                   18      1       0.0072000
                   19      1       0.0076000
                   20      1       0.0080000
     Insulated Backing

   2 OPEN
     Passive Vent to Atmosphere

   3 MIRROR
     Symmetry Plane

   4 INTERPOLATED

   5 PERIODIC

   6 HVAC

   7 MASSLESS TRACER

   8 DROPLET

   9 VEGETATION

  10 EVACUATION_OUTFLOW
     Normal Velocity (m/s)         0.000

  11 MASSLESS TARGET


 Device Coordinates

     1 Coords:     0.00     0.00     0.00, Make: null, ID: Wall thickness, Quantity: WALL THICKNESS
     2 Coords:     0.00     0.00     0.00, Make: null, ID: mpua, Quantity: NORMALIZED MASS
     3 Coords:     0.00     0.00     0.00, Make: null, ID: mlrpua, Quantity: NORMALIZED MASS LOSS RATE, Species: OFF_GAS
     4 Coords:     0.00     0.00     0.00, Make: null, ID: Front HTC, Quantity: HEAT TRANSFER COEFFICIENT
     5 Coords:     0.00     0.00     0.00, Make: null, ID: Front T, Quantity: WALL TEMPERATURE
     6 Coords:     0.00     0.00     0.00, Make: null, ID: Back T, Quantity: BACK WALL TEMPERATURE


 Radiation Model Information

   Number of control angles  104
   Time step increment         3
   Angle increment             5
   Theta band N_phi   Solid angle
     1:        4  0.12
     2:       12  0.11
     3:       16  0.13
     4:       20  0.12
     5:       20  0.12
     6:       16  0.13
     7:       12  0.11
     8:        4  0.12
   Using constant absorption coefficient of   0.000 1/m
 
 

 Run Time Diagnostics

       Time Step       1   July 10, 2018  14:37:35
       Pressure Iterations:      1
       Maximum Velocity Error:  0.21E-18 on Mesh   1 at (   2   2   0)
       ---------------------------------------------------------------
       CPU/step:     0.137E-01 s, Total CPU:        0.01 s
       Time step:    0.100E+01 s, Total time:       1.00 s
       Max CFL number:  0.00E+00 at (  0,  0,  0)
       Max divergence:  0.14E-16 at (  1,  1,  3)
       Min divergence: -0.28E-16 at (  1,  2,  1)
       Max VN  number:  0.00E+00 at (  0,  0,  0)
 
       Time Step       2   July 10, 2018  14:37:35
       Pressure Iterations:      1
       Maximum Velocity Error:  0.14E-19 on Mesh   1 at (   2   2   0)
       ---------------------------------------------------------------
       CPU/step:     0.118E-03 s, Total CPU:        0.01 s
       Time step:    0.100E+01 s, Total time:       2.00 s
       Max CFL number:  0.00E+00 at (  0,  0,  0)
       Max divergence:  0.14E-16 at (  1,  1,  3)
       Min divergence: -0.28E-16 at (  1,  2,  1)
       Max VN  number:  0.00E+00 at (  0,  0,  0)
 
       Time Step       3   July 10, 2018  14:37:35
       Pressure Iterations:      1
       Maximum Velocity Error:  0.16E-17 on Mesh   1 at (   2   2   0)
       ---------------------------------------------------------------
       CPU/step:     0.768E-04 s, Total CPU:        0.01 s
       Time step:    0.100E+01 s, Total time:       3.00 s
       Max CFL number:  0.00E+00 at (  0,  0,  0)
       Max divergence:  0.14E-16 at (  1,  1,  3)
       Min divergence: -0.28E-16 at (  1,  2,  1)
       Max VN  number:  0.00E+00 at (  0,  0,  0)
 
       Time Step       4   July 10, 2018  14:37:35
       Pressure Iterations:      1
       Maximum Velocity Error:  0.20E-16 on Mesh   1 at (   2   2   0)
       ---------------------------------------------------------------
       CPU/step:     0.422E-03 s, Total CPU:        0.01 s
       Time step:    0.100E+01 s, Total time:       4.00 s
       Max CFL number:  0.00E+00 at (  0,  0,  0)
       Max divergence:  0.14E-16 at (  1,  1,  3)
       Min divergence: -0.28E-16 at (  1,  2,  1)
       Max VN  number:  0.00E+00 at (  0,  0,  0)
 
       Time Step       5   July 10, 2018  14:37:35
       Pressure Iterations:      1
       Maximum Velocity Error:  0.13E-15 on Mesh   1 at (   2   2   0)
       ---------------------------------------------------------------
       CPU/step:     0.771E-04 s, Total CPU:        0.01 s
       Time step:    0.100E+01 s, Total time:       5.00 s
       Max CFL number:  0.00E+00 at (  0,  0,  0)
       Max divergence:  0.14E-16 at (  1,  1,  3)
       Min divergence: -0.28E-16 at (  1,  2,  1)
       Max VN  number:  0.00E+00 at (  0,  0,  0)
 
       Time Step       6   July 10, 2018  14:37:35
       Pressure Iterations:      1
       Maximum Velocity Error:  0.57E-15 on Mesh   1 at (   2   2   0)
       ---------------------------------------------------------------
       CPU/step:     0.762E-04 s, Total CPU:        0.01 s
       Time step:    0.100E+01 s, Total time:       6.00 s
       Max CFL number:  0.00E+00 at (  0,  0,  0)
       Max divergence:  0.14E-16 at (  1,  1,  3)
       Min divergence: -0.28E-16 at (  1,  2,  1)
       Max VN  number:  0.00E+00 at (  0,  0,  0)
 
       Time Step       7   July 10, 2018  14:37:35
       Pressure Iterations:      1
       Maximum Velocity Error:  0.20E-14 on Mesh   1 at (   2   2   0)
       ---------------------------------------------------------------
       CPU/step:     0.420E-03 s, Total CPU:        0.01 s
       Time step:    0.100E+01 s, Total time:       7.00 s
       Max CFL number:  0.00E+00 at (  0,  0,  0)
       Max divergence:  0.14E-16 at (  1,  1,  3)
       Min divergence: -0.28E-16 at (  1,  2,  1)
       Max VN  number:  0.00E+00 at (  0,  0,  0)
 
       Time Step       8   July 10, 2018  14:37:35
       Pressure Iterations:      1
       Maximum Velocity Error:  0.57E-14 on Mesh   1 at (   2   2   0)
       ---------------------------------------------------------------
       CPU/step:     0.791E-04 s, Total CPU:        0.01 s
       Time step:    0.100E+01 s, Total time:       8.00 s
       Max CFL number:  0.00E+00 at (  0,  0,  0)
       Max divergence:  0.14E-16 at (  1,  1,  3)
       Min divergence: -0.28E-16 at (  1,  2,  1)
       Max VN  number:  0.00E+00 at (  0,  0,  0)
 
       Time Step       9   July 10, 2018  14:37:35
       Pressure Iterations:      1
       Maximum Velocity Error:  0.15E-13 on Mesh   1 at (   2   2   0)
       ---------------------------------------------------------------
       CPU/step:     0.782E-04 s, Total CPU:        0.02 s
       Time step:    0.100E+01 s, Total time:       9.00 s
       Max CFL number:  0.00E+00 at (  0,  0,  0)
       Max divergence:  0.14E-16 at (  1,  1,  3)
       Min divergence: -0.28E-16 at (  1,  2,  1)
       Max VN  number:  0.00E+00 at (  0,  0,  0)
 
       Time Step      10   July 10, 2018  14:37:35
       Pressure Iterations:      1
       Maximum Velocity Error:  0.34E-13 on Mesh   1 at (   2   2   0)
       ---------------------------------------------------------------
       CPU/step:     0.267E-01 s, Total CPU:        0.04 s
       Time step:    0.100E+01 s, Total time:      10.00 s
       Max CFL number:  0.00E+00 at (  0,  0,  0)
       Max divergence:  0.14E-16 at (  1,  1,  3)
       Min divergence: -0.28E-16 at (  1,  2,  1)
       Max VN  number:  0.00E+00 at (  0,  0,  0)
 
       Time Step      20   July 10, 2018  14:37:35
       Pressure Iterations:      1
       Maximum Velocity Error:  0.81E-11 on Mesh   1 at (   2   2   0)
       ---------------------------------------------------------------
       CPU/step:     0.526E-03 s, Total CPU:        0.05 s
       Time step:    0.100E+01 s, Total time:      20.00 s
       Max CFL number:  0.00E+00 at (  0,  0,  0)
       Max divergence:  0.14E-16 at (  1,  1,  3)
       Min divergence: -0.28E-16 at (  1,  2,  1)
       Max VN  number:  0.00E+00 at (  0,  0,  0)
 
       Time Step      30   July 10, 2018  14:37:35
       Pressure Iterations:      1
       Maximum Velocity Error:  0.19E-09 on Mesh   1 at (   2   2   0)
       ---------------------------------------------------------------
       CPU/step:     0.235E-03 s, Total CPU:        0.05 s
       Time step:    0.100E+01 s, Total time:      30.00 s
       Max CFL number:  0.00E+00 at (  0,  0,  0)
       Max divergence:  0.14E-16 at (  1,  1,  3)
       Min divergence: -0.28E-16 at (  1,  2,  1)
       Max VN  number:  0.00E+00 at (  0,  0,  0)
 
       Time Step      40   July 10, 2018  14:37:35
       Pressure Iterations:      1
       Maximum Velocity Error:  0.16E-08 on Mesh   1 at (   2   2   0)
       ---------------------------------------------------------------
       CPU/step:     0.367E-03 s, Total CPU:        0.05 s
       Time step:    0.100E+01 s, Total time:      40.00 s
       Max CFL number:  0.00E+00 at (  0,  0,  0)
       Max divergence:  0.14E-16 at (  1,  1,  3)
       Min divergence: -0.28E-16 at (  1,  2,  1)
       Max VN  number:  0.00E+00 at (  0,  0,  0)
 
       Time Step      50   July 10, 2018  14:37:35
       Pressure Iterations:      1
       Maximum Velocity Error:  0.81E-08 on Mesh   1 at (   2   2   0)
       ---------------------------------------------------------------
       CPU/step:     0.193E-03 s, Total CPU:        0.05 s
       Time step:    0.100E+01 s, Total time:      50.00 s
       Max CFL number:  0.00E+00 at (  0,  0,  0)
       Max divergence:  0.14E-16 at (  1,  1,  3)
       Min divergence: -0.28E-16 at (  1,  2,  1)
       Max VN  number:  0.00E+00 at (  0,  0,  0)
 
       Time Step      60   July 10, 2018  14:37:35
       Pressure Iterations:      1
       Maximum Velocity Error:  0.29E-07 on Mesh   1 at (   2   2   0)
       ---------------------------------------------------------------
       CPU/step:     0.216E-03 s, Total CPU:        0.06 s
       Time step:    0.100E+01 s, Total time:      60.00 s
       Max CFL number:  0.00E+00 at (  0,  0,  0)
       Max divergence:  0.14E-16 at (  1,  1,  3)
       Min divergence: -0.28E-16 at (  1,  2,  1)
       Max VN  number:  0.00E+00 at (  0,  0,  0)
 
       Time Step      70   July 10, 2018  14:37:35
       Pressure Iterations:      1
       Maximum Velocity Error:  0.84E-07 on Mesh   1 at (   2   2   0)
       ---------------------------------------------------------------
       CPU/step:     0.292E-03 s, Total CPU:        0.06 s
       Time step:    0.100E+01 s, Total time:      70.00 s
       Max CFL number:  0.00E+00 at (  0,  0,  0)
       Max divergence:  0.14E-16 at (  1,  1,  3)
       Min divergence: -0.28E-16 at (  1,  2,  1)
       Max VN  number:  0.00E+00 at (  0,  0,  0)
 
       Time Step      80   July 10, 2018  14:37:35
       Pressure Iterations:      1
       Maximum Velocity Error:  0.21E-06 on Mesh   1 at (   2   2   0)
       ---------------------------------------------------------------
       CPU/step:     0.470E-03 s, Total CPU:        0.06 s
       Time step:    0.100E+01 s, Total time:      80.00 s
       Max CFL number:  0.00E+00 at (  0,  0,  0)
       Max divergence:  0.14E-16 at (  1,  1,  3)
       Min divergence: -0.28E-16 at (  1,  2,  1)
       Max VN  number:  0.00E+00 at (  0,  0,  0)
 
       Time Step      90   July 10, 2018  14:37:35
       Pressure Iterations:      1
       Maximum Velocity Error:  0.46E-06 on Mesh   1 at (   2   2   0)
       ---------------------------------------------------------------
       CPU/step:     0.263E-03 s, Total CPU:        0.07 s
       Time step:    0.100E+01 s, Total time:      90.00 s
       Max CFL number:  0.00E+00 at (  0,  0,  0)
       Max divergence:  0.14E-16 at (  1,  1,  3)
       Min divergence: -0.28E-16 at (  1,  2,  1)
       Max VN  number:  0.00E+00 at (  0,  0,  0)
 
       Time Step     100   July 10, 2018  14:37:35
       Pressure Iterations:      1
       Maximum Velocity Error:  0.93E-06 on Mesh   1 at (   2   2   0)
       ---------------------------------------------------------------
       CPU/step:     0.290E-03 s, Total CPU:        0.07 s
       Time step:    0.100E+01 s, Total time:     100.00 s
       Max CFL number:  0.00E+00 at (  0,  0,  0)
       Max divergence:  0.14E-16 at (  1,  1,  3)
       Min divergence: -0.28E-16 at (  1,  2,  1)
       Max VN  number:  0.00E+00 at (  0,  0,  0)
 
       Time Step     200   July 10, 2018  14:37:35
       Pressure Iterations:      1
       Maximum Velocity Error:  0.65E-04 on Mesh   1 at (   2   2   0)
       ---------------------------------------------------------------
       CPU/step:     0.227E-03 s, Total CPU:        0.09 s
       Time step:    0.100E+01 s, Total time:     200.00 s
       Max CFL number:  0.00E+00 at (  0,  0,  0)
       Max divergence:  0.14E-16 at (  1,  1,  3)
       Min divergence: -0.28E-16 at (  1,  2,  1)
       Max VN  number:  0.00E+00 at (  0,  0,  0)
 
       Time Step     300   July 10, 2018  14:37:35
       Pressure Iterations:      1
       Maximum Velocity Error:  0.13E-03 on Mesh   1 at (   2   2   0)
       ---------------------------------------------------------------
       CPU/step:     0.232E-03 s, Total CPU:        0.12 s
       Time step:    0.100E+01 s, Total time:     300.00 s
       Max CFL number:  0.00E+00 at (  0,  0,  0)
       Max divergence:  0.14E-16 at (  1,  1,  3)
       Min divergence: -0.28E-16 at (  1,  2,  1)
       Max VN  number:  0.00E+00 at (  0,  0,  0)
 
       Time Step     400   July 10, 2018  14:37:35
       Pressure Iterations:      1
       Maximum Velocity Error:  0.57E-04 on Mesh   1 at (   2   2   0)
       ---------------------------------------------------------------
       CPU/step:     0.216E-03 s, Total CPU:        0.14 s
       Time step:    0.100E+01 s, Total time:     400.00 s
       Max CFL number:  0.00E+00 at (  0,  0,  0)
       Max divergence:  0.14E-16 at (  1,  1,  3)
       Min divergence: -0.28E-16 at (  1,  2,  1)
       Max VN  number:  0.00E+00 at (  0,  0,  0)
 
       Time Step     500   July 10, 2018  14:37:35
       Pressure Iterations:      1
       Maximum Velocity Error:  0.39E-04 on Mesh   1 at (   2   2   0)
       ---------------------------------------------------------------
       CPU/step:     0.195E-03 s, Total CPU:        0.16 s
       Time step:    0.100E+01 s, Total time:     500.00 s
       Max CFL number:  0.00E+00 at (  0,  0,  0)
       Max divergence:  0.14E-16 at (  1,  1,  3)
       Min divergence: -0.28E-16 at (  1,  2,  1)
       Max VN  number:  0.00E+00 at (  0,  0,  0)
 
       Time Step     600   July 10, 2018  14:37:35
       Pressure Iterations:      1
       Maximum Velocity Error:  0.68E-04 on Mesh   1 at (   2   2   0)
       ---------------------------------------------------------------
       CPU/step:     0.189E-03 s, Total CPU:        0.18 s
       Time step:    0.100E+01 s, Total time:     600.00 s
       Max CFL number:  0.00E+00 at (  0,  0,  0)
       Max divergence:  0.14E-16 at (  1,  1,  3)
       Min divergence: -0.28E-16 at (  1,  2,  1)
       Max VN  number:  0.00E+00 at (  0,  0,  0)
 
       Time Step     700   July 10, 2018  14:37:35
       Pressure Iterations:      1
       Maximum Velocity Error:  0.77E-04 on Mesh   1 at (   2   2   0)
       ---------------------------------------------------------------
       CPU/step:     0.203E-03 s, Total CPU:        0.20 s
       Time step:    0.100E+01 s, Total time:     700.00 s
       Max CFL number:  0.00E+00 at (  0,  0,  0)
       Max divergence:  0.14E-16 at (  1,  1,  3)
       Min divergence: -0.28E-16 at (  1,  2,  1)
       Max VN  number:  0.00E+00 at (  0,  0,  0)
 
       Time Step     800   July 10, 2018  14:37:35
       Pressure Iterations:      1
       Maximum Velocity Error:  0.12E-03 on Mesh   1 at (   2   2   0)
       ---------------------------------------------------------------
       CPU/step:     0.192E-03 s, Total CPU:        0.22 s
       Time step:    0.100E+01 s, Total time:     800.00 s
       Max CFL number:  0.00E+00 at (  0,  0,  0)
       Max divergence:  0.14E-16 at (  1,  1,  3)
       Min divergence: -0.28E-16 at (  1,  2,  1)
       Max VN  number:  0.00E+00 at (  0,  0,  0)
 
       Time Step     900   July 10, 2018  14:37:35
       Pressure Iterations:      1
       Maximum Velocity Error:  0.14E-05 on Mesh   1 at (   2   2   0)
       ---------------------------------------------------------------
       CPU/step:     0.182E-03 s, Total CPU:        0.23 s
       Time step:    0.100E+01 s, Total time:     900.00 s
       Max CFL number:  0.00E+00 at (  0,  0,  0)
       Max divergence:  0.14E-16 at (  1,  1,  3)
       Min divergence: -0.28E-16 at (  1,  2,  1)
       Max VN  number:  0.00E+00 at (  0,  0,  0)
 
       Time Step    1000   July 10, 2018  14:37:35
       Pressure Iterations:      1
       Maximum Velocity Error:  0.97E-14 on Mesh   1 at (   2   2   0)
       ---------------------------------------------------------------
       CPU/step:     0.185E-03 s, Total CPU:        0.25 s
       Time step:    0.100E+01 s, Total time:    1000.00 s
       Max CFL number:  0.00E+00 at (  0,  0,  0)
       Max divergence:  0.14E-16 at (  1,  1,  3)
       Min divergence: -0.28E-16 at (  1,  2,  1)
       Max VN  number:  0.00E+00 at (  0,  0,  0)
 
       Time Step    1100   July 10, 2018  14:37:35
       Pressure Iterations:      1
       Maximum Velocity Error:  0.48E-32 on Mesh   1 at (   2   2   0)
       ---------------------------------------------------------------
       CPU/step:     0.204E-03 s, Total CPU:        0.27 s
       Time step:    0.100E+01 s, Total time:    1100.00 s
       Max CFL number:  0.00E+00 at (  0,  0,  0)
       Max divergence:  0.14E-16 at (  1,  1,  3)
       Min divergence: -0.28E-16 at (  1,  2,  1)
       Max VN  number:  0.00E+00 at (  0,  0,  0)
 
       Time Step    1200   July 10, 2018  14:37:35
       Pressure Iterations:      1
       Maximum Velocity Error:  0.15E-60 on Mesh   1 at (   2   2   0)
       ---------------------------------------------------------------
       CPU/step:     0.183E-03 s, Total CPU:        0.29 s
       Time step:    0.100E+01 s, Total time:    1200.00 s
       Max CFL number:  0.00E+00 at (  0,  0,  0)
       Max divergence:  0.14E-16 at (  1,  1,  3)
       Min divergence: -0.28E-16 at (  1,  2,  1)
       Max VN  number:  0.00E+00 at (  0,  0,  0)
 
       Time Step    1300   July 10, 2018  14:37:35
       Pressure Iterations:      1
       Maximum Velocity Error:  0.37E-97 on Mesh   1 at (   2   2   0)
       ---------------------------------------------------------------
       CPU/step:     0.190E-03 s, Total CPU:        0.31 s
       Time step:    0.100E+01 s, Total time:    1300.00 s
       Max CFL number:  0.00E+00 at (  0,  0,  0)
       Max divergence:  0.14E-16 at (  1,  1,  3)
       Min divergence: -0.28E-16 at (  1,  2,  1)
       Max VN  number:  0.00E+00 at (  0,  0,  0)
 
       Time Step    1400   July 10, 2018  14:37:35
       Pressure Iterations:      1
       Maximum Velocity Error:  0.34-139 on Mesh   1 at (   2   2   0)
       ---------------------------------------------------------------
       CPU/step:     0.187E-03 s, Total CPU:        0.33 s
       Time step:    0.100E+01 s, Total time:    1400.00 s
       Max CFL number:  0.00E+00 at (  0,  0,  0)
       Max divergence:  0.14E-16 at (  1,  1,  3)
       Min divergence: -0.28E-16 at (  1,  2,  1)
       Max VN  number:  0.00E+00 at (  0,  0,  0)
 
       Time Step    1500   July 10, 2018  14:37:35
       Pressure Iterations:      1
       Maximum Velocity Error:  0.18-184 on Mesh   1 at (   2   2   0)
       ---------------------------------------------------------------
       CPU/step:     0.203E-03 s, Total CPU:        0.35 s
       Time step:    0.100E+01 s, Total time:    1500.00 s
       Max CFL number:  0.00E+00 at (  0,  0,  0)
       Max divergence:  0.14E-16 at (  1,  1,  3)
       Min divergence: -0.28E-16 at (  1,  2,  1)
       Max VN  number:  0.00E+00 at (  0,  0,  0)
 
       Time Step    1600   July 10, 2018  14:37:35
       Pressure Iterations:      1
       Maximum Velocity Error:  0.14-231 on Mesh   1 at (   2   2   0)
       ---------------------------------------------------------------
       CPU/step:     0.206E-03 s, Total CPU:        0.37 s
       Time step:    0.100E+01 s, Total time:    1600.00 s
       Max CFL number:  0.00E+00 at (  0,  0,  0)
       Max divergence:  0.14E-16 at (  1,  1,  3)
       Min divergence: -0.28E-16 at (  1,  2,  1)
       Max VN  number:  0.00E+00 at (  0,  0,  0)
 
       Time Step    1700   July 10, 2018  14:37:35
       Pressure Iterations:      1
       Maximum Velocity Error:  0.13-279 on Mesh   1 at (   2   2   0)
       ---------------------------------------------------------------
       CPU/step:     0.191E-03 s, Total CPU:        0.39 s
       Time step:    0.100E+01 s, Total time:    1700.00 s
       Max CFL number:  0.00E+00 at (  0,  0,  0)
       Max divergence:  0.14E-16 at (  1,  1,  3)
       Min divergence: -0.28E-16 at (  1,  2,  1)
       Max VN  number:  0.00E+00 at (  0,  0,  0)
 
       Time Step    1800   July 10, 2018  14:37:36
       Pressure Iterations:      1
       Maximum Velocity Error:  0.00E+00 on Mesh   1 at (   2   2   0)
       ---------------------------------------------------------------
       CPU/step:     0.208E-03 s, Total CPU:        0.41 s
       Time step:    0.100E+01 s, Total time:    1800.00 s
       Max CFL number:  0.00E+00 at (  0,  0,  0)
       Max divergence:  0.14E-16 at (  1,  1,  3)
       Min divergence: -0.28E-16 at (  1,  2,  1)
       Max VN  number:  0.00E+00 at (  0,  0,  0)
 
       Time Step    1900   July 10, 2018  14:37:36
       Pressure Iterations:      1
       Maximum Velocity Error:  0.00E+00 on Mesh   1 at (   2   2   0)
       ---------------------------------------------------------------
       CPU/step:     0.193E-03 s, Total CPU:        0.43 s
       Time step:    0.100E+01 s, Total time:    1900.00 s
       Max CFL number:  0.00E+00 at (  0,  0,  0)
       Max divergence:  0.14E-16 at (  1,  1,  3)
       Min divergence: -0.28E-16 at (  1,  2,  1)
       Max VN  number:  0.00E+00 at (  0,  0,  0)
 
       Time Step    2000   July 10, 2018  14:37:36
       Pressure Iterations:      1
       Maximum Velocity Error:  0.00E+00 on Mesh   1 at (   2   2   0)
       ---------------------------------------------------------------
       CPU/step:     0.182E-03 s, Total CPU:        0.45 s
       Time step:    0.100E+01 s, Total time:    2000.00 s
       Max CFL number:  0.00E+00 at (  0,  0,  0)
       Max divergence:  0.14E-16 at (  1,  1,  3)
       Min divergence: -0.28E-16 at (  1,  2,  1)
       Max VN  number:  0.00E+00 at (  0,  0,  0)
 
       Time Step    2100   July 10, 2018  14:37:36
       Pressure Iterations:      1
       Maximum Velocity Error:  0.00E+00 on Mesh   1 at (   2   2   0)
       ---------------------------------------------------------------
       CPU/step:     0.181E-03 s, Total CPU:        0.47 s
       Time step:    0.100E+01 s, Total time:    2100.00 s
       Max CFL number:  0.00E+00 at (  0,  0,  0)
       Max divergence:  0.14E-16 at (  1,  1,  3)
       Min divergence: -0.28E-16 at (  1,  2,  1)
       Max VN  number:  0.00E+00 at (  0,  0,  0)
 
       Time Step    2200   July 10, 2018  14:37:36
       Pressure Iterations:      1
       Maximum Velocity Error:  0.00E+00 on Mesh   1 at (   2   2   0)
       ---------------------------------------------------------------
       CPU/step:     0.183E-03 s, Total CPU:        0.48 s
       Time step:    0.100E+01 s, Total time:    2200.00 s
       Max CFL number:  0.00E+00 at (  0,  0,  0)
       Max divergence:  0.14E-16 at (  1,  1,  3)
       Min divergence: -0.28E-16 at (  1,  2,  1)
       Max VN  number:  0.00E+00 at (  0,  0,  0)
 
       Time Step    2300   July 10, 2018  14:37:36
       Pressure Iterations:      1
       Maximum Velocity Error:  0.00E+00 on Mesh   1 at (   2   2   0)
       ---------------------------------------------------------------
       CPU/step:     0.182E-03 s, Total CPU:        0.50 s
       Time step:    0.100E+01 s, Total time:    2300.00 s
       Max CFL number:  0.00E+00 at (  0,  0,  0)
       Max divergence:  0.14E-16 at (  1,  1,  3)
       Min divergence: -0.28E-16 at (  1,  2,  1)
       Max VN  number:  0.00E+00 at (  0,  0,  0)
 
       Time Step    2400   July 10, 2018  14:37:36
       Pressure Iterations:      1
       Maximum Velocity Error:  0.00E+00 on Mesh   1 at (   2   2   0)
       ---------------------------------------------------------------
       CPU/step:     0.181E-03 s, Total CPU:        0.52 s
       Time step:    0.100E+01 s, Total time:    2400.00 s
       Max CFL number:  0.00E+00 at (  0,  0,  0)
       Max divergence:  0.14E-16 at (  1,  1,  3)
       Min divergence: -0.28E-16 at (  1,  2,  1)
       Max VN  number:  0.00E+00 at (  0,  0,  0)
 
       Time Step    2500   July 10, 2018  14:37:36
       Pressure Iterations:      1
       Maximum Velocity Error:  0.00E+00 on Mesh   1 at (   2   2   0)
       ---------------------------------------------------------------
       CPU/step:     0.199E-03 s, Total CPU:        0.54 s
       Time step:    0.100E+01 s, Total time:    2500.00 s
       Max CFL number:  0.00E+00 at (  0,  0,  0)
       Max divergence:  0.14E-16 at (  1,  1,  3)
       Min divergence: -0.28E-16 at (  1,  2,  1)
       Max VN  number:  0.00E+00 at (  0,  0,  0)
 


 DEVICE Activation Times



 CPU Time Usage, Mesh   1

                 CPU (s)        %  
       ----------------------------
       MAIN         0.74     100.00
       DIVG         0.00       0.30
       MASS         0.00       0.00
       VELO         0.00       0.00
       PRES         0.02       2.11
       WALL         0.08      11.40
       DUMP         0.09      11.81
       PART         0.00       0.00
       RADI         0.34      45.91
       FIRE         0.00       0.00
       COMM         0.01       1.13
       SubTot       0.54      72.67


 Time Stepping Wall Clock Time (s):        0.660
 Total Elapsed Wall Clock Time (s):        0.759

STOP: FDS completed successfully (CHID: multiReactionCharringLinearNominal_s0)
