C:\Users\Fyang\Workspace\optimization\optimizationPaper\config\multiReactionCharring\3Reactions\1mass_TGA_DSC\../../../../results/multiReactionCharring/3ReactionscharLinear3ReacTGADSC Log file
!!python/object/apply:collections.defaultdict
args:
- &id001 !!python/name:builtins.bool ''
dictitems:
  Duraboard:
    CprampF:
    - 1.0
    - 1.0
    CprampT:
    - 0
    - 5000
    eps: 0.8
    krampF:
    - 0.075932
    - 0.090229
    - 0.104522
    - 0.122143
    - 0.14158
    - 0.163436
    - 0.190738
    - 0.221975
    krampT:
    - 203.035
    - 317.4028
    - 426.9164
    - 536.4182
    - 647.3003
    - 757.4803
    - 867.6409
    - 981.2546
    rho: 258
    thickness: 0.0254
  XiState:
  - unknown
  - unknown
  - unknown
  assumeVolumeConservation: false
  cone:
    Tinit: 25
    activePhaseVars:
    - C0
    - rho
    - ka
    - kb
    - kc
    - kd
    - ke
    - Cpa
    - Cpb
    - Cpc
    - Cpd
    - Cpe
    - eps
    - K
    activeReactionVars:
    - A
    - E
    - n
    - Hp
    - nO2
    - Xi
    allowIgnition: false
    backBoundaryConditions:
      Tamb: 25
      htc: Auto
      type: INSULATED
    frontBoundaryConditions:
      Tamb: 25
      htc: Auto
    ignitionHeatFlux: 20
    ignitionThreshold: 0.0032
    weight: 1.0
  cone1: !!python/object/apply:collections.defaultdict
    args:
    - *id001
    dictitems:
      Tinit: 25
      activePhaseVars:
      - C0
      - rho
      - ka
      - kb
      - kc
      - kd
      - ke
      - Cpa
      - Cpb
      - Cpc
      - Cpd
      - Cpe
      - eps
      - K
      activeReactionVars:
      - A
      - E
      - n
      - Hp
      - nO2
      - Xi
      backBoundaryConditions: !!python/object/apply:collections.defaultdict
        args:
        - *id001
        dictitems:
          Tamb: 25
          htc: Auto
          type: INSULATED
      columns:
      - 1
      depths:
      - 0
      file: ../../../../data/multiReactionCharring/charLinear3ReacNominal25kW_0_cone_Mass.csv
      finalThickness: false
      frontBoundaryConditions: !!python/object/apply:collections.defaultdict
        args:
        - *id001
        dictitems:
          Tamb: 25
          heatFlux: 25
          htc: 15
      ignitionHeatFlux: 20.0
      ignitionThreshold: 0.0032
      initialThickness: 0.008
      names:
      - Mass
      time: 0
      types:
      - 1
      weight: 1.0
      weights:
      - 1
      width1: 0.1016
      width2: 0.1016
  configDir: C:\Users\Fyang\Workspace\optimization\optimizationPaper\config\multiReactionCharring\3Reactions\1mass_TGA_DSC\
  dataSources:
    names:
    - cone1
    types:
    - cone
  dsc:
    activePhaseVars:
    - C0
    - Cpa
    - Cpb
    - Cpc
    - Cpd
    - Cpe
    activeReactionVars:
    - A
    - E
    - n
    - Hp
    dscO2: None
    weight: 1.0
  fdsPath: C:\Program Files\FDS\FDS6\bin
  keepTemporaryFiles: false
  name: charLinear3ReacTGADSC
  optimizeParams:
    absErr: 1e-7
    absRelErr: 5e-7
    elimThresh: 1e-2
    maxIter: 200
    maxTime: 600000
    minIter: 5
    minP: 26
    opAlpha: 51
    opBeta: 1
    opP: 26
    opQ: 26
    opS: 51
    relErr: 1e-12
    relIter: 15
  outputParams:
    saveAllSamples: false
  phaseParams:
    C0:
    - - 1
      - 0
      - 1
    - - 0
      - 1189
      - 1189
    Cpa:
    - - None
      - 972
      - 1188
    - - None
      - 260.25
      - 4164
    Cpb:
    - - None
      - 0.04068
      - 0.04972
    - - None
      - 0.06475
      - 1.036
    Cpc:
    - - 0.0
      - 0.0
      - 0.0
    - - 0.0
      - 0.0
      - 0.0
    Cpd:
    - - 0.0
      - 0.0
      - 0.0
    - - 0.0
      - 0.0
      - 0.0
    Cpe:
    - &id002
      - 0
      - 0
      - 1
    - *id002
    K:
    - - None
      - 2500
      - 40000
    - - 1e8
      - 1189
      - 1189
    eps:
    - - None
      - 0.235
      - 1.0
    - - 0.94
      - 0.235
      - 1.0
    ka:
    - - None
      - 0.078
      - 1.248
    - - None
      - 0.023725
      - 0.3796
    kb:
    - - None
      - 1.1013e-05
      - 0.0001762
    - - None
      - 7.075e-05
      - 0.001132
    kc:
    - - 0.0
      - 0.0
      - 0.0
    - - 0.0
      - 0.0
      - 0.0
    kd:
    - - 0.0
      - 0.0
      - 0.0
    - - 0.0
      - 0.0
      - 0.0
    ke:
    - &id003
      - 0
      - 0
      - 1
    - *id003
    nO2:
    - - 0
      - 0
      - 1
    - - 0
      - 1189
      - 1189
    phases:
    - virgin
    - char
    rho:
    - - 1683
      - 1189
      - 1189
    - - 1235
      - 1189
      - 1189
  processParams:
    maxProcesses: 4
    multiprocess: true
  reactionParams:
    A:
    - - None
      - 2.106e12
      - 2.574e12
    - - None
      - 6.75e13
      - 8.25e13
    - - None
      - 8.28e12
      - 1.012e13
    E:
    - - None
      - 1.629e5
      - 1.991e5
    - - None
      - 1.737e5
      - 2.123e5
    - - None
      - 1.575e5
      - 1.925e5
    Hp:
    - - None
      - 2.5e4
      - 4e5
    - - None
      - 5e4
      - 8e5
    - - None
      - 360000
      - 440000
    Xi:
    - - None
      - 0.675
      - 0.825
    - - None
      - 0.45
      - 0.55
    - - None
      - 0.27
      - 0.33
    n:
    - - None
      - 0.9
      - 1.1
    - - None
      - 1.35
      - 1.65
    - - None
      - 2.7
      - 3.3
    nO2:
    - &id004
      - 0
      - 0
      - 1
    - *id004
    - *id004
    prodState:
    - 1
    - 1
    - 1
    reacState:
    - 0
    - 0
    - 0
    typeState:
    - 3
    - 3
    - 3
  reinitializeComplex: false
  restart: false
  resultsDir: ../../../../results/multiReactionCharring/3Reactions
  systemDir: C:\Users\Fyang\Workspace\optimization\sourceCode\optimizationpython\src
  tga:
    activePhaseVars:
    - C0
    - rho
    activeReactionVars:
    - A
    - E
    - n
    tgaO2: None
    tgaOpt: 1
    weight: 1.0
  thermalPropertyUnits: K
  virtualExperiment: false
Loop	t (s)	Error Min	Error Max	ErrorRel	Comp	Samples
0		144.49	1.326e-04	1.142e-02	1.000e+00	26	1326
1		307.85	1.250e-04	1.142e-02	1.000e+00	26	1326
2		477.11	8.372e-05	1.142e-02	1.000e+00	26	1326
3		658.44	8.372e-05	1.133e-02	1.000e+00	26	1326
4		840.02	7.645e-05	1.068e-02	1.000e+00	26	1326
5		1025.57	4.598e-05	1.071e-02	1.000e+00	26	1326
6		1218.06	4.042e-05	9.910e-03	1.000e+00	26	1326
7		1407.27	2.796e-05	9.341e-03	1.000e+00	26	1326
8		1594.59	2.721e-05	8.749e-03	1.000e+00	26	1326
9		1780.87	2.228e-05	8.113e-03	1.000e+00	26	1326
10		1968.85	2.219e-05	7.883e-03	1.000e+00	26	1326
11		2160.53	1.795e-05	7.883e-03	1.000e+00	26	1326
12		2356.72	1.683e-05	7.883e-03	1.000e+00	26	1326
13		2559.01	1.612e-05	3.197e-03	1.000e+00	26	1326
14		2766.58	1.525e-05	1.154e-03	1.000e+00	26	1326
15		2969.05	1.385e-05	9.756e-04	1.000e+00	26	1326
16		3166.05	1.136e-05	4.033e-04	1.136e-04	26	1326
17		3364.12	8.371e-06	3.590e-04	7.535e-05	26	1326
18		3562.72	5.958e-06	2.224e-04	7.777e-05	26	1326
19		3759.22	3.264e-06	2.224e-04	7.318e-05	26	1326
20		3953.99	3.156e-06	1.697e-04	4.283e-05	26	1326
21		4138.66	2.247e-06	1.373e-04	3.817e-05	26	1326
22		4327.65	2.236e-06	1.279e-04	2.572e-05	26	1326
23		4515.03	1.936e-06	1.279e-04	2.528e-05	26	1326
24		4699.34	1.816e-06	1.151e-04	2.047e-05	26	1326
25		4887.12	1.763e-06	9.277e-05	2.042e-05	26	1326
26		5070.51	1.733e-06	2.268e-03	1.622e-05	26	1326
27		5258.38	1.719e-06	9.781e-04	1.511e-05	26	1326
28		5447.97	1.704e-06	9.135e-03	1.442e-05	26	1326
29		5639.76	1.689e-06	4.190e-03	1.356e-05	26	1326
30		5831.47	1.655e-06	1.953e-03	1.220e-05	26	1326
31		6026.16	1.629e-06	8.641e-04	9.733e-06	26	1326
32		6215.24	1.595e-06	8.641e-04	6.777e-06	26	1326
33		6402.25	1.548e-06	6.472e-03	4.410e-06	26	1326
34		6587.23	1.492e-06	6.472e-03	1.771e-06	26	1326
35		6774.01	1.415e-06	1.411e-03	1.741e-06	26	1326
36		6960.28	1.363e-06	1.411e-03	8.841e-07	26	1326
37		7147.07	1.269e-06	1.411e-03	9.675e-07	26	1326
38		7329.55	1.141e-06	1.411e-03	7.949e-07	26	1326
39		7515.22	1.009e-06	5.603e-03	8.064e-07	26	1326
40		7697.62	9.609e-07	4.868e-03	8.026e-07	26	1326
41		7895.09	8.613e-07	9.937e-03	8.721e-07	26	1326
42		8089.58	8.236e-07	1.133e-02	8.952e-07	26	1326
43		8279.17	7.378e-07	7.453e-03	9.664e-07	26	1326
44		8463.78	7.021e-07	1.089e-02	9.870e-07	26	1326
45		8645.26	6.122e-07	6.861e-03	1.042e-06	26	1326
46		8831.85	5.633e-07	2.759e-03	1.065e-06	26	1326
47		9011.71	5.239e-07	1.098e-02	1.071e-06	26	1326
48		9195.60	5.152e-07	5.107e-03	1.033e-06	26	1326
49		9379.36	4.735e-07	4.301e-03	1.019e-06	26	1326
50		9567.75	4.689e-07	1.137e-02	9.462e-07	26	1326
51		9759.23	4.558e-07	8.184e-03	9.072e-07	26	1326
52		9942.80	4.373e-07	6.778e-03	8.314e-07	26	1326
53		10129.90	4.373e-07	1.130e-02	7.038e-07	26	1326
54		10322.76	4.287e-07	1.137e-02	5.806e-07	26	1326
55		10512.56	4.239e-07	1.141e-02	5.370e-07	26	1326
56		10709.53	4.239e-07	1.042e-02	4.374e-07	26	1326
57		10896.52	4.182e-07	1.142e-02	4.053e-07	26	1326
58		11091.71	4.169e-07	1.142e-02	3.210e-07	26	1326
59		11288.60	4.149e-07	1.095e-02	2.872e-07	26	1326
60		11494.69	4.117e-07	1.137e-02	2.006e-07	26	1326
61		11689.56	4.094e-07	1.010e-02	1.539e-07	26	1326
62		11893.12	4.036e-07	1.140e-02	1.202e-07	26	1326
63		12093.40	3.984e-07	1.114e-02	1.169e-07	26	1326
64		12299.36	3.919e-07	1.129e-02	8.156e-08	26	1326
65		12514.04	3.912e-07	1.142e-02	7.775e-08	26	1326
66		12723.51	3.842e-07	1.142e-02	7.159e-08	26	1326
67		12936.39	3.802e-07	1.133e-02	5.709e-08	26	1326
68		13143.17	3.779e-07	1.134e-02	5.936e-08	26	1326
69		13347.88	3.740e-07	1.134e-02	5.470e-08	26	1326
70		13555.10	3.728e-07	1.052e-02	5.107e-08	26	1326
71		13757.59	3.710e-07	1.142e-02	5.291e-08	26	1326
72		13964.22	3.691e-07	1.128e-02	4.912e-08	26	1326
73		14175.99	3.665e-07	1.142e-02	5.034e-08	26	1326
74		14385.37	3.640e-07	1.078e-02	5.087e-08	26	1326
75		14594.36	3.612e-07	9.968e-03	5.042e-08	26	1326
76		14800.35	3.587e-07	1.005e-02	5.069e-08	26	1326
77		15008.64	3.563e-07	1.067e-02	4.731e-08	26	1326
78		15219.00	3.545e-07	1.067e-02	4.386e-08	26	1326
79		15433.68	3.527e-07	1.113e-02	3.928e-08	26	1326
80		15644.77	3.511e-07	1.138e-02	4.007e-08	26	1326
81		15857.55	3.500e-07	9.497e-03	3.423e-08	26	1326
82		16072.82	3.496e-07	1.128e-02	3.062e-08	26	1326
83		16285.78	3.492e-07	1.128e-02	2.872e-08	26	1326
84		16497.47	3.485e-07	1.140e-02	2.549e-08	26	1326
85		16708.16	3.476e-07	1.131e-02	2.519e-08	26	1326
86		16924.21	3.468e-07	1.131e-02	2.417e-08	26	1326
87		17134.46	3.458e-07	1.142e-02	2.327e-08	26	1326
88		17350.04	3.453e-07	1.142e-02	2.124e-08	26	1326
89		17564.31	3.435e-07	1.138e-02	2.047e-08	26	1326
90		17771.68	3.412e-07	1.090e-02	2.000e-08	26	1326
91		17988.43	3.393e-07	1.138e-02	1.939e-08	26	1326
92		18199.68	3.374e-07	1.138e-02	1.894e-08	26	1326
93		18410.65	3.353e-07	1.092e-02	1.918e-08	26	1326
94		18626.82	3.347e-07	1.136e-02	1.796e-08	26	1326
95		18838.87	3.347e-07	1.136e-02	1.640e-08	26	1326
96		19057.03	3.343e-07	1.140e-02	1.572e-08	26	1326
97		19270.31	3.338e-07	1.091e-02	1.574e-08	26	1326
98		19490.59	3.334e-07	1.142e-02	1.576e-08	26	1326
99		19709.57	3.334e-07	1.049e-02	1.514e-08	26	1326
100		19924.75	3.334e-07	1.064e-02	1.428e-08	26	1326
101		20141.62	3.329e-07	1.039e-02	1.390e-08	26	1326
102		20361.97	3.329e-07	1.141e-02	1.291e-08	26	1326
103		20580.60	3.329e-07	1.141e-02	1.242e-08	26	1326
104		20796.60	3.326e-07	1.141e-02	1.094e-08	26	1326
105		21014.18	3.323e-07	1.021e-02	8.896e-09	26	1326
106		21234.35	3.321e-07	1.086e-02	7.224e-09	26	1326
107		21453.64	3.320e-07	6.577e-03	5.399e-09	26	1326
108		21669.53	3.320e-07	1.141e-02	3.364e-09	26	1326
109		21885.81	3.316e-07	1.142e-02	3.079e-09	26	1326
110		22101.09	3.313e-07	1.134e-02	3.367e-09	26	1326
111		22318.47	3.310e-07	1.127e-02	3.267e-09	26	1326
112		22531.45	3.310e-07	1.027e-02	2.882e-09	26	1326
113		22742.72	3.309e-07	1.141e-02	2.496e-09	26	1326
114		22959.00	3.309e-07	1.141e-02	2.426e-09	26	1326
115		23179.59	3.309e-07	1.141e-02	2.438e-09	26	1326
116		23395.88	3.309e-07	1.093e-02	2.026e-09	26	1326
117		23616.86	3.309e-07	1.135e-02	2.019e-09	26	1326
118		23836.93	3.309e-07	1.095e-02	1.962e-09	26	1326
119		24058.30	3.309e-07	1.101e-02	1.696e-09	26	1326
120		24272.80	3.309e-07	1.139e-02	1.468e-09	26	1326
121		24489.56	3.309e-07	9.732e-03	1.240e-09	26	1326
122		24710.84	3.309e-07	1.140e-02	1.099e-09	26	1326
123		24924.02	3.309e-07	1.140e-02	1.099e-09	26	1326
124		25144.71	3.309e-07	1.137e-02	7.459e-10	26	1326
125		25362.57	3.309e-07	1.130e-02	4.503e-10	26	1326
126		25573.82	3.309e-07	1.141e-02	1.607e-10	26	1326
127		25787.89	3.309e-07	1.073e-02	7.734e-11	26	1326
128		25998.45	3.309e-07	1.105e-02	6.003e-11	26	1326
129		26212.80	3.309e-07	1.142e-02	6.003e-11	26	1326
130		26427.07	3.309e-07	1.142e-02	4.796e-11	26	1326
131		26640.56	3.309e-07	1.132e-02	3.468e-11	26	1326
132		26854.75	3.309e-07	1.140e-02	3.468e-11	26	1326
133		27068.49	3.309e-07	1.140e-02	1.937e-11	26	1326
134		27276.62	3.309e-07	1.136e-02	0.000e+00	26	1326
A	 = 2.29e+12,8.15e+13,8.63e+12,
C0	 = 1.0,0.0,
Cpa	 = 1058.7678635858947,1183.7293240107697,
Cpb	 = 0.04808193063224793,0.6708705908757029,
E	 = 1.79e+05,1.88e+05,1.72e+05,
Hp	 = 130108.94700484574,237446.95953775418,424893.92641681014,
K	 = 27208.002216245048,100000000.0,
Value	 = 3.308777304382891e-07,
Xi	 = 0.7670763790804342,0.49872256470125587,0.28289361616065467,
eps	 = 0.880589501865857,0.94,
ka	 = 0.3035104528766034,0.07332908372716962,
kb	 = 4.49967399854861e-05,0.00033577013049730057,
n	 = 0.9766150424898592,1.3905789164552198,3.11851703979727,
nO2	 = 0.0,0.0,0.0,
rho	 = 1683.0,1235.0,
Results saved to C:\Users\Fyang\Workspace\optimization\optimizationPaper\config\multiReactionCharring\3Reactions\1mass_TGA_DSC\../../../../results/multiReactionCharring/3ReactionscharLinear3ReacTGADSC_solution.txt
