C:\Users\Fyang\Workspace\optimization\optimizationPaper\config\multiReactionCharring\3Reactions\2mass\../../../../results/multiReactionCharring/3ReactionscharLinear3Reac2Mass Log file
!!python/object/apply:collections.defaultdict
args:
- &id001 !!python/name:builtins.bool ''
dictitems:
  Duraboard:
    CprampF:
    - 1.0
    - 1.0
    CprampT:
    - 0
    - 5000
    eps: 0.8
    krampF:
    - 0.075932
    - 0.090229
    - 0.104522
    - 0.122143
    - 0.14158
    - 0.163436
    - 0.190738
    - 0.221975
    krampT:
    - 203.035
    - 317.4028
    - 426.9164
    - 536.4182
    - 647.3003
    - 757.4803
    - 867.6409
    - 981.2546
    rho: 258
    thickness: 0.0254
  XiState:
  - unknown
  - unknown
  - unknown
  assumeVolumeConservation: false
  cone:
    Tinit: 25
    activePhaseVars:
    - C0
    - rho
    - ka
    - kb
    - kc
    - kd
    - ke
    - Cpa
    - Cpb
    - Cpc
    - Cpd
    - Cpe
    - eps
    - K
    activeReactionVars:
    - A
    - E
    - n
    - Hp
    - nO2
    - Xi
    allowIgnition: false
    backBoundaryConditions:
      Tamb: 25
      htc: Auto
      type: INSULATED
    frontBoundaryConditions:
      Tamb: 25
      htc: Auto
    ignitionHeatFlux: 20
    ignitionThreshold: 0.0032
    weight: 1.0
  cone1: !!python/object/apply:collections.defaultdict
    args:
    - *id001
    dictitems:
      Tinit: 25
      activePhaseVars:
      - C0
      - rho
      - ka
      - kb
      - kc
      - kd
      - ke
      - Cpa
      - Cpb
      - Cpc
      - Cpd
      - Cpe
      - eps
      - K
      activeReactionVars:
      - A
      - E
      - n
      - Hp
      - nO2
      - Xi
      backBoundaryConditions: !!python/object/apply:collections.defaultdict
        args:
        - *id001
        dictitems:
          Tamb: 25
          htc: Auto
          type: INSULATED
      columns:
      - 1
      depths:
      - 0
      file: ../../../../data/multiReactionCharring/charLinear3ReacNominal25kW_0_cone_Mass.csv
      finalThickness: false
      frontBoundaryConditions: !!python/object/apply:collections.defaultdict
        args:
        - *id001
        dictitems:
          Tamb: 25
          heatFlux: 25
          htc: 15
      ignitionHeatFlux: 20.0
      ignitionThreshold: 0.0032
      initialThickness: 0.008
      names:
      - Mass
      time: 0
      types:
      - 1
      weight: 1.0
      weights:
      - 1
      width1: 0.1016
      width2: 0.1016
  cone2: !!python/object/apply:collections.defaultdict
    args:
    - *id001
    dictitems:
      Tinit: 25
      activePhaseVars:
      - C0
      - rho
      - ka
      - kb
      - kc
      - kd
      - ke
      - Cpa
      - Cpb
      - Cpc
      - Cpd
      - Cpe
      - eps
      - K
      activeReactionVars:
      - A
      - E
      - n
      - Hp
      - nO2
      - Xi
      backBoundaryConditions: !!python/object/apply:collections.defaultdict
        args:
        - *id001
        dictitems:
          Tamb: 25
          htc: Auto
          type: INSULATED
      columns:
      - 1
      depths:
      - 0
      file: ../../../../data/multiReactionCharring/charLinear3ReacNominal50kW_0_cone_Mass.csv
      finalThickness: false
      frontBoundaryConditions: !!python/object/apply:collections.defaultdict
        args:
        - *id001
        dictitems:
          Tamb: 25
          heatFlux: 50
          htc: 15
      ignitionHeatFlux: 20.0
      ignitionThreshold: 0.0032
      initialThickness: 0.008
      names:
      - Mass
      time: 0
      types:
      - 1
      weight: 1.0
      weights:
      - 1
      width1: 0.1016
      width2: 0.1016
  configDir: C:\Users\Fyang\Workspace\optimization\optimizationPaper\config\multiReactionCharring\3Reactions\2mass\
  dataSources:
    names:
    - cone1
    - cone2
    types:
    - cone
    - cone
  dsc:
    activePhaseVars:
    - C0
    - Cpa
    - Cpb
    - Cpc
    - Cpd
    - Cpe
    activeReactionVars:
    - A
    - E
    - n
    - Hp
    dscO2: None
    weight: 1.0
  fdsPath: C:\Program Files\FDS\FDS6\bin
  keepTemporaryFiles: false
  name: charLinear3Reac2Mass
  optimizeParams:
    absErr: 1e-7
    absRelErr: 5e-7
    elimThresh: 1e-2
    maxIter: 200
    maxTime: 600000
    minIter: 5
    minP: 26
    opAlpha: 51
    opBeta: 1
    opP: 26
    opQ: 26
    opS: 51
    relErr: 1e-12
    relIter: 15
  outputParams:
    saveAllSamples: false
  phaseParams:
    C0:
    - - 1
      - 0
      - 1
    - - 0
      - 1189
      - 1189
    Cpa:
    - - None
      - 270
      - 4320
    - - None
      - 260.25
      - 4164
    Cpb:
    - - None
      - 0.0113
      - 0.1808
    - - None
      - 0.06475
      - 1.036
    Cpc:
    - - 0.0
      - 0.0
      - 0.0
    - - 0.0
      - 0.0
      - 0.0
    Cpd:
    - - 0.0
      - 0.0
      - 0.0
    - - 0.0
      - 0.0
      - 0.0
    Cpe:
    - &id002
      - 0
      - 0
      - 1
    - *id002
    K:
    - - None
      - 2500
      - 40000
    - - 1e8
      - 1189
      - 1189
    eps:
    - - None
      - 0.235
      - 1.0
    - - 0.94
      - 0.235
      - 1.0
    ka:
    - - None
      - 0.078
      - 1.248
    - - None
      - 0.023725
      - 0.3796
    kb:
    - - None
      - 1.1013e-05
      - 0.0001762
    - - None
      - 7.075e-05
      - 0.001132
    kc:
    - - 0.0
      - 0.0
      - 0.0
    - - 0.0
      - 0.0
      - 0.0
    kd:
    - - 0.0
      - 0.0
      - 0.0
    - - 0.0
      - 0.0
      - 0.0
    ke:
    - &id003
      - 0
      - 0
      - 1
    - *id003
    nO2:
    - - 0
      - 0
      - 1
    - - 0
      - 1189
      - 1189
    phases:
    - virgin
    - char
    rho:
    - - 1683
      - 1189
      - 1189
    - - 1235
      - 1189
      - 1189
  processParams:
    maxProcesses: 8
    multiprocess: true
  reactionParams:
    A:
    - - None
      - 5.86e11
      - 9.376e12
    - - None
      - 1.875e13
      - 3e14
    - - None
      - 2.3e12
      - 3.68e13
    E:
    - - None
      - 4.525e4
      - 7.24e5
    - - None
      - 4.825e4
      - 7.72e5
    - - None
      - 4.375e4
      - 7e5
    Hp:
    - - None
      - 2.5e4
      - 4e5
    - - None
      - 5e4
      - 8e5
    - - None
      - 1e5
      - 1.6e6
    Xi:
    - - None
      - 0.1875
      - 1
    - - None
      - 0.125
      - 1
    - - None
      - 0.075
      - 1
    n:
    - - None
      - 0.25
      - 4.0
    - - None
      - 0.375
      - 6.0
    - - None
      - 0.75
      - 12
    nO2:
    - &id004
      - 0
      - 0
      - 1
    - *id004
    - *id004
    prodState:
    - 1
    - 1
    - 1
    reacState:
    - 0
    - 0
    - 0
    typeState:
    - 3
    - 3
    - 3
  reinitializeComplex: false
  restart: false
  resultsDir: ../../../../results/multiReactionCharring/3Reactions
  systemDir: C:\Users\Fyang\Workspace\optimization\sourceCode\optimizationpython\src
  tga:
    activePhaseVars:
    - C0
    - rho
    activeReactionVars:
    - A
    - E
    - n
    tgaO2: None
    tgaOpt: 1
    weight: 1.0
  thermalPropertyUnits: K
  virtualExperiment: false
Loop	t (s)	Error Min	Error Max	ErrorRel	Comp	Samples
0		337.19	2.338e-03	3.605e-02	1.000e+00	26	1326
1		773.87	1.925e-03	3.605e-02	1.000e+00	26	1326
2		1263.56	1.663e-03	3.508e-02	1.000e+00	26	1326
3		1718.28	9.161e-04	3.508e-02	1.000e+00	26	1326
4		2151.07	9.161e-04	2.856e-02	1.000e+00	26	1326
5		2635.29	9.161e-04	3.007e-02	1.000e+00	26	1326
6		3122.17	9.161e-04	3.007e-02	1.000e+00	26	1326
7		3577.37	9.161e-04	2.852e-02	1.000e+00	26	1326
8		4029.60	9.161e-04	3.351e-02	1.000e+00	26	1326
9		4520.46	7.778e-04	3.647e-02	1.000e+00	26	1326
10		4996.46	7.778e-04	2.841e-02	1.000e+00	26	1326
11		5448.95	7.778e-04	2.841e-02	1.000e+00	26	1326
12		5911.99	7.778e-04	3.083e-02	1.000e+00	26	1326
13		6390.59	7.778e-04	3.294e-02	1.000e+00	26	1326
14		6853.53	7.676e-04	2.841e-02	1.000e+00	26	1326
15		7311.44	6.072e-04	2.841e-02	1.000e+00	26	1326
16		7772.00	6.072e-04	3.324e-02	1.318e-03	26	1326
17		8262.58	6.072e-04	3.324e-02	1.056e-03	26	1326
18		8720.68	6.072e-04	3.608e-02	3.089e-04	26	1326
19		9178.44	6.072e-04	2.965e-02	3.089e-04	26	1326
20		9651.35	6.072e-04	2.965e-02	3.089e-04	26	1326
21		10145.56	6.072e-04	2.841e-02	3.089e-04	26	1326
22		10612.25	6.072e-04	2.841e-02	3.089e-04	26	1326
23		11062.99	6.072e-04	2.841e-02	3.089e-04	26	1326
24		11522.62	5.496e-04	2.841e-02	2.282e-04	26	1326
25		11918.48	4.821e-04	2.841e-02	2.957e-04	26	1326
26		12289.78	3.648e-04	2.841e-02	4.130e-04	26	1326
27		12689.72	3.133e-04	2.841e-02	4.645e-04	26	1326
28		13069.25	2.714e-04	2.814e-02	5.064e-04	26	1326
29		13518.90	2.188e-04	1.622e-02	5.488e-04	26	1326
30		13983.25	2.188e-04	1.622e-02	3.885e-04	26	1326
31		14387.10	2.188e-04	8.963e-03	3.885e-04	26	1326
32		14761.34	2.148e-04	5.129e-03	3.924e-04	26	1326
33		15084.05	1.900e-04	2.818e-03	4.172e-04	26	1326
34		15453.72	1.842e-04	1.473e-03	4.230e-04	26	1326
35		15864.65	1.714e-04	4.257e-04	4.358e-04	26	1326
36		16260.12	1.672e-04	3.233e-04	4.401e-04	26	1326
37		16639.11	1.613e-04	3.118e-04	4.459e-04	26	1326
38		16942.42	1.503e-04	2.175e-04	4.569e-04	26	1326
39		17328.07	1.471e-04	1.906e-04	4.025e-04	26	1326
40		17721.93	1.445e-04	1.856e-04	3.376e-04	26	1326
41		18066.58	1.365e-04	1.642e-04	2.283e-04	26	1326
42		18391.61	1.277e-04	1.624e-04	1.856e-04	26	1326
43		18727.99	1.190e-04	1.557e-04	1.524e-04	26	1326
44		19154.03	1.164e-04	1.557e-04	1.024e-04	26	1326
45		19537.79	1.151e-04	2.841e-02	1.037e-04	26	1326
46		19941.95	1.139e-04	2.083e-02	1.048e-04	26	1326
47		20361.53	1.138e-04	1.401e-02	1.010e-04	26	1326
48		20757.77	1.133e-04	4.854e-03	7.664e-05	26	1326
49		21178.67	1.133e-04	2.577e-03	7.087e-05	26	1326
50		21618.12	1.132e-04	2.577e-03	5.823e-05	26	1326
51		22033.56	1.131e-04	1.825e-02	5.401e-05	26	1326
52		22430.88	1.131e-04	2.841e-02	4.818e-05	26	1326
53		22862.82	1.131e-04	2.841e-02	3.726e-05	26	1326
54		23177.02	1.131e-04	3.090e-02	3.403e-05	26	1326
55		23487.72	1.131e-04	2.841e-02	3.144e-05	26	1326
56		23819.36	1.131e-04	2.841e-02	2.342e-05	26	1326
57		24132.65	1.131e-04	2.841e-02	1.460e-05	26	1326
58		24430.42	1.131e-04	2.841e-02	5.956e-06	26	1326
59		24708.91	1.130e-04	2.841e-02	3.320e-06	26	1326
60		24968.20	1.130e-04	2.825e-02	2.052e-06	26	1326
61		25211.56	1.130e-04	2.151e-02	9.479e-07	26	1326
62		25441.15	1.130e-04	1.052e-02	8.555e-07	26	1326
63		25675.86	1.129e-04	3.831e-03	4.063e-07	26	1326
64		25883.23	1.129e-04	2.442e-03	4.251e-07	26	1326
65		26095.98	1.129e-04	2.066e-03	3.283e-07	26	1326
66		26346.59	1.128e-04	5.559e-04	3.118e-07	26	1326
67		26588.65	1.128e-04	3.055e-04	2.941e-07	26	1326
68		26863.99	1.128e-04	1.856e-04	2.675e-07	26	1326
69		27157.40	1.128e-04	1.394e-04	2.526e-07	26	1326
70		27420.95	1.128e-04	1.215e-04	2.602e-07	26	1326
71		27648.70	1.128e-04	1.155e-04	2.719e-07	26	1326
72		27882.06	1.128e-04	2.841e-02	2.792e-07	26	1326
73		28129.57	1.128e-04	2.841e-02	2.934e-07	26	1326
74		28348.97	1.127e-04	2.841e-02	3.093e-07	26	1326
75		28554.83	1.127e-04	2.841e-02	3.353e-07	26	1326
76		28785.04	1.127e-04	2.841e-02	3.433e-07	26	1326
77		29019.81	1.126e-04	2.025e-02	3.288e-07	26	1326
78		29278.68	1.126e-04	2.841e-02	2.982e-07	26	1326
79		29555.12	1.126e-04	2.840e-02	2.680e-07	26	1326
80		29819.53	1.126e-04	2.373e-02	2.385e-07	26	1326
81		30098.10	1.126e-04	4.650e-03	2.252e-07	26	1326
82		30371.12	1.126e-04	4.650e-03	2.183e-07	26	1326
83		30651.06	1.126e-04	1.286e-03	2.195e-07	26	1326
84		30931.73	1.126e-04	3.544e-04	2.182e-07	26	1326
85		31194.77	1.126e-04	3.544e-04	2.114e-07	26	1326
86		31472.42	1.126e-04	1.494e-04	2.001e-07	26	1326
87		31731.86	1.126e-04	1.254e-04	1.841e-07	26	1326
88		31983.01	1.126e-04	1.162e-04	1.706e-07	26	1326
89		32208.02	1.126e-04	1.136e-04	1.406e-07	26	1326
90		32428.55	1.126e-04	1.126e-04	9.107e-08	26	1326
91		32655.33	1.126e-04	1.126e-04	6.312e-08	26	1326
92		32884.57	1.126e-04	1.126e-04	4.425e-08	26	1326
93		33125.44	1.126e-04	1.126e-04	3.928e-08	26	1326
94		33361.52	1.126e-04	1.126e-04	2.628e-08	26	1326
95		33603.28	1.126e-04	1.126e-04	2.531e-08	26	1326
96		33842.59	1.126e-04	1.126e-04	2.334e-08	26	1326
97		34078.72	1.126e-04	1.126e-04	2.447e-08	26	1326
98		34327.28	1.126e-04	1.126e-04	2.501e-08	26	1326
99		34571.58	1.126e-04	1.126e-04	2.582e-08	26	1326
100		34808.24	1.126e-04	1.126e-04	2.819e-08	26	1326
101		35056.79	1.126e-04	1.126e-04	2.913e-08	26	1326
102		35296.68	1.126e-04	1.126e-04	3.069e-08	26	1326
103		35527.09	1.126e-04	1.126e-04	3.268e-08	26	1326
104		35755.25	1.126e-04	1.126e-04	3.456e-08	26	1326
105		35997.15	1.126e-04	1.126e-04	3.476e-08	26	1326
106		36252.31	1.126e-04	1.126e-04	3.529e-08	26	1326
107		36511.78	1.126e-04	1.126e-04	3.420e-08	26	1326
108		36884.61	1.126e-04	1.126e-04	3.362e-08	26	1326
109		37241.80	1.126e-04	1.126e-04	3.568e-08	26	1326
110		37612.59	1.126e-04	1.126e-04	3.459e-08	26	1326
111		37977.49	1.125e-04	1.126e-04	3.427e-08	26	1326
112		38332.59	1.125e-04	1.126e-04	3.458e-08	26	1326
113		38698.29	1.125e-04	1.126e-04	3.359e-08	26	1326
114		39070.11	1.125e-04	1.126e-04	3.442e-08	26	1326
115		39435.37	1.125e-04	1.126e-04	3.289e-08	26	1326
116		39782.80	1.125e-04	1.125e-04	3.298e-08	26	1326
117		40133.37	1.125e-04	1.125e-04	3.438e-08	26	1326
118		40498.89	1.125e-04	1.125e-04	3.272e-08	26	1326
119		40876.43	1.125e-04	1.125e-04	3.153e-08	26	1326
120		41255.03	1.125e-04	2.722e-02	3.143e-08	26	1326
121		41605.92	1.125e-04	1.492e-02	3.147e-08	26	1326
122		41982.18	1.125e-04	5.045e-03	3.180e-08	26	1326
123		42360.62	1.125e-04	5.045e-03	3.125e-08	26	1326
124		42746.02	1.125e-04	7.418e-04	3.007e-08	26	1326
125		43118.82	1.125e-04	1.566e-04	3.087e-08	26	1326
126		43497.61	1.125e-04	1.278e-04	3.045e-08	26	1326
127		43882.48	1.125e-04	1.138e-04	2.920e-08	26	1326
128		44256.18	1.125e-04	1.138e-04	2.888e-08	26	1326
129		44614.87	1.125e-04	1.125e-04	2.766e-08	26	1326
130		44976.29	1.125e-04	1.125e-04	2.722e-08	26	1326
131		45344.68	1.125e-04	1.125e-04	2.677e-08	26	1326
132		45713.60	1.125e-04	1.125e-04	2.538e-08	26	1326
133		46081.54	1.125e-04	1.125e-04	2.517e-08	26	1326
134		46464.91	1.125e-04	1.125e-04	2.524e-08	26	1326
135		46824.95	1.125e-04	1.125e-04	2.446e-08	26	1326
136		47204.95	1.125e-04	1.125e-04	2.391e-08	26	1326
137		47559.50	1.125e-04	1.125e-04	2.214e-08	26	1326
138		47917.06	1.125e-04	1.125e-04	2.088e-08	26	1326
139		48260.45	1.125e-04	1.125e-04	2.031e-08	26	1326
140		48586.88	1.125e-04	2.350e-02	1.876e-08	26	1326
141		48920.34	1.125e-04	2.552e-02	1.715e-08	26	1326
142		49256.89	1.125e-04	2.841e-02	1.534e-08	26	1326
143		49647.46	1.125e-04	2.841e-02	1.376e-08	26	1326
144		50039.71	1.125e-04	2.841e-02	1.241e-08	26	1326
145		50430.90	1.125e-04	2.841e-02	1.135e-08	26	1326
146		50817.20	1.125e-04	2.841e-02	9.961e-09	26	1326
147		51209.88	1.125e-04	2.841e-02	8.132e-09	26	1326
148		51606.42	1.125e-04	2.841e-02	7.175e-09	26	1326
149		51994.98	1.125e-04	2.841e-02	5.599e-09	26	1326
150		52384.11	1.125e-04	2.841e-02	4.619e-09	26	1326
151		52773.20	1.125e-04	2.841e-02	3.016e-09	26	1326
152		53153.36	1.125e-04	3.397e-02	2.732e-09	26	1326
153		53542.86	1.125e-04	2.841e-02	2.065e-09	26	1326
154		53920.74	1.125e-04	2.841e-02	1.796e-09	26	1326
155		54286.96	1.125e-04	2.841e-02	1.183e-09	26	1326
156		54637.41	1.125e-04	2.841e-02	1.066e-09	26	1326
157		54973.32	1.125e-04	2.841e-02	1.231e-09	26	1326
158		55319.80	1.125e-04	2.841e-02	1.464e-09	26	1326
159		55660.13	1.125e-04	2.841e-02	1.958e-09	26	1326
160		56020.81	1.125e-04	2.841e-02	2.568e-09	26	1326
161		56382.80	1.125e-04	2.286e-02	3.306e-09	26	1326
162		56765.01	1.125e-04	2.286e-02	3.614e-09	26	1326
163		57082.80	1.125e-04	5.243e-03	5.160e-09	26	1326
164		57396.70	1.125e-04	1.155e-03	7.492e-09	26	1326
165		57748.27	1.125e-04	5.968e-04	8.798e-09	26	1326
166		58128.26	1.125e-04	5.968e-04	9.648e-09	26	1326
167		58482.21	1.125e-04	5.968e-04	1.083e-08	26	1326
168		58823.38	1.125e-04	1.963e-04	1.268e-08	26	1326
169		59182.57	1.125e-04	1.435e-04	1.371e-08	26	1326
170		59525.52	1.125e-04	1.155e-04	1.565e-08	26	1326
171		59873.64	1.125e-04	1.155e-04	1.681e-08	26	1326
172		60257.53	1.125e-04	1.127e-04	1.781e-08	26	1326
173		60644.44	1.125e-04	1.126e-04	1.897e-08	26	1326
174		60975.49	1.125e-04	1.125e-04	2.051e-08	26	1326
175		61329.50	1.125e-04	1.125e-04	2.028e-08	26	1326
176		61689.48	1.125e-04	1.125e-04	2.083e-08	26	1326
177		62025.74	1.125e-04	1.125e-04	2.415e-08	26	1326
178		62364.87	1.125e-04	1.125e-04	2.580e-08	26	1326
179		62734.06	1.125e-04	1.125e-04	2.636e-08	26	1326
180		63092.33	1.125e-04	1.125e-04	2.847e-08	26	1326
181		63431.73	1.125e-04	1.125e-04	3.382e-08	26	1326
182		63799.11	1.125e-04	1.125e-04	3.554e-08	26	1326
183		64160.14	1.124e-04	1.125e-04	4.011e-08	26	1326
184		64535.63	1.124e-04	1.125e-04	4.217e-08	26	1326
185		64902.33	1.124e-04	1.125e-04	4.334e-08	26	1326
186		65253.83	1.124e-04	1.125e-04	4.453e-08	26	1326
187		65625.11	1.124e-04	1.125e-04	4.465e-08	26	1326
188		65974.95	1.124e-04	1.125e-04	4.504e-08	26	1326
189		66337.97	1.124e-04	1.125e-04	4.409e-08	26	1326
190		66712.40	1.124e-04	1.124e-04	4.378e-08	26	1326
191		67068.10	1.124e-04	1.124e-04	4.280e-08	26	1326
192		67392.56	1.124e-04	2.841e-02	3.946e-08	26	1326
193		67732.38	1.124e-04	3.168e-02	3.624e-08	26	1326
194		68065.62	1.124e-04	2.841e-02	3.345e-08	26	1326
195		68388.64	1.124e-04	2.841e-02	3.009e-08	26	1326
196		68712.74	1.124e-04	2.841e-02	2.409e-08	26	1326
197		69039.79	1.124e-04	2.841e-02	2.153e-08	26	1326
198		69352.40	1.124e-04	2.841e-02	1.628e-08	26	1326
199		69692.50	1.124e-04	2.841e-02	1.399e-08	26	1326
A	 = 2.80e+12,4.42e+13,1.57e+13,
C0	 = 1.0,0.0,
Cpa	 = 1030.1142819528986,2215.928932006146,
Cpb	 = 0.12264540001540403,0.7706652129197816,
E	 = 7.23e+05,1.82e+05,2.70e+05,
Hp	 = 300080.49931959726,316339.0085524422,958389.0108606219,
K	 = 15415.00354092076,100000000.0,
Value	 = 0.00011243132072167785,
Xi	 = 0.7960019642361359,0.4426778882560541,0.4017999590607866,
eps	 = 0.9431588193744577,0.94,
ka	 = 0.289632957051438,0.23146786352969806,
kb	 = 9.621658336375405e-05,0.0003052858048321406,
n	 = 2.1904111165059987,1.0489121389478546,7.69849993830463,
nO2	 = 0.0,0.0,0.0,
rho	 = 1683.0,1235.0,
Results saved to C:\Users\Fyang\Workspace\optimization\optimizationPaper\config\multiReactionCharring\3Reactions\2mass\../../../../results/multiReactionCharring/3ReactionscharLinear3Reac2Mass_solution.txt
