C:\Users\Fyang\Workspace\optimization\optimizationPaper\config\multiReactionCharring\3Reactions\1mass\../../../../results/multiReactionCharring/3ReactionscharLinear3Reac1Mass Log file
!!python/object/apply:collections.defaultdict
args:
- &id001 !!python/name:builtins.bool ''
dictitems:
  Duraboard:
    CprampF:
    - 1.0
    - 1.0
    CprampT:
    - 0
    - 5000
    eps: 0.8
    krampF:
    - 0.075932
    - 0.090229
    - 0.104522
    - 0.122143
    - 0.14158
    - 0.163436
    - 0.190738
    - 0.221975
    krampT:
    - 203.035
    - 317.4028
    - 426.9164
    - 536.4182
    - 647.3003
    - 757.4803
    - 867.6409
    - 981.2546
    rho: 258
    thickness: 0.0254
  XiState:
  - unknown
  - unknown
  - unknown
  assumeVolumeConservation: false
  cone:
    Tinit: 25
    activePhaseVars:
    - C0
    - rho
    - ka
    - kb
    - kc
    - kd
    - ke
    - Cpa
    - Cpb
    - Cpc
    - Cpd
    - Cpe
    - eps
    - K
    activeReactionVars:
    - A
    - E
    - n
    - Hp
    - nO2
    - Xi
    - qIgn
    backBoundaryConditions:
      Tamb: 25
      htc: Auto
      type: INSULATED
    frontBoundaryConditions:
      Tamb: 25
      htc: Auto
    ignition:
      allowIgnition: false
      criticalMassFlux: 0.0032
      ignitionCriteria: critical mass flux
      ignitionHeatFlux: 20
      ignitionTime: 30
      optimizedHeatFlux: false
    weight: 1.0
  cone1: !!python/object/apply:collections.defaultdict
    args:
    - *id001
    dictitems:
      Tinit: 25
      activePhaseVars:
      - C0
      - rho
      - ka
      - kb
      - kc
      - kd
      - ke
      - Cpa
      - Cpb
      - Cpc
      - Cpd
      - Cpe
      - eps
      - K
      activeReactionVars:
      - A
      - E
      - n
      - Hp
      - nO2
      - Xi
      backBoundaryConditions: !!python/object/apply:collections.defaultdict
        args:
        - *id001
        dictitems:
          Tamb: 25
          htc: Auto
          type: INSULATED
      columns:
      - 1
      depths:
      - 0
      file: ../../../../data/multiReactionCharring/charLinear3ReacNominal25kW_0_cone_Mass.csv
      finalThickness: false
      frontBoundaryConditions: !!python/object/apply:collections.defaultdict
        args:
        - *id001
        dictitems:
          Tamb: 25
          heatFlux: 25
          htc: 15
      ignition: !!python/object/apply:collections.defaultdict
        args:
        - *id001
        dictitems:
          allowIgnition: false
          criticalMassFlux: 0.0032
          ignitionCriteria: critical mass flux
          ignitionHeatFlux: 20
          ignitionTime: 30
          optimizedHeatFlux: false
          timeToIgnition: false
      initialThickness: 0.008
      names:
      - Mass
      time: 0
      types:
      - 1
      weight: 1.0
      weights:
      - 1
      width1: 0.1016
      width2: 0.1016
  configDir: C:\Users\Fyang\Workspace\optimization\optimizationPaper\config\multiReactionCharring\3Reactions\1mass\
  dataSources:
    names:
    - cone1
    types:
    - cone
  dsc:
    activePhaseVars:
    - C0
    - Cpa
    - Cpb
    - Cpc
    - Cpd
    - Cpe
    activeReactionVars:
    - A
    - E
    - n
    - Hp
    - Xi
    dscO2: None
    weight: 1.0
  fdsPath: C:\Program Files\FDS\FDS6\bin
  keepTemporaryFiles: false
  name: charLinear3Reac1Mass
  optimizeParams:
    absErr: 1e-7
    absRelErr: 5e-7
    elimThresh: 1e-2
    maxIter: 200
    maxTime: 600000
    minIter: 5
    minP: 26
    opAlpha: 51
    opBeta: 1
    opP: 26
    opQ: 26
    opS: 51
    relErr: 1e-12
    relIter: 15
  outputParams:
    saveAllSamples: false
  phaseParams:
    C0:
    - - 1
      - 0
      - 1
    - - 0
      - 1189
      - 1189
    Cpa:
    - - None
      - 270
      - 4320
    - - None
      - 260.25
      - 4164
    Cpb:
    - - None
      - 0.0113
      - 0.1808
    - - None
      - 0.06475
      - 1.036
    Cpc:
    - - 0.0
      - 0.0
      - 0.0
    - - 0.0
      - 0.0
      - 0.0
    Cpd:
    - - 0.0
      - 0.0
      - 0.0
    - - 0.0
      - 0.0
      - 0.0
    Cpe:
    - &id002
      - 0
      - 0
      - 1
    - *id002
    K:
    - - None
      - 2500
      - 40000
    - - 1e8
      - 1189
      - 1189
    eps:
    - - None
      - 0.235
      - 1.0
    - - 0.94
      - 0.235
      - 1.0
    ka:
    - - None
      - 0.078
      - 1.248
    - - None
      - 0.023725
      - 0.3796
    kb:
    - - None
      - 1.1013e-05
      - 0.0001762
    - - None
      - 7.075e-05
      - 0.001132
    kc:
    - - 0.0
      - 0.0
      - 0.0
    - - 0.0
      - 0.0
      - 0.0
    kd:
    - - 0.0
      - 0.0
      - 0.0
    - - 0.0
      - 0.0
      - 0.0
    ke:
    - &id003
      - 0
      - 0
      - 1
    - *id003
    nO2:
    - - 0
      - 0
      - 1
    - - 0
      - 1189
      - 1189
    phases:
    - virgin
    - char
    rho:
    - - 1683
      - 1189
      - 1189
    - - 1235
      - 1189
      - 1189
  processParams:
    maxProcesses: 8
    multiprocess: true
  reactionParams:
    A:
    - - None
      - 5.86e11
      - 9.376e12
    - - None
      - 1.875e13
      - 3e14
    - - None
      - 2.3e12
      - 3.68e13
    E:
    - - None
      - 4.525e4
      - 7.24e5
    - - None
      - 4.825e4
      - 7.72e5
    - - None
      - 4.375e4
      - 7e5
    Hp:
    - - None
      - 2.5e4
      - 4e5
    - - None
      - 5e4
      - 8e5
    - - None
      - 1e5
      - 1.6e6
    Xi:
    - - None
      - 0.1875
      - 1
    - - None
      - 0.125
      - 1
    - - None
      - 0.075
      - 1
    n:
    - - None
      - 0.25
      - 4.0
    - - None
      - 0.375
      - 6.0
    - - None
      - 0.75
      - 12
    nO2:
    - &id004
      - 0
      - 0
      - 1
    - *id004
    - *id004
    prodState:
    - 1
    - 1
    - 1
    qIgn:
    - &id005
      - None
      - 15
      - 25
    - *id005
    - *id005
    reacState:
    - 0
    - 0
    - 0
    typeState:
    - 3
    - 3
    - 3
  reinitializeComplex: false
  restart: false
  resultsDir: ../../../../results/multiReactionCharring/3Reactions
  systemDir: C:\Users\Fyang\Workspace\optimization\sourceCode\optimizationpython\src
  tga:
    activePhaseVars:
    - C0
    - rho
    activeReactionVars:
    - A
    - E
    - n
    - Xi
    tgaO2: None
    tgaOpt: 1
    weight: 1.0
  thermalPropertyUnits: K
  virtualExperiment: false
Loop	t (s)	Error Min	Error Max	ErrorRel	Comp	Samples
0		198.39	4.942e-04	1.597e-02	1.000e+00	26	1326
1		447.79	4.763e-04	1.345e-02	1.000e+00	26	1326
2		715.38	4.763e-04	1.286e-02	1.000e+00	26	1326
3		981.30	4.436e-04	1.355e-02	1.000e+00	26	1326
4		1248.61	4.436e-04	1.150e-02	1.000e+00	26	1326
5		1510.49	4.436e-04	1.474e-02	1.000e+00	26	1326
6		1787.72	3.659e-04	1.458e-02	1.000e+00	26	1326
7		2067.14	3.659e-04	1.458e-02	1.000e+00	26	1326
8		2329.22	3.659e-04	1.399e-02	1.000e+00	26	1326
9		2607.04	3.659e-04	1.363e-02	1.000e+00	26	1326
10		2873.80	2.527e-04	1.415e-02	1.000e+00	26	1326
11		3148.15	2.527e-04	1.415e-02	1.000e+00	26	1326
12		3435.72	2.527e-04	1.263e-02	1.000e+00	26	1326
13		3714.13	2.527e-04	1.142e-02	1.000e+00	26	1326
14		3980.46	2.527e-04	1.142e-02	1.000e+00	26	1326
15		4260.15	2.527e-04	1.502e-02	1.000e+00	26	1326
16		4527.52	2.527e-04	1.142e-02	2.237e-04	26	1326
17		4806.21	2.527e-04	1.177e-02	2.237e-04	26	1326
18		5082.90	2.527e-04	1.304e-02	1.909e-04	26	1326
19		5361.53	2.527e-04	1.429e-02	1.909e-04	26	1326
20		5649.78	1.970e-04	1.396e-02	2.466e-04	26	1326
21		5925.54	1.970e-04	1.418e-02	1.689e-04	26	1326
22		6196.30	1.970e-04	1.418e-02	1.689e-04	26	1326
23		6471.98	1.759e-04	1.222e-02	1.900e-04	26	1326
24		6745.47	1.759e-04	1.371e-02	1.900e-04	26	1326
25		7027.97	1.558e-04	1.222e-02	9.693e-05	26	1326
26		7308.12	1.364e-04	1.247e-02	1.162e-04	26	1326
27		7579.39	1.364e-04	1.335e-02	1.162e-04	26	1326
28		7860.70	1.364e-04	1.154e-02	1.162e-04	26	1326
29		8136.76	8.221e-05	1.416e-02	1.705e-04	26	1326
30		8411.96	7.924e-05	1.308e-02	1.734e-04	26	1326
31		8690.94	7.924e-05	1.142e-02	1.734e-04	26	1326
32		8962.21	7.924e-05	1.142e-02	1.734e-04	26	1326
33		9234.84	7.924e-05	1.142e-02	1.734e-04	26	1326
34		9500.30	7.924e-05	1.142e-02	1.734e-04	26	1326
35		9761.12	7.470e-05	1.142e-02	1.223e-04	26	1326
36		10028.94	6.059e-05	1.142e-02	1.364e-04	26	1326
37		10287.93	5.798e-05	1.142e-02	1.390e-04	26	1326
38		10531.25	5.134e-05	1.142e-02	1.245e-04	26	1326
39		10758.29	4.075e-05	1.142e-02	1.351e-04	26	1326
40		10956.79	3.205e-05	1.104e-02	1.237e-04	26	1326
41		11172.48	2.982e-05	5.055e-03	1.066e-04	26	1326
42		11402.68	2.462e-05	5.055e-03	1.118e-04	26	1326
43		11615.91	2.018e-05	2.764e-03	1.163e-04	26	1326
44		11831.41	1.919e-05	1.435e-03	6.303e-05	26	1326
45		12091.55	1.825e-05	1.821e-04	6.100e-05	26	1326
46		12348.57	1.762e-05	7.830e-05	6.163e-05	26	1326
47		12568.98	1.474e-05	4.890e-05	6.451e-05	26	1326
48		12767.67	1.173e-05	4.823e-05	6.751e-05	26	1326
49		12995.29	1.033e-05	2.653e-05	6.891e-05	26	1326
50		13221.59	9.005e-06	1.984e-05	6.570e-05	26	1326
51		13452.78	6.945e-06	1.984e-05	5.364e-05	26	1326
52		13696.83	6.380e-06	1.512e-05	5.160e-05	26	1326
53		13939.00	5.713e-06	1.371e-05	4.563e-05	26	1326
54		14179.69	5.423e-06	1.273e-05	3.532e-05	26	1326
55		14418.69	5.423e-06	9.493e-06	2.662e-05	26	1326
56		14671.44	5.364e-06	9.280e-06	2.446e-05	26	1326
57		14931.65	5.307e-06	7.165e-06	1.931e-05	26	1326
58		15198.15	5.294e-06	1.142e-02	1.489e-05	26	1326
59		15474.67	5.266e-06	1.199e-02	1.392e-05	26	1326
60		15759.29	5.266e-06	1.142e-02	1.298e-05	26	1326
61		16045.17	5.266e-06	1.142e-02	1.235e-05	26	1326
62		16335.55	5.262e-06	1.142e-02	9.475e-06	26	1326
63		16622.83	5.262e-06	1.142e-02	6.472e-06	26	1326
64		16901.41	5.262e-06	1.142e-02	5.066e-06	26	1326
65		17193.05	5.262e-06	1.142e-02	3.743e-06	26	1326
66		17482.99	5.262e-06	1.142e-02	1.683e-06	26	1326
67		17774.25	5.262e-06	1.142e-02	1.119e-06	26	1326
68		18060.76	5.262e-06	1.142e-02	4.514e-07	26	1326
69		18352.30	5.262e-06	1.142e-02	1.612e-07	26	1326
70		18643.55	5.262e-06	1.435e-02	1.612e-07	26	1326
71		18930.07	5.262e-06	1.142e-02	1.019e-07	26	1326
72		19219.95	5.262e-06	1.142e-02	4.492e-08	26	1326
73		19506.43	5.262e-06	1.142e-02	3.179e-08	26	1326
74		19781.67	5.262e-06	1.142e-02	4.048e-09	26	1326
75		20050.04	5.261e-06	1.142e-02	5.031e-09	26	1326
76		20301.59	5.254e-06	1.142e-02	1.198e-08	26	1326
77		20543.93	5.242e-06	1.142e-02	1.943e-08	26	1326
78		20761.42	5.226e-06	1.142e-02	3.629e-08	26	1326
79		20960.76	5.180e-06	1.142e-02	8.173e-08	26	1326
80		21167.87	5.158e-06	1.142e-02	1.034e-07	26	1326
81		21401.85	5.158e-06	1.142e-02	1.034e-07	26	1326
82		21649.94	5.158e-06	1.117e-02	1.034e-07	26	1326
83		21904.75	5.158e-06	1.065e-02	1.034e-07	26	1326
84		22154.26	5.158e-06	1.142e-02	1.034e-07	26	1326
85		22424.58	5.158e-06	1.142e-02	1.034e-07	26	1326
86		22711.79	5.158e-06	1.142e-02	1.034e-07	26	1326
87		22976.19	5.158e-06	1.142e-02	1.034e-07	26	1326
88		23221.99	5.158e-06	1.142e-02	1.034e-07	26	1326
89		23449.82	5.154e-06	1.142e-02	1.079e-07	26	1326
90		23672.54	5.146e-06	1.142e-02	1.153e-07	26	1326
91		23870.37	5.120e-06	1.142e-02	1.339e-07	26	1326
92		24059.12	5.087e-06	1.088e-02	1.558e-07	26	1326
93		24271.54	5.051e-06	6.310e-03	1.748e-07	26	1326
94		24468.69	5.003e-06	5.101e-03	1.773e-07	26	1326
95		24690.68	4.990e-06	2.881e-03	1.688e-07	26	1326
96		24938.81	4.973e-06	2.881e-03	1.857e-07	26	1326
97		25149.12	4.949e-06	1.491e-03	2.092e-07	26	1326
98		25341.43	4.917e-06	1.911e-04	2.417e-07	26	1326
99		25568.74	4.899e-06	9.015e-05	2.597e-07	26	1326
100		25785.25	4.880e-06	4.567e-05	2.788e-07	26	1326
101		25973.73	4.818e-06	2.254e-05	3.400e-07	26	1326
102		26179.27	4.793e-06	2.145e-05	3.658e-07	26	1326
103		26390.14	4.759e-06	7.150e-06	3.999e-07	26	1326
104		26582.96	4.704e-06	6.978e-06	4.501e-07	26	1326
105		26798.90	4.684e-06	6.093e-06	4.611e-07	26	1326
106		27021.95	4.643e-06	4.852e-06	4.765e-07	26	1326
107		27234.02	4.618e-06	4.829e-06	4.681e-07	26	1326
108		27458.23	4.596e-06	4.763e-06	4.546e-07	26	1326
109		27697.34	4.573e-06	4.724e-06	4.296e-07	26	1326
110		27942.51	4.569e-06	4.669e-06	4.212e-07	26	1326
111		28181.50	4.560e-06	4.669e-06	4.124e-07	26	1326
112		28421.74	4.545e-06	4.669e-06	4.037e-07	26	1326
113		28653.02	4.536e-06	4.613e-06	3.807e-07	26	1326
114		28874.79	4.517e-06	4.590e-06	3.816e-07	26	1326
115		29092.55	4.506e-06	4.590e-06	3.732e-07	26	1326
116		29321.82	4.488e-06	4.568e-06	3.308e-07	26	1326
117		29560.34	4.475e-06	4.543e-06	3.174e-07	26	1326
118		29791.45	4.459e-06	4.541e-06	2.997e-07	26	1326
119		30022.78	4.443e-06	4.536e-06	2.604e-07	26	1326
120		30251.07	4.415e-06	4.507e-06	2.694e-07	26	1326
121		30479.11	4.397e-06	4.483e-06	2.468e-07	26	1326
122		30725.68	4.378e-06	4.483e-06	2.409e-07	26	1326
123		30971.13	4.367e-06	4.461e-06	2.292e-07	26	1326
124		31201.93	4.350e-06	4.461e-06	2.236e-07	26	1326
125		31409.50	4.287e-06	4.427e-06	2.811e-07	26	1326
126		31643.15	4.241e-06	4.407e-06	3.193e-07	26	1326
127		31901.61	4.212e-06	4.387e-06	3.330e-07	26	1326
128		32141.05	4.185e-06	4.369e-06	3.508e-07	26	1326
129		32373.94	4.133e-06	4.315e-06	3.844e-07	26	1326
130		32605.75	4.106e-06	4.298e-06	4.000e-07	26	1326
131		32851.48	4.072e-06	4.279e-06	4.160e-07	26	1326
132		33103.02	4.046e-06	4.257e-06	4.294e-07	26	1326
133		33354.96	4.036e-06	4.236e-06	4.233e-07	26	1326
134		33591.19	4.011e-06	4.236e-06	4.325e-07	26	1326
135		33820.47	4.001e-06	4.152e-06	4.145e-07	26	1326
136		34025.17	3.957e-06	4.128e-06	4.394e-07	26	1326
137		34230.92	3.929e-06	4.065e-06	4.485e-07	26	1326
138		34472.87	3.922e-06	4.039e-06	4.444e-07	26	1326
139		34715.90	3.911e-06	4.035e-06	4.386e-07	26	1326
140		34949.46	3.907e-06	3.995e-06	3.807e-07	26	1326
141		35169.03	3.899e-06	3.993e-06	3.420e-07	26	1326
142		35389.09	3.893e-06	3.993e-06	3.196e-07	26	1326
143		35628.04	3.889e-06	3.993e-06	2.963e-07	26	1326
144		35843.69	3.884e-06	3.945e-06	2.489e-07	26	1326
145		36044.01	3.876e-06	3.915e-06	2.302e-07	26	1326
146		36252.01	3.874e-06	3.902e-06	1.976e-07	26	1326
147		36503.62	3.874e-06	3.894e-06	1.716e-07	26	1326
148		36766.58	3.874e-06	3.887e-06	1.620e-07	26	1326
149		37010.02	3.872e-06	3.882e-06	1.385e-07	26	1326
150		37225.19	3.870e-06	3.879e-06	1.306e-07	26	1326
151		37398.89	3.862e-06	3.879e-06	9.508e-08	26	1326
152		37570.93	3.850e-06	3.874e-06	7.903e-08	26	1326
153		37768.95	3.784e-06	3.874e-06	1.387e-07	26	1326
154		38032.23	3.779e-06	1.142e-02	1.324e-07	26	1326
155		38325.33	3.774e-06	1.142e-02	1.326e-07	26	1326
156		38621.58	3.774e-06	1.343e-02	1.252e-07	26	1326
157		38911.43	3.774e-06	1.343e-02	1.191e-07	26	1326
158		39209.78	3.772e-06	1.379e-02	1.170e-07	26	1326
159		39508.82	3.772e-06	1.142e-02	1.118e-07	26	1326
160		39808.61	3.772e-06	1.142e-02	1.042e-07	26	1326
161		40085.86	3.772e-06	1.142e-02	1.021e-07	26	1326
162		40346.85	3.766e-06	1.142e-02	1.077e-07	26	1326
163		40580.24	3.761e-06	1.142e-02	1.130e-07	26	1326
164		40802.73	3.758e-06	1.077e-02	1.149e-07	26	1326
165		41044.28	3.753e-06	6.178e-03	1.169e-07	26	1326
166		41289.24	3.747e-06	9.909e-03	1.147e-07	26	1326
167		41537.47	3.743e-06	5.410e-03	1.069e-07	26	1326
168		41776.47	3.734e-06	3.463e-03	4.946e-08	26	1326
169		42008.95	3.729e-06	1.475e-03	4.967e-08	26	1326
170		42235.67	3.719e-06	8.056e-04	5.522e-08	26	1326
171		42455.56	3.708e-06	4.997e-04	6.587e-08	26	1326
172		42690.05	3.694e-06	1.142e-02	7.937e-08	26	1326
173		42926.17	3.688e-06	1.142e-02	8.379e-08	26	1326
174		43175.87	3.677e-06	1.183e-02	9.520e-08	26	1326
175		43427.48	3.671e-06	1.142e-02	1.008e-07	26	1326
176		43689.35	3.667e-06	1.142e-02	1.053e-07	26	1326
177		43938.51	3.660e-06	1.142e-02	1.069e-07	26	1326
178		44163.47	3.648e-06	1.120e-02	1.125e-07	26	1326
179		44380.76	3.636e-06	1.142e-02	1.218e-07	26	1326
180		44605.95	3.624e-06	5.455e-03	1.295e-07	26	1326
181		44830.52	3.621e-06	1.573e-03	1.268e-07	26	1326
182		45044.25	3.607e-06	1.291e-03	1.359e-07	26	1326
183		45271.54	3.599e-06	6.019e-04	1.354e-07	26	1326
184		45490.02	3.584e-06	1.655e-04	1.452e-07	26	1326
185		45733.01	3.568e-06	9.575e-03	1.511e-07	26	1326
186		45991.18	3.564e-06	1.142e-02	1.444e-07	26	1326
187		46269.12	3.559e-06	1.142e-02	1.353e-07	26	1326
188		46543.00	3.555e-06	1.142e-02	1.329e-07	26	1326
189		46817.09	3.552e-06	1.142e-02	1.249e-07	26	1326
190		47082.21	3.547e-06	1.142e-02	1.239e-07	26	1326
191		47344.52	3.543e-06	1.142e-02	1.242e-07	26	1326
192		47593.00	3.540e-06	1.142e-02	1.192e-07	26	1326
193		47846.66	3.537e-06	1.142e-02	1.106e-07	26	1326
194		48093.24	3.535e-06	1.142e-02	1.003e-07	26	1326
195		48364.52	3.535e-06	1.142e-02	8.882e-08	26	1326
196		48648.86	3.534e-06	1.142e-02	8.656e-08	26	1326
197		48937.74	3.533e-06	1.142e-02	7.391e-08	26	1326
198		49232.18	3.533e-06	1.374e-02	6.563e-08	26	1326
199		49527.98	3.533e-06	1.142e-02	5.046e-08	26	1326
A	 = 3.54e+12,3.67e+13,2.07e+13,
C0	 = 1.0,0.0,
Cpa	 = 2380.0418180505258,3288.6263425919856,
Cpb	 = 0.10463925033949611,0.4735222782434516,
E	 = 1.37e+05,1.39e+05,1.42e+05,
Hp	 = 181653.3901263952,432150.89507744054,797234.7728356859,
K	 = 18883.38459977708,100000000.0,
Value	 = 3.5332312507953694e-06,
Xi	 = 0.4652124037815849,0.4353662702765609,0.39989624711084626,
eps	 = 0.7846588005826567,0.94,
ka	 = 0.5943245622985565,0.10575324701797928,
kb	 = 5.141509063032834e-05,0.00023962895157233498,
n	 = 2.252548743390646,1.547683982759596,6.083983636428606,
nO2	 = 0.0,0.0,0.0,
qIgn	 = 20.94972970059797,18.843722771879552,19.94272079731119,
rho	 = 1683.0,1235.0,
Results saved to C:\Users\Fyang\Workspace\optimization\optimizationPaper\config\multiReactionCharring\3Reactions\1mass\../../../../results/multiReactionCharring/3ReactionscharLinear3Reac1Mass_solution.txt
