D:\workspace\JENSENHUGHES\optimization\optimizationPaper\config\multiReactionCharring\2massTGA\../../../results/multiReactionCharring/CharLinear2Reac2MassTGA Log file
!!python/object/apply:collections.defaultdict
args:
- &id001 !!python/name:builtins.bool ''
dictitems:
  Duraboard:
    CprampF:
    - 1.0
    - 1.0
    CprampT:
    - 0
    - 5000
    eps: 0.8
    krampF:
    - 0.075932
    - 0.090229
    - 0.104522
    - 0.122143
    - 0.14158
    - 0.163436
    - 0.190738
    - 0.221975
    krampT:
    - 203.035
    - 317.4028
    - 426.9164
    - 536.4182
    - 647.3003
    - 757.4803
    - 867.6409
    - 981.2546
    rho: 258
    thickness: 0.0254
  XiState:
  - unknown
  - unknown
  assumeVolumeConservation: false
  cone:
    Tinit: 25
    activePhaseVars:
    - C0
    - rho
    - ka
    - kb
    - kc
    - kd
    - ke
    - Cpa
    - Cpb
    - Cpc
    - Cpd
    - Cpe
    - eps
    - K
    activeReactionVars:
    - A
    - E
    - n
    - Hp
    - nO2
    - Xi
    backBoundaryConditions:
      Tamb: 25
      htc: Auto
      type: INSULATED
    frontBoundaryConditions:
      Tamb: 25
      htc: Auto
    weight: 1.0
  cone1: !!python/object/apply:collections.defaultdict
    args:
    - *id001
    dictitems:
      Tinit: 25
      activePhaseVars:
      - C0
      - rho
      - ka
      - kb
      - kc
      - kd
      - ke
      - Cpa
      - Cpb
      - Cpc
      - Cpd
      - Cpe
      - eps
      - K
      activeReactionVars:
      - A
      - E
      - n
      - Hp
      - nO2
      - Xi
      backBoundaryConditions: !!python/object/apply:collections.defaultdict
        args:
        - *id001
        dictitems:
          Tamb: 25
          htc: Auto
          type: INSULATED
      columns:
      - 1
      depths:
      - 0
      file: ../../../data/multiReactionCharring/multiReactionCharringLinearNominal_0_cone_Mass.csv
      finalThickness: 0.0063498751
      frontBoundaryConditions: !!python/object/apply:collections.defaultdict
        args:
        - *id001
        dictitems:
          Tamb: 25
          heatFlux: 25
          htc: 15
      initialThickness: 0.008
      names:
      - Mass
      time: 0
      types:
      - 1
      weight: 1.0
      weights:
      - 1
      width1: 0.1016
      width2: 0.1016
  cone2: !!python/object/apply:collections.defaultdict
    args:
    - *id001
    dictitems:
      Tinit: 25
      activePhaseVars:
      - C0
      - rho
      - ka
      - kb
      - kc
      - kd
      - ke
      - Cpa
      - Cpb
      - Cpc
      - Cpd
      - Cpe
      - eps
      - K
      activeReactionVars:
      - A
      - E
      - n
      - Hp
      - nO2
      - Xi
      backBoundaryConditions: !!python/object/apply:collections.defaultdict
        args:
        - *id001
        dictitems:
          Tamb: 25
          htc: Auto
          type: INSULATED
      columns:
      - 1
      depths:
      - 0
      file: ../../../data/multiReactionCharring/multiReacCharLinearNominal50KW_0_cone_Mass.csv
      finalThickness: 0.0063100001
      frontBoundaryConditions: !!python/object/apply:collections.defaultdict
        args:
        - *id001
        dictitems:
          Tamb: 25
          heatFlux: 50
          htc: 15
      initialThickness: 0.008
      names:
      - Mass
      time: 0
      types:
      - 1
      weight: 1.0
      weights:
      - 1
      width1: 0.1016
      width2: 0.1016
  configDir: D:\workspace\JENSENHUGHES\optimization\optimizationPaper\config\multiReactionCharring\2massTGA\
  dataSources:
    names:
    - cone1
    - cone2
    types:
    - cone
    - cone
  dsc:
    activePhaseVars:
    - C0
    - Cpa
    - Cpb
    - Cpc
    - Cpd
    - Cpe
    activeReactionVars:
    - A
    - E
    - n
    - Hp
    dscO2: None
    weight: 1.0
  fdsPath: C:\Program Files\FDS\FDS6\bin
  keepTemporaryFiles: false
  name: CharLinear2Reac2MassTGA
  optimizeParams:
    absErr: 1e-7
    absRelErr: 5e-7
    elimThresh: 1e-2
    maxIter: 200
    maxTime: 600000
    minIter: 5
    minP: 21
    opAlpha: 41
    opBeta: 1
    opP: 21
    opQ: 21
    opS: 41
    relErr: 1e-12
    relIter: 15
  outputParams:
    saveAllSamples: false
  phaseParams:
    C0:
    - - 1
      - 0
      - 1
    - - 0
      - 1189
      - 1189
    Cpa:
    - - None
      - 270
      - 4320
    - - None
      - 260.25
      - 4164
    Cpb:
    - - None
      - 0.0113
      - 0.1808
    - - None
      - 0.06475
      - 1.036
    Cpc:
    - - 0.0
      - 0.0
      - 0.0
    - - 0.0
      - 0.0
      - 0.0
    Cpd:
    - - 0.0
      - 0.0
      - 0.0
    - - 0.0
      - 0.0
      - 0.0
    Cpe:
    - &id002
      - 0
      - 0
      - 1
    - *id002
    K:
    - - None
      - 2500
      - 40000
    - - 1e8
      - 1189
      - 1189
    eps:
    - - None
      - 0.235
      - 1.0
    - - 0.94
      - 0.235
      - 1.0
    ka:
    - - None
      - 0.078
      - 1.248
    - - None
      - 0.023725
      - 0.3796
    kb:
    - - None
      - 1.1013e-05
      - 0.0001762
    - - None
      - 7.075e-05
      - 0.001132
    kc:
    - - 0.0
      - 0.0
      - 0.0
    - - 0.0
      - 0.0
      - 0.0
    kd:
    - - 0.0
      - 0.0
      - 0.0
    - - 0.0
      - 0.0
      - 0.0
    ke:
    - &id003
      - 0
      - 0
      - 1
    - *id003
    nO2:
    - - 0
      - 0
      - 1
    - - 0
      - 1189
      - 1189
    phases:
    - virgin
    - char
    rho:
    - - 1683
      - 1189
      - 1189
    - - 1235
      - 1189
      - 1189
  processParams:
    maxProcesses: 4
    multiprocess: true
  reactionParams:
    A:
    - - None
      - 2.106e12
      - 2.574e12
    - - None
      - 6.75e13
      - 8.25e13
    E:
    - - None
      - 1.629e5
      - 1.991e5
    - - None
      - 1.737e5
      - 2.123e5
    Hp:
    - - None
      - 2.5e4
      - 4e5
    - - None
      - 5e4
      - 8e5
    Xi:
    - - None
      - 0.675
      - 0.825
    - - None
      - 0.45
      - 0.55
    n:
    - - None
      - 0.9
      - 1.1
    - - None
      - 1.35
      - 1.65
    nO2:
    - &id004
      - 0
      - 0
      - 1
    - *id004
    prodState:
    - 1
    - 1
    reacState:
    - 0
    - 0
    typeState:
    - 3
    - 3
  reinitializeComplex: false
  restart: false
  resultsDir: ../../../results/multiReactionCharring/
  systemDir: D:\workspace\JENSENHUGHES\optimization\sourceCode\optimizationpython\src
  tga:
    activePhaseVars:
    - C0
    - rho
    activeReactionVars:
    - A
    - E
    - n
    tgaO2: None
    tgaOpt: 1
    weight: 1.0
  thermalPropertyUnits: K
  virtualExperiment: false
Loop	t (s)	Error Min	Error Max	ErrorRel	Comp	Samples
0		306.71	5.152e-03	2.757e-01	1.000e+00	21	861
1		615.63	3.254e-03	2.941e-01	1.000e+00	21	861
2		933.16	1.102e-03	2.346e-01	1.000e+00	21	861
3		1273.46	9.884e-04	2.264e-01	1.000e+00	21	861
4		1605.01	6.013e-04	2.328e-01	1.000e+00	21	861
5		1935.37	6.013e-04	2.070e-01	1.000e+00	21	861
6		2280.67	4.646e-04	1.152e-01	1.000e+00	21	861
7		2631.89	3.466e-04	1.650e-01	1.000e+00	21	861
8		2977.70	3.213e-04	2.060e-01	1.000e+00	21	861
9		3340.73	2.152e-04	2.060e-01	1.000e+00	21	861
10		3702.48	1.577e-04	4.792e-02	1.000e+00	21	861
11		4048.47	1.346e-04	1.087e-01	1.000e+00	21	861
12		4389.95	9.336e-05	4.045e-02	1.000e+00	21	861
13		4725.23	6.809e-05	1.954e-01	1.000e+00	21	861
14		5082.86	5.751e-05	9.699e-02	1.000e+00	21	861
15		5420.28	5.751e-05	1.150e-02	1.000e+00	21	861
16		5775.13	5.061e-05	2.149e-01	3.204e-03	21	861
17		6124.72	4.700e-05	1.257e-01	1.055e-03	21	861
18		6476.51	4.313e-05	1.363e-01	9.453e-04	21	861
19		6829.75	4.066e-05	1.363e-01	5.606e-04	21	861
20		7180.96	4.002e-05	2.512e-01	5.612e-04	21	861
21		7533.77	3.822e-05	2.305e-01	4.264e-04	21	861
22		7897.70	3.755e-05	2.481e-01	3.091e-04	21	861
23		8261.00	3.653e-05	2.615e-01	2.847e-04	21	861
24		8619.00	3.539e-05	2.438e-01	1.798e-04	21	861
25		8988.58	3.454e-05	2.283e-01	1.232e-04	21	861
26		9352.63	3.426e-05	2.451e-01	1.003e-04	21	861
27		9719.06	3.412e-05	2.655e-01	5.924e-05	21	861
28		10093.26	3.398e-05	2.966e-01	3.411e-05	21	861
29		10478.41	3.305e-05	2.818e-01	2.445e-05	21	861
30		10854.54	3.305e-05	2.590e-01	2.445e-05	21	861
31		11226.06	3.229e-05	2.650e-01	1.833e-05	21	861
32		11614.25	3.229e-05	2.539e-01	1.472e-05	21	861
33		11999.52	3.229e-05	2.848e-01	1.084e-05	21	861
34		12391.07	3.131e-05	2.848e-01	9.345e-06	21	861
35		12784.62	3.122e-05	3.268e-01	8.803e-06	21	861
36		13166.92	3.118e-05	2.676e-01	7.034e-06	21	861
37		13564.39	3.109e-05	2.441e-01	6.458e-06	21	861
38		13955.05	3.059e-05	2.808e-01	5.937e-06	21	861
39		14336.91	3.059e-05	2.925e-01	4.796e-06	21	861
40		14705.92	3.059e-05	2.925e-01	3.942e-06	21	861
41		15071.31	3.054e-05	2.925e-01	3.721e-06	21	861
42		15449.63	3.051e-05	2.561e-01	3.606e-06	21	861
43		15828.64	3.051e-05	2.931e-01	3.469e-06	21	861
44		16200.35	3.051e-05	2.281e-01	2.544e-06	21	861
45		16575.88	3.051e-05	1.805e-01	2.544e-06	21	861
46		16948.10	3.051e-05	2.776e-01	1.777e-06	21	861
47		17309.60	3.051e-05	2.559e-01	1.777e-06	21	861
48		17670.82	3.048e-05	2.551e-01	1.806e-06	21	861
49		18047.60	3.035e-05	2.433e-01	9.660e-07	21	861
50		18431.46	3.014e-05	2.082e-01	1.072e-06	21	861
51		18805.22	3.014e-05	2.768e-01	1.039e-06	21	861
52		19176.13	3.013e-05	2.456e-01	9.606e-07	21	861
53		19545.35	3.013e-05	2.615e-01	4.607e-07	21	861
54		19928.75	3.004e-05	2.435e-01	5.497e-07	21	861
55		20290.60	2.981e-05	2.221e-01	7.802e-07	21	861
56		20671.03	2.981e-05	2.490e-01	7.254e-07	21	861
57		21029.59	2.981e-05	2.321e-01	6.976e-07	21	861
58		21408.49	2.949e-05	2.319e-01	1.016e-06	21	861
59		21788.77	2.949e-05	2.922e-01	1.016e-06	21	861
60		22163.28	2.949e-05	3.100e-01	1.016e-06	21	861
61		22555.31	2.899e-05	2.704e-01	1.516e-06	21	861
62		22942.00	2.893e-05	2.363e-01	1.582e-06	21	861
63		23305.55	2.886e-05	2.249e-01	1.623e-06	21	861
64		23683.64	2.781e-05	2.873e-01	2.535e-06	21	861
65		24070.91	2.781e-05	2.873e-01	2.332e-06	21	861
66		24437.52	2.781e-05	2.491e-01	2.332e-06	21	861
67		24821.48	2.763e-05	2.497e-01	2.502e-06	21	861
68		25192.72	2.695e-05	3.251e-01	3.186e-06	21	861
69		25571.42	2.695e-05	2.310e-01	3.097e-06	21	861
70		25949.66	2.652e-05	2.784e-01	3.298e-06	21	861
71		26341.54	2.652e-05	2.788e-01	3.298e-06	21	861
72		26711.06	2.623e-05	2.784e-01	3.581e-06	21	861
73		27078.06	2.623e-05	2.843e-01	3.263e-06	21	861
74		27440.88	2.591e-05	2.709e-01	3.582e-06	21	861
75		27814.53	2.591e-05	2.709e-01	3.582e-06	21	861
76		28191.07	2.591e-05	2.709e-01	3.082e-06	21	861
77		28575.53	2.591e-05	2.270e-01	3.016e-06	21	861
78		28954.08	2.591e-05	2.264e-01	2.947e-06	21	861
79		29347.36	2.591e-05	2.779e-01	1.898e-06	21	861
80		29741.46	2.591e-05	2.964e-01	1.898e-06	21	861
81		30122.40	2.591e-05	2.830e-01	1.898e-06	21	861
82		30511.58	2.591e-05	2.454e-01	1.718e-06	21	861
83		30893.03	2.591e-05	2.337e-01	1.034e-06	21	861
84		31275.16	2.591e-05	2.377e-01	1.034e-06	21	861
85		31650.99	2.591e-05	2.485e-01	6.029e-07	21	861
86		32031.36	2.591e-05	2.419e-01	6.029e-07	21	861
87		32408.32	2.591e-05	2.189e-01	3.196e-07	21	861
88		32796.29	2.591e-05	2.080e-01	3.196e-07	21	861
89		33189.29	2.591e-05	3.081e-01	0.000e+00	21	861
90		33571.23	2.591e-05	3.081e-01	0.000e+00	21	861
91		33955.18	2.591e-05	3.000e-01	0.000e+00	21	861
92		34347.95	2.591e-05	2.127e-01	0.000e+00	21	861
93		34737.32	2.591e-05	2.265e-01	0.000e+00	21	861
94		35119.24	2.591e-05	2.281e-01	0.000e+00	21	861
95		35514.26	2.591e-05	3.086e-01	0.000e+00	21	861
96		35919.80	2.490e-05	3.086e-01	1.008e-06	21	861
97		36329.24	2.490e-05	3.086e-01	1.008e-06	21	861
98		36742.20	2.490e-05	3.086e-01	1.008e-06	21	861
99		37167.85	2.394e-05	2.833e-01	1.973e-06	21	861
100		37591.62	2.394e-05	2.833e-01	1.973e-06	21	861
101		38012.18	2.313e-05	3.143e-01	2.779e-06	21	861
102		38421.69	2.141e-05	3.085e-01	4.503e-06	21	861
103		38833.49	2.141e-05	2.615e-01	4.503e-06	21	861
104		39246.10	2.129e-05	2.817e-01	4.627e-06	21	861
105		39661.22	2.078e-05	2.507e-01	5.132e-06	21	861
106		40082.43	2.053e-05	2.372e-01	5.384e-06	21	861
107		40495.31	2.053e-05	2.717e-01	5.384e-06	21	861
108		40911.81	2.053e-05	2.544e-01	5.384e-06	21	861
109		41320.16	1.990e-05	2.472e-01	6.011e-06	21	861
110		41728.73	1.990e-05	2.459e-01	6.011e-06	21	861
111		42142.57	1.990e-05	2.536e-01	5.003e-06	21	861
112		42561.23	1.990e-05	2.523e-01	5.003e-06	21	861
113		42978.14	1.990e-05	2.827e-01	5.003e-06	21	861
114		43392.41	1.990e-05	2.470e-01	4.038e-06	21	861
115		43792.56	1.990e-05	2.284e-01	4.038e-06	21	861
116		44188.80	1.990e-05	2.741e-01	3.232e-06	21	861
117		44610.54	1.990e-05	3.036e-01	1.508e-06	21	861
118		45012.38	1.990e-05	2.464e-01	1.508e-06	21	861
119		45424.09	1.990e-05	2.676e-01	1.383e-06	21	861
120		45837.69	1.990e-05	2.266e-01	8.785e-07	21	861
121		46249.02	1.990e-05	3.286e-01	6.263e-07	21	861
122		46663.43	1.990e-05	2.739e-01	6.263e-07	21	861
123		47067.02	1.990e-05	2.930e-01	6.263e-07	21	861
124		47491.03	1.990e-05	2.575e-01	0.000e+00	21	861
125		47888.34	1.990e-05	2.692e-01	0.000e+00	21	861
126		48315.54	1.990e-05	2.483e-01	0.000e+00	21	861
127		48734.94	1.990e-05	2.533e-01	0.000e+00	21	861
128		49155.98	1.990e-05	2.439e-01	0.000e+00	21	861
129		49568.28	1.990e-05	2.596e-01	0.000e+00	21	861
130		49976.94	1.990e-05	2.659e-01	0.000e+00	21	861
