D:\workspace\JENSENHUGHES\optimization\optimizationPaper\config\E_Glass\../../results/E_Glass/E_GlassConstWide Log file
!!python/object/apply:collections.defaultdict
args:
- &id001 !!python/name:builtins.bool ''
dictitems:
  Duraboard:
    CprampF:
    - 1.0
    - 1.0
    CprampT:
    - 0
    - 5000
    eps: 0.8
    krampF:
    - 0.075932
    - 0.090229
    - 0.104522
    - 0.122143
    - 0.14158
    - 0.163436
    - 0.190738
    - 0.221975
    krampT:
    - 203.035
    - 317.4028
    - 426.9164
    - 536.4182
    - 647.3003
    - 757.4803
    - 867.6409
    - 981.2546
    rho: 258
    thickness: 0.0254
  XiState:
  - unknowable
  cone:
    Tinit: 25
    activePhaseVars:
    - C0
    - rho
    - ka
    - kb
    - kc
    - kd
    - ke
    - Cpa
    - Cpb
    - Cpc
    - Cpd
    - Cpe
    - eps
    - K
    activeReactionVars:
    - A
    - E
    - n
    - Hp
    - nO2
    - Xi
    backBoundaryConditions:
      Tamb: 25
      htc: Auto
      type: INSULATED
    frontBoundaryConditions:
      Tamb: 25
      htc: Auto
    weight: 1.0
  cone1: !!python/object/apply:collections.defaultdict
    args:
    - *id001
    dictitems:
      Tinit: 25
      activePhaseVars:
      - C0
      - rho
      - ka
      - kb
      - kc
      - kd
      - ke
      - Cpa
      - Cpb
      - Cpc
      - Cpd
      - Cpe
      - eps
      - K
      activeReactionVars:
      - A
      - E
      - n
      - Hp
      - nO2
      - Xi
      backBoundaryConditions: !!python/object/apply:collections.defaultdict
        args:
        - *id001
        dictitems:
          Tamb: 25
          htc: Auto
          type: INSULATED
      columns:
      - 1
      depths:
      - 0
      file: ../../data/E_Glass/E_GlassConstNominal_0_cone_Mass.csv
      finalThickness: false
      frontBoundaryConditions: !!python/object/apply:collections.defaultdict
        args:
        - *id001
        dictitems:
          Tamb: 25
          heatFlux: 25
          htc: 15
      initialThickness: 0.008
      names:
      - Mass
      time: 0
      types:
      - 1
      weight: 1.0
      weights:
      - 1
      width1: 0.1016
      width2: 0.1016
  configDir: D:\workspace\JENSENHUGHES\optimization\optimizationPaper\config\E_Glass\
  dataSources:
    names:
    - cone1
    types:
    - cone
  dsc:
    activePhaseVars:
    - C0
    - Cpa
    - Cpb
    - Cpc
    - Cpd
    - Cpe
    activeReactionVars:
    - A
    - E
    - n
    - Hp
    dscO2: None
    weight: 1.0
  fdsPath: C:\Program Files\FDS\FDS6\bin
  name: E_GlassConstWide
  optimizeParams:
    absErr: 1e-7
    absRelErr: 5e-7
    elimThresh: 1e-2
    maxIter: 1000
    maxTime: 36000
    minIter: 5
    minP: 2
    opAlpha: 3
    opBeta: 3
    opP: 12
    opQ: 6
    opS: 24
    relErr: 1e-12
    relIter: 15
  outputParams:
    saveAllSamples: false
  phaseParams:
    C0:
    - - 1
      - 0
      - 1
    - - 0
      - 1189
      - 1189
    Cpa:
    - - None
      - 272.5
      - 4360
    - - None
      - 287.5
      - 4600
    Cpb:
    - - 0.0
      - 0.0
      - 0.0
    - - 0.0
      - 1189
      - 1189
    Cpc:
    - - 0.0
      - 0.0
      - 0.0
    - - 0.0
      - 0.0
      - 0.0
    Cpd:
    - - 0.0
      - 0.0
      - 0.0
    - - 0.0
      - 0.0
      - 0.0
    Cpe:
    - &id002
      - 0
      - 0
      - 1
    - *id002
    K:
    - - None
      - 2500
      - 40000
    - - 1e8
      - 1189
      - 1189
    eps:
    - - None
      - 0.235
      - 1.0
    - - None
      - 0.235
      - 1.0
    ka:
    - - None
      - 0.075
      - 1.2
    - - None
      - 0.05
      - 0.8
    kb:
    - - 0.0
      - 0.0
      - 0.0
    - - 0.0
      - 0.0
      - 0.0
    kc:
    - - 0.0
      - 0.0
      - 0.0
    - - 0.0
      - 0.0
      - 0.0
    kd:
    - - 0.0
      - 0.0
      - 0.0
    - - 0.0
      - 0.0
      - 0.0
    ke:
    - &id003
      - 0
      - 0
      - 1
    - *id003
    nO2:
    - - 0
      - 0
      - 1
    - - 0
      - 1189
      - 1189
    phases:
    - virgin
    - char
    rho:
    - - 1683
      - 1189
      - 1189
    - - 1235
      - 1189
      - 1189
  processParams:
    maxProcesses: 4
    multiprocess: true
  reactionParams:
    A:
    - - None
      - 845000000000000.0
      - 1.352e+16
    E:
    - - None
      - 53250.0
      - 852000.0
    Hp:
    - - None
      - 148750.0
      - 2380000.0
    Xi:
    - - None
      - 0
      - 1
    n:
    - - None
      - 0.375
      - 6.0
    nO2:
    - - 0
      - 0
      - 1
    prodState:
    - 1
    reacState:
    - 0
    typeState:
    - 3
  reinitializeComplex: true
  restart: false
  resultsDir: ../../results/E_Glass/
  systemDir: D:\workspace\JENSENHUGHES\optimization\sourceCode\optimizationpython\src
  tga:
    activePhaseVars:
    - C0
    - rho
    activeReactionVars:
    - A
    - E
    - n
    tgaO2: None
    tgaOpt: 1
    weight: 1.0
  virtualExperiment: false
Loop	t (s)	Error Min	Error Max	ErrorRel	Comp	Samples
0		42.53	2.563e-04	3.867e-03	1.000e+00	12	288
1		100.20	2.522e-04	3.867e-03	1.000e+00	12	288
2		162.82	2.005e-04	3.867e-03	1.000e+00	12	288
3		224.92	1.254e-04	3.867e-03	1.000e+00	12	288
4		282.45	1.254e-04	3.867e-03	1.000e+00	12	288
5		340.47	1.141e-04	3.867e-03	1.000e+00	12	288
6		407.50	7.150e-05	3.867e-03	1.000e+00	12	288
7		468.94	7.109e-05	3.867e-03	1.000e+00	12	288
8		533.69	5.780e-05	3.867e-03	1.000e+00	12	288
9		596.42	5.780e-05	3.867e-03	1.000e+00	12	288
10		661.98	5.780e-05	3.867e-03	1.000e+00	12	288
11		724.05	2.807e-05	3.867e-03	1.000e+00	12	288
12		786.45	2.807e-05	3.867e-03	1.000e+00	12	288
13		849.20	2.807e-05	3.867e-03	1.000e+00	12	288
14		913.09	2.807e-05	3.867e-03	1.000e+00	12	288
15		975.15	2.415e-05	3.867e-03	1.000e+00	12	288
16		1042.61	2.415e-05	3.867e-03	2.280e-04	12	288
17		1108.67	2.319e-05	3.867e-03	1.773e-04	12	288
18		1177.04	1.511e-05	3.867e-03	1.103e-04	12	288
19		1240.09	1.292e-05	3.867e-03	1.125e-04	12	288
20		1296.88	9.625e-06	3.867e-03	1.045e-04	12	288
21		1344.89	9.625e-06	3.867e-03	6.187e-05	12	288
22		1393.21	9.625e-06	3.867e-03	6.147e-05	12	288
23		1439.30	9.625e-06	3.867e-03	4.817e-05	12	288
24		1486.60	9.625e-06	3.867e-03	4.817e-05	12	288
25		1532.00	5.896e-06	3.867e-03	5.190e-05	12	288
26		1580.23	5.896e-06	3.867e-03	2.217e-05	12	288
27		1629.54	5.342e-06	3.867e-03	2.273e-05	12	288
28		1671.92	4.834e-06	3.867e-03	2.323e-05	12	288
29		1721.62	4.287e-06	3.867e-03	2.378e-05	12	288
30		1770.13	2.837e-06	3.867e-03	2.132e-05	12	288
31		1820.84	2.837e-06	3.867e-03	2.132e-05	12	288
32		1870.34	2.837e-06	3.867e-03	2.035e-05	12	288
33		1925.12	2.837e-06	3.867e-03	1.227e-05	12	288
34		1978.32	2.837e-06	3.867e-03	1.008e-05	12	288
35		2029.78	2.808e-06	3.867e-03	6.817e-06	12	288
36		2081.84	2.727e-06	3.867e-03	6.898e-06	12	288
37		2130.77	2.727e-06	3.867e-03	6.898e-06	12	288
38		2179.79	2.727e-06	3.867e-03	6.898e-06	12	288
39		2232.48	2.669e-06	3.867e-03	6.955e-06	12	288
40		2283.55	2.656e-06	3.867e-03	3.240e-06	12	288
41		2332.18	2.650e-06	3.867e-03	3.246e-06	12	288
42		2381.16	2.638e-06	3.867e-03	2.704e-06	12	288
43		2433.96	2.638e-06	3.867e-03	2.196e-06	12	288
44		2486.14	2.578e-06	3.867e-03	1.709e-06	12	288
45		2538.10	2.578e-06	3.867e-03	2.593e-07	12	288
46		2589.30	2.540e-06	3.867e-03	2.972e-07	12	288
47		2639.13	2.517e-06	3.867e-03	3.206e-07	12	288
48		2689.52	2.488e-06	3.867e-03	3.494e-07	12	288
49		2726.05	2.488e-06	3.867e-03	3.494e-07	12	288
50		2762.78	2.423e-06	3.867e-03	3.843e-07	12	288
51		2800.01	2.411e-06	3.867e-03	3.158e-07	12	288
52		2835.45	2.405e-06	3.867e-03	3.219e-07	12	288
53		2872.98	2.396e-06	3.867e-03	3.302e-07	12	288
54		2914.25	2.385e-06	3.867e-03	2.840e-07	12	288
55		2973.60	2.379e-06	3.867e-03	2.770e-07	12	288
56		3030.42	2.374e-06	3.867e-03	2.758e-07	12	288
57		3113.27	2.360e-06	3.867e-03	2.778e-07	12	288
58		3183.96	2.360e-06	3.867e-03	2.781e-07	12	288
59		3257.38	2.345e-06	3.867e-03	2.334e-07	12	288
60		3342.08	2.341e-06	3.867e-03	2.374e-07	12	288
61		3433.81	2.334e-06	3.867e-03	2.064e-07	12	288
62		3510.03	2.334e-06	3.867e-03	1.830e-07	12	288
63		3594.85	2.329e-06	3.867e-03	1.586e-07	12	288
64		3677.63	2.329e-06	3.867e-03	1.586e-07	12	288
65		3757.50	2.323e-06	3.867e-03	1.003e-07	12	288
66		3840.35	2.323e-06	3.867e-03	8.767e-08	12	288
67		3921.91	2.323e-06	3.867e-03	8.157e-08	12	288
68		3997.71	2.323e-06	3.867e-03	7.329e-08	12	288
69		4080.56	2.322e-06	3.867e-03	6.358e-08	12	288
70		4158.42	2.305e-06	3.867e-03	7.452e-08	12	288
71		4248.36	2.305e-06	3.867e-03	6.947e-08	12	288
72		4333.06	2.277e-06	3.867e-03	8.371e-08	12	288
73		4411.24	2.277e-06	3.867e-03	8.343e-08	12	288
74		4496.66	2.258e-06	3.867e-03	8.627e-08	12	288
75		4581.57	2.244e-06	3.867e-03	9.629e-08	12	288
76		4667.79	2.244e-06	3.867e-03	8.947e-08	12	288
77		4749.13	2.235e-06	3.867e-03	9.859e-08	12	288
78		4830.29	2.221e-06	3.867e-03	1.087e-07	12	288
79		4920.99	2.209e-06	3.867e-03	1.200e-07	12	288
80		5001.25	2.209e-06	3.867e-03	1.139e-07	12	288
81		5084.94	2.209e-06	3.867e-03	1.139e-07	12	288
82		5168.80	2.209e-06	3.867e-03	1.139e-07	12	288
83		5256.58	2.209e-06	3.867e-03	1.139e-07	12	288
84		5343.57	2.203e-06	3.867e-03	1.191e-07	12	288
85		5431.51	2.198e-06	3.867e-03	1.067e-07	12	288
86		5515.23	2.198e-06	3.867e-03	1.066e-07	12	288
87		5598.26	2.195e-06	3.867e-03	8.160e-08	12	288
88		5679.55	2.195e-06	3.867e-03	8.160e-08	12	288
89		5766.27	2.195e-06	3.867e-03	6.334e-08	12	288
90		5852.27	2.195e-06	3.867e-03	4.935e-08	12	288
91		5934.55	2.191e-06	3.867e-03	5.319e-08	12	288
92		6017.82	2.190e-06	3.867e-03	4.479e-08	12	288
93		6101.36	2.188e-06	3.867e-03	3.276e-08	12	288
94		6183.52	2.187e-06	3.867e-03	2.217e-08	12	288
95		6265.26	2.187e-06	3.867e-03	2.237e-08	12	288
96		6350.03	2.186e-06	3.867e-03	2.291e-08	12	288
97		6428.09	2.185e-06	3.867e-03	2.395e-08	12	288
98		6504.81	2.185e-06	3.867e-03	2.426e-08	12	288
99		6588.17	2.184e-06	3.867e-03	1.837e-08	12	288
100		6669.18	2.184e-06	3.867e-03	1.441e-08	12	288
101		6754.53	2.183e-06	3.867e-03	1.483e-08	12	288
102		6833.64	2.182e-06	3.867e-03	1.301e-08	12	288
103		6915.89	2.181e-06	3.867e-03	1.380e-08	12	288
104		6995.24	2.180e-06	3.867e-03	1.462e-08	12	288
105		7075.69	2.180e-06	3.867e-03	1.509e-08	12	288
106		7154.73	2.179e-06	3.867e-03	1.181e-08	12	288
107		7238.71	2.179e-06	3.867e-03	1.149e-08	12	288
108		7321.44	2.179e-06	3.867e-03	8.992e-09	12	288
109		7379.21	2.178e-06	3.867e-03	8.756e-09	12	288
110		7438.19	2.178e-06	3.867e-03	8.773e-09	12	288
111		7495.33	2.177e-06	3.867e-03	9.645e-09	12	288
112		7555.86	2.176e-06	3.867e-03	8.910e-09	12	288
113		7613.40	2.175e-06	3.867e-03	1.044e-08	12	288
114		7669.84	2.173e-06	3.867e-03	1.101e-08	12	288
115		7727.37	2.166e-06	3.867e-03	1.748e-08	12	288
116		7783.33	2.154e-06	3.867e-03	2.941e-08	12	288
117		7840.67	2.152e-06	3.867e-03	2.962e-08	12	288
118		7901.58	2.152e-06	3.867e-03	2.883e-08	12	288
119		7963.10	2.152e-06	3.867e-03	2.801e-08	12	288
120		8025.58	2.152e-06	3.867e-03	2.764e-08	12	288
121		8080.89	2.077e-06	3.867e-03	1.022e-07	12	288
122		8139.74	2.077e-06	3.867e-03	1.018e-07	12	288
123		8199.63	2.077e-06	3.867e-03	1.018e-07	12	288
124		8258.13	2.074e-06	3.867e-03	1.039e-07	12	288
125		8311.17	2.074e-06	3.867e-03	1.040e-07	12	288
126		8370.83	2.073e-06	3.867e-03	1.033e-07	12	288
127		8432.28	2.072e-06	3.867e-03	1.043e-07	12	288
128		8494.12	2.072e-06	3.867e-03	1.024e-07	12	288
129		8554.28	2.072e-06	3.867e-03	1.013e-07	12	288
130		8609.60	2.072e-06	3.867e-03	9.423e-08	12	288
131		8670.15	2.072e-06	3.867e-03	8.188e-08	12	288
132		8729.52	2.072e-06	3.867e-03	8.048e-08	12	288
133		8788.67	2.072e-06	3.867e-03	8.055e-08	12	288
134		8847.83	2.072e-06	3.867e-03	8.057e-08	12	288
135		8906.99	2.072e-06	3.867e-03	8.066e-08	12	288
136		8967.74	2.071e-06	3.867e-03	5.941e-09	12	288
137		9033.23	2.070e-06	3.867e-03	6.615e-09	12	288
138		9097.20	2.070e-06	3.867e-03	7.046e-09	12	288
139		9158.31	2.070e-06	3.867e-03	4.637e-09	12	288
140		9222.54	2.070e-06	3.867e-03	4.467e-09	12	288
141		9285.25	2.069e-06	3.867e-03	4.188e-09	12	288
142		9345.90	2.068e-06	3.867e-03	3.663e-09	12	288
143		9405.58	2.068e-06	3.867e-03	3.951e-09	12	288
144		9469.61	2.068e-06	3.867e-03	4.063e-09	12	288
145		9532.32	2.068e-06	3.867e-03	4.166e-09	12	288
146		9594.90	2.068e-06	3.867e-03	4.226e-09	12	288
147		9655.06	2.067e-06	3.867e-03	4.783e-09	12	288
148		9714.13	2.067e-06	3.867e-03	4.708e-09	12	288
149		9774.40	2.067e-06	3.867e-03	4.693e-09	12	288
150		9830.54	2.067e-06	3.867e-03	4.586e-09	12	288
151		9891.40	2.067e-06	3.867e-03	4.373e-09	12	288
152		9951.98	2.067e-06	3.867e-03	3.735e-09	12	288
153		10014.93	2.067e-06	3.867e-03	3.304e-09	12	288
154		10075.69	2.067e-06	3.867e-03	3.310e-09	12	288
155		10137.93	2.066e-06	3.867e-03	3.414e-09	12	288
156		10200.58	2.066e-06	3.867e-03	3.210e-09	12	288
157		10262.12	2.065e-06	3.867e-03	3.216e-09	12	288
158		10322.96	2.065e-06	3.867e-03	3.657e-09	12	288
159		10380.60	2.064e-06	3.867e-03	4.457e-09	12	288
160		10436.53	2.062e-06	3.867e-03	5.805e-09	12	288
161		10493.37	2.059e-06	3.867e-03	8.895e-09	12	288
162		10552.20	2.055e-06	3.867e-03	1.168e-08	12	288
163		10609.45	2.052e-06	3.867e-03	1.508e-08	12	288
164		10668.51	2.049e-06	3.867e-03	1.777e-08	12	288
165		10729.68	2.036e-06	3.867e-03	3.059e-08	12	288
166		10792.62	2.036e-06	3.867e-03	3.038e-08	12	288
167		10854.58	2.036e-06	3.867e-03	3.034e-08	12	288
168		10915.96	2.036e-06	3.867e-03	3.034e-08	12	288
169		10981.47	2.036e-06	3.867e-03	3.014e-08	12	288
170		11040.94	2.036e-06	3.867e-03	2.991e-08	12	288
171		11101.78	2.017e-06	3.867e-03	4.879e-08	12	288
172		11159.84	1.969e-06	3.867e-03	9.592e-08	12	288
173		11223.41	1.969e-06	3.867e-03	9.519e-08	12	288
174		11286.57	1.969e-06	3.867e-03	9.421e-08	12	288
175		11347.14	1.969e-06	3.867e-03	9.262e-08	12	288
176		11407.73	1.969e-06	3.867e-03	8.947e-08	12	288
177		11466.89	1.969e-06	3.867e-03	8.604e-08	12	288
178		11529.38	1.872e-06	3.867e-03	1.800e-07	12	288
179		11589.56	1.872e-06	3.867e-03	1.773e-07	12	288
180		11649.31	1.872e-06	3.867e-03	1.644e-07	12	288
181		11711.21	1.755e-06	3.867e-03	2.818e-07	12	288
182		11775.52	1.755e-06	3.867e-03	2.818e-07	12	288
183		11844.12	1.755e-06	3.867e-03	2.818e-07	12	288
184		11906.88	1.755e-06	3.867e-03	2.818e-07	12	288
185		11969.19	1.755e-06	3.867e-03	2.818e-07	12	288
186		12033.46	1.755e-06	3.867e-03	2.626e-07	12	288
187		12097.74	1.755e-06	3.867e-03	2.148e-07	12	288
188		12160.41	1.755e-06	3.867e-03	2.148e-07	12	288
189		12221.89	1.755e-06	3.867e-03	2.148e-07	12	288
190		12283.22	1.700e-06	3.867e-03	2.695e-07	12	288
191		12348.72	1.673e-06	3.867e-03	2.959e-07	12	288
192		12412.53	1.622e-06	3.867e-03	3.477e-07	12	288
193		12475.94	1.622e-06	3.867e-03	2.503e-07	12	288
194		12540.93	1.622e-06	3.867e-03	2.503e-07	12	288
195		12599.66	1.622e-06	3.867e-03	2.503e-07	12	288
196		12662.54	1.622e-06	3.867e-03	1.329e-07	12	288
197		12723.11	1.622e-06	3.867e-03	1.329e-07	12	288
198		12785.28	1.606e-06	3.867e-03	1.490e-07	12	288
199		12849.25	1.603e-06	3.867e-03	1.514e-07	12	288
200		12908.63	1.552e-06	3.867e-03	2.028e-07	12	288
201		12970.90	1.552e-06	3.867e-03	2.028e-07	12	288
202		13033.67	1.552e-06	3.867e-03	2.028e-07	12	288
203		13099.15	1.536e-06	3.867e-03	2.183e-07	12	288
204		13165.13	1.519e-06	3.867e-03	2.357e-07	12	288
205		13225.19	1.504e-06	3.867e-03	1.962e-07	12	288
206		13288.16	1.504e-06	3.867e-03	1.699e-07	12	288
207		13350.73	1.504e-06	3.867e-03	1.181e-07	12	288
208		13414.29	1.504e-06	3.867e-03	1.181e-07	12	288
209		13476.46	1.504e-06	3.867e-03	1.181e-07	12	288
210		13540.14	1.504e-06	3.867e-03	1.181e-07	12	288
211		13601.71	1.502e-06	3.867e-03	1.192e-07	12	288
212		13663.71	1.502e-06	3.867e-03	1.192e-07	12	288
213		13726.86	1.502e-06	3.867e-03	1.031e-07	12	288
214		13793.47	1.496e-06	3.867e-03	1.070e-07	12	288
215		13854.63	1.493e-06	3.867e-03	5.904e-08	12	288
216		13917.73	1.493e-06	3.867e-03	5.904e-08	12	288
217		13976.70	1.493e-06	3.867e-03	5.904e-08	12	288
218		14040.70	1.493e-06	3.867e-03	4.345e-08	12	288
219		14103.18	1.493e-06	3.867e-03	2.610e-08	12	288
220		14163.88	1.493e-06	3.867e-03	1.079e-08	12	288
221		14227.46	1.493e-06	3.867e-03	1.079e-08	12	288
222		14290.74	1.486e-06	3.867e-03	1.749e-08	12	288
223		14347.39	1.485e-06	3.867e-03	1.836e-08	12	288
224		14413.00	1.484e-06	3.867e-03	1.996e-08	12	288
225		14476.07	1.482e-06	3.867e-03	2.173e-08	12	288
226		14538.43	1.482e-06	3.867e-03	2.065e-08	12	288
227		14611.42	1.481e-06	3.867e-03	2.188e-08	12	288
228		14675.54	1.481e-06	3.867e-03	2.188e-08	12	288
229		14737.73	1.480e-06	3.867e-03	1.626e-08	12	288
230		14801.04	1.428e-06	3.867e-03	6.507e-08	12	288
231		14863.54	1.428e-06	3.867e-03	6.507e-08	12	288
232		14925.84	1.410e-06	3.867e-03	8.296e-08	12	288
233		14990.66	1.410e-06	3.867e-03	8.296e-08	12	288
234		15055.89	1.410e-06	3.867e-03	8.296e-08	12	288
235		15119.23	1.410e-06	3.867e-03	8.296e-08	12	288
236		15181.74	1.410e-06	3.867e-03	8.296e-08	12	288
237		15243.92	1.374e-06	3.867e-03	1.124e-07	12	288
238		15306.90	1.374e-06	3.867e-03	1.115e-07	12	288
239		15378.41	1.334e-06	3.867e-03	1.494e-07	12	288
240		15441.60	1.334e-06	3.867e-03	1.476e-07	12	288
241		15506.13	1.334e-06	3.867e-03	1.476e-07	12	288
242		15569.25	1.273e-06	3.867e-03	2.072e-07	12	288
243		15633.86	1.090e-06	3.867e-03	3.909e-07	12	288
244		15695.67	1.090e-06	3.867e-03	3.902e-07	12	288
245		15764.29	1.090e-06	3.867e-03	3.380e-07	12	288
246		15831.65	1.087e-06	3.867e-03	3.407e-07	12	288
247		15896.88	1.019e-06	3.867e-03	3.911e-07	12	288
248		15962.05	1.019e-06	3.867e-03	3.911e-07	12	288
249		16023.63	1.019e-06	3.867e-03	3.911e-07	12	288
250		16087.64	1.008e-06	3.867e-03	4.016e-07	12	288
251		16154.32	1.008e-06	3.867e-03	4.016e-07	12	288
252		16227.58	1.008e-06	3.867e-03	3.655e-07	12	288
253		16304.67	9.973e-07	3.867e-03	3.763e-07	12	288
254		16385.22	9.936e-07	3.867e-03	3.406e-07	12	288
255		16478.25	9.936e-07	3.867e-03	3.406e-07	12	288
256		16582.82	9.836e-07	3.867e-03	3.506e-07	12	288
257		16693.80	9.836e-07	3.867e-03	2.898e-07	12	288
258		16777.31	9.836e-07	3.867e-03	1.061e-07	12	288
259		16873.61	9.751e-07	3.867e-03	1.146e-07	12	288
260		16951.26	9.748e-07	3.867e-03	1.149e-07	12	288
261		17047.92	9.692e-07	3.867e-03	1.178e-07	12	288
262		17159.61	9.692e-07	3.867e-03	4.948e-08	12	288
263		17264.17	9.655e-07	3.867e-03	5.317e-08	12	288
264		17362.38	9.654e-07	3.867e-03	5.329e-08	12	288
265		17469.09	9.611e-07	3.867e-03	4.710e-08	12	288
266		17575.41	9.585e-07	3.867e-03	4.970e-08	12	288
267		17680.41	9.585e-07	3.867e-03	4.970e-08	12	288
268		17788.62	9.585e-07	3.867e-03	3.885e-08	12	288
269		17897.09	9.559e-07	3.867e-03	3.767e-08	12	288
270		17984.65	9.559e-07	3.867e-03	3.767e-08	12	288
271		18053.11	9.538e-07	3.867e-03	2.983e-08	12	288
272		18118.57	9.534e-07	3.867e-03	3.022e-08	12	288
273		18182.31	9.518e-07	3.867e-03	3.174e-08	12	288
274		18249.25	9.493e-07	3.867e-03	2.576e-08	12	288
275		18313.52	9.439e-07	3.867e-03	3.087e-08	12	288
276		18379.00	9.424e-07	3.867e-03	2.685e-08	12	288
277		18446.27	9.386e-07	3.867e-03	3.062e-08	12	288
278		18509.56	9.386e-07	3.867e-03	2.693e-08	12	288
279		18578.63	9.372e-07	3.867e-03	2.824e-08	12	288
280		18646.98	9.342e-07	3.867e-03	2.691e-08	12	288
281		18718.27	9.332e-07	3.867e-03	2.532e-08	12	288
282		18786.32	9.304e-07	3.867e-03	2.811e-08	12	288
283		18858.49	9.261e-07	3.867e-03	3.242e-08	12	288
284		18935.59	9.261e-07	3.867e-03	2.984e-08	12	288
285		19006.13	9.261e-07	3.867e-03	2.984e-08	12	288
Reinitializing complex 1, running simulations.
Complex 1 with parameter deviation 8.70e-03 replaced with parameter deviation 1.35
286		19073.34	9.238e-07	3.867e-03	2.993e-08	12	288
287		19150.02	9.231e-07	3.867e-03	3.028e-08	12	288
288		19212.10	9.200e-07	3.867e-03	3.186e-08	12	288
289		19280.44	9.200e-07	3.867e-03	2.934e-08	12	288
290		19343.79	9.193e-07	3.867e-03	2.465e-08	12	288
291		19409.64	9.156e-07	3.867e-03	2.679e-08	12	288
292		19473.53	9.156e-07	3.867e-03	2.301e-08	12	288
Reinitializing complex 1, running simulations.
Complex 1 with parameter deviation 9.47e-03 replaced with parameter deviation 1.31
293		19542.52	9.156e-07	9.615e-03	2.301e-08	12	288
Reinitializing complex 1, running simulations.
Complex 1 with parameter deviation 6.43e-03 replaced with parameter deviation 1.48
294		19624.14	9.120e-07	3.867e-03	2.520e-08	12	288
Reinitializing complex 1, running simulations.
Complex 1 with parameter deviation 9.01e-03 replaced with parameter deviation 1.20
295		19699.45	9.078e-07	1.016e-02	2.637e-08	12	288
Reinitializing complex 1, running simulations.
Complex 1 with parameter deviation 9.26e-03 replaced with parameter deviation 1.29
296		19782.36	9.076e-07	1.291e-02	2.556e-08	12	288
Reinitializing complex 1, running simulations.
Complex 1 with parameter deviation 7.78e-03 replaced with parameter deviation 1.19
297		19860.39	9.004e-07	7.315e-03	2.997e-08	12	288
Reinitializing complex 1, running simulations.
Complex 1 with parameter deviation 7.37e-03 replaced with parameter deviation 1.17
298		19939.66	8.965e-07	7.907e-03	2.961e-08	12	288
Reinitializing complex 1, running simulations.
Complex 1 with parameter deviation 6.36e-03 replaced with parameter deviation 1.22
299		20010.66	8.930e-07	3.867e-03	3.307e-08	12	288
Reinitializing complex 1, running simulations.
Complex 1 with parameter deviation 6.93e-03 replaced with parameter deviation 1.22
300		20081.82	8.893e-07	1.316e-02	3.674e-08	12	288
Reinitializing complex 1, running simulations.
Complex 1 with parameter deviation 7.17e-03 replaced with parameter deviation 1.40
301		20150.06	8.881e-07	3.867e-03	3.570e-08	12	288
Reinitializing complex 2, running simulations.
Complex 2 with parameter deviation 9.74e-03 replaced with parameter deviation 1.29
Reinitializing complex 1, running simulations.
Complex 1 with parameter deviation 5.83e-03 replaced with parameter deviation 1.21
302		20220.85	8.875e-07	6.474e-03	3.560e-08	12	288
Reinitializing complex 2, running simulations.
Complex 2 with parameter deviation 9.86e-03 replaced with parameter deviation 1.30
Reinitializing complex 1, running simulations.
Complex 1 with parameter deviation 5.69e-03 replaced with parameter deviation 1.09
303		20299.10	8.869e-07	4.635e-03	3.304e-08	12	288
Reinitializing complex 1, running simulations.
Complex 1 with parameter deviation 7.10e-03 replaced with parameter deviation 1.50
304		20380.96	8.867e-07	1.383e-02	3.329e-08	12	288
Reinitializing complex 1, running simulations.
Complex 1 with parameter deviation 7.01e-03 replaced with parameter deviation 1.23
305		20450.79	8.864e-07	9.103e-03	3.283e-08	12	288
Reinitializing complex 2, running simulations.
Complex 2 with parameter deviation 8.17e-03 replaced with parameter deviation 1.35
Reinitializing complex 1, running simulations.
Complex 1 with parameter deviation 7.17e-03 replaced with parameter deviation 1.46
306		20522.26	8.863e-07	4.832e-03	2.925e-08	12	288
Reinitializing complex 2, running simulations.
Complex 2 with parameter deviation 8.52e-03 replaced with parameter deviation 1.16
Reinitializing complex 1, running simulations.
Complex 1 with parameter deviation 6.57e-03 replaced with parameter deviation 1.40
307		20602.63	8.863e-07	8.041e-03	2.931e-08	12	288
Reinitializing complex 2, running simulations.
Complex 2 with parameter deviation 7.75e-03 replaced with parameter deviation 1.30
Reinitializing complex 1, running simulations.
Complex 1 with parameter deviation 4.26e-03 replaced with parameter deviation 1.43
308		20686.58	8.863e-07	5.410e-03	2.933e-08	12	288
Reinitializing complex 2, running simulations.
Complex 2 with parameter deviation 7.27e-03 replaced with parameter deviation 1.13
Reinitializing complex 1, running simulations.
Complex 1 with parameter deviation 6.33e-03 replaced with parameter deviation 1.42
309		20768.25	8.862e-07	3.928e-03	2.582e-08	12	288
Reinitializing complex 2, running simulations.
Complex 2 with parameter deviation 8.86e-03 replaced with parameter deviation 1.39
Reinitializing complex 1, running simulations.
Complex 1 with parameter deviation 6.22e-03 replaced with parameter deviation 1.21
310		20848.67	8.862e-07	5.272e-03	2.166e-08	12	288
Reinitializing complex 2, running simulations.
Complex 2 with parameter deviation 6.24e-03 replaced with parameter deviation 1.37
Reinitializing complex 1, running simulations.
Complex 1 with parameter deviation 5.03e-03 replaced with parameter deviation 1.29
311		20929.01	8.861e-07	3.867e-03	2.149e-08	12	288
Reinitializing complex 1, running simulations.
Complex 1 with parameter deviation 5.00e-03 replaced with parameter deviation 1.08
312		21010.83	8.861e-07	5.371e-03	1.433e-08	12	288
Reinitializing complex 2, running simulations.
Complex 2 with parameter deviation 7.14e-03 replaced with parameter deviation 1.20
Reinitializing complex 1, running simulations.
Complex 1 with parameter deviation 5.40e-03 replaced with parameter deviation 1.05
313		21077.66	8.860e-07	3.867e-03	1.045e-08	12	288
Reinitializing complex 2, running simulations.
Complex 2 with parameter deviation 6.82e-03 replaced with parameter deviation 1.23
Reinitializing complex 1, running simulations.
Complex 1 with parameter deviation 5.63e-03 replaced with parameter deviation 1.16
314		21156.94	8.860e-07	7.262e-03	6.991e-09	12	288
Reinitializing complex 2, running simulations.
Complex 2 with parameter deviation 7.18e-03 replaced with parameter deviation 1.28
Reinitializing complex 1, running simulations.
Complex 1 with parameter deviation 6.17e-03 replaced with parameter deviation 1.17
315		21235.26	8.860e-07	5.815e-03	3.321e-09	12	288
Reinitializing complex 2, running simulations.
Complex 2 with parameter deviation 8.62e-03 replaced with parameter deviation 1.22
316		21311.83	8.859e-07	5.703e-03	2.271e-09	12	288
Reinitializing complex 2, running simulations.
Complex 2 with parameter deviation 9.66e-03 replaced with parameter deviation 1.28
317		21374.79	8.855e-07	5.725e-03	2.028e-09	12	288
318		21441.22	8.852e-07	5.725e-03	1.762e-09	12	288
Reinitializing complex 2, running simulations.
Complex 2 with parameter deviation 9.92e-03 replaced with parameter deviation 1.33
319		21494.60	8.849e-07	8.742e-03	1.793e-09	12	288
320		21560.99	8.846e-07	8.742e-03	1.792e-09	12	288
321		21620.88	8.844e-07	8.742e-03	1.934e-09	12	288
Reinitializing complex 1, running simulations.
Complex 1 with parameter deviation 9.53e-03 replaced with parameter deviation 1.23
322		21684.71	8.844e-07	3.867e-03	1.877e-09	12	288
Reinitializing complex 1, running simulations.
Complex 1 with parameter deviation 8.55e-03 replaced with parameter deviation 1.30
323		21756.09	8.844e-07	9.780e-03	1.903e-09	12	288
Reinitializing complex 2, running simulations.
Complex 2 with parameter deviation 9.46e-03 replaced with parameter deviation 1.28
Reinitializing complex 1, running simulations.
Complex 1 with parameter deviation 7.92e-03 replaced with parameter deviation 1.22
324		21827.28	8.841e-07	3.867e-03	2.024e-09	12	288
Reinitializing complex 2, running simulations.
Complex 2 with parameter deviation 6.03e-03 replaced with parameter deviation 1.36
Reinitializing complex 1, running simulations.
Complex 1 with parameter deviation 8.38e-03 replaced with parameter deviation 1.13
325		21908.85	8.840e-07	1.243e-02	2.137e-09	12	288
Reinitializing complex 2, running simulations.
Complex 2 with parameter deviation 5.92e-03 replaced with parameter deviation 1.20
Reinitializing complex 1, running simulations.
Complex 1 with parameter deviation 7.94e-03 replaced with parameter deviation 1.10
326		21989.03	8.839e-07	9.380e-03	2.276e-09	12	288
327		22066.89	8.837e-07	9.380e-03	2.405e-09	12	288
328		22125.22	8.834e-07	9.380e-03	2.617e-09	12	288
Reinitializing complex 2, running simulations.
Complex 2 with parameter deviation 5.14e-03 replaced with parameter deviation 1.23
Reinitializing complex 1, running simulations.
Complex 1 with parameter deviation 9.98e-03 replaced with parameter deviation 1.24
329		22188.00	8.834e-07	3.867e-03	2.649e-09	12	288
Reinitializing complex 1, running simulations.
Complex 1 with parameter deviation 8.32e-03 replaced with parameter deviation 1.23
330		22272.96	8.833e-07	9.458e-03	2.701e-09	12	288
Reinitializing complex 2, running simulations.
Complex 2 with parameter deviation 8.78e-03 replaced with parameter deviation 1.28
Reinitializing complex 1, running simulations.
Complex 1 with parameter deviation 8.06e-03 replaced with parameter deviation 1.43
331		22344.18	8.833e-07	6.943e-03	2.533e-09	12	288
Reinitializing complex 2, running simulations.
Complex 2 with parameter deviation 8.41e-03 replaced with parameter deviation 1.21
Reinitializing complex 1, running simulations.
Complex 1 with parameter deviation 9.64e-03 replaced with parameter deviation 1.20
332		22427.01	8.833e-07	3.867e-03	2.140e-09	12	288
Reinitializing complex 2, running simulations.
Complex 2 with parameter deviation 9.00e-03 replaced with parameter deviation 1.45
Reinitializing complex 1, running simulations.
Complex 1 with parameter deviation 7.60e-03 replaced with parameter deviation 1.33
333		22507.86	8.833e-07	7.656e-03	1.872e-09	12	288
334		22591.24	8.833e-07	7.656e-03	1.593e-09	12	288
Reinitializing complex 1, running simulations.
Complex 1 with parameter deviation 9.51e-03 replaced with parameter deviation 1.22
335		22655.18	8.833e-07	8.128e-03	1.322e-09	12	288
Reinitializing complex 1, running simulations.
Complex 1 with parameter deviation 9.78e-03 replaced with parameter deviation 1.15
336		22727.60	8.833e-07	3.867e-03	1.106e-09	12	288
337		22798.64	8.726e-07	3.867e-03	1.179e-08	12	288
338		22859.01	8.723e-07	3.867e-03	1.203e-08	12	288
339		22919.30	8.672e-07	3.867e-03	1.692e-08	12	288
Reinitializing complex 2, running simulations.
Complex 2 with parameter deviation 9.44e-03 replaced with parameter deviation 1.21
340		22978.98	8.654e-07	1.400e-02	1.864e-08	12	288
341		23045.99	8.608e-07	1.400e-02	2.305e-08	12	288
342		23098.04	8.558e-07	1.400e-02	2.785e-08	12	288
343		23160.22	8.530e-07	1.400e-02	3.042e-08	12	288
Reinitializing complex 1, running simulations.
Complex 1 with parameter deviation 9.54e-03 replaced with parameter deviation 1.34
344		23221.42	8.519e-07	5.266e-03	3.145e-08	12	288
Reinitializing complex 1, running simulations.
Complex 1 with parameter deviation 9.81e-03 replaced with parameter deviation 1.35
345		23295.17	8.519e-07	9.949e-03	3.139e-08	12	288
Reinitializing complex 1, running simulations.
Complex 1 with parameter deviation 9.63e-03 replaced with parameter deviation 1.37
346		23367.08	8.493e-07	4.948e-03	3.406e-08	12	288
Reinitializing complex 1, running simulations.
Complex 1 with parameter deviation 9.81e-03 replaced with parameter deviation 1.45
347		23436.75	8.469e-07	4.733e-03	3.643e-08	12	288
Reinitializing complex 1, running simulations.
Complex 1 with parameter deviation 7.75e-03 replaced with parameter deviation 1.40
348		23508.21	8.455e-07	4.139e-03	3.778e-08	12	288
Reinitializing complex 1, running simulations.
Complex 1 with parameter deviation 5.90e-03 replaced with parameter deviation 1.29
349		23577.73	8.445e-07	3.867e-03	3.878e-08	12	288
Reinitializing complex 1, running simulations.
Complex 1 with parameter deviation 8.22e-03 replaced with parameter deviation 1.29
350		23644.92	8.445e-07	1.008e-02	3.878e-08	12	288
Reinitializing complex 1, running simulations.
Complex 1 with parameter deviation 8.22e-03 replaced with parameter deviation 1.28
351		23712.43	8.445e-07	1.268e-02	3.878e-08	12	288
Reinitializing complex 1, running simulations.
Complex 1 with parameter deviation 9.43e-03 replaced with parameter deviation 1.37
352		23784.62	8.417e-07	3.867e-03	3.092e-08	12	288
353		23853.94	8.417e-07	3.867e-03	3.064e-08	12	288
354		23911.44	8.399e-07	3.867e-03	2.728e-08	12	288
355		23971.63	8.378e-07	3.867e-03	2.755e-08	12	288
356		24027.21	8.358e-07	3.867e-03	2.503e-08	12	288
357		24086.70	8.283e-07	3.867e-03	2.748e-08	12	288
358		24146.87	8.241e-07	3.867e-03	2.886e-08	12	288
359		24207.57	8.204e-07	3.867e-03	3.156e-08	12	288
360		24265.63	8.108e-07	3.867e-03	4.111e-08	12	288
361		24324.50	7.965e-07	3.867e-03	5.275e-08	12	288
362		24385.62	7.965e-07	3.867e-03	5.038e-08	12	288
363		24448.74	7.965e-07	3.867e-03	4.902e-08	12	288
364		24509.33	7.954e-07	3.867e-03	4.915e-08	12	288
365		24570.02	7.907e-07	3.867e-03	5.380e-08	12	288
366		24630.31	7.907e-07	3.867e-03	5.380e-08	12	288
367		24690.38	7.907e-07	3.867e-03	5.097e-08	12	288
368		24750.67	7.900e-07	3.867e-03	5.171e-08	12	288
369		24815.95	7.898e-07	3.867e-03	5.016e-08	12	288
370		24879.88	7.882e-07	3.867e-03	4.964e-08	12	288
371		24939.56	7.837e-07	3.867e-03	5.204e-08	12	288
372		25002.77	7.752e-07	3.867e-03	5.311e-08	12	288
373		25084.64	7.718e-07	3.867e-03	5.238e-08	12	288
374		25175.23	7.711e-07	3.867e-03	4.925e-08	12	288
375		25266.33	7.699e-07	3.867e-03	4.089e-08	12	288
376		25349.27	7.687e-07	3.867e-03	2.777e-08	12	288
377		25435.79	7.683e-07	3.867e-03	2.820e-08	12	288
378		25523.37	7.637e-07	3.867e-03	3.280e-08	12	288
379		25608.00	7.591e-07	3.867e-03	3.624e-08	12	288
380		25693.20	7.591e-07	3.867e-03	3.160e-08	12	288
381		25776.37	7.577e-07	3.867e-03	3.303e-08	12	288
Reinitializing complex 1, running simulations.
Complex 1 with parameter deviation 7.96e-03 replaced with parameter deviation 1.10
382		25857.91	7.564e-07	1.220e-02	3.434e-08	12	288
Reinitializing complex 1, running simulations.
Complex 1 with parameter deviation 8.80e-03 replaced with parameter deviation 1.38
383		25954.49	7.552e-07	1.008e-02	3.482e-08	12	288
384		26056.66	7.517e-07	1.008e-02	3.802e-08	12	288
385		26135.72	7.470e-07	1.008e-02	4.120e-08	12	288
386		26215.16	7.403e-07	1.008e-02	4.341e-08	12	288
Reinitializing complex 4, running simulations.
Complex 4 with parameter deviation 9.97e-03 replaced with parameter deviation 1.29
387		26295.42	7.384e-07	3.867e-03	3.688e-08	12	288
388		26393.60	7.225e-07	3.867e-03	4.920e-08	12	288
389		26478.20	7.214e-07	3.867e-03	4.974e-08	12	288
390		26557.82	7.041e-07	3.867e-03	6.584e-08	12	288
391		26641.84	7.037e-07	3.867e-03	6.500e-08	12	288
392		26727.24	7.036e-07	3.867e-03	6.469e-08	12	288
393		26805.53	6.981e-07	3.867e-03	6.565e-08	12	288
394		26889.09	6.966e-07	3.867e-03	6.248e-08	12	288
395		26975.83	6.932e-07	3.867e-03	6.596e-08	12	288
396		27059.21	6.889e-07	3.867e-03	6.876e-08	12	288
397		27145.09	6.881e-07	3.867e-03	6.833e-08	12	288
398		27226.78	6.856e-07	3.867e-03	6.954e-08	12	288
399		27305.85	6.814e-07	3.867e-03	7.031e-08	12	288
400		27387.30	6.787e-07	3.865e-03	6.827e-08	12	288
401		27465.64	6.769e-07	2.462e-03	6.345e-08	12	288
402		27547.61	6.762e-07	2.462e-03	6.216e-08	12	288
403		27629.37	6.696e-07	2.462e-03	5.292e-08	12	288
404		27714.77	6.628e-07	3.828e-03	5.861e-08	12	288
405		27800.06	6.589e-07	3.864e-03	4.516e-08	12	288
406		27878.82	6.589e-07	3.864e-03	4.481e-08	12	288
407		27968.41	6.589e-07	3.864e-03	4.470e-08	12	288
408		28053.02	6.580e-07	3.864e-03	4.004e-08	12	288
409		28137.26	6.580e-07	3.864e-03	3.863e-08	12	288
410		28218.80	6.580e-07	3.867e-03	3.515e-08	12	288
411		28306.63	6.580e-07	3.867e-03	3.098e-08	12	288
412		28384.16	6.573e-07	3.867e-03	3.073e-08	12	288
413		28471.70	6.573e-07	3.867e-03	2.831e-08	12	288
414		28554.35	6.567e-07	3.867e-03	2.476e-08	12	288
415		28644.48	6.564e-07	3.867e-03	2.226e-08	12	288
416		28734.39	6.553e-07	3.867e-03	2.162e-08	12	288
417		28816.88	6.546e-07	3.867e-03	2.164e-08	12	288
418		28902.25	6.508e-07	3.867e-03	1.880e-08	12	288
419		28989.99	6.508e-07	3.867e-03	1.194e-08	12	288
420		29075.82	6.447e-07	3.867e-03	1.421e-08	12	288
Reinitializing complex 1, running simulations.
Complex 1 with parameter deviation 9.52e-03 replaced with parameter deviation 1.42
421		29160.39	6.440e-07	1.344e-02	1.495e-08	12	288
Reinitializing complex 1, running simulations.
Complex 1 with parameter deviation 9.43e-03 replaced with parameter deviation 1.29
422		29258.15	6.429e-07	5.366e-03	1.604e-08	12	288
423		29351.75	6.410e-07	5.366e-03	1.700e-08	12	288
Reinitializing complex 1, running simulations.
Complex 1 with parameter deviation 9.51e-03 replaced with parameter deviation 1.22
424		29434.62	6.400e-07	1.430e-02	1.805e-08	12	288
Reinitializing complex 2, running simulations.
Complex 2 with parameter deviation 9.71e-03 replaced with parameter deviation 1.21
425		29533.12	6.395e-07	5.432e-03	1.848e-08	12	288
Reinitializing complex 4, running simulations.
Complex 4 with parameter deviation 9.78e-03 replaced with parameter deviation 1.26
Reinitializing complex 1, running simulations.
Complex 1 with parameter deviation 9.71e-03 replaced with parameter deviation 1.09
426		29626.49	6.392e-07	8.064e-03	1.874e-08	12	288
Reinitializing complex 4, running simulations.
Complex 4 with parameter deviation 7.51e-03 replaced with parameter deviation 1.32
Reinitializing complex 1, running simulations.
Complex 1 with parameter deviation 8.94e-03 replaced with parameter deviation 1.27
427		29732.62	6.376e-07	7.910e-03	1.973e-08	12	288
Reinitializing complex 4, running simulations.
Complex 4 with parameter deviation 9.00e-03 replaced with parameter deviation 1.28
428		29841.71	6.369e-07	1.048e-02	2.039e-08	12	288
Reinitializing complex 4, running simulations.
Complex 4 with parameter deviation 7.21e-03 replaced with parameter deviation 1.43
429		29944.33	6.365e-07	8.405e-03	2.018e-08	12	288
430		30038.37	6.360e-07	8.405e-03	2.042e-08	12	288
431		30118.31	6.335e-07	8.405e-03	2.173e-08	12	288
432		30196.49	6.321e-07	8.405e-03	2.249e-08	12	288
433		30284.48	6.307e-07	8.405e-03	2.016e-08	12	288
434		30363.35	6.299e-07	8.405e-03	2.090e-08	12	288
435		30449.94	6.289e-07	8.405e-03	1.581e-08	12	288
436		30513.92	6.289e-07	8.405e-03	1.507e-08	12	288
437		30592.89	6.289e-07	8.405e-03	1.397e-08	12	288
438		30682.50	6.252e-07	8.405e-03	1.583e-08	12	288
439		30765.75	6.206e-07	8.405e-03	1.935e-08	12	288
440		30843.47	6.187e-07	8.405e-03	2.089e-08	12	288
441		30934.21	6.159e-07	8.405e-03	2.329e-08	12	288
442		31019.81	6.159e-07	3.867e-03	2.166e-08	12	288
443		31104.00	6.139e-07	3.867e-03	2.305e-08	12	288
444		31184.36	6.114e-07	3.867e-03	2.513e-08	12	288
445		31268.92	5.944e-07	3.867e-03	4.165e-08	12	288
446		31354.27	5.841e-07	3.867e-03	4.944e-08	12	288
447		31433.96	5.841e-07	3.867e-03	4.796e-08	12	288
448		31516.53	5.802e-07	3.867e-03	5.043e-08	12	288
449		31596.76	5.802e-07	3.867e-03	4.970e-08	12	288
450		31679.73	5.787e-07	3.867e-03	5.019e-08	12	288
451		31762.29	5.773e-07	3.867e-03	5.162e-08	12	288
452		31850.73	5.773e-07	3.867e-03	5.162e-08	12	288
453		31932.40	5.757e-07	3.867e-03	4.944e-08	12	288
454		32013.54	5.721e-07	3.867e-03	4.850e-08	12	288
455		32094.26	5.701e-07	3.867e-03	4.860e-08	12	288
456		32183.20	5.679e-07	3.867e-03	4.805e-08	12	288
457		32271.67	5.654e-07	3.867e-03	5.054e-08	12	288
458		32358.60	5.604e-07	3.867e-03	5.353e-08	12	288
459		32445.99	5.562e-07	3.867e-03	5.520e-08	12	288
460		32529.55	5.500e-07	3.867e-03	4.438e-08	12	288
461		32613.12	5.485e-07	3.867e-03	3.562e-08	12	288
462		32694.18	5.453e-07	3.867e-03	3.878e-08	12	288
463		32778.68	5.423e-07	3.867e-03	3.799e-08	12	288
464		32864.18	5.423e-07	3.867e-03	3.799e-08	12	288
465		32949.47	5.341e-07	3.867e-03	4.460e-08	12	288
466		33030.73	5.341e-07	3.867e-03	4.318e-08	12	288
467		33119.56	5.310e-07	3.867e-03	4.624e-08	12	288
468		33204.57	5.290e-07	3.867e-03	4.674e-08	12	288
469		33283.26	5.276e-07	3.867e-03	4.453e-08	12	288
470		33362.86	5.241e-07	3.867e-03	4.596e-08	12	288
471		33448.14	5.241e-07	3.867e-03	4.378e-08	12	288
472		33536.76	5.241e-07	3.867e-03	4.129e-08	12	288
473		33623.80	5.237e-07	3.867e-03	3.668e-08	12	288
474		33709.65	5.230e-07	3.867e-03	3.320e-08	12	288
475		33797.36	5.230e-07	3.867e-03	2.703e-08	12	288
476		33879.12	5.230e-07	3.867e-03	2.551e-08	12	288
477		33964.10	5.228e-07	3.867e-03	2.250e-08	12	288
478		34046.88	5.228e-07	3.867e-03	1.943e-08	12	288
479		34134.06	5.228e-07	3.867e-03	1.944e-08	12	288
480		34216.02	5.228e-07	3.867e-03	1.129e-08	12	288
481		34297.89	5.228e-07	3.867e-03	1.129e-08	12	288
482		34380.14	5.228e-07	3.867e-03	8.238e-09	12	288
483		34463.31	5.228e-07	3.867e-03	6.205e-09	12	288
484		34548.00	5.228e-07	3.867e-03	4.831e-09	12	288
485		34634.02	5.227e-07	3.867e-03	1.377e-09	12	288
486		34715.11	5.227e-07	3.867e-03	1.377e-09	12	288
487		34794.03	5.227e-07	3.867e-03	1.380e-09	12	288
488		34878.89	5.227e-07	3.867e-03	9.499e-10	12	288
489		34960.34	5.227e-07	3.867e-03	2.394e-10	12	288
490		35050.59	5.227e-07	3.867e-03	2.394e-10	12	288
491		35131.87	5.225e-07	3.867e-03	4.948e-10	12	288
492		35213.09	5.225e-07	3.867e-03	3.591e-10	12	288
493		35296.15	5.224e-07	3.867e-03	4.318e-10	12	288
494		35377.77	5.213e-07	3.867e-03	1.553e-09	12	288
495		35462.60	5.209e-07	3.867e-03	1.888e-09	12	288
496		35546.59	5.205e-07	3.867e-03	2.297e-09	12	288
497		35630.76	5.201e-07	3.867e-03	2.665e-09	12	288
Reinitializing complex 1, running simulations.
Complex 1 with parameter deviation 7.77e-03 replaced with parameter deviation 1.27
498		35713.61	5.197e-07	5.250e-03	3.073e-09	12	288
Reinitializing complex 1, running simulations.
Complex 1 with parameter deviation 7.23e-03 replaced with parameter deviation 1.31
499		35804.39	5.184e-07	9.741e-03	4.394e-09	12	288
Reinitializing complex 1, running simulations.
Complex 1 with parameter deviation 8.10e-03 replaced with parameter deviation 1.19
500		35897.43	5.168e-07	3.867e-03	5.900e-09	12	288
Reinitializing complex 1, running simulations.
Complex 1 with parameter deviation 6.78e-03 replaced with parameter deviation 1.29
501		35993.80	5.166e-07	7.822e-03	6.078e-09	12	288
Reinitializing complex 1, running simulations.
Complex 1 with parameter deviation 8.03e-03 replaced with parameter deviation 1.26
502		36089.07	5.145e-07	9.870e-03	8.189e-09	12	288
A	 = 5.99e+15,
C0	 = 1.0,0.0,
Cpa	 = 2291.3342128437444,4077.6441035074777,
E	 = 1.54e+05,
Hp	 = 1219714.793993948,
K	 = 38740.256236907604,100000000.0,
Value	 = 5.14533309359246e-07,
Xi	 = 0.7338086749851456,
eps	 = 0.6510324752045126,0.9823611958884041,
ka	 = 0.6975724039958696,0.2283779368367998,
n	 = 1.9987951396488088,
nO2	 = 0.0,
rho	 = 1683.0,1235.0,
Results saved to D:\workspace\JENSENHUGHES\optimization\optimizationPaper\config\E_Glass\../../results/E_Glass/E_GlassConstWide_solution.txt
