D:\workspace\JENSENHUGHES\optimization\optimizationPaper\config\E_Glass\../../results/E_Glass/E_GlassLinearWide Log file
!!python/object/apply:collections.defaultdict
args:
- &id001 !!python/name:builtins.bool ''
dictitems:
  Duraboard:
    CprampF:
    - 1.0
    - 1.0
    CprampT:
    - 0
    - 5000
    eps: 0.8
    krampF:
    - 0.075932
    - 0.090229
    - 0.104522
    - 0.122143
    - 0.14158
    - 0.163436
    - 0.190738
    - 0.221975
    krampT:
    - 203.035
    - 317.4028
    - 426.9164
    - 536.4182
    - 647.3003
    - 757.4803
    - 867.6409
    - 981.2546
    rho: 258
    thickness: 0.0254
  XiState:
  - unknowable
  cone:
    Tinit: 25
    activePhaseVars:
    - C0
    - rho
    - ka
    - kb
    - kc
    - kd
    - ke
    - Cpa
    - Cpb
    - Cpc
    - Cpd
    - Cpe
    - eps
    - K
    activeReactionVars:
    - A
    - E
    - n
    - Hp
    - nO2
    - Xi
    backBoundaryConditions:
      Tamb: 25
      htc: Auto
      type: INSULATED
    frontBoundaryConditions:
      Tamb: 25
      htc: Auto
    weight: 1.0
  cone1: !!python/object/apply:collections.defaultdict
    args:
    - *id001
    dictitems:
      Tinit: 25
      activePhaseVars:
      - C0
      - rho
      - ka
      - kb
      - kc
      - kd
      - ke
      - Cpa
      - Cpb
      - Cpc
      - Cpd
      - Cpe
      - eps
      - K
      activeReactionVars:
      - A
      - E
      - n
      - Hp
      - nO2
      - Xi
      backBoundaryConditions: !!python/object/apply:collections.defaultdict
        args:
        - *id001
        dictitems:
          Tamb: 25
          htc: Auto
          type: INSULATED
      columns:
      - 1
      depths:
      - 0
      file: ../../data/E_Glass/E_GlassLinearNominal_0_cone_Mass.csv
      finalThickness: false
      frontBoundaryConditions: !!python/object/apply:collections.defaultdict
        args:
        - *id001
        dictitems:
          Tamb: 25
          heatFlux: 25
          htc: 15
      initialThickness: 0.008
      names:
      - Mass
      time: 0
      types:
      - 1
      weight: 1.0
      weights:
      - 1
      width1: 0.1016
      width2: 0.1016
  configDir: D:\workspace\JENSENHUGHES\optimization\optimizationPaper\config\E_Glass\
  dataSources:
    names:
    - cone1
    types:
    - cone
  dsc:
    activePhaseVars:
    - C0
    - Cpa
    - Cpb
    - Cpc
    - Cpd
    - Cpe
    activeReactionVars:
    - A
    - E
    - n
    - Hp
    dscO2: None
    weight: 1.0
  fdsPath: C:\Program Files\FDS\FDS6\bin
  name: E_GlassLinearWide
  optimizeParams:
    absErr: 1e-7
    absRelErr: 5e-7
    elimThresh: 1e-2
    maxIter: 1000
    maxTime: 36000
    minIter: 5
    minP: 2
    opAlpha: 3
    opBeta: 3
    opP: 16
    opQ: 8
    opS: 32
    relErr: 1e-12
    relIter: 15
  outputParams:
    saveAllSamples: false
  phaseParams:
    C0:
    - - 1
      - 0
      - 1
    - - 0
      - 1189
      - 1189
    Cpa:
    - - None
      - 270
      - 4320
    - - None
      - 260.25
      - 4164
    Cpb:
    - - None
      - 0.0113
      - 0.1808
    - - None
      - 0.06475
      - 1.036
    Cpc:
    - - 0.0
      - 0.0
      - 0.0
    - - 0.0
      - 0.0
      - 0.0
    Cpd:
    - - 0.0
      - 0.0
      - 0.0
    - - 0.0
      - 0.0
      - 0.0
    Cpe:
    - &id002
      - 0
      - 0
      - 1
    - *id002
    K:
    - - None
      - 2500
      - 40000
    - - 1e8
      - 1189
      - 1189
    eps:
    - - None
      - 0.235
      - 1.0
    - - None
      - 0.235
      - 1.0
    ka:
    - - None
      - 0.078
      - 1.248
    - - None
      - 0.023725
      - 0.3796
    kb:
    - - None
      - 1.1013e-05
      - 0.0001762
    - - None
      - 7.075e-05
      - 0.001132
    kc:
    - - 0.0
      - 0.0
      - 0.0
    - - 0.0
      - 0.0
      - 0.0
    kd:
    - - 0.0
      - 0.0
      - 0.0
    - - 0.0
      - 0.0
      - 0.0
    ke:
    - &id003
      - 0
      - 0
      - 1
    - *id003
    nO2:
    - - 0
      - 0
      - 1
    - - 0
      - 1189
      - 1189
    phases:
    - virgin
    - char
    rho:
    - - 1683
      - 1189
      - 1189
    - - 1235
      - 1189
      - 1189
  processParams:
    maxProcesses: 4
    multiprocess: true
  reactionParams:
    A:
    - - None
      - 845000000000000.0
      - 1.352e+16
    E:
    - - None
      - 53250.0
      - 852000.0
    Hp:
    - - None
      - 148750.0
      - 2380000.0
    Xi:
    - - None
      - 0
      - 1
    n:
    - - None
      - 0.375
      - 6.0
    nO2:
    - - 0
      - 0
      - 1
    prodState:
    - 1
    reacState:
    - 0
    typeState:
    - 3
  reinitializeComplex: true
  restart: false
  resultsDir: ../../results/E_Glass/
  systemDir: D:\workspace\JENSENHUGHES\optimization\sourceCode\optimizationpython\src
  tga:
    activePhaseVars:
    - C0
    - rho
    activeReactionVars:
    - A
    - E
    - n
    tgaO2: None
    tgaOpt: 1
    weight: 1.0
  virtualExperiment: false
Loop	t (s)	Error Min	Error Max	ErrorRel	Comp	Samples
0		72.17	1.197e-04	3.990e-03	1.000e+00	16	512
1		145.85	1.197e-04	3.990e-03	1.000e+00	16	512
2		219.11	7.574e-05	3.990e-03	1.000e+00	16	512
3		294.90	7.574e-05	3.990e-03	1.000e+00	16	512
4		370.14	7.574e-05	3.990e-03	1.000e+00	16	512
5		444.54	7.574e-05	3.990e-03	1.000e+00	16	512
6		526.15	7.574e-05	3.990e-03	1.000e+00	16	512
7		604.89	7.574e-05	3.990e-03	1.000e+00	16	512
8		689.92	7.332e-05	3.990e-03	1.000e+00	16	512
9		771.15	5.865e-05	3.990e-03	1.000e+00	16	512
10		851.15	5.762e-05	3.990e-03	1.000e+00	16	512
11		928.74	5.443e-05	3.990e-03	1.000e+00	16	512
12		996.12	5.443e-05	3.990e-03	1.000e+00	16	512
13		1054.67	5.443e-05	3.990e-03	1.000e+00	16	512
14		1114.95	4.466e-05	3.990e-03	1.000e+00	16	512
15		1175.29	4.466e-05	3.990e-03	1.000e+00	16	512
16		1236.34	3.681e-05	3.990e-03	8.290e-05	16	512
17		1293.99	3.262e-05	3.990e-03	4.311e-05	16	512
18		1352.85	3.044e-05	3.990e-03	4.530e-05	16	512
19		1413.20	2.442e-05	3.990e-03	5.131e-05	16	512
20		1471.93	2.442e-05	3.990e-03	5.131e-05	16	512
21		1531.66	2.405e-05	3.990e-03	5.169e-05	16	512
22		1593.26	1.973e-05	3.990e-03	5.601e-05	16	512
23		1655.25	1.418e-05	3.990e-03	5.913e-05	16	512
24		1713.64	1.418e-05	3.990e-03	4.447e-05	16	512
25		1772.30	1.418e-05	3.990e-03	4.344e-05	16	512
26		1832.30	1.418e-05	3.990e-03	4.025e-05	16	512
27		1890.17	1.418e-05	3.990e-03	4.025e-05	16	512
28		1951.56	1.418e-05	3.990e-03	4.025e-05	16	512
29		2011.95	1.295e-05	3.990e-03	3.171e-05	16	512
30		2071.37	1.200e-05	3.990e-03	3.266e-05	16	512
31		2133.68	1.200e-05	3.990e-03	2.481e-05	16	512
32		2195.86	1.176e-05	3.990e-03	2.087e-05	16	512
33		2256.99	1.176e-05	3.990e-03	1.868e-05	16	512
34		2321.78	1.162e-05	3.990e-03	1.280e-05	16	512
35		2377.95	1.118e-05	3.990e-03	1.325e-05	16	512
36		2419.28	1.117e-05	3.990e-03	1.288e-05	16	512
37		2461.43	1.082e-05	3.990e-03	8.913e-06	16	512
38		2501.68	1.052e-05	3.990e-03	3.664e-06	16	512
39		2545.83	1.052e-05	3.990e-03	3.664e-06	16	512
40		2587.88	1.052e-05	3.990e-03	3.664e-06	16	512
41		2654.87	1.045e-05	3.990e-03	3.731e-06	16	512
42		2722.63	1.045e-05	3.990e-03	3.731e-06	16	512
43		2809.99	1.015e-05	3.990e-03	4.031e-06	16	512
44		2893.54	9.880e-06	3.990e-03	3.067e-06	16	512
45		2985.13	9.355e-06	3.990e-03	2.645e-06	16	512
46		3080.22	8.695e-06	3.990e-03	3.304e-06	16	512
47		3172.56	8.695e-06	3.990e-03	3.060e-06	16	512
48		3266.31	8.695e-06	3.990e-03	3.060e-06	16	512
49		3365.40	8.695e-06	3.990e-03	2.925e-06	16	512
50		3461.96	8.695e-06	3.990e-03	2.483e-06	16	512
51		3558.99	8.582e-06	3.990e-03	2.589e-06	16	512
52		3653.12	8.582e-06	3.990e-03	2.235e-06	16	512
53		3749.17	8.406e-06	3.990e-03	2.112e-06	16	512
54		3839.29	8.365e-06	3.990e-03	2.153e-06	16	512
55		3936.02	8.291e-06	3.990e-03	2.227e-06	16	512
56		4033.60	7.751e-06	3.990e-03	2.700e-06	16	512
57		4130.21	7.751e-06	3.990e-03	2.700e-06	16	512
58		4225.29	7.751e-06	3.990e-03	2.400e-06	16	512
59		4323.33	7.602e-06	3.990e-03	2.278e-06	16	512
60		4422.09	7.163e-06	3.990e-03	2.191e-06	16	512
61		4515.23	6.536e-06	3.990e-03	2.159e-06	16	512
62		4613.19	5.877e-06	3.990e-03	2.818e-06	16	512
63		4712.34	5.864e-06	3.990e-03	2.831e-06	16	512
64		4809.59	5.864e-06	3.990e-03	2.831e-06	16	512
65		4905.29	5.864e-06	3.990e-03	2.831e-06	16	512
66		5007.93	5.864e-06	3.990e-03	2.718e-06	16	512
67		5113.47	5.864e-06	3.990e-03	2.718e-06	16	512
68		5218.33	5.864e-06	3.990e-03	2.543e-06	16	512
69		5318.53	5.399e-06	3.990e-03	2.965e-06	16	512
70		5417.66	5.399e-06	3.990e-03	2.892e-06	16	512
71		5522.60	5.399e-06	3.990e-03	2.352e-06	16	512
72		5625.03	5.399e-06	3.990e-03	2.352e-06	16	512
73		5720.85	5.399e-06	3.990e-03	2.352e-06	16	512
74		5824.93	5.399e-06	3.990e-03	2.203e-06	16	512
75		5930.30	5.399e-06	3.990e-03	1.764e-06	16	512
76		6037.93	5.399e-06	3.990e-03	1.137e-06	16	512
77		6145.51	5.399e-06	3.990e-03	4.779e-07	16	512
78		6251.66	5.399e-06	3.990e-03	4.645e-07	16	512
79		6355.61	5.376e-06	3.990e-03	4.880e-07	16	512
80		6456.02	5.376e-06	3.990e-03	4.880e-07	16	512
81		6562.87	5.319e-06	3.990e-03	5.452e-07	16	512
82		6667.92	5.319e-06	3.990e-03	5.452e-07	16	512
83		6770.72	5.319e-06	3.990e-03	5.452e-07	16	512
84		6876.82	5.319e-06	3.990e-03	8.066e-08	16	512
85		6980.38	5.303e-06	3.990e-03	9.660e-08	16	512
86		7065.96	5.303e-06	3.990e-03	9.660e-08	16	512
87		7139.01	5.303e-06	3.990e-03	9.660e-08	16	512
88		7215.72	5.303e-06	3.990e-03	9.660e-08	16	512
89		7290.50	5.276e-06	3.990e-03	1.239e-07	16	512
90		7365.00	5.276e-06	3.990e-03	1.239e-07	16	512
91		7437.59	5.276e-06	3.990e-03	1.239e-07	16	512
92		7508.30	5.276e-06	3.990e-03	1.239e-07	16	512
93		7583.74	5.276e-06	3.990e-03	1.239e-07	16	512
94		7659.61	5.276e-06	3.990e-03	1.004e-07	16	512
95		7734.43	5.276e-06	3.990e-03	1.004e-07	16	512
96		7812.76	5.276e-06	3.990e-03	4.319e-08	16	512
97		7888.02	5.276e-06	3.990e-03	4.319e-08	16	512
98		7966.43	5.276e-06	3.990e-03	4.319e-08	16	512
99		8043.12	5.276e-06	3.990e-03	4.319e-08	16	512
100		8116.40	5.276e-06	3.990e-03	2.725e-08	16	512
101		8194.24	5.273e-06	3.990e-03	3.014e-08	16	512
102		8269.23	5.273e-06	3.990e-03	3.014e-08	16	512
103		8345.52	5.273e-06	3.990e-03	3.014e-08	16	512
104		8420.82	5.273e-06	3.990e-03	2.891e-09	16	512
105		8499.07	5.273e-06	3.990e-03	2.891e-09	16	512
106		8574.27	5.273e-06	3.990e-03	2.891e-09	16	512
107		8649.55	5.273e-06	3.990e-03	2.891e-09	16	512
108		8723.97	5.272e-06	3.990e-03	3.639e-09	16	512
109		8802.47	5.272e-06	3.990e-03	3.639e-09	16	512
110		8883.26	5.272e-06	3.990e-03	3.639e-09	16	512
111		8960.64	5.271e-06	3.990e-03	4.648e-09	16	512
112		9039.85	5.270e-06	3.990e-03	5.333e-09	16	512
113		9115.29	5.270e-06	3.990e-03	5.333e-09	16	512
114		9190.09	5.270e-06	3.990e-03	6.002e-09	16	512
115		9269.24	5.270e-06	3.990e-03	6.002e-09	16	512
116		9347.05	5.269e-06	3.990e-03	3.936e-09	16	512
117		9422.28	5.268e-06	3.990e-03	4.573e-09	16	512
118		9497.67	5.268e-06	3.990e-03	4.573e-09	16	512
119		9574.98	5.268e-06	3.990e-03	4.573e-09	16	512
120		9649.02	5.267e-06	3.990e-03	5.583e-09	16	512
121		9724.94	5.267e-06	3.990e-03	5.583e-09	16	512
122		9796.56	5.267e-06	3.990e-03	5.584e-09	16	512
123		9868.25	5.267e-06	3.990e-03	4.837e-09	16	512
124		9942.05	5.266e-06	3.990e-03	5.608e-09	16	512
125		10013.80	5.266e-06	3.990e-03	5.609e-09	16	512
126		10091.89	5.266e-06	3.990e-03	4.599e-09	16	512
127		10168.37	5.266e-06	3.990e-03	4.328e-09	16	512
128		10239.55	5.266e-06	3.990e-03	4.401e-09	16	512
129		10314.35	5.266e-06	3.990e-03	3.732e-09	16	512
130		10387.95	5.266e-06	3.990e-03	4.026e-09	16	512
131		10462.34	5.265e-06	3.990e-03	3.611e-09	16	512
132		10536.53	5.264e-06	3.990e-03	3.903e-09	16	512
133		10614.74	5.264e-06	3.990e-03	3.903e-09	16	512
134		10691.06	5.264e-06	3.990e-03	4.418e-09	16	512
135		10767.96	5.263e-06	3.990e-03	3.699e-09	16	512
136		10840.05	5.263e-06	3.990e-03	4.294e-09	16	512
137		10915.26	5.262e-06	3.990e-03	4.899e-09	16	512
138		10991.97	5.262e-06	3.990e-03	4.899e-09	16	512
139		11071.72	5.262e-06	3.990e-03	4.366e-09	16	512
140		11148.02	5.261e-06	3.990e-03	5.767e-09	16	512
141		11226.54	5.259e-06	3.990e-03	7.426e-09	16	512
142		11305.70	5.258e-06	3.990e-03	8.430e-09	16	512
143		11384.98	5.257e-06	3.990e-03	9.338e-09	16	512
144		11463.03	5.257e-06	3.990e-03	9.338e-09	16	512
145		11540.25	5.256e-06	3.990e-03	9.428e-09	16	512
146		11621.30	5.255e-06	3.990e-03	9.946e-09	16	512
147		11697.45	5.255e-06	3.990e-03	9.017e-09	16	512
148		11774.68	5.255e-06	3.990e-03	9.345e-09	16	512
149		11850.38	5.254e-06	3.990e-03	9.968e-09	16	512
150		11928.80	5.251e-06	3.990e-03	1.276e-08	16	512
151		12003.81	5.249e-06	3.990e-03	1.415e-08	16	512
152		12078.75	5.247e-06	3.990e-03	1.554e-08	16	512
153		12156.37	5.241e-06	3.990e-03	2.081e-08	16	512
154		12238.31	5.030e-06	3.990e-03	2.322e-07	16	512
155		12319.23	5.028e-06	3.990e-03	2.329e-07	16	512
156		12396.76	4.843e-06	3.990e-03	4.155e-07	16	512
157		12478.00	4.843e-06	3.990e-03	4.141e-07	16	512
158		12556.10	4.843e-06	3.990e-03	4.131e-07	16	512
159		12636.16	4.843e-06	3.990e-03	4.131e-07	16	512
160		12713.97	4.843e-06	3.990e-03	4.127e-07	16	512
161		12791.79	4.843e-06	3.990e-03	4.118e-07	16	512
162		12867.29	4.843e-06	3.990e-03	4.118e-07	16	512
163		12942.19	4.656e-06	3.990e-03	5.988e-07	16	512
164		13023.52	4.656e-06	3.990e-03	5.977e-07	16	512
165		13099.41	4.656e-06	3.990e-03	5.946e-07	16	512
166		13176.24	4.656e-06	3.990e-03	5.926e-07	16	512
167		13255.88	4.656e-06	3.990e-03	5.906e-07	16	512
168		13333.93	4.647e-06	3.990e-03	5.945e-07	16	512
169		13413.58	4.575e-06	3.990e-03	4.547e-07	16	512
170		13492.70	4.575e-06	3.990e-03	4.526e-07	16	512
171		13573.26	4.575e-06	3.990e-03	2.684e-07	16	512
172		13648.56	4.367e-06	3.990e-03	4.762e-07	16	512
173		13727.80	4.367e-06	3.990e-03	4.762e-07	16	512
174		13802.21	4.243e-06	3.990e-03	6.001e-07	16	512
175		13881.66	3.936e-06	3.990e-03	9.074e-07	16	512
176		13954.69	3.936e-06	3.990e-03	9.074e-07	16	512
177		14031.95	3.936e-06	3.990e-03	9.074e-07	16	512
178		14105.01	3.936e-06	3.990e-03	7.200e-07	16	512
179		14185.55	3.936e-06	3.990e-03	7.200e-07	16	512
180		14267.13	3.854e-06	3.990e-03	8.019e-07	16	512
181		14342.26	3.791e-06	3.990e-03	8.655e-07	16	512
182		14423.49	3.734e-06	3.990e-03	9.224e-07	16	512
183		14502.76	3.651e-06	3.990e-03	9.957e-07	16	512
184		14583.22	3.508e-06	3.990e-03	1.067e-06	16	512
185		14659.68	3.454e-06	3.990e-03	1.121e-06	16	512
186		14737.15	3.412e-06	3.990e-03	1.163e-06	16	512
187		14819.45	3.412e-06	3.990e-03	9.548e-07	16	512
188		14897.24	3.331e-06	3.990e-03	1.036e-06	16	512
189		14976.78	3.220e-06	3.990e-03	1.023e-06	16	512
190		15063.83	3.134e-06	3.990e-03	8.018e-07	16	512
191		15145.69	3.129e-06	3.990e-03	8.068e-07	16	512
192		15220.86	3.088e-06	3.990e-03	8.479e-07	16	512
193		15300.92	3.088e-06	3.990e-03	8.479e-07	16	512
194		15377.76	3.033e-06	3.990e-03	9.034e-07	16	512
195		15456.23	2.985e-06	3.990e-03	8.692e-07	16	512
196		15537.95	2.957e-06	3.990e-03	8.340e-07	16	512
197		15618.50	2.898e-06	3.990e-03	8.358e-07	16	512
198		15694.00	2.898e-06	3.990e-03	7.533e-07	16	512
199		15771.13	2.806e-06	3.990e-03	7.022e-07	16	512
200		15847.23	2.742e-06	3.990e-03	7.123e-07	16	512
201		15942.47	2.742e-06	3.990e-03	6.705e-07	16	512
202		16028.41	2.742e-06	3.990e-03	6.705e-07	16	512
203		16135.21	2.742e-06	3.990e-03	5.893e-07	16	512
204		16266.43	2.742e-06	3.990e-03	4.783e-07	16	512
205		16394.03	1.994e-06	3.990e-03	1.141e-06	16	512
206		16504.40	1.994e-06	3.990e-03	1.136e-06	16	512
207		16607.29	1.994e-06	3.990e-03	1.095e-06	16	512
208		16729.72	1.994e-06	3.990e-03	1.095e-06	16	512
209		16862.79	1.994e-06	3.990e-03	1.039e-06	16	512
210		16990.61	1.775e-06	3.990e-03	1.210e-06	16	512
211		17110.74	1.775e-06	3.990e-03	1.182e-06	16	512
212		17237.76	1.774e-06	3.990e-03	1.124e-06	16	512
213		17361.73	1.774e-06	3.990e-03	1.124e-06	16	512
214		17485.09	1.647e-06	3.990e-03	1.159e-06	16	512
215		17603.21	1.522e-06	3.990e-03	1.220e-06	16	512
216		17700.86	1.522e-06	3.990e-03	1.220e-06	16	512
217		17781.31	1.410e-06	3.990e-03	1.332e-06	16	512
218		17862.26	1.410e-06	3.990e-03	1.332e-06	16	512
219		17939.86	1.409e-06	3.990e-03	1.333e-06	16	512
220		18019.92	1.399e-06	3.990e-03	5.947e-07	16	512
221		18104.84	1.338e-06	3.990e-03	6.561e-07	16	512
222		18183.25	1.332e-06	3.990e-03	6.613e-07	16	512
223		18263.67	1.332e-06	3.990e-03	6.613e-07	16	512
224		18340.86	1.318e-06	3.990e-03	6.756e-07	16	512
225		18426.75	1.305e-06	3.990e-03	4.700e-07	16	512
226		18516.69	1.305e-06	3.990e-03	4.700e-07	16	512
227		18603.08	1.269e-06	3.990e-03	5.049e-07	16	512
228		18688.97	1.269e-06	3.990e-03	5.049e-07	16	512
229		18782.60	1.269e-06	3.990e-03	3.778e-07	16	512
230		18870.12	1.269e-06	3.990e-03	2.531e-07	16	512
231		18959.93	1.240e-06	3.990e-03	2.826e-07	16	512
232		19039.80	1.240e-06	3.990e-03	1.706e-07	16	512
233		19119.14	1.240e-06	3.990e-03	1.706e-07	16	512
234		19201.90	1.227e-06	3.990e-03	1.817e-07	16	512
235		19287.49	1.227e-06	3.990e-03	1.721e-07	16	512
236		19371.38	1.212e-06	3.990e-03	1.258e-07	16	512
237		19450.61	1.170e-06	3.990e-03	1.620e-07	16	512
238		19530.68	1.152e-06	3.990e-03	1.805e-07	16	512
239		19617.06	1.125e-06	3.990e-03	1.929e-07	16	512
240		19694.94	1.116e-06	3.990e-03	1.889e-07	16	512
241		19770.67	1.116e-06	3.990e-03	1.889e-07	16	512
242		19842.81	1.055e-06	3.990e-03	2.141e-07	16	512
243		19919.65	1.055e-06	3.990e-03	2.141e-07	16	512
244		19992.68	1.023e-06	3.990e-03	2.461e-07	16	512
245		20062.14	1.015e-06	3.990e-03	2.540e-07	16	512
246		20135.78	9.775e-07	3.990e-03	2.622e-07	16	512
247		20206.74	9.775e-07	3.990e-03	2.622e-07	16	512
248		20282.56	9.775e-07	3.990e-03	2.622e-07	16	512
249		20356.29	9.775e-07	3.990e-03	2.493e-07	16	512
250		20430.30	9.481e-07	3.990e-03	2.787e-07	16	512
251		20506.04	9.481e-07	3.990e-03	2.636e-07	16	512
252		20573.94	9.473e-07	3.990e-03	2.230e-07	16	512
253		20646.16	9.424e-07	3.990e-03	2.094e-07	16	512
254		20716.87	9.411e-07	3.990e-03	1.840e-07	16	512
255		20787.90	9.293e-07	3.990e-03	1.864e-07	16	512
256		20861.11	9.293e-07	3.990e-03	1.864e-07	16	512
257		20938.48	9.217e-07	3.990e-03	1.334e-07	16	512
258		21011.18	9.181e-07	3.990e-03	1.370e-07	16	512
259		21087.15	9.181e-07	3.990e-03	1.050e-07	16	512
260		21163.10	9.176e-07	3.990e-03	9.755e-08	16	512
261		21241.04	9.176e-07	3.990e-03	5.992e-08	16	512
262		21315.09	9.131e-07	3.990e-03	6.438e-08	16	512
263		21386.54	9.131e-07	3.990e-03	6.438e-08	16	512
264		21461.04	9.112e-07	3.990e-03	6.632e-08	16	512
265		21534.77	9.112e-07	3.990e-03	3.694e-08	16	512
266		21605.51	9.112e-07	3.990e-03	3.694e-08	16	512
267		21677.32	9.112e-07	3.990e-03	3.611e-08	16	512
268		21748.55	9.104e-07	3.990e-03	3.197e-08	16	512
269		21821.47	9.104e-07	3.990e-03	3.062e-08	16	512
270		21894.22	9.089e-07	3.990e-03	2.040e-08	16	512
271		21967.15	9.071e-07	3.990e-03	2.227e-08	16	512
272		22040.89	9.061e-07	3.990e-03	1.553e-08	16	512
273		22111.52	9.019e-07	3.990e-03	1.613e-08	16	512
274		22182.34	9.014e-07	3.990e-03	1.672e-08	16	512
275		22254.35	8.994e-07	3.990e-03	1.814e-08	16	512
276		22321.67	8.963e-07	3.990e-03	2.126e-08	16	512
277		22396.73	8.942e-07	3.990e-03	1.887e-08	16	512
278		22466.56	8.942e-07	3.990e-03	1.890e-08	16	512
279		22544.60	8.942e-07	3.990e-03	1.696e-08	16	512
280		22622.67	8.933e-07	3.990e-03	1.791e-08	16	512
281		22693.49	8.927e-07	3.990e-03	1.850e-08	16	512
282		22768.94	8.915e-07	3.990e-03	1.971e-08	16	512
283		22837.97	8.915e-07	1.961e-03	1.898e-08	16	512
284		22912.82	8.915e-07	1.961e-03	1.898e-08	16	512
285		22987.75	8.902e-07	3.990e-03	1.877e-08	16	512
286		23059.37	8.885e-07	3.990e-03	1.859e-08	16	512
287		23129.27	8.875e-07	3.990e-03	1.865e-08	16	512
288		23198.87	8.857e-07	3.990e-03	1.624e-08	16	512
289		23275.62	8.857e-07	3.990e-03	1.565e-08	16	512
290		23346.26	8.812e-07	1.961e-03	1.823e-08	16	512
291		23417.69	8.790e-07	3.989e-03	1.727e-08	16	512
292		23489.52	8.790e-07	3.989e-03	1.519e-08	16	512
293		23563.87	8.754e-07	3.990e-03	1.883e-08	16	512
294		23634.30	8.737e-07	3.990e-03	2.051e-08	16	512
295		23711.59	8.711e-07	3.990e-03	2.213e-08	16	512
296		23785.02	8.711e-07	3.990e-03	2.155e-08	16	512
297		23860.09	8.711e-07	3.990e-03	2.034e-08	16	512
298		23930.79	8.694e-07	3.990e-03	2.203e-08	16	512
299		24002.49	8.694e-07	3.990e-03	2.203e-08	16	512
300		24074.59	8.670e-07	3.990e-03	2.321e-08	16	512
301		24145.10	8.626e-07	3.990e-03	2.586e-08	16	512
302		24214.04	8.613e-07	3.990e-03	2.619e-08	16	512
303		24284.78	8.603e-07	3.990e-03	2.542e-08	16	512
304		24362.02	8.596e-07	3.990e-03	2.607e-08	16	512
305		24433.05	8.570e-07	3.990e-03	2.418e-08	16	512
306		24505.64	8.557e-07	3.990e-03	2.335e-08	16	512
307		24586.34	8.552e-07	3.990e-03	2.380e-08	16	512
308		24663.77	8.543e-07	3.990e-03	2.106e-08	16	512
309		24762.50	8.543e-07	3.990e-03	1.937e-08	16	512
310		24869.36	8.543e-07	3.990e-03	1.680e-08	16	512
311		24969.25	8.537e-07	3.990e-03	1.739e-08	16	512
312		25071.73	8.532e-07	3.990e-03	1.791e-08	16	512
313		25181.33	8.532e-07	3.990e-03	1.621e-08	16	512
314		25286.84	8.532e-07	3.990e-03	1.621e-08	16	512
315		25388.99	8.521e-07	3.990e-03	1.490e-08	16	512
316		25487.68	8.509e-07	3.990e-03	1.173e-08	16	512
317		25590.45	8.509e-07	3.990e-03	1.040e-08	16	512
318		25690.71	8.504e-07	3.990e-03	9.891e-09	16	512
319		25788.22	8.496e-07	3.990e-03	1.008e-08	16	512
320		25894.28	8.476e-07	3.990e-03	9.438e-09	16	512
321		26001.38	8.476e-07	3.990e-03	8.113e-09	16	512
322		26108.33	8.443e-07	3.990e-03	1.090e-08	16	512
323		26214.07	8.416e-07	3.990e-03	1.271e-08	16	512
324		26320.29	8.408e-07	3.990e-03	1.357e-08	16	512
325		26421.84	8.374e-07	3.990e-03	1.691e-08	16	512
326		26530.12	8.352e-07	3.990e-03	1.857e-08	16	512
327		26630.37	8.305e-07	3.990e-03	2.276e-08	16	512
328		26734.76	8.237e-07	3.990e-03	2.956e-08	16	512
329		26834.18	8.201e-07	3.990e-03	3.310e-08	16	512
330		26937.69	8.155e-07	3.990e-03	3.657e-08	16	512
331		27041.81	8.138e-07	3.990e-03	3.705e-08	16	512
332		27140.83	8.138e-07	3.990e-03	3.705e-08	16	512
333		27238.05	8.138e-07	3.990e-03	3.657e-08	16	512
334		27339.19	8.138e-07	3.990e-03	3.572e-08	16	512
335		27444.86	8.124e-07	3.990e-03	3.522e-08	16	512
336		27540.50	8.113e-07	3.990e-03	3.631e-08	16	512
337		27647.44	8.050e-07	3.990e-03	3.933e-08	16	512
338		27746.83	8.050e-07	3.990e-03	3.659e-08	16	512
339		27856.70	8.024e-07	3.990e-03	3.836e-08	16	512
340		27961.85	8.024e-07	3.990e-03	3.502e-08	16	512
341		28059.40	8.011e-07	3.990e-03	3.403e-08	16	512
342		28157.87	8.010e-07	3.990e-03	2.945e-08	16	512
343		28261.65	7.979e-07	3.990e-03	2.580e-08	16	512
344		28359.65	7.911e-07	3.990e-03	2.900e-08	16	512
345		28461.26	7.865e-07	3.990e-03	2.901e-08	16	512
346		28566.33	7.811e-07	3.990e-03	3.277e-08	16	512
347		28667.40	7.762e-07	3.990e-03	3.761e-08	16	512
348		28774.16	7.716e-07	3.990e-03	4.226e-08	16	512
349		28883.14	7.592e-07	3.990e-03	5.462e-08	16	512
350		28989.06	7.385e-07	3.990e-03	7.389e-08	16	512
351		29104.06	7.385e-07	3.990e-03	7.280e-08	16	512
352		29209.33	7.277e-07	3.990e-03	7.731e-08	16	512
353		29316.92	7.277e-07	3.990e-03	7.731e-08	16	512
354		29429.02	7.277e-07	3.990e-03	7.469e-08	16	512
355		29539.65	7.255e-07	3.990e-03	7.688e-08	16	512
356		29642.64	7.255e-07	3.990e-03	7.560e-08	16	512
357		29755.44	7.255e-07	3.990e-03	7.549e-08	16	512
358		29864.08	7.255e-07	3.990e-03	7.233e-08	16	512
359		29971.90	7.219e-07	3.990e-03	6.926e-08	16	512
360		30082.02	7.185e-07	3.990e-03	6.803e-08	16	512
361		30186.24	7.173e-07	3.990e-03	6.377e-08	16	512
362		30289.56	7.173e-07	3.990e-03	5.892e-08	16	512
363		30411.69	7.100e-07	3.990e-03	6.158e-08	16	512
364		30517.93	7.100e-07	3.990e-03	4.922e-08	16	512
365		30628.05	7.098e-07	3.990e-03	2.866e-08	16	512
366		30739.82	7.070e-07	3.990e-03	3.146e-08	16	512
367		30851.00	7.042e-07	3.990e-03	2.352e-08	16	512
368		30959.44	7.002e-07	3.990e-03	2.749e-08	16	512
369		31065.00	7.002e-07	3.990e-03	2.749e-08	16	512
370		31170.17	7.002e-07	3.990e-03	2.530e-08	16	512
371		31284.25	7.002e-07	3.990e-03	2.530e-08	16	512
372		31393.74	7.002e-07	3.990e-03	2.530e-08	16	512
Reinitializing complex 1, running simulations.
Complex 1 with parameter deviation 9.15e-03 replaced with parameter deviation 1.84
373		31499.93	6.987e-07	9.677e-03	2.687e-08	16	512
Reinitializing complex 1, running simulations.
Complex 1 with parameter deviation 7.90e-03 replaced with parameter deviation 1.63
374		31623.71	6.972e-07	3.990e-03	2.466e-08	16	512
Reinitializing complex 1, running simulations.
Complex 1 with parameter deviation 7.30e-03 replaced with parameter deviation 1.60
375		31750.88	6.965e-07	1.064e-02	2.193e-08	16	512
376		31867.38	6.965e-07	1.064e-02	2.078e-08	16	512
Reinitializing complex 1, running simulations.
Complex 1 with parameter deviation 7.40e-03 replaced with parameter deviation 1.87
377		31972.58	6.931e-07	3.990e-03	2.415e-08	16	512
Reinitializing complex 1, running simulations.
Complex 1 with parameter deviation 6.14e-03 replaced with parameter deviation 1.93
378		32092.90	6.930e-07	7.235e-03	1.702e-08	16	512
Reinitializing complex 1, running simulations.
Complex 1 with parameter deviation 6.27e-03 replaced with parameter deviation 1.84
379		32213.38	6.918e-07	1.418e-02	1.823e-08	16	512
Reinitializing complex 1, running simulations.
Complex 1 with parameter deviation 6.88e-03 replaced with parameter deviation 1.79
380		32334.37	6.918e-07	4.892e-03	1.804e-08	16	512
Reinitializing complex 1, running simulations.
Complex 1 with parameter deviation 7.72e-03 replaced with parameter deviation 1.57
381		32456.82	6.915e-07	3.990e-03	1.545e-08	16	512
Reinitializing complex 1, running simulations.
Complex 1 with parameter deviation 6.67e-03 replaced with parameter deviation 1.74
382		32583.13	6.915e-07	8.844e-03	1.265e-08	16	512
383		32707.86	6.903e-07	8.844e-03	9.875e-09	16	512
Reinitializing complex 1, running simulations.
Complex 1 with parameter deviation 8.34e-03 replaced with parameter deviation 1.71
384		32815.62	6.903e-07	9.895e-03	9.875e-09	16	512
385		32935.58	6.903e-07	9.001e-03	9.875e-09	16	512
Reinitializing complex 1, running simulations.
Complex 1 with parameter deviation 6.68e-03 replaced with parameter deviation 1.63
386		33039.19	6.899e-07	8.708e-03	1.037e-08	16	512
Reinitializing complex 1, running simulations.
Complex 1 with parameter deviation 6.38e-03 replaced with parameter deviation 1.79
387		33157.44	6.894e-07	1.231e-02	1.078e-08	16	512
Reinitializing complex 1, running simulations.
Complex 1 with parameter deviation 6.19e-03 replaced with parameter deviation 1.80
388		33277.14	6.894e-07	9.383e-03	9.219e-09	16	512
Reinitializing complex 1, running simulations.
Complex 1 with parameter deviation 7.75e-03 replaced with parameter deviation 1.75
389		33394.22	6.884e-07	1.088e-02	8.765e-09	16	512
Reinitializing complex 1, running simulations.
Complex 1 with parameter deviation 5.04e-03 replaced with parameter deviation 1.76
390		33515.30	6.884e-07	1.223e-02	8.097e-09	16	512
Reinitializing complex 1, running simulations.
Complex 1 with parameter deviation 4.33e-03 replaced with parameter deviation 1.70
391		33634.30	6.884e-07	5.763e-03	8.097e-09	16	512
Reinitializing complex 1, running simulations.
Complex 1 with parameter deviation 5.22e-03 replaced with parameter deviation 1.74
392		33754.56	6.884e-07	8.964e-03	4.721e-09	16	512
Reinitializing complex 1, running simulations.
Complex 1 with parameter deviation 4.61e-03 replaced with parameter deviation 1.82
393		33876.69	6.882e-07	6.396e-03	4.807e-09	16	512
Reinitializing complex 1, running simulations.
Complex 1 with parameter deviation 9.57e-03 replaced with parameter deviation 1.79
394		33999.13	6.877e-07	8.198e-03	4.092e-09	16	512
395		34129.39	6.877e-07	8.198e-03	4.092e-09	16	512
396		34229.86	6.865e-07	8.198e-03	5.056e-09	16	512
397		34331.67	6.865e-07	8.198e-03	5.056e-09	16	512
398		34431.54	6.856e-07	8.198e-03	4.739e-09	16	512
399		34531.87	6.834e-07	8.198e-03	6.944e-09	16	512
400		34641.31	6.793e-07	8.198e-03	1.105e-08	16	512
401		34740.91	6.755e-07	8.198e-03	1.439e-08	16	512
402		34846.78	6.700e-07	6.157e-03	1.940e-08	16	512
403		34946.32	6.700e-07	6.157e-03	1.940e-08	16	512
404		35049.89	6.700e-07	6.157e-03	1.839e-08	16	512
405		35150.46	6.700e-07	6.157e-03	1.839e-08	16	512
406		35259.57	6.699e-07	6.157e-03	1.855e-08	16	512
407		35368.02	6.697e-07	6.157e-03	1.876e-08	16	512
408		35483.04	6.697e-07	6.157e-03	1.851e-08	16	512
409		35590.33	6.697e-07	6.157e-03	1.801e-08	16	512
410		35700.63	6.697e-07	6.157e-03	1.801e-08	16	512
411		35801.88	6.697e-07	6.157e-03	1.683e-08	16	512
412		35880.00	6.697e-07	6.157e-03	1.683e-08	16	512
413		35956.61	6.696e-07	6.157e-03	1.603e-08	16	512
414		36035.45	6.696e-07	6.157e-03	1.382e-08	16	512
A	 = 5.46e+15,
C0	 = 1.0,0.0,
Cpa	 = 2258.1507462417867,4131.3570263791435,
Cpb	 = 0.1782245929631591,0.8255363992642294,
E	 = 1.57e+05,
Hp	 = 859439.5972705921,
K	 = 2507.73715303518,100000000.0,
Value	 = 6.695788616942634e-07,
Xi	 = 0.7338086749851456,
eps	 = 0.6696784436206773,0.7491641276694749,
ka	 = 0.6770647100909568,0.0546428555821819,
kb	 = 6.419652552946368e-05,0.0004445103763574392,
n	 = 1.6161816024832136,
nO2	 = 0.0,
rho	 = 1683.0,1235.0,
Results saved to D:\workspace\JENSENHUGHES\optimization\optimizationPaper\config\E_Glass\../../results/E_Glass/E_GlassLinearWide_solution.txt
