D:\workspace\JENSENHUGHES\optimization\optimizationPaper\config\E_Glass\../../results/E_Glass/E_GlassOldConstWide Log file
!!python/object/apply:collections.defaultdict
args:
- &id001 !!python/name:builtins.bool ''
dictitems:
  Duraboard:
    CprampF:
    - 1.0
    - 1.0
    CprampT:
    - 0
    - 5000
    eps: 0.8
    krampF:
    - 0.075932
    - 0.090229
    - 0.104522
    - 0.122143
    - 0.14158
    - 0.163436
    - 0.190738
    - 0.221975
    krampT:
    - 203.035
    - 317.4028
    - 426.9164
    - 536.4182
    - 647.3003
    - 757.4803
    - 867.6409
    - 981.2546
    rho: 258
    thickness: 0.0254
  XiState:
  - unknowable
  cone:
    Tinit: 25
    activePhaseVars:
    - C0
    - rho
    - ka
    - kb
    - kc
    - kd
    - ke
    - Cpa
    - Cpb
    - Cpc
    - Cpd
    - Cpe
    - eps
    - K
    activeReactionVars:
    - A
    - E
    - n
    - Hp
    - nO2
    - Xi
    backBoundaryConditions:
      Tamb: 25
      htc: Auto
      type: INSULATED
    frontBoundaryConditions:
      Tamb: 25
      htc: Auto
    weight: 1.0
  cone1: !!python/object/apply:collections.defaultdict
    args:
    - *id001
    dictitems:
      Tinit: 25
      activePhaseVars:
      - C0
      - rho
      - ka
      - kb
      - kc
      - kd
      - ke
      - Cpa
      - Cpb
      - Cpc
      - Cpd
      - Cpe
      - eps
      - K
      activeReactionVars:
      - A
      - E
      - n
      - Hp
      - nO2
      - Xi
      backBoundaryConditions: !!python/object/apply:collections.defaultdict
        args:
        - *id001
        dictitems:
          Tamb: 25
          htc: Auto
          type: INSULATED
      columns:
      - 1
      depths:
      - 0
      file: ../../data/E_Glass/E_GlassOldConstNominal_0_cone_Mass.csv
      finalThickness: false
      frontBoundaryConditions: !!python/object/apply:collections.defaultdict
        args:
        - *id001
        dictitems:
          Tamb: 25
          heatFlux: 25
          htc: 15
      initialThickness: 0.008
      names:
      - Mass
      time: 0
      types:
      - 1
      weight: 1.0
      weights:
      - 1
      width1: 0.1016
      width2: 0.1016
  configDir: D:\workspace\JENSENHUGHES\optimization\optimizationPaper\config\E_Glass\
  dataSources:
    names:
    - cone1
    types:
    - cone
  dsc:
    activePhaseVars:
    - C0
    - Cpa
    - Cpb
    - Cpc
    - Cpd
    - Cpe
    activeReactionVars:
    - A
    - E
    - n
    - Hp
    dscO2: None
    weight: 1.0
  fdsPath: C:\Program Files\FDS\FDS6\bin
  name: E_GlassOldConstWide
  optimizeParams:
    absErr: 1e-7
    absRelErr: 5e-7
    elimThresh: 1e-2
    maxIter: 1000
    maxTime: 60000
    minIter: 5
    minP: 2
    opAlpha: 41
    opBeta: 1
    opP: 21
    opQ: 11
    opS: 21
    relErr: 1e-12
    relIter: 15
  outputParams:
    saveAllSamples: false
  phaseParams:
    C0:
    - - 1
      - 0
      - 1
    - - 0
      - 1189
      - 1189
    Cpa:
    - - None
      - 375
      - 6000
    - - None
      - 275
      - 4400
    Cpb:
    - - 0.0
      - 0.0
      - 0.0
    - - 0.0
      - 1189
      - 1189
    Cpc:
    - - 0.0
      - 0.0
      - 0.0
    - - 0.0
      - 0.0
      - 0.0
    Cpd:
    - - 0.0
      - 0.0
      - 0.0
    - - 0.0
      - 0.0
      - 0.0
    Cpe:
    - &id002
      - 0
      - 0
      - 1
    - *id002
    K:
    - - None
      - 2500
      - 40000
    - - 1e8
      - 1189
      - 1189
    eps:
    - - None
      - 0.235
      - 1.0
    - - 0.94
      - 0.235
      - 1.0
    ka:
    - - None
      - 0.075
      - 1.2
    - - None
      - 0.05
      - 0.8
    kb:
    - - 0.0
      - 0.0
      - 0.0
    - - 0.0
      - 0.0
      - 0.0
    kc:
    - - 0.0
      - 0.0
      - 0.0
    - - 0.0
      - 0.0
      - 0.0
    kd:
    - - 0.0
      - 0.0
      - 0.0
    - - 0.0
      - 0.0
      - 0.0
    ke:
    - &id003
      - 0
      - 0
      - 1
    - *id003
    nO2:
    - - 0
      - 0
      - 1
    - - 0
      - 1189
      - 1189
    phases:
    - virgin
    - char
    rho:
    - - 1683
      - 1189
      - 1189
    - - 1235
      - 1189
      - 1189
  processParams:
    maxProcesses: 8
    multiprocess: true
  reactionParams:
    A:
    - - None
      - 5.86e11
      - 9.376e12
    E:
    - - None
      - 4.525e4
      - 7.24e5
    Hp:
    - - None
      - 2.5e4
      - 4e5
    Xi:
    - - None
      - 0
      - 1
    n:
    - - None
      - 0.25
      - 4.0
    nO2:
    - - 0
      - 0
      - 1
    prodState:
    - 1
    reacState:
    - 0
    typeState:
    - 3
  reinitializeComplex: true
  restart: false
  resultsDir: ../../results/E_Glass/
  systemDir: D:\workspace\JENSENHUGHES\optimization\sourceCode\optimizationpython\src
  tga:
    activePhaseVars:
    - C0
    - rho
    activeReactionVars:
    - A
    - E
    - n
    tgaO2: None
    tgaOpt: 1
    weight: 1.0
  virtualExperiment: false
Loop	t (s)	Error Min	Error Max	ErrorRel	Comp	Samples
0		177.34	1.521e-04	4.672e-03	1.000e+00	21	441
1		396.61	4.882e-05	4.672e-03	1.000e+00	21	441
2		610.98	3.817e-05	4.672e-03	1.000e+00	21	441
3		828.85	2.282e-05	4.672e-03	1.000e+00	21	441
4		1086.30	1.220e-05	4.672e-03	1.000e+00	21	441
5		1337.14	1.064e-05	4.672e-03	1.000e+00	21	441
6		1601.62	8.950e-06	4.672e-03	1.000e+00	21	441
7		1858.28	7.927e-06	4.672e-03	1.000e+00	21	441
8		2116.13	6.872e-06	4.672e-03	1.000e+00	21	441
9		2399.14	6.472e-06	4.672e-03	1.000e+00	21	441
10		2661.34	6.290e-06	4.672e-03	1.000e+00	21	441
11		2904.11	6.088e-06	4.672e-03	1.000e+00	21	441
12		3173.95	5.933e-06	4.672e-03	1.000e+00	21	441
13		3411.13	5.811e-06	4.672e-03	1.000e+00	21	441
14		3675.37	5.771e-06	4.672e-03	1.000e+00	21	441
15		3917.45	5.720e-06	4.672e-03	1.000e+00	21	441
16		4177.88	5.657e-06	4.672e-03	4.316e-05	21	441
17		4424.19	5.643e-06	4.672e-03	3.253e-05	21	441
18		4704.25	5.632e-06	4.672e-03	1.719e-05	21	441
19		4962.72	5.606e-06	4.672e-03	6.593e-06	21	441
20		5239.84	5.596e-06	4.672e-03	5.047e-06	21	441
21		5504.50	5.593e-06	4.672e-03	3.357e-06	21	441
22		5778.50	5.519e-06	4.672e-03	2.407e-06	21	441
23		6049.22	5.519e-06	4.672e-03	1.353e-06	21	441
24		6299.34	5.486e-06	4.672e-03	9.853e-07	21	441
25		6573.25	5.275e-06	4.672e-03	1.015e-06	21	441
26		6820.92	5.249e-06	4.672e-03	8.392e-07	21	441
27		7100.32	5.229e-06	4.672e-03	7.035e-07	21	441
28		7353.30	5.128e-06	4.672e-03	6.831e-07	21	441
Reinitializing complex 8, running simulations.
Complex 8 with parameter deviation 9.52e-03 replaced with parameter deviation 1.14
29		7631.26	5.086e-06	1.427e-02	6.856e-07	21	441
30		7886.60	5.066e-06	4.672e-03	6.539e-07	21	441
31		8167.75	5.056e-06	4.672e-03	6.006e-07	21	441
32		8410.32	5.043e-06	4.672e-03	6.002e-07	21	441
Reinitializing complex 9, running simulations.
Complex 9 with parameter deviation 7.67e-03 replaced with parameter deviation 1.07
33		8676.73	5.034e-06	8.032e-03	5.976e-07	21	441
Reinitializing complex 7, running simulations.
Complex 7 with parameter deviation 5.71e-03 replaced with parameter deviation 1.02
Reinitializing complex 6, running simulations.
Complex 6 with parameter deviation 8.11e-03 replaced with parameter deviation 1.09
34		8923.53	4.978e-06	1.320e-02	6.272e-07	21	441
35		9204.96	4.897e-06	4.672e-03	6.990e-07	21	441
36		9458.78	4.866e-06	4.672e-03	7.272e-07	21	441
37		9741.93	4.860e-06	4.672e-03	6.592e-07	21	441
38		10032.31	4.859e-06	4.672e-03	6.600e-07	21	441
39		10387.22	4.859e-06	4.672e-03	6.268e-07	21	441
40		10823.03	4.859e-06	4.672e-03	4.158e-07	21	441
41		11133.76	4.808e-06	4.672e-03	4.412e-07	21	441
42		11570.69	4.791e-06	4.672e-03	4.388e-07	21	441
Reinitializing complex 5, running simulations.
Complex 5 with parameter deviation 9.91e-03 replaced with parameter deviation 1.06
Reinitializing complex 3, running simulations.
Complex 3 with parameter deviation 9.41e-03 replaced with parameter deviation 1.10
43		11978.93	4.790e-06	1.529e-02	3.381e-07	21	441
Reinitializing complex 6, running simulations.
Complex 6 with parameter deviation 9.86e-03 replaced with parameter deviation 1.26
Reinitializing complex 5, running simulations.
Complex 5 with parameter deviation 8.77e-03 replaced with parameter deviation 1.00
Reinitializing complex 1, running simulations.
Complex 1 with parameter deviation 6.55e-03 replaced with parameter deviation 1.08
44		12326.66	4.779e-06	4.672e-03	3.072e-07	21	441
Reinitializing complex 12, running simulations.
Complex 12 with parameter deviation 8.91e-03 replaced with parameter deviation 1.29
45		12597.97	4.753e-06	1.407e-02	3.134e-07	21	441
Reinitializing complex 10, running simulations.
Complex 10 with parameter deviation 9.67e-03 replaced with parameter deviation 1.08
46		12883.36	4.750e-06	1.681e-02	3.061e-07	21	441
Reinitializing complex 10, running simulations.
Complex 10 with parameter deviation 9.69e-03 replaced with parameter deviation 0.96
Reinitializing complex 2, running simulations.
Complex 2 with parameter deviation 6.91e-03 replaced with parameter deviation 1.29
47		13122.00	4.749e-06	1.237e-02	2.939e-07	21	441
48		13389.57	4.739e-06	4.672e-03	2.959e-07	21	441
49		13625.85	4.735e-06	4.672e-03	2.437e-07	21	441
50		13896.78	4.735e-06	4.672e-03	1.625e-07	21	441
51		14144.72	4.735e-06	4.672e-03	1.309e-07	21	441
52		14412.31	4.735e-06	4.672e-03	1.256e-07	21	441
53		14665.51	4.735e-06	4.672e-03	1.247e-07	21	441
54		14921.27	4.735e-06	4.672e-03	1.246e-07	21	441
55		15182.72	4.735e-06	4.672e-03	1.245e-07	21	441
56		15426.79	4.735e-06	4.672e-03	7.316e-08	21	441
57		15701.82	4.735e-06	4.672e-03	5.590e-08	21	441
58		15946.06	4.722e-06	4.672e-03	6.826e-08	21	441
59		16207.82	4.666e-06	4.672e-03	1.126e-07	21	441
60		16433.52	4.546e-06	4.672e-03	2.072e-07	21	441
61		16689.14	4.452e-06	4.672e-03	2.978e-07	21	441
Reinitializing complex 14, running simulations.
Complex 14 with parameter deviation 9.24e-03 replaced with parameter deviation 1.17
62		16911.86	4.345e-06	7.317e-03	4.040e-07	21	441
63		17165.49	4.258e-06	7.317e-03	4.803e-07	21	441
64		17381.60	4.171e-06	4.672e-03	5.636e-07	21	441
Reinitializing complex 16, running simulations.
Complex 16 with parameter deviation 7.73e-03 replaced with parameter deviation 1.19
65		17637.38	4.068e-06	1.339e-02	6.671e-07	21	441
Reinitializing complex 16, running simulations.
Complex 16 with parameter deviation 4.84e-03 replaced with parameter deviation 1.46
66		17860.87	3.962e-06	5.167e-03	7.732e-07	21	441
67		18129.18	3.952e-06	4.672e-03	7.825e-07	21	441
Reinitializing complex 15, running simulations.
Complex 15 with parameter deviation 8.00e-03 replaced with parameter deviation 1.10
68		18343.34	3.937e-06	1.619e-02	7.982e-07	21	441
69		18609.49	3.848e-06	4.672e-03	8.871e-07	21	441
Reinitializing complex 12, running simulations.
Complex 12 with parameter deviation 8.29e-03 replaced with parameter deviation 1.13
70		18828.78	3.755e-06	1.405e-02	9.799e-07	21	441
71		19086.53	3.737e-06	4.672e-03	9.973e-07	21	441
72		19322.06	3.727e-06	4.672e-03	1.008e-06	21	441
73		19582.67	3.722e-06	4.672e-03	1.000e-06	21	441
74		19820.58	3.718e-06	4.672e-03	9.477e-07	21	441
75		20076.16	3.700e-06	4.672e-03	8.454e-07	21	441
76		20307.61	3.690e-06	4.672e-03	7.621e-07	21	441
77		20555.62	3.680e-06	4.672e-03	6.647e-07	21	441
Reinitializing complex 5, running simulations.
Complex 5 with parameter deviation 9.10e-03 replaced with parameter deviation 1.11
78		20792.60	3.668e-06	7.753e-03	5.901e-07	21	441
Reinitializing complex 6, running simulations.
Complex 6 with parameter deviation 8.24e-03 replaced with parameter deviation 1.18
79		21033.84	3.659e-06	4.672e-03	5.126e-07	21	441
Reinitializing complex 6, running simulations.
Complex 6 with parameter deviation 8.30e-03 replaced with parameter deviation 1.24
80		21264.33	3.654e-06	4.672e-03	4.134e-07	21	441
Reinitializing complex 7, running simulations.
Complex 7 with parameter deviation 9.73e-03 replaced with parameter deviation 1.12
Reinitializing complex 6, running simulations.
Complex 6 with parameter deviation 9.77e-03 replaced with parameter deviation 1.23
81		21497.66	3.649e-06	1.292e-02	3.122e-07	21	441
Reinitializing complex 7, running simulations.
Complex 7 with parameter deviation 8.17e-03 replaced with parameter deviation 1.07
Reinitializing complex 6, running simulations.
Complex 6 with parameter deviation 5.84e-03 replaced with parameter deviation 1.18
Reinitializing complex 1, running simulations.
Complex 1 with parameter deviation 9.55e-03 replaced with parameter deviation 1.28
82		21740.80	3.644e-06	8.720e-03	3.083e-07	21	441
Reinitializing complex 7, running simulations.
Complex 7 with parameter deviation 6.16e-03 replaced with parameter deviation 1.11
Reinitializing complex 6, running simulations.
Complex 6 with parameter deviation 4.19e-03 replaced with parameter deviation 1.23
Reinitializing complex 4, running simulations.
Complex 4 with parameter deviation 8.76e-03 replaced with parameter deviation 1.16
83		22009.69	3.639e-06	4.672e-03	2.976e-07	21	441
Reinitializing complex 7, running simulations.
Complex 7 with parameter deviation 6.40e-03 replaced with parameter deviation 1.09
Reinitializing complex 6, running simulations.
Complex 6 with parameter deviation 2.56e-03 replaced with parameter deviation 1.04
Reinitializing complex 5, running simulations.
Complex 5 with parameter deviation 7.76e-03 replaced with parameter deviation 1.03
84		22292.21	3.634e-06	7.422e-03	2.132e-07	21	441
Reinitializing complex 7, running simulations.
Complex 7 with parameter deviation 3.65e-03 replaced with parameter deviation 1.05
Reinitializing complex 6, running simulations.
Complex 6 with parameter deviation 1.83e-03 replaced with parameter deviation 1.14
Reinitializing complex 1, running simulations.
Complex 1 with parameter deviation 8.61e-03 replaced with parameter deviation 1.08
85		22556.50	3.631e-06	4.672e-03	1.241e-07	21	441
Reinitializing complex 8, running simulations.
Complex 8 with parameter deviation 8.87e-03 replaced with parameter deviation 1.07
Reinitializing complex 7, running simulations.
Complex 7 with parameter deviation 4.65e-03 replaced with parameter deviation 1.19
Reinitializing complex 6, running simulations.
Complex 6 with parameter deviation 5.99e-03 replaced with parameter deviation 1.24
Reinitializing complex 2, running simulations.
Complex 2 with parameter deviation 7.56e-03 replaced with parameter deviation 1.19
Reinitializing complex 1, running simulations.
Complex 1 with parameter deviation 5.01e-03 replaced with parameter deviation 1.00
86		22842.71	3.626e-06	1.120e-02	1.112e-07	21	441
Reinitializing complex 9, running simulations.
Complex 9 with parameter deviation 7.11e-03 replaced with parameter deviation 1.54
Reinitializing complex 8, running simulations.
Complex 8 with parameter deviation 4.12e-03 replaced with parameter deviation 1.06
Reinitializing complex 7, running simulations.
Complex 7 with parameter deviation 4.59e-03 replaced with parameter deviation 1.15
Reinitializing complex 6, running simulations.
Complex 6 with parameter deviation 3.29e-03 replaced with parameter deviation 1.08
Reinitializing complex 1, running simulations.
Complex 1 with parameter deviation 7.29e-03 replaced with parameter deviation 1.08
87		23126.66	3.625e-06	4.836e-03	1.019e-07	21	441
Reinitializing complex 10, running simulations.
Complex 10 with parameter deviation 6.17e-03 replaced with parameter deviation 1.10
Reinitializing complex 9, running simulations.
Complex 9 with parameter deviation 6.23e-03 replaced with parameter deviation 1.13
Reinitializing complex 6, running simulations.
Complex 6 with parameter deviation 3.35e-03 replaced with parameter deviation 1.19
Reinitializing complex 2, running simulations.
Complex 2 with parameter deviation 6.90e-03 replaced with parameter deviation 1.31
88		23415.86	3.624e-06	1.155e-02	9.782e-08	21	441
Reinitializing complex 9, running simulations.
Complex 9 with parameter deviation 9.44e-03 replaced with parameter deviation 1.18
Reinitializing complex 6, running simulations.
Complex 6 with parameter deviation 1.37e-03 replaced with parameter deviation 1.15
Reinitializing complex 5, running simulations.
Complex 5 with parameter deviation 8.45e-03 replaced with parameter deviation 0.97
Reinitializing complex 3, running simulations.
Complex 3 with parameter deviation 7.32e-03 replaced with parameter deviation 1.28
Reinitializing complex 1, running simulations.
Complex 1 with parameter deviation 7.06e-03 replaced with parameter deviation 1.18
89		23659.46	3.623e-06	1.803e-02	9.585e-08	21	441
Reinitializing complex 6, running simulations.
Complex 6 with parameter deviation 1.18e-03 replaced with parameter deviation 1.08
Reinitializing complex 3, running simulations.
Complex 3 with parameter deviation 9.56e-03 replaced with parameter deviation 1.20
Reinitializing complex 2, running simulations.
Complex 2 with parameter deviation 9.83e-03 replaced with parameter deviation 1.15
Reinitializing complex 1, running simulations.
Complex 1 with parameter deviation 6.21e-03 replaced with parameter deviation 1.02
90		23941.71	3.622e-06	4.672e-03	7.864e-08	21	441
Reinitializing complex 5, running simulations.
Complex 5 with parameter deviation 7.91e-03 replaced with parameter deviation 1.11
Reinitializing complex 4, running simulations.
Complex 4 with parameter deviation 7.30e-03 replaced with parameter deviation 1.18
Reinitializing complex 3, running simulations.
Complex 3 with parameter deviation 5.86e-03 replaced with parameter deviation 1.31
Reinitializing complex 2, running simulations.
Complex 2 with parameter deviation 7.36e-03 replaced with parameter deviation 1.26
Reinitializing complex 1, running simulations.
Complex 1 with parameter deviation 5.52e-03 replaced with parameter deviation 1.13
91		24177.83	3.621e-06	2.018e-02	6.898e-08	21	441
Reinitializing complex 2, running simulations.
Complex 2 with parameter deviation 5.31e-03 replaced with parameter deviation 1.19
Reinitializing complex 1, running simulations.
Complex 1 with parameter deviation 2.87e-03 replaced with parameter deviation 1.14
92		24439.51	3.621e-06	1.115e-02	5.913e-08	21	441
Reinitializing complex 10, running simulations.
Complex 10 with parameter deviation 8.86e-03 replaced with parameter deviation 1.36
Reinitializing complex 3, running simulations.
Complex 3 with parameter deviation 8.74e-03 replaced with parameter deviation 1.24
Reinitializing complex 2, running simulations.
Complex 2 with parameter deviation 5.32e-03 replaced with parameter deviation 1.28
Reinitializing complex 1, running simulations.
Complex 1 with parameter deviation 3.96e-03 replaced with parameter deviation 1.18
93		24672.73	3.621e-06	4.672e-03	4.734e-08	21	441
Reinitializing complex 4, running simulations.
Complex 4 with parameter deviation 8.48e-03 replaced with parameter deviation 1.12
Reinitializing complex 3, running simulations.
Complex 3 with parameter deviation 3.66e-03 replaced with parameter deviation 1.21
Reinitializing complex 2, running simulations.
Complex 2 with parameter deviation 4.52e-03 replaced with parameter deviation 1.14
Reinitializing complex 1, running simulations.
Complex 1 with parameter deviation 3.46e-03 replaced with parameter deviation 1.31
94		24919.69	3.621e-06	1.893e-02	3.770e-08	21	441
Reinitializing complex 2, running simulations.
Complex 2 with parameter deviation 2.82e-03 replaced with parameter deviation 1.18
Reinitializing complex 1, running simulations.
Complex 1 with parameter deviation 3.42e-03 replaced with parameter deviation 1.07
95		25167.92	3.621e-06	1.984e-02	3.378e-08	21	441
Reinitializing complex 4, running simulations.
Complex 4 with parameter deviation 6.50e-03 replaced with parameter deviation 1.45
Reinitializing complex 2, running simulations.
Complex 2 with parameter deviation 2.12e-03 replaced with parameter deviation 1.15
Reinitializing complex 1, running simulations.
Complex 1 with parameter deviation 9.50e-03 replaced with parameter deviation 1.03
96		25405.89	3.571e-06	1.039e-02	7.786e-08	21	441
Reinitializing complex 8, running simulations.
Complex 8 with parameter deviation 6.89e-03 replaced with parameter deviation 1.08
Reinitializing complex 2, running simulations.
Complex 2 with parameter deviation 5.16e-03 replaced with parameter deviation 1.15
97		25662.55	3.531e-06	1.025e-02	1.125e-07	21	441
Reinitializing complex 7, running simulations.
Complex 7 with parameter deviation 9.92e-03 replaced with parameter deviation 1.23
Reinitializing complex 3, running simulations.
Complex 3 with parameter deviation 6.84e-03 replaced with parameter deviation 1.14
98		25898.77	3.478e-06	1.729e-02	1.613e-07	21	441
Reinitializing complex 11, running simulations.
Complex 11 with parameter deviation 9.98e-03 replaced with parameter deviation 1.19
99		26157.58	3.452e-06	1.941e-02	1.820e-07	21	441
100		26376.63	3.410e-06	4.672e-03	2.212e-07	21	441
101		26613.83	3.384e-06	4.672e-03	2.425e-07	21	441
Reinitializing complex 1, running simulations.
Complex 1 with parameter deviation 9.03e-03 replaced with parameter deviation 1.15
102		26836.37	3.318e-06	1.196e-02	3.067e-07	21	441
103		27094.91	3.258e-06	4.672e-03	3.657e-07	21	441
104		27313.27	3.252e-06	4.672e-03	3.702e-07	21	441
105		27562.54	3.243e-06	4.672e-03	3.789e-07	21	441
106		27796.13	3.229e-06	4.672e-03	3.925e-07	21	441
107		28048.37	3.219e-06	4.672e-03	4.020e-07	21	441
108		28282.30	3.166e-06	4.672e-03	4.544e-07	21	441
109		28536.88	3.151e-06	4.672e-03	4.702e-07	21	441
110		28754.68	3.112e-06	4.672e-03	5.084e-07	21	441
111		29013.79	3.051e-06	4.672e-03	5.203e-07	21	441
Reinitializing complex 3, running simulations.
Complex 3 with parameter deviation 5.40e-03 replaced with parameter deviation 1.21
112		29232.90	3.048e-06	1.363e-02	4.835e-07	21	441
Reinitializing complex 3, running simulations.
Complex 3 with parameter deviation 6.79e-03 replaced with parameter deviation 1.29
Reinitializing complex 1, running simulations.
Complex 1 with parameter deviation 4.62e-03 replaced with parameter deviation 1.14
113		29474.26	3.040e-06	8.693e-03	4.374e-07	21	441
114		29704.33	3.039e-06	8.693e-03	4.130e-07	21	441
Reinitializing complex 10, running simulations.
Complex 10 with parameter deviation 7.46e-03 replaced with parameter deviation 1.22
115		29950.98	3.038e-06	1.003e-02	3.713e-07	21	441
116		30159.37	2.929e-06	4.672e-03	4.549e-07	21	441
117		30399.43	2.895e-06	4.672e-03	4.230e-07	21	441
118		30620.47	2.809e-06	4.672e-03	4.492e-07	21	441
Reinitializing complex 10, running simulations.
Complex 10 with parameter deviation 9.38e-03 replaced with parameter deviation 1.27
Reinitializing complex 9, running simulations.
Complex 9 with parameter deviation 9.04e-03 replaced with parameter deviation 1.17
119		30872.24	2.752e-06	1.305e-02	5.009e-07	21	441
Reinitializing complex 11, running simulations.
Complex 11 with parameter deviation 8.54e-03 replaced with parameter deviation 1.11
120		31089.35	2.716e-06	1.781e-02	5.269e-07	21	441
Reinitializing complex 11, running simulations.
Complex 11 with parameter deviation 8.65e-03 replaced with parameter deviation 1.02
121		31330.60	2.666e-06	1.143e-02	5.626e-07	21	441
122		31552.27	2.644e-06	4.672e-03	5.748e-07	21	441
Reinitializing complex 1, running simulations.
Complex 1 with parameter deviation 9.89e-03 replaced with parameter deviation 1.11
123		31796.31	2.623e-06	5.356e-03	5.437e-07	21	441
Reinitializing complex 6, running simulations.
Complex 6 with parameter deviation 9.12e-03 replaced with parameter deviation 1.13
Reinitializing complex 4, running simulations.
Complex 4 with parameter deviation 9.49e-03 replaced with parameter deviation 1.08
Reinitializing complex 1, running simulations.
Complex 1 with parameter deviation 3.67e-03 replaced with parameter deviation 1.22
124		32028.19	2.601e-06	4.672e-03	5.500e-07	21	441
Reinitializing complex 4, running simulations.
Complex 4 with parameter deviation 9.53e-03 replaced with parameter deviation 1.27
Reinitializing complex 1, running simulations.
Complex 1 with parameter deviation 2.71e-03 replaced with parameter deviation 1.11
125		32290.65	2.541e-06	2.081e-02	5.710e-07	21	441
Reinitializing complex 5, running simulations.
Complex 5 with parameter deviation 8.73e-03 replaced with parameter deviation 1.12
Reinitializing complex 1, running simulations.
Complex 1 with parameter deviation 2.33e-03 replaced with parameter deviation 1.41
126		32515.97	2.522e-06	1.074e-02	5.290e-07	21	441
Reinitializing complex 6, running simulations.
Complex 6 with parameter deviation 8.20e-03 replaced with parameter deviation 1.19
Reinitializing complex 5, running simulations.
Complex 5 with parameter deviation 8.37e-03 replaced with parameter deviation 1.25
Reinitializing complex 1, running simulations.
Complex 1 with parameter deviation 2.36e-03 replaced with parameter deviation 1.15
127		32775.38	2.515e-06	1.478e-02	5.327e-07	21	441
Reinitializing complex 1, running simulations.
Complex 1 with parameter deviation 2.05e-03 replaced with parameter deviation 1.13
128		33019.00	2.515e-06	1.164e-02	5.255e-07	21	441
Reinitializing complex 1, running simulations.
Complex 1 with parameter deviation 3.09e-03 replaced with parameter deviation 1.22
129		33269.82	2.514e-06	1.342e-02	5.253e-07	21	441
Reinitializing complex 1, running simulations.
Complex 1 with parameter deviation 2.03e-03 replaced with parameter deviation 1.09
130		33504.87	2.514e-06	1.362e-02	5.242e-07	21	441
Reinitializing complex 4, running simulations.
Complex 4 with parameter deviation 9.78e-03 replaced with parameter deviation 1.11
Reinitializing complex 1, running simulations.
Complex 1 with parameter deviation 2.04e-03 replaced with parameter deviation 1.19
131		33739.39	2.514e-06	1.968e-02	4.152e-07	21	441
Reinitializing complex 4, running simulations.
Complex 4 with parameter deviation 6.69e-03 replaced with parameter deviation 1.22
Reinitializing complex 1, running simulations.
Complex 1 with parameter deviation 4.19e-03 replaced with parameter deviation 1.17
132		33970.13	2.513e-06	1.870e-02	3.821e-07	21	441
Reinitializing complex 4, running simulations.
Complex 4 with parameter deviation 9.79e-03 replaced with parameter deviation 1.06
Reinitializing complex 3, running simulations.
Complex 3 with parameter deviation 6.81e-03 replaced with parameter deviation 1.07
Reinitializing complex 1, running simulations.
Complex 1 with parameter deviation 9.74e-03 replaced with parameter deviation 1.03
133		34214.17	2.513e-06	2.025e-02	2.956e-07	21	441
Reinitializing complex 4, running simulations.
Complex 4 with parameter deviation 9.34e-03 replaced with parameter deviation 1.12
Reinitializing complex 3, running simulations.
Complex 3 with parameter deviation 9.08e-03 replaced with parameter deviation 1.09
134		34453.47	2.513e-06	5.489e-03	2.382e-07	21	441
135		34692.92	2.513e-06	4.672e-03	2.026e-07	21	441
Reinitializing complex 10, running simulations.
Complex 10 with parameter deviation 9.30e-03 replaced with parameter deviation 1.09
136		34924.89	2.496e-06	4.672e-03	1.701e-07	21	441
137		35152.83	2.429e-06	4.672e-03	2.151e-07	21	441
138		35383.46	2.358e-06	4.672e-03	2.642e-07	21	441
139		35620.40	2.307e-06	4.672e-03	2.932e-07	21	441
140		35876.17	2.277e-06	4.672e-03	2.639e-07	21	441
141		36108.36	2.270e-06	4.672e-03	2.522e-07	21	441
Reinitializing complex 1, running simulations.
Complex 1 with parameter deviation 4.41e-03 replaced with parameter deviation 1.01
142		36365.09	2.267e-06	1.612e-02	2.481e-07	21	441
Reinitializing complex 1, running simulations.
Complex 1 with parameter deviation 2.67e-03 replaced with parameter deviation 1.04
143		36593.24	2.266e-06	1.279e-02	2.491e-07	21	441
Reinitializing complex 1, running simulations.
Complex 1 with parameter deviation 1.07e-03 replaced with parameter deviation 1.07
144		36839.85	2.264e-06	1.473e-02	2.500e-07	21	441
Reinitializing complex 1, running simulations.
Complex 1 with parameter deviation 3.45e-03 replaced with parameter deviation 1.04
145		37065.03	2.262e-06	5.805e-03	2.522e-07	21	441
Reinitializing complex 2, running simulations.
Complex 2 with parameter deviation 8.56e-03 replaced with parameter deviation 1.19
Reinitializing complex 1, running simulations.
Complex 1 with parameter deviation 2.98e-03 replaced with parameter deviation 1.05
146		37324.09	2.246e-06	5.122e-03	2.677e-07	21	441
Reinitializing complex 1, running simulations.
Complex 1 with parameter deviation 5.98e-03 replaced with parameter deviation 1.08
147		37561.13	2.234e-06	6.519e-03	2.788e-07	21	441
Reinitializing complex 1, running simulations.
Complex 1 with parameter deviation 8.36e-03 replaced with parameter deviation 1.08
148		37797.09	2.206e-06	4.840e-03	3.070e-07	21	441
Reinitializing complex 16, running simulations.
Complex 16 with parameter deviation 9.95e-03 replaced with parameter deviation 1.03
149		38028.62	2.150e-06	4.672e-03	3.630e-07	21	441
Reinitializing complex 17, running simulations.
Complex 17 with parameter deviation 7.23e-03 replaced with parameter deviation 1.21
Reinitializing complex 16, running simulations.
Complex 16 with parameter deviation 5.67e-03 replaced with parameter deviation 1.09
Reinitializing complex 11, running simulations.
Complex 11 with parameter deviation 5.54e-03 replaced with parameter deviation 1.11
Reinitializing complex 3, running simulations.
Complex 3 with parameter deviation 8.20e-03 replaced with parameter deviation 1.17
150		38244.83	2.129e-06	9.218e-03	3.841e-07	21	441
Reinitializing complex 11, running simulations.
Complex 11 with parameter deviation 6.10e-03 replaced with parameter deviation 1.30
Reinitializing complex 3, running simulations.
Complex 3 with parameter deviation 7.05e-03 replaced with parameter deviation 1.09
Reinitializing complex 1, running simulations.
Complex 1 with parameter deviation 5.70e-03 replaced with parameter deviation 1.00
151		38501.16	2.105e-06	1.170e-02	3.910e-07	21	441
Reinitializing complex 11, running simulations.
Complex 11 with parameter deviation 6.68e-03 replaced with parameter deviation 1.05
Reinitializing complex 3, running simulations.
Complex 3 with parameter deviation 6.19e-03 replaced with parameter deviation 1.22
Reinitializing complex 1, running simulations.
Complex 1 with parameter deviation 7.98e-03 replaced with parameter deviation 1.21
152		38733.10	2.089e-06	1.123e-02	3.398e-07	21	441
Reinitializing complex 12, running simulations.
Complex 12 with parameter deviation 9.30e-03 replaced with parameter deviation 1.23
Reinitializing complex 11, running simulations.
Complex 11 with parameter deviation 4.35e-03 replaced with parameter deviation 1.28
Reinitializing complex 3, running simulations.
Complex 3 with parameter deviation 6.92e-03 replaced with parameter deviation 1.26
153		38988.44	2.070e-06	1.426e-02	2.884e-07	21	441
Reinitializing complex 11, running simulations.
Complex 11 with parameter deviation 3.93e-03 replaced with parameter deviation 1.19
Reinitializing complex 3, running simulations.
Complex 3 with parameter deviation 9.60e-03 replaced with parameter deviation 1.19
Reinitializing complex 1, running simulations.
Complex 1 with parameter deviation 8.81e-03 replaced with parameter deviation 1.18
154		39226.57	2.055e-06	1.088e-02	2.529e-07	21	441
Reinitializing complex 11, running simulations.
Complex 11 with parameter deviation 3.60e-03 replaced with parameter deviation 1.01
Reinitializing complex 1, running simulations.
Complex 1 with parameter deviation 6.31e-03 replaced with parameter deviation 1.22
155		39461.29	2.043e-06	4.672e-03	2.346e-07	21	441
Reinitializing complex 11, running simulations.
Complex 11 with parameter deviation 4.73e-03 replaced with parameter deviation 1.14
Reinitializing complex 2, running simulations.
Complex 2 with parameter deviation 8.04e-03 replaced with parameter deviation 1.16
Reinitializing complex 1, running simulations.
Complex 1 with parameter deviation 7.41e-03 replaced with parameter deviation 1.11
156		39716.53	1.969e-06	2.057e-02	3.008e-07	21	441
Reinitializing complex 11, running simulations.
Complex 11 with parameter deviation 8.47e-03 replaced with parameter deviation 1.16
157		39948.14	1.966e-06	7.174e-03	3.009e-07	21	441
Reinitializing complex 10, running simulations.
Complex 10 with parameter deviation 8.10e-03 replaced with parameter deviation 1.13
Reinitializing complex 9, running simulations.
Complex 9 with parameter deviation 2.56e-03 replaced with parameter deviation 1.10
158		40193.77	1.918e-06	1.891e-02	3.474e-07	21	441
Reinitializing complex 1, running simulations.
Complex 1 with parameter deviation 8.56e-03 replaced with parameter deviation 1.27
159		40421.56	1.867e-06	1.816e-02	3.969e-07	21	441
Reinitializing complex 1, running simulations.
Complex 1 with parameter deviation 6.56e-03 replaced with parameter deviation 1.06
160		40672.07	1.850e-06	1.060e-02	4.121e-07	21	441
Reinitializing complex 1, running simulations.
Complex 1 with parameter deviation 9.97e-03 replaced with parameter deviation 1.29
161		40902.98	1.839e-06	1.445e-02	4.071e-07	21	441
Reinitializing complex 5, running simulations.
Complex 5 with parameter deviation 6.30e-03 replaced with parameter deviation 1.13
162		41149.07	1.827e-06	4.672e-03	4.070e-07	21	441
Reinitializing complex 5, running simulations.
Complex 5 with parameter deviation 5.00e-03 replaced with parameter deviation 1.18
Reinitializing complex 2, running simulations.
Complex 2 with parameter deviation 8.44e-03 replaced with parameter deviation 1.13
Reinitializing complex 1, running simulations.
Complex 1 with parameter deviation 7.69e-03 replaced with parameter deviation 1.34
163		41395.14	1.818e-06	1.356e-02	3.881e-07	21	441
164		41637.00	1.799e-06	4.672e-03	3.508e-07	21	441
Reinitializing complex 2, running simulations.
Complex 2 with parameter deviation 6.47e-03 replaced with parameter deviation 1.15
Reinitializing complex 1, running simulations.
Complex 1 with parameter deviation 5.58e-03 replaced with parameter deviation 1.02
165		41893.47	1.785e-06	2.046e-02	3.445e-07	21	441
Reinitializing complex 3, running simulations.
Complex 3 with parameter deviation 9.39e-03 replaced with parameter deviation 1.12
Reinitializing complex 2, running simulations.
Complex 2 with parameter deviation 5.29e-03 replaced with parameter deviation 1.09
Reinitializing complex 1, running simulations.
Complex 1 with parameter deviation 5.16e-03 replaced with parameter deviation 1.28
166		42132.06	1.764e-06	6.506e-03	3.414e-07	21	441
Reinitializing complex 3, running simulations.
Complex 3 with parameter deviation 8.44e-03 replaced with parameter deviation 1.06
Reinitializing complex 2, running simulations.
Complex 2 with parameter deviation 3.80e-03 replaced with parameter deviation 1.20
Reinitializing complex 1, running simulations.
Complex 1 with parameter deviation 6.18e-03 replaced with parameter deviation 1.08
167		42403.33	1.755e-06	8.205e-03	3.345e-07	21	441
Reinitializing complex 3, running simulations.
Complex 3 with parameter deviation 7.91e-03 replaced with parameter deviation 1.11
Reinitializing complex 2, running simulations.
Complex 2 with parameter deviation 2.26e-03 replaced with parameter deviation 1.23
Reinitializing complex 1, running simulations.
Complex 1 with parameter deviation 5.48e-03 replaced with parameter deviation 1.02
168		42629.10	1.738e-06	1.122e-02	3.319e-07	21	441
Reinitializing complex 3, running simulations.
Complex 3 with parameter deviation 3.31e-03 replaced with parameter deviation 1.00
Reinitializing complex 2, running simulations.
Complex 2 with parameter deviation 2.01e-03 replaced with parameter deviation 1.03
Reinitializing complex 1, running simulations.
Complex 1 with parameter deviation 4.51e-03 replaced with parameter deviation 1.43
169		42876.98	1.736e-06	4.672e-03	3.183e-07	21	441
Reinitializing complex 3, running simulations.
Complex 3 with parameter deviation 2.28e-03 replaced with parameter deviation 1.36
Reinitializing complex 2, running simulations.
Complex 2 with parameter deviation 3.45e-03 replaced with parameter deviation 1.23
Reinitializing complex 1, running simulations.
Complex 1 with parameter deviation 3.80e-03 replaced with parameter deviation 1.09
170		43112.54	1.732e-06	1.317e-02	3.104e-07	21	441
Reinitializing complex 5, running simulations.
Complex 5 with parameter deviation 9.70e-03 replaced with parameter deviation 1.21
Reinitializing complex 3, running simulations.
Complex 3 with parameter deviation 1.47e-03 replaced with parameter deviation 1.26
Reinitializing complex 2, running simulations.
Complex 2 with parameter deviation 2.28e-03 replaced with parameter deviation 1.00
Reinitializing complex 1, running simulations.
Complex 1 with parameter deviation 2.83e-03 replaced with parameter deviation 1.12
171		43344.28	1.728e-06	1.298e-02	2.416e-07	21	441
Reinitializing complex 3, running simulations.
Complex 3 with parameter deviation 2.12e-03 replaced with parameter deviation 1.21
Reinitializing complex 2, running simulations.
Complex 2 with parameter deviation 2.45e-03 replaced with parameter deviation 1.11
Reinitializing complex 1, running simulations.
Complex 1 with parameter deviation 3.85e-03 replaced with parameter deviation 1.34
172		43611.27	1.724e-06	1.192e-02	2.424e-07	21	441
Reinitializing complex 3, running simulations.
Complex 3 with parameter deviation 1.65e-03 replaced with parameter deviation 1.00
Reinitializing complex 2, running simulations.
Complex 2 with parameter deviation 2.92e-03 replaced with parameter deviation 1.21
Reinitializing complex 1, running simulations.
Complex 1 with parameter deviation 2.35e-03 replaced with parameter deviation 1.02
173		43839.89	1.723e-06	1.636e-02	1.949e-07	21	441
Reinitializing complex 3, running simulations.
Complex 3 with parameter deviation 1.55e-03 replaced with parameter deviation 1.09
Reinitializing complex 2, running simulations.
Complex 2 with parameter deviation 1.27e-03 replaced with parameter deviation 1.30
174		44089.38	1.721e-06	1.835e-02	1.461e-07	21	441
Reinitializing complex 15, running simulations.
Complex 15 with parameter deviation 5.03e-03 replaced with parameter deviation 1.18
Reinitializing complex 2, running simulations.
Complex 2 with parameter deviation 2.31e-03 replaced with parameter deviation 1.06
Reinitializing complex 1, running simulations.
Complex 1 with parameter deviation 5.68e-03 replaced with parameter deviation 1.07
175		44318.95	1.716e-06	1.252e-02	1.339e-07	21	441
Reinitializing complex 15, running simulations.
Complex 15 with parameter deviation 4.29e-03 replaced with parameter deviation 1.11
Reinitializing complex 4, running simulations.
Complex 4 with parameter deviation 8.76e-03 replaced with parameter deviation 1.17
Reinitializing complex 3, running simulations.
Complex 3 with parameter deviation 6.20e-03 replaced with parameter deviation 1.17
Reinitializing complex 2, running simulations.
Complex 2 with parameter deviation 5.02e-03 replaced with parameter deviation 1.04
Reinitializing complex 1, running simulations.
Complex 1 with parameter deviation 3.77e-03 replaced with parameter deviation 1.36
176		44561.41	1.715e-06	6.813e-03	1.234e-07	21	441
Reinitializing complex 15, running simulations.
Complex 15 with parameter deviation 4.77e-03 replaced with parameter deviation 1.14
Reinitializing complex 4, running simulations.
Complex 4 with parameter deviation 8.97e-03 replaced with parameter deviation 1.31
Reinitializing complex 2, running simulations.
Complex 2 with parameter deviation 4.77e-03 replaced with parameter deviation 1.20
Reinitializing complex 1, running simulations.
Complex 1 with parameter deviation 1.87e-03 replaced with parameter deviation 1.12
177		44840.01	1.715e-06	1.288e-02	1.126e-07	21	441
Reinitializing complex 15, running simulations.
Complex 15 with parameter deviation 4.10e-03 replaced with parameter deviation 1.03
Reinitializing complex 2, running simulations.
Complex 2 with parameter deviation 4.20e-03 replaced with parameter deviation 1.22
Reinitializing complex 1, running simulations.
Complex 1 with parameter deviation 1.41e-03 replaced with parameter deviation 1.16
178		45066.54	1.714e-06	1.456e-02	1.039e-07	21	441
Reinitializing complex 16, running simulations.
Complex 16 with parameter deviation 7.59e-03 replaced with parameter deviation 1.24
Reinitializing complex 15, running simulations.
Complex 15 with parameter deviation 7.94e-03 replaced with parameter deviation 1.26
Reinitializing complex 2, running simulations.
Complex 2 with parameter deviation 4.65e-03 replaced with parameter deviation 1.14
Reinitializing complex 1, running simulations.
Complex 1 with parameter deviation 9.22e-04 replaced with parameter deviation 1.16
179		45307.51	1.714e-06	1.703e-02	8.546e-08	21	441
180		45546.07	1.714e-06	4.672e-03	7.090e-08	21	441
181		45753.03	1.714e-06	4.672e-03	4.978e-08	21	441
Reinitializing complex 14, running simulations.
Complex 14 with parameter deviation 5.79e-03 replaced with parameter deviation 1.18
182		45994.04	1.710e-06	1.085e-02	4.457e-08	21	441
Reinitializing complex 13, running simulations.
Complex 13 with parameter deviation 8.37e-03 replaced with parameter deviation 1.00
183		46205.98	1.707e-06	1.097e-02	3.121e-08	21	441
184		46464.82	1.703e-06	4.672e-03	3.312e-08	21	441
Reinitializing complex 7, running simulations.
Complex 7 with parameter deviation 7.86e-03 replaced with parameter deviation 1.17
Reinitializing complex 2, running simulations.
Complex 2 with parameter deviation 7.55e-03 replaced with parameter deviation 1.11
Reinitializing complex 1, running simulations.
Complex 1 with parameter deviation 8.58e-03 replaced with parameter deviation 1.27
185		46693.84	1.702e-06	1.770e-02	2.973e-08	21	441
Reinitializing complex 11, running simulations.
Complex 11 with parameter deviation 9.20e-03 replaced with parameter deviation 1.14
Reinitializing complex 10, running simulations.
Complex 10 with parameter deviation 8.05e-03 replaced with parameter deviation 1.16
Reinitializing complex 4, running simulations.
Complex 4 with parameter deviation 7.30e-03 replaced with parameter deviation 1.16
Reinitializing complex 1, running simulations.
Complex 1 with parameter deviation 5.57e-03 replaced with parameter deviation 1.02
186		46953.79	1.702e-06	8.995e-03	2.518e-08	21	441
Reinitializing complex 12, running simulations.
Complex 12 with parameter deviation 7.77e-03 replaced with parameter deviation 1.05
Reinitializing complex 11, running simulations.
Complex 11 with parameter deviation 4.42e-03 replaced with parameter deviation 1.24
Reinitializing complex 10, running simulations.
Complex 10 with parameter deviation 2.82e-03 replaced with parameter deviation 1.12
Reinitializing complex 8, running simulations.
Complex 8 with parameter deviation 7.42e-03 replaced with parameter deviation 1.25
Reinitializing complex 7, running simulations.
Complex 7 with parameter deviation 8.61e-03 replaced with parameter deviation 1.11
Reinitializing complex 6, running simulations.
Complex 6 with parameter deviation 7.63e-03 replaced with parameter deviation 1.12
Reinitializing complex 5, running simulations.
Complex 5 with parameter deviation 9.87e-03 replaced with parameter deviation 1.31
Reinitializing complex 2, running simulations.
Complex 2 with parameter deviation 5.97e-03 replaced with parameter deviation 1.17
Reinitializing complex 1, running simulations.
Complex 1 with parameter deviation 5.35e-03 replaced with parameter deviation 1.22
187		47229.49	1.702e-06	6.259e-03	2.190e-08	21	441
Reinitializing complex 14, running simulations.
Complex 14 with parameter deviation 7.51e-03 replaced with parameter deviation 1.17
Reinitializing complex 11, running simulations.
Complex 11 with parameter deviation 3.76e-03 replaced with parameter deviation 1.22
Reinitializing complex 10, running simulations.
Complex 10 with parameter deviation 1.28e-03 replaced with parameter deviation 1.25
Reinitializing complex 9, running simulations.
Complex 9 with parameter deviation 7.51e-03 replaced with parameter deviation 1.24
Reinitializing complex 8, running simulations.
Complex 8 with parameter deviation 5.28e-03 replaced with parameter deviation 1.28
Reinitializing complex 7, running simulations.
Complex 7 with parameter deviation 6.73e-03 replaced with parameter deviation 1.29
Reinitializing complex 6, running simulations.
Complex 6 with parameter deviation 8.57e-03 replaced with parameter deviation 1.16
Reinitializing complex 5, running simulations.
Complex 5 with parameter deviation 5.27e-03 replaced with parameter deviation 1.01
Reinitializing complex 4, running simulations.
Complex 4 with parameter deviation 7.35e-03 replaced with parameter deviation 1.23
Reinitializing complex 3, running simulations.
Complex 3 with parameter deviation 8.75e-03 replaced with parameter deviation 1.06
Reinitializing complex 2, running simulations.
Complex 2 with parameter deviation 5.18e-03 replaced with parameter deviation 1.20
188		47502.84	1.702e-06	1.387e-02	2.158e-08	21	441
Reinitializing complex 15, running simulations.
Complex 15 with parameter deviation 6.79e-03 replaced with parameter deviation 1.14
Reinitializing complex 14, running simulations.
Complex 14 with parameter deviation 6.61e-03 replaced with parameter deviation 1.05
Reinitializing complex 13, running simulations.
Complex 13 with parameter deviation 6.36e-03 replaced with parameter deviation 1.15
Reinitializing complex 10, running simulations.
Complex 10 with parameter deviation 7.95e-04 replaced with parameter deviation 1.11
Reinitializing complex 8, running simulations.
Complex 8 with parameter deviation 8.95e-03 replaced with parameter deviation 1.12
Reinitializing complex 7, running simulations.
Complex 7 with parameter deviation 6.07e-03 replaced with parameter deviation 1.03
Reinitializing complex 6, running simulations.
Complex 6 with parameter deviation 6.05e-03 replaced with parameter deviation 1.22
Reinitializing complex 5, running simulations.
Complex 5 with parameter deviation 3.51e-03 replaced with parameter deviation 1.15
189		47781.79	1.701e-06	4.672e-03	1.987e-08	21	441
Reinitializing complex 10, running simulations.
Complex 10 with parameter deviation 2.07e-03 replaced with parameter deviation 1.20
Reinitializing complex 9, running simulations.
Complex 9 with parameter deviation 4.95e-03 replaced with parameter deviation 1.16
Reinitializing complex 8, running simulations.
Complex 8 with parameter deviation 5.16e-03 replaced with parameter deviation 1.22
Reinitializing complex 7, running simulations.
Complex 7 with parameter deviation 5.82e-03 replaced with parameter deviation 1.10
Reinitializing complex 6, running simulations.
Complex 6 with parameter deviation 4.56e-03 replaced with parameter deviation 1.23
Reinitializing complex 5, running simulations.
Complex 5 with parameter deviation 3.17e-03 replaced with parameter deviation 1.05
Reinitializing complex 4, running simulations.
Complex 4 with parameter deviation 9.36e-03 replaced with parameter deviation 1.15
Reinitializing complex 3, running simulations.
Complex 3 with parameter deviation 7.69e-03 replaced with parameter deviation 1.09
190		48064.01	1.701e-06	9.010e-03	1.462e-08	21	441
Reinitializing complex 14, running simulations.
Complex 14 with parameter deviation 7.93e-03 replaced with parameter deviation 1.25
Reinitializing complex 11, running simulations.
Complex 11 with parameter deviation 5.99e-03 replaced with parameter deviation 1.07
Reinitializing complex 10, running simulations.
Complex 10 with parameter deviation 1.56e-03 replaced with parameter deviation 1.25
Reinitializing complex 9, running simulations.
Complex 9 with parameter deviation 5.28e-03 replaced with parameter deviation 1.09
Reinitializing complex 8, running simulations.
Complex 8 with parameter deviation 3.22e-03 replaced with parameter deviation 1.41
Reinitializing complex 7, running simulations.
Complex 7 with parameter deviation 5.15e-03 replaced with parameter deviation 1.26
Reinitializing complex 6, running simulations.
Complex 6 with parameter deviation 3.43e-03 replaced with parameter deviation 1.23
Reinitializing complex 5, running simulations.
Complex 5 with parameter deviation 3.66e-03 replaced with parameter deviation 1.36
Reinitializing complex 2, running simulations.
Complex 2 with parameter deviation 6.35e-03 replaced with parameter deviation 1.09
Reinitializing complex 1, running simulations.
Complex 1 with parameter deviation 9.23e-03 replaced with parameter deviation 1.15
191		48329.64	1.701e-06	1.495e-02	1.460e-08	21	441
Reinitializing complex 14, running simulations.
Complex 14 with parameter deviation 8.44e-03 replaced with parameter deviation 1.10
Reinitializing complex 12, running simulations.
Complex 12 with parameter deviation 7.31e-03 replaced with parameter deviation 1.20
Reinitializing complex 11, running simulations.
Complex 11 with parameter deviation 4.64e-03 replaced with parameter deviation 1.23
Reinitializing complex 10, running simulations.
Complex 10 with parameter deviation 2.24e-03 replaced with parameter deviation 1.20
Reinitializing complex 9, running simulations.
Complex 9 with parameter deviation 2.20e-03 replaced with parameter deviation 1.39
Reinitializing complex 8, running simulations.
Complex 8 with parameter deviation 5.61e-03 replaced with parameter deviation 1.16
Reinitializing complex 7, running simulations.
Complex 7 with parameter deviation 9.76e-03 replaced with parameter deviation 1.15
Reinitializing complex 6, running simulations.
Complex 6 with parameter deviation 1.99e-03 replaced with parameter deviation 1.17
Reinitializing complex 5, running simulations.
Complex 5 with parameter deviation 4.19e-03 replaced with parameter deviation 1.16
Reinitializing complex 3, running simulations.
Complex 3 with parameter deviation 8.91e-03 replaced with parameter deviation 1.16
Reinitializing complex 1, running simulations.
Complex 1 with parameter deviation 4.71e-03 replaced with parameter deviation 1.17
192		48594.18	1.701e-06	7.502e-03	1.413e-08	21	441
Reinitializing complex 12, running simulations.
Complex 12 with parameter deviation 9.11e-03 replaced with parameter deviation 1.09
Reinitializing complex 9, running simulations.
Complex 9 with parameter deviation 1.77e-03 replaced with parameter deviation 1.20
Reinitializing complex 8, running simulations.
Complex 8 with parameter deviation 9.06e-03 replaced with parameter deviation 1.04
Reinitializing complex 7, running simulations.
Complex 7 with parameter deviation 4.94e-03 replaced with parameter deviation 1.07
Reinitializing complex 6, running simulations.
Complex 6 with parameter deviation 2.43e-03 replaced with parameter deviation 1.17
Reinitializing complex 5, running simulations.
Complex 5 with parameter deviation 2.75e-03 replaced with parameter deviation 1.13
Reinitializing complex 4, running simulations.
Complex 4 with parameter deviation 5.64e-03 replaced with parameter deviation 1.06
Reinitializing complex 3, running simulations.
Complex 3 with parameter deviation 4.64e-03 replaced with parameter deviation 1.10
Reinitializing complex 2, running simulations.
Complex 2 with parameter deviation 4.98e-03 replaced with parameter deviation 1.21
Reinitializing complex 1, running simulations.
Complex 1 with parameter deviation 5.10e-03 replaced with parameter deviation 1.20
193		48886.57	1.700e-06	1.309e-02	1.377e-08	21	441
Reinitializing complex 12, running simulations.
Complex 12 with parameter deviation 9.00e-03 replaced with parameter deviation 1.19
Reinitializing complex 11, running simulations.
Complex 11 with parameter deviation 9.04e-03 replaced with parameter deviation 0.97
Reinitializing complex 10, running simulations.
Complex 10 with parameter deviation 6.12e-03 replaced with parameter deviation 1.19
Reinitializing complex 9, running simulations.
Complex 9 with parameter deviation 2.61e-03 replaced with parameter deviation 1.18
Reinitializing complex 8, running simulations.
Complex 8 with parameter deviation 6.66e-03 replaced with parameter deviation 1.08
Reinitializing complex 7, running simulations.
Complex 7 with parameter deviation 5.98e-03 replaced with parameter deviation 1.07
Reinitializing complex 6, running simulations.
Complex 6 with parameter deviation 6.16e-03 replaced with parameter deviation 1.24
Reinitializing complex 5, running simulations.
Complex 5 with parameter deviation 4.86e-03 replaced with parameter deviation 1.21
Reinitializing complex 4, running simulations.
Complex 4 with parameter deviation 9.48e-03 replaced with parameter deviation 1.07
Reinitializing complex 3, running simulations.
Complex 3 with parameter deviation 3.39e-03 replaced with parameter deviation 1.05
Reinitializing complex 1, running simulations.
Complex 1 with parameter deviation 5.40e-03 replaced with parameter deviation 1.12
194		49176.25	1.700e-06	9.028e-03	1.356e-08	21	441
Reinitializing complex 12, running simulations.
Complex 12 with parameter deviation 9.06e-03 replaced with parameter deviation 1.28
Reinitializing complex 11, running simulations.
Complex 11 with parameter deviation 6.04e-03 replaced with parameter deviation 1.01
Reinitializing complex 10, running simulations.
Complex 10 with parameter deviation 5.56e-03 replaced with parameter deviation 1.16
Reinitializing complex 9, running simulations.
Complex 9 with parameter deviation 4.41e-03 replaced with parameter deviation 1.08
Reinitializing complex 8, running simulations.
Complex 8 with parameter deviation 7.95e-03 replaced with parameter deviation 1.08
Reinitializing complex 6, running simulations.
Complex 6 with parameter deviation 4.24e-03 replaced with parameter deviation 1.17
Reinitializing complex 4, running simulations.
Complex 4 with parameter deviation 5.29e-03 replaced with parameter deviation 1.12
Reinitializing complex 3, running simulations.
Complex 3 with parameter deviation 6.45e-03 replaced with parameter deviation 1.22
Reinitializing complex 2, running simulations.
Complex 2 with parameter deviation 5.94e-03 replaced with parameter deviation 1.12
Reinitializing complex 1, running simulations.
Complex 1 with parameter deviation 3.64e-03 replaced with parameter deviation 1.20
195		49445.20	1.700e-06	1.462e-02	1.345e-08	21	441
Reinitializing complex 11, running simulations.
Complex 11 with parameter deviation 3.30e-03 replaced with parameter deviation 1.31
Reinitializing complex 10, running simulations.
Complex 10 with parameter deviation 5.14e-03 replaced with parameter deviation 1.18
Reinitializing complex 9, running simulations.
Complex 9 with parameter deviation 4.96e-03 replaced with parameter deviation 1.14
Reinitializing complex 8, running simulations.
Complex 8 with parameter deviation 8.80e-03 replaced with parameter deviation 1.40
Reinitializing complex 7, running simulations.
Complex 7 with parameter deviation 7.31e-03 replaced with parameter deviation 1.09
Reinitializing complex 5, running simulations.
Complex 5 with parameter deviation 8.00e-03 replaced with parameter deviation 1.05
Reinitializing complex 3, running simulations.
Complex 3 with parameter deviation 2.92e-03 replaced with parameter deviation 1.16
Reinitializing complex 2, running simulations.
Complex 2 with parameter deviation 2.84e-03 replaced with parameter deviation 1.15
Reinitializing complex 1, running simulations.
Complex 1 with parameter deviation 3.47e-03 replaced with parameter deviation 1.15
196		49717.73	1.700e-06	1.002e-02	1.354e-08	21	441
Reinitializing complex 11, running simulations.
Complex 11 with parameter deviation 3.40e-03 replaced with parameter deviation 1.06
Reinitializing complex 10, running simulations.
Complex 10 with parameter deviation 3.18e-03 replaced with parameter deviation 1.12
Reinitializing complex 9, running simulations.
Complex 9 with parameter deviation 7.04e-03 replaced with parameter deviation 1.08
Reinitializing complex 4, running simulations.
Complex 4 with parameter deviation 2.94e-03 replaced with parameter deviation 1.24
Reinitializing complex 3, running simulations.
Complex 3 with parameter deviation 2.18e-03 replaced with parameter deviation 1.21
Reinitializing complex 2, running simulations.
Complex 2 with parameter deviation 2.39e-03 replaced with parameter deviation 1.25
Reinitializing complex 1, running simulations.
Complex 1 with parameter deviation 2.82e-03 replaced with parameter deviation 1.27
197		50008.81	1.700e-06	1.362e-02	9.988e-09	21	441
Reinitializing complex 11, running simulations.
Complex 11 with parameter deviation 3.69e-03 replaced with parameter deviation 1.11
Reinitializing complex 10, running simulations.
Complex 10 with parameter deviation 2.48e-03 replaced with parameter deviation 1.43
Reinitializing complex 9, running simulations.
Complex 9 with parameter deviation 4.06e-03 replaced with parameter deviation 1.13
Reinitializing complex 7, running simulations.
Complex 7 with parameter deviation 3.94e-03 replaced with parameter deviation 1.13
Reinitializing complex 6, running simulations.
Complex 6 with parameter deviation 4.80e-03 replaced with parameter deviation 1.17
Reinitializing complex 5, running simulations.
Complex 5 with parameter deviation 5.28e-03 replaced with parameter deviation 1.12
Reinitializing complex 4, running simulations.
Complex 4 with parameter deviation 2.22e-03 replaced with parameter deviation 1.16
Reinitializing complex 3, running simulations.
Complex 3 with parameter deviation 5.57e-03 replaced with parameter deviation 1.02
Reinitializing complex 2, running simulations.
Complex 2 with parameter deviation 2.83e-03 replaced with parameter deviation 1.22
Reinitializing complex 1, running simulations.
Complex 1 with parameter deviation 6.72e-03 replaced with parameter deviation 1.29
198		50266.72	1.700e-06	7.597e-03	6.929e-09	21	441
Reinitializing complex 11, running simulations.
Complex 11 with parameter deviation 4.44e-03 replaced with parameter deviation 1.15
Reinitializing complex 10, running simulations.
Complex 10 with parameter deviation 2.01e-03 replaced with parameter deviation 1.09
Reinitializing complex 9, running simulations.
Complex 9 with parameter deviation 6.91e-03 replaced with parameter deviation 1.36
Reinitializing complex 7, running simulations.
Complex 7 with parameter deviation 6.00e-03 replaced with parameter deviation 1.14
Reinitializing complex 6, running simulations.
Complex 6 with parameter deviation 3.97e-03 replaced with parameter deviation 1.06
Reinitializing complex 5, running simulations.
Complex 5 with parameter deviation 5.40e-03 replaced with parameter deviation 1.14
Reinitializing complex 4, running simulations.
Complex 4 with parameter deviation 5.82e-03 replaced with parameter deviation 1.18
Reinitializing complex 3, running simulations.
Complex 3 with parameter deviation 3.36e-03 replaced with parameter deviation 1.09
Reinitializing complex 2, running simulations.
Complex 2 with parameter deviation 4.88e-03 replaced with parameter deviation 1.13
Reinitializing complex 1, running simulations.
Complex 1 with parameter deviation 2.35e-03 replaced with parameter deviation 1.20
199		50529.39	1.700e-06	1.048e-02	3.192e-09	21	441
Reinitializing complex 11, running simulations.
Complex 11 with parameter deviation 4.57e-03 replaced with parameter deviation 1.09
Reinitializing complex 10, running simulations.
Complex 10 with parameter deviation 1.73e-03 replaced with parameter deviation 0.96
Reinitializing complex 9, running simulations.
Complex 9 with parameter deviation 7.89e-03 replaced with parameter deviation 1.07
Reinitializing complex 7, running simulations.
Complex 7 with parameter deviation 3.05e-03 replaced with parameter deviation 1.18
Reinitializing complex 6, running simulations.
Complex 6 with parameter deviation 4.64e-03 replaced with parameter deviation 1.15
Reinitializing complex 5, running simulations.
Complex 5 with parameter deviation 3.83e-03 replaced with parameter deviation 1.08
Reinitializing complex 4, running simulations.
Complex 4 with parameter deviation 2.92e-03 replaced with parameter deviation 1.08
Reinitializing complex 3, running simulations.
Complex 3 with parameter deviation 2.81e-03 replaced with parameter deviation 1.20
Reinitializing complex 2, running simulations.
Complex 2 with parameter deviation 3.12e-03 replaced with parameter deviation 1.14
Reinitializing complex 1, running simulations.
Complex 1 with parameter deviation 3.28e-03 replaced with parameter deviation 1.03
200		50825.85	1.700e-06	1.974e-02	2.607e-09	21	441
Reinitializing complex 11, running simulations.
Complex 11 with parameter deviation 4.32e-03 replaced with parameter deviation 1.10
Reinitializing complex 10, running simulations.
Complex 10 with parameter deviation 9.85e-04 replaced with parameter deviation 0.95
Reinitializing complex 9, running simulations.
Complex 9 with parameter deviation 9.88e-03 replaced with parameter deviation 1.21
Reinitializing complex 7, running simulations.
Complex 7 with parameter deviation 4.32e-03 replaced with parameter deviation 1.09
Reinitializing complex 6, running simulations.
Complex 6 with parameter deviation 3.13e-03 replaced with parameter deviation 1.23
Reinitializing complex 5, running simulations.
Complex 5 with parameter deviation 6.15e-03 replaced with parameter deviation 1.13
Reinitializing complex 4, running simulations.
Complex 4 with parameter deviation 2.69e-03 replaced with parameter deviation 1.20
Reinitializing complex 3, running simulations.
Complex 3 with parameter deviation 3.72e-03 replaced with parameter deviation 1.10
Reinitializing complex 2, running simulations.
Complex 2 with parameter deviation 2.11e-03 replaced with parameter deviation 1.04
Reinitializing complex 1, running simulations.
Complex 1 with parameter deviation 3.19e-03 replaced with parameter deviation 1.17
201		51110.36	1.700e-06	1.576e-02	2.670e-09	21	441
Reinitializing complex 12, running simulations.
Complex 12 with parameter deviation 9.96e-03 replaced with parameter deviation 1.29
Reinitializing complex 10, running simulations.
Complex 10 with parameter deviation 5.82e-04 replaced with parameter deviation 1.15
Reinitializing complex 9, running simulations.
Complex 9 with parameter deviation 9.61e-03 replaced with parameter deviation 1.15
Reinitializing complex 7, running simulations.
Complex 7 with parameter deviation 1.73e-03 replaced with parameter deviation 1.16
Reinitializing complex 6, running simulations.
Complex 6 with parameter deviation 3.62e-03 replaced with parameter deviation 1.08
Reinitializing complex 5, running simulations.
Complex 5 with parameter deviation 3.96e-03 replaced with parameter deviation 1.01
Reinitializing complex 4, running simulations.
Complex 4 with parameter deviation 2.69e-03 replaced with parameter deviation 1.05
Reinitializing complex 3, running simulations.
Complex 3 with parameter deviation 2.65e-03 replaced with parameter deviation 1.42
Reinitializing complex 2, running simulations.
Complex 2 with parameter deviation 3.60e-03 replaced with parameter deviation 1.05
Reinitializing complex 1, running simulations.
Complex 1 with parameter deviation 4.60e-03 replaced with parameter deviation 1.12
202		51379.68	1.699e-06	1.020e-02	2.604e-09	21	441
Reinitializing complex 10, running simulations.
Complex 10 with parameter deviation 8.13e-04 replaced with parameter deviation 1.08
Reinitializing complex 7, running simulations.
Complex 7 with parameter deviation 5.42e-03 replaced with parameter deviation 1.21
Reinitializing complex 6, running simulations.
Complex 6 with parameter deviation 3.59e-03 replaced with parameter deviation 1.18
Reinitializing complex 5, running simulations.
Complex 5 with parameter deviation 5.70e-03 replaced with parameter deviation 1.16
Reinitializing complex 4, running simulations.
Complex 4 with parameter deviation 4.69e-03 replaced with parameter deviation 0.94
Reinitializing complex 3, running simulations.
Complex 3 with parameter deviation 4.92e-03 replaced with parameter deviation 1.03
Reinitializing complex 2, running simulations.
Complex 2 with parameter deviation 2.23e-03 replaced with parameter deviation 1.10
Reinitializing complex 1, running simulations.
Complex 1 with parameter deviation 2.53e-03 replaced with parameter deviation 1.00
203		51660.37	1.699e-06	4.672e-03	2.513e-09	21	441
Reinitializing complex 7, running simulations.
Complex 7 with parameter deviation 2.27e-03 replaced with parameter deviation 1.17
Reinitializing complex 6, running simulations.
Complex 6 with parameter deviation 3.02e-03 replaced with parameter deviation 1.28
Reinitializing complex 5, running simulations.
Complex 5 with parameter deviation 3.14e-03 replaced with parameter deviation 1.16
Reinitializing complex 4, running simulations.
Complex 4 with parameter deviation 2.11e-03 replaced with parameter deviation 1.05
Reinitializing complex 3, running simulations.
Complex 3 with parameter deviation 2.63e-03 replaced with parameter deviation 1.13
Reinitializing complex 2, running simulations.
Complex 2 with parameter deviation 1.80e-03 replaced with parameter deviation 1.14
Reinitializing complex 1, running simulations.
Complex 1 with parameter deviation 3.80e-03 replaced with parameter deviation 1.22
204		51961.28	1.699e-06	1.937e-02	2.604e-09	21	441
Reinitializing complex 13, running simulations.
Complex 13 with parameter deviation 8.64e-03 replaced with parameter deviation 1.23
Reinitializing complex 7, running simulations.
Complex 7 with parameter deviation 1.89e-03 replaced with parameter deviation 1.19
Reinitializing complex 6, running simulations.
Complex 6 with parameter deviation 3.49e-03 replaced with parameter deviation 1.19
Reinitializing complex 5, running simulations.
Complex 5 with parameter deviation 2.45e-03 replaced with parameter deviation 1.10
Reinitializing complex 4, running simulations.
Complex 4 with parameter deviation 3.08e-03 replaced with parameter deviation 1.35
Reinitializing complex 3, running simulations.
Complex 3 with parameter deviation 1.61e-03 replaced with parameter deviation 1.29
Reinitializing complex 2, running simulations.
Complex 2 with parameter deviation 1.90e-03 replaced with parameter deviation 1.18
Reinitializing complex 1, running simulations.
Complex 1 with parameter deviation 1.97e-03 replaced with parameter deviation 1.11
205		52229.38	1.699e-06	1.472e-02	2.544e-09	21	441
Reinitializing complex 10, running simulations.
Complex 10 with parameter deviation 7.46e-03 replaced with parameter deviation 1.20
Reinitializing complex 7, running simulations.
Complex 7 with parameter deviation 2.82e-03 replaced with parameter deviation 1.05
Reinitializing complex 6, running simulations.
Complex 6 with parameter deviation 2.51e-03 replaced with parameter deviation 1.05
Reinitializing complex 5, running simulations.
Complex 5 with parameter deviation 2.36e-03 replaced with parameter deviation 1.21
Reinitializing complex 4, running simulations.
Complex 4 with parameter deviation 2.44e-03 replaced with parameter deviation 1.21
Reinitializing complex 3, running simulations.
Complex 3 with parameter deviation 2.01e-03 replaced with parameter deviation 1.09
Reinitializing complex 2, running simulations.
Complex 2 with parameter deviation 1.88e-03 replaced with parameter deviation 1.22
Reinitializing complex 1, running simulations.
Complex 1 with parameter deviation 2.52e-03 replaced with parameter deviation 1.11
206		52487.85	1.698e-06	1.313e-02	2.619e-09	21	441
Reinitializing complex 10, running simulations.
Complex 10 with parameter deviation 5.21e-03 replaced with parameter deviation 1.10
Reinitializing complex 7, running simulations.
Complex 7 with parameter deviation 1.59e-03 replaced with parameter deviation 1.22
Reinitializing complex 6, running simulations.
Complex 6 with parameter deviation 2.09e-03 replaced with parameter deviation 1.22
Reinitializing complex 5, running simulations.
Complex 5 with parameter deviation 4.43e-03 replaced with parameter deviation 1.21
Reinitializing complex 4, running simulations.
Complex 4 with parameter deviation 1.77e-03 replaced with parameter deviation 1.24
Reinitializing complex 3, running simulations.
Complex 3 with parameter deviation 1.71e-03 replaced with parameter deviation 1.07
Reinitializing complex 2, running simulations.
Complex 2 with parameter deviation 4.42e-03 replaced with parameter deviation 1.22
Reinitializing complex 1, running simulations.
Complex 1 with parameter deviation 1.80e-03 replaced with parameter deviation 1.16
207		52758.42	1.698e-06	8.685e-03	2.701e-09	21	441
Reinitializing complex 7, running simulations.
Complex 7 with parameter deviation 1.91e-03 replaced with parameter deviation 1.02
Reinitializing complex 6, running simulations.
Complex 6 with parameter deviation 2.42e-03 replaced with parameter deviation 1.24
Reinitializing complex 5, running simulations.
Complex 5 with parameter deviation 2.05e-03 replaced with parameter deviation 1.16
Reinitializing complex 4, running simulations.
Complex 4 with parameter deviation 1.95e-03 replaced with parameter deviation 1.06
Reinitializing complex 3, running simulations.
Complex 3 with parameter deviation 1.77e-03 replaced with parameter deviation 1.22
Reinitializing complex 2, running simulations.
Complex 2 with parameter deviation 1.78e-03 replaced with parameter deviation 1.00
Reinitializing complex 1, running simulations.
Complex 1 with parameter deviation 1.67e-03 replaced with parameter deviation 1.10
208		53037.28	1.697e-06	1.672e-02	3.163e-09	21	441
Reinitializing complex 9, running simulations.
Complex 9 with parameter deviation 2.11e-03 replaced with parameter deviation 1.10
Reinitializing complex 7, running simulations.
Complex 7 with parameter deviation 2.33e-03 replaced with parameter deviation 1.17
Reinitializing complex 6, running simulations.
Complex 6 with parameter deviation 2.94e-03 replaced with parameter deviation 1.19
Reinitializing complex 5, running simulations.
Complex 5 with parameter deviation 2.21e-03 replaced with parameter deviation 1.07
Reinitializing complex 4, running simulations.
Complex 4 with parameter deviation 5.71e-03 replaced with parameter deviation 1.16
Reinitializing complex 3, running simulations.
Complex 3 with parameter deviation 1.94e-03 replaced with parameter deviation 1.11
Reinitializing complex 2, running simulations.
Complex 2 with parameter deviation 3.45e-03 replaced with parameter deviation 1.16
Reinitializing complex 1, running simulations.
Complex 1 with parameter deviation 2.30e-03 replaced with parameter deviation 1.14
209		53284.50	1.697e-06	4.672e-03	3.209e-09	21	441
Reinitializing complex 10, running simulations.
Complex 10 with parameter deviation 8.24e-03 replaced with parameter deviation 1.09
Reinitializing complex 9, running simulations.
Complex 9 with parameter deviation 2.65e-03 replaced with parameter deviation 1.09
Reinitializing complex 7, running simulations.
Complex 7 with parameter deviation 4.71e-03 replaced with parameter deviation 1.00
Reinitializing complex 6, running simulations.
Complex 6 with parameter deviation 2.84e-03 replaced with parameter deviation 1.17
Reinitializing complex 5, running simulations.
Complex 5 with parameter deviation 2.72e-03 replaced with parameter deviation 1.05
Reinitializing complex 4, running simulations.
Complex 4 with parameter deviation 2.11e-03 replaced with parameter deviation 1.11
Reinitializing complex 3, running simulations.
Complex 3 with parameter deviation 2.38e-03 replaced with parameter deviation 1.09
Reinitializing complex 2, running simulations.
Complex 2 with parameter deviation 4.09e-03 replaced with parameter deviation 1.11
Reinitializing complex 1, running simulations.
Complex 1 with parameter deviation 2.53e-03 replaced with parameter deviation 1.28
210		53549.27	1.697e-06	1.198e-02	3.526e-09	21	441
Reinitializing complex 10, running simulations.
Complex 10 with parameter deviation 9.39e-03 replaced with parameter deviation 1.13
Reinitializing complex 9, running simulations.
Complex 9 with parameter deviation 3.93e-03 replaced with parameter deviation 1.16
Reinitializing complex 6, running simulations.
Complex 6 with parameter deviation 2.70e-03 replaced with parameter deviation 1.01
Reinitializing complex 5, running simulations.
Complex 5 with parameter deviation 2.47e-03 replaced with parameter deviation 1.00
Reinitializing complex 4, running simulations.
Complex 4 with parameter deviation 3.04e-03 replaced with parameter deviation 1.08
Reinitializing complex 3, running simulations.
Complex 3 with parameter deviation 1.70e-03 replaced with parameter deviation 1.17
Reinitializing complex 2, running simulations.
Complex 2 with parameter deviation 1.43e-03 replaced with parameter deviation 1.09
Reinitializing complex 1, running simulations.
Complex 1 with parameter deviation 1.86e-03 replaced with parameter deviation 1.26
211		53840.12	1.696e-06	6.507e-03	3.801e-09	21	441
Reinitializing complex 10, running simulations.
Complex 10 with parameter deviation 9.77e-03 replaced with parameter deviation 1.17
Reinitializing complex 9, running simulations.
Complex 9 with parameter deviation 4.99e-03 replaced with parameter deviation 1.18
Reinitializing complex 8, running simulations.
Complex 8 with parameter deviation 3.43e-03 replaced with parameter deviation 1.18
Reinitializing complex 6, running simulations.
Complex 6 with parameter deviation 1.33e-03 replaced with parameter deviation 1.33
Reinitializing complex 5, running simulations.
Complex 5 with parameter deviation 1.08e-03 replaced with parameter deviation 1.20
Reinitializing complex 4, running simulations.
Complex 4 with parameter deviation 8.74e-04 replaced with parameter deviation 1.07
Reinitializing complex 3, running simulations.
Complex 3 with parameter deviation 1.04e-03 replaced with parameter deviation 1.12
Reinitializing complex 2, running simulations.
Complex 2 with parameter deviation 1.03e-03 replaced with parameter deviation 1.05
Reinitializing complex 1, running simulations.
Complex 1 with parameter deviation 8.13e-04 replaced with parameter deviation 1.16
212		54096.28	1.696e-06	1.808e-02	3.770e-09	21	441
Reinitializing complex 10, running simulations.
Complex 10 with parameter deviation 8.46e-03 replaced with parameter deviation 1.15
Reinitializing complex 9, running simulations.
Complex 9 with parameter deviation 3.13e-03 replaced with parameter deviation 1.11
Reinitializing complex 8, running simulations.
Complex 8 with parameter deviation 1.52e-03 replaced with parameter deviation 1.06
Reinitializing complex 6, running simulations.
Complex 6 with parameter deviation 1.68e-03 replaced with parameter deviation 1.22
Reinitializing complex 5, running simulations.
Complex 5 with parameter deviation 1.07e-03 replaced with parameter deviation 1.24
Reinitializing complex 4, running simulations.
Complex 4 with parameter deviation 8.61e-04 replaced with parameter deviation 1.17
Reinitializing complex 3, running simulations.
Complex 3 with parameter deviation 7.66e-04 replaced with parameter deviation 1.10
Reinitializing complex 2, running simulations.
Complex 2 with parameter deviation 6.46e-04 replaced with parameter deviation 1.28
Reinitializing complex 1, running simulations.
Complex 1 with parameter deviation 6.32e-04 replaced with parameter deviation 1.09
213		54350.91	1.696e-06	8.820e-03	3.819e-09	21	441
Reinitializing complex 9, running simulations.
Complex 9 with parameter deviation 5.53e-03 replaced with parameter deviation 1.32
Reinitializing complex 8, running simulations.
Complex 8 with parameter deviation 1.81e-03 replaced with parameter deviation 1.20
Reinitializing complex 6, running simulations.
Complex 6 with parameter deviation 1.43e-03 replaced with parameter deviation 1.09
Reinitializing complex 5, running simulations.
Complex 5 with parameter deviation 8.06e-04 replaced with parameter deviation 1.20
Reinitializing complex 4, running simulations.
Complex 4 with parameter deviation 6.56e-04 replaced with parameter deviation 0.98
Reinitializing complex 3, running simulations.
Complex 3 with parameter deviation 1.18e-03 replaced with parameter deviation 1.18
Reinitializing complex 2, running simulations.
Complex 2 with parameter deviation 6.08e-04 replaced with parameter deviation 1.30
Reinitializing complex 1, running simulations.
Complex 1 with parameter deviation 3.80e-04 replaced with parameter deviation 1.17
214		54632.30	1.696e-06	1.311e-02	3.636e-09	21	441
Reinitializing complex 9, running simulations.
Complex 9 with parameter deviation 5.02e-03 replaced with parameter deviation 1.14
Reinitializing complex 8, running simulations.
Complex 8 with parameter deviation 5.75e-03 replaced with parameter deviation 1.19
Reinitializing complex 6, running simulations.
Complex 6 with parameter deviation 2.31e-03 replaced with parameter deviation 1.33
Reinitializing complex 5, running simulations.
Complex 5 with parameter deviation 5.59e-04 replaced with parameter deviation 1.17
Reinitializing complex 4, running simulations.
Complex 4 with parameter deviation 4.40e-04 replaced with parameter deviation 1.24
Reinitializing complex 3, running simulations.
Complex 3 with parameter deviation 3.81e-04 replaced with parameter deviation 1.18
Reinitializing complex 2, running simulations.
Complex 2 with parameter deviation 7.29e-04 replaced with parameter deviation 1.32
Reinitializing complex 1, running simulations.
Complex 1 with parameter deviation 2.20e-04 replaced with parameter deviation 1.18
215		54896.94	1.696e-06	4.672e-03	3.541e-09	21	441
Reinitializing complex 11, running simulations.
Complex 11 with parameter deviation 5.52e-03 replaced with parameter deviation 1.08
Reinitializing complex 10, running simulations.
Complex 10 with parameter deviation 7.44e-03 replaced with parameter deviation 1.15
Reinitializing complex 9, running simulations.
Complex 9 with parameter deviation 6.93e-03 replaced with parameter deviation 1.08
Reinitializing complex 8, running simulations.
Complex 8 with parameter deviation 6.01e-03 replaced with parameter deviation 1.32
Reinitializing complex 5, running simulations.
Complex 5 with parameter deviation 9.91e-04 replaced with parameter deviation 1.13
Reinitializing complex 4, running simulations.
Complex 4 with parameter deviation 5.50e-04 replaced with parameter deviation 1.20
Reinitializing complex 3, running simulations.
Complex 3 with parameter deviation 4.59e-04 replaced with parameter deviation 1.05
Reinitializing complex 2, running simulations.
Complex 2 with parameter deviation 5.27e-04 replaced with parameter deviation 1.23
Reinitializing complex 1, running simulations.
Complex 1 with parameter deviation 4.19e-04 replaced with parameter deviation 1.06
216		55146.31	1.696e-06	2.121e-02	3.488e-09	21	441
Reinitializing complex 8, running simulations.
Complex 8 with parameter deviation 9.12e-03 replaced with parameter deviation 1.38
Reinitializing complex 7, running simulations.
Complex 7 with parameter deviation 4.02e-03 replaced with parameter deviation 1.10
Reinitializing complex 5, running simulations.
Complex 5 with parameter deviation 6.91e-04 replaced with parameter deviation 1.04
Reinitializing complex 4, running simulations.
Complex 4 with parameter deviation 5.29e-04 replaced with parameter deviation 1.07
Reinitializing complex 3, running simulations.
Complex 3 with parameter deviation 3.05e-04 replaced with parameter deviation 1.22
Reinitializing complex 2, running simulations.
Complex 2 with parameter deviation 3.86e-04 replaced with parameter deviation 0.98
Reinitializing complex 1, running simulations.
Complex 1 with parameter deviation 2.42e-04 replaced with parameter deviation 1.19
217		55413.13	1.696e-06	8.717e-03	3.120e-09	21	441
Reinitializing complex 10, running simulations.
Complex 10 with parameter deviation 7.31e-03 replaced with parameter deviation 1.09
Reinitializing complex 9, running simulations.
Complex 9 with parameter deviation 8.02e-03 replaced with parameter deviation 0.89
Reinitializing complex 8, running simulations.
Complex 8 with parameter deviation 4.63e-03 replaced with parameter deviation 1.14
Reinitializing complex 7, running simulations.
Complex 7 with parameter deviation 4.50e-03 replaced with parameter deviation 1.26
Reinitializing complex 6, running simulations.
Complex 6 with parameter deviation 5.17e-03 replaced with parameter deviation 1.18
Reinitializing complex 4, running simulations.
Complex 4 with parameter deviation 3.82e-04 replaced with parameter deviation 1.28
Reinitializing complex 3, running simulations.
Complex 3 with parameter deviation 4.64e-04 replaced with parameter deviation 1.00
Reinitializing complex 2, running simulations.
Complex 2 with parameter deviation 3.30e-04 replaced with parameter deviation 1.16
Reinitializing complex 1, running simulations.
Complex 1 with parameter deviation 3.33e-04 replaced with parameter deviation 1.23
218		55697.99	1.696e-06	1.127e-02	2.944e-09	21	441
Reinitializing complex 6, running simulations.
Complex 6 with parameter deviation 9.24e-03 replaced with parameter deviation 1.18
Reinitializing complex 4, running simulations.
Complex 4 with parameter deviation 9.77e-04 replaced with parameter deviation 1.12
Reinitializing complex 3, running simulations.
Complex 3 with parameter deviation 3.84e-04 replaced with parameter deviation 1.22
Reinitializing complex 2, running simulations.
Complex 2 with parameter deviation 4.06e-04 replaced with parameter deviation 1.11
Reinitializing complex 1, running simulations.
Complex 1 with parameter deviation 3.69e-04 replaced with parameter deviation 1.27
219		55972.73	1.696e-06	9.456e-03	2.556e-09	21	441
Reinitializing complex 9, running simulations.
Complex 9 with parameter deviation 8.26e-03 replaced with parameter deviation 1.20
Reinitializing complex 7, running simulations.
Complex 7 with parameter deviation 8.24e-03 replaced with parameter deviation 1.14
Reinitializing complex 6, running simulations.
Complex 6 with parameter deviation 5.29e-03 replaced with parameter deviation 1.21
Reinitializing complex 5, running simulations.
Complex 5 with parameter deviation 4.89e-03 replaced with parameter deviation 1.34
Reinitializing complex 3, running simulations.
Complex 3 with parameter deviation 4.03e-04 replaced with parameter deviation 1.26
Reinitializing complex 2, running simulations.
Complex 2 with parameter deviation 5.01e-04 replaced with parameter deviation 1.18
Reinitializing complex 1, running simulations.
Complex 1 with parameter deviation 1.60e-04 replaced with parameter deviation 1.08
220		56232.17	1.696e-06	1.651e-02	2.410e-09	21	441
Reinitializing complex 8, running simulations.
Complex 8 with parameter deviation 6.77e-03 replaced with parameter deviation 1.11
Reinitializing complex 7, running simulations.
Complex 7 with parameter deviation 8.18e-03 replaced with parameter deviation 1.02
Reinitializing complex 6, running simulations.
Complex 6 with parameter deviation 6.35e-03 replaced with parameter deviation 1.26
Reinitializing complex 5, running simulations.
Complex 5 with parameter deviation 4.67e-03 replaced with parameter deviation 1.36
Reinitializing complex 4, running simulations.
Complex 4 with parameter deviation 3.32e-03 replaced with parameter deviation 1.05
Reinitializing complex 2, running simulations.
Complex 2 with parameter deviation 2.73e-04 replaced with parameter deviation 1.20
Reinitializing complex 1, running simulations.
Complex 1 with parameter deviation 1.57e-04 replaced with parameter deviation 1.10
221		56510.37	1.696e-06	5.144e-03	2.087e-09	21	441
Reinitializing complex 12, running simulations.
Complex 12 with parameter deviation 9.98e-03 replaced with parameter deviation 1.17
Reinitializing complex 7, running simulations.
Complex 7 with parameter deviation 8.59e-03 replaced with parameter deviation 1.17
Reinitializing complex 5, running simulations.
Complex 5 with parameter deviation 8.15e-03 replaced with parameter deviation 1.29
Reinitializing complex 4, running simulations.
Complex 4 with parameter deviation 5.27e-03 replaced with parameter deviation 1.25
Reinitializing complex 3, running simulations.
Complex 3 with parameter deviation 1.98e-03 replaced with parameter deviation 1.05
Reinitializing complex 1, running simulations.
Complex 1 with parameter deviation 1.81e-04 replaced with parameter deviation 1.18
222		56774.72	1.696e-06	1.404e-02	1.815e-09	21	441
Reinitializing complex 4, running simulations.
Complex 4 with parameter deviation 9.53e-03 replaced with parameter deviation 1.20
Reinitializing complex 1, running simulations.
Complex 1 with parameter deviation 2.35e-04 replaced with parameter deviation 1.10
223		57016.80	1.696e-06	4.672e-03	1.138e-09	21	441
Reinitializing complex 4, running simulations.
Complex 4 with parameter deviation 9.16e-03 replaced with parameter deviation 1.29
Reinitializing complex 2, running simulations.
Complex 2 with parameter deviation 7.38e-03 replaced with parameter deviation 1.25
224		57262.89	1.696e-06	1.356e-02	1.031e-09	21	441
225		57489.32	1.696e-06	4.672e-03	6.313e-10	21	441
226		57722.96	1.696e-06	4.672e-03	2.601e-10	21	441
227		57958.59	1.696e-06	4.672e-03	2.025e-10	21	441
228		58187.35	1.696e-06	4.672e-03	8.739e-11	21	441
229		58441.99	1.696e-06	4.672e-03	6.149e-11	21	441
230		58659.98	1.696e-06	4.672e-03	4.459e-11	21	441
231		58905.33	1.696e-06	4.672e-03	3.513e-11	21	441
232		59132.02	1.696e-06	4.672e-03	2.400e-11	21	441
233		59374.09	1.696e-06	4.672e-03	9.627e-12	21	441
234		59591.38	1.696e-06	4.672e-03	3.552e-12	21	441
Reinitializing complex 1, running simulations.
Complex 1 with parameter deviation 9.53e-03 replaced with parameter deviation 1.13
235		59833.56	1.696e-06	1.555e-02	2.858e-12	21	441
Reinitializing complex 4, running simulations.
Complex 4 with parameter deviation 9.44e-03 replaced with parameter deviation 1.05
236		60067.90	1.696e-06	1.487e-02	2.858e-12	21	441
A	 = 1.65e+12,
C0	 = 1.0,0.0,
Cpa	 = 5276.657438083657,405.578787594654,
E	 = 1.30e+05,
Hp	 = 178066.2042729106,
K	 = 2500.1816034983517,100000000.0,
Value	 = 1.6961860775686676e-06,
Xi	 = 0.7338086749851456,
eps	 = 0.9999998634709534,0.94,
ka	 = 0.9352873647403692,0.14581152024312,
n	 = 2.29706423576431,
nO2	 = 0.0,
rho	 = 1683.0,1235.0,
Results saved to D:\workspace\JENSENHUGHES\optimization\optimizationPaper\config\E_Glass\../../results/E_Glass/E_GlassOldConstWide_solution.txt
