C:\Users\Fyang\Workspace\optimization\optimizationPaper\config\multiReactionCharring\2Reactions\validation\../../../../results/multiReactionCharring/2Reactions/validation/charLinear2ReacFTBT10kW Log file
!!python/object/apply:collections.defaultdict
args:
- &id001 !!python/name:builtins.bool ''
dictitems:
  Duraboard:
    CprampF:
    - 1.0
    - 1.0
    CprampT:
    - 0
    - 5000
    eps: 0.8
    krampF:
    - 0.075932
    - 0.090229
    - 0.104522
    - 0.122143
    - 0.14158
    - 0.163436
    - 0.190738
    - 0.221975
    krampT:
    - 203.035
    - 317.4028
    - 426.9164
    - 536.4182
    - 647.3003
    - 757.4803
    - 867.6409
    - 981.2546
    rho: 258
    thickness: 0.0254
  XiState:
  - known
  - known
  assumeVolumeConservation: true
  cone:
    Tinit: 25
    activePhaseVars:
    - C0
    - rho
    - ka
    - kb
    - kc
    - kd
    - ke
    - Cpa
    - Cpb
    - Cpc
    - Cpd
    - Cpe
    - eps
    - K
    activeReactionVars:
    - A
    - E
    - n
    - Hp
    - nO2
    - Xi
    allowIgnition: false
    backBoundaryConditions:
      Tamb: 25
      htc: Auto
      type: INSULATED
    frontBoundaryConditions:
      Tamb: 25
      htc: Auto
    ignitionHeatFlux: 20
    ignitionThreshold: 0.0032
    weight: 1.0
  cone1: !!python/object/apply:collections.defaultdict
    args:
    - *id001
    dictitems:
      Tinit: 25
      activePhaseVars:
      - C0
      - rho
      - ka
      - kb
      - kc
      - kd
      - ke
      - Cpa
      - Cpb
      - Cpc
      - Cpd
      - Cpe
      - eps
      - K
      activeReactionVars:
      - A
      - E
      - n
      - Hp
      - nO2
      - Xi
      backBoundaryConditions: !!python/object/apply:collections.defaultdict
        args:
        - *id001
        dictitems:
          Tamb: 25
          htc: Auto
          type: INSULATED
      columns:
      - 1
      depths:
      - 0
      file: C:/Users/Fyang/Workspace/optimization/optimizationPaper/data/multiReactionCharring/multiReactionCharringFake1.csv
      finalThickness: false
      frontBoundaryConditions: !!python/object/apply:collections.defaultdict
        args:
        - *id001
        dictitems:
          Tamb: 25
          heatFlux: 10.0
          htc: 15
      ignitionHeatFlux: 20.0
      ignitionThreshold: 0.0032
      initialThickness: 0.008
      names:
      - Mass
      time: 0
      types:
      - 1
      weight: 1.0
      weights:
      - 1
      width1: 0.1016
      width2: 0.1016
  configDir: C:\Users\Fyang\Workspace\optimization\optimizationPaper\config\multiReactionCharring\2Reactions\validation\
  dataSources:
    names:
    - cone1
    types:
    - cone
  dsc:
    activePhaseVars:
    - C0
    - Cpa
    - Cpb
    - Cpc
    - Cpd
    - Cpe
    activeReactionVars:
    - A
    - E
    - n
    - Hp
    dscO2: None
    weight: 1.0
  fdsPath: C:\Program Files\FDS\FDS6\bin
  keepTemporaryFiles: true
  name: charLinear2ReacFTBT10kW
  optimizeParams:
    absErr: 1e-9
    absRelErr: 1e-6
    elimThresh: 1e-2
    maxIter: -1
    maxTime: -1
    minIter: -1
    minP: 2
    opAlpha: 1
    opBeta: 1
    opP: 1
    opQ: 1
    opS: 1
    relErr: 1e-12
    relIter: 15
  outputParams:
    saveAllSamples: true
  phaseParams:
    C0:
    - - 1
      - 0
      - 1
    - - 0
      - 1189
      - 1189
    Cpa:
    - - !!python/object/apply:numpy.core.multiarray.scalar
        - &id002 !!python/object/apply:numpy.dtype
          args:
          - f8
          - 0
          - 1
          state: !!python/tuple
          - 3
          - <
          - null
          - null
          - null
          - -1
          - -1
          - 0
        - !!binary |
          HvhTn8UXkUA=
      - 1000
      - 2800
    - - !!python/object/apply:numpy.core.multiarray.scalar
        - *id002
        - !!binary |
          EkzDGjAXj0A=
      - 1189
      - 1189
    Cpb:
    - - !!python/object/apply:numpy.core.multiarray.scalar
        - *id002
        - !!binary |
          +ttYZqt5rD8=
      - 0.0
      - 0.0
    - - !!python/object/apply:numpy.core.multiarray.scalar
        - *id002
        - !!binary |
          2l2AMgdo1D8=
      - 1189
      - 1189
    Cpc:
    - - 0.0
      - 0.0
      - 0.0
    - - 0.0
      - 0.0
      - 0.0
    Cpd:
    - - 0.0
      - 0.0
      - 0.0
    - - 0.0
      - 0.0
      - 0.0
    Cpe:
    - &id003
      - 0
      - 0
      - 1
    - *id003
    K:
    - - !!python/object/apply:numpy.core.multiarray.scalar
        - *id002
        - !!binary |
          AQS+Qt5ExUA=
      - 500
      - 3000
    - - 1e8
      - 1189
      - 1189
    eps:
    - - !!python/object/apply:numpy.core.multiarray.scalar
        - *id002
        - !!binary |
          ncmkdiN+7j8=
      - 0.75
      - 1.0
    - - 0.94
      - 1189
      - 1189
    ka:
    - - !!python/object/apply:numpy.core.multiarray.scalar
        - *id002
        - !!binary |
          Lg78INge1D8=
      - 0.1
      - 0.3
    - - !!python/object/apply:numpy.core.multiarray.scalar
        - *id002
        - !!binary |
          rrB3UXykvT8=
      - 1189
      - 1189
    kb:
    - - !!python/object/apply:numpy.core.multiarray.scalar
        - *id002
        - !!binary |
          qCT3fWmxCz8=
      - 0.0
      - 0.0
    - - !!python/object/apply:numpy.core.multiarray.scalar
        - *id002
        - !!binary |
          4PYr6peFMD8=
      - 0.0
      - 0.0
    kc:
    - - 0.0
      - 0.0
      - 0.0
    - - 0.0
      - 0.0
      - 0.0
    kd:
    - - 0.0
      - 0.0
      - 0.0
    - - 0.0
      - 0.0
      - 0.0
    ke:
    - &id004
      - 0
      - 0
      - 1
    - *id004
    nO2:
    - - 0
      - 0
      - 1
    - - 0
      - 1189
      - 1189
    phases:
    - virgin
    - char
    rho:
    - - 1683
      - 1189
      - 1189
    - - 1235
      - 1189
      - 1189
  processParams:
    maxProcesses: 8
    multiprocess: true
  reactionParams:
    A:
    - - !!python/object/apply:numpy.core.multiarray.scalar
        - *id002
        - !!binary |
          AABwa0emnUI=
      - 1e6
      - 1e14
    - - !!python/object/apply:numpy.core.multiarray.scalar
        - *id002
        - !!binary |
          AAAALll2sUI=
      - 1e6
      - 1e14
    E:
    - - !!python/object/apply:numpy.core.multiarray.scalar
        - *id002
        - !!binary |
          AAAAAAD5BUE=
      - 1.2e4
      - 2.0e5
    - - !!python/object/apply:numpy.core.multiarray.scalar
        - *id002
        - !!binary |
          AAAAANAMJEE=
      - 1.2e4
      - 2.0e5
    Hp:
    - - !!python/object/apply:numpy.core.multiarray.scalar
        - *id002
        - !!binary |
          xfDkfxFaBEE=
      - 1e5
      - 1e7
    - - !!python/object/apply:numpy.core.multiarray.scalar
        - *id002
        - !!binary |
          N+4CdfzK+EA=
      - 1e5
      - 1e7
    Xi:
    - - !!python/object/apply:numpy.core.multiarray.scalar
        - *id002
        - !!binary |
          W+M7mF6g4j8=
      - 0
      - 1
    - - !!python/object/apply:numpy.core.multiarray.scalar
        - *id002
        - !!binary |
          wIIdSt0v7z8=
      - 0
      - 1
    n:
    - - !!python/object/apply:numpy.core.multiarray.scalar
        - *id002
        - !!binary |
          gKTbO0XW8z8=
      - 5e-1
      - 4e0
    - - !!python/object/apply:numpy.core.multiarray.scalar
        - *id002
        - !!binary |
          eIFZXCOpCEA=
      - 5e-1
      - 4e0
    nO2:
    - &id005
      - 0
      - 0
      - 1
    - *id005
    prodState:
    - 1
    - 1
    reacState:
    - 0
    - 0
    typeState:
    - 3
    - 3
  reinitializeComplex: false
  restart: false
  resultsDir: ../../../../results/multiReactionCharring/2Reactions/validation/
  systemDir: C:\Users\Fyang\Workspace\optimization\sourceCode\optimizationPython\src
  tga:
    activePhaseVars:
    - C0
    - rho
    activeReactionVars:
    - A
    - E
    - n
    tgaO2: None
    tgaOpt: 1
    weight: 1.0
  thermalPropertyUnits: K
  virtualExperiment: true
Loop	t (s)	Error Min	Error Max	ErrorRel	Comp	Samples
A	 = 8.15e+12,1.92e+13,
C0	 = 1.0,0.0,
Cpa	 = 1093.942990600604,994.8984885461416,
Cpb	 = 0.055615764850180896,0.31884937221317744,
E	 = 1.80e+05,6.57e+05,
Hp	 = 166722.1874483881,101551.7785672479,
K	 = 10889.736411811786,100000000.0,
Value	 = 0.048630361817325746,
Xi	 = 0.5820763562506771,0.9745928237499228,
eps	 = 0.952897769666652,0.94,
ka	 = 0.3143825838198805,0.11579110135034185,
kb	 = 5.282023607439931e-05,0.00025210341316027167,
n	 = 1.2398121202661798,3.082586976510523,
nO2	 = 0.0,0.0,
rho	 = 1683.0,1235.0,
Results saved to C:\Users\Fyang\Workspace\optimization\optimizationPaper\config\multiReactionCharring\2Reactions\validation\../../../../results/multiReactionCharring/2Reactions/validation/charLinear2ReacFTBT10kW_solution.txt
